2017-11-29 14:22:22,293 INFO  [i.deployment.InternalGameLauncher] [] [] [] : Parsed 362 internal flags at startup
2017-11-29 14:22:22,790 INFO  [i.deployment.InternalGameLauncher] [] [] [] : SpatialOS runtime version: 11-20171114T103507Z-cc9d195
2017-11-29 14:22:23,424 INFO  [i.c.c.f.FlagzFieldRegistryUpdater] [] [] [] : Initialized Fabric flagz registry with 11 set fields.
2017-11-29 14:22:24,762 INFO  [i.core.discovery.server.LocalServer] [] [] [] : Registered Service(improbable.fabric.internal.service.StatusDiscoveryInternalService) on 127.0.0.1:5301.
2017-11-29 14:22:24,764 INFO  [i.c.discovery.ServiceDiscoveryImpl] [] [] [] : Status discovery address: host: "127.0.0.1"
port: 5301

2017-11-29 14:22:24,785 INFO  [improbable.module.ModuleNode] [] [] [] : Starting Fabric node as master (IP: 127.0.0.1).
2017-11-29 14:22:24,790 INFO  [i.c.d.client.CheckpointDiscoveryImpl] [] [] [] : Reached a checkpoint: ALL_NODES_STARTED
2017-11-29 14:22:24,792 INFO  [improbable.module.ModuleNode] [] [] [] : Node master has started, waiting for other nodes to reach the same checkpoint.
2017-11-29 14:22:24,792 INFO  [improbable.module.ModuleNode] [] [] [] : All nodes have been started.
2017-11-29 14:22:24,830 INFO  [i.core.discovery.server.PublicServer] [] [] [] : Registered Service(improbable.platform.runtime.ModuleService) on 127.0.0.1:9000.
2017-11-29 14:22:24,863 INFO  [i.core.discovery.server.PublicServer] [] [] [] : Registered Service(improbable.platform.runtime.HealthCheckService) on 127.0.0.1:9001.
2017-11-29 14:22:24,889 INFO  [i.core.discovery.server.LocalServer] [] [] [] : Registered Service(improbable.fabric.internal.service.PerfInternalService) on 127.0.0.1:9002.
2017-11-29 14:22:24,927 INFO  [i.core.discovery.server.LocalServer] [] [] [] : Registered Service(improbable.fabric.internal.service.ContentionInternalService) on 127.0.0.1:9003.
2017-11-29 14:22:24,985 INFO  [i.core.discovery.server.PublicServer] [] [] [] : Registered Service(improbable.platform.runtime.FeatureService) on 127.0.0.1:9004.
2017-11-29 14:22:25,050 INFO  [i.c.config.flagz.WorkerFlagzUpdater] [] [] [] : Initialized worker flagz registry with 0 set fields.
2017-11-29 14:22:25,055 INFO  [improbable.module.ModuleNode] [] [] [] : Using master node configuration loader.
2017-11-29 14:22:25,091 INFO  [i.core.discovery.server.LocalServer] [] [] [] : Registered Service(improbable.fabric.internal.service.NodeConfigurationInternalService) on 127.0.0.1:9005.
2017-11-29 14:22:25,156 INFO  [i.c.c.n.MasterNodeConfigurationLoader] [] [] [] : Using roles [MASTER, GSIM, BRIDGE, WORKER_RUNNER, INSPECTION] for node node_id {
  deployment_id {
    project_id {
      name: "beta_oscar_bacon_891"
    }
    name: "local"
  }
  name: "master"
}
private_ip: "127.0.0.1"
roles: MASTER
roles: GSIM
roles: BRIDGE
roles: WORKER_RUNNER
roles: INSPECTION

2017-11-29 14:22:25,243 INFO  [improbable.core.config.node.GsimGrid] [] [] [] : Created gsim grid configuration of size (1500, 1500) with 1 columns and 1 rows, using gsims of (30, 30) chunks.
2017-11-29 14:22:25,349 INFO  [i.c.c.n.MasterNodeConfigurationLoader] [] [] [] : Original deployment module configuration (before parsing): {deployment_id {
  project_id {
    name: "beta_oscar_bacon_891"
  }
  name: "local"
}
name: "master"
=[ProfilingModule, BridgeModuleOracleModule, BridgeOracleModule, PersistenceModule, ReceptionistModule, RouterModule, GSimModule, BridgeModule, EngineStartupModule, InspectionRestModule]}
2017-11-29 14:22:25,439 INFO  [i.c.c.n.MasterNodeConfigurationLoader] [] [] [] : Master successfully loaded configurations for 1 node(s).
2017-11-29 14:22:25,458 INFO  [improbable.module.ModuleNode] [] [] [] : Loaded node configuration: node_id {
  deployment_id {
    project_id {
      name: "beta_oscar_bacon_891"
    }
    name: "local"
  }
  name: "master"
}
gsim_configurations {
  extent {
    bottom_left {
      x_in_chunks: -15
      z_in_chunks: -15
    }
    top_right {
      x_in_chunks: 15
      z_in_chunks: 15
    }
  }
}
start_router: true
start_bridge_oracle: true
start_bridge_module_oracle: true
start_engine_startup_module: true
start_receptionist_service: true
start_inspection_rest_module: true
start_snapshot_service: true
start_profiling_module: true
bridge_modules: "BridgeModule"
gsim_modules: "GSimModule"

2017-11-29 14:22:25,459 INFO  [improbable.module.ModuleNode] [] [] [] : Using master world extents provider.
2017-11-29 14:22:25,529 INFO  [i.core.discovery.server.LocalServer] [] [] [] : Registered Service(improbable.fabric.internal.service.WorldExtentsInternalService) on 127.0.0.1:9006.
2017-11-29 14:22:25,532 INFO  [i.c.d.g.GlobalCheckpointDiscoveryImpl] [] [] [] : Global checkpoint discovery refreshed checkpoints.
2017-11-29 14:22:25,534 INFO  [i.c.d.g.GlobalServiceDiscoveryImpl] [] [] [] : Global service discovery refreshed 7 server(s) (previously: 0)
2017-11-29 14:22:25,537 INFO  [i.c.world.MasterWorldExtentsProvider] [] [] [] : Successfully initialized world extents with 1 rectangle(s).
2017-11-29 14:22:25,548 INFO  [improbable.module.ModuleNode] [] [] [] : Loaded world extents: WorldExtents{proto=rectangles {
  bottom_left {
    x: -750.0
    z: -750.0
  }
  top_right {
    x: 750.0
    z: 750.0
  }
  is_fully_simulated: true
  responsible_gsim_id {
  }
}
bounding_rectangle {
  bottom_left {
    x: -750.0
    z: -750.0
  }
  top_right {
    x: 750.0
    z: 750.0
  }
  is_fully_simulated: true
}
}
2017-11-29 14:22:25,682 INFO  [i.c.d.g.GlobalServiceDiscoveryImpl] [] [] [] : Global service discovery refreshed 8 server(s) (previously: 7)
2017-11-29 14:22:26,073 INFO  [i.e.schema.ParsedFileDescriptorSet] [] [] [] : Parsed file descriptors of 14 proto files.
2017-11-29 14:22:26,209 INFO  [i.entity.schema.SchemaFactory] [] [] [] : Found components: [improbable.player.ClientConnection, improbable.core.ClientAuthorityCheck, improbable.core.PlayerCreation, improbable.player.PlayerInput, improbable.player.Winning, improbable.core.Rotation, improbable.EntityAcl, improbable.Metadata, improbable.Position, improbable.Persistence, improbable.player.Score, improbable.player.Health, improbable.core.PlayerData]
2017-11-29 14:22:26,250 INFO  [i.entity.schema.SchemaFactory] [] [] [] : Found components: [improbable.core.PlayerData, improbable.player.PlayerInput, improbable.player.Winning, improbable.core.PlayerCreation, improbable.player.Health, improbable.internal.EntityAuthority, improbable.EntityAcl, improbable.Metadata, improbable.Position, improbable.Persistence, improbable.player.Score, improbable.core.Rotation, improbable.core.ClientAuthorityCheck, improbable.player.ClientConnection]
2017-11-29 14:22:26,258 INFO  [improbable.module.ModuleNode] [] [] [] : Successfully loaded schema for entities
2017-11-29 14:22:26,260 INFO  [improbable.module.ModuleNode] [] [] [] : Validating snapshot at startup and determining max entity id
2017-11-29 14:22:26,289 INFO  [i.p.s.storage.LegacySnapshotStorage] [] [] [] : Requesting download URL for Snapshot(local@latest) matching []
2017-11-29 14:22:26,343 INFO  [i.p.s.storage.LegacySnapshotStorage] [] [] [] : Downloading snapshot from http://127.0.0.1:21000/snapshots/20171129142211394
2017-11-29 14:22:26,469 INFO  [improbable.module.ModuleNode] [] [] [] : Determined the first entity id for the id assigner as 12
2017-11-29 14:22:26,484 INFO  [i.core.discovery.server.LocalServer] [] [] [] : Registered Service(improbable.fabric.internal.service.EntityIdInternalService) on 127.0.0.1:9007.
2017-11-29 14:22:26,556 INFO  [i.core.discovery.server.LocalServer] [] [] [] : Registered Service(improbable.fabric.internal.service.WorkerPrestartRegistryInternalService) on 127.0.0.1:9008.
2017-11-29 14:22:26,637 INFO  [i.core.discovery.server.LocalServer] [] [] [] : Registered Service(improbable.fabric.internal.service.RouterLookupInternalService) on 127.0.0.1:9009.
2017-11-29 14:22:26,641 INFO  [i.module.router.ActorSystemFactory$] [] [] [] : Attempting to create ActorSystem akkaFabric with configRecord akkaFabric
2017-11-29 14:22:26,701 INFO  [i.c.d.g.GlobalServiceDiscoveryImpl] [] [] [] : Global service discovery refreshed 11 server(s) (previously: 8)
2017-11-29 14:22:28,301 INFO  [akka.event.slf4j.Slf4jLogger] [] [] [] : Slf4jLogger started
2017-11-29 14:22:32,899 INFO  [i.l.params.LoadbalancerParamsFactory] [] [] [] : Parsed 1 worker loadbalancing configuration(s)
2017-11-29 14:22:32,912 INFO  [i.l.params.LoadbalancerParamsFactory] [] [] [] : Successfully loaded loadbalancing configurations: {UnityWorker=improbable.loadbalancing.params.AutoHexGridLoadbalancerParams@1e2ea153}
2017-11-29 14:22:33,174 INFO  [i.w.a.WorkerAssemblyProviderFactory] [] [] [] : Loaded worker assemblies for these workers types: UnityClient, UnityWorker.
2017-11-29 14:22:33,180 INFO  [improbable.module.ModuleNode] [] [] [] : Loaded worker assemblies: [worker_assembly_id {
  assembly_id {
    project_id {
      name: "beta_oscar_bacon_891"
    }
    name: "local_assembly"
  }
  name {
    name: "UnityClient"
  }
}
bridge_configuration {
  worker_attribute_set {
    attribute {
      name: "visual"
    }
  }
  entity_interest {
    range_entity_interest {
      radius: 200.0
    }
  }
  component_delivery {
    checkout_all_initially: true
  }
}
, worker_assembly_id {
  assembly_id {
    project_id {
      name: "beta_oscar_bacon_891"
    }
    name: "local_assembly"
  }
  name {
    name: "UnityWorker"
  }
}
worker_launch_configuration {
  platform: WINDOWS
  worker_zip {
    command: "UnityWorker@Windows.exe"
    argument: "+projectName"
    argument: "${IMPROBABLE_PROJECT_NAME}"
    argument: "+receptionistIp"
    argument: "${IMPROBABLE_RECEPTIONIST_HOST}"
    argument: "+receptionistPort"
    argument: "${IMPROBABLE_RECEPTIONIST_PORT}"
    argument: "+workerType"
    argument: "${IMPROBABLE_WORKER_NAME}"
    argument: "+workerId"
    argument: "${IMPROBABLE_WORKER_ID}"
    argument: "+useInternalIpForBridge"
    argument: "true"
    argument: "+infraServicesUrl"
    argument: "${IMPROBABLE_API_URL}"
    argument: "+assemblyName"
    argument: "${IMPROBABLE_ASSEMBLY_NAME}"
    argument: "+linkProtocol"
    argument: "RakNet"
    argument: "-logfile"
    argument: "${IMPROBABLE_LOG_FILE}"
    argument: "-batchmode"
    argument: "-nographics"
    worker_location {
      filename: "UnityWorker@Windows.zip"
    }
  }
}
worker_launch_configuration {
  platform: MACOS
  worker_zip {
    command: "UnityWorker@Mac.app/Contents/MacOS/UnityWorker@Mac"
    argument: "+projectName"
    argument: "${IMPROBABLE_PROJECT_NAME}"
    argument: "+receptionistIp"
    argument: "${IMPROBABLE_RECEPTIONIST_HOST}"
    argument: "+receptionistPort"
    argument: "${IMPROBABLE_RECEPTIONIST_PORT}"
    argument: "+workerType"
    argument: "${IMPROBABLE_WORKER_NAME}"
    argument: "+workerId"
    argument: "${IMPROBABLE_WORKER_ID}"
    argument: "+useInternalIpForBridge"
    argument: "true"
    argument: "+infraServicesUrl"
    argument: "${IMPROBABLE_API_URL}"
    argument: "+assemblyName"
    argument: "${IMPROBABLE_ASSEMBLY_NAME}"
    argument: "+linkProtocol"
    argument: "RakNet"
    argument: "-logfile"
    argument: "${IMPROBABLE_LOG_FILE}"
    argument: "-batchmode"
    argument: "-nographics"
    worker_location {
      filename: "UnityWorker@Mac.zip"
    }
  }
}
worker_launch_configuration {
  platform: LINUX
  worker_zip {
    command: "UnityWorker@Linux"
    argument: "+projectName"
    argument: "${IMPROBABLE_PROJECT_NAME}"
    argument: "+receptionistIp"
    argument: "${IMPROBABLE_RECEPTIONIST_HOST}"
    argument: "+receptionistPort"
    argument: "${IMPROBABLE_RECEPTIONIST_PORT}"
    argument: "+workerType"
    argument: "${IMPROBABLE_WORKER_NAME}"
    argument: "+workerId"
    argument: "${IMPROBABLE_WORKER_ID}"
    argument: "+useInternalIpForBridge"
    argument: "true"
    argument: "+infraServicesUrl"
    argument: "${IMPROBABLE_API_URL}"
    argument: "+assemblyName"
    argument: "${IMPROBABLE_ASSEMBLY_NAME}"
    argument: "+linkProtocol"
    argument: "RakNet"
    argument: "-logfile"
    argument: "${IMPROBABLE_LOG_FILE}"
    argument: "-batchmode"
    argument: "-nographics"
    worker_location {
      filename: "UnityWorker@Linux.zip"
    }
  }
}
bridge_configuration {
  worker_attribute_set {
    attribute {
      name: "physics"
    }
  }
  entity_interest {
    range_entity_interest {
      radius: 200.0
    }
  }
  component_delivery {
    checkout_all_initially: true
  }
}
]
2017-11-29 14:22:33,196 INFO  [i.w.assembly.WorkerAssemblyProvider] [] [] [] : Worker configuration for 'UnityClient' does not contain a launch configuration for the current platform 'WINDOWS', so Fabric will not start any managed workers of this type
2017-11-29 14:22:33,202 INFO  [i.w.assembly.WorkerAssemblyProvider] [] [] [] : The following worker configurations do not contain valid managed launch configurations for the current platform WINDOWS, and the runtime will be unable to launch managed workers of this type: [UnityClient]. This is expected for worker types you intend to only connect manually.
2017-11-29 14:22:33,209 INFO  [i.w.permissions.PermissionsFactory] [] [] [] : Created permissions manager with permissions: {UnityWorker=Permissions{{/sys/CreateEntity=, /sys/DeleteEntity=, /sys/EntityQuery={"component":["*"]}}}, UnityClient=Permissions{{/sys/EntityQuery={"component":[]}}}}
2017-11-29 14:22:39,770 INFO  [improbable.module.ModuleNode] [] [] [] : Starting router on master
2017-11-29 14:22:39,789 INFO  [i.core.discovery.server.LocalServer] [] [] [] : Registered Service(improbable.fabric.internal.service.RouterInternalService) on 127.0.0.1:9010.
2017-11-29 14:22:39,791 INFO  [i.c.m.r.RouterInternalServiceImpl] [] [] [] : Attempting to register RouterInternalServiceImpl with RouterLookupInternalService.
2017-11-29 14:22:39,840 INFO  [i.c.m.r.l.RouterLookupInternalServiceImpl] [] [] [] : 1/1 router modules started
2017-11-29 14:22:39,843 INFO  [i.c.m.r.RouterInternalServiceImpl] [] [] [] : Registered RouterInternalServiceImpl with RouterLookupInternalService.
2017-11-29 14:22:39,855 INFO  [improbable.module.ModuleNode] [] [] [] : Attempting to get addresses of all RouterModules from master node
2017-11-29 14:22:39,902 INFO  [improbable.module.ModuleNode] [] [] [] : Got all RouterModules from master node
2017-11-29 14:22:39,970 INFO  [i.core.discovery.server.LocalServer] [] [] [] : Registered Service(improbable.fabric.internal.service.RemoteMessageInternalService) on 127.0.0.1:9011.
2017-11-29 14:22:40,043 INFO  [i.core.discovery.server.LocalServer] [] [] [] : Registered Service(improbable.fabric.internal.service.LocalBrokerInternalService) on 127.0.0.1:9012.
2017-11-29 14:22:40,057 INFO  [improbable.module.ModuleNode] [] [] [] : Waiting for all router modules in the deployment to have started
2017-11-29 14:22:40,066 INFO  [improbable.module.ModuleNode] [] [] [] : All router modules in the deployment started
2017-11-29 14:22:40,316 INFO  [org.eclipse.jetty.server.Server] [] [] [] : jetty-8.y.z-SNAPSHOT
2017-11-29 14:22:40,410 INFO  [o.e.jetty.server.AbstractConnector] [] [] [] : Started SelectChannelConnector@0.0.0.0:5006
2017-11-29 14:22:40,411 INFO  [improbable.http.ServletContainer$] [] [] [] : Servlet container started
2017-11-29 14:22:40,424 INFO  [improbable.module.ModuleNode] [] [] [] : Starting BridgeOracle on master
2017-11-29 14:22:40,464 INFO  [improbable.module.ModuleNode] [] [] [] : Waiting for the BridgeOracle to have started
2017-11-29 14:22:40,658 INFO  [i.c.d.g.GlobalServiceDiscoveryImpl] [] [] [] : Global service discovery refreshed 14 server(s) (previously: 11)
2017-11-29 14:22:41,095 INFO  [i.core.discovery.server.LocalServer] [] [] [] : Registered Service(improbable.fabric.internal.service.BridgeOracleInternalService) on 127.0.0.1:9013.
2017-11-29 14:22:41,642 INFO  [improbable.module.ModuleNode] [] [] [] : Received BridgeOracle started
2017-11-29 14:22:41,642 INFO  [i.c.d.g.GlobalServiceDiscoveryImpl] [] [] [] : Global service discovery refreshed 15 server(s) (previously: 14)
2017-11-29 14:22:41,657 INFO  [i.core.discovery.server.LocalServer] [] [] [] : Registered Service(improbable.fabric.internal.service.GlobalBrokerInternalService) on 127.0.0.1:9014.
2017-11-29 14:22:41,660 INFO  [improbable.module.ModuleNode] [] [] [] : Waiting for the BridgeModuleOracle to have started
2017-11-29 14:22:41,667 INFO  [i.c.a.e.ExtensibleActorReporter] [] [] [] : Started BridgeModuleOracleActor(Actor[akka://akkaFabric/user/BridgeModuleOracleModule#-1747368221]).
2017-11-29 14:22:41,695 INFO  [i.core.discovery.server.LocalServer] [] [] [] : Registered Service(improbable.fabric.internal.service.BridgeServiceOracleInternalService) on 127.0.0.1:9015.
2017-11-29 14:22:42,643 INFO  [improbable.module.ModuleNode] [] [] [] : Received BridgeModuleOracle started
2017-11-29 14:22:42,643 INFO  [i.c.d.g.GlobalServiceDiscoveryImpl] [] [] [] : Global service discovery refreshed 17 server(s) (previously: 15)
2017-11-29 14:22:42,654 INFO  [improbable.module.ModuleNode] [] [] [] : Starting gsim GSimModule
2017-11-29 14:22:42,669 INFO  [improbable.module.ModuleNode] [] [] [] : Waiting for 1 entity query service(s) to start.
2017-11-29 14:22:42,718 INFO  [i.core.discovery.server.LocalServer] [] [] [] : Registered Service(improbable.fabric.internal.service.LocalSnapshotInternalService) on 127.0.0.1:9016.
2017-11-29 14:22:42,849 INFO  [i.p.gsim.GSimPersistenceWriter] [] [] [] : Transitioning GSimPersistenceActor(0) from State [Idle] to [Idle].  Time Elapsed: 2 milliseconds
2017-11-29 14:22:42,858 INFO  [i.core.discovery.server.PublicServer] [] [] [] : Registered Service(improbable.fabric.internal.service.ScalingStatsInternalService) on 127.0.0.1:9017.
2017-11-29 14:22:42,902 INFO  [i.core.discovery.server.LocalServer] [] [] [] : Registered Service(improbable.fabric.internal.service.EntityQueryInternalService) on 127.0.0.1:9018.
2017-11-29 14:22:43,068 INFO  [i.bridge.oracle.scaling.WorkerScaler] [] [] [] : Skipping reconciliation because no WorkerRunner service is available. This message is expected at startup but should not persist through the deployment
2017-11-29 14:22:43,778 INFO  [i.c.d.g.GlobalServiceDiscoveryImpl] [] [] [] : Global service discovery refreshed 20 server(s) (previously: 17)
2017-11-29 14:22:43,779 INFO  [improbable.module.ModuleNode] [] [] [] : All 1 entity query service(s) have started.
2017-11-29 14:22:43,784 INFO  [improbable.module.ModuleNode] [] [] [] : Creating entity query client.
2017-11-29 14:22:44,673 INFO  [improbable.module.ModuleNode] [] [] [] : Entity query client created with directory: EntityQueryServiceDirectory{allServices=[EntityQueryInternalServiceInfo{address=host: "127.0.0.1"
port: 9018
, extent=Rectangle{minX=-750.0, minZ=-750.0, maxX=750.0, maxZ=750.0}, isLocal=true}], localServices=[EntityQueryInternalServiceInfo{address=host: "127.0.0.1"
port: 9018
, extent=Rectangle{minX=-750.0, minZ=-750.0, maxX=750.0, maxZ=750.0}, isLocal=true}], remoteServices=[]}
2017-11-29 14:22:44,693 INFO  [improbable.module.ModuleNode] [] [] [] : Waiting for 1 bridge service(s) to start.
2017-11-29 14:22:45,054 INFO  [i.c.a.e.ExtensibleActorReporter] [] [] [] : Started BridgeModuleActor(Actor[akka://akkaFabric/user/BridgeModule:5fe53c92-718c-4c6c-be3f-ed08cc366af7#-467312489]).
2017-11-29 14:22:45,058 INFO  [i.bridge.oracle.scaling.WorkerScaler] [] [] [] : Skipping reconciliation because no WorkerRunner service is available. This message is expected at startup but should not persist through the deployment
2017-11-29 14:22:45,117 INFO  [i.core.discovery.server.LocalServer] [] [] [] : Registered Service(improbable.fabric.internal.service.BridgeInternalService) on 127.0.0.1:9019.
2017-11-29 14:22:45,119 INFO  [i.module.bridge.BridgeModuleActor] [] [] [] : Waiting for BridgeModuleOracle service to be available
2017-11-29 14:22:45,149 INFO  [i.module.bridge.BridgeModuleActor] [] [] [] : Registered(BridgeModuleEndpoint(5fe53c92-718c-4c6c-be3f-ed08cc366af7)) on BridgeModuleOracleService
2017-11-29 14:22:45,653 INFO  [i.c.d.g.GlobalServiceDiscoveryImpl] [] [] [] : Global service discovery refreshed 21 server(s) (previously: 20)
2017-11-29 14:22:45,654 INFO  [improbable.module.ModuleNode] [] [] [] : All 1 bridge service(s) have started.
2017-11-29 14:22:45,655 INFO  [improbable.module.ModuleNode] [] [] [] : Starting WorkerRunner service (EngineStartupModule)
2017-11-29 14:22:45,668 INFO  [improbable.worker.exec.WorkerStats] [] [] [] : Cannot read /proc/self/stat; worker stats reporting will not work.
2017-11-29 14:22:45,701 INFO  [i.core.discovery.server.PublicServer] [] [] [] : Registered Service(improbable.platform.inner.worker.WorkerRunner) on 127.0.0.1:9020.
2017-11-29 14:22:45,739 INFO  [i.core.discovery.server.LocalServer] [] [] [] : Registered Service(improbable.fabric.internal.service.ReceptionistInternalService) on 127.0.0.1:9021.
2017-11-29 14:22:45,753 INFO  [i.g.c.r.LocalHeatmapCacheUpdater] [] [] [] : The chunk oracle failed to find the heatmap cell cache service in service discovery. It will try again later
java.lang.IllegalArgumentException: Could not find service with name: improbable.fabric.internal.debug.HeatmapCellCacheInternalService
	at improbable.core.discovery.ServiceDiscoveryImpl.getServiceAddressOrThrow(ServiceDiscoveryImpl.scala:225) ~[fabric__runtime_deploy.jar:na]
	at improbable.gsim.chunk.reporting.LocalHeatmapCacheUpdater.reportChunkCounts(LocalHeatmapCacheUpdater.java:93) ~[fabric__runtime_deploy.jar:na]
	at improbable.common.async.FabricListeningExecutorService.lambda$instrumentRunnable$0(FabricListeningExecutorService.java:133) ~[fabric__runtime_deploy.jar:na]
	at com.google.common.util.concurrent.MoreExecutors$ScheduledListeningDecorator$NeverSuccessfulListenableFutureTask.run(MoreExecutors.java:587) ~[fabric__runtime_deploy.jar:na]
	at java.util.concurrent.Executors$RunnableAdapter.call(Unknown Source) ~[na:1.8.0_151]
	at java.util.concurrent.FutureTask.runAndReset(Unknown Source) ~[na:1.8.0_151]
	at java.util.concurrent.ScheduledThreadPoolExecutor$ScheduledFutureTask.access$301(Unknown Source) ~[na:1.8.0_151]
	at java.util.concurrent.ScheduledThreadPoolExecutor$ScheduledFutureTask.run(Unknown Source) ~[na:1.8.0_151]
	at java.util.concurrent.ThreadPoolExecutor.runWorker(Unknown Source) ~[na:1.8.0_151]
	at java.util.concurrent.ThreadPoolExecutor$Worker.run(Unknown Source) ~[na:1.8.0_151]
	at java.lang.Thread.run(Unknown Source) ~[na:1.8.0_151]
2017-11-29 14:22:45,765 INFO  [i.core.discovery.server.PublicServer] [] [] [] : Registered Service(improbable.platform.runtime.ReceptionistService) on 127.0.0.1:7777.
2017-11-29 14:22:45,766 INFO  [improbable.module.ModuleNode] [] [] [] : Starting InspectionRestModule
2017-11-29 14:22:45,769 INFO  [improbable.module.ModuleNode] [] [] [] : Starting ProfilingModule
2017-11-29 14:22:45,773 INFO  [i.c.d.client.CheckpointDiscoveryImpl] [] [] [] : Reached a checkpoint: ALL_MODULES_STARTED
2017-11-29 14:22:45,775 INFO  [improbable.module.ModuleNode] [] [] [] : All modules on this node started, waiting for other nodes to reach the same checkpoint.
2017-11-29 14:22:45,789 INFO  [i.c.a.e.ExtensibleActorReporter] [] [] [] : Started ProfilingModuleActor(Actor[akka://akkaFabric/user/ProfilingModule#1635682071]).
2017-11-29 14:22:45,801 INFO  [i.core.discovery.server.LocalServer] [] [] [] : Registered Service(improbable.fabric.internal.debug.HeatmapCellCacheInternalService) on 127.0.0.1:9022.
2017-11-29 14:22:45,883 INFO  [i.core.discovery.server.PublicServer] [] [] [] : Registered Service(improbable.platform.runtime.InspectionService) on 127.0.0.1:9023.
2017-11-29 14:22:46,018 INFO  [i.c.a.e.ExtensibleActorReporter] [] [] [] : Started InspectionRestModuleActor(Actor[akka://akkaFabric/user/InspectionRestModule#-197232733]).
2017-11-29 14:22:46,663 INFO  [i.c.d.g.GlobalCheckpointDiscoveryImpl] [] [] [] : Global checkpoint discovery refreshed checkpoints.
2017-11-29 14:22:46,665 INFO  [improbable.module.ModuleNode] [] [] [] : All modules on all nodes have been started.
2017-11-29 14:22:46,674 INFO  [improbable.module.ModuleNode] [] [] [] : Loading a snapshot.
2017-11-29 14:22:46,666 INFO  [i.c.d.g.GlobalServiceDiscoveryImpl] [] [] [] : Global service discovery refreshed 26 server(s) (previously: 21)
2017-11-29 14:22:46,738 INFO  [i.p.g.GSimPersistenceLoadOrchestrator] [] [] [] : Loading snapshot on GSim(0).
2017-11-29 14:22:46,739 INFO  [i.p.s.storage.LegacySnapshotStorage] [] [] [] : Requesting download URL for Snapshot(local@latest) matching []
2017-11-29 14:22:46,762 INFO  [i.p.s.storage.LegacySnapshotStorage] [] [] [] : Downloading snapshot from http://127.0.0.1:21000/snapshots/20171129142211394
2017-11-29 14:22:46,814 INFO  [i.p.gsim.GSimPersistenceLoader] [] [] [] : Loading snapshot
2017-11-29 14:22:46,986 INFO  [i.p.g.GSimPersistenceLoadOrchestrator] [] [] [] : Loaded 11 entities on GSim(0).
2017-11-29 14:22:47,026 WARN  [i.s.ExtendedClassResolver] [] [] [] : KryoId Warning: Kryo will be serializing class improbable.core.messaging.messages.RemotePayloads$LegacyKryoRemoteRequestPayload using full class names, which is very inefficient. Consider extending KryoSerializable to make Kryo use an autogenerated ID.
2017-11-29 14:22:47,052 INFO  [i.p.c.PersistenceLoaderCoordinatorActor] [] [] [] : All Snapshots loaded.
2017-11-29 14:22:47,093 INFO  [improbable.module.ModuleNode] [] [] [] : Snapshot has been loaded.
2017-11-29 14:22:47,093 INFO  [improbable.module.ModuleNode] [] [] [] : Starting SnapshotService.
2017-11-29 14:22:47,154 INFO  [i.core.discovery.server.PublicServer] [] [] [] : Registered Service(improbable.platform.runtime.SnapshotService) on 127.0.0.1:9024.
2017-11-29 14:22:47,155 INFO  [i.c.d.client.CheckpointDiscoveryImpl] [] [] [] : Reached a checkpoint: LOAD_SNAPSHOT_FINISHED
2017-11-29 14:22:47,158 INFO  [improbable.module.ModuleNode] [] [] [] : SpatialOS runtime startup complete.
2017-11-29 14:22:47,212 INFO  [i.l.params.LoadbalancerParamsFactory] [] [] [] : LoadbalancerParams for worker type [UnityWorker]: [AutoHexGridLoadbalancerParams{energyLimitingEnabled=true, energyLimit=1.0E9, minWorkerRange=1500.0, maxWorkerRange=1500.0, maxWorkerStepSize=0.0, workerExpansionTimeMs=60000, workerGridSize=0, loadbalancerEnabled=false, hexGridMode=AUTO, scalerAdvisorType=CONSTANT, maxWorkers=1, initialWorkers=1, numEntitiesPerWorker=9223372036854775807, statusReportPeriodMs=30000, pointsOfInterestEnabled=false, hexGridSolution=AutoValue_HexGridSolution{workersUsed=1, hexagonEdgeLength=1500.0, hexagonOrientation=POINTY_TOP, bounds=Rectangle{minX=-750.0, minZ=-750.0, maxX=750.0, maxZ=750.0}}, pointsOfInterestSolution=Empty}]
2017-11-29 14:22:47,718 INFO  [i.c.d.g.GlobalServiceDiscoveryImpl] [] [] [] : Global service discovery refreshed 27 server(s) (previously: 26)
2017-11-29 14:22:47,720 INFO  [i.c.d.g.GlobalCheckpointDiscoveryImpl] [] [] [] : Global checkpoint discovery refreshed checkpoints.
2017-11-29 14:22:48,087 INFO  [spray.can.server.HttpListener] [akka://akkaFabric/user/IO-HTTP/listener-0] [akkaFabric-akka.actor.default-dispatcher-3] [] : Bound to /0.0.0.0:5005
2017-11-29 14:22:48,319 INFO  [i.b.o.m.BridgeOracleWorkerManager] [] [] [] : Trying to start managed worker UnityWorker0
2017-11-29 14:22:48,445 INFO  [i.bridge.oracle.scaling.WorkerScaler] [] [] [] : Starting 1 new managed workers for attribute_set {
  attribute: "physics"
}
 (required: 1, existing: 0)
2017-11-29 14:22:48,469 INFO  [i.worker.exec.WorkerStartupExecutor] [] [] [] : Awaiting internal receptionist service to register with service discovery
2017-11-29 14:22:48,510 INFO  [i.worker.exec.WorkerStartupExecutor] [] [] [] : Successfully found the internal receptionist service in service discovery
2017-11-29 14:22:48,551 INFO  [i.worker.exec.WorkerStartupExecutor] [] [] [] : Awaiting public receptionist service to register with service discovery
2017-11-29 14:22:48,552 INFO  [i.worker.exec.WorkerStartupExecutor] [] [] [] : Successfully found the public receptionist service in service discovery
2017-11-29 14:22:54,519 WARN  [i.s.ExtendedClassResolver] [] [] [] : KryoId Warning: Kryo will be serializing class improbable.core.messaging.messages.RemotePayloads$LegacyKryoRemoteRequestPayload using full class names, which is very inefficient. Consider extending KryoSerializable to make Kryo use an autogenerated ID.
2017-11-29 14:22:58,418 WARN  [i.worker.exec.RemoteWorkerRunner] [] [] [] : Unable to get status to the worker runner
java.util.concurrent.ExecutionException: io.grpc.StatusRuntimeException: DEADLINE_EXCEEDED
	at com.google.common.util.concurrent.AbstractFuture.getDoneValue(AbstractFuture.java:503) ~[fabric__runtime_deploy.jar:na]
	at com.google.common.util.concurrent.AbstractFuture.get(AbstractFuture.java:482) ~[fabric__runtime_deploy.jar:na]
	at improbable.worker.exec.RemoteWorkerRunner.updateStatus(RemoteWorkerRunner.java:137) ~[fabric__runtime_deploy.jar:na]
	at java.util.concurrent.Executors$RunnableAdapter.call(Unknown Source) ~[na:1.8.0_151]
	at java.util.concurrent.FutureTask.run(Unknown Source) ~[na:1.8.0_151]
	at java.util.concurrent.ScheduledThreadPoolExecutor$ScheduledFutureTask.access$201(Unknown Source) ~[na:1.8.0_151]
	at java.util.concurrent.ScheduledThreadPoolExecutor$ScheduledFutureTask.run(Unknown Source) ~[na:1.8.0_151]
	at java.util.concurrent.ThreadPoolExecutor.runWorker(Unknown Source) ~[na:1.8.0_151]
	at java.util.concurrent.ThreadPoolExecutor$Worker.run(Unknown Source) ~[na:1.8.0_151]
	at java.lang.Thread.run(Unknown Source) ~[na:1.8.0_151]
Caused by: io.grpc.StatusRuntimeException: DEADLINE_EXCEEDED
	at io.grpc.Status.asRuntimeException(Status.java:543) ~[fabric__runtime_deploy.jar:na]
	at io.grpc.stub.ClientCalls$UnaryStreamToFuture.onClose(ClientCalls.java:442) ~[fabric__runtime_deploy.jar:na]
	at io.grpc.ForwardingClientCallListener.onClose(ForwardingClientCallListener.java:56) ~[fabric__runtime_deploy.jar:na]
	at me.dinowernli.grpc.prometheus.MonitoringClientCallListener.onClose(MonitoringClientCallListener.java:50) ~[fabric__runtime_deploy.jar:na]
	at io.grpc.internal.ClientCallImpl.closeObserver(ClientCallImpl.java:426) ~[fabric__runtime_deploy.jar:na]
	at io.grpc.internal.ClientCallImpl.access$100(ClientCallImpl.java:76) ~[fabric__runtime_deploy.jar:na]
	at io.grpc.internal.ClientCallImpl$ClientStreamListenerImpl.close(ClientCallImpl.java:512) ~[fabric__runtime_deploy.jar:na]
	at io.grpc.internal.ClientCallImpl$ClientStreamListenerImpl.access$700(ClientCallImpl.java:429) ~[fabric__runtime_deploy.jar:na]
	at io.grpc.internal.ClientCallImpl$ClientStreamListenerImpl$1StreamClosed.runInContext(ClientCallImpl.java:544) ~[fabric__runtime_deploy.jar:na]
	at io.grpc.internal.ContextRunnable.run(ContextRunnable.java:52) ~[fabric__runtime_deploy.jar:na]
	at io.grpc.internal.SerializingExecutor.run(SerializingExecutor.java:117) ~[fabric__runtime_deploy.jar:na]
	... 3 common frames omitted
2017-11-29 14:23:01,048 WARN  [i.s.ExtendedClassResolver] [] [] [] : KryoId Warning: Kryo will be serializing class improbable.core.messaging.messages.RemotePayloads$LegacyKryoRemoteRequestPayload using full class names, which is very inefficient. Consider extending KryoSerializable to make Kryo use an autogenerated ID.
2017-11-29 14:23:02,924 INFO  [i.worker.exec.WorkerStartupExecutor] [] [] [] : Created log file for worker UnityWorker0, type (UnityWorker): [C:\Users\Erasmo\Documents\GitHub\Game\logs\2017-11-29_14-22-13_0\workers\UnityWorker\UnityWorker0-8699198092336815826.log]
2017-11-29 14:23:02,927 INFO  [i.worker.exec.CommandLineExecutor] [] [] [] : Running command: C:\Users\Erasmo\AppData\Local\Temp\zip-downloader2284856737260443730\62519c15df9cd38ec040d7e70191b819\UnityWorker@Windows.exe +projectName beta_oscar_bacon_891 +receptionistIp 127.0.0.1 +receptionistPort 7777 +workerType UnityWorker +workerId UnityWorker0 +useInternalIpForBridge true +infraServicesUrl http://127.0.0.1:21000 +assemblyName local_assembly +linkProtocol RakNet -logfile C:\Users\Erasmo\Documents\GitHub\Game\logs\2017-11-29_14-22-13_0\workers\UnityWorker\UnityWorker0-8699198092336815826.log -batchmode -nographics
2017-11-29 14:23:03,681 INFO  [i.b.s.BridgeServicePicker] [] [] [] : Attempting to get positionHint for UnityWorker0 via rpc
2017-11-29 14:23:03,688 INFO  [i.b.s.BridgeServicePicker] [] [] [] : Selected legacy_guid: "5fe53c92-718c-4c6c-be3f-ed08cc366af7"
address {
  host: "127.0.0.1"
  port: 9019
}
 with position  which is the nearest bridge service to position (0.0, 0.0, 0.0)
2017-11-29 14:23:03,697 INFO  [i.m.b.o.m.BridgeModuleOracleActor] [] [] [] : BridgeServicePicker returned module Optional[legacy_guid: "5fe53c92-718c-4c6c-be3f-ed08cc366af7"
address {
  host: "127.0.0.1"
  port: 9019
}
] with load Optional[BridgeModuleLoadBalanceInfo((0.0, 0.0, 0.0),0)].get().toString() for Engine(UnityWorker0)
2017-11-29 14:23:03,953 INFO  [i.b.i.BridgeInternalServiceImpl] [] [] [] : Bridge worker_id: "UnityWorker0"
 registered with bridge internal service
2017-11-29 14:23:03,963 INFO  [i.b.o.s.BridgeOracleInternalServiceImpl] [] [] [] : Got bridge started rpc from bridge: worker_id: "UnityWorker0"

2017-11-29 14:23:03,964 INFO  [i.b.o.s.BridgeOracleInternalServiceImpl] [] [] [] : The worker UnityWorker0 registered with SpatialOS successfully.
2017-11-29 14:23:03,965 INFO  [i.module.bridge.oracle.BridgeOracle] [] [] [] : Sending bridge started to self for bridge endpoint BridgeOracleEndpoint
2017-11-29 14:23:03,965 INFO  [i.module.bridge.oracle.BridgeOracle] [] [] [] : Bridge(UnityWorker0) started.
2017-11-29 14:23:03,971 INFO  [i.b.o.m.BridgeOracleWorkerManager] [] [] [] : Worker UnityWorker0 registered with the BridgeOracleWorker manager
2017-11-29 14:23:04,642 INFO  [i.b.n.raknet.GuardedRakPeerInterface] [] [] [] : New RakNet connection established with 127.0.0.1
2017-11-29 14:23:07,567 WARN  [i.s.ExtendedClassResolver] [] [] [] : KryoId Warning: Kryo will be serializing class improbable.core.messaging.messages.RemotePayloads$LegacyKryoRemoteRequestPayload using full class names, which is very inefficient. Consider extending KryoSerializable to make Kryo use an autogenerated ID.
2017-11-29 14:23:14,106 WARN  [i.s.ExtendedClassResolver] [] [] [] : KryoId Warning: Kryo will be serializing class improbable.core.messaging.messages.RemotePayloads$LegacyKryoRemoteRequestPayload using full class names, which is very inefficient. Consider extending KryoSerializable to make Kryo use an autogenerated ID.
2017-11-29 14:23:20,636 WARN  [i.s.ExtendedClassResolver] [] [] [] : KryoId Warning: Kryo will be serializing class improbable.core.messaging.messages.RemotePayloads$LegacyKryoRemoteRequestPayload using full class names, which is very inefficient. Consider extending KryoSerializable to make Kryo use an autogenerated ID.
2017-11-29 14:23:32,477 INFO  [i.b.s.BridgeServicePicker] [] [] [] : Attempting to get positionHint for UnityClient768642f7-0e10-4871-965d-fcc89a56c32c via rpc
2017-11-29 14:23:32,497 INFO  [i.b.s.BridgeServicePicker] [] [] [] : Starting UnityClient768642f7-0e10-4871-965d-fcc89a56c32c without a position hint, so using a random bridge service
2017-11-29 14:23:32,504 INFO  [i.m.b.o.m.BridgeModuleOracleActor] [] [] [] : BridgeServicePicker returned module Optional[legacy_guid: "5fe53c92-718c-4c6c-be3f-ed08cc366af7"
address {
  host: "127.0.0.1"
  port: 9019
}
] with load Optional[BridgeModuleLoadBalanceInfo((0.0, 0.0, 0.0),1)].get().toString() for Engine(UnityClient768642f7-0e10-4871-965d-fcc89a56c32c)
2017-11-29 14:23:32,547 INFO  [i.l.params.LoadbalancerParamsFactory] [] [] [] : LoadbalancerParams for worker type [UnityClient]: [FlagzLoadbalancerParams{energyLimitingEnabled=true, energyLimit=1.0E9, minWorkerRange=Infinity, maxWorkerRange=Infinity, maxWorkerStepSize=50.0, workerExpansionTimeMs=60000, workerGridSize=5, loadbalancerEnabled=true, hexGridMode=OFF, scalerAdvisorType=ENTITY_COUNT, maxWorkers=25, initialWorkers=25, numEntitiesPerWorker=9223372036854775807, statusReportPeriodMs=2000, pointsOfInterestEnabled=false, hexGridSolution=Empty, pointsOfInterestSolution=Empty}]
2017-11-29 14:23:32,566 INFO  [i.b.i.BridgeInternalServiceImpl] [] [] [] : Bridge worker_id: "UnityClient768642f7-0e10-4871-965d-fcc89a56c32c"
 registered with bridge internal service
2017-11-29 14:23:32,578 INFO  [i.b.o.s.BridgeOracleInternalServiceImpl] [] [] [] : Got bridge started rpc from bridge: worker_id: "UnityClient768642f7-0e10-4871-965d-fcc89a56c32c"

2017-11-29 14:23:32,579 INFO  [i.b.o.s.BridgeOracleInternalServiceImpl] [] [] [] : The worker UnityClient768642f7-0e10-4871-965d-fcc89a56c32c registered with SpatialOS successfully.
2017-11-29 14:23:32,594 INFO  [i.module.bridge.oracle.BridgeOracle] [] [] [] : Sending bridge started to self for bridge endpoint BridgeOracleEndpoint
2017-11-29 14:23:32,598 INFO  [i.module.bridge.oracle.BridgeOracle] [] [] [] : Bridge(UnityClient768642f7-0e10-4871-965d-fcc89a56c32c) started.
2017-11-29 14:23:33,261 INFO  [i.b.n.raknet.GuardedRakPeerInterface] [] [] [] : New RakNet connection established with 127.0.0.1
2017-11-29 14:23:33,690 WARN  [i.s.ExtendedClassResolver] [] [] [] : KryoId Warning: Kryo will be serializing class improbable.core.messaging.messages.RemotePayloads$LegacyKryoRemoteRequestPayload using full class names, which is very inefficient. Consider extending KryoSerializable to make Kryo use an autogenerated ID.
2017-11-29 14:23:33,893 WARN  [i.b.logging.EngineLogMessageHandler] [] [] [] : [Worker: UnityClient768642f7-0e10-4871-965d-fcc89a56c32c] Request: Mario
 in UnityEngine.Debug:LogWarning(Object)
Assets.Gamelogic.Core.Bootstrap:RequestPlayerCreation(EntityId) (at Assets/Gamelogic/Core/Bootstrap.cs:79)
Assets.Gamelogic.Core.Bootstrap:OnSuccessfulPlayerCreatorQuery(EntityQueryResult) (at Assets/Gamelogic/Core/Bootstrap.cs:66)
Improbable.Unity.Core.CommandResponseHandler`1:TriggerSuccess(ICommandCallbackResponse`1) (at C:/w/ee9378522cbb9fd1/UnitySdk/Improbable.Unity/Assets/Precompiled/Unity/Commands/CommandResponseHandler.cs:62)
Improbable.Unity.Core.CommandResponseHandler`1:Trigger(ICommandCallbackResponse`1) (at C:/w/ee9378522cbb9fd1/UnitySdk/Improbable.Unity/Assets/Precompiled/Unity/Commands/CommandResponseHandler.cs:48)
Improbable.Unity.Core.CommandCallbackWrapper`1:TriggerWithStatus(StatusCode, Option`1, String) (at C:/w/ee9378522cbb9fd1/UnitySdk/Improbable.Unity/Assets/Precompiled/Unity/Commands/ICommandCallbackWrapper.cs:34)
Improbable.Unity.Core.<CreateOnResponseThunk>c__AnonStorey1D`2:<>m__2F(EntityQueryResponseOp) (at C:/w/ee9378522cbb9fd1/UnitySdk/Improbable.Unity/Assets/Precompiled/Unity/Commands/ComponentCommander.cs:243)
Improbable.Worker.Internal.Callbacks`1:InvokeAll(EntityQueryResponseOp)
Improbable.Worker.Dispatcher:EntityQueryResponseThunk(Void*, EntityQueryResponseOp*)
Improbable.Worker.Internal.WorkerProtocol:Dispatcher_Process(DispatcherHandle, OpListHandle)
Improbable.Worker.Dispatcher:Process(OpList)
Improbable.Unity.Core.ConnectionLifecycle:ProcessEvents() (at Assets/Plugins/Improbable/Sdk/Src/Unity/Core/ConnectionLifecycle.cs:367)
Improbable.Unity.Core.ConnectionLifecycle:Update() (at Assets/Plugins/Improbable/Sdk/Src/Unity/Core/ConnectionLifecycle.cs:149)
 -[WorkerLogger:Unity]
2017-11-29 14:23:35,199 WARN  [i.b.logging.EngineLogMessageHandler] [] [] [] : [Worker: UnityWorker0] The referenced script on this Behaviour (Game Object 'Player') is missing!
 in  -[WorkerLogger:Unity]
2017-11-29 14:23:35,398 WARN  [i.b.logging.EngineLogMessageHandler] [] [] [] : [Worker: UnityWorker0] The referenced script on this Behaviour (Game Object '<null>') is missing!
 in  -[WorkerLogger:Unity]
2017-11-29 14:23:35,399 WARN  [i.b.logging.EngineLogMessageHandler] [] [] [] : [Worker: UnityWorker0] The referenced script on this Behaviour (Game Object 'Player') is missing!
 in  -[WorkerLogger:Unity]
2017-11-29 14:23:35,407 WARN  [i.b.logging.EngineLogMessageHandler] [] [] [] : [Worker: UnityWorker0] The referenced script on this Behaviour (Game Object 'Player') is missing!
 in  -[WorkerLogger:Unity]
2017-11-29 14:23:35,477 ERROR [i.b.logging.EngineLogMessageHandler] [] [] [] : [Worker: UnityWorker0] GetComponentsInChildren returned a null element for GameObject Player(Clone)
 in  -[WorkerLogger:Unity]
2017-11-29 14:23:35,589 WARN  [i.b.logging.EngineLogMessageHandler] [] [] [] : [Worker: UnityClient768642f7-0e10-4871-965d-fcc89a56c32c] The referenced script on this Behaviour is missing!
 in UnityEditor.AssetDatabase:LoadAssetAtPath(String, Type)
Improbable.Unity.EditorTools.Assets.EditorPrefabGameObjectLoader:LoadAsset(String, Action`1, Action`1) (at C:/w/ee9378522cbb9fd1/UnitySdk/Improbable.Unity/Assets/Precompiled/Editor/Assets/EditorPrefabGameObjectLoader.cs:34)
Improbable.Unity.Assets.PrefabGameObjectLoader:LoadAsset(String, Action`1, Action`1) (at Assets/Plugins/Improbable/Sdk/Src/Unity/Assets/PrefabGameObjectLoader.cs:39)
Improbable.Unity.Assets.PreprocessingGameObjectLoader:LoadAsset(String, Action`1, Action`1) (at Assets/Plugins/Improbable/Sdk/Src/Unity/Assets/PreprocessingGameObjectLoader.cs:25)
Improbable.Unity.Assets.CachingAssetDatabase:LoadAsset(String, Action`1, Action`1) (at Assets/Plugins/Improbable/Sdk/Src/Unity/Assets/CachingAssetDatabase.cs:31)
Improbable.Unity.Entity.AssetDatabaseTemplateProvider:PrepareTemplate(String, Action`1, Action`1) (at Assets/Plugins/Improbable/Sdk/Src/Unity/Entity/AssetDatabaseTemplateProvider.cs:25)
Improbable.Unity.Entity.DefaultTemplateProvider:PrepareTemplate(String, Action`1, Action`1) (at Assets/Plugins/Improbable/Sdk/Src/Unity/Assets/DefaultTemplateProvider.cs:123)
Improbable.Unity.Core.LegacyEntityCreator:MakeEntity(EntityId, String, Action`2) (at Assets/Plugins/Improbable/Sdk/Src/Unity/UnityAddons/LegacyEntityPipeline/LegacyEntityCreator.cs:97)
Improbable.Unity.Core.LegacyEntityCreator:AddComponent(AddComponentPipelineOp) (at Assets/Plugins/Improbable/Sdk/Src/Unity/UnityAddons/LegacyEntityPipeline/LegacyEntityCreator.cs:220)
Improbable.Unity.Core.ThrottledEntityDispatcher:AddComponent(AddComponentPipelineOp) (at Assets/Plugins/Improbable/Sdk/Src/Unity/UnityAddons/LegacyEntityPipeline/ThrottledEntityDispatcher.cs:96)
Improbable.Unity.Core.EntityPipelineExtensions:DispatchOp(IEntityPipelineBlock, IEntityPipelineOp) (at C:/w/ee9378522cbb9fd1/UnitySdk/Improbable.Unity/Assets/Precompiled/UnityAddons/EntityPipeline/EntityPipelineExtensions.cs:85)
Improbable.Unity.Core.CriticalSectionPipelineBlock:ReleaseCriticalSectionOps() (at Assets/Plugins/Improbable/Sdk/Src/Unity/UnityAddons/LegacyEntityPipeline/CriticalSectionPipelineBlock.cs:69)
Improbable.Unity.Core.CriticalSectionPipelineBlock:CriticalSection(CriticalSectionPipelineOp) (at Assets/Plugins/Improbable/Sdk/Src/Unity/UnityAddons/LegacyEntityPipeline/CriticalSectionPipelineBlock.cs:49)
Improbable.Unity.Core.EntityPipelineImpl:<RegisterDispatcherCallbacks>m__37(CriticalSectionOp) (at C:/w/ee9378522cbb9fd1/UnitySdk/Improbable.Unity/Assets/Precompiled/UnityAddons/EntityPipeline/EntityPipelineImpl.cs:70)
Improbable.Worker.Internal.Callbacks`1:InvokeAllReverse(CriticalSectionOp)
Improbable.Worker.Dispatcher:CriticalSectionThunk(Void*, CriticalSectionOp*)
Improbable.Worker.Internal.WorkerProtocol:Dispatcher_Process(DispatcherHandle, OpListHandle)
Improbable.Worker.Dispatcher:Process(OpList)
Improbable.Unity.Core.ConnectionLifecycle:ProcessEvents() (at Assets/Plugins/Improbable/Sdk/Src/Unity/Core/ConnectionLifecycle.cs:367)
Improbable.Unity.Core.ConnectionLifecycle:Update() (at Assets/Plugins/Improbable/Sdk/Src/Unity/Core/ConnectionLifecycle.cs:149)
 -[WorkerLogger:Unity]
2017-11-29 14:23:35,768 WARN  [i.b.logging.EngineLogMessageHandler] [] [] [] : [Worker: UnityClient768642f7-0e10-4871-965d-fcc89a56c32c] The referenced script on this Behaviour (Game Object 'Player') is missing!
 in UnityEditor.AssetDatabase:LoadAssetAtPath(String, Type)
Improbable.Unity.EditorTools.Assets.EditorPrefabGameObjectLoader:LoadAsset(String, Action`1, Action`1) (at C:/w/ee9378522cbb9fd1/UnitySdk/Improbable.Unity/Assets/Precompiled/Editor/Assets/EditorPrefabGameObjectLoader.cs:34)
Improbable.Unity.Assets.PrefabGameObjectLoader:LoadAsset(String, Action`1, Action`1) (at Assets/Plugins/Improbable/Sdk/Src/Unity/Assets/PrefabGameObjectLoader.cs:39)
Improbable.Unity.Assets.PreprocessingGameObjectLoader:LoadAsset(String, Action`1, Action`1) (at Assets/Plugins/Improbable/Sdk/Src/Unity/Assets/PreprocessingGameObjectLoader.cs:25)
Improbable.Unity.Assets.CachingAssetDatabase:LoadAsset(String, Action`1, Action`1) (at Assets/Plugins/Improbable/Sdk/Src/Unity/Assets/CachingAssetDatabase.cs:31)
Improbable.Unity.Entity.AssetDatabaseTemplateProvider:PrepareTemplate(String, Action`1, Action`1) (at Assets/Plugins/Improbable/Sdk/Src/Unity/Entity/AssetDatabaseTemplateProvider.cs:25)
Improbable.Unity.Entity.DefaultTemplateProvider:PrepareTemplate(String, Action`1, Action`1) (at Assets/Plugins/Improbable/Sdk/Src/Unity/Assets/DefaultTemplateProvider.cs:123)
Improbable.Unity.Core.LegacyEntityCreator:MakeEntity(EntityId, String, Action`2) (at Assets/Plugins/Improbable/Sdk/Src/Unity/UnityAddons/LegacyEntityPipeline/LegacyEntityCreator.cs:97)
Improbable.Unity.Core.LegacyEntityCreator:AddComponent(AddComponentPipelineOp) (at Assets/Plugins/Improbable/Sdk/Src/Unity/UnityAddons/LegacyEntityPipeline/LegacyEntityCreator.cs:220)
Improbable.Unity.Core.ThrottledEntityDispatcher:AddComponent(AddComponentPipelineOp) (at Assets/Plugins/Improbable/Sdk/Src/Unity/UnityAddons/LegacyEntityPipeline/ThrottledEntityDispatcher.cs:96)
Improbable.Unity.Core.EntityPipelineExtensions:DispatchOp(IEntityPipelineBlock, IEntityPipelineOp) (at C:/w/ee9378522cbb9fd1/UnitySdk/Improbable.Unity/Assets/Precompiled/UnityAddons/EntityPipeline/EntityPipelineExtensions.cs:85)
Improbable.Unity.Core.CriticalSectionPipelineBlock:ReleaseCriticalSectionOps() (at Assets/Plugins/Improbable/Sdk/Src/Unity/UnityAddons/LegacyEntityPipeline/CriticalSectionPipelineBlock.cs:69)
Improbable.Unity.Core.CriticalSectionPipelineBlock:CriticalSection(CriticalSectionPipelineOp) (at Assets/Plugins/Improbable/Sdk/Src/Unity/UnityAddons/LegacyEntityPipeline/CriticalSectionPipelineBlock.cs:49)
Improbable.Unity.Core.EntityPipelineImpl:<RegisterDispatcherCallbacks>m__37(CriticalSectionOp) (at C:/w/ee9378522cbb9fd1/UnitySdk/Improbable.Unity/Assets/Precompiled/UnityAddons/EntityPipeline/EntityPipelineImpl.cs:70)
Improbable.Worker.Internal.Callbacks`1:InvokeAllReverse(CriticalSectionOp)
Improbable.Worker.Dispatcher:CriticalSectionThunk(Void*, CriticalSectionOp*)
Improbable.Worker.Internal.WorkerProtocol:Dispatcher_Process(DispatcherHandle, OpListHandle)
Improbable.Worker.Dispatcher:Process(OpList)
Improbable.Unity.Core.ConnectionLifecycle:ProcessEvents() (at Assets/Plugins/Improbable/Sdk/Src/Unity/Core/ConnectionLifecycle.cs:367)
Improbable.Unity.Core.ConnectionLifecycle:Update() (at Assets/Plugins/Improbable/Sdk/Src/Unity/Core/ConnectionLifecycle.cs:149)
 -[WorkerLogger:Unity]
2017-11-29 14:23:36,900 WARN  [i.b.logging.EngineLogMessageHandler] [] [] [] : [Worker: UnityClient768642f7-0e10-4871-965d-fcc89a56c32c] The referenced script on this Behaviour (Game Object '') is missing!
 in UnityEditor.PrefabUtility:CreatePrefab(String, GameObject)
Improbable.Unity.EditorTools.Assets.EditorPrefabGameObjectLoader:LoadAsset(String, Action`1, Action`1) (at C:/w/ee9378522cbb9fd1/UnitySdk/Improbable.Unity/Assets/Precompiled/Editor/Assets/EditorPrefabGameObjectLoader.cs:36)
Improbable.Unity.Assets.PrefabGameObjectLoader:LoadAsset(String, Action`1, Action`1) (at Assets/Plugins/Improbable/Sdk/Src/Unity/Assets/PrefabGameObjectLoader.cs:39)
Improbable.Unity.Assets.PreprocessingGameObjectLoader:LoadAsset(String, Action`1, Action`1) (at Assets/Plugins/Improbable/Sdk/Src/Unity/Assets/PreprocessingGameObjectLoader.cs:25)
Improbable.Unity.Assets.CachingAssetDatabase:LoadAsset(String, Action`1, Action`1) (at Assets/Plugins/Improbable/Sdk/Src/Unity/Assets/CachingAssetDatabase.cs:31)
Improbable.Unity.Entity.AssetDatabaseTemplateProvider:PrepareTemplate(String, Action`1, Action`1) (at Assets/Plugins/Improbable/Sdk/Src/Unity/Entity/AssetDatabaseTemplateProvider.cs:25)
Improbable.Unity.Entity.DefaultTemplateProvider:PrepareTemplate(String, Action`1, Action`1) (at Assets/Plugins/Improbable/Sdk/Src/Unity/Assets/DefaultTemplateProvider.cs:123)
Improbable.Unity.Core.LegacyEntityCreator:MakeEntity(EntityId, String, Action`2) (at Assets/Plugins/Improbable/Sdk/Src/Unity/UnityAddons/LegacyEntityPipeline/LegacyEntityCreator.cs:97)
Improbable.Unity.Core.LegacyEntityCreator:AddComponent(AddComponentPipelineOp) (at Assets/Plugins/Improbable/Sdk/Src/Unity/UnityAddons/LegacyEntityPipeline/LegacyEntityCreator.cs:220)
Improbable.Unity.Core.ThrottledEntityDispatcher:AddComponent(AddComponentPipelineOp) (at Assets/Plugins/Improbable/Sdk/Src/Unity/UnityAddons/LegacyEntityPipeline/ThrottledEntityDispatcher.cs:96)
Improbable.Unity.Core.EntityPipelineExtensions:DispatchOp(IEntityPipelineBlock, IEntityPipelineOp) (at C:/w/ee9378522cbb9fd1/UnitySdk/Improbable.Unity/Assets/Precompiled/UnityAddons/EntityPipeline/EntityPipelineExtensions.cs:85)
Improbable.Unity.Core.CriticalSectionPipelineBlock:ReleaseCriticalSectionOps() (at Assets/Plugins/Improbable/Sdk/Src/Unity/UnityAddons/LegacyEntityPipeline/CriticalSectionPipelineBlock.cs:69)
Improbable.Unity.Core.CriticalSectionPipelineBlock:CriticalSection(CriticalSectionPipelineOp) (at Assets/Plugins/Improbable/Sdk/Src/Unity/UnityAddons/LegacyEntityPipeline/CriticalSectionPipelineBlock.cs:49)
Improbable.Unity.Core.EntityPipelineImpl:<RegisterDispatcherCallbacks>m__37(CriticalSectionOp) (at C:/w/ee9378522cbb9fd1/UnitySdk/Improbable.Unity/Assets/Precompiled/UnityAddons/EntityPipeline/EntityPipelineImpl.cs:70)
Improbable.Worker.Internal.Callbacks`1:InvokeAllReverse(CriticalSectionOp)
Improbable.Worker.Dispatcher:CriticalSectionThunk(Void*, CriticalSectionOp*)
Improbable.Worker.Internal.WorkerProtocol:Dispatcher_Process(DispatcherHandle, OpListHandle)
Improbable.Worker.Dispatcher:Process(OpList)
Improbable.Unity.Core.ConnectionLifecycle:ProcessEvents() (at Assets/Plugins/Improbable/Sdk/Src/Unity/Core/ConnectionLifecycle.cs:367)
Improbable.Unity.Core.ConnectionLifecycle:Update() (at Assets/Plugins/Improbable/Sdk/Src/Unity/Core/ConnectionLifecycle.cs:149)
 -[WorkerLogger:Unity]
2017-11-29 14:23:36,914 WARN  [i.b.logging.EngineLogMessageHandler] [] [] [] : [Worker: UnityClient768642f7-0e10-4871-965d-fcc89a56c32c] The referenced script on this Behaviour (Game Object 'Player') is missing!
 in UnityEditor.PrefabUtility:CreatePrefab(String, GameObject)
Improbable.Unity.EditorTools.Assets.EditorPrefabGameObjectLoader:LoadAsset(String, Action`1, Action`1) (at C:/w/ee9378522cbb9fd1/UnitySdk/Improbable.Unity/Assets/Precompiled/Editor/Assets/EditorPrefabGameObjectLoader.cs:36)
Improbable.Unity.Assets.PrefabGameObjectLoader:LoadAsset(String, Action`1, Action`1) (at Assets/Plugins/Improbable/Sdk/Src/Unity/Assets/PrefabGameObjectLoader.cs:39)
Improbable.Unity.Assets.PreprocessingGameObjectLoader:LoadAsset(String, Action`1, Action`1) (at Assets/Plugins/Improbable/Sdk/Src/Unity/Assets/PreprocessingGameObjectLoader.cs:25)
Improbable.Unity.Assets.CachingAssetDatabase:LoadAsset(String, Action`1, Action`1) (at Assets/Plugins/Improbable/Sdk/Src/Unity/Assets/CachingAssetDatabase.cs:31)
Improbable.Unity.Entity.AssetDatabaseTemplateProvider:PrepareTemplate(String, Action`1, Action`1) (at Assets/Plugins/Improbable/Sdk/Src/Unity/Entity/AssetDatabaseTemplateProvider.cs:25)
Improbable.Unity.Entity.DefaultTemplateProvider:PrepareTemplate(String, Action`1, Action`1) (at Assets/Plugins/Improbable/Sdk/Src/Unity/Assets/DefaultTemplateProvider.cs:123)
Improbable.Unity.Core.LegacyEntityCreator:MakeEntity(EntityId, String, Action`2) (at Assets/Plugins/Improbable/Sdk/Src/Unity/UnityAddons/LegacyEntityPipeline/LegacyEntityCreator.cs:97)
Improbable.Unity.Core.LegacyEntityCreator:AddComponent(AddComponentPipelineOp) (at Assets/Plugins/Improbable/Sdk/Src/Unity/UnityAddons/LegacyEntityPipeline/LegacyEntityCreator.cs:220)
Improbable.Unity.Core.ThrottledEntityDispatcher:AddComponent(AddComponentPipelineOp) (at Assets/Plugins/Improbable/Sdk/Src/Unity/UnityAddons/LegacyEntityPipeline/ThrottledEntityDispatcher.cs:96)
Improbable.Unity.Core.EntityPipelineExtensions:DispatchOp(IEntityPipelineBlock, IEntityPipelineOp) (at C:/w/ee9378522cbb9fd1/UnitySdk/Improbable.Unity/Assets/Precompiled/UnityAddons/EntityPipeline/EntityPipelineExtensions.cs:85)
Improbable.Unity.Core.CriticalSectionPipelineBlock:ReleaseCriticalSectionOps() (at Assets/Plugins/Improbable/Sdk/Src/Unity/UnityAddons/LegacyEntityPipeline/CriticalSectionPipelineBlock.cs:69)
Improbable.Unity.Core.CriticalSectionPipelineBlock:CriticalSection(CriticalSectionPipelineOp) (at Assets/Plugins/Improbable/Sdk/Src/Unity/UnityAddons/LegacyEntityPipeline/CriticalSectionPipelineBlock.cs:49)
Improbable.Unity.Core.EntityPipelineImpl:<RegisterDispatcherCallbacks>m__37(CriticalSectionOp) (at C:/w/ee9378522cbb9fd1/UnitySdk/Improbable.Unity/Assets/Precompiled/UnityAddons/EntityPipeline/EntityPipelineImpl.cs:70)
Improbable.Worker.Internal.Callbacks`1:InvokeAllReverse(CriticalSectionOp)
Improbable.Worker.Dispatcher:CriticalSectionThunk(Void*, CriticalSectionOp*)
Improbable.Worker.Internal.WorkerProtocol:Dispatcher_Process(DispatcherHandle, OpListHandle)
Improbable.Worker.Dispatcher:Process(OpList)
Improbable.Unity.Core.ConnectionLifecycle:ProcessEvents() (at Assets/Plugins/Improbable/Sdk/Src/Unity/Core/ConnectionLifecycle.cs:367)
Improbable.Unity.Core.ConnectionLifecycle:Update() (at Assets/Plugins/Improbable/Sdk/Src/Unity/Core/ConnectionLifecycle.cs:149)
 -[WorkerLogger:Unity]
2017-11-29 14:23:36,925 WARN  [i.b.logging.EngineLogMessageHandler] [] [] [] : [Worker: UnityClient768642f7-0e10-4871-965d-fcc89a56c32c] The referenced script on this Behaviour (Game Object 'Player') is missing!
 in UnityEditor.PrefabUtility:CreatePrefab(String, GameObject)
Improbable.Unity.EditorTools.Assets.EditorPrefabGameObjectLoader:LoadAsset(String, Action`1, Action`1) (at C:/w/ee9378522cbb9fd1/UnitySdk/Improbable.Unity/Assets/Precompiled/Editor/Assets/EditorPrefabGameObjectLoader.cs:36)
Improbable.Unity.Assets.PrefabGameObjectLoader:LoadAsset(String, Action`1, Action`1) (at Assets/Plugins/Improbable/Sdk/Src/Unity/Assets/PrefabGameObjectLoader.cs:39)
Improbable.Unity.Assets.PreprocessingGameObjectLoader:LoadAsset(String, Action`1, Action`1) (at Assets/Plugins/Improbable/Sdk/Src/Unity/Assets/PreprocessingGameObjectLoader.cs:25)
Improbable.Unity.Assets.CachingAssetDatabase:LoadAsset(String, Action`1, Action`1) (at Assets/Plugins/Improbable/Sdk/Src/Unity/Assets/CachingAssetDatabase.cs:31)
Improbable.Unity.Entity.AssetDatabaseTemplateProvider:PrepareTemplate(String, Action`1, Action`1) (at Assets/Plugins/Improbable/Sdk/Src/Unity/Entity/AssetDatabaseTemplateProvider.cs:25)
Improbable.Unity.Entity.DefaultTemplateProvider:PrepareTemplate(String, Action`1, Action`1) (at Assets/Plugins/Improbable/Sdk/Src/Unity/Assets/DefaultTemplateProvider.cs:123)
Improbable.Unity.Core.LegacyEntityCreator:MakeEntity(EntityId, String, Action`2) (at Assets/Plugins/Improbable/Sdk/Src/Unity/UnityAddons/LegacyEntityPipeline/LegacyEntityCreator.cs:97)
Improbable.Unity.Core.LegacyEntityCreator:AddComponent(AddComponentPipelineOp) (at Assets/Plugins/Improbable/Sdk/Src/Unity/UnityAddons/LegacyEntityPipeline/LegacyEntityCreator.cs:220)
Improbable.Unity.Core.ThrottledEntityDispatcher:AddComponent(AddComponentPipelineOp) (at Assets/Plugins/Improbable/Sdk/Src/Unity/UnityAddons/LegacyEntityPipeline/ThrottledEntityDispatcher.cs:96)
Improbable.Unity.Core.EntityPipelineExtensions:DispatchOp(IEntityPipelineBlock, IEntityPipelineOp) (at C:/w/ee9378522cbb9fd1/UnitySdk/Improbable.Unity/Assets/Precompiled/UnityAddons/EntityPipeline/EntityPipelineExtensions.cs:85)
Improbable.Unity.Core.CriticalSectionPipelineBlock:ReleaseCriticalSectionOps() (at Assets/Plugins/Improbable/Sdk/Src/Unity/UnityAddons/LegacyEntityPipeline/CriticalSectionPipelineBlock.cs:69)
Improbable.Unity.Core.CriticalSectionPipelineBlock:CriticalSection(CriticalSectionPipelineOp) (at Assets/Plugins/Improbable/Sdk/Src/Unity/UnityAddons/LegacyEntityPipeline/CriticalSectionPipelineBlock.cs:49)
Improbable.Unity.Core.EntityPipelineImpl:<RegisterDispatcherCallbacks>m__37(CriticalSectionOp) (at C:/w/ee9378522cbb9fd1/UnitySdk/Improbable.Unity/Assets/Precompiled/UnityAddons/EntityPipeline/EntityPipelineImpl.cs:70)
Improbable.Worker.Internal.Callbacks`1:InvokeAllReverse(CriticalSectionOp)
Improbable.Worker.Dispatcher:CriticalSectionThunk(Void*, CriticalSectionOp*)
Improbable.Worker.Internal.WorkerProtocol:Dispatcher_Process(DispatcherHandle, OpListHandle)
Improbable.Worker.Dispatcher:Process(OpList)
Improbable.Unity.Core.ConnectionLifecycle:ProcessEvents() (at Assets/Plugins/Improbable/Sdk/Src/Unity/Core/ConnectionLifecycle.cs:367)
Improbable.Unity.Core.ConnectionLifecycle:Update() (at Assets/Plugins/Improbable/Sdk/Src/Unity/Core/ConnectionLifecycle.cs:149)
 -[WorkerLogger:Unity]
2017-11-29 14:23:37,205 WARN  [i.b.logging.EngineLogMessageHandler] [] [] [] : [Worker: UnityClient768642f7-0e10-4871-965d-fcc89a56c32c] The referenced script on this Behaviour (Game Object '<null>') is missing!
 in UnityEditor.PrefabUtility:CreatePrefab(String, GameObject)
Improbable.Unity.EditorTools.Assets.EditorPrefabGameObjectLoader:LoadAsset(String, Action`1, Action`1) (at C:/w/ee9378522cbb9fd1/UnitySdk/Improbable.Unity/Assets/Precompiled/Editor/Assets/EditorPrefabGameObjectLoader.cs:36)
Improbable.Unity.Assets.PrefabGameObjectLoader:LoadAsset(String, Action`1, Action`1) (at Assets/Plugins/Improbable/Sdk/Src/Unity/Assets/PrefabGameObjectLoader.cs:39)
Improbable.Unity.Assets.PreprocessingGameObjectLoader:LoadAsset(String, Action`1, Action`1) (at Assets/Plugins/Improbable/Sdk/Src/Unity/Assets/PreprocessingGameObjectLoader.cs:25)
Improbable.Unity.Assets.CachingAssetDatabase:LoadAsset(String, Action`1, Action`1) (at Assets/Plugins/Improbable/Sdk/Src/Unity/Assets/CachingAssetDatabase.cs:31)
Improbable.Unity.Entity.AssetDatabaseTemplateProvider:PrepareTemplate(String, Action`1, Action`1) (at Assets/Plugins/Improbable/Sdk/Src/Unity/Entity/AssetDatabaseTemplateProvider.cs:25)
Improbable.Unity.Entity.DefaultTemplateProvider:PrepareTemplate(String, Action`1, Action`1) (at Assets/Plugins/Improbable/Sdk/Src/Unity/Assets/DefaultTemplateProvider.cs:123)
Improbable.Unity.Core.LegacyEntityCreator:MakeEntity(EntityId, String, Action`2) (at Assets/Plugins/Improbable/Sdk/Src/Unity/UnityAddons/LegacyEntityPipeline/LegacyEntityCreator.cs:97)
Improbable.Unity.Core.LegacyEntityCreator:AddComponent(AddComponentPipelineOp) (at Assets/Plugins/Improbable/Sdk/Src/Unity/UnityAddons/LegacyEntityPipeline/LegacyEntityCreator.cs:220)
Improbable.Unity.Core.ThrottledEntityDispatcher:AddComponent(AddComponentPipelineOp) (at Assets/Plugins/Improbable/Sdk/Src/Unity/UnityAddons/LegacyEntityPipeline/ThrottledEntityDispatcher.cs:96)
Improbable.Unity.Core.EntityPipelineExtensions:DispatchOp(IEntityPipelineBlock, IEntityPipelineOp) (at C:/w/ee9378522cbb9fd1/UnitySdk/Improbable.Unity/Assets/Precompiled/UnityAddons/EntityPipeline/EntityPipelineExtensions.cs:85)
Improbable.Unity.Core.CriticalSectionPipelineBlock:ReleaseCriticalSectionOps() (at Assets/Plugins/Improbable/Sdk/Src/Unity/UnityAddons/LegacyEntityPipeline/CriticalSectionPipelineBlock.cs:69)
Improbable.Unity.Core.CriticalSectionPipelineBlock:CriticalSection(CriticalSectionPipelineOp) (at Assets/Plugins/Improbable/Sdk/Src/Unity/UnityAddons/LegacyEntityPipeline/CriticalSectionPipelineBlock.cs:49)
Improbable.Unity.Core.EntityPipelineImpl:<RegisterDispatcherCallbacks>m__37(CriticalSectionOp) (at C:/w/ee9378522cbb9fd1/UnitySdk/Improbable.Unity/Assets/Precompiled/UnityAddons/EntityPipeline/EntityPipelineImpl.cs:70)
Improbable.Worker.Internal.Callbacks`1:InvokeAllReverse(CriticalSectionOp)
Improbable.Worker.Dispatcher:CriticalSectionThunk(Void*, CriticalSectionOp*)
Improbable.Worker.Internal.WorkerProtocol:Dispatcher_Process(DispatcherHandle, OpListHandle)
Improbable.Worker.Dispatcher:Process(OpList)
Improbable.Unity.Core.ConnectionLifecycle:ProcessEvents() (at Assets/Plugins/Improbable/Sdk/Src/Unity/Core/ConnectionLifecycle.cs:367)
Improbable.Unity.Core.ConnectionLifecycle:Update() (at Assets/Plugins/Improbable/Sdk/Src/Unity/Core/ConnectionLifecycle.cs:149)
 -[WorkerLogger:Unity]
2017-11-29 14:23:37,229 WARN  [i.b.logging.EngineLogMessageHandler] [] [] [] : [Worker: UnityClient768642f7-0e10-4871-965d-fcc89a56c32c] The referenced script on this Behaviour (Game Object 'Player') is missing!
 in UnityEditor.PrefabUtility:CreatePrefab(String, GameObject)
Improbable.Unity.EditorTools.Assets.EditorPrefabGameObjectLoader:LoadAsset(String, Action`1, Action`1) (at C:/w/ee9378522cbb9fd1/UnitySdk/Improbable.Unity/Assets/Precompiled/Editor/Assets/EditorPrefabGameObjectLoader.cs:36)
Improbable.Unity.Assets.PrefabGameObjectLoader:LoadAsset(String, Action`1, Action`1) (at Assets/Plugins/Improbable/Sdk/Src/Unity/Assets/PrefabGameObjectLoader.cs:39)
Improbable.Unity.Assets.PreprocessingGameObjectLoader:LoadAsset(String, Action`1, Action`1) (at Assets/Plugins/Improbable/Sdk/Src/Unity/Assets/PreprocessingGameObjectLoader.cs:25)
Improbable.Unity.Assets.CachingAssetDatabase:LoadAsset(String, Action`1, Action`1) (at Assets/Plugins/Improbable/Sdk/Src/Unity/Assets/CachingAssetDatabase.cs:31)
Improbable.Unity.Entity.AssetDatabaseTemplateProvider:PrepareTemplate(String, Action`1, Action`1) (at Assets/Plugins/Improbable/Sdk/Src/Unity/Entity/AssetDatabaseTemplateProvider.cs:25)
Improbable.Unity.Entity.DefaultTemplateProvider:PrepareTemplate(String, Action`1, Action`1) (at Assets/Plugins/Improbable/Sdk/Src/Unity/Assets/DefaultTemplateProvider.cs:123)
Improbable.Unity.Core.LegacyEntityCreator:MakeEntity(EntityId, String, Action`2) (at Assets/Plugins/Improbable/Sdk/Src/Unity/UnityAddons/LegacyEntityPipeline/LegacyEntityCreator.cs:97)
Improbable.Unity.Core.LegacyEntityCreator:AddComponent(AddComponentPipelineOp) (at Assets/Plugins/Improbable/Sdk/Src/Unity/UnityAddons/LegacyEntityPipeline/LegacyEntityCreator.cs:220)
Improbable.Unity.Core.ThrottledEntityDispatcher:AddComponent(AddComponentPipelineOp) (at Assets/Plugins/Improbable/Sdk/Src/Unity/UnityAddons/LegacyEntityPipeline/ThrottledEntityDispatcher.cs:96)
Improbable.Unity.Core.EntityPipelineExtensions:DispatchOp(IEntityPipelineBlock, IEntityPipelineOp) (at C:/w/ee9378522cbb9fd1/UnitySdk/Improbable.Unity/Assets/Precompiled/UnityAddons/EntityPipeline/EntityPipelineExtensions.cs:85)
Improbable.Unity.Core.CriticalSectionPipelineBlock:ReleaseCriticalSectionOps() (at Assets/Plugins/Improbable/Sdk/Src/Unity/UnityAddons/LegacyEntityPipeline/CriticalSectionPipelineBlock.cs:69)
Improbable.Unity.Core.CriticalSectionPipelineBlock:CriticalSection(CriticalSectionPipelineOp) (at Assets/Plugins/Improbable/Sdk/Src/Unity/UnityAddons/LegacyEntityPipeline/CriticalSectionPipelineBlock.cs:49)
Improbable.Unity.Core.EntityPipelineImpl:<RegisterDispatcherCallbacks>m__37(CriticalSectionOp) (at C:/w/ee9378522cbb9fd1/UnitySdk/Improbable.Unity/Assets/Precompiled/UnityAddons/EntityPipeline/EntityPipelineImpl.cs:70)
Improbable.Worker.Internal.Callbacks`1:InvokeAllReverse(CriticalSectionOp)
Improbable.Worker.Dispatcher:CriticalSectionThunk(Void*, CriticalSectionOp*)
Improbable.Worker.Internal.WorkerProtocol:Dispatcher_Process(DispatcherHandle, OpListHandle)
Improbable.Worker.Dispatcher:Process(OpList)
Improbable.Unity.Core.ConnectionLifecycle:ProcessEvents() (at Assets/Plugins/Improbable/Sdk/Src/Unity/Core/ConnectionLifecycle.cs:367)
Improbable.Unity.Core.ConnectionLifecycle:Update() (at Assets/Plugins/Improbable/Sdk/Src/Unity/Core/ConnectionLifecycle.cs:149)
 -[WorkerLogger:Unity]
2017-11-29 14:23:37,259 WARN  [i.b.logging.EngineLogMessageHandler] [] [] [] : [Worker: UnityClient768642f7-0e10-4871-965d-fcc89a56c32c] The referenced script on this Behaviour (Game Object 'Player') is missing!
 in UnityEditor.PrefabUtility:CreatePrefab(String, GameObject)
Improbable.Unity.EditorTools.Assets.EditorPrefabGameObjectLoader:LoadAsset(String, Action`1, Action`1) (at C:/w/ee9378522cbb9fd1/UnitySdk/Improbable.Unity/Assets/Precompiled/Editor/Assets/EditorPrefabGameObjectLoader.cs:36)
Improbable.Unity.Assets.PrefabGameObjectLoader:LoadAsset(String, Action`1, Action`1) (at Assets/Plugins/Improbable/Sdk/Src/Unity/Assets/PrefabGameObjectLoader.cs:39)
Improbable.Unity.Assets.PreprocessingGameObjectLoader:LoadAsset(String, Action`1, Action`1) (at Assets/Plugins/Improbable/Sdk/Src/Unity/Assets/PreprocessingGameObjectLoader.cs:25)
Improbable.Unity.Assets.CachingAssetDatabase:LoadAsset(String, Action`1, Action`1) (at Assets/Plugins/Improbable/Sdk/Src/Unity/Assets/CachingAssetDatabase.cs:31)
Improbable.Unity.Entity.AssetDatabaseTemplateProvider:PrepareTemplate(String, Action`1, Action`1) (at Assets/Plugins/Improbable/Sdk/Src/Unity/Entity/AssetDatabaseTemplateProvider.cs:25)
Improbable.Unity.Entity.DefaultTemplateProvider:PrepareTemplate(String, Action`1, Action`1) (at Assets/Plugins/Improbable/Sdk/Src/Unity/Assets/DefaultTemplateProvider.cs:123)
Improbable.Unity.Core.LegacyEntityCreator:MakeEntity(EntityId, String, Action`2) (at Assets/Plugins/Improbable/Sdk/Src/Unity/UnityAddons/LegacyEntityPipeline/LegacyEntityCreator.cs:97)
Improbable.Unity.Core.LegacyEntityCreator:AddComponent(AddComponentPipelineOp) (at Assets/Plugins/Improbable/Sdk/Src/Unity/UnityAddons/LegacyEntityPipeline/LegacyEntityCreator.cs:220)
Improbable.Unity.Core.ThrottledEntityDispatcher:AddComponent(AddComponentPipelineOp) (at Assets/Plugins/Improbable/Sdk/Src/Unity/UnityAddons/LegacyEntityPipeline/ThrottledEntityDispatcher.cs:96)
Improbable.Unity.Core.EntityPipelineExtensions:DispatchOp(IEntityPipelineBlock, IEntityPipelineOp) (at C:/w/ee9378522cbb9fd1/UnitySdk/Improbable.Unity/Assets/Precompiled/UnityAddons/EntityPipeline/EntityPipelineExtensions.cs:85)
Improbable.Unity.Core.CriticalSectionPipelineBlock:ReleaseCriticalSectionOps() (at Assets/Plugins/Improbable/Sdk/Src/Unity/UnityAddons/LegacyEntityPipeline/CriticalSectionPipelineBlock.cs:69)
Improbable.Unity.Core.CriticalSectionPipelineBlock:CriticalSection(CriticalSectionPipelineOp) (at Assets/Plugins/Improbable/Sdk/Src/Unity/UnityAddons/LegacyEntityPipeline/CriticalSectionPipelineBlock.cs:49)
Improbable.Unity.Core.EntityPipelineImpl:<RegisterDispatcherCallbacks>m__37(CriticalSectionOp) (at C:/w/ee9378522cbb9fd1/UnitySdk/Improbable.Unity/Assets/Precompiled/UnityAddons/EntityPipeline/EntityPipelineImpl.cs:70)
Improbable.Worker.Internal.Callbacks`1:InvokeAllReverse(CriticalSectionOp)
Improbable.Worker.Dispatcher:CriticalSectionThunk(Void*, CriticalSectionOp*)
Improbable.Worker.Internal.WorkerProtocol:Dispatcher_Process(DispatcherHandle, OpListHandle)
Improbable.Worker.Dispatcher:Process(OpList)
Improbable.Unity.Core.ConnectionLifecycle:ProcessEvents() (at Assets/Plugins/Improbable/Sdk/Src/Unity/Core/ConnectionLifecycle.cs:367)
Improbable.Unity.Core.ConnectionLifecycle:Update() (at Assets/Plugins/Improbable/Sdk/Src/Unity/Core/ConnectionLifecycle.cs:149)
 -[WorkerLogger:Unity]
2017-11-29 14:23:37,783 WARN  [i.b.logging.EngineLogMessageHandler] [] [] [] : [Worker: UnityClient768642f7-0e10-4871-965d-fcc89a56c32c] The referenced script on this Behaviour (Game Object '<null>') is missing!
 in UnityEngine.Object:Instantiate(GameObject, Vector3, Quaternion)
Improbable.Unity.ComponentFactory.UnityPrefabFactory:MakeComponent(GameObject, String) (at C:/w/ee9378522cbb9fd1/UnitySdk/Improbable.Unity/Assets/Precompiled/UnityAddons/LegacyEntityPipeline/ComponentFactory/UnityPrefabFactory.cs:13)
Improbable.Unity.ComponentFactory.PrefabFactoryMetrics:MakeComponent(GameObject, String) (at C:/w/ee9378522cbb9fd1/UnitySdk/Improbable.Unity/Assets/Precompiled/UnityAddons/LegacyEntityPipeline/ComponentFactory/PrefabFactoryMetrics.cs:30)
Improbable.Unity.Core.LegacyEntityCreator:InstantiateEntityObject(EntityId, String) (at Assets/Plugins/Improbable/Sdk/Src/Unity/UnityAddons/LegacyEntityPipeline/LegacyEntityCreator.cs:119)
Improbable.Unity.Core.LegacyEntityCreator:OnMakeEntitySuccess(EntityId, String) (at Assets/Plugins/Improbable/Sdk/Src/Unity/UnityAddons/LegacyEntityPipeline/LegacyEntityCreator.cs:238)
Improbable.Unity.Core.<MakeEntity>c__AnonStorey0:<>m__0(String) (at Assets/Plugins/Improbable/Sdk/Src/Unity/UnityAddons/LegacyEntityPipeline/LegacyEntityCreator.cs:100)
Improbable.Unity.Entity.<PrepareTemplate>c__AnonStorey0:<>m__0(GameObject) (at Assets/Plugins/Improbable/Sdk/Src/Unity/Entity/AssetDatabaseTemplateProvider.cs:25)
Improbable.Unity.Assets.<LoadAsset>c__AnonStorey0:<>m__0(GameObject) (at Assets/Plugins/Improbable/Sdk/Src/Unity/Assets/CachingAssetDatabase.cs:37)
Improbable.Unity.Assets.<LoadAsset>c__AnonStorey0:<>m__0(GameObject) (at Assets/Plugins/Improbable/Sdk/Src/Unity/Assets/PreprocessingGameObjectLoader.cs:28)
Improbable.Unity.EditorTools.Assets.EditorPrefabGameObjectLoader:LoadAsset(String, Action`1, Action`1) (at C:/w/ee9378522cbb9fd1/UnitySdk/Improbable.Unity/Assets/Precompiled/Editor/Assets/EditorPrefabGameObjectLoader.cs:43)
Improbable.Unity.Assets.PrefabGameObjectLoader:LoadAsset(String, Action`1, Action`1) (at Assets/Plugins/Improbable/Sdk/Src/Unity/Assets/PrefabGameObjectLoader.cs:39)
Improbable.Unity.Assets.PreprocessingGameObjectLoader:LoadAsset(String, Action`1, Action`1) (at Assets/Plugins/Improbable/Sdk/Src/Unity/Assets/PreprocessingGameObjectLoader.cs:25)
Improbable.Unity.Assets.CachingAssetDatabase:LoadAsset(String, Action`1, Action`1) (at Assets/Plugins/Improbable/Sdk/Src/Unity/Assets/CachingAssetDatabase.cs:31)
Improbable.Unity.Entity.AssetDatabaseTemplateProvider:PrepareTemplate(String, Action`1, Action`1) (at Assets/Plugins/Improbable/Sdk/Src/Unity/Entity/AssetDatabaseTemplateProvider.cs:25)
Improbable.Unity.Entity.DefaultTemplateProvider:PrepareTemplate(String, Action`1, Action`1) (at Assets/Plugins/Improbable/Sdk/Src/Unity/Assets/DefaultTemplateProvider.cs:123)
Improbable.Unity.Core.LegacyEntityCreator:MakeEntity(EntityId, String, Action`2) (at Assets/Plugins/Improbable/Sdk/Src/Unity/UnityAddons/LegacyEntityPipeline/LegacyEntityCreator.cs:97)
Improbable.Unity.Core.LegacyEntityCreator:AddComponent(AddComponentPipelineOp) (at Assets/Plugins/Improbable/Sdk/Src/Unity/UnityAddons/LegacyEntityPipeline/LegacyEntityCreator.cs:220)
Improbable.Unity.Core.ThrottledEntityDispatcher:AddComponent(AddComponentPipelineOp) (at Assets/Plugins/Improbable/Sdk/Src/Unity/UnityAddons/LegacyEntityPipeline/ThrottledEntityDispatcher.cs:96)
Improbable.Unity.Core.EntityPipelineExtensions:DispatchOp(IEntityPipelineBlock, IEntityPipelineOp) (at C:/w/ee9378522cbb9fd1/UnitySdk/Improbable.Unity/Assets/Precompiled/UnityAddons/EntityPipeline/EntityPipelineExtensions.cs:85)
Improbable.Unity.Core.CriticalSectionPipelineBlock:ReleaseCriticalSectionOps() (at Assets/Plugins/Improbable/Sdk/Src/Unity/UnityAddons/LegacyEntityPipeline/CriticalSectionPipelineBlock.cs:69)
Improbable.Unity.Core.CriticalSectionPipelineBlock:CriticalSection(CriticalSectionPipelineOp) (at Assets/Plugins/Improbable/Sdk/Src/Unity/UnityAddons/LegacyEntityPipeline/CriticalSectionPipelineBlock.cs:49)
Improbable.Unity.Core.EntityPipelineImpl:<RegisterDispatcherCallbacks>m__37(CriticalSectionOp) (at C:/w/ee9378522cbb9fd1/UnitySdk/Improbable.Unity/Assets/Precompiled/UnityAddons/EntityPipeline/EntityPipelineImpl.cs:70)
Improbable.Worker.Internal.Callbacks`1:InvokeAllReverse(CriticalSectionOp)
Improbable.Worker.Dispatcher:CriticalSectionThunk(Void*, CriticalSectionOp*)
Improbable.Worker.Internal.WorkerProtocol:Dispatcher_Process(DispatcherHandle, OpListHandle)
Improbable.Worker.Dispatcher:Process(OpList)
Improbable.Unity.Core.ConnectionLifecycle:ProcessEvents() (at Assets/Plugins/Improbable/Sdk/Src/Unity/Core/ConnectionLifecycle.cs:367)
Improbable.Unity.Core.ConnectionLifecycle:Update() (at Assets/Plugins/Improbable/Sdk/Src/Unity/Core/ConnectionLifecycle.cs:149)
 -[WorkerLogger:Unity]
2017-11-29 14:23:37,786 WARN  [i.b.logging.EngineLogMessageHandler] [] [] [] : [Worker: UnityClient768642f7-0e10-4871-965d-fcc89a56c32c] The referenced script on this Behaviour (Game Object 'Player') is missing!
 in UnityEngine.Object:Instantiate(GameObject, Vector3, Quaternion)
Improbable.Unity.ComponentFactory.UnityPrefabFactory:MakeComponent(GameObject, String) (at C:/w/ee9378522cbb9fd1/UnitySdk/Improbable.Unity/Assets/Precompiled/UnityAddons/LegacyEntityPipeline/ComponentFactory/UnityPrefabFactory.cs:13)
Improbable.Unity.ComponentFactory.PrefabFactoryMetrics:MakeComponent(GameObject, String) (at C:/w/ee9378522cbb9fd1/UnitySdk/Improbable.Unity/Assets/Precompiled/UnityAddons/LegacyEntityPipeline/ComponentFactory/PrefabFactoryMetrics.cs:30)
Improbable.Unity.Core.LegacyEntityCreator:InstantiateEntityObject(EntityId, String) (at Assets/Plugins/Improbable/Sdk/Src/Unity/UnityAddons/LegacyEntityPipeline/LegacyEntityCreator.cs:119)
Improbable.Unity.Core.LegacyEntityCreator:OnMakeEntitySuccess(EntityId, String) (at Assets/Plugins/Improbable/Sdk/Src/Unity/UnityAddons/LegacyEntityPipeline/LegacyEntityCreator.cs:238)
Improbable.Unity.Core.<MakeEntity>c__AnonStorey0:<>m__0(String) (at Assets/Plugins/Improbable/Sdk/Src/Unity/UnityAddons/LegacyEntityPipeline/LegacyEntityCreator.cs:100)
Improbable.Unity.Entity.<PrepareTemplate>c__AnonStorey0:<>m__0(GameObject) (at Assets/Plugins/Improbable/Sdk/Src/Unity/Entity/AssetDatabaseTemplateProvider.cs:25)
Improbable.Unity.Assets.<LoadAsset>c__AnonStorey0:<>m__0(GameObject) (at Assets/Plugins/Improbable/Sdk/Src/Unity/Assets/CachingAssetDatabase.cs:37)
Improbable.Unity.Assets.<LoadAsset>c__AnonStorey0:<>m__0(GameObject) (at Assets/Plugins/Improbable/Sdk/Src/Unity/Assets/PreprocessingGameObjectLoader.cs:28)
Improbable.Unity.EditorTools.Assets.EditorPrefabGameObjectLoader:LoadAsset(String, Action`1, Action`1) (at C:/w/ee9378522cbb9fd1/UnitySdk/Improbable.Unity/Assets/Precompiled/Editor/Assets/EditorPrefabGameObjectLoader.cs:43)
Improbable.Unity.Assets.PrefabGameObjectLoader:LoadAsset(String, Action`1, Action`1) (at Assets/Plugins/Improbable/Sdk/Src/Unity/Assets/PrefabGameObjectLoader.cs:39)
Improbable.Unity.Assets.PreprocessingGameObjectLoader:LoadAsset(String, Action`1, Action`1) (at Assets/Plugins/Improbable/Sdk/Src/Unity/Assets/PreprocessingGameObjectLoader.cs:25)
Improbable.Unity.Assets.CachingAssetDatabase:LoadAsset(String, Action`1, Action`1) (at Assets/Plugins/Improbable/Sdk/Src/Unity/Assets/CachingAssetDatabase.cs:31)
Improbable.Unity.Entity.AssetDatabaseTemplateProvider:PrepareTemplate(String, Action`1, Action`1) (at Assets/Plugins/Improbable/Sdk/Src/Unity/Entity/AssetDatabaseTemplateProvider.cs:25)
Improbable.Unity.Entity.DefaultTemplateProvider:PrepareTemplate(String, Action`1, Action`1) (at Assets/Plugins/Improbable/Sdk/Src/Unity/Assets/DefaultTemplateProvider.cs:123)
Improbable.Unity.Core.LegacyEntityCreator:MakeEntity(EntityId, String, Action`2) (at Assets/Plugins/Improbable/Sdk/Src/Unity/UnityAddons/LegacyEntityPipeline/LegacyEntityCreator.cs:97)
Improbable.Unity.Core.LegacyEntityCreator:AddComponent(AddComponentPipelineOp) (at Assets/Plugins/Improbable/Sdk/Src/Unity/UnityAddons/LegacyEntityPipeline/LegacyEntityCreator.cs:220)
Improbable.Unity.Core.ThrottledEntityDispatcher:AddComponent(AddComponentPipelineOp) (at Assets/Plugins/Improbable/Sdk/Src/Unity/UnityAddons/LegacyEntityPipeline/ThrottledEntityDispatcher.cs:96)
Improbable.Unity.Core.EntityPipelineExtensions:DispatchOp(IEntityPipelineBlock, IEntityPipelineOp) (at C:/w/ee9378522cbb9fd1/UnitySdk/Improbable.Unity/Assets/Precompiled/UnityAddons/EntityPipeline/EntityPipelineExtensions.cs:85)
Improbable.Unity.Core.CriticalSectionPipelineBlock:ReleaseCriticalSectionOps() (at Assets/Plugins/Improbable/Sdk/Src/Unity/UnityAddons/LegacyEntityPipeline/CriticalSectionPipelineBlock.cs:69)
Improbable.Unity.Core.CriticalSectionPipelineBlock:CriticalSection(CriticalSectionPipelineOp) (at Assets/Plugins/Improbable/Sdk/Src/Unity/UnityAddons/LegacyEntityPipeline/CriticalSectionPipelineBlock.cs:49)
Improbable.Unity.Core.EntityPipelineImpl:<RegisterDispatcherCallbacks>m__37(CriticalSectionOp) (at C:/w/ee9378522cbb9fd1/UnitySdk/Improbable.Unity/Assets/Precompiled/UnityAddons/EntityPipeline/EntityPipelineImpl.cs:70)
Improbable.Worker.Internal.Callbacks`1:InvokeAllReverse(CriticalSectionOp)
Improbable.Worker.Dispatcher:CriticalSectionThunk(Void*, CriticalSectionOp*)
Improbable.Worker.Internal.WorkerProtocol:Dispatcher_Process(DispatcherHandle, OpListHandle)
Improbable.Worker.Dispatcher:Process(OpList)
Improbable.Unity.Core.ConnectionLifecycle:ProcessEvents() (at Assets/Plugins/Improbable/Sdk/Src/Unity/Core/ConnectionLifecycle.cs:367)
Improbable.Unity.Core.ConnectionLifecycle:Update() (at Assets/Plugins/Improbable/Sdk/Src/Unity/Core/ConnectionLifecycle.cs:149)
 -[WorkerLogger:Unity]
2017-11-29 14:23:37,802 WARN  [i.b.logging.EngineLogMessageHandler] [] [] [] : [Worker: UnityClient768642f7-0e10-4871-965d-fcc89a56c32c] The referenced script on this Behaviour (Game Object 'Player') is missing!
 in UnityEngine.Object:Instantiate(GameObject, Vector3, Quaternion)
Improbable.Unity.ComponentFactory.UnityPrefabFactory:MakeComponent(GameObject, String) (at C:/w/ee9378522cbb9fd1/UnitySdk/Improbable.Unity/Assets/Precompiled/UnityAddons/LegacyEntityPipeline/ComponentFactory/UnityPrefabFactory.cs:13)
Improbable.Unity.ComponentFactory.PrefabFactoryMetrics:MakeComponent(GameObject, String) (at C:/w/ee9378522cbb9fd1/UnitySdk/Improbable.Unity/Assets/Precompiled/UnityAddons/LegacyEntityPipeline/ComponentFactory/PrefabFactoryMetrics.cs:30)
Improbable.Unity.Core.LegacyEntityCreator:InstantiateEntityObject(EntityId, String) (at Assets/Plugins/Improbable/Sdk/Src/Unity/UnityAddons/LegacyEntityPipeline/LegacyEntityCreator.cs:119)
Improbable.Unity.Core.LegacyEntityCreator:OnMakeEntitySuccess(EntityId, String) (at Assets/Plugins/Improbable/Sdk/Src/Unity/UnityAddons/LegacyEntityPipeline/LegacyEntityCreator.cs:238)
Improbable.Unity.Core.<MakeEntity>c__AnonStorey0:<>m__0(String) (at Assets/Plugins/Improbable/Sdk/Src/Unity/UnityAddons/LegacyEntityPipeline/LegacyEntityCreator.cs:100)
Improbable.Unity.Entity.<PrepareTemplate>c__AnonStorey0:<>m__0(GameObject) (at Assets/Plugins/Improbable/Sdk/Src/Unity/Entity/AssetDatabaseTemplateProvider.cs:25)
Improbable.Unity.Assets.<LoadAsset>c__AnonStorey0:<>m__0(GameObject) (at Assets/Plugins/Improbable/Sdk/Src/Unity/Assets/CachingAssetDatabase.cs:37)
Improbable.Unity.Assets.<LoadAsset>c__AnonStorey0:<>m__0(GameObject) (at Assets/Plugins/Improbable/Sdk/Src/Unity/Assets/PreprocessingGameObjectLoader.cs:28)
Improbable.Unity.EditorTools.Assets.EditorPrefabGameObjectLoader:LoadAsset(String, Action`1, Action`1) (at C:/w/ee9378522cbb9fd1/UnitySdk/Improbable.Unity/Assets/Precompiled/Editor/Assets/EditorPrefabGameObjectLoader.cs:43)
Improbable.Unity.Assets.PrefabGameObjectLoader:LoadAsset(String, Action`1, Action`1) (at Assets/Plugins/Improbable/Sdk/Src/Unity/Assets/PrefabGameObjectLoader.cs:39)
Improbable.Unity.Assets.PreprocessingGameObjectLoader:LoadAsset(String, Action`1, Action`1) (at Assets/Plugins/Improbable/Sdk/Src/Unity/Assets/PreprocessingGameObjectLoader.cs:25)
Improbable.Unity.Assets.CachingAssetDatabase:LoadAsset(String, Action`1, Action`1) (at Assets/Plugins/Improbable/Sdk/Src/Unity/Assets/CachingAssetDatabase.cs:31)
Improbable.Unity.Entity.AssetDatabaseTemplateProvider:PrepareTemplate(String, Action`1, Action`1) (at Assets/Plugins/Improbable/Sdk/Src/Unity/Entity/AssetDatabaseTemplateProvider.cs:25)
Improbable.Unity.Entity.DefaultTemplateProvider:PrepareTemplate(String, Action`1, Action`1) (at Assets/Plugins/Improbable/Sdk/Src/Unity/Assets/DefaultTemplateProvider.cs:123)
Improbable.Unity.Core.LegacyEntityCreator:MakeEntity(EntityId, String, Action`2) (at Assets/Plugins/Improbable/Sdk/Src/Unity/UnityAddons/LegacyEntityPipeline/LegacyEntityCreator.cs:97)
Improbable.Unity.Core.LegacyEntityCreator:AddComponent(AddComponentPipelineOp) (at Assets/Plugins/Improbable/Sdk/Src/Unity/UnityAddons/LegacyEntityPipeline/LegacyEntityCreator.cs:220)
Improbable.Unity.Core.ThrottledEntityDispatcher:AddComponent(AddComponentPipelineOp) (at Assets/Plugins/Improbable/Sdk/Src/Unity/UnityAddons/LegacyEntityPipeline/ThrottledEntityDispatcher.cs:96)
Improbable.Unity.Core.EntityPipelineExtensions:DispatchOp(IEntityPipelineBlock, IEntityPipelineOp) (at C:/w/ee9378522cbb9fd1/UnitySdk/Improbable.Unity/Assets/Precompiled/UnityAddons/EntityPipeline/EntityPipelineExtensions.cs:85)
Improbable.Unity.Core.CriticalSectionPipelineBlock:ReleaseCriticalSectionOps() (at Assets/Plugins/Improbable/Sdk/Src/Unity/UnityAddons/LegacyEntityPipeline/CriticalSectionPipelineBlock.cs:69)
Improbable.Unity.Core.CriticalSectionPipelineBlock:CriticalSection(CriticalSectionPipelineOp) (at Assets/Plugins/Improbable/Sdk/Src/Unity/UnityAddons/LegacyEntityPipeline/CriticalSectionPipelineBlock.cs:49)
Improbable.Unity.Core.EntityPipelineImpl:<RegisterDispatcherCallbacks>m__37(CriticalSectionOp) (at C:/w/ee9378522cbb9fd1/UnitySdk/Improbable.Unity/Assets/Precompiled/UnityAddons/EntityPipeline/EntityPipelineImpl.cs:70)
Improbable.Worker.Internal.Callbacks`1:InvokeAllReverse(CriticalSectionOp)
Improbable.Worker.Dispatcher:CriticalSectionThunk(Void*, CriticalSectionOp*)
Improbable.Worker.Internal.WorkerProtocol:Dispatcher_Process(DispatcherHandle, OpListHandle)
Improbable.Worker.Dispatcher:Process(OpList)
Improbable.Unity.Core.ConnectionLifecycle:ProcessEvents() (at Assets/Plugins/Improbable/Sdk/Src/Unity/Core/ConnectionLifecycle.cs:367)
Improbable.Unity.Core.ConnectionLifecycle:Update() (at Assets/Plugins/Improbable/Sdk/Src/Unity/Core/ConnectionLifecycle.cs:149)
 -[WorkerLogger:Unity]
2017-11-29 14:23:37,843 ERROR [i.b.logging.EngineLogMessageHandler] [] [] [] : [Worker: UnityClient768642f7-0e10-4871-965d-fcc89a56c32c] GetComponentsInChildren returned a null element for GameObject Player(Clone)
 in UnityEngine.Debug:LogErrorFormat(String, Object[])
Improbable.Unity.Visualizer.VisualizerMetadataLookup:ExtractVisualizers(GameObject) (at C:/w/ee9378522cbb9fd1/UnitySdk/Improbable.Unity/Assets/Precompiled/Unity/Visualizer/VisualizerMetadataLookup.cs:257)
Improbable.Unity.Internal.EntityVisualizers:.ctor(EntityId, GameObject) (at C:/w/ee9378522cbb9fd1/UnitySdk/Improbable.Unity/Assets/Precompiled/Unity/Internal/EntityVisualizers.cs:77)
Improbable.Unity.Internal.EntityObject:.ctor(EntityId, GameObject, String, IInterestedComponentUpdaterProvider) (at C:/w/ee9378522cbb9fd1/UnitySdk/Improbable.Unity/Assets/Precompiled/Unity/Internal/EntityObject.cs:39)
Improbable.Unity.Core.LegacyEntityCreator:InstantiateEntityObject(EntityId, String) (at Assets/Plugins/Improbable/Sdk/Src/Unity/UnityAddons/LegacyEntityPipeline/LegacyEntityCreator.cs:121)
Improbable.Unity.Core.LegacyEntityCreator:OnMakeEntitySuccess(EntityId, String) (at Assets/Plugins/Improbable/Sdk/Src/Unity/UnityAddons/LegacyEntityPipeline/LegacyEntityCreator.cs:238)
Improbable.Unity.Core.<MakeEntity>c__AnonStorey0:<>m__0(String) (at Assets/Plugins/Improbable/Sdk/Src/Unity/UnityAddons/LegacyEntityPipeline/LegacyEntityCreator.cs:100)
Improbable.Unity.Entity.<PrepareTemplate>c__AnonStorey0:<>m__0(GameObject) (at Assets/Plugins/Improbable/Sdk/Src/Unity/Entity/AssetDatabaseTemplateProvider.cs:25)
Improbable.Unity.Assets.<LoadAsset>c__AnonStorey0:<>m__0(GameObject) (at Assets/Plugins/Improbable/Sdk/Src/Unity/Assets/CachingAssetDatabase.cs:37)
Improbable.Unity.Assets.<LoadAsset>c__AnonStorey0:<>m__0(GameObject) (at Assets/Plugins/Improbable/Sdk/Src/Unity/Assets/PreprocessingGameObjectLoader.cs:28)
Improbable.Unity.EditorTools.Assets.EditorPrefabGameObjectLoader:LoadAsset(String, Action`1, Action`1) (at C:/w/ee9378522cbb9fd1/UnitySdk/Improbable.Unity/Assets/Precompiled/Editor/Assets/EditorPrefabGameObjectLoader.cs:43)
Improbable.Unity.Assets.PrefabGameObjectLoader:LoadAsset(String, Action`1, Action`1) (at Assets/Plugins/Improbable/Sdk/Src/Unity/Assets/PrefabGameObjectLoader.cs:39)
Improbable.Unity.Assets.PreprocessingGameObjectLoader:LoadAsset(String, Action`1, Action`1) (at Assets/Plugins/Improbable/Sdk/Src/Unity/Assets/PreprocessingGameObjectLoader.cs:25)
Improbable.Unity.Assets.CachingAssetDatabase:LoadAsset(String, Action`1, Action`1) (at Assets/Plugins/Improbable/Sdk/Src/Unity/Assets/CachingAssetDatabase.cs:31)
Improbable.Unity.Entity.AssetDatabaseTemplateProvider:PrepareTemplate(String, Action`1, Action`1) (at Assets/Plugins/Improbable/Sdk/Src/Unity/Entity/AssetDatabaseTemplateProvider.cs:25)
Improbable.Unity.Entity.DefaultTemplateProvider:PrepareTemplate(String, Action`1, Action`1) (at Assets/Plugins/Improbable/Sdk/Src/Unity/Assets/DefaultTemplateProvider.cs:123)
Improbable.Unity.Core.LegacyEntityCreator:MakeEntity(EntityId, String, Action`2) (at Assets/Plugins/Improbable/Sdk/Src/Unity/UnityAddons/LegacyEntityPipeline/LegacyEntityCreator.cs:97)
Improbable.Unity.Core.LegacyEntityCreator:AddComponent(AddComponentPipelineOp) (at Assets/Plugins/Improbable/Sdk/Src/Unity/UnityAddons/LegacyEntityPipeline/LegacyEntityCreator.cs:220)
Improbable.Unity.Core.ThrottledEntityDispatcher:AddComponent(AddComponentPipelineOp) (at Assets/Plugins/Improbable/Sdk/Src/Unity/UnityAddons/LegacyEntityPipeline/ThrottledEntityDispatcher.cs:96)
Improbable.Unity.Core.EntityPipelineExtensions:DispatchOp(IEntityPipelineBlock, IEntityPipelineOp) (at C:/w/ee9378522cbb9fd1/UnitySdk/Improbable.Unity/Assets/Precompiled/UnityAddons/EntityPipeline/EntityPipelineExtensions.cs:85)
Improbable.Unity.Core.CriticalSectionPipelineBlock:ReleaseCriticalSectionOps() (at Assets/Plugins/Improbable/Sdk/Src/Unity/UnityAddons/LegacyEntityPipeline/CriticalSectionPipelineBlock.cs:69)
Improbable.Unity.Core.CriticalSectionPipelineBlock:CriticalSection(CriticalSectionPipelineOp) (at Assets/Plugins/Improbable/Sdk/Src/Unity/UnityAddons/LegacyEntityPipeline/CriticalSectionPipelineBlock.cs:49)
Improbable.Unity.Core.EntityPipelineImpl:<RegisterDispatcherCallbacks>m__37(CriticalSectionOp) (at C:/w/ee9378522cbb9fd1/UnitySdk/Improbable.Unity/Assets/Precompiled/UnityAddons/EntityPipeline/EntityPipelineImpl.cs:70)
Improbable.Worker.Internal.Callbacks`1:InvokeAllReverse(CriticalSectionOp)
Improbable.Worker.Dispatcher:CriticalSectionThunk(Void*, CriticalSectionOp*)
Improbable.Worker.Internal.WorkerProtocol:Dispatcher_Process(DispatcherHandle, OpListHandle)
Improbable.Worker.Dispatcher:Process(OpList)
Improbable.Unity.Core.ConnectionLifecycle:ProcessEvents() (at Assets/Plugins/Improbable/Sdk/Src/Unity/Core/ConnectionLifecycle.cs:367)
Improbable.Unity.Core.ConnectionLifecycle:Update() (at Assets/Plugins/Improbable/Sdk/Src/Unity/Core/ConnectionLifecycle.cs:149)
 -[WorkerLogger:Unity]
2017-11-29 14:23:41,269 WARN  [i.b.logging.EngineLogMessageHandler] [] [] [] : [Worker: UnityClient768642f7-0e10-4871-965d-fcc89a56c32c] CreatePlayer command failed - you probably tried to connect too soon. Try again in a few seconds.
 in UnityEngine.Debug:LogWarning(Object)
Assets.Gamelogic.Core.Bootstrap:OnCreatePlayerFailure(ICommandErrorDetails, EntityId) (at Assets/Gamelogic/Core/Bootstrap.cs:86)
Assets.Gamelogic.Core.<RequestPlayerCreation>c__AnonStorey0:<>m__0(ICommandErrorDetails) (at Assets/Gamelogic/Core/Bootstrap.cs:81)
Improbable.Unity.Core.CommandResponseHandler`1:TriggerFailure(ICommandCallbackResponse`1) (at C:/w/ee9378522cbb9fd1/UnitySdk/Improbable.Unity/Assets/Precompiled/Unity/Commands/CommandResponseHandler.cs:77)
Improbable.Unity.Core.CommandResponseHandler`1:Trigger(ICommandCallbackResponse`1) (at C:/w/ee9378522cbb9fd1/UnitySdk/Improbable.Unity/Assets/Precompiled/Unity/Commands/CommandResponseHandler.cs:52)
Improbable.Unity.Core.CommandCallbackWrapper`1:TriggerWithStatus(StatusCode, Option`1, String) (at C:/w/ee9378522cbb9fd1/UnitySdk/Improbable.Unity/Assets/Precompiled/Unity/Commands/ICommandCallbackWrapper.cs:34)
Improbable.Unity.Core.<CreateOnResponseThunk>c__AnonStorey1D`2:<>m__2F(CommandResponseOp`1) (at C:/w/ee9378522cbb9fd1/UnitySdk/Improbable.Unity/Assets/Precompiled/Unity/Commands/ComponentCommander.cs:243)
Improbable.Worker.<>c__DisplayClassa`1:<OnCommandResponse>b__9(CommandResponseWrapperOp)
Improbable.Worker.Internal.Callbacks`1:InvokeAll(CommandResponseWrapperOp)
Improbable.Worker.Internal.ComponentCallbacks`1:InvokeAll(UInt32, CommandResponseWrapperOp)
Improbable.Worker.Dispatcher:CommandResponseThunk(Void*, CommandResponseOp*)
Improbable.Worker.Internal.WorkerProtocol:Dispatcher_Process(DispatcherHandle, OpListHandle)
Improbable.Worker.Dispatcher:Process(OpList)
Improbable.Unity.Core.ConnectionLifecycle:ProcessEvents() (at Assets/Plugins/Improbable/Sdk/Src/Unity/Core/ConnectionLifecycle.cs:367)
Improbable.Unity.Core.ConnectionLifecycle:Update() (at Assets/Plugins/Improbable/Sdk/Src/Unity/Core/ConnectionLifecycle.cs:149)
 -[WorkerLogger:Unity]
2017-11-29 14:23:57,060 INFO  [i.c.discovery.ServiceDiscoveryImpl] [] [] [] : Shutting down all services
2017-11-29 14:23:57,077 INFO  [i.core.discovery.server.LocalServer] [] [] [] : Stopped Service(improbable.fabric.internal.service.StatusDiscoveryInternalService) on 127.0.0.1:5301.
2017-11-29 14:23:57,079 INFO  [i.core.discovery.server.PublicServer] [] [] [] : Stopped Service(improbable.platform.runtime.ModuleService) on 127.0.0.1:9000.
2017-11-29 14:23:57,082 INFO  [i.core.discovery.server.PublicServer] [] [] [] : Stopped Service(improbable.platform.runtime.HealthCheckService) on 127.0.0.1:9001.
2017-11-29 14:23:57,083 INFO  [i.core.discovery.server.LocalServer] [] [] [] : Stopped Service(improbable.fabric.internal.service.PerfInternalService) on 127.0.0.1:9002.
2017-11-29 14:23:57,125 INFO  [i.core.discovery.server.LocalServer] [] [] [] : Stopped Service(improbable.fabric.internal.service.ContentionInternalService) on 127.0.0.1:9003.
2017-11-29 14:23:57,125 INFO  [i.core.discovery.server.PublicServer] [] [] [] : Stopped Service(improbable.platform.runtime.FeatureService) on 127.0.0.1:9004.
2017-11-29 14:23:57,134 INFO  [i.core.discovery.server.LocalServer] [] [] [] : Stopped Service(improbable.fabric.internal.service.NodeConfigurationInternalService) on 127.0.0.1:9005.
2017-11-29 14:23:57,135 INFO  [i.core.discovery.server.LocalServer] [] [] [] : Stopped Service(improbable.fabric.internal.service.WorldExtentsInternalService) on 127.0.0.1:9006.
2017-11-29 14:23:57,146 INFO  [i.core.discovery.server.LocalServer] [] [] [] : Stopped Service(improbable.fabric.internal.service.EntityIdInternalService) on 127.0.0.1:9007.
2017-11-29 14:23:57,151 INFO  [i.core.discovery.server.LocalServer] [] [] [] : Stopped Service(improbable.fabric.internal.service.WorkerPrestartRegistryInternalService) on 127.0.0.1:9008.
2017-11-29 14:23:57,161 INFO  [i.core.discovery.server.LocalServer] [] [] [] : Stopped Service(improbable.fabric.internal.service.RouterLookupInternalService) on 127.0.0.1:9009.
2017-11-29 14:23:57,165 INFO  [i.core.discovery.server.LocalServer] [] [] [] : Stopped Service(improbable.fabric.internal.service.RouterInternalService) on 127.0.0.1:9010.
2017-11-29 14:23:57,171 INFO  [i.core.discovery.server.LocalServer] [] [] [] : Stopped Service(improbable.fabric.internal.service.RemoteMessageInternalService) on 127.0.0.1:9011.
2017-11-29 14:23:57,172 INFO  [i.core.discovery.server.LocalServer] [] [] [] : Stopped Service(improbable.fabric.internal.service.LocalBrokerInternalService) on 127.0.0.1:9012.
2017-11-29 14:23:57,178 INFO  [i.core.discovery.server.LocalServer] [] [] [] : Stopped Service(improbable.fabric.internal.service.BridgeOracleInternalService) on 127.0.0.1:9013.
2017-11-29 14:23:57,182 INFO  [i.core.discovery.server.LocalServer] [] [] [] : Stopped Service(improbable.fabric.internal.service.GlobalBrokerInternalService) on 127.0.0.1:9014.
2017-11-29 14:23:57,186 INFO  [i.core.discovery.server.LocalServer] [] [] [] : Stopped Service(improbable.fabric.internal.service.BridgeServiceOracleInternalService) on 127.0.0.1:9015.
2017-11-29 14:23:57,187 INFO  [i.core.discovery.server.LocalServer] [] [] [] : Stopped Service(improbable.fabric.internal.service.LocalSnapshotInternalService) on 127.0.0.1:9016.
2017-11-29 14:23:57,196 INFO  [i.core.discovery.server.PublicServer] [] [] [] : Stopped Service(improbable.fabric.internal.service.ScalingStatsInternalService) on 127.0.0.1:9017.
2017-11-29 14:23:57,225 INFO  [i.core.discovery.server.LocalServer] [] [] [] : Stopped Service(improbable.fabric.internal.service.EntityQueryInternalService) on 127.0.0.1:9018.
2017-11-29 14:23:57,232 INFO  [i.core.discovery.server.LocalServer] [] [] [] : Stopped Service(improbable.fabric.internal.service.BridgeInternalService) on 127.0.0.1:9019.
2017-11-29 14:23:57,237 INFO  [i.core.discovery.server.PublicServer] [] [] [] : Stopped Service(improbable.platform.inner.worker.WorkerRunner) on 127.0.0.1:9020.
2017-11-29 14:23:57,256 INFO  [i.core.discovery.server.LocalServer] [] [] [] : Stopped Service(improbable.fabric.internal.service.ReceptionistInternalService) on 127.0.0.1:9021.
2017-11-29 14:23:57,257 INFO  [i.core.discovery.server.PublicServer] [] [] [] : Stopped Service(improbable.platform.runtime.ReceptionistService) on 127.0.0.1:7777.
