2017-11-30 16:24:17,837 INFO  [i.deployment.InternalGameLauncher] [] [] [] : Parsed 353 internal flags at startup
2017-11-30 16:24:17,963 INFO  [i.deployment.InternalGameLauncher] [] [] [] : SpatialOS runtime version: 11-20171129T133416Z-20e0e7c
2017-11-30 16:24:18,105 INFO  [i.c.c.f.FlagzFieldRegistryUpdater] [] [] [] : Initialized Fabric flagz registry with 11 set fields.
2017-11-30 16:24:19,187 INFO  [i.core.discovery.server.LocalServer] [] [] [] : Registered Service(improbable.fabric.internal.service.StatusDiscoveryInternalService) on 127.0.0.1:5301.
2017-11-30 16:24:19,191 INFO  [i.c.discovery.ServiceDiscoveryImpl] [] [] [] : Status discovery address: host: "127.0.0.1"
port: 5301

2017-11-30 16:24:19,194 INFO  [improbable.module.ModuleNode] [] [] [] : Starting Fabric node as master (IP: 127.0.0.1).
2017-11-30 16:24:19,202 INFO  [i.c.d.client.CheckpointDiscoveryImpl] [] [] [] : Reached a checkpoint: ALL_NODES_STARTED
2017-11-30 16:24:19,203 INFO  [improbable.module.ModuleNode] [] [] [] : Node master has started, waiting for other nodes to reach the same checkpoint.
2017-11-30 16:24:19,203 INFO  [improbable.module.ModuleNode] [] [] [] : All nodes have been started.
2017-11-30 16:24:19,208 INFO  [i.core.discovery.server.PublicServer] [] [] [] : Registered Service(improbable.platform.runtime.ModuleService) on 127.0.0.1:9000.
2017-11-30 16:24:19,214 INFO  [i.core.discovery.server.PublicServer] [] [] [] : Registered Service(improbable.platform.runtime.HealthCheckService) on 127.0.0.1:9001.
2017-11-30 16:24:19,219 INFO  [i.core.discovery.server.LocalServer] [] [] [] : Registered Service(improbable.fabric.internal.service.PerfInternalService) on 127.0.0.1:9002.
2017-11-30 16:24:19,225 INFO  [i.core.discovery.server.LocalServer] [] [] [] : Registered Service(improbable.fabric.internal.service.ContentionInternalService) on 127.0.0.1:9003.
2017-11-30 16:24:19,239 INFO  [i.core.discovery.server.PublicServer] [] [] [] : Registered Service(improbable.platform.runtime.FeatureService) on 127.0.0.1:9004.
2017-11-30 16:24:19,256 INFO  [i.c.config.flagz.WorkerFlagzUpdater] [] [] [] : Initialized worker flagz registry with 0 set fields.
2017-11-30 16:24:19,257 INFO  [improbable.module.ModuleNode] [] [] [] : Using master node configuration loader.
2017-11-30 16:24:19,265 INFO  [i.core.discovery.server.LocalServer] [] [] [] : Registered Service(improbable.fabric.internal.service.NodeConfigurationInternalService) on 127.0.0.1:9005.
2017-11-30 16:24:19,280 INFO  [i.c.c.n.MasterNodeConfigurationLoader] [] [] [] : Using roles [MASTER, GSIM, BRIDGE, WORKER_RUNNER, INSPECTION] for node node_id {
  deployment_id {
    project_id {
      name: "beta_oscar_bacon_891"
    }
    name: "local"
  }
  name: "master"
}
private_ip: "127.0.0.1"
roles: MASTER
roles: GSIM
roles: BRIDGE
roles: WORKER_RUNNER
roles: INSPECTION

2017-11-30 16:24:19,294 INFO  [improbable.core.config.node.GsimGrid] [] [] [] : Created gsim grid configuration of size (1500, 1500) with 1 columns and 1 rows, using gsims of (30, 30) chunks.
2017-11-30 16:24:19,303 INFO  [i.c.c.n.MasterNodeConfigurationLoader] [] [] [] : Original deployment module configuration (before parsing): {deployment_id {
  project_id {
    name: "beta_oscar_bacon_891"
  }
  name: "local"
}
name: "master"
=[ProfilingModule, BridgeModuleOracleModule, BridgeOracleModule, PersistenceModule, ReceptionistModule, RouterModule, GSimModule, BridgeModule, EngineStartupModule, InspectionRestModule]}
2017-11-30 16:24:19,315 INFO  [i.c.c.n.MasterNodeConfigurationLoader] [] [] [] : Master successfully loaded configurations for 1 node(s).
2017-11-30 16:24:19,319 INFO  [improbable.module.ModuleNode] [] [] [] : Loaded node configuration: node_id {
  deployment_id {
    project_id {
      name: "beta_oscar_bacon_891"
    }
    name: "local"
  }
  name: "master"
}
gsim_configurations {
  extent {
    bottom_left {
      x_in_chunks: -15
      z_in_chunks: -15
    }
    top_right {
      x_in_chunks: 15
      z_in_chunks: 15
    }
  }
}
start_router: true
start_bridge_oracle: true
start_bridge_module_oracle: true
start_engine_startup_module: true
start_receptionist_service: true
start_inspection_rest_module: true
start_snapshot_service: true
start_profiling_module: true
bridge_modules: "BridgeModule"
gsim_modules: "GSimModule"

2017-11-30 16:24:19,320 INFO  [improbable.module.ModuleNode] [] [] [] : Using master world extents provider.
2017-11-30 16:24:19,330 INFO  [i.core.discovery.server.LocalServer] [] [] [] : Registered Service(improbable.fabric.internal.service.WorldExtentsInternalService) on 127.0.0.1:9006.
2017-11-30 16:24:19,330 INFO  [i.c.world.MasterWorldExtentsProvider] [] [] [] : Successfully initialized world extents with 1 rectangle(s).
2017-11-30 16:24:19,333 INFO  [improbable.module.ModuleNode] [] [] [] : Loaded world extents: WorldExtents{proto=rectangles {
  bottom_left {
    x: -750.0
    z: -750.0
  }
  top_right {
    x: 750.0
    z: 750.0
  }
  is_fully_simulated: true
  responsible_gsim_id {
  }
}
bounding_rectangle {
  bottom_left {
    x: -750.0
    z: -750.0
  }
  top_right {
    x: 750.0
    z: 750.0
  }
  is_fully_simulated: true
}
}
2017-11-30 16:24:19,434 INFO  [i.e.schema.ParsedFileDescriptorSet] [] [] [] : Parsed file descriptors of 15 proto files.
2017-11-30 16:24:19,457 INFO  [i.entity.schema.SchemaFactory] [] [] [] : Found components: [improbable.core.Rotation, improbable.core.PlayerData, improbable.player.Score, improbable.EntityAcl, improbable.Metadata, improbable.Position, improbable.Persistence, improbable.player.Status, improbable.core.PlayerCreation, improbable.player.PlayerInput, improbable.core.ClientAuthorityCheck, improbable.player.ClientConnection, improbable.player.Health]
2017-11-30 16:24:19,464 INFO  [i.entity.schema.SchemaFactory] [] [] [] : Found components: [improbable.EntityAcl, improbable.Metadata, improbable.Position, improbable.Persistence, improbable.internal.EntityAuthority, improbable.core.PlayerCreation, improbable.player.PlayerInput, improbable.player.Score, improbable.core.Rotation, improbable.player.ClientConnection, improbable.core.ClientAuthorityCheck, improbable.core.PlayerData, improbable.player.Status, improbable.player.Health]
2017-11-30 16:24:19,464 INFO  [improbable.module.ModuleNode] [] [] [] : Successfully loaded schema for entities
2017-11-30 16:24:19,465 INFO  [improbable.module.ModuleNode] [] [] [] : Validating snapshot at startup and determining max entity id
2017-11-30 16:24:19,469 INFO  [i.p.s.storage.LegacySnapshotStorage] [] [] [] : Requesting download URL for Snapshot(local@latest) matching []
2017-11-30 16:24:19,481 INFO  [i.p.s.storage.LegacySnapshotStorage] [] [] [] : Downloading snapshot from http://127.0.0.1:21000/snapshots/20171130162413231
2017-11-30 16:24:19,515 INFO  [improbable.module.ModuleNode] [] [] [] : Determined the first entity id for the id assigner as 47
2017-11-30 16:24:19,518 INFO  [i.core.discovery.server.LocalServer] [] [] [] : Registered Service(improbable.fabric.internal.service.EntityIdInternalService) on 127.0.0.1:9007.
2017-11-30 16:24:19,534 INFO  [i.core.discovery.server.LocalServer] [] [] [] : Registered Service(improbable.fabric.internal.service.WorkerPrestartRegistryInternalService) on 127.0.0.1:9008.
2017-11-30 16:24:19,541 INFO  [i.core.discovery.server.LocalServer] [] [] [] : Registered Service(improbable.fabric.internal.service.RouterLookupInternalService) on 127.0.0.1:9009.
2017-11-30 16:24:19,542 INFO  [i.module.router.ActorSystemFactory$] [] [] [] : Attempting to create ActorSystem akkaFabric with configRecord akkaFabric
2017-11-30 16:24:19,793 INFO  [akka.event.slf4j.Slf4jLogger] [] [] [] : Slf4jLogger started
2017-11-30 16:24:20,176 INFO  [i.c.d.g.GlobalCheckpointDiscoveryImpl] [] [] [] : Global checkpoint discovery refreshed checkpoints.
2017-11-30 16:24:20,176 INFO  [i.c.d.g.GlobalServiceDiscoveryImpl] [] [] [] : Global service discovery refreshed 11 server(s) (previously: 0)
2017-11-30 16:24:20,696 INFO  [i.l.params.LoadbalancerParamsFactory] [] [] [] : Parsed 1 worker loadbalancing configuration(s)
2017-11-30 16:24:20,699 INFO  [i.l.params.LoadbalancerParamsFactory] [] [] [] : Successfully loaded loadbalancing configurations: {UnityWorker=improbable.loadbalancing.params.AutoHexGridLoadbalancerParams@78e73f67}
2017-11-30 16:24:20,760 INFO  [i.w.a.WorkerAssemblyProviderFactory] [] [] [] : Loaded worker assemblies for these workers types: UnityClient, UnityWorker.
2017-11-30 16:24:20,761 INFO  [improbable.module.ModuleNode] [] [] [] : Loaded worker assemblies: [worker_assembly_id {
  assembly_id {
    project_id {
      name: "beta_oscar_bacon_891"
    }
    name: "local_assembly"
  }
  name {
    name: "UnityClient"
  }
}
bridge_configuration {
  worker_attribute_set {
    attribute {
      name: "visual"
    }
  }
  entity_interest {
    range_entity_interest {
      radius: 200.0
    }
  }
  component_delivery {
    checkout_all_initially: true
  }
}
, worker_assembly_id {
  assembly_id {
    project_id {
      name: "beta_oscar_bacon_891"
    }
    name: "local_assembly"
  }
  name {
    name: "UnityWorker"
  }
}
worker_launch_configuration {
  platform: WINDOWS
  worker_zip {
    command: "UnityWorker@Windows.exe"
    argument: "+projectName"
    argument: "${IMPROBABLE_PROJECT_NAME}"
    argument: "+receptionistIp"
    argument: "${IMPROBABLE_RECEPTIONIST_HOST}"
    argument: "+receptionistPort"
    argument: "${IMPROBABLE_RECEPTIONIST_PORT}"
    argument: "+workerType"
    argument: "${IMPROBABLE_WORKER_NAME}"
    argument: "+workerId"
    argument: "${IMPROBABLE_WORKER_ID}"
    argument: "+useInternalIpForBridge"
    argument: "true"
    argument: "+infraServicesUrl"
    argument: "${IMPROBABLE_API_URL}"
    argument: "+assemblyName"
    argument: "${IMPROBABLE_ASSEMBLY_NAME}"
    argument: "+linkProtocol"
    argument: "RakNet"
    argument: "-logfile"
    argument: "${IMPROBABLE_LOG_FILE}"
    argument: "-batchmode"
    argument: "-nographics"
    worker_location {
      filename: "UnityWorker@Windows.zip"
    }
  }
}
worker_launch_configuration {
  platform: MACOS
  worker_zip {
    command: "UnityWorker@Mac.app/Contents/MacOS/UnityWorker@Mac"
    argument: "+projectName"
    argument: "${IMPROBABLE_PROJECT_NAME}"
    argument: "+receptionistIp"
    argument: "${IMPROBABLE_RECEPTIONIST_HOST}"
    argument: "+receptionistPort"
    argument: "${IMPROBABLE_RECEPTIONIST_PORT}"
    argument: "+workerType"
    argument: "${IMPROBABLE_WORKER_NAME}"
    argument: "+workerId"
    argument: "${IMPROBABLE_WORKER_ID}"
    argument: "+useInternalIpForBridge"
    argument: "true"
    argument: "+infraServicesUrl"
    argument: "${IMPROBABLE_API_URL}"
    argument: "+assemblyName"
    argument: "${IMPROBABLE_ASSEMBLY_NAME}"
    argument: "+linkProtocol"
    argument: "RakNet"
    argument: "-logfile"
    argument: "${IMPROBABLE_LOG_FILE}"
    argument: "-batchmode"
    argument: "-nographics"
    worker_location {
      filename: "UnityWorker@Mac.zip"
    }
  }
}
worker_launch_configuration {
  platform: LINUX
  worker_zip {
    command: "UnityWorker@Linux"
    argument: "+projectName"
    argument: "${IMPROBABLE_PROJECT_NAME}"
    argument: "+receptionistIp"
    argument: "${IMPROBABLE_RECEPTIONIST_HOST}"
    argument: "+receptionistPort"
    argument: "${IMPROBABLE_RECEPTIONIST_PORT}"
    argument: "+workerType"
    argument: "${IMPROBABLE_WORKER_NAME}"
    argument: "+workerId"
    argument: "${IMPROBABLE_WORKER_ID}"
    argument: "+useInternalIpForBridge"
    argument: "true"
    argument: "+infraServicesUrl"
    argument: "${IMPROBABLE_API_URL}"
    argument: "+assemblyName"
    argument: "${IMPROBABLE_ASSEMBLY_NAME}"
    argument: "+linkProtocol"
    argument: "RakNet"
    argument: "-logfile"
    argument: "${IMPROBABLE_LOG_FILE}"
    argument: "-batchmode"
    argument: "-nographics"
    worker_location {
      filename: "UnityWorker@Linux.zip"
    }
  }
}
bridge_configuration {
  worker_attribute_set {
    attribute {
      name: "physics"
    }
  }
  entity_interest {
    range_entity_interest {
      radius: 200.0
    }
  }
  component_delivery {
    checkout_all_initially: true
  }
}
]
2017-11-30 16:24:20,763 INFO  [i.w.assembly.WorkerAssemblyProvider] [] [] [] : Worker configuration for 'UnityClient' does not contain a launch configuration for the current platform 'WINDOWS', so Fabric will not start any managed workers of this type
2017-11-30 16:24:20,764 INFO  [i.w.assembly.WorkerAssemblyProvider] [] [] [] : The following worker configurations do not contain valid managed launch configurations for the current platform WINDOWS, and the runtime will be unable to launch managed workers of this type: [UnityClient]. This is expected for worker types you intend to only connect manually.
2017-11-30 16:24:20,766 INFO  [i.w.permissions.PermissionsFactory] [] [] [] : Created permissions manager with permissions: {UnityWorker=Permissions{{/sys/CreateEntity=, /sys/DeleteEntity=, /sys/EntityQuery={"component":["*"]}}}, UnityClient=Permissions{{/sys/EntityQuery={"component":[]}}}}
2017-11-30 16:24:22,056 INFO  [improbable.module.ModuleNode] [] [] [] : Starting router on master
2017-11-30 16:24:22,060 INFO  [i.core.discovery.server.LocalServer] [] [] [] : Registered Service(improbable.fabric.internal.service.RouterInternalService) on 127.0.0.1:9010.
2017-11-30 16:24:22,061 INFO  [i.c.m.r.RouterInternalServiceImpl] [] [] [] : Attempting to register RouterInternalServiceImpl with RouterLookupInternalService.
2017-11-30 16:24:22,067 INFO  [i.c.m.r.l.RouterLookupInternalServiceImpl] [] [] [] : 1/1 router modules started
2017-11-30 16:24:22,067 INFO  [i.c.m.r.RouterInternalServiceImpl] [] [] [] : Registered RouterInternalServiceImpl with RouterLookupInternalService.
2017-11-30 16:24:22,068 INFO  [improbable.module.ModuleNode] [] [] [] : Attempting to get addresses of all RouterModules from master node
2017-11-30 16:24:22,075 INFO  [improbable.module.ModuleNode] [] [] [] : Got all RouterModules from master node
2017-11-30 16:24:22,085 INFO  [i.core.discovery.server.LocalServer] [] [] [] : Registered Service(improbable.fabric.internal.service.RemoteMessageInternalService) on 127.0.0.1:9011.
2017-11-30 16:24:22,095 INFO  [i.core.discovery.server.LocalServer] [] [] [] : Registered Service(improbable.fabric.internal.service.LocalBrokerInternalService) on 127.0.0.1:9012.
2017-11-30 16:24:22,097 INFO  [improbable.module.ModuleNode] [] [] [] : Waiting for all router modules in the deployment to have started
2017-11-30 16:24:22,100 INFO  [improbable.module.ModuleNode] [] [] [] : All router modules in the deployment started
2017-11-30 16:24:22,146 INFO  [org.eclipse.jetty.server.Server] [] [] [] : jetty-8.y.z-SNAPSHOT
2017-11-30 16:24:22,155 INFO  [i.c.d.g.GlobalServiceDiscoveryImpl] [] [] [] : Global service discovery refreshed 14 server(s) (previously: 11)
2017-11-30 16:24:22,168 INFO  [o.e.jetty.server.AbstractConnector] [] [] [] : Started SelectChannelConnector@0.0.0.0:5006
2017-11-30 16:24:22,169 INFO  [improbable.http.ServletContainer$] [] [] [] : Servlet container started
2017-11-30 16:24:22,170 INFO  [improbable.module.ModuleNode] [] [] [] : Starting BridgeOracle on master
2017-11-30 16:24:22,178 INFO  [improbable.module.ModuleNode] [] [] [] : Waiting for the BridgeOracle to have started
2017-11-30 16:24:22,219 INFO  [i.core.discovery.server.LocalServer] [] [] [] : Registered Service(improbable.fabric.internal.service.BridgeOracleInternalService) on 127.0.0.1:9013.
2017-11-30 16:24:23,156 INFO  [improbable.module.ModuleNode] [] [] [] : Received BridgeOracle started
2017-11-30 16:24:23,156 INFO  [i.c.d.g.GlobalServiceDiscoveryImpl] [] [] [] : Global service discovery refreshed 15 server(s) (previously: 14)
2017-11-30 16:24:23,161 INFO  [i.core.discovery.server.LocalServer] [] [] [] : Registered Service(improbable.fabric.internal.service.GlobalBrokerInternalService) on 127.0.0.1:9014.
2017-11-30 16:24:23,163 INFO  [improbable.module.ModuleNode] [] [] [] : Waiting for the BridgeModuleOracle to have started
2017-11-30 16:24:23,164 INFO  [i.c.a.e.ExtensibleActorReporter] [] [] [] : Started BridgeModuleOracleActor(Actor[akka://akkaFabric/user/BridgeModuleOracleModule#-1768918048]).
2017-11-30 16:24:23,171 INFO  [i.core.discovery.server.LocalServer] [] [] [] : Registered Service(improbable.fabric.internal.service.BridgeServiceOracleInternalService) on 127.0.0.1:9015.
2017-11-30 16:24:24,157 INFO  [improbable.module.ModuleNode] [] [] [] : Received BridgeModuleOracle started
2017-11-30 16:24:24,157 INFO  [i.c.d.g.GlobalServiceDiscoveryImpl] [] [] [] : Global service discovery refreshed 17 server(s) (previously: 15)
2017-11-30 16:24:24,161 INFO  [improbable.module.ModuleNode] [] [] [] : Starting gsim GSimModule
2017-11-30 16:24:24,165 INFO  [improbable.module.ModuleNode] [] [] [] : Waiting for 1 entity query service(s) to start.
2017-11-30 16:24:24,180 INFO  [i.core.discovery.server.LocalServer] [] [] [] : Registered Service(improbable.fabric.internal.service.LocalSnapshotInternalService) on 127.0.0.1:9016.
2017-11-30 16:24:24,189 INFO  [i.core.discovery.server.PublicServer] [] [] [] : Registered Service(improbable.fabric.internal.service.ScalingStatsInternalService) on 127.0.0.1:9017.
2017-11-30 16:24:24,195 INFO  [i.p.gsim.GSimPersistenceWriter] [] [] [] : Transitioning GSimPersistenceActor(0) from State [Idle] to [Idle].  Time Elapsed: 1 millisecond
2017-11-30 16:24:24,204 INFO  [i.core.discovery.server.LocalServer] [] [] [] : Registered Service(improbable.fabric.internal.service.EntityQueryInternalService) on 127.0.0.1:9018.
2017-11-30 16:24:24,209 INFO  [i.bridge.oracle.scaling.WorkerScaler] [] [] [] : Skipping reconciliation because no WorkerRunner service is available. This message is expected at startup but should not persist through the deployment
2017-11-30 16:24:25,156 INFO  [i.c.d.g.GlobalServiceDiscoveryImpl] [] [] [] : Global service discovery refreshed 20 server(s) (previously: 17)
2017-11-30 16:24:25,156 INFO  [improbable.module.ModuleNode] [] [] [] : All 1 entity query service(s) have started.
2017-11-30 16:24:25,157 INFO  [improbable.module.ModuleNode] [] [] [] : Creating entity query client.
2017-11-30 16:24:25,165 INFO  [improbable.module.ModuleNode] [] [] [] : Entity query client created with directory: EntityQueryServiceDirectory{allServices=[EntityQueryInternalServiceInfo{address=host: "127.0.0.1"
port: 9018
, extent=Rectangle{minX=-750.0, minZ=-750.0, maxX=750.0, maxZ=750.0}, isLocal=true}], localServices=[EntityQueryInternalServiceInfo{address=host: "127.0.0.1"
port: 9018
, extent=Rectangle{minX=-750.0, minZ=-750.0, maxX=750.0, maxZ=750.0}, isLocal=true}], remoteServices=[]}
2017-11-30 16:24:25,170 INFO  [improbable.module.ModuleNode] [] [] [] : Waiting for 1 bridge service(s) to start.
2017-11-30 16:24:25,180 INFO  [i.c.a.e.ExtensibleActorReporter] [] [] [] : Started BridgeModuleActor(Actor[akka://akkaFabric/user/BridgeModule:9f513e58-089e-4f1e-88db-f3baa4d15692#-1495979510]).
2017-11-30 16:24:25,191 INFO  [i.core.discovery.server.LocalServer] [] [] [] : Registered Service(improbable.fabric.internal.service.BridgeInternalService) on 127.0.0.1:9019.
2017-11-30 16:24:25,192 INFO  [i.module.bridge.BridgeModuleActor] [] [] [] : Waiting for BridgeModuleOracle service to be available
2017-11-30 16:24:25,204 INFO  [i.module.bridge.BridgeModuleActor] [] [] [] : Registered(bridge_service_endpoint {
  guid: "9f513e58-089e-4f1e-88db-f3baa4d15692"
}
) on BridgeModuleOracleService
2017-11-30 16:24:26,156 INFO  [i.c.d.g.GlobalServiceDiscoveryImpl] [] [] [] : Global service discovery refreshed 21 server(s) (previously: 20)
2017-11-30 16:24:26,156 INFO  [improbable.module.ModuleNode] [] [] [] : All 1 bridge service(s) have started.
2017-11-30 16:24:26,157 INFO  [improbable.module.ModuleNode] [] [] [] : Starting WorkerRunner service (EngineStartupModule)
2017-11-30 16:24:26,160 INFO  [improbable.worker.exec.WorkerStats] [] [] [] : Cannot read /proc/self/stat; worker stats reporting will not work.
2017-11-30 16:24:26,168 INFO  [i.core.discovery.server.PublicServer] [] [] [] : Registered Service(improbable.platform.inner.worker.WorkerRunner) on 127.0.0.1:9020.
2017-11-30 16:24:26,174 INFO  [i.core.discovery.server.LocalServer] [] [] [] : Registered Service(improbable.fabric.internal.service.ReceptionistInternalService) on 127.0.0.1:9021.
2017-11-30 16:24:26,180 INFO  [i.core.discovery.server.PublicServer] [] [] [] : Registered Service(improbable.platform.runtime.ReceptionistService) on 127.0.0.1:7777.
2017-11-30 16:24:26,180 INFO  [improbable.module.ModuleNode] [] [] [] : Starting InspectionRestModule
2017-11-30 16:24:26,181 INFO  [improbable.module.ModuleNode] [] [] [] : Starting ProfilingModule
2017-11-30 16:24:26,182 INFO  [i.c.d.client.CheckpointDiscoveryImpl] [] [] [] : Reached a checkpoint: ALL_MODULES_STARTED
2017-11-30 16:24:26,183 INFO  [improbable.module.ModuleNode] [] [] [] : All modules on this node started, waiting for other nodes to reach the same checkpoint.
2017-11-30 16:24:26,185 INFO  [i.c.a.e.ExtensibleActorReporter] [] [] [] : Started ProfilingModuleActor(Actor[akka://akkaFabric/user/ProfilingModule#984547464]).
2017-11-30 16:24:26,188 INFO  [i.core.discovery.server.LocalServer] [] [] [] : Registered Service(improbable.fabric.internal.debug.HeatmapCellCacheInternalService) on 127.0.0.1:9022.
2017-11-30 16:24:26,205 INFO  [i.core.discovery.server.PublicServer] [] [] [] : Registered Service(improbable.platform.runtime.InspectionService) on 127.0.0.1:9023.
2017-11-30 16:24:26,209 INFO  [i.bridge.oracle.scaling.WorkerScaler] [] [] [] : Skipping reconciliation because no WorkerRunner service is available. This message is expected at startup but should not persist through the deployment
2017-11-30 16:24:26,268 INFO  [i.c.a.e.ExtensibleActorReporter] [] [] [] : Started InspectionRestModuleActor(Actor[akka://akkaFabric/user/InspectionRestModule#577702191]).
2017-11-30 16:24:26,587 INFO  [spray.can.server.HttpListener] [akka://akkaFabric/user/IO-HTTP/listener-0] [akkaFabric-akka.actor.default-dispatcher-4] [] : Bound to /0.0.0.0:5005
2017-11-30 16:24:27,156 INFO  [improbable.module.ModuleNode] [] [] [] : All modules on all nodes have been started.
2017-11-30 16:24:27,156 INFO  [i.c.d.g.GlobalCheckpointDiscoveryImpl] [] [] [] : Global checkpoint discovery refreshed checkpoints.
2017-11-30 16:24:27,157 INFO  [improbable.module.ModuleNode] [] [] [] : Loading a snapshot.
2017-11-30 16:24:27,157 INFO  [i.c.d.g.GlobalServiceDiscoveryImpl] [] [] [] : Global service discovery refreshed 26 server(s) (previously: 21)
2017-11-30 16:24:27,166 INFO  [i.p.g.GSimPersistenceLoadOrchestrator] [] [] [] : Loading snapshot on GSim(0).
2017-11-30 16:24:27,167 INFO  [i.p.s.storage.LegacySnapshotStorage] [] [] [] : Requesting download URL for Snapshot(local@latest) matching []
2017-11-30 16:24:27,172 INFO  [i.p.s.storage.LegacySnapshotStorage] [] [] [] : Downloading snapshot from http://127.0.0.1:21000/snapshots/20171130162413231
2017-11-30 16:24:27,174 INFO  [i.p.gsim.GSimPersistenceLoader] [] [] [] : Loading snapshot
2017-11-30 16:24:27,241 INFO  [i.p.g.GSimPersistenceLoadOrchestrator] [] [] [] : Loaded 46 entities on GSim(0).
2017-11-30 16:24:27,244 INFO  [i.p.c.PersistenceLoaderCoordinatorActor] [] [] [] : All Snapshots loaded.
2017-11-30 16:24:27,245 INFO  [improbable.module.ModuleNode] [] [] [] : Snapshot has been loaded.
2017-11-30 16:24:27,245 INFO  [improbable.module.ModuleNode] [] [] [] : Starting SnapshotService.
2017-11-30 16:24:27,271 INFO  [i.l.params.LoadbalancerParamsFactory] [] [] [] : LoadbalancerParams for worker type [UnityWorker]: [AutoHexGridLoadbalancerParams{energyLimitingEnabled=true, energyLimit=1.0E9, minWorkerRange=1500.0, maxWorkerRange=1500.0, maxWorkerStepSize=0.0, workerExpansionTimeMs=60000, workerGridSize=0, loadbalancerEnabled=false, hexGridMode=AUTO, scalerAdvisorType=CONSTANT, maxWorkers=1, initialWorkers=1, numEntitiesPerWorker=9223372036854775807, statusReportPeriodMs=30000, pointsOfInterestEnabled=false, hexGridSolution=AutoValue_HexGridSolution{workersUsed=1, hexagonEdgeLength=1500.0, hexagonOrientation=POINTY_TOP, bounds=Rectangle{minX=-750.0, minZ=-750.0, maxX=750.0, maxZ=750.0}}, pointsOfInterestSolution=Empty}]
2017-11-30 16:24:27,275 INFO  [i.core.discovery.server.PublicServer] [] [] [] : Registered Service(improbable.platform.runtime.SnapshotService) on 127.0.0.1:9024.
2017-11-30 16:24:27,276 INFO  [i.c.d.client.CheckpointDiscoveryImpl] [] [] [] : Reached a checkpoint: LOAD_SNAPSHOT_FINISHED
2017-11-30 16:24:27,276 INFO  [improbable.module.ModuleNode] [] [] [] : SpatialOS runtime startup complete.
2017-11-30 16:24:28,159 INFO  [i.c.d.g.GlobalCheckpointDiscoveryImpl] [] [] [] : Global checkpoint discovery refreshed checkpoints.
2017-11-30 16:24:28,159 INFO  [i.c.d.g.GlobalServiceDiscoveryImpl] [] [] [] : Global service discovery refreshed 27 server(s) (previously: 26)
2017-11-30 16:24:28,190 INFO  [i.b.o.m.BridgeOracleWorkerManager] [] [] [] : Trying to start managed worker UnityWorker0
2017-11-30 16:24:28,207 INFO  [i.bridge.oracle.scaling.WorkerScaler] [] [] [] : Starting 1 new managed workers for attribute_set {
  attribute: "physics"
}
 (required: 1, existing: 0)
2017-11-30 16:24:29,154 INFO  [i.worker.exec.WorkerStartupExecutor] [] [] [] : Created log file for worker UnityWorker0, type (UnityWorker): [C:\Users\mario\OneDrive\Documenti\GitHub\Team8\logs\2017-11-30_16-24-14_0\workers\UnityWorker\UnityWorker0-1629410936083643575.log]
2017-11-30 16:24:29,155 INFO  [i.worker.exec.CommandLineExecutor] [] [] [] : Running command: C:\Users\mario\AppData\Local\Temp\zip-downloader1323009241170077401\ae0366978873b2a1b89fb41c78b89071\UnityWorker@Windows.exe +projectName beta_oscar_bacon_891 +receptionistIp 127.0.0.1 +receptionistPort 7777 +workerType UnityWorker +workerId UnityWorker0 +useInternalIpForBridge true +infraServicesUrl http://127.0.0.1:21000 +assemblyName local_assembly +linkProtocol RakNet -logfile C:\Users\mario\OneDrive\Documenti\GitHub\Team8\logs\2017-11-30_16-24-14_0\workers\UnityWorker\UnityWorker0-1629410936083643575.log -batchmode -nographics
2017-11-30 16:24:30,118 INFO  [i.b.s.BridgeServicePicker] [] [] [] : Attempting to get positionHint for UnityWorker0 via rpc
2017-11-30 16:24:30,125 INFO  [i.m.b.o.m.BridgeModuleOracleActor] [] [] [] : BridgeServicePicker returned module Optional[legacy_guid: "9f513e58-089e-4f1e-88db-f3baa4d15692"
address {
  host: "127.0.0.1"
  port: 9019
}
] with load Optional[BridgeModuleLoadBalanceInfo((0.0, 0.0, 0.0),0)].get().toString() for Engine(UnityWorker0)
2017-11-30 16:24:30,311 INFO  [i.b.i.BridgeInternalServiceImpl] [] [] [] : Bridge worker_id: "UnityWorker0"
 registered with bridge internal service
2017-11-30 16:24:30,316 INFO  [i.b.o.s.BridgeOracleInternalServiceImpl] [] [] [] : Got bridge started rpc from bridge: worker_id: "UnityWorker0"

2017-11-30 16:24:30,316 INFO  [i.b.o.s.BridgeOracleInternalServiceImpl] [] [] [] : The worker UnityWorker0 registered with SpatialOS successfully.
2017-11-30 16:24:30,317 INFO  [i.module.bridge.oracle.BridgeOracle] [] [] [] : Sending bridge started to self for bridge endpoint bridge_oracle_endpoint {
}

2017-11-30 16:24:30,317 INFO  [i.module.bridge.oracle.BridgeOracle] [] [] [] : Bridge(UnityWorker0) started.
2017-11-30 16:24:30,321 INFO  [i.b.o.m.BridgeOracleWorkerManager] [] [] [] : Worker UnityWorker0 registered with the BridgeOracleWorker manager
2017-11-30 16:24:30,956 INFO  [i.b.n.raknet.GuardedRakPeerInterface] [] [] [] : New RakNet connection established with 127.0.0.1
2017-11-30 16:24:44,111 INFO  [i.b.s.BridgeServicePicker] [] [] [] : Attempting to get positionHint for UnityClientb0e7d00a-4311-4225-8e74-7967c3f2ad8d via rpc
2017-11-30 16:24:44,112 INFO  [i.b.s.BridgeServicePicker] [] [] [] : Starting UnityClientb0e7d00a-4311-4225-8e74-7967c3f2ad8d without a position hint, so using a random bridge service
2017-11-30 16:24:44,112 INFO  [i.m.b.o.m.BridgeModuleOracleActor] [] [] [] : BridgeServicePicker returned module Optional[legacy_guid: "9f513e58-089e-4f1e-88db-f3baa4d15692"
address {
  host: "127.0.0.1"
  port: 9019
}
] with load Optional[BridgeModuleLoadBalanceInfo((0.0, 0.0, 0.0),1)].get().toString() for Engine(UnityClientb0e7d00a-4311-4225-8e74-7967c3f2ad8d)
2017-11-30 16:24:44,138 INFO  [i.l.params.LoadbalancerParamsFactory] [] [] [] : LoadbalancerParams for worker type [UnityClient]: [FlagzLoadbalancerParams{energyLimitingEnabled=true, energyLimit=1.0E9, minWorkerRange=Infinity, maxWorkerRange=Infinity, maxWorkerStepSize=50.0, workerExpansionTimeMs=60000, workerGridSize=5, loadbalancerEnabled=true, hexGridMode=OFF, scalerAdvisorType=ENTITY_COUNT, maxWorkers=25, initialWorkers=25, numEntitiesPerWorker=9223372036854775807, statusReportPeriodMs=2000, pointsOfInterestEnabled=false, hexGridSolution=Empty, pointsOfInterestSolution=Empty}]
2017-11-30 16:24:44,142 INFO  [i.b.i.BridgeInternalServiceImpl] [] [] [] : Bridge worker_id: "UnityClientb0e7d00a-4311-4225-8e74-7967c3f2ad8d"
 registered with bridge internal service
2017-11-30 16:24:44,142 INFO  [i.b.o.s.BridgeOracleInternalServiceImpl] [] [] [] : Got bridge started rpc from bridge: worker_id: "UnityClientb0e7d00a-4311-4225-8e74-7967c3f2ad8d"

2017-11-30 16:24:44,143 INFO  [i.b.o.s.BridgeOracleInternalServiceImpl] [] [] [] : The worker UnityClientb0e7d00a-4311-4225-8e74-7967c3f2ad8d registered with SpatialOS successfully.
2017-11-30 16:24:44,143 INFO  [i.module.bridge.oracle.BridgeOracle] [] [] [] : Sending bridge started to self for bridge endpoint bridge_oracle_endpoint {
}

2017-11-30 16:24:44,144 INFO  [i.module.bridge.oracle.BridgeOracle] [] [] [] : Bridge(UnityClientb0e7d00a-4311-4225-8e74-7967c3f2ad8d) started.
2017-11-30 16:24:44,742 INFO  [i.b.n.raknet.GuardedRakPeerInterface] [] [] [] : New RakNet connection established with 127.0.0.1
2017-11-30 16:24:44,875 WARN  [i.b.logging.EngineLogMessageHandler] [] [] [] : [Worker: UnityClientb0e7d00a-4311-4225-8e74-7967c3f2ad8d] Request: mARIO
 in  -[WorkerLogger:Unity]
2017-11-30 16:24:47,455 INFO  [i.b.s.BridgeServicePicker] [] [] [] : Attempting to get positionHint for UnityClientdcc0ffaf-f73f-4f7b-be5b-0161db6d2ed9 via rpc
2017-11-30 16:24:47,457 INFO  [i.b.s.BridgeServicePicker] [] [] [] : Starting UnityClientdcc0ffaf-f73f-4f7b-be5b-0161db6d2ed9 without a position hint, so using a random bridge service
2017-11-30 16:24:47,457 INFO  [i.m.b.o.m.BridgeModuleOracleActor] [] [] [] : BridgeServicePicker returned module Optional[legacy_guid: "9f513e58-089e-4f1e-88db-f3baa4d15692"
address {
  host: "127.0.0.1"
  port: 9019
}
] with load Optional[BridgeModuleLoadBalanceInfo((0.0, 0.0, 0.0),2)].get().toString() for Engine(UnityClientdcc0ffaf-f73f-4f7b-be5b-0161db6d2ed9)
2017-11-30 16:24:47,488 INFO  [i.b.i.BridgeInternalServiceImpl] [] [] [] : Bridge worker_id: "UnityClientdcc0ffaf-f73f-4f7b-be5b-0161db6d2ed9"
 registered with bridge internal service
2017-11-30 16:24:47,490 INFO  [i.b.o.s.BridgeOracleInternalServiceImpl] [] [] [] : Got bridge started rpc from bridge: worker_id: "UnityClientdcc0ffaf-f73f-4f7b-be5b-0161db6d2ed9"

2017-11-30 16:24:47,490 INFO  [i.b.o.s.BridgeOracleInternalServiceImpl] [] [] [] : The worker UnityClientdcc0ffaf-f73f-4f7b-be5b-0161db6d2ed9 registered with SpatialOS successfully.
2017-11-30 16:24:47,491 INFO  [i.module.bridge.oracle.BridgeOracle] [] [] [] : Sending bridge started to self for bridge endpoint bridge_oracle_endpoint {
}

2017-11-30 16:24:47,491 INFO  [i.module.bridge.oracle.BridgeOracle] [] [] [] : Bridge(UnityClientdcc0ffaf-f73f-4f7b-be5b-0161db6d2ed9) started.
2017-11-30 16:24:48,088 INFO  [i.b.n.raknet.GuardedRakPeerInterface] [] [] [] : New RakNet connection established with 127.0.0.1
2017-11-30 16:24:48,178 WARN  [i.b.logging.EngineLogMessageHandler] [] [] [] : [Worker: UnityClientdcc0ffaf-f73f-4f7b-be5b-0161db6d2ed9] Request: DSA
 in UnityEngine.Debug:LogWarning(Object)
Assets.Gamelogic.Core.Bootstrap:RequestPlayerCreation(EntityId) (at Assets/Gamelogic/Core/Bootstrap.cs:79)
Assets.Gamelogic.Core.Bootstrap:OnSuccessfulPlayerCreatorQuery(EntityQueryResult) (at Assets/Gamelogic/Core/Bootstrap.cs:66)
Improbable.Unity.Core.CommandResponseHandler`1:TriggerSuccess(ICommandCallbackResponse`1) (at C:/w/ee9378522cbb9fd1/UnitySdk/Improbable.Unity/Assets/Precompiled/Unity/Commands/CommandResponseHandler.cs:62)
Improbable.Unity.Core.CommandResponseHandler`1:Trigger(ICommandCallbackResponse`1) (at C:/w/ee9378522cbb9fd1/UnitySdk/Improbable.Unity/Assets/Precompiled/Unity/Commands/CommandResponseHandler.cs:48)
Improbable.Unity.Core.CommandCallbackWrapper`1:TriggerWithStatus(StatusCode, Option`1, String) (at C:/w/ee9378522cbb9fd1/UnitySdk/Improbable.Unity/Assets/Precompiled/Unity/Commands/ICommandCallbackWrapper.cs:34)
Improbable.Unity.Core.<CreateOnResponseThunk>c__AnonStorey1D`2:<>m__2F(EntityQueryResponseOp) (at C:/w/ee9378522cbb9fd1/UnitySdk/Improbable.Unity/Assets/Precompiled/Unity/Commands/ComponentCommander.cs:243)
Improbable.Worker.Internal.Callbacks`1:InvokeAll(EntityQueryResponseOp)
Improbable.Worker.Dispatcher:EntityQueryResponseThunk(Void*, EntityQueryResponseOp*)
Improbable.Worker.Internal.WorkerProtocol:Dispatcher_Process(DispatcherHandle, OpListHandle)
Improbable.Worker.Dispatcher:Process(OpList)
Improbable.Unity.Core.ConnectionLifecycle:ProcessEvents() (at Assets/Plugins/Improbable/Sdk/Src/Unity/Core/ConnectionLifecycle.cs:367)
Improbable.Unity.Core.ConnectionLifecycle:Update() (at Assets/Plugins/Improbable/Sdk/Src/Unity/Core/ConnectionLifecycle.cs:149)
 -[WorkerLogger:Unity]
2017-11-30 16:24:57,733 WARN  [i.b.logging.EngineLogMessageHandler] [] [] [] : [Worker: UnityWorker0] called reset
 in  -[WorkerLogger:Unity]
2017-11-30 16:24:57,734 WARN  [i.b.logging.EngineLogMessageHandler] [] [] [] : [Worker: UnityWorker0] queryied
 in  -[WorkerLogger:Unity]
2017-11-30 16:24:57,763 WARN  [i.b.logging.EngineLogMessageHandler] [] [] [] : [Worker: UnityWorker0] Found 2 nearby entities with a health component
 in  -[WorkerLogger:Unity]
2017-11-30 16:24:57,764 WARN  [i.b.logging.EngineLogMessageHandler] [] [] [] : [Worker: UnityWorker0] entity found
 in  -[WorkerLogger:Unity]
2017-11-30 16:24:57,774 WARN  [i.b.logging.EngineLogMessageHandler] [] [] [] : [Worker: UnityWorker0] entity found
 in  -[WorkerLogger:Unity]
2017-11-30 16:24:57,814 WARN  [i.b.logging.EngineLogMessageHandler] [] [] [] : [Worker: UnityWorker0] Gamewin command succeeded.
 in  -[WorkerLogger:Unity]
2017-11-30 16:24:57,814 WARN  [i.b.logging.EngineLogMessageHandler] [] [] [] : [Worker: UnityWorker0] Gamewin command succeeded.
 in  -[WorkerLogger:Unity]
2017-11-30 16:25:05,339 INFO  [i.b.s.BridgeServicePicker] [] [] [] : Attempting to get positionHint for UnityCliente2cfbffc-176c-40ff-9872-f86d78e3d428 via rpc
2017-11-30 16:25:05,340 INFO  [i.b.s.BridgeServicePicker] [] [] [] : Starting UnityCliente2cfbffc-176c-40ff-9872-f86d78e3d428 without a position hint, so using a random bridge service
2017-11-30 16:25:05,342 INFO  [i.m.b.o.m.BridgeModuleOracleActor] [] [] [] : BridgeServicePicker returned module Optional[legacy_guid: "9f513e58-089e-4f1e-88db-f3baa4d15692"
address {
  host: "127.0.0.1"
  port: 9019
}
] with load Optional[BridgeModuleLoadBalanceInfo((0.0, 0.0, 0.0),3)].get().toString() for Engine(UnityCliente2cfbffc-176c-40ff-9872-f86d78e3d428)
2017-11-30 16:25:05,370 INFO  [i.b.i.BridgeInternalServiceImpl] [] [] [] : Bridge worker_id: "UnityCliente2cfbffc-176c-40ff-9872-f86d78e3d428"
 registered with bridge internal service
2017-11-30 16:25:05,371 INFO  [i.b.o.s.BridgeOracleInternalServiceImpl] [] [] [] : Got bridge started rpc from bridge: worker_id: "UnityCliente2cfbffc-176c-40ff-9872-f86d78e3d428"

2017-11-30 16:25:05,372 INFO  [i.b.o.s.BridgeOracleInternalServiceImpl] [] [] [] : The worker UnityCliente2cfbffc-176c-40ff-9872-f86d78e3d428 registered with SpatialOS successfully.
2017-11-30 16:25:05,372 INFO  [i.module.bridge.oracle.BridgeOracle] [] [] [] : Sending bridge started to self for bridge endpoint bridge_oracle_endpoint {
}

2017-11-30 16:25:05,373 INFO  [i.module.bridge.oracle.BridgeOracle] [] [] [] : Bridge(UnityCliente2cfbffc-176c-40ff-9872-f86d78e3d428) started.
2017-11-30 16:25:05,969 INFO  [i.b.n.raknet.GuardedRakPeerInterface] [] [] [] : New RakNet connection established with 127.0.0.1
2017-11-30 16:25:05,982 ERROR [i.b.logging.EngineLogMessageHandler] [] [] [] : [Worker: UnityCliente2cfbffc-176c-40ff-9872-f86d78e3d428] InvalidOperationException: Cannot register component factories after the pipeline has been started.
 in Improbable.Unity.Core.EntityPipelineImpl.RegisterComponentFactories (Improbable.Worker.Connection connection, Improbable.Worker.Dispatcher dispatcher)
Improbable.Unity.Core.DispatchEventHandler.ConnectionReady ()
Improbable.Unity.Core.ConnectionLifecycle+<Connect>c__Iterator0.MoveNext ()
UnityEngine.SetupCoroutine.InvokeMoveNext (IEnumerator enumerator, IntPtr returnValueAddress)
 -[WorkerLogger:Unity]
2017-11-30 16:25:09,275 WARN  [improbable.gsim.chunk.ChunkActor] [] [] [] : Tried to delete Entity(48), which is not in cache.
2017-11-30 16:25:09,278 INFO  [akka.actor.LocalActorRef] [akka://akkaFabric/user/GSimModule/EntityFactory/Entity-48/EntityUser-48] [akkaFabric-akka.actor.default-dispatcher-3] [] : Message [improbable.gsim.entity.message.MigrateToChunkCompleted$] from Actor[akka://akkaFabric/deadLetters] to Actor[akka://akkaFabric/user/GSimModule/EntityFactory/Entity-48/EntityUser-48#1070097754] was not delivered. [1] dead letters encountered. This logging can be turned off or adjusted with configuration settings 'akka.log-dead-letters' and 'akka.log-dead-letters-during-shutdown'.
2017-11-30 16:25:09,279 INFO  [akka.actor.LocalActorRef] [akka://akkaFabric/user/GSimModule/EntityFactory/Entity-48/EntityUser-48] [akkaFabric-akka.actor.default-dispatcher-3] [] : Message [improbable.gsim.proxy.entity.StateUpdateWrapperMsg] from Actor[akka://akkaFabric/deadLetters] to Actor[akka://akkaFabric/user/GSimModule/EntityFactory/Entity-48/EntityUser-48#1070097754] was not delivered. [2] dead letters encountered. This logging can be turned off or adjusted with configuration settings 'akka.log-dead-letters' and 'akka.log-dead-letters-during-shutdown'.
2017-11-30 16:25:09,279 INFO  [akka.actor.LocalActorRef] [akka://akkaFabric/user/GSimModule/EntityFactory/Entity-48/EntityUser-48] [akkaFabric-akka.actor.default-dispatcher-3] [] : Message [improbable.gsim.proxy.entity.StateUpdateWrapperMsg] from Actor[akka://akkaFabric/deadLetters] to Actor[akka://akkaFabric/user/GSimModule/EntityFactory/Entity-48/EntityUser-48#1070097754] was not delivered. [3] dead letters encountered. This logging can be turned off or adjusted with configuration settings 'akka.log-dead-letters' and 'akka.log-dead-letters-during-shutdown'.
2017-11-30 16:25:09,279 INFO  [akka.actor.LocalActorRef] [akka://akkaFabric/user/GSimModule/EntityFactory/Entity-48/EntityUser-48] [akkaFabric-akka.actor.default-dispatcher-3] [] : Message [improbable.gsim.proxy.entity.StateUpdateWrapperMsg] from Actor[akka://akkaFabric/deadLetters] to Actor[akka://akkaFabric/user/GSimModule/EntityFactory/Entity-48/EntityUser-48#1070097754] was not delivered. [4] dead letters encountered. This logging can be turned off or adjusted with configuration settings 'akka.log-dead-letters' and 'akka.log-dead-letters-during-shutdown'.
2017-11-30 16:25:09,280 INFO  [akka.actor.LocalActorRef] [akka://akkaFabric/user/GSimModule/EntityFactory/Entity-48/EntityUser-48] [akkaFabric-akka.actor.default-dispatcher-3] [] : Message [improbable.gsim.proxy.entity.StateUpdateWrapperMsg] from Actor[akka://akkaFabric/deadLetters] to Actor[akka://akkaFabric/user/GSimModule/EntityFactory/Entity-48/EntityUser-48#1070097754] was not delivered. [5] dead letters encountered. This logging can be turned off or adjusted with configuration settings 'akka.log-dead-letters' and 'akka.log-dead-letters-during-shutdown'.
2017-11-30 16:25:12,409 INFO  [i.b.n.BridgeActorTransportLinkListener] [] [] [] : TransportLinkListener(UnityCliente2cfbffc-176c-40ff-9872-f86d78e3d428) sending Disconnected to akka://akkaFabric/user/BridgeModule:9f513e58-089e-4f1e-88db-f3baa4d15692/BridgeActor-UnityCliente2cfbffc-176c-40ff-9872-f86d78e3d428
2017-11-30 16:25:12,412 INFO  [i.b.i.BridgeInternalServiceImpl] [] [] [] : Bridge worker_id: "UnityCliente2cfbffc-176c-40ff-9872-f86d78e3d428"
 unregistered with bridge internal service
2017-11-30 16:25:12,412 INFO  [improbable.bridge.BridgeActor] [] [] [] : Bridge(UnityCliente2cfbffc-176c-40ff-9872-f86d78e3d428) on guid: "9f513e58-089e-4f1e-88db-f3baa4d15692"
 stopped.
2017-11-30 16:25:12,412 INFO  [i.module.bridge.oracle.BridgeOracle] [] [] [] : Sending bridge stopped to self for bridge endpoint worker_id: "UnityCliente2cfbffc-176c-40ff-9872-f86d78e3d428"

2017-11-30 16:25:12,414 INFO  [i.module.bridge.oracle.BridgeOracle] [] [] [] : Bridge(UnityCliente2cfbffc-176c-40ff-9872-f86d78e3d428) stopped.
2017-11-30 16:25:14,371 WARN  [i.r.ReceptionistServiceImpl] [] [] [] : Worker trying to login with previously used worker ID: UnityCliente2cfbffc-176c-40ff-9872-f86d78e3d428
2017-11-30 16:25:20,392 INFO  [i.b.s.BridgeServicePicker] [] [] [] : Attempting to get positionHint for UnityClientbf60f5fc-e84c-4a76-8966-d4b84d23d18c via rpc
2017-11-30 16:25:20,393 INFO  [i.b.s.BridgeServicePicker] [] [] [] : Starting UnityClientbf60f5fc-e84c-4a76-8966-d4b84d23d18c without a position hint, so using a random bridge service
2017-11-30 16:25:20,394 INFO  [i.m.b.o.m.BridgeModuleOracleActor] [] [] [] : BridgeServicePicker returned module Optional[legacy_guid: "9f513e58-089e-4f1e-88db-f3baa4d15692"
address {
  host: "127.0.0.1"
  port: 9019
}
] with load Optional[BridgeModuleLoadBalanceInfo((0.0, 0.0, 0.0),3)].get().toString() for Engine(UnityClientbf60f5fc-e84c-4a76-8966-d4b84d23d18c)
2017-11-30 16:25:20,421 INFO  [i.b.i.BridgeInternalServiceImpl] [] [] [] : Bridge worker_id: "UnityClientbf60f5fc-e84c-4a76-8966-d4b84d23d18c"
 registered with bridge internal service
2017-11-30 16:25:20,422 INFO  [i.b.o.s.BridgeOracleInternalServiceImpl] [] [] [] : Got bridge started rpc from bridge: worker_id: "UnityClientbf60f5fc-e84c-4a76-8966-d4b84d23d18c"

2017-11-30 16:25:20,422 INFO  [i.b.o.s.BridgeOracleInternalServiceImpl] [] [] [] : The worker UnityClientbf60f5fc-e84c-4a76-8966-d4b84d23d18c registered with SpatialOS successfully.
2017-11-30 16:25:20,422 INFO  [i.module.bridge.oracle.BridgeOracle] [] [] [] : Sending bridge started to self for bridge endpoint bridge_oracle_endpoint {
}

2017-11-30 16:25:20,422 INFO  [i.module.bridge.oracle.BridgeOracle] [] [] [] : Bridge(UnityClientbf60f5fc-e84c-4a76-8966-d4b84d23d18c) started.
2017-11-30 16:25:21,021 INFO  [i.b.n.raknet.GuardedRakPeerInterface] [] [] [] : New RakNet connection established with 127.0.0.1
2017-11-30 16:25:21,046 ERROR [i.b.logging.EngineLogMessageHandler] [] [] [] : [Worker: UnityClientbf60f5fc-e84c-4a76-8966-d4b84d23d18c] InvalidOperationException: Cannot register component factories after the pipeline has been started.
 in Improbable.Unity.Core.EntityPipelineImpl.RegisterComponentFactories (Improbable.Worker.Connection connection, Improbable.Worker.Dispatcher dispatcher) (at C:/w/ee9378522cbb9fd1/UnitySdk/Improbable.Unity/Assets/Precompiled/UnityAddons/EntityPipeline/EntityPipelineImpl.cs:161)
Improbable.Unity.Core.DispatchEventHandler.ConnectionReady () (at Assets/Plugins/Improbable/Sdk/Src/Unity/Core/DispatchEventHandler.cs:44)
Improbable.Unity.Core.ConnectionLifecycle+<Connect>c__Iterator0.MoveNext () (at Assets/Plugins/Improbable/Sdk/Src/Unity/Core/ConnectionLifecycle.cs:120)
UnityEngine.SetupCoroutine.InvokeMoveNext (IEnumerator enumerator, IntPtr returnValueAddress) (at C:/buildslave/unity/build/Runtime/Export/Coroutines.cs:17)
 -[WorkerLogger:Unity]
2017-11-30 16:25:26,143 WARN  [improbable.bridge.qos.QosHandler] [] [] [] : Worker connection for worker UnityClientb0e7d00a-4311-4225-8e74-7967c3f2ad8d is unresponsive. Recent average latency: 0ms. Recent % of failed pings: 100.0%. Underlying transport layer healthy: true
2017-11-30 16:25:26,143 WARN  [improbable.bridge.qos.QosHandler] [] [] [] : Kill worker UnityClientb0e7d00a-4311-4225-8e74-7967c3f2ad8d due to: smoothedRTT > maxLatency = false, tooManyPingsUnacked = true. smoothedRTT = 0 nanoseconds, unackedPingRate between 22002987760 and 32002993230 = 1.0. RecentPingAckStates = Map(30003348421 -> false, 32002981925 -> false, 34002377298 -> false, 36002797036 -> false, 38002344843 -> false, 40002712432 -> false, 42002646427 -> false)
2017-11-30 16:25:26,143 WARN  [i.bridge.v2.ping.WorkerPinger] [] [] [] : Worker UnityClientb0e7d00a-4311-4225-8e74-7967c3f2ad8d connection closing itself due to poor responsiveness from the worker.
2017-11-30 16:25:26,221 INFO  [i.b.n.BridgeActorTransportLinkListener] [] [] [] : TransportLinkListener(UnityClientb0e7d00a-4311-4225-8e74-7967c3f2ad8d) sending Disconnected to akka://akkaFabric/user/BridgeModule:9f513e58-089e-4f1e-88db-f3baa4d15692/BridgeActor-UnityClientb0e7d00a-4311-4225-8e74-7967c3f2ad8d
2017-11-30 16:25:26,223 INFO  [i.b.i.BridgeInternalServiceImpl] [] [] [] : Bridge worker_id: "UnityClientb0e7d00a-4311-4225-8e74-7967c3f2ad8d"
 unregistered with bridge internal service
2017-11-30 16:25:26,223 INFO  [improbable.bridge.BridgeActor] [] [] [] : Bridge(UnityClientb0e7d00a-4311-4225-8e74-7967c3f2ad8d) on guid: "9f513e58-089e-4f1e-88db-f3baa4d15692"
 stopped.
2017-11-30 16:25:26,223 INFO  [i.module.bridge.oracle.BridgeOracle] [] [] [] : Sending bridge stopped to self for bridge endpoint worker_id: "UnityClientb0e7d00a-4311-4225-8e74-7967c3f2ad8d"

2017-11-30 16:25:26,224 INFO  [i.module.bridge.oracle.BridgeOracle] [] [] [] : Bridge(UnityClientb0e7d00a-4311-4225-8e74-7967c3f2ad8d) stopped.
2017-11-30 16:25:26,224 INFO  [akka.actor.LocalActorRef] [akka://akkaFabric/user/BridgeModule:9f513e58-089e-4f1e-88db-f3baa4d15692/BridgeActor-UnityClientb0e7d00a-4311-4225-8e74-7967c3f2ad8d] [akkaFabric-akka.actor.default-dispatcher-2] [] : Message [improbable.bridge.ShutdownBridge$] from Actor[akka://akkaFabric/deadLetters] to Actor[akka://akkaFabric/user/BridgeModule:9f513e58-089e-4f1e-88db-f3baa4d15692/BridgeActor-UnityClientb0e7d00a-4311-4225-8e74-7967c3f2ad8d#-1946740693] was not delivered. [6] dead letters encountered. This logging can be turned off or adjusted with configuration settings 'akka.log-dead-letters' and 'akka.log-dead-letters-during-shutdown'.
2017-11-30 16:25:27,457 INFO  [i.b.n.BridgeActorTransportLinkListener] [] [] [] : TransportLinkListener(UnityClientbf60f5fc-e84c-4a76-8966-d4b84d23d18c) sending Disconnected to akka://akkaFabric/user/BridgeModule:9f513e58-089e-4f1e-88db-f3baa4d15692/BridgeActor-UnityClientbf60f5fc-e84c-4a76-8966-d4b84d23d18c
2017-11-30 16:25:27,459 INFO  [i.b.i.BridgeInternalServiceImpl] [] [] [] : Bridge worker_id: "UnityClientbf60f5fc-e84c-4a76-8966-d4b84d23d18c"
 unregistered with bridge internal service
2017-11-30 16:25:27,459 INFO  [improbable.bridge.BridgeActor] [] [] [] : Bridge(UnityClientbf60f5fc-e84c-4a76-8966-d4b84d23d18c) on guid: "9f513e58-089e-4f1e-88db-f3baa4d15692"
 stopped.
2017-11-30 16:25:27,459 INFO  [i.module.bridge.oracle.BridgeOracle] [] [] [] : Sending bridge stopped to self for bridge endpoint worker_id: "UnityClientbf60f5fc-e84c-4a76-8966-d4b84d23d18c"

2017-11-30 16:25:27,460 INFO  [i.module.bridge.oracle.BridgeOracle] [] [] [] : Bridge(UnityClientbf60f5fc-e84c-4a76-8966-d4b84d23d18c) stopped.
2017-11-30 16:25:27,489 WARN  [improbable.bridge.qos.QosHandler] [] [] [] : Worker connection for worker UnityClientdcc0ffaf-f73f-4f7b-be5b-0161db6d2ed9 is unresponsive. Recent average latency: 0ms. Recent % of failed pings: 100.0%. Underlying transport layer healthy: true
2017-11-30 16:25:27,490 WARN  [improbable.bridge.qos.QosHandler] [] [] [] : Kill worker UnityClientdcc0ffaf-f73f-4f7b-be5b-0161db6d2ed9 due to: smoothedRTT > maxLatency = false, tooManyPingsUnacked = true. smoothedRTT = 0 nanoseconds, unackedPingRate between 20002936706 and 30002938165 = 1.0. RecentPingAckStates = Map(30002589903 -> false, 32001763555 -> false, 34002630017 -> false, 36001756991 -> false, 38002196786 -> false, 40002764581 -> false)
2017-11-30 16:25:27,490 WARN  [i.bridge.v2.ping.WorkerPinger] [] [] [] : Worker UnityClientdcc0ffaf-f73f-4f7b-be5b-0161db6d2ed9 connection closing itself due to poor responsiveness from the worker.
2017-11-30 16:25:27,566 INFO  [i.b.n.BridgeActorTransportLinkListener] [] [] [] : TransportLinkListener(UnityClientdcc0ffaf-f73f-4f7b-be5b-0161db6d2ed9) sending Disconnected to akka://akkaFabric/user/BridgeModule:9f513e58-089e-4f1e-88db-f3baa4d15692/BridgeActor-UnityClientdcc0ffaf-f73f-4f7b-be5b-0161db6d2ed9
2017-11-30 16:25:27,568 INFO  [i.b.i.BridgeInternalServiceImpl] [] [] [] : Bridge worker_id: "UnityClientdcc0ffaf-f73f-4f7b-be5b-0161db6d2ed9"
 unregistered with bridge internal service
2017-11-30 16:25:27,568 INFO  [i.module.bridge.oracle.BridgeOracle] [] [] [] : Sending bridge stopped to self for bridge endpoint worker_id: "UnityClientdcc0ffaf-f73f-4f7b-be5b-0161db6d2ed9"

2017-11-30 16:25:27,568 INFO  [improbable.bridge.BridgeActor] [] [] [] : Bridge(UnityClientdcc0ffaf-f73f-4f7b-be5b-0161db6d2ed9) on guid: "9f513e58-089e-4f1e-88db-f3baa4d15692"
 stopped.
2017-11-30 16:25:27,568 INFO  [i.module.bridge.oracle.BridgeOracle] [] [] [] : Bridge(UnityClientdcc0ffaf-f73f-4f7b-be5b-0161db6d2ed9) stopped.
2017-11-30 16:25:27,569 INFO  [akka.actor.LocalActorRef] [akka://akkaFabric/user/BridgeModule:9f513e58-089e-4f1e-88db-f3baa4d15692/BridgeActor-UnityClientdcc0ffaf-f73f-4f7b-be5b-0161db6d2ed9] [akkaFabric-akka.actor.default-dispatcher-3] [] : Message [improbable.bridge.ShutdownBridge$] from Actor[akka://akkaFabric/deadLetters] to Actor[akka://akkaFabric/user/BridgeModule:9f513e58-089e-4f1e-88db-f3baa4d15692/BridgeActor-UnityClientdcc0ffaf-f73f-4f7b-be5b-0161db6d2ed9#1032402504] was not delivered. [7] dead letters encountered. This logging can be turned off or adjusted with configuration settings 'akka.log-dead-letters' and 'akka.log-dead-letters-during-shutdown'.
2017-11-30 16:25:27,570 WARN  [i.db.legacy.LegacyDatabaseShard] [] [] [] : Tried to update entity 48 which doesn't exists.
2017-11-30 16:25:27,575 INFO  [improbable.gsim.chunk.ChunkActor] [] [] [] : Entity(GSimEntity(48,SquareChunk(0, 0),Set(ConstrainedComponent{componentId=1000, constraint=attribute_set {
  attribute: "physics"
}
}, ConstrainedComponent{componentId=1007, constraint=attribute_set {
  attribute: "physics"
}
}, ConstrainedComponent{componentId=1002, constraint=attribute_set {
  attribute: "workerId:UnityClientdcc0ffaf-f73f-4f7b-be5b-0161db6d2ed9"
}
}, ConstrainedComponent{componentId=1004, constraint=attribute_set {
  attribute: "workerId:UnityClientdcc0ffaf-f73f-4f7b-be5b-0161db6d2ed9"
}
}, ConstrainedComponent{componentId=1006, constraint=attribute_set {
  attribute: "physics"
}
}, ConstrainedComponent{componentId=1600, constraint=attribute_set {
  attribute: "physics"
}
}, ConstrainedComponent{componentId=1003, constraint=attribute_set {
  attribute: "physics"
}
}, ConstrainedComponent{componentId=54, constraint=attribute_set {
  attribute: "physics"
}
}, ConstrainedComponent{componentId=2003, constraint=attribute_set {
  attribute: "physics"
}
}),attribute_set {
  attribute: "physics"
}
attribute_set {
  attribute: "visual"
}
).entityId) has moved out of this GSim space. Will not send it down to Workers. (Logged every 1000 times)
2017-11-30 16:27:27,163 INFO  [i.c.discovery.ServiceDiscoveryImpl] [] [] [] : Shutting down all services
2017-11-30 16:27:27,166 INFO  [i.core.discovery.server.LocalServer] [] [] [] : Stopped Service(improbable.fabric.internal.service.StatusDiscoveryInternalService) on 127.0.0.1:5301.
2017-11-30 16:27:27,167 INFO  [i.core.discovery.server.PublicServer] [] [] [] : Stopped Service(improbable.platform.runtime.ModuleService) on 127.0.0.1:9000.
2017-11-30 16:27:27,167 INFO  [i.core.discovery.server.PublicServer] [] [] [] : Stopped Service(improbable.platform.runtime.HealthCheckService) on 127.0.0.1:9001.
2017-11-30 16:27:27,168 INFO  [i.core.discovery.server.LocalServer] [] [] [] : Stopped Service(improbable.fabric.internal.service.PerfInternalService) on 127.0.0.1:9002.
2017-11-30 16:27:27,168 INFO  [i.core.discovery.server.LocalServer] [] [] [] : Stopped Service(improbable.fabric.internal.service.ContentionInternalService) on 127.0.0.1:9003.
2017-11-30 16:27:27,168 INFO  [i.core.discovery.server.PublicServer] [] [] [] : Stopped Service(improbable.platform.runtime.FeatureService) on 127.0.0.1:9004.
2017-11-30 16:27:27,169 INFO  [i.core.discovery.server.LocalServer] [] [] [] : Stopped Service(improbable.fabric.internal.service.NodeConfigurationInternalService) on 127.0.0.1:9005.
2017-11-30 16:27:27,170 INFO  [i.core.discovery.server.LocalServer] [] [] [] : Stopped Service(improbable.fabric.internal.service.WorldExtentsInternalService) on 127.0.0.1:9006.
2017-11-30 16:27:27,171 INFO  [i.core.discovery.server.LocalServer] [] [] [] : Stopped Service(improbable.fabric.internal.service.EntityIdInternalService) on 127.0.0.1:9007.
2017-11-30 16:27:27,172 INFO  [i.core.discovery.server.LocalServer] [] [] [] : Stopped Service(improbable.fabric.internal.service.WorkerPrestartRegistryInternalService) on 127.0.0.1:9008.
2017-11-30 16:27:27,173 INFO  [i.core.discovery.server.LocalServer] [] [] [] : Stopped Service(improbable.fabric.internal.service.RouterLookupInternalService) on 127.0.0.1:9009.
2017-11-30 16:27:27,174 INFO  [i.core.discovery.server.LocalServer] [] [] [] : Stopped Service(improbable.fabric.internal.service.RouterInternalService) on 127.0.0.1:9010.
2017-11-30 16:27:27,175 INFO  [i.core.discovery.server.LocalServer] [] [] [] : Stopped Service(improbable.fabric.internal.service.RemoteMessageInternalService) on 127.0.0.1:9011.
2017-11-30 16:27:27,175 INFO  [i.core.discovery.server.LocalServer] [] [] [] : Stopped Service(improbable.fabric.internal.service.LocalBrokerInternalService) on 127.0.0.1:9012.
2017-11-30 16:27:27,176 INFO  [i.core.discovery.server.LocalServer] [] [] [] : Stopped Service(improbable.fabric.internal.service.BridgeOracleInternalService) on 127.0.0.1:9013.
2017-11-30 16:27:27,177 INFO  [i.core.discovery.server.LocalServer] [] [] [] : Stopped Service(improbable.fabric.internal.service.GlobalBrokerInternalService) on 127.0.0.1:9014.
2017-11-30 16:27:27,178 INFO  [i.core.discovery.server.LocalServer] [] [] [] : Stopped Service(improbable.fabric.internal.service.BridgeServiceOracleInternalService) on 127.0.0.1:9015.
2017-11-30 16:27:27,178 INFO  [i.core.discovery.server.LocalServer] [] [] [] : Stopped Service(improbable.fabric.internal.service.LocalSnapshotInternalService) on 127.0.0.1:9016.
2017-11-30 16:27:27,179 INFO  [i.core.discovery.server.PublicServer] [] [] [] : Stopped Service(improbable.fabric.internal.service.ScalingStatsInternalService) on 127.0.0.1:9017.
2017-11-30 16:27:27,180 INFO  [i.core.discovery.server.LocalServer] [] [] [] : Stopped Service(improbable.fabric.internal.service.EntityQueryInternalService) on 127.0.0.1:9018.
2017-11-30 16:27:27,181 INFO  [i.core.discovery.server.LocalServer] [] [] [] : Stopped Service(improbable.fabric.internal.service.BridgeInternalService) on 127.0.0.1:9019.
2017-11-30 16:27:27,183 INFO  [i.core.discovery.server.PublicServer] [] [] [] : Stopped Service(improbable.platform.inner.worker.WorkerRunner) on 127.0.0.1:9020.
2017-11-30 16:27:27,184 INFO  [i.core.discovery.server.LocalServer] [] [] [] : Stopped Service(improbable.fabric.internal.service.ReceptionistInternalService) on 127.0.0.1:9021.
2017-11-30 16:27:27,184 INFO  [i.core.discovery.server.PublicServer] [] [] [] : Stopped Service(improbable.platform.runtime.ReceptionistService) on 127.0.0.1:7777.
