2017-11-23 12:13:43,900 INFO  [i.deployment.InternalGameLauncher] [] [] [] : Parsed 362 internal flags at startup
2017-11-23 12:13:44,136 INFO  [i.deployment.InternalGameLauncher] [] [] [] : SpatialOS runtime version: 11-20171114T103507Z-cc9d195
2017-11-23 12:13:44,423 INFO  [i.c.c.f.FlagzFieldRegistryUpdater] [] [] [] : Initialized Fabric flagz registry with 11 set fields.
2017-11-23 12:13:45,616 INFO  [i.core.discovery.server.LocalServer] [] [] [] : Registered Service(improbable.fabric.internal.service.StatusDiscoveryInternalService) on 127.0.0.1:5301.
2017-11-23 12:13:45,617 INFO  [i.c.discovery.ServiceDiscoveryImpl] [] [] [] : Status discovery address: host: "127.0.0.1"
port: 5301

2017-11-23 12:13:45,629 INFO  [improbable.module.ModuleNode] [] [] [] : Starting Fabric node as master (IP: 127.0.0.1).
2017-11-23 12:13:45,630 INFO  [i.c.d.client.CheckpointDiscoveryImpl] [] [] [] : Reached a checkpoint: ALL_NODES_STARTED
2017-11-23 12:13:45,630 INFO  [improbable.module.ModuleNode] [] [] [] : Node master has started, waiting for other nodes to reach the same checkpoint.
2017-11-23 12:13:45,631 INFO  [improbable.module.ModuleNode] [] [] [] : All nodes have been started.
2017-11-23 12:13:45,642 INFO  [i.core.discovery.server.PublicServer] [] [] [] : Registered Service(improbable.platform.runtime.ModuleService) on 127.0.0.1:9000.
2017-11-23 12:13:45,660 INFO  [i.core.discovery.server.PublicServer] [] [] [] : Registered Service(improbable.platform.runtime.HealthCheckService) on 127.0.0.1:9001.
2017-11-23 12:13:45,672 INFO  [i.core.discovery.server.LocalServer] [] [] [] : Registered Service(improbable.fabric.internal.service.PerfInternalService) on 127.0.0.1:9002.
2017-11-23 12:13:45,684 INFO  [i.core.discovery.server.LocalServer] [] [] [] : Registered Service(improbable.fabric.internal.service.ContentionInternalService) on 127.0.0.1:9003.
2017-11-23 12:13:45,709 INFO  [i.core.discovery.server.PublicServer] [] [] [] : Registered Service(improbable.platform.runtime.FeatureService) on 127.0.0.1:9004.
2017-11-23 12:13:45,740 INFO  [i.c.config.flagz.WorkerFlagzUpdater] [] [] [] : Initialized worker flagz registry with 0 set fields.
2017-11-23 12:13:45,742 INFO  [improbable.module.ModuleNode] [] [] [] : Using master node configuration loader.
2017-11-23 12:13:45,760 INFO  [i.core.discovery.server.LocalServer] [] [] [] : Registered Service(improbable.fabric.internal.service.NodeConfigurationInternalService) on 127.0.0.1:9005.
2017-11-23 12:13:45,782 INFO  [i.c.c.n.MasterNodeConfigurationLoader] [] [] [] : Using roles [MASTER, GSIM, BRIDGE, WORKER_RUNNER, INSPECTION] for node node_id {
  deployment_id {
    project_id {
      name: "your_project_name_here"
    }
    name: "local"
  }
  name: "master"
}
private_ip: "127.0.0.1"
roles: MASTER
roles: GSIM
roles: BRIDGE
roles: WORKER_RUNNER
roles: INSPECTION

2017-11-23 12:13:45,811 INFO  [improbable.core.config.node.GsimGrid] [] [] [] : Created gsim grid configuration of size (1500, 1500) with 1 columns and 1 rows, using gsims of (30, 30) chunks.
2017-11-23 12:13:45,842 INFO  [i.c.c.n.MasterNodeConfigurationLoader] [] [] [] : Original deployment module configuration (before parsing): {deployment_id {
  project_id {
    name: "your_project_name_here"
  }
  name: "local"
}
name: "master"
=[ProfilingModule, BridgeModuleOracleModule, BridgeOracleModule, PersistenceModule, ReceptionistModule, RouterModule, GSimModule, BridgeModule, EngineStartupModule, InspectionRestModule]}
2017-11-23 12:13:45,871 INFO  [i.c.c.n.MasterNodeConfigurationLoader] [] [] [] : Master successfully loaded configurations for 1 node(s).
2017-11-23 12:13:45,881 INFO  [improbable.module.ModuleNode] [] [] [] : Loaded node configuration: node_id {
  deployment_id {
    project_id {
      name: "your_project_name_here"
    }
    name: "local"
  }
  name: "master"
}
gsim_configurations {
  extent {
    bottom_left {
      x_in_chunks: -15
      z_in_chunks: -15
    }
    top_right {
      x_in_chunks: 15
      z_in_chunks: 15
    }
  }
}
start_router: true
start_bridge_oracle: true
start_bridge_module_oracle: true
start_engine_startup_module: true
start_receptionist_service: true
start_inspection_rest_module: true
start_snapshot_service: true
start_profiling_module: true
bridge_modules: "BridgeModule"
gsim_modules: "GSimModule"

2017-11-23 12:13:45,881 INFO  [improbable.module.ModuleNode] [] [] [] : Using master world extents provider.
2017-11-23 12:13:45,900 INFO  [i.core.discovery.server.LocalServer] [] [] [] : Registered Service(improbable.fabric.internal.service.WorldExtentsInternalService) on 127.0.0.1:9006.
2017-11-23 12:13:45,902 INFO  [i.c.world.MasterWorldExtentsProvider] [] [] [] : Successfully initialized world extents with 1 rectangle(s).
2017-11-23 12:13:45,906 INFO  [improbable.module.ModuleNode] [] [] [] : Loaded world extents: WorldExtents{proto=rectangles {
  bottom_left {
    x: -750.0
    z: -750.0
  }
  top_right {
    x: 750.0
    z: 750.0
  }
  is_fully_simulated: true
  responsible_gsim_id {
  }
}
bounding_rectangle {
  bottom_left {
    x: -750.0
    z: -750.0
  }
  top_right {
    x: 750.0
    z: 750.0
  }
  is_fully_simulated: true
}
}
2017-11-23 12:13:46,167 INFO  [i.c.d.g.GlobalServiceDiscoveryImpl] [] [] [] : Global service discovery refreshed 8 server(s) (previously: 0)
2017-11-23 12:13:46,170 INFO  [i.c.d.g.GlobalCheckpointDiscoveryImpl] [] [] [] : Global checkpoint discovery refreshed checkpoints.
2017-11-23 12:13:46,264 INFO  [i.e.schema.ParsedFileDescriptorSet] [] [] [] : Parsed file descriptors of 13 proto files.
2017-11-23 12:13:46,311 INFO  [i.entity.schema.SchemaFactory] [] [] [] : Found components: [improbable.player.Score, improbable.EntityAcl, improbable.Metadata, improbable.Position, improbable.Persistence, improbable.core.Rotation, improbable.player.Health, improbable.core.ClientAuthorityCheck, improbable.player.ClientConnection, improbable.player.PlayerInput, improbable.core.PlayerCreation]
2017-11-23 12:13:46,322 INFO  [i.entity.schema.SchemaFactory] [] [] [] : Found components: [improbable.player.Score, improbable.EntityAcl, improbable.Metadata, improbable.Position, improbable.Persistence, improbable.internal.EntityAuthority, improbable.core.ClientAuthorityCheck, improbable.core.PlayerCreation, improbable.player.ClientConnection, improbable.core.Rotation, improbable.player.PlayerInput, improbable.player.Health]
2017-11-23 12:13:46,323 INFO  [improbable.module.ModuleNode] [] [] [] : Successfully loaded schema for entities
2017-11-23 12:13:46,325 INFO  [improbable.module.ModuleNode] [] [] [] : Validating snapshot at startup and determining max entity id
2017-11-23 12:13:46,331 INFO  [i.p.s.storage.LegacySnapshotStorage] [] [] [] : Requesting download URL for Snapshot(local@latest) matching []
2017-11-23 12:13:46,350 INFO  [i.p.s.storage.LegacySnapshotStorage] [] [] [] : Downloading snapshot from http://127.0.0.1:21000/snapshots/20171123121335990
2017-11-23 12:13:46,393 INFO  [improbable.module.ModuleNode] [] [] [] : Determined the first entity id for the id assigner as 12
2017-11-23 12:13:46,401 INFO  [i.core.discovery.server.LocalServer] [] [] [] : Registered Service(improbable.fabric.internal.service.EntityIdInternalService) on 127.0.0.1:9007.
2017-11-23 12:13:46,434 INFO  [i.core.discovery.server.LocalServer] [] [] [] : Registered Service(improbable.fabric.internal.service.WorkerPrestartRegistryInternalService) on 127.0.0.1:9008.
2017-11-23 12:13:46,472 INFO  [i.core.discovery.server.LocalServer] [] [] [] : Registered Service(improbable.fabric.internal.service.RouterLookupInternalService) on 127.0.0.1:9009.
2017-11-23 12:13:46,480 INFO  [i.module.router.ActorSystemFactory$] [] [] [] : Attempting to create ActorSystem akkaFabric with configRecord akkaFabric
2017-11-23 12:13:46,554 INFO  [i.c.d.g.GlobalServiceDiscoveryImpl] [] [] [] : Global service discovery refreshed 11 server(s) (previously: 8)
2017-11-23 12:13:46,983 INFO  [akka.event.slf4j.Slf4jLogger] [] [] [] : Slf4jLogger started
2017-11-23 12:13:48,879 INFO  [i.l.params.LoadbalancerParamsFactory] [] [] [] : Parsed 1 worker loadbalancing configuration(s)
2017-11-23 12:13:48,884 INFO  [i.l.params.LoadbalancerParamsFactory] [] [] [] : Successfully loaded loadbalancing configurations: {UnityWorker=improbable.loadbalancing.params.AutoHexGridLoadbalancerParams@6bb4568}
2017-11-23 12:13:49,003 INFO  [i.w.a.WorkerAssemblyProviderFactory] [] [] [] : Loaded worker assemblies for these workers types: UnityClient, UnityWorker.
2017-11-23 12:13:49,005 INFO  [improbable.module.ModuleNode] [] [] [] : Loaded worker assemblies: [worker_assembly_id {
  assembly_id {
    project_id {
      name: "your_project_name_here"
    }
    name: "local_assembly"
  }
  name {
    name: "UnityClient"
  }
}
bridge_configuration {
  worker_attribute_set {
    attribute {
      name: "visual"
    }
  }
  entity_interest {
    range_entity_interest {
      radius: 200.0
    }
  }
  component_delivery {
    checkout_all_initially: true
  }
}
, worker_assembly_id {
  assembly_id {
    project_id {
      name: "your_project_name_here"
    }
    name: "local_assembly"
  }
  name {
    name: "UnityWorker"
  }
}
worker_launch_configuration {
  platform: WINDOWS
  worker_zip {
    command: "UnityWorker@Windows.exe"
    argument: "+projectName"
    argument: "${IMPROBABLE_PROJECT_NAME}"
    argument: "+receptionistIp"
    argument: "${IMPROBABLE_RECEPTIONIST_HOST}"
    argument: "+receptionistPort"
    argument: "${IMPROBABLE_RECEPTIONIST_PORT}"
    argument: "+workerType"
    argument: "${IMPROBABLE_WORKER_NAME}"
    argument: "+workerId"
    argument: "${IMPROBABLE_WORKER_ID}"
    argument: "+useInternalIpForBridge"
    argument: "true"
    argument: "+infraServicesUrl"
    argument: "${IMPROBABLE_API_URL}"
    argument: "+assemblyName"
    argument: "${IMPROBABLE_ASSEMBLY_NAME}"
    argument: "+linkProtocol"
    argument: "RakNet"
    argument: "-logfile"
    argument: "${IMPROBABLE_LOG_FILE}"
    argument: "-batchmode"
    argument: "-nographics"
    worker_location {
      filename: "UnityWorker@Windows.zip"
    }
  }
}
worker_launch_configuration {
  platform: MACOS
  worker_zip {
    command: "UnityWorker@Mac.app/Contents/MacOS/UnityWorker@Mac"
    argument: "+projectName"
    argument: "${IMPROBABLE_PROJECT_NAME}"
    argument: "+receptionistIp"
    argument: "${IMPROBABLE_RECEPTIONIST_HOST}"
    argument: "+receptionistPort"
    argument: "${IMPROBABLE_RECEPTIONIST_PORT}"
    argument: "+workerType"
    argument: "${IMPROBABLE_WORKER_NAME}"
    argument: "+workerId"
    argument: "${IMPROBABLE_WORKER_ID}"
    argument: "+useInternalIpForBridge"
    argument: "true"
    argument: "+infraServicesUrl"
    argument: "${IMPROBABLE_API_URL}"
    argument: "+assemblyName"
    argument: "${IMPROBABLE_ASSEMBLY_NAME}"
    argument: "+linkProtocol"
    argument: "RakNet"
    argument: "-logfile"
    argument: "${IMPROBABLE_LOG_FILE}"
    argument: "-batchmode"
    argument: "-nographics"
    worker_location {
      filename: "UnityWorker@Mac.zip"
    }
  }
}
worker_launch_configuration {
  platform: LINUX
  worker_zip {
    command: "UnityWorker@Linux"
    argument: "+projectName"
    argument: "${IMPROBABLE_PROJECT_NAME}"
    argument: "+receptionistIp"
    argument: "${IMPROBABLE_RECEPTIONIST_HOST}"
    argument: "+receptionistPort"
    argument: "${IMPROBABLE_RECEPTIONIST_PORT}"
    argument: "+workerType"
    argument: "${IMPROBABLE_WORKER_NAME}"
    argument: "+workerId"
    argument: "${IMPROBABLE_WORKER_ID}"
    argument: "+useInternalIpForBridge"
    argument: "true"
    argument: "+infraServicesUrl"
    argument: "${IMPROBABLE_API_URL}"
    argument: "+assemblyName"
    argument: "${IMPROBABLE_ASSEMBLY_NAME}"
    argument: "+linkProtocol"
    argument: "RakNet"
    argument: "-logfile"
    argument: "${IMPROBABLE_LOG_FILE}"
    argument: "-batchmode"
    argument: "-nographics"
    worker_location {
      filename: "UnityWorker@Linux.zip"
    }
  }
}
bridge_configuration {
  worker_attribute_set {
    attribute {
      name: "physics"
    }
  }
  entity_interest {
    range_entity_interest {
      radius: 200.0
    }
  }
  component_delivery {
    checkout_all_initially: true
  }
}
]
2017-11-23 12:13:49,012 INFO  [i.w.assembly.WorkerAssemblyProvider] [] [] [] : Worker configuration for 'UnityClient' does not contain a launch configuration for the current platform 'WINDOWS', so Fabric will not start any managed workers of this type
2017-11-23 12:13:49,014 INFO  [i.w.assembly.WorkerAssemblyProvider] [] [] [] : The following worker configurations do not contain valid managed launch configurations for the current platform WINDOWS, and the runtime will be unable to launch managed workers of this type: [UnityClient]. This is expected for worker types you intend to only connect manually.
2017-11-23 12:13:49,019 INFO  [i.w.permissions.PermissionsFactory] [] [] [] : Created permissions manager with permissions: {UnityWorker=Permissions{{/sys/CreateEntity=, /sys/DeleteEntity=, /sys/EntityQuery={"component":["*"]}}}, UnityClient=Permissions{{/sys/EntityQuery={"component":[]}}}}
2017-11-23 12:13:51,284 INFO  [improbable.module.ModuleNode] [] [] [] : Starting router on master
2017-11-23 12:13:51,292 INFO  [i.core.discovery.server.LocalServer] [] [] [] : Registered Service(improbable.fabric.internal.service.RouterInternalService) on 127.0.0.1:9010.
2017-11-23 12:13:51,293 INFO  [i.c.m.r.RouterInternalServiceImpl] [] [] [] : Attempting to register RouterInternalServiceImpl with RouterLookupInternalService.
2017-11-23 12:13:51,304 INFO  [i.c.m.r.l.RouterLookupInternalServiceImpl] [] [] [] : 1/1 router modules started
2017-11-23 12:13:51,306 INFO  [i.c.m.r.RouterInternalServiceImpl] [] [] [] : Registered RouterInternalServiceImpl with RouterLookupInternalService.
2017-11-23 12:13:51,307 INFO  [improbable.module.ModuleNode] [] [] [] : Attempting to get addresses of all RouterModules from master node
2017-11-23 12:13:51,318 INFO  [improbable.module.ModuleNode] [] [] [] : Got all RouterModules from master node
2017-11-23 12:13:51,337 INFO  [i.core.discovery.server.LocalServer] [] [] [] : Registered Service(improbable.fabric.internal.service.RemoteMessageInternalService) on 127.0.0.1:9011.
2017-11-23 12:13:51,353 INFO  [i.core.discovery.server.LocalServer] [] [] [] : Registered Service(improbable.fabric.internal.service.LocalBrokerInternalService) on 127.0.0.1:9012.
2017-11-23 12:13:51,359 INFO  [improbable.module.ModuleNode] [] [] [] : Waiting for all router modules in the deployment to have started
2017-11-23 12:13:51,363 INFO  [improbable.module.ModuleNode] [] [] [] : All router modules in the deployment started
2017-11-23 12:13:51,437 INFO  [org.eclipse.jetty.server.Server] [] [] [] : jetty-8.y.z-SNAPSHOT
2017-11-23 12:13:51,468 INFO  [o.e.jetty.server.AbstractConnector] [] [] [] : Started SelectChannelConnector@0.0.0.0:5006
2017-11-23 12:13:51,468 INFO  [improbable.http.ServletContainer$] [] [] [] : Servlet container started
2017-11-23 12:13:51,471 INFO  [improbable.module.ModuleNode] [] [] [] : Starting BridgeOracle on master
2017-11-23 12:13:51,482 INFO  [improbable.module.ModuleNode] [] [] [] : Waiting for the BridgeOracle to have started
2017-11-23 12:13:51,537 INFO  [i.c.d.g.GlobalServiceDiscoveryImpl] [] [] [] : Global service discovery refreshed 14 server(s) (previously: 11)
2017-11-23 12:13:51,687 INFO  [i.core.discovery.server.LocalServer] [] [] [] : Registered Service(improbable.fabric.internal.service.BridgeOracleInternalService) on 127.0.0.1:9013.
2017-11-23 12:13:52,533 INFO  [i.c.d.g.GlobalServiceDiscoveryImpl] [] [] [] : Global service discovery refreshed 15 server(s) (previously: 14)
2017-11-23 12:13:52,534 INFO  [improbable.module.ModuleNode] [] [] [] : Received BridgeOracle started
2017-11-23 12:13:52,547 INFO  [i.core.discovery.server.LocalServer] [] [] [] : Registered Service(improbable.fabric.internal.service.GlobalBrokerInternalService) on 127.0.0.1:9014.
2017-11-23 12:13:52,549 INFO  [improbable.module.ModuleNode] [] [] [] : Waiting for the BridgeModuleOracle to have started
2017-11-23 12:13:52,552 INFO  [i.c.a.e.ExtensibleActorReporter] [] [] [] : Started BridgeModuleOracleActor(Actor[akka://akkaFabric/user/BridgeModuleOracleModule#1293350120]).
2017-11-23 12:13:52,566 INFO  [i.core.discovery.server.LocalServer] [] [] [] : Registered Service(improbable.fabric.internal.service.BridgeServiceOracleInternalService) on 127.0.0.1:9015.
2017-11-23 12:13:53,533 INFO  [i.c.d.g.GlobalServiceDiscoveryImpl] [] [] [] : Global service discovery refreshed 17 server(s) (previously: 15)
2017-11-23 12:13:53,534 INFO  [improbable.module.ModuleNode] [] [] [] : Received BridgeModuleOracle started
2017-11-23 12:13:53,541 INFO  [improbable.module.ModuleNode] [] [] [] : Starting gsim GSimModule
2017-11-23 12:13:53,548 INFO  [improbable.module.ModuleNode] [] [] [] : Waiting for 1 entity query service(s) to start.
2017-11-23 12:13:53,578 INFO  [i.core.discovery.server.LocalServer] [] [] [] : Registered Service(improbable.fabric.internal.service.LocalSnapshotInternalService) on 127.0.0.1:9016.
2017-11-23 12:13:53,608 INFO  [i.p.gsim.GSimPersistenceWriter] [] [] [] : Transitioning GSimPersistenceActor(0) from State [Idle] to [Idle].  Time Elapsed: 1 millisecond
2017-11-23 12:13:53,615 INFO  [i.core.discovery.server.PublicServer] [] [] [] : Registered Service(improbable.fabric.internal.service.ScalingStatsInternalService) on 127.0.0.1:9017.
2017-11-23 12:13:53,645 INFO  [i.core.discovery.server.LocalServer] [] [] [] : Registered Service(improbable.fabric.internal.service.EntityQueryInternalService) on 127.0.0.1:9018.
2017-11-23 12:13:53,678 INFO  [i.bridge.oracle.scaling.WorkerScaler] [] [] [] : Skipping reconciliation because no WorkerRunner service is available. This message is expected at startup but should not persist through the deployment
2017-11-23 12:13:54,534 INFO  [i.c.d.g.GlobalServiceDiscoveryImpl] [] [] [] : Global service discovery refreshed 20 server(s) (previously: 17)
2017-11-23 12:13:54,535 INFO  [improbable.module.ModuleNode] [] [] [] : All 1 entity query service(s) have started.
2017-11-23 12:13:54,535 INFO  [improbable.module.ModuleNode] [] [] [] : Creating entity query client.
2017-11-23 12:13:54,558 INFO  [improbable.module.ModuleNode] [] [] [] : Entity query client created with directory: EntityQueryServiceDirectory{allServices=[EntityQueryInternalServiceInfo{address=host: "127.0.0.1"
port: 9018
, extent=Rectangle{minX=-750.0, minZ=-750.0, maxX=750.0, maxZ=750.0}, isLocal=true}], localServices=[EntityQueryInternalServiceInfo{address=host: "127.0.0.1"
port: 9018
, extent=Rectangle{minX=-750.0, minZ=-750.0, maxX=750.0, maxZ=750.0}, isLocal=true}], remoteServices=[]}
2017-11-23 12:13:54,571 INFO  [improbable.module.ModuleNode] [] [] [] : Waiting for 1 bridge service(s) to start.
2017-11-23 12:13:54,589 INFO  [i.c.a.e.ExtensibleActorReporter] [] [] [] : Started BridgeModuleActor(Actor[akka://akkaFabric/user/BridgeModule:9594e478-c040-4748-a44a-c2cf9c886e01#798822476]).
2017-11-23 12:13:54,608 INFO  [i.core.discovery.server.LocalServer] [] [] [] : Registered Service(improbable.fabric.internal.service.BridgeInternalService) on 127.0.0.1:9019.
2017-11-23 12:13:54,609 INFO  [i.module.bridge.BridgeModuleActor] [] [] [] : Waiting for BridgeModuleOracle service to be available
2017-11-23 12:13:54,621 INFO  [i.module.bridge.BridgeModuleActor] [] [] [] : Registered(BridgeModuleEndpoint(9594e478-c040-4748-a44a-c2cf9c886e01)) on BridgeModuleOracleService
2017-11-23 12:13:55,532 INFO  [i.c.d.g.GlobalServiceDiscoveryImpl] [] [] [] : Global service discovery refreshed 21 server(s) (previously: 20)
2017-11-23 12:13:55,533 INFO  [improbable.module.ModuleNode] [] [] [] : All 1 bridge service(s) have started.
2017-11-23 12:13:55,538 INFO  [improbable.module.ModuleNode] [] [] [] : Starting WorkerRunner service (EngineStartupModule)
2017-11-23 12:13:55,550 INFO  [improbable.worker.exec.WorkerStats] [] [] [] : Cannot read /proc/self/stat; worker stats reporting will not work.
2017-11-23 12:13:55,562 INFO  [i.core.discovery.server.PublicServer] [] [] [] : Registered Service(improbable.platform.inner.worker.WorkerRunner) on 127.0.0.1:9020.
2017-11-23 12:13:55,573 INFO  [i.core.discovery.server.LocalServer] [] [] [] : Registered Service(improbable.fabric.internal.service.ReceptionistInternalService) on 127.0.0.1:9021.
2017-11-23 12:13:55,581 INFO  [i.core.discovery.server.PublicServer] [] [] [] : Registered Service(improbable.platform.runtime.ReceptionistService) on 127.0.0.1:7777.
2017-11-23 12:13:55,582 INFO  [improbable.module.ModuleNode] [] [] [] : Starting InspectionRestModule
2017-11-23 12:13:55,583 INFO  [improbable.module.ModuleNode] [] [] [] : Starting ProfilingModule
2017-11-23 12:13:55,585 INFO  [i.c.d.client.CheckpointDiscoveryImpl] [] [] [] : Reached a checkpoint: ALL_MODULES_STARTED
2017-11-23 12:13:55,585 INFO  [improbable.module.ModuleNode] [] [] [] : All modules on this node started, waiting for other nodes to reach the same checkpoint.
2017-11-23 12:13:55,596 INFO  [i.core.discovery.server.LocalServer] [] [] [] : Registered Service(improbable.fabric.internal.debug.HeatmapCellCacheInternalService) on 127.0.0.1:9022.
2017-11-23 12:13:55,596 INFO  [i.c.a.e.ExtensibleActorReporter] [] [] [] : Started ProfilingModuleActor(Actor[akka://akkaFabric/user/ProfilingModule#-1844474745]).
2017-11-23 12:13:55,625 INFO  [i.core.discovery.server.PublicServer] [] [] [] : Registered Service(improbable.platform.runtime.InspectionService) on 127.0.0.1:9023.
2017-11-23 12:13:55,673 INFO  [i.bridge.oracle.scaling.WorkerScaler] [] [] [] : Skipping reconciliation because no WorkerRunner service is available. This message is expected at startup but should not persist through the deployment
2017-11-23 12:13:55,679 INFO  [i.c.a.e.ExtensibleActorReporter] [] [] [] : Started InspectionRestModuleActor(Actor[akka://akkaFabric/user/InspectionRestModule#537638523]).
2017-11-23 12:13:56,155 INFO  [spray.can.server.HttpListener] [akka://akkaFabric/user/IO-HTTP/listener-0] [akkaFabric-akka.actor.default-dispatcher-2] [] : Bound to /0.0.0.0:5005
2017-11-23 12:13:56,548 INFO  [i.c.d.g.GlobalCheckpointDiscoveryImpl] [] [] [] : Global checkpoint discovery refreshed checkpoints.
2017-11-23 12:13:56,552 INFO  [improbable.module.ModuleNode] [] [] [] : All modules on all nodes have been started.
2017-11-23 12:13:56,552 INFO  [improbable.module.ModuleNode] [] [] [] : Loading a snapshot.
2017-11-23 12:13:56,561 INFO  [i.c.d.g.GlobalServiceDiscoveryImpl] [] [] [] : Global service discovery refreshed 26 server(s) (previously: 21)
2017-11-23 12:13:56,578 INFO  [i.p.g.GSimPersistenceLoadOrchestrator] [] [] [] : Loading snapshot on GSim(0).
2017-11-23 12:13:56,579 INFO  [i.p.s.storage.LegacySnapshotStorage] [] [] [] : Requesting download URL for Snapshot(local@latest) matching []
2017-11-23 12:13:56,590 INFO  [i.p.s.storage.LegacySnapshotStorage] [] [] [] : Downloading snapshot from http://127.0.0.1:21000/snapshots/20171123121335990
2017-11-23 12:13:56,593 INFO  [i.p.gsim.GSimPersistenceLoader] [] [] [] : Loading snapshot
2017-11-23 12:13:56,636 INFO  [i.p.g.GSimPersistenceLoadOrchestrator] [] [] [] : Loaded 11 entities on GSim(0).
2017-11-23 12:13:56,651 INFO  [i.p.c.PersistenceLoaderCoordinatorActor] [] [] [] : All Snapshots loaded.
2017-11-23 12:13:56,656 INFO  [improbable.module.ModuleNode] [] [] [] : Snapshot has been loaded.
2017-11-23 12:13:56,661 INFO  [improbable.module.ModuleNode] [] [] [] : Starting SnapshotService.
2017-11-23 12:13:56,716 INFO  [i.l.params.LoadbalancerParamsFactory] [] [] [] : LoadbalancerParams for worker type [UnityWorker]: [AutoHexGridLoadbalancerParams{energyLimitingEnabled=true, energyLimit=1.0E9, minWorkerRange=1500.0, maxWorkerRange=1500.0, maxWorkerStepSize=0.0, workerExpansionTimeMs=60000, workerGridSize=0, loadbalancerEnabled=false, hexGridMode=AUTO, scalerAdvisorType=CONSTANT, maxWorkers=1, initialWorkers=1, numEntitiesPerWorker=9223372036854775807, statusReportPeriodMs=30000, pointsOfInterestEnabled=false, hexGridSolution=AutoValue_HexGridSolution{workersUsed=1, hexagonEdgeLength=1500.0, hexagonOrientation=POINTY_TOP, bounds=Rectangle{minX=-750.0, minZ=-750.0, maxX=750.0, maxZ=750.0}}, pointsOfInterestSolution=Empty}]
2017-11-23 12:13:56,782 INFO  [i.core.discovery.server.PublicServer] [] [] [] : Registered Service(improbable.platform.runtime.SnapshotService) on 127.0.0.1:9024.
2017-11-23 12:13:56,782 INFO  [i.c.d.client.CheckpointDiscoveryImpl] [] [] [] : Reached a checkpoint: LOAD_SNAPSHOT_FINISHED
2017-11-23 12:13:56,784 INFO  [improbable.module.ModuleNode] [] [] [] : SpatialOS runtime startup complete.
2017-11-23 12:13:57,546 INFO  [i.c.d.g.GlobalCheckpointDiscoveryImpl] [] [] [] : Global checkpoint discovery refreshed checkpoints.
2017-11-23 12:13:57,548 INFO  [i.c.d.g.GlobalServiceDiscoveryImpl] [] [] [] : Global service discovery refreshed 27 server(s) (previously: 26)
2017-11-23 12:13:57,606 INFO  [i.b.o.m.BridgeOracleWorkerManager] [] [] [] : Trying to start managed worker UnityWorker0
2017-11-23 12:13:57,627 INFO  [i.bridge.oracle.scaling.WorkerScaler] [] [] [] : Starting 1 new managed workers for attribute_set {
  attribute: "physics"
}
 (required: 1, existing: 0)
2017-11-23 12:13:57,635 INFO  [i.worker.exec.WorkerStartupExecutor] [] [] [] : Awaiting internal receptionist service to register with service discovery
2017-11-23 12:13:57,638 INFO  [i.worker.exec.WorkerStartupExecutor] [] [] [] : Successfully found the internal receptionist service in service discovery
2017-11-23 12:13:57,644 INFO  [i.worker.exec.WorkerStartupExecutor] [] [] [] : Awaiting public receptionist service to register with service discovery
2017-11-23 12:13:57,644 INFO  [i.worker.exec.WorkerStartupExecutor] [] [] [] : Successfully found the public receptionist service in service discovery
2017-11-23 12:14:01,755 INFO  [i.worker.exec.WorkerStartupExecutor] [] [] [] : Created log file for worker UnityWorker0, type (UnityWorker): [C:\Users\Erasmo\Documenti\github\Game\logs\2017-11-23_12-13-37_0\workers\UnityWorker\UnityWorker0-4596143136422462858.log]
2017-11-23 12:14:01,755 INFO  [i.worker.exec.CommandLineExecutor] [] [] [] : Running command: C:\Users\Erasmo\AppData\Local\Temp\zip-downloader7287994038028991392\24d170c34e19c4f16bdc10f7e6cf20a4\UnityWorker@Windows.exe +projectName your_project_name_here +receptionistIp 127.0.0.1 +receptionistPort 7777 +workerType UnityWorker +workerId UnityWorker0 +useInternalIpForBridge true +infraServicesUrl http://127.0.0.1:21000 +assemblyName local_assembly +linkProtocol RakNet -logfile C:\Users\Erasmo\Documenti\github\Game\logs\2017-11-23_12-13-37_0\workers\UnityWorker\UnityWorker0-4596143136422462858.log -batchmode -nographics
2017-11-23 12:14:02,908 INFO  [i.b.s.BridgeServicePicker] [] [] [] : Attempting to get positionHint for UnityWorker0 via rpc
2017-11-23 12:14:02,917 INFO  [i.b.s.BridgeServicePicker] [] [] [] : Selected legacy_guid: "9594e478-c040-4748-a44a-c2cf9c886e01"
address {
  host: "127.0.0.1"
  port: 9019
}
 with position  which is the nearest bridge service to position (0.0, 0.0, 0.0)
2017-11-23 12:14:02,925 INFO  [i.m.b.o.m.BridgeModuleOracleActor] [] [] [] : BridgeServicePicker returned module Optional[legacy_guid: "9594e478-c040-4748-a44a-c2cf9c886e01"
address {
  host: "127.0.0.1"
  port: 9019
}
] with load Optional[BridgeModuleLoadBalanceInfo((0.0, 0.0, 0.0),0)].get().toString() for Engine(UnityWorker0)
2017-11-23 12:14:03,206 INFO  [i.b.i.BridgeInternalServiceImpl] [] [] [] : Bridge worker_id: "UnityWorker0"
 registered with bridge internal service
2017-11-23 12:14:03,219 INFO  [i.b.o.s.BridgeOracleInternalServiceImpl] [] [] [] : Got bridge started rpc from bridge: worker_id: "UnityWorker0"

2017-11-23 12:14:03,221 INFO  [i.b.o.s.BridgeOracleInternalServiceImpl] [] [] [] : The worker UnityWorker0 registered with SpatialOS successfully.
2017-11-23 12:14:03,223 INFO  [i.module.bridge.oracle.BridgeOracle] [] [] [] : Sending bridge started to self for bridge endpoint BridgeOracleEndpoint
2017-11-23 12:14:03,226 INFO  [i.module.bridge.oracle.BridgeOracle] [] [] [] : Bridge(UnityWorker0) started.
2017-11-23 12:14:03,234 INFO  [i.b.o.m.BridgeOracleWorkerManager] [] [] [] : Worker UnityWorker0 registered with the BridgeOracleWorker manager
2017-11-23 12:14:03,908 INFO  [i.b.n.raknet.GuardedRakPeerInterface] [] [] [] : New RakNet connection established with 127.0.0.1
2017-11-23 12:14:55,094 INFO  [i.b.s.BridgeServicePicker] [] [] [] : Attempting to get positionHint for UnityClient9ef9b729-a495-47da-b3c5-be83d055cf88 via rpc
2017-11-23 12:14:55,097 INFO  [i.b.s.BridgeServicePicker] [] [] [] : Starting UnityClient9ef9b729-a495-47da-b3c5-be83d055cf88 without a position hint, so using a random bridge service
2017-11-23 12:14:55,098 INFO  [i.m.b.o.m.BridgeModuleOracleActor] [] [] [] : BridgeServicePicker returned module Optional[legacy_guid: "9594e478-c040-4748-a44a-c2cf9c886e01"
address {
  host: "127.0.0.1"
  port: 9019
}
] with load Optional[BridgeModuleLoadBalanceInfo((0.0, 0.0, 0.0),1)].get().toString() for Engine(UnityClient9ef9b729-a495-47da-b3c5-be83d055cf88)
2017-11-23 12:14:55,129 INFO  [i.l.params.LoadbalancerParamsFactory] [] [] [] : LoadbalancerParams for worker type [UnityClient]: [FlagzLoadbalancerParams{energyLimitingEnabled=true, energyLimit=1.0E9, minWorkerRange=Infinity, maxWorkerRange=Infinity, maxWorkerStepSize=50.0, workerExpansionTimeMs=60000, workerGridSize=5, loadbalancerEnabled=true, hexGridMode=OFF, scalerAdvisorType=ENTITY_COUNT, maxWorkers=25, initialWorkers=25, numEntitiesPerWorker=9223372036854775807, statusReportPeriodMs=2000, pointsOfInterestEnabled=false, hexGridSolution=Empty, pointsOfInterestSolution=Empty}]
2017-11-23 12:14:55,134 INFO  [i.b.i.BridgeInternalServiceImpl] [] [] [] : Bridge worker_id: "UnityClient9ef9b729-a495-47da-b3c5-be83d055cf88"
 registered with bridge internal service
2017-11-23 12:14:55,142 INFO  [i.b.o.s.BridgeOracleInternalServiceImpl] [] [] [] : Got bridge started rpc from bridge: worker_id: "UnityClient9ef9b729-a495-47da-b3c5-be83d055cf88"

2017-11-23 12:14:55,145 INFO  [i.b.o.s.BridgeOracleInternalServiceImpl] [] [] [] : The worker UnityClient9ef9b729-a495-47da-b3c5-be83d055cf88 registered with SpatialOS successfully.
2017-11-23 12:14:55,146 INFO  [i.module.bridge.oracle.BridgeOracle] [] [] [] : Sending bridge started to self for bridge endpoint BridgeOracleEndpoint
2017-11-23 12:14:55,147 INFO  [i.module.bridge.oracle.BridgeOracle] [] [] [] : Bridge(UnityClient9ef9b729-a495-47da-b3c5-be83d055cf88) started.
2017-11-23 12:14:55,732 INFO  [i.b.n.raknet.GuardedRakPeerInterface] [] [] [] : New RakNet connection established with 127.0.0.1
2017-11-23 12:14:56,316 WARN  [i.b.logging.EngineLogMessageHandler] [] [] [] : [Worker: UnityWorker0] The referenced script on this Behaviour is missing!
 in  -[WorkerLogger:Unity]
2017-11-23 12:14:56,318 WARN  [i.b.logging.EngineLogMessageHandler] [] [] [] : [Worker: UnityWorker0] The referenced script on this Behaviour (Game Object 'Player') is missing!
 in  -[WorkerLogger:Unity]
2017-11-23 12:14:56,343 WARN  [i.b.logging.EngineLogMessageHandler] [] [] [] : [Worker: UnityWorker0] The referenced script on this Behaviour is missing!
 in  -[WorkerLogger:Unity]
2017-11-23 12:14:56,344 WARN  [i.b.logging.EngineLogMessageHandler] [] [] [] : [Worker: UnityWorker0] The referenced script on this Behaviour (Game Object 'Player') is missing!
 in  -[WorkerLogger:Unity]
2017-11-23 12:14:56,345 WARN  [i.b.logging.EngineLogMessageHandler] [] [] [] : [Worker: UnityWorker0] The referenced script on this Behaviour (Game Object 'Player') is missing!
 in  -[WorkerLogger:Unity]
2017-11-23 12:14:56,346 ERROR [i.b.logging.EngineLogMessageHandler] [] [] [] : [Worker: UnityWorker0] GetComponentsInChildren returned a null element for GameObject Player(Clone)
 in  -[WorkerLogger:Unity]
2017-11-23 12:14:56,822 ERROR [i.b.logging.EngineLogMessageHandler] [] [] [] : [Worker: UnityClient9ef9b729-a495-47da-b3c5-be83d055cf88] NullReferenceException: Object reference not set to an instance of an object
 in Assets.Gamelogic.Player.TextWin.Awake ()
UnityEngine.Object:Instantiate(GameObject, Vector3, Quaternion)
Improbable.Unity.ComponentFactory.UnityPrefabFactory:MakeComponent(GameObject, String)
Improbable.Unity.ComponentFactory.PrefabFactoryMetrics:MakeComponent(GameObject, String)
Improbable.Unity.Core.LegacyEntityCreator:InstantiateEntityObject(EntityId, String)
Improbable.Unity.Core.LegacyEntityCreator:OnMakeEntitySuccess(EntityId, String)
Improbable.Unity.Core.<MakeEntity>c__AnonStorey0:<>m__0(String)
Improbable.Unity.Entity.<PrepareTemplate>c__AnonStorey0:<>m__0(GameObject)
Improbable.Unity.Assets.<LoadAsset>c__AnonStorey0:<>m__0(GameObject)
Improbable.Unity.Assets.<LoadAsset>c__AnonStorey0:<>m__0(GameObject)
Improbable.Unity.Assets.GameObjectFromAssetBundleLoader:OnAssetBundleLoaded(AssetBundle, String)
Improbable.Unity.Assets.<LoadAsset>c__AnonStorey0:<>m__0(AssetBundle)
Improbable.Unity.Assets.AssetBundleDownloader:HandleDownloadAssetResponse(String, Action`1, Action`1, WWWResponse)
Improbable.Unity.Assets.<LoadAsset>c__AnonStorey0:<>m__0(WWWResponse)
Improbable.Unity.Assets.AssetBundleDownloader:DownloadAsyncResponse(WWWResponse, IWWWRequest, String, Action`1)
Improbable.Unity.Assets.<DownloadAsync>c__AnonStorey2:<>m__0(WWWResponse)
Improbable.Unity.Util.<SendGetRequestCoroutine>c__Iterator0:MoveNext()
UnityEngine.SetupCoroutine:InvokeMoveNext(IEnumerator, IntPtr)
 -[WorkerLogger:Unity]
2017-11-23 12:15:05,945 INFO  [i.b.n.BridgeActorTransportLinkListener] [] [] [] : TransportLinkListener(UnityClient9ef9b729-a495-47da-b3c5-be83d055cf88) sending Disconnected to akka://akkaFabric/user/BridgeModule:9594e478-c040-4748-a44a-c2cf9c886e01/BridgeActor-UnityClient9ef9b729-a495-47da-b3c5-be83d055cf88
2017-11-23 12:15:05,949 INFO  [i.b.n.raknet.reporter.RakNetReporter] [] [] [] : Tried to send to RakNet(UnityClient) on Port(7001)13 after closing. Payload: component_update {
  entity_id: 12
  component_id: 54
  entity_c... (Logged every 1000 times)
2017-11-23 12:15:05,966 INFO  [i.module.bridge.oracle.BridgeOracle] [] [] [] : Sending bridge stopped to self for bridge endpoint BridgeEndpoint(UnityClient9ef9b729-a495-47da-b3c5-be83d055cf88)
2017-11-23 12:15:05,981 INFO  [i.b.i.BridgeInternalServiceImpl] [] [] [] : Bridge worker_id: "UnityClient9ef9b729-a495-47da-b3c5-be83d055cf88"
 unregistered with bridge internal service
2017-11-23 12:15:05,987 INFO  [improbable.bridge.BridgeActor] [] [] [] : Bridge(UnityClient9ef9b729-a495-47da-b3c5-be83d055cf88) on BridgeModuleEndpoint(9594e478-c040-4748-a44a-c2cf9c886e01) stopped.
2017-11-23 12:15:05,989 INFO  [i.module.bridge.oracle.BridgeOracle] [] [] [] : Bridge(UnityClient9ef9b729-a495-47da-b3c5-be83d055cf88) stopped.
2017-11-23 12:15:06,035 INFO  [akka.actor.LocalActorRef] [akka://akkaFabric/user/BridgeModule:9594e478-c040-4748-a44a-c2cf9c886e01/BridgeActor-UnityClient9ef9b729-a495-47da-b3c5-be83d055cf88] [akkaFabric-akka.actor.default-dispatcher-26] [] : Message [improbable.fabric.internal.pubsub.PubSubMessageProto$PubSubMessage] from Actor[akka://akkaFabric/user/BridgeModule:9594e478-c040-4748-a44a-c2cf9c886e01/BridgeActor-UnityClient9ef9b729-a495-47da-b3c5-be83d055cf88#2093504949] to Actor[akka://akkaFabric/user/BridgeModule:9594e478-c040-4748-a44a-c2cf9c886e01/BridgeActor-UnityClient9ef9b729-a495-47da-b3c5-be83d055cf88#2093504949] was not delivered. [1] dead letters encountered. This logging can be turned off or adjusted with configuration settings 'akka.log-dead-letters' and 'akka.log-dead-letters-during-shutdown'.
2017-11-23 12:15:06,039 INFO  [akka.actor.LocalActorRef] [akka://akkaFabric/user/BridgeModule:9594e478-c040-4748-a44a-c2cf9c886e01/BridgeActor-UnityClient9ef9b729-a495-47da-b3c5-be83d055cf88] [akkaFabric-akka.actor.default-dispatcher-26] [] : Message [improbable.fabric.internal.pubsub.PubSubMessageProto$PubSubMessage] from Actor[akka://akkaFabric/user/BridgeModule:9594e478-c040-4748-a44a-c2cf9c886e01/BridgeActor-UnityClient9ef9b729-a495-47da-b3c5-be83d055cf88#2093504949] to Actor[akka://akkaFabric/user/BridgeModule:9594e478-c040-4748-a44a-c2cf9c886e01/BridgeActor-UnityClient9ef9b729-a495-47da-b3c5-be83d055cf88#2093504949] was not delivered. [2] dead letters encountered. This logging can be turned off or adjusted with configuration settings 'akka.log-dead-letters' and 'akka.log-dead-letters-during-shutdown'.
2017-11-23 12:15:06,039 INFO  [akka.actor.LocalActorRef] [akka://akkaFabric/user/BridgeModule:9594e478-c040-4748-a44a-c2cf9c886e01/BridgeActor-UnityClient9ef9b729-a495-47da-b3c5-be83d055cf88] [akkaFabric-akka.actor.default-dispatcher-26] [] : Message [improbable.fabric.internal.pubsub.PubSubMessageProto$PubSubMessage] from Actor[akka://akkaFabric/user/BridgeModule:9594e478-c040-4748-a44a-c2cf9c886e01/BridgeActor-UnityClient9ef9b729-a495-47da-b3c5-be83d055cf88#2093504949] to Actor[akka://akkaFabric/user/BridgeModule:9594e478-c040-4748-a44a-c2cf9c886e01/BridgeActor-UnityClient9ef9b729-a495-47da-b3c5-be83d055cf88#2093504949] was not delivered. [3] dead letters encountered. This logging can be turned off or adjusted with configuration settings 'akka.log-dead-letters' and 'akka.log-dead-letters-during-shutdown'.
2017-11-23 12:15:06,040 INFO  [akka.actor.LocalActorRef] [akka://akkaFabric/user/BridgeModule:9594e478-c040-4748-a44a-c2cf9c886e01/BridgeActor-UnityClient9ef9b729-a495-47da-b3c5-be83d055cf88] [akkaFabric-akka.actor.default-dispatcher-26] [] : Message [improbable.fabric.internal.pubsub.PubSubMessageProto$PubSubMessage] from Actor[akka://akkaFabric/user/BridgeModule:9594e478-c040-4748-a44a-c2cf9c886e01/BridgeActor-UnityClient9ef9b729-a495-47da-b3c5-be83d055cf88#2093504949] to Actor[akka://akkaFabric/user/BridgeModule:9594e478-c040-4748-a44a-c2cf9c886e01/BridgeActor-UnityClient9ef9b729-a495-47da-b3c5-be83d055cf88#2093504949] was not delivered. [4] dead letters encountered. This logging can be turned off or adjusted with configuration settings 'akka.log-dead-letters' and 'akka.log-dead-letters-during-shutdown'.
2017-11-23 12:15:06,040 INFO  [akka.actor.LocalActorRef] [akka://akkaFabric/user/BridgeModule:9594e478-c040-4748-a44a-c2cf9c886e01/BridgeActor-UnityClient9ef9b729-a495-47da-b3c5-be83d055cf88] [akkaFabric-akka.actor.default-dispatcher-26] [] : Message [improbable.fabric.internal.pubsub.PubSubMessageProto$PubSubMessage] from Actor[akka://akkaFabric/user/BridgeModule:9594e478-c040-4748-a44a-c2cf9c886e01/BridgeActor-UnityClient9ef9b729-a495-47da-b3c5-be83d055cf88#2093504949] to Actor[akka://akkaFabric/user/BridgeModule:9594e478-c040-4748-a44a-c2cf9c886e01/BridgeActor-UnityClient9ef9b729-a495-47da-b3c5-be83d055cf88#2093504949] was not delivered. [5] dead letters encountered. This logging can be turned off or adjusted with configuration settings 'akka.log-dead-letters' and 'akka.log-dead-letters-during-shutdown'.
2017-11-23 12:15:06,040 INFO  [akka.actor.LocalActorRef] [akka://akkaFabric/user/BridgeModule:9594e478-c040-4748-a44a-c2cf9c886e01/BridgeActor-UnityClient9ef9b729-a495-47da-b3c5-be83d055cf88] [akkaFabric-akka.actor.default-dispatcher-26] [] : Message [improbable.fabric.internal.pubsub.PubSubMessageProto$PubSubMessage] from Actor[akka://akkaFabric/user/BridgeModule:9594e478-c040-4748-a44a-c2cf9c886e01/BridgeActor-UnityClient9ef9b729-a495-47da-b3c5-be83d055cf88#2093504949] to Actor[akka://akkaFabric/user/BridgeModule:9594e478-c040-4748-a44a-c2cf9c886e01/BridgeActor-UnityClient9ef9b729-a495-47da-b3c5-be83d055cf88#2093504949] was not delivered. [6] dead letters encountered. This logging can be turned off or adjusted with configuration settings 'akka.log-dead-letters' and 'akka.log-dead-letters-during-shutdown'.
2017-11-23 12:15:06,041 INFO  [akka.actor.LocalActorRef] [akka://akkaFabric/user/BridgeModule:9594e478-c040-4748-a44a-c2cf9c886e01/BridgeActor-UnityClient9ef9b729-a495-47da-b3c5-be83d055cf88] [akkaFabric-akka.actor.default-dispatcher-26] [] : Message [improbable.fabric.internal.pubsub.PubSubMessageProto$PubSubMessage] from Actor[akka://akkaFabric/user/BridgeModule:9594e478-c040-4748-a44a-c2cf9c886e01/BridgeActor-UnityClient9ef9b729-a495-47da-b3c5-be83d055cf88#2093504949] to Actor[akka://akkaFabric/user/BridgeModule:9594e478-c040-4748-a44a-c2cf9c886e01/BridgeActor-UnityClient9ef9b729-a495-47da-b3c5-be83d055cf88#2093504949] was not delivered. [7] dead letters encountered. This logging can be turned off or adjusted with configuration settings 'akka.log-dead-letters' and 'akka.log-dead-letters-during-shutdown'.
2017-11-23 12:15:06,041 INFO  [akka.actor.LocalActorRef] [akka://akkaFabric/user/BridgeModule:9594e478-c040-4748-a44a-c2cf9c886e01/BridgeActor-UnityClient9ef9b729-a495-47da-b3c5-be83d055cf88] [akkaFabric-akka.actor.default-dispatcher-26] [] : Message [improbable.fabric.internal.pubsub.PubSubMessageProto$PubSubMessage] from Actor[akka://akkaFabric/user/BridgeModule:9594e478-c040-4748-a44a-c2cf9c886e01/BridgeActor-UnityClient9ef9b729-a495-47da-b3c5-be83d055cf88#2093504949] to Actor[akka://akkaFabric/user/BridgeModule:9594e478-c040-4748-a44a-c2cf9c886e01/BridgeActor-UnityClient9ef9b729-a495-47da-b3c5-be83d055cf88#2093504949] was not delivered. [8] dead letters encountered. This logging can be turned off or adjusted with configuration settings 'akka.log-dead-letters' and 'akka.log-dead-letters-during-shutdown'.
2017-11-23 12:15:06,137 INFO  [akka.actor.DeadLetterActorRef] [akka://akkaFabric/deadLetters] [akkaFabric-akka.actor.default-dispatcher-47] [] : Message [improbable.bridge.message.BridgeViewStatusRequest] from Actor[akka://akkaFabric/deadLetters] to Actor[akka://akkaFabric/deadLetters] was not delivered. [9] dead letters encountered. This logging can be turned off or adjusted with configuration settings 'akka.log-dead-letters' and 'akka.log-dead-letters-during-shutdown'.
2017-11-23 12:15:07,136 INFO  [akka.actor.DeadLetterActorRef] [akka://akkaFabric/deadLetters] [akkaFabric-akka.actor.default-dispatcher-26] [] : Message [improbable.bridge.message.BridgeViewStatusRequest] from Actor[akka://akkaFabric/deadLetters] to Actor[akka://akkaFabric/deadLetters] was not delivered. [10] dead letters encountered, no more dead letters will be logged. This logging can be turned off or adjusted with configuration settings 'akka.log-dead-letters' and 'akka.log-dead-letters-during-shutdown'.
2017-11-23 12:15:24,450 INFO  [i.b.s.BridgeServicePicker] [] [] [] : Attempting to get positionHint for UnityClientb374c58c-6eac-49ee-b66e-84ec8a7e8c44 via rpc
2017-11-23 12:15:24,451 INFO  [i.b.s.BridgeServicePicker] [] [] [] : Starting UnityClientb374c58c-6eac-49ee-b66e-84ec8a7e8c44 without a position hint, so using a random bridge service
2017-11-23 12:15:24,452 INFO  [i.m.b.o.m.BridgeModuleOracleActor] [] [] [] : BridgeServicePicker returned module Optional[legacy_guid: "9594e478-c040-4748-a44a-c2cf9c886e01"
address {
  host: "127.0.0.1"
  port: 9019
}
] with load Optional[BridgeModuleLoadBalanceInfo((0.0, 0.0, 0.0),1)].get().toString() for Engine(UnityClientb374c58c-6eac-49ee-b66e-84ec8a7e8c44)
2017-11-23 12:15:24,476 INFO  [i.b.i.BridgeInternalServiceImpl] [] [] [] : Bridge worker_id: "UnityClientb374c58c-6eac-49ee-b66e-84ec8a7e8c44"
 registered with bridge internal service
2017-11-23 12:15:24,479 INFO  [i.b.o.s.BridgeOracleInternalServiceImpl] [] [] [] : Got bridge started rpc from bridge: worker_id: "UnityClientb374c58c-6eac-49ee-b66e-84ec8a7e8c44"

2017-11-23 12:15:24,480 INFO  [i.b.o.s.BridgeOracleInternalServiceImpl] [] [] [] : The worker UnityClientb374c58c-6eac-49ee-b66e-84ec8a7e8c44 registered with SpatialOS successfully.
2017-11-23 12:15:24,480 INFO  [i.module.bridge.oracle.BridgeOracle] [] [] [] : Sending bridge started to self for bridge endpoint BridgeOracleEndpoint
2017-11-23 12:15:24,489 INFO  [i.module.bridge.oracle.BridgeOracle] [] [] [] : Bridge(UnityClientb374c58c-6eac-49ee-b66e-84ec8a7e8c44) started.
2017-11-23 12:15:25,074 INFO  [i.b.n.raknet.GuardedRakPeerInterface] [] [] [] : New RakNet connection established with 127.0.0.1
2017-11-23 12:15:25,268 WARN  [i.b.logging.EngineLogMessageHandler] [] [] [] : [Worker: UnityWorker0] The referenced script on this Behaviour is missing!
 in  -[WorkerLogger:Unity]
2017-11-23 12:15:25,289 WARN  [i.b.logging.EngineLogMessageHandler] [] [] [] : [Worker: UnityWorker0] The referenced script on this Behaviour (Game Object 'Player') is missing!
 in  -[WorkerLogger:Unity]
2017-11-23 12:15:25,304 WARN  [i.b.logging.EngineLogMessageHandler] [] [] [] : [Worker: UnityWorker0] The referenced script on this Behaviour (Game Object 'Player') is missing!
 in  -[WorkerLogger:Unity]
2017-11-23 12:15:25,304 ERROR [i.b.logging.EngineLogMessageHandler] [] [] [] : [Worker: UnityWorker0] GetComponentsInChildren returned a null element for GameObject Player(Clone)
 in  -[WorkerLogger:Unity]
2017-11-23 12:15:25,798 ERROR [i.b.logging.EngineLogMessageHandler] [] [] [] : [Worker: UnityClientb374c58c-6eac-49ee-b66e-84ec8a7e8c44] NullReferenceException: Object reference not set to an instance of an object
 in Assets.Gamelogic.Player.TextWin.Awake ()
UnityEngine.Object:Instantiate(GameObject, Vector3, Quaternion)
Improbable.Unity.ComponentFactory.UnityPrefabFactory:MakeComponent(GameObject, String)
Improbable.Unity.ComponentFactory.PrefabFactoryMetrics:MakeComponent(GameObject, String)
Improbable.Unity.Core.LegacyEntityCreator:InstantiateEntityObject(EntityId, String)
Improbable.Unity.Core.LegacyEntityCreator:OnMakeEntitySuccess(EntityId, String)
Improbable.Unity.Core.<MakeEntity>c__AnonStorey0:<>m__0(String)
Improbable.Unity.Entity.<PrepareTemplate>c__AnonStorey0:<>m__0(GameObject)
Improbable.Unity.Assets.<LoadAsset>c__AnonStorey0:<>m__0(GameObject)
Improbable.Unity.Assets.<LoadAsset>c__AnonStorey0:<>m__0(GameObject)
Improbable.Unity.Assets.GameObjectFromAssetBundleLoader:OnAssetBundleLoaded(AssetBundle, String)
Improbable.Unity.Assets.<LoadAsset>c__AnonStorey0:<>m__0(AssetBundle)
Improbable.Unity.Assets.AssetBundleDownloader:HandleDownloadAssetResponse(String, Action`1, Action`1, WWWResponse)
Improbable.Unity.Assets.<LoadAsset>c__AnonStorey0:<>m__0(WWWResponse)
Improbable.Unity.Assets.AssetBundleDownloader:DownloadAsyncResponse(WWWResponse, IWWWRequest, String, Action`1)
Improbable.Unity.Assets.<DownloadAsync>c__AnonStorey2:<>m__1(WWWResponse)
Improbable.Unity.Util.<SendPostRequestCoroutine>c__Iterator1:MoveNext()
UnityEngine.SetupCoroutine:InvokeMoveNext(IEnumerator, IntPtr)
 -[WorkerLogger:Unity]
2017-11-23 12:15:33,206 INFO  [i.b.s.BridgeServicePicker] [] [] [] : Attempting to get positionHint for UnityClient280ff9a2-d48a-4bac-834c-6a05dfe361da via rpc
2017-11-23 12:15:33,216 INFO  [i.b.s.BridgeServicePicker] [] [] [] : Starting UnityClient280ff9a2-d48a-4bac-834c-6a05dfe361da without a position hint, so using a random bridge service
2017-11-23 12:15:33,218 INFO  [i.m.b.o.m.BridgeModuleOracleActor] [] [] [] : BridgeServicePicker returned module Optional[legacy_guid: "9594e478-c040-4748-a44a-c2cf9c886e01"
address {
  host: "127.0.0.1"
  port: 9019
}
] with load Optional[BridgeModuleLoadBalanceInfo((0.0, 0.0, 0.0),2)].get().toString() for Engine(UnityClient280ff9a2-d48a-4bac-834c-6a05dfe361da)
2017-11-23 12:15:33,250 INFO  [i.b.i.BridgeInternalServiceImpl] [] [] [] : Bridge worker_id: "UnityClient280ff9a2-d48a-4bac-834c-6a05dfe361da"
 registered with bridge internal service
2017-11-23 12:15:33,255 INFO  [i.b.o.s.BridgeOracleInternalServiceImpl] [] [] [] : Got bridge started rpc from bridge: worker_id: "UnityClient280ff9a2-d48a-4bac-834c-6a05dfe361da"

2017-11-23 12:15:33,256 INFO  [i.b.o.s.BridgeOracleInternalServiceImpl] [] [] [] : The worker UnityClient280ff9a2-d48a-4bac-834c-6a05dfe361da registered with SpatialOS successfully.
2017-11-23 12:15:33,257 INFO  [i.module.bridge.oracle.BridgeOracle] [] [] [] : Sending bridge started to self for bridge endpoint BridgeOracleEndpoint
2017-11-23 12:15:33,261 INFO  [i.module.bridge.oracle.BridgeOracle] [] [] [] : Bridge(UnityClient280ff9a2-d48a-4bac-834c-6a05dfe361da) started.
2017-11-23 12:15:33,849 INFO  [i.b.n.raknet.GuardedRakPeerInterface] [] [] [] : New RakNet connection established with 127.0.0.1
2017-11-23 12:15:34,095 WARN  [i.b.logging.EngineLogMessageHandler] [] [] [] : [Worker: UnityWorker0] The referenced script on this Behaviour is missing!
 in  -[WorkerLogger:Unity]
2017-11-23 12:15:34,096 WARN  [i.b.logging.EngineLogMessageHandler] [] [] [] : [Worker: UnityWorker0] The referenced script on this Behaviour (Game Object 'Player') is missing!
 in  -[WorkerLogger:Unity]
2017-11-23 12:15:34,096 WARN  [i.b.logging.EngineLogMessageHandler] [] [] [] : [Worker: UnityWorker0] The referenced script on this Behaviour (Game Object 'Player') is missing!
 in  -[WorkerLogger:Unity]
2017-11-23 12:15:34,097 ERROR [i.b.logging.EngineLogMessageHandler] [] [] [] : [Worker: UnityWorker0] GetComponentsInChildren returned a null element for GameObject Player(Clone)
 in  -[WorkerLogger:Unity]
2017-11-23 12:15:34,108 ERROR [i.b.logging.EngineLogMessageHandler] [] [] [] : [Worker: UnityClientb374c58c-6eac-49ee-b66e-84ec8a7e8c44] NullReferenceException: Object reference not set to an instance of an object
 in Assets.Gamelogic.Player.TextWin.Awake ()
UnityEngine.Object:Instantiate(GameObject, Vector3, Quaternion)
Improbable.Unity.ComponentFactory.UnityPrefabFactory:MakeComponent(GameObject, String)
Improbable.Unity.ComponentFactory.PrefabFactoryMetrics:MakeComponent(GameObject, String)
Improbable.Unity.Core.LegacyEntityCreator:InstantiateEntityObject(EntityId, String)
Improbable.Unity.Core.LegacyEntityCreator:OnMakeEntitySuccess(EntityId, String)
Improbable.Unity.Core.<MakeEntity>c__AnonStorey0:<>m__0(String)
Improbable.Unity.Entity.<PrepareTemplate>c__AnonStorey0:<>m__0(GameObject)
Improbable.Unity.Assets.CachingAssetDatabase:LoadAsset(String, Action`1, Action`1)
Improbable.Unity.Entity.AssetDatabaseTemplateProvider:PrepareTemplate(String, Action`1, Action`1)
Improbable.Unity.Entity.DefaultTemplateProvider:PrepareTemplate(String, Action`1, Action`1)
Improbable.Unity.Core.LegacyEntityCreator:MakeEntity(EntityId, String, Action`2)
Improbable.Unity.Core.LegacyEntityCreator:AddComponent(AddComponentPipelineOp)
Improbable.Unity.Core.ThrottledEntityDispatcher:AddComponent(AddComponentPipelineOp)
Improbable.Unity.Core.EntityPipelineExtensions:DispatchOp(IEntityPipelineBlock, IEntityPipelineOp)
Improbable.Unity.Core.CriticalSectionPipelineBlock:ReleaseCriticalSectionOps()
Improbable.Unity.Core.CriticalSectionPipelineBlock:CriticalSection(CriticalSectionPipelineOp)
Improbable.Unity.Core.EntityPipelineImpl:<RegisterDispatcherCallbacks>m__37(CriticalSectionOp)
Improbable.Worker.Internal.Callbacks`1:InvokeAllReverse(CriticalSectionOp)
Improbable.Worker.Dispatcher:CriticalSectionThunk(Void*, CriticalSectionOp*)
Improbable.Worker.Internal.WorkerProtocol:Dispatcher_Process(DispatcherHandle, OpListHandle)
Improbable.Worker.Dispatcher:Process(OpList)
Improbable.Unity.Core.ConnectionLifecycle:ProcessEvents()
Improbable.Unity.Core.ConnectionLifecycle:Update()
 -[WorkerLogger:Unity]
2017-11-23 12:15:35,453 ERROR [i.b.logging.EngineLogMessageHandler] [] [] [] : [Worker: UnityClient280ff9a2-d48a-4bac-834c-6a05dfe361da] NullReferenceException: Object reference not set to an instance of an object
 in Assets.Gamelogic.Player.TextWin.Awake () (at Assets/Gamelogic/Player/TextWin.cs:20)
UnityEngine.Object:Instantiate(GameObject, Vector3, Quaternion)
Improbable.Unity.ComponentFactory.UnityPrefabFactory:MakeComponent(GameObject, String) (at C:/w/ee9378522cbb9fd1/UnitySdk/Improbable.Unity/Assets/Precompiled/UnityAddons/LegacyEntityPipeline/ComponentFactory/UnityPrefabFactory.cs:13)
Improbable.Unity.ComponentFactory.PrefabFactoryMetrics:MakeComponent(GameObject, String) (at C:/w/ee9378522cbb9fd1/UnitySdk/Improbable.Unity/Assets/Precompiled/UnityAddons/LegacyEntityPipeline/ComponentFactory/PrefabFactoryMetrics.cs:30)
Improbable.Unity.Core.LegacyEntityCreator:InstantiateEntityObject(EntityId, String) (at Assets/Plugins/Improbable/Sdk/Src/Unity/UnityAddons/LegacyEntityPipeline/LegacyEntityCreator.cs:119)
Improbable.Unity.Core.LegacyEntityCreator:OnMakeEntitySuccess(EntityId, String) (at Assets/Plugins/Improbable/Sdk/Src/Unity/UnityAddons/LegacyEntityPipeline/LegacyEntityCreator.cs:238)
Improbable.Unity.Core.<MakeEntity>c__AnonStorey0:<>m__0(String) (at Assets/Plugins/Improbable/Sdk/Src/Unity/UnityAddons/LegacyEntityPipeline/LegacyEntityCreator.cs:100)
Improbable.Unity.Entity.<PrepareTemplate>c__AnonStorey0:<>m__0(GameObject) (at Assets/Plugins/Improbable/Sdk/Src/Unity/Entity/AssetDatabaseTemplateProvider.cs:25)
Improbable.Unity.Assets.<LoadAsset>c__AnonStorey0:<>m__0(GameObject) (at Assets/Plugins/Improbable/Sdk/Src/Unity/Assets/CachingAssetDatabase.cs:37)
Improbable.Unity.Assets.<LoadAsset>c__AnonStorey0:<>m__0(GameObject) (at Assets/Plugins/Improbable/Sdk/Src/Unity/Assets/PreprocessingGameObjectLoader.cs:28)
Improbable.Unity.EditorTools.Assets.EditorPrefabGameObjectLoader:LoadAsset(String, Action`1, Action`1) (at C:/w/ee9378522cbb9fd1/UnitySdk/Improbable.Unity/Assets/Precompiled/Editor/Assets/EditorPrefabGameObjectLoader.cs:43)
Improbable.Unity.Assets.PrefabGameObjectLoader:LoadAsset(String, Action`1, Action`1) (at Assets/Plugins/Improbable/Sdk/Src/Unity/Assets/PrefabGameObjectLoader.cs:39)
Improbable.Unity.Assets.PreprocessingGameObjectLoader:LoadAsset(String, Action`1, Action`1) (at Assets/Plugins/Improbable/Sdk/Src/Unity/Assets/PreprocessingGameObjectLoader.cs:25)
Improbable.Unity.Assets.CachingAssetDatabase:LoadAsset(String, Action`1, Action`1) (at Assets/Plugins/Improbable/Sdk/Src/Unity/Assets/CachingAssetDatabase.cs:31)
Improbable.Unity.Entity.AssetDatabaseTemplateProvider:PrepareTemplate(String, Action`1, Action`1) (at Assets/Plugins/Improbable/Sdk/Src/Unity/Entity/AssetDatabaseTemplateProvider.cs:25)
Improbable.Unity.Entity.DefaultTemplateProvider:PrepareTemplate(String, Action`1, Action`1) (at Assets/Plugins/Improbable/Sdk/Src/Unity/Assets/DefaultTemplateProvider.cs:123)
Improbable.Unity.Core.LegacyEntityCreator:MakeEntity(EntityId, String, Action`2) (at Assets/Plugins/Improbable/Sdk/Src/Unity/UnityAddons/LegacyEntityPipeline/LegacyEntityCreator.cs:97)
Improbable.Unity.Core.LegacyEntityCreator:AddComponent(AddComponentPipelineOp) (at Assets/Plugins/Improbable/Sdk/Src/Unity/UnityAddons/LegacyEntityPipeline/LegacyEntityCreator.cs:220)
Improbable.Unity.Core.ThrottledEntityDispatcher:AddComponent(AddComponentPipelineOp) (at Assets/Plugins/Improbable/Sdk/Src/Unity/UnityAddons/LegacyEntityPipeline/ThrottledEntityDispatcher.cs:96)
Improbable.Unity.Core.EntityPipelineExtensions:DispatchOp(IEntityPipelineBlock, IEntityPipelineOp) (at C:/w/ee9378522cbb9fd1/UnitySdk/Improbable.Unity/Assets/Precompiled/UnityAddons/EntityPipeline/EntityPipelineExtensions.cs:85)
Improbable.Unity.Core.CriticalSectionPipelineBlock:ReleaseCriticalSectionOps() (at Assets/Plugins/Improbable/Sdk/Src/Unity/UnityAddons/LegacyEntityPipeline/CriticalSectionPipelineBlock.cs:69)
Improbable.Unity.Core.CriticalSectionPipelineBlock:CriticalSection(CriticalSectionPipelineOp) (at Assets/Plugins/Improbable/Sdk/Src/Unity/UnityAddons/LegacyEntityPipeline/CriticalSectionPipelineBlock.cs:49)
Improbable.Unity.Core.EntityPipelineImpl:<RegisterDispatcherCallbacks>m__37(CriticalSectionOp) (at C:/w/ee9378522cbb9fd1/UnitySdk/Improbable.Unity/Assets/Precompiled/UnityAddons/EntityPipeline/EntityPipelineImpl.cs:70)
Improbable.Worker.Internal.Callbacks`1:InvokeAllReverse(CriticalSectionOp)
Improbable.Worker.Dispatcher:CriticalSectionThunk(Void*, CriticalSectionOp*)
Improbable.Worker.Internal.WorkerProtocol:Dispatcher_Process(DispatcherHandle, OpListHandle)
Improbable.Worker.Dispatcher:Process(OpList)
Improbable.Unity.Core.ConnectionLifecycle:ProcessEvents() (at Assets/Plugins/Improbable/Sdk/Src/Unity/Core/ConnectionLifecycle.cs:367)
Improbable.Unity.Core.ConnectionLifecycle:Update() (at Assets/Plugins/Improbable/Sdk/Src/Unity/Core/ConnectionLifecycle.cs:149)
 -[WorkerLogger:Unity]
2017-11-23 12:15:36,702 ERROR [i.b.logging.EngineLogMessageHandler] [] [] [] : [Worker: UnityClient280ff9a2-d48a-4bac-834c-6a05dfe361da] NullReferenceException: Object reference not set to an instance of an object
 in Assets.Gamelogic.Player.TextWin.Awake () (at Assets/Gamelogic/Player/TextWin.cs:20)
UnityEngine.Object:Instantiate(GameObject, Vector3, Quaternion)
Improbable.Unity.ComponentFactory.UnityPrefabFactory:MakeComponent(GameObject, String) (at C:/w/ee9378522cbb9fd1/UnitySdk/Improbable.Unity/Assets/Precompiled/UnityAddons/LegacyEntityPipeline/ComponentFactory/UnityPrefabFactory.cs:13)
Improbable.Unity.ComponentFactory.PrefabFactoryMetrics:MakeComponent(GameObject, String) (at C:/w/ee9378522cbb9fd1/UnitySdk/Improbable.Unity/Assets/Precompiled/UnityAddons/LegacyEntityPipeline/ComponentFactory/PrefabFactoryMetrics.cs:30)
Improbable.Unity.Core.LegacyEntityCreator:InstantiateEntityObject(EntityId, String) (at Assets/Plugins/Improbable/Sdk/Src/Unity/UnityAddons/LegacyEntityPipeline/LegacyEntityCreator.cs:119)
Improbable.Unity.Core.LegacyEntityCreator:OnMakeEntitySuccess(EntityId, String) (at Assets/Plugins/Improbable/Sdk/Src/Unity/UnityAddons/LegacyEntityPipeline/LegacyEntityCreator.cs:238)
Improbable.Unity.Core.<MakeEntity>c__AnonStorey0:<>m__0(String) (at Assets/Plugins/Improbable/Sdk/Src/Unity/UnityAddons/LegacyEntityPipeline/LegacyEntityCreator.cs:100)
Improbable.Unity.Entity.<PrepareTemplate>c__AnonStorey0:<>m__0(GameObject) (at Assets/Plugins/Improbable/Sdk/Src/Unity/Entity/AssetDatabaseTemplateProvider.cs:25)
Improbable.Unity.Assets.CachingAssetDatabase:LoadAsset(String, Action`1, Action`1) (at Assets/Plugins/Improbable/Sdk/Src/Unity/Assets/CachingAssetDatabase.cs:27)
Improbable.Unity.Entity.AssetDatabaseTemplateProvider:PrepareTemplate(String, Action`1, Action`1) (at Assets/Plugins/Improbable/Sdk/Src/Unity/Entity/AssetDatabaseTemplateProvider.cs:25)
Improbable.Unity.Entity.DefaultTemplateProvider:PrepareTemplate(String, Action`1, Action`1) (at Assets/Plugins/Improbable/Sdk/Src/Unity/Assets/DefaultTemplateProvider.cs:123)
Improbable.Unity.Core.LegacyEntityCreator:MakeEntity(EntityId, String, Action`2) (at Assets/Plugins/Improbable/Sdk/Src/Unity/UnityAddons/LegacyEntityPipeline/LegacyEntityCreator.cs:97)
Improbable.Unity.Core.LegacyEntityCreator:AddComponent(AddComponentPipelineOp) (at Assets/Plugins/Improbable/Sdk/Src/Unity/UnityAddons/LegacyEntityPipeline/LegacyEntityCreator.cs:220)
Improbable.Unity.Core.ThrottledEntityDispatcher:AddComponent(AddComponentPipelineOp) (at Assets/Plugins/Improbable/Sdk/Src/Unity/UnityAddons/LegacyEntityPipeline/ThrottledEntityDispatcher.cs:96)
Improbable.Unity.Core.EntityPipelineExtensions:DispatchOp(IEntityPipelineBlock, IEntityPipelineOp) (at C:/w/ee9378522cbb9fd1/UnitySdk/Improbable.Unity/Assets/Precompiled/UnityAddons/EntityPipeline/EntityPipelineExtensions.cs:85)
Improbable.Unity.Core.CriticalSectionPipelineBlock:ReleaseCriticalSectionOps() (at Assets/Plugins/Improbable/Sdk/Src/Unity/UnityAddons/LegacyEntityPipeline/CriticalSectionPipelineBlock.cs:69)
Improbable.Unity.Core.CriticalSectionPipelineBlock:CriticalSection(CriticalSectionPipelineOp) (at Assets/Plugins/Improbable/Sdk/Src/Unity/UnityAddons/LegacyEntityPipeline/CriticalSectionPipelineBlock.cs:49)
Improbable.Unity.Core.EntityPipelineImpl:<RegisterDispatcherCallbacks>m__37(CriticalSectionOp) (at C:/w/ee9378522cbb9fd1/UnitySdk/Improbable.Unity/Assets/Precompiled/UnityAddons/EntityPipeline/EntityPipelineImpl.cs:70)
Improbable.Worker.Internal.Callbacks`1:InvokeAllReverse(CriticalSectionOp)
Improbable.Worker.Dispatcher:CriticalSectionThunk(Void*, CriticalSectionOp*)
Improbable.Worker.Internal.WorkerProtocol:Dispatcher_Process(DispatcherHandle, OpListHandle)
Improbable.Worker.Dispatcher:Process(OpList)
Improbable.Unity.Core.ConnectionLifecycle:ProcessEvents() (at Assets/Plugins/Improbable/Sdk/Src/Unity/Core/ConnectionLifecycle.cs:367)
Improbable.Unity.Core.ConnectionLifecycle:Update() (at Assets/Plugins/Improbable/Sdk/Src/Unity/Core/ConnectionLifecycle.cs:149)
 -[WorkerLogger:Unity]
2017-11-23 12:18:22,642 INFO  [i.b.n.BridgeActorTransportLinkListener] [] [] [] : TransportLinkListener(UnityClient280ff9a2-d48a-4bac-834c-6a05dfe361da) sending Disconnected to akka://akkaFabric/user/BridgeModule:9594e478-c040-4748-a44a-c2cf9c886e01/BridgeActor-UnityClient280ff9a2-d48a-4bac-834c-6a05dfe361da
2017-11-23 12:18:22,668 INFO  [i.b.i.BridgeInternalServiceImpl] [] [] [] : Bridge worker_id: "UnityClient280ff9a2-d48a-4bac-834c-6a05dfe361da"
 unregistered with bridge internal service
2017-11-23 12:18:22,669 INFO  [improbable.bridge.BridgeActor] [] [] [] : Bridge(UnityClient280ff9a2-d48a-4bac-834c-6a05dfe361da) on BridgeModuleEndpoint(9594e478-c040-4748-a44a-c2cf9c886e01) stopped.
2017-11-23 12:18:22,670 INFO  [i.module.bridge.oracle.BridgeOracle] [] [] [] : Sending bridge stopped to self for bridge endpoint BridgeEndpoint(UnityClient280ff9a2-d48a-4bac-834c-6a05dfe361da)
2017-11-23 12:18:22,692 INFO  [i.module.bridge.oracle.BridgeOracle] [] [] [] : Bridge(UnityClient280ff9a2-d48a-4bac-834c-6a05dfe361da) stopped.
2017-11-23 12:18:23,433 INFO  [i.b.client.BridgeServiceTaskRetrier] [] [] [] : An internal operation forwarding EntityCommandRequest for "entity_id: 14
component_id: 1003
" failed on the SpatialOS side of the connection to UnityWorker0 after 0 retries, is the deployment under heavy load?
io.grpc.StatusRuntimeException: DEADLINE_EXCEEDED
	at io.grpc.Status.asRuntimeException(Status.java:543) ~[fabric__runtime_deploy.jar:na]
	at io.grpc.stub.ClientCalls$UnaryStreamToFuture.onClose(ClientCalls.java:442) [fabric__runtime_deploy.jar:na]
	at io.grpc.ForwardingClientCallListener.onClose(ForwardingClientCallListener.java:56) [fabric__runtime_deploy.jar:na]
	at me.dinowernli.grpc.prometheus.MonitoringClientCallListener.onClose(MonitoringClientCallListener.java:50) [fabric__runtime_deploy.jar:na]
	at io.grpc.internal.ClientCallImpl.closeObserver(ClientCallImpl.java:426) [fabric__runtime_deploy.jar:na]
	at io.grpc.internal.ClientCallImpl.access$100(ClientCallImpl.java:76) [fabric__runtime_deploy.jar:na]
	at io.grpc.internal.ClientCallImpl$ClientStreamListenerImpl.close(ClientCallImpl.java:512) [fabric__runtime_deploy.jar:na]
	at io.grpc.internal.ClientCallImpl$ClientStreamListenerImpl.access$700(ClientCallImpl.java:429) [fabric__runtime_deploy.jar:na]
	at io.grpc.internal.ClientCallImpl$ClientStreamListenerImpl$1StreamClosed.runInContext(ClientCallImpl.java:544) [fabric__runtime_deploy.jar:na]
	at io.grpc.internal.ContextRunnable.run(ContextRunnable.java:52) [fabric__runtime_deploy.jar:na]
	at io.grpc.internal.SerializingExecutor.run(SerializingExecutor.java:117) [fabric__runtime_deploy.jar:na]
	at java.util.concurrent.ThreadPoolExecutor.runWorker(Unknown Source) [na:1.8.0_151]
	at java.util.concurrent.ThreadPoolExecutor$Worker.run(Unknown Source) [na:1.8.0_151]
	at java.lang.Thread.run(Unknown Source) [na:1.8.0_151]
2017-11-23 12:18:23,462 WARN  [i.b.commands.BridgeCommandHandler] [] [] [] : Failed to execute command entity_command_request {
  endpoint {
    entity_id: 14
    component_id: 1003
  }
  payload: "\332>\002\032\000"
}
 on UnityClient280ff9a2-d48a-4bac-834c-6a05dfe361da
improbable.bridge.commands.exception.CommandException: DEADLINE_EXCEEDED
	at improbable.bridge.commands.exception.CommandException.ofStatusRuntimeException(CommandException.java:76) ~[fabric__runtime_deploy.jar:na]
	at improbable.bridge.commands.exception.CommandException.of(CommandException.java:27) ~[fabric__runtime_deploy.jar:na]
	at improbable.bridge.client.BridgeInternalServiceClient.lambda$invokeCommand$2(BridgeInternalServiceClient.java:93) ~[fabric__runtime_deploy.jar:na]
	at com.google.common.util.concurrent.AbstractTransformFuture$TransformFuture.doTransform(AbstractTransformFuture.java:239) ~[fabric__runtime_deploy.jar:na]
	at com.google.common.util.concurrent.AbstractTransformFuture$TransformFuture.doTransform(AbstractTransformFuture.java:229) ~[fabric__runtime_deploy.jar:na]
	at com.google.common.util.concurrent.AbstractTransformFuture.run(AbstractTransformFuture.java:130) ~[fabric__runtime_deploy.jar:na]
	at com.google.common.util.concurrent.MoreExecutors$DirectExecutor.execute(MoreExecutors.java:399) ~[fabric__runtime_deploy.jar:na]
	at com.google.common.util.concurrent.AbstractFuture.executeListener(AbstractFuture.java:911) ~[fabric__runtime_deploy.jar:na]
	at com.google.common.util.concurrent.AbstractFuture.complete(AbstractFuture.java:822) ~[fabric__runtime_deploy.jar:na]
	at com.google.common.util.concurrent.AbstractFuture.set(AbstractFuture.java:664) ~[fabric__runtime_deploy.jar:na]
	at com.google.common.util.concurrent.AbstractCatchingFuture$CatchingFuture.setResult(AbstractCatchingFuture.java:210) ~[fabric__runtime_deploy.jar:na]
	at com.google.common.util.concurrent.AbstractCatchingFuture.run(AbstractCatchingFuture.java:138) ~[fabric__runtime_deploy.jar:na]
	at com.google.common.util.concurrent.MoreExecutors$DirectExecutor.execute(MoreExecutors.java:399) ~[fabric__runtime_deploy.jar:na]
	at com.google.common.util.concurrent.AbstractFuture.executeListener(AbstractFuture.java:911) ~[fabric__runtime_deploy.jar:na]
	at com.google.common.util.concurrent.AbstractFuture.complete(AbstractFuture.java:822) ~[fabric__runtime_deploy.jar:na]
	at com.google.common.util.concurrent.AbstractFuture.setException(AbstractFuture.java:686) ~[fabric__runtime_deploy.jar:na]
	at com.google.common.util.concurrent.AbstractTransformFuture.run(AbstractTransformFuture.java:112) ~[fabric__runtime_deploy.jar:na]
	at com.google.common.util.concurrent.MoreExecutors$DirectExecutor.execute(MoreExecutors.java:399) ~[fabric__runtime_deploy.jar:na]
	at com.google.common.util.concurrent.AbstractFuture.executeListener(AbstractFuture.java:911) ~[fabric__runtime_deploy.jar:na]
	at com.google.common.util.concurrent.AbstractFuture.complete(AbstractFuture.java:822) ~[fabric__runtime_deploy.jar:na]
	at com.google.common.util.concurrent.AbstractFuture.setException(AbstractFuture.java:686) ~[fabric__runtime_deploy.jar:na]
	at com.google.common.util.concurrent.SettableFuture.setException(SettableFuture.java:54) ~[fabric__runtime_deploy.jar:na]
	at improbable.bridge.client.BridgeServiceTaskRetrier.onFailure(BridgeServiceTaskRetrier.java:102) ~[fabric__runtime_deploy.jar:na]
	at com.google.common.util.concurrent.Futures$CallbackListener.run(Futures.java:1228) ~[fabric__runtime_deploy.jar:na]
	at com.google.common.util.concurrent.MoreExecutors$DirectExecutor.execute(MoreExecutors.java:399) ~[fabric__runtime_deploy.jar:na]
	at com.google.common.util.concurrent.AbstractFuture.executeListener(AbstractFuture.java:911) ~[fabric__runtime_deploy.jar:na]
	at com.google.common.util.concurrent.AbstractFuture.complete(AbstractFuture.java:822) ~[fabric__runtime_deploy.jar:na]
	at com.google.common.util.concurrent.AbstractFuture.setException(AbstractFuture.java:686) ~[fabric__runtime_deploy.jar:na]
	at io.grpc.stub.ClientCalls$GrpcFuture.setException(ClientCalls.java:466) ~[fabric__runtime_deploy.jar:na]
	at io.grpc.stub.ClientCalls$UnaryStreamToFuture.onClose(ClientCalls.java:442) ~[fabric__runtime_deploy.jar:na]
	at io.grpc.ForwardingClientCallListener.onClose(ForwardingClientCallListener.java:56) ~[fabric__runtime_deploy.jar:na]
	at me.dinowernli.grpc.prometheus.MonitoringClientCallListener.onClose(MonitoringClientCallListener.java:50) ~[fabric__runtime_deploy.jar:na]
	at io.grpc.internal.ClientCallImpl.closeObserver(ClientCallImpl.java:426) ~[fabric__runtime_deploy.jar:na]
	at io.grpc.internal.ClientCallImpl.access$100(ClientCallImpl.java:76) ~[fabric__runtime_deploy.jar:na]
	at io.grpc.internal.ClientCallImpl$ClientStreamListenerImpl.close(ClientCallImpl.java:512) ~[fabric__runtime_deploy.jar:na]
	at io.grpc.internal.ClientCallImpl$ClientStreamListenerImpl.access$700(ClientCallImpl.java:429) ~[fabric__runtime_deploy.jar:na]
	at io.grpc.internal.ClientCallImpl$ClientStreamListenerImpl$1StreamClosed.runInContext(ClientCallImpl.java:544) ~[fabric__runtime_deploy.jar:na]
	at io.grpc.internal.ContextRunnable.run(ContextRunnable.java:52) ~[fabric__runtime_deploy.jar:na]
	at io.grpc.internal.SerializingExecutor.run(SerializingExecutor.java:117) ~[fabric__runtime_deploy.jar:na]
	at java.util.concurrent.ThreadPoolExecutor.runWorker(Unknown Source) ~[na:1.8.0_151]
	at java.util.concurrent.ThreadPoolExecutor$Worker.run(Unknown Source) ~[na:1.8.0_151]
	at java.lang.Thread.run(Unknown Source) ~[na:1.8.0_151]
Caused by: io.grpc.StatusRuntimeException: DEADLINE_EXCEEDED
	at io.grpc.Status.asRuntimeException(Status.java:543) ~[fabric__runtime_deploy.jar:na]
	... 13 common frames omitted
2017-11-23 12:18:23,469 WARN  [i.b.logging.EngineLogMessageHandler] [] [] [] : [Worker: UnityWorker0] Incoming command request with ID 120 to entity ID 14 and component ID 1003 was not handled by the worker within the given timeout.
 in  -[WorkerLogger:Unity]
2017-11-23 12:19:03,159 INFO  [i.c.discovery.ServiceDiscoveryImpl] [] [] [] : Shutting down all services
2017-11-23 12:19:03,174 INFO  [i.core.discovery.server.LocalServer] [] [] [] : Stopped Service(improbable.fabric.internal.service.StatusDiscoveryInternalService) on 127.0.0.1:5301.
2017-11-23 12:19:03,175 INFO  [i.core.discovery.server.PublicServer] [] [] [] : Stopped Service(improbable.platform.runtime.ModuleService) on 127.0.0.1:9000.
2017-11-23 12:19:03,246 INFO  [i.core.discovery.server.PublicServer] [] [] [] : Stopped Service(improbable.platform.runtime.HealthCheckService) on 127.0.0.1:9001.
2017-11-23 12:19:03,246 INFO  [i.core.discovery.server.LocalServer] [] [] [] : Stopped Service(improbable.fabric.internal.service.PerfInternalService) on 127.0.0.1:9002.
2017-11-23 12:19:03,263 INFO  [i.core.discovery.server.LocalServer] [] [] [] : Stopped Service(improbable.fabric.internal.service.ContentionInternalService) on 127.0.0.1:9003.
2017-11-23 12:19:03,264 INFO  [i.core.discovery.server.PublicServer] [] [] [] : Stopped Service(improbable.platform.runtime.FeatureService) on 127.0.0.1:9004.
2017-11-23 12:19:03,264 INFO  [i.core.discovery.server.LocalServer] [] [] [] : Stopped Service(improbable.fabric.internal.service.NodeConfigurationInternalService) on 127.0.0.1:9005.
2017-11-23 12:19:03,264 INFO  [i.core.discovery.server.LocalServer] [] [] [] : Stopped Service(improbable.fabric.internal.service.WorldExtentsInternalService) on 127.0.0.1:9006.
2017-11-23 12:19:03,278 INFO  [i.core.discovery.server.LocalServer] [] [] [] : Stopped Service(improbable.fabric.internal.service.EntityIdInternalService) on 127.0.0.1:9007.
2017-11-23 12:19:03,283 INFO  [i.core.discovery.server.LocalServer] [] [] [] : Stopped Service(improbable.fabric.internal.service.WorkerPrestartRegistryInternalService) on 127.0.0.1:9008.
2017-11-23 12:19:03,286 INFO  [i.core.discovery.server.LocalServer] [] [] [] : Stopped Service(improbable.fabric.internal.service.RouterLookupInternalService) on 127.0.0.1:9009.
2017-11-23 12:19:03,289 INFO  [i.core.discovery.server.LocalServer] [] [] [] : Stopped Service(improbable.fabric.internal.service.RouterInternalService) on 127.0.0.1:9010.
2017-11-23 12:19:03,296 INFO  [i.core.discovery.server.LocalServer] [] [] [] : Stopped Service(improbable.fabric.internal.service.RemoteMessageInternalService) on 127.0.0.1:9011.
2017-11-23 12:19:03,297 INFO  [i.core.discovery.server.LocalServer] [] [] [] : Stopped Service(improbable.fabric.internal.service.LocalBrokerInternalService) on 127.0.0.1:9012.
2017-11-23 12:19:03,308 INFO  [i.core.discovery.server.LocalServer] [] [] [] : Stopped Service(improbable.fabric.internal.service.BridgeOracleInternalService) on 127.0.0.1:9013.
2017-11-23 12:19:03,311 INFO  [i.core.discovery.server.LocalServer] [] [] [] : Stopped Service(improbable.fabric.internal.service.GlobalBrokerInternalService) on 127.0.0.1:9014.
2017-11-23 12:19:03,314 INFO  [i.core.discovery.server.LocalServer] [] [] [] : Stopped Service(improbable.fabric.internal.service.BridgeServiceOracleInternalService) on 127.0.0.1:9015.
2017-11-23 12:19:03,315 INFO  [i.core.discovery.server.LocalServer] [] [] [] : Stopped Service(improbable.fabric.internal.service.LocalSnapshotInternalService) on 127.0.0.1:9016.
2017-11-23 12:19:03,317 INFO  [i.core.discovery.server.PublicServer] [] [] [] : Stopped Service(improbable.fabric.internal.service.ScalingStatsInternalService) on 127.0.0.1:9017.
2017-11-23 12:19:03,413 INFO  [i.core.discovery.server.LocalServer] [] [] [] : Stopped Service(improbable.fabric.internal.service.EntityQueryInternalService) on 127.0.0.1:9018.
2017-11-23 12:19:03,417 INFO  [i.core.discovery.server.LocalServer] [] [] [] : Stopped Service(improbable.fabric.internal.service.BridgeInternalService) on 127.0.0.1:9019.
2017-11-23 12:19:03,421 INFO  [i.core.discovery.server.PublicServer] [] [] [] : Stopped Service(improbable.platform.inner.worker.WorkerRunner) on 127.0.0.1:9020.
2017-11-23 12:19:03,437 INFO  [i.core.discovery.server.LocalServer] [] [] [] : Stopped Service(improbable.fabric.internal.service.ReceptionistInternalService) on 127.0.0.1:9021.
2017-11-23 12:19:03,438 INFO  [i.core.discovery.server.PublicServer] [] [] [] : Stopped Service(improbable.platform.runtime.ReceptionistService) on 127.0.0.1:7777.
