2017-11-16 11:09:49,265 INFO  [i.deployment.InternalGameLauncher] [] [] [] : Parsed 362 internal flags at startup
2017-11-16 11:09:51,153 INFO  [i.deployment.InternalGameLauncher] [] [] [] : SpatialOS runtime version: 11-20171114T103507Z-cc9d195
2017-11-16 11:09:52,181 INFO  [i.c.c.f.FlagzFieldRegistryUpdater] [] [] [] : Initialized Fabric flagz registry with 11 set fields.
2017-11-16 11:09:53,270 INFO  [i.core.discovery.server.LocalServer] [] [] [] : Registered Service(improbable.fabric.internal.service.StatusDiscoveryInternalService) on 127.0.0.1:5301.
2017-11-16 11:09:53,270 INFO  [i.c.discovery.ServiceDiscoveryImpl] [] [] [] : Status discovery address: host: "127.0.0.1"
port: 5301

2017-11-16 11:09:53,275 INFO  [improbable.module.ModuleNode] [] [] [] : Starting Fabric node as master (IP: 127.0.0.1).
2017-11-16 11:09:53,276 INFO  [i.c.d.client.CheckpointDiscoveryImpl] [] [] [] : Reached a checkpoint: ALL_NODES_STARTED
2017-11-16 11:09:53,277 INFO  [improbable.module.ModuleNode] [] [] [] : Node master has started, waiting for other nodes to reach the same checkpoint.
2017-11-16 11:09:53,277 INFO  [improbable.module.ModuleNode] [] [] [] : All nodes have been started.
2017-11-16 11:09:53,288 INFO  [i.core.discovery.server.PublicServer] [] [] [] : Registered Service(improbable.platform.runtime.ModuleService) on 127.0.0.1:9000.
2017-11-16 11:09:53,303 INFO  [i.core.discovery.server.PublicServer] [] [] [] : Registered Service(improbable.platform.runtime.HealthCheckService) on 127.0.0.1:9001.
2017-11-16 11:09:53,315 INFO  [i.core.discovery.server.LocalServer] [] [] [] : Registered Service(improbable.fabric.internal.service.PerfInternalService) on 127.0.0.1:9002.
2017-11-16 11:09:53,321 INFO  [i.core.discovery.server.LocalServer] [] [] [] : Registered Service(improbable.fabric.internal.service.ContentionInternalService) on 127.0.0.1:9003.
2017-11-16 11:09:53,448 INFO  [i.core.discovery.server.PublicServer] [] [] [] : Registered Service(improbable.platform.runtime.FeatureService) on 127.0.0.1:9004.
2017-11-16 11:09:53,473 INFO  [i.c.config.flagz.WorkerFlagzUpdater] [] [] [] : Initialized worker flagz registry with 0 set fields.
2017-11-16 11:09:53,474 INFO  [improbable.module.ModuleNode] [] [] [] : Using master node configuration loader.
2017-11-16 11:09:53,485 INFO  [i.core.discovery.server.LocalServer] [] [] [] : Registered Service(improbable.fabric.internal.service.NodeConfigurationInternalService) on 127.0.0.1:9005.
2017-11-16 11:09:53,501 INFO  [i.c.c.n.MasterNodeConfigurationLoader] [] [] [] : Using roles [MASTER, GSIM, BRIDGE, WORKER_RUNNER, INSPECTION] for node node_id {
  deployment_id {
    project_id {
      name: "your_project_name_here"
    }
    name: "local"
  }
  name: "master"
}
private_ip: "127.0.0.1"
roles: MASTER
roles: GSIM
roles: BRIDGE
roles: WORKER_RUNNER
roles: INSPECTION

2017-11-16 11:09:53,520 INFO  [improbable.core.config.node.GsimGrid] [] [] [] : Created gsim grid configuration of size (1500, 1500) with 1 columns and 1 rows, using gsims of (30, 30) chunks.
2017-11-16 11:09:53,673 INFO  [i.c.c.n.MasterNodeConfigurationLoader] [] [] [] : Original deployment module configuration (before parsing): {deployment_id {
  project_id {
    name: "your_project_name_here"
  }
  name: "local"
}
name: "master"
=[ProfilingModule, BridgeModuleOracleModule, BridgeOracleModule, PersistenceModule, ReceptionistModule, RouterModule, GSimModule, BridgeModule, EngineStartupModule, InspectionRestModule]}
2017-11-16 11:09:53,686 INFO  [i.c.c.n.MasterNodeConfigurationLoader] [] [] [] : Master successfully loaded configurations for 1 node(s).
2017-11-16 11:09:53,690 INFO  [improbable.module.ModuleNode] [] [] [] : Loaded node configuration: node_id {
  deployment_id {
    project_id {
      name: "your_project_name_here"
    }
    name: "local"
  }
  name: "master"
}
gsim_configurations {
  extent {
    bottom_left {
      x_in_chunks: -15
      z_in_chunks: -15
    }
    top_right {
      x_in_chunks: 15
      z_in_chunks: 15
    }
  }
}
start_router: true
start_bridge_oracle: true
start_bridge_module_oracle: true
start_engine_startup_module: true
start_receptionist_service: true
start_inspection_rest_module: true
start_snapshot_service: true
start_profiling_module: true
bridge_modules: "BridgeModule"
gsim_modules: "GSimModule"

2017-11-16 11:09:53,691 INFO  [improbable.module.ModuleNode] [] [] [] : Using master world extents provider.
2017-11-16 11:09:53,706 INFO  [i.core.discovery.server.LocalServer] [] [] [] : Registered Service(improbable.fabric.internal.service.WorldExtentsInternalService) on 127.0.0.1:9006.
2017-11-16 11:09:53,707 INFO  [i.c.world.MasterWorldExtentsProvider] [] [] [] : Successfully initialized world extents with 1 rectangle(s).
2017-11-16 11:09:53,710 INFO  [improbable.module.ModuleNode] [] [] [] : Loaded world extents: WorldExtents{proto=rectangles {
  bottom_left {
    x: -750.0
    z: -750.0
  }
  top_right {
    x: 750.0
    z: 750.0
  }
  is_fully_simulated: true
  responsible_gsim_id {
  }
}
bounding_rectangle {
  bottom_left {
    x: -750.0
    z: -750.0
  }
  top_right {
    x: 750.0
    z: 750.0
  }
  is_fully_simulated: true
}
}
2017-11-16 11:09:54,154 INFO  [i.e.schema.ParsedFileDescriptorSet] [] [] [] : Parsed file descriptors of 12 proto files.
2017-11-16 11:09:54,223 INFO  [i.entity.schema.SchemaFactory] [] [] [] : Found components: [improbable.player.Health, improbable.core.Rotation, improbable.EntityAcl, improbable.Metadata, improbable.Position, improbable.Persistence, improbable.core.ClientAuthorityCheck, improbable.core.PlayerCreation, improbable.player.PlayerInput, improbable.player.ClientConnection]
2017-11-16 11:09:54,231 INFO  [i.entity.schema.SchemaFactory] [] [] [] : Found components: [improbable.core.Rotation, improbable.player.PlayerInput, improbable.internal.EntityAuthority, improbable.player.ClientConnection, improbable.core.PlayerCreation, improbable.player.Health, improbable.EntityAcl, improbable.Metadata, improbable.Position, improbable.Persistence, improbable.core.ClientAuthorityCheck]
2017-11-16 11:09:54,231 INFO  [improbable.module.ModuleNode] [] [] [] : Successfully loaded schema for entities
2017-11-16 11:09:54,232 INFO  [improbable.module.ModuleNode] [] [] [] : Validating snapshot at startup and determining max entity id
2017-11-16 11:09:54,240 INFO  [i.p.s.storage.LegacySnapshotStorage] [] [] [] : Requesting download URL for Snapshot(local@latest) matching []
2017-11-16 11:09:54,264 INFO  [i.c.d.g.GlobalCheckpointDiscoveryImpl] [] [] [] : Global checkpoint discovery refreshed checkpoints.
2017-11-16 11:09:54,264 INFO  [i.c.d.g.GlobalServiceDiscoveryImpl] [] [] [] : Global service discovery refreshed 8 server(s) (previously: 0)
2017-11-16 11:09:54,281 INFO  [i.p.s.storage.LegacySnapshotStorage] [] [] [] : Downloading snapshot from http://127.0.0.1:21000/snapshots/20171116110839397
2017-11-16 11:09:54,352 INFO  [improbable.module.ModuleNode] [] [] [] : Determined the first entity id for the id assigner as 2
2017-11-16 11:09:54,356 INFO  [i.core.discovery.server.LocalServer] [] [] [] : Registered Service(improbable.fabric.internal.service.EntityIdInternalService) on 127.0.0.1:9007.
2017-11-16 11:09:54,381 INFO  [i.core.discovery.server.LocalServer] [] [] [] : Registered Service(improbable.fabric.internal.service.WorkerPrestartRegistryInternalService) on 127.0.0.1:9008.
2017-11-16 11:09:54,389 INFO  [i.core.discovery.server.LocalServer] [] [] [] : Registered Service(improbable.fabric.internal.service.RouterLookupInternalService) on 127.0.0.1:9009.
2017-11-16 11:09:54,389 INFO  [i.module.router.ActorSystemFactory$] [] [] [] : Attempting to create ActorSystem akkaFabric with configRecord akkaFabric
2017-11-16 11:09:55,054 INFO  [akka.event.slf4j.Slf4jLogger] [] [] [] : Slf4jLogger started
2017-11-16 11:09:55,253 INFO  [i.c.d.g.GlobalServiceDiscoveryImpl] [] [] [] : Global service discovery refreshed 11 server(s) (previously: 8)
2017-11-16 11:09:56,411 INFO  [i.l.params.LoadbalancerParamsFactory] [] [] [] : Parsed 1 worker loadbalancing configuration(s)
2017-11-16 11:09:56,415 INFO  [i.l.params.LoadbalancerParamsFactory] [] [] [] : Successfully loaded loadbalancing configurations: {UnityWorker=improbable.loadbalancing.params.AutoHexGridLoadbalancerParams@16ab7faa}
2017-11-16 11:09:56,587 INFO  [improbable.module.ModuleNode] [] [] [] : Loaded worker assemblies: [worker_assembly_id {
  assembly_id {
    project_id {
      name: "your_project_name_here"
    }
    name: "local_assembly"
  }
  name {
    name: "UnityClient"
  }
}
bridge_configuration {
  worker_attribute_set {
    attribute {
      name: "visual"
    }
  }
  entity_interest {
    range_entity_interest {
      radius: 200.0
    }
  }
  component_delivery {
    checkout_all_initially: true
  }
}
, worker_assembly_id {
  assembly_id {
    project_id {
      name: "your_project_name_here"
    }
    name: "local_assembly"
  }
  name {
    name: "UnityWorker"
  }
}
worker_launch_configuration {
  platform: WINDOWS
  worker_zip {
    command: "UnityWorker@Windows.exe"
    argument: "+projectName"
    argument: "${IMPROBABLE_PROJECT_NAME}"
    argument: "+receptionistIp"
    argument: "${IMPROBABLE_RECEPTIONIST_HOST}"
    argument: "+receptionistPort"
    argument: "${IMPROBABLE_RECEPTIONIST_PORT}"
    argument: "+workerType"
    argument: "${IMPROBABLE_WORKER_NAME}"
    argument: "+workerId"
    argument: "${IMPROBABLE_WORKER_ID}"
    argument: "+useInternalIpForBridge"
    argument: "true"
    argument: "+infraServicesUrl"
    argument: "${IMPROBABLE_API_URL}"
    argument: "+assemblyName"
    argument: "${IMPROBABLE_ASSEMBLY_NAME}"
    argument: "+linkProtocol"
    argument: "RakNet"
    argument: "-logfile"
    argument: "${IMPROBABLE_LOG_FILE}"
    argument: "-batchmode"
    argument: "-nographics"
    worker_location {
      filename: "UnityWorker@Windows.zip"
    }
  }
}
worker_launch_configuration {
  platform: MACOS
  worker_zip {
    command: "UnityWorker@Mac.app/Contents/MacOS/UnityWorker@Mac"
    argument: "+projectName"
    argument: "${IMPROBABLE_PROJECT_NAME}"
    argument: "+receptionistIp"
    argument: "${IMPROBABLE_RECEPTIONIST_HOST}"
    argument: "+receptionistPort"
    argument: "${IMPROBABLE_RECEPTIONIST_PORT}"
    argument: "+workerType"
    argument: "${IMPROBABLE_WORKER_NAME}"
    argument: "+workerId"
    argument: "${IMPROBABLE_WORKER_ID}"
    argument: "+useInternalIpForBridge"
    argument: "true"
    argument: "+infraServicesUrl"
    argument: "${IMPROBABLE_API_URL}"
    argument: "+assemblyName"
    argument: "${IMPROBABLE_ASSEMBLY_NAME}"
    argument: "+linkProtocol"
    argument: "RakNet"
    argument: "-logfile"
    argument: "${IMPROBABLE_LOG_FILE}"
    argument: "-batchmode"
    argument: "-nographics"
    worker_location {
      filename: "UnityWorker@Mac.zip"
    }
  }
}
worker_launch_configuration {
  platform: LINUX
  worker_zip {
    command: "UnityWorker@Linux"
    argument: "+projectName"
    argument: "${IMPROBABLE_PROJECT_NAME}"
    argument: "+receptionistIp"
    argument: "${IMPROBABLE_RECEPTIONIST_HOST}"
    argument: "+receptionistPort"
    argument: "${IMPROBABLE_RECEPTIONIST_PORT}"
    argument: "+workerType"
    argument: "${IMPROBABLE_WORKER_NAME}"
    argument: "+workerId"
    argument: "${IMPROBABLE_WORKER_ID}"
    argument: "+useInternalIpForBridge"
    argument: "true"
    argument: "+infraServicesUrl"
    argument: "${IMPROBABLE_API_URL}"
    argument: "+assemblyName"
    argument: "${IMPROBABLE_ASSEMBLY_NAME}"
    argument: "+linkProtocol"
    argument: "RakNet"
    argument: "-logfile"
    argument: "${IMPROBABLE_LOG_FILE}"
    argument: "-batchmode"
    argument: "-nographics"
    worker_location {
      filename: "UnityWorker@Linux.zip"
    }
  }
}
bridge_configuration {
  worker_attribute_set {
    attribute {
      name: "physics"
    }
  }
  entity_interest {
    range_entity_interest {
      radius: 200.0
    }
  }
  component_delivery {
    checkout_all_initially: true
  }
}
]
2017-11-16 11:09:56,589 INFO  [i.w.a.WorkerAssemblyProviderFactory] [] [] [] : Loaded worker assemblies for these workers types: UnityClient, UnityWorker.
2017-11-16 11:09:56,590 INFO  [i.w.assembly.WorkerAssemblyProvider] [] [] [] : Worker configuration for 'UnityClient' does not contain a launch configuration for the current platform 'WINDOWS', so Fabric will not start any managed workers of this type
2017-11-16 11:09:56,590 INFO  [i.w.assembly.WorkerAssemblyProvider] [] [] [] : The following worker configurations do not contain valid managed launch configurations for the current platform WINDOWS, and the runtime will be unable to launch managed workers of this type: [UnityClient]. This is expected for worker types you intend to only connect manually.
2017-11-16 11:09:56,594 INFO  [i.w.permissions.PermissionsFactory] [] [] [] : Created permissions manager with permissions: {UnityWorker=Permissions{{/sys/CreateEntity=, /sys/DeleteEntity=, /sys/EntityQuery={"component":["*"]}}}, UnityClient=Permissions{{/sys/EntityQuery={"component":[]}}}}
2017-11-16 11:09:58,105 INFO  [improbable.module.ModuleNode] [] [] [] : Starting router on master
2017-11-16 11:09:58,110 INFO  [i.core.discovery.server.LocalServer] [] [] [] : Registered Service(improbable.fabric.internal.service.RouterInternalService) on 127.0.0.1:9010.
2017-11-16 11:09:58,110 INFO  [i.c.m.r.RouterInternalServiceImpl] [] [] [] : Attempting to register RouterInternalServiceImpl with RouterLookupInternalService.
2017-11-16 11:09:58,118 INFO  [i.c.m.r.l.RouterLookupInternalServiceImpl] [] [] [] : 1/1 router modules started
2017-11-16 11:09:58,118 INFO  [i.c.m.r.RouterInternalServiceImpl] [] [] [] : Registered RouterInternalServiceImpl with RouterLookupInternalService.
2017-11-16 11:09:58,119 INFO  [improbable.module.ModuleNode] [] [] [] : Attempting to get addresses of all RouterModules from master node
2017-11-16 11:09:58,127 INFO  [improbable.module.ModuleNode] [] [] [] : Got all RouterModules from master node
2017-11-16 11:09:58,139 INFO  [i.core.discovery.server.LocalServer] [] [] [] : Registered Service(improbable.fabric.internal.service.RemoteMessageInternalService) on 127.0.0.1:9011.
2017-11-16 11:09:58,150 INFO  [i.core.discovery.server.LocalServer] [] [] [] : Registered Service(improbable.fabric.internal.service.LocalBrokerInternalService) on 127.0.0.1:9012.
2017-11-16 11:09:58,153 INFO  [improbable.module.ModuleNode] [] [] [] : Waiting for all router modules in the deployment to have started
2017-11-16 11:09:58,156 INFO  [improbable.module.ModuleNode] [] [] [] : All router modules in the deployment started
2017-11-16 11:09:58,263 INFO  [i.c.d.g.GlobalServiceDiscoveryImpl] [] [] [] : Global service discovery refreshed 14 server(s) (previously: 11)
2017-11-16 11:09:58,524 INFO  [org.eclipse.jetty.server.Server] [] [] [] : jetty-8.y.z-SNAPSHOT
2017-11-16 11:09:58,554 INFO  [o.e.jetty.server.AbstractConnector] [] [] [] : Started SelectChannelConnector@0.0.0.0:5006
2017-11-16 11:09:58,554 INFO  [improbable.http.ServletContainer$] [] [] [] : Servlet container started
2017-11-16 11:09:58,556 INFO  [improbable.module.ModuleNode] [] [] [] : Starting BridgeOracle on master
2017-11-16 11:09:58,566 INFO  [improbable.module.ModuleNode] [] [] [] : Waiting for the BridgeOracle to have started
2017-11-16 11:09:58,930 INFO  [i.core.discovery.server.LocalServer] [] [] [] : Registered Service(improbable.fabric.internal.service.BridgeOracleInternalService) on 127.0.0.1:9013.
2017-11-16 11:09:59,239 INFO  [improbable.module.ModuleNode] [] [] [] : Received BridgeOracle started
2017-11-16 11:09:59,239 INFO  [i.c.d.g.GlobalServiceDiscoveryImpl] [] [] [] : Global service discovery refreshed 15 server(s) (previously: 14)
2017-11-16 11:09:59,246 INFO  [i.core.discovery.server.LocalServer] [] [] [] : Registered Service(improbable.fabric.internal.service.GlobalBrokerInternalService) on 127.0.0.1:9014.
2017-11-16 11:09:59,247 INFO  [improbable.module.ModuleNode] [] [] [] : Waiting for the BridgeModuleOracle to have started
2017-11-16 11:09:59,249 INFO  [i.c.a.e.ExtensibleActorReporter] [] [] [] : Started BridgeModuleOracleActor(Actor[akka://akkaFabric/user/BridgeModuleOracleModule#-1215472055]).
2017-11-16 11:09:59,260 INFO  [i.core.discovery.server.LocalServer] [] [] [] : Registered Service(improbable.fabric.internal.service.BridgeServiceOracleInternalService) on 127.0.0.1:9015.
2017-11-16 11:10:00,240 INFO  [i.c.d.g.GlobalServiceDiscoveryImpl] [] [] [] : Global service discovery refreshed 17 server(s) (previously: 15)
2017-11-16 11:10:00,240 INFO  [improbable.module.ModuleNode] [] [] [] : Received BridgeModuleOracle started
2017-11-16 11:10:00,243 INFO  [improbable.module.ModuleNode] [] [] [] : Starting gsim GSimModule
2017-11-16 11:10:00,248 INFO  [improbable.module.ModuleNode] [] [] [] : Waiting for 1 entity query service(s) to start.
2017-11-16 11:10:00,262 INFO  [i.core.discovery.server.LocalServer] [] [] [] : Registered Service(improbable.fabric.internal.service.LocalSnapshotInternalService) on 127.0.0.1:9016.
2017-11-16 11:10:00,280 INFO  [i.core.discovery.server.PublicServer] [] [] [] : Registered Service(improbable.fabric.internal.service.ScalingStatsInternalService) on 127.0.0.1:9017.
2017-11-16 11:10:00,293 INFO  [i.p.gsim.GSimPersistenceWriter] [] [] [] : Transitioning GSimPersistenceActor(0) from State [Idle] to [Idle].  Time Elapsed: 3 milliseconds
2017-11-16 11:10:00,303 INFO  [i.core.discovery.server.LocalServer] [] [] [] : Registered Service(improbable.fabric.internal.service.EntityQueryInternalService) on 127.0.0.1:9018.
2017-11-16 11:10:00,917 INFO  [i.bridge.oracle.scaling.WorkerScaler] [] [] [] : Skipping reconciliation because no WorkerRunner service is available. This message is expected at startup but should not persist through the deployment
2017-11-16 11:10:01,239 INFO  [i.c.d.g.GlobalServiceDiscoveryImpl] [] [] [] : Global service discovery refreshed 20 server(s) (previously: 17)
2017-11-16 11:10:01,239 INFO  [improbable.module.ModuleNode] [] [] [] : All 1 entity query service(s) have started.
2017-11-16 11:10:01,239 INFO  [improbable.module.ModuleNode] [] [] [] : Creating entity query client.
2017-11-16 11:10:01,248 INFO  [improbable.module.ModuleNode] [] [] [] : Entity query client created with directory: EntityQueryServiceDirectory{allServices=[EntityQueryInternalServiceInfo{address=host: "127.0.0.1"
port: 9018
, extent=Rectangle{minX=-750.0, minZ=-750.0, maxX=750.0, maxZ=750.0}, isLocal=true}], localServices=[EntityQueryInternalServiceInfo{address=host: "127.0.0.1"
port: 9018
, extent=Rectangle{minX=-750.0, minZ=-750.0, maxX=750.0, maxZ=750.0}, isLocal=true}], remoteServices=[]}
2017-11-16 11:10:01,253 INFO  [improbable.module.ModuleNode] [] [] [] : Waiting for 1 bridge service(s) to start.
2017-11-16 11:10:01,296 INFO  [i.c.a.e.ExtensibleActorReporter] [] [] [] : Started BridgeModuleActor(Actor[akka://akkaFabric/user/BridgeModule:72d8e8c8-571c-454f-b47a-1259d11d1ff8#-268234699]).
2017-11-16 11:10:01,343 INFO  [i.core.discovery.server.LocalServer] [] [] [] : Registered Service(improbable.fabric.internal.service.BridgeInternalService) on 127.0.0.1:9019.
2017-11-16 11:10:01,343 INFO  [i.module.bridge.BridgeModuleActor] [] [] [] : Waiting for BridgeModuleOracle service to be available
2017-11-16 11:10:01,354 INFO  [i.module.bridge.BridgeModuleActor] [] [] [] : Registered(BridgeModuleEndpoint(72d8e8c8-571c-454f-b47a-1259d11d1ff8)) on BridgeModuleOracleService
2017-11-16 11:10:02,240 INFO  [i.c.d.g.GlobalServiceDiscoveryImpl] [] [] [] : Global service discovery refreshed 21 server(s) (previously: 20)
2017-11-16 11:10:02,240 INFO  [improbable.module.ModuleNode] [] [] [] : All 1 bridge service(s) have started.
2017-11-16 11:10:02,241 INFO  [improbable.module.ModuleNode] [] [] [] : Starting WorkerRunner service (EngineStartupModule)
2017-11-16 11:10:02,300 INFO  [improbable.worker.exec.WorkerStats] [] [] [] : Cannot read /proc/self/stat; worker stats reporting will not work.
2017-11-16 11:10:02,308 INFO  [i.core.discovery.server.PublicServer] [] [] [] : Registered Service(improbable.platform.inner.worker.WorkerRunner) on 127.0.0.1:9020.
2017-11-16 11:10:02,316 INFO  [i.core.discovery.server.LocalServer] [] [] [] : Registered Service(improbable.fabric.internal.service.ReceptionistInternalService) on 127.0.0.1:9021.
2017-11-16 11:10:02,323 INFO  [i.core.discovery.server.PublicServer] [] [] [] : Registered Service(improbable.platform.runtime.ReceptionistService) on 127.0.0.1:7777.
2017-11-16 11:10:02,323 INFO  [improbable.module.ModuleNode] [] [] [] : Starting InspectionRestModule
2017-11-16 11:10:02,325 INFO  [improbable.module.ModuleNode] [] [] [] : Starting ProfilingModule
2017-11-16 11:10:02,326 INFO  [i.c.d.client.CheckpointDiscoveryImpl] [] [] [] : Reached a checkpoint: ALL_MODULES_STARTED
2017-11-16 11:10:02,327 INFO  [improbable.module.ModuleNode] [] [] [] : All modules on this node started, waiting for other nodes to reach the same checkpoint.
2017-11-16 11:10:02,330 INFO  [i.c.a.e.ExtensibleActorReporter] [] [] [] : Started ProfilingModuleActor(Actor[akka://akkaFabric/user/ProfilingModule#102063744]).
2017-11-16 11:10:02,334 INFO  [i.core.discovery.server.LocalServer] [] [] [] : Registered Service(improbable.fabric.internal.debug.HeatmapCellCacheInternalService) on 127.0.0.1:9022.
2017-11-16 11:10:02,370 INFO  [i.core.discovery.server.PublicServer] [] [] [] : Registered Service(improbable.platform.runtime.InspectionService) on 127.0.0.1:9023.
2017-11-16 11:10:02,417 INFO  [i.c.a.e.ExtensibleActorReporter] [] [] [] : Started InspectionRestModuleActor(Actor[akka://akkaFabric/user/InspectionRestModule#511806671]).
2017-11-16 11:10:02,816 INFO  [spray.can.server.HttpListener] [akka://akkaFabric/user/IO-HTTP/listener-0] [akkaFabric-akka.actor.default-dispatcher-27] [] : Bound to /0.0.0.0:5005
2017-11-16 11:10:02,918 INFO  [i.bridge.oracle.scaling.WorkerScaler] [] [] [] : Skipping reconciliation because no WorkerRunner service is available. This message is expected at startup but should not persist through the deployment
2017-11-16 11:10:03,239 INFO  [i.c.d.g.GlobalCheckpointDiscoveryImpl] [] [] [] : Global checkpoint discovery refreshed checkpoints.
2017-11-16 11:10:03,239 INFO  [improbable.module.ModuleNode] [] [] [] : All modules on all nodes have been started.
2017-11-16 11:10:03,240 INFO  [i.c.d.g.GlobalServiceDiscoveryImpl] [] [] [] : Global service discovery refreshed 26 server(s) (previously: 21)
2017-11-16 11:10:03,240 INFO  [improbable.module.ModuleNode] [] [] [] : Loading a snapshot.
2017-11-16 11:10:03,250 INFO  [i.p.g.GSimPersistenceLoadOrchestrator] [] [] [] : Loading snapshot on GSim(0).
2017-11-16 11:10:03,251 INFO  [i.p.s.storage.LegacySnapshotStorage] [] [] [] : Requesting download URL for Snapshot(local@latest) matching []
2017-11-16 11:10:03,257 INFO  [i.p.s.storage.LegacySnapshotStorage] [] [] [] : Downloading snapshot from http://127.0.0.1:21000/snapshots/20171116110839397
2017-11-16 11:10:03,259 INFO  [i.p.gsim.GSimPersistenceLoader] [] [] [] : Loading snapshot
2017-11-16 11:10:03,268 INFO  [i.p.g.GSimPersistenceLoadOrchestrator] [] [] [] : Loaded 1 entities on GSim(0).
2017-11-16 11:10:03,271 INFO  [i.p.c.PersistenceLoaderCoordinatorActor] [] [] [] : All Snapshots loaded.
2017-11-16 11:10:03,272 INFO  [improbable.module.ModuleNode] [] [] [] : Snapshot has been loaded.
2017-11-16 11:10:03,272 INFO  [improbable.module.ModuleNode] [] [] [] : Starting SnapshotService.
2017-11-16 11:10:03,287 INFO  [i.core.discovery.server.PublicServer] [] [] [] : Registered Service(improbable.platform.runtime.SnapshotService) on 127.0.0.1:9024.
2017-11-16 11:10:03,287 INFO  [i.c.d.client.CheckpointDiscoveryImpl] [] [] [] : Reached a checkpoint: LOAD_SNAPSHOT_FINISHED
2017-11-16 11:10:03,292 INFO  [improbable.module.ModuleNode] [] [] [] : SpatialOS runtime startup complete.
2017-11-16 11:10:03,465 INFO  [i.l.params.LoadbalancerParamsFactory] [] [] [] : LoadbalancerParams for worker type [UnityWorker]: [AutoHexGridLoadbalancerParams{energyLimitingEnabled=true, energyLimit=1.0E9, minWorkerRange=1500.0, maxWorkerRange=1500.0, maxWorkerStepSize=0.0, workerExpansionTimeMs=60000, workerGridSize=0, loadbalancerEnabled=false, hexGridMode=AUTO, scalerAdvisorType=CONSTANT, maxWorkers=1, initialWorkers=1, numEntitiesPerWorker=9223372036854775807, statusReportPeriodMs=30000, pointsOfInterestEnabled=false, hexGridSolution=AutoValue_HexGridSolution{workersUsed=1, hexagonEdgeLength=1500.0, hexagonOrientation=POINTY_TOP, bounds=Rectangle{minX=-750.0, minZ=-750.0, maxX=750.0, maxZ=750.0}}, pointsOfInterestSolution=Empty}]
2017-11-16 11:10:04,243 INFO  [i.c.d.g.GlobalCheckpointDiscoveryImpl] [] [] [] : Global checkpoint discovery refreshed checkpoints.
2017-11-16 11:10:04,243 INFO  [i.c.d.g.GlobalServiceDiscoveryImpl] [] [] [] : Global service discovery refreshed 27 server(s) (previously: 26)
2017-11-16 11:10:04,379 INFO  [i.b.o.m.BridgeOracleWorkerManager] [] [] [] : Trying to start managed worker UnityWorker0
2017-11-16 11:10:04,396 INFO  [i.bridge.oracle.scaling.WorkerScaler] [] [] [] : Starting 1 new managed workers for attribute_set {
  attribute: "physics"
}
 (required: 1, existing: 0)
2017-11-16 11:10:04,398 INFO  [i.worker.exec.WorkerStartupExecutor] [] [] [] : Awaiting internal receptionist service to register with service discovery
2017-11-16 11:10:04,404 INFO  [i.worker.exec.WorkerStartupExecutor] [] [] [] : Successfully found the internal receptionist service in service discovery
2017-11-16 11:10:04,410 INFO  [i.worker.exec.WorkerStartupExecutor] [] [] [] : Awaiting public receptionist service to register with service discovery
2017-11-16 11:10:04,411 INFO  [i.worker.exec.WorkerStartupExecutor] [] [] [] : Successfully found the public receptionist service in service discovery
2017-11-16 11:10:05,851 INFO  [i.worker.exec.WorkerStartupExecutor] [] [] [] : Created log file for worker UnityWorker0, type (UnityWorker): [C:\Users\Salvatore\Desktop\S.E\Game\logs\2017-11-16_11-08-50_0\workers\UnityWorker\UnityWorker0-2702103483722149002.log]
2017-11-16 11:10:05,851 INFO  [i.worker.exec.CommandLineExecutor] [] [] [] : Running command: C:\Users\SALVAT~1\AppData\Local\Temp\zip-downloader6982700441698991459\2407612f0a1a80809cb6a535b3ead088\UnityWorker@Windows.exe +projectName your_project_name_here +receptionistIp 127.0.0.1 +receptionistPort 7777 +workerType UnityWorker +workerId UnityWorker0 +useInternalIpForBridge true +infraServicesUrl http://127.0.0.1:21000 +assemblyName local_assembly +linkProtocol RakNet -logfile C:\Users\Salvatore\Desktop\S.E\Game\logs\2017-11-16_11-08-50_0\workers\UnityWorker\UnityWorker0-2702103483722149002.log -batchmode -nographics
2017-11-16 11:10:11,511 INFO  [i.b.s.BridgeServicePicker] [] [] [] : Attempting to get positionHint for UnityWorker0 via rpc
2017-11-16 11:10:11,517 INFO  [i.b.s.BridgeServicePicker] [] [] [] : Selected legacy_guid: "72d8e8c8-571c-454f-b47a-1259d11d1ff8"
address {
  host: "127.0.0.1"
  port: 9019
}
 with position  which is the nearest bridge service to position (0.0, 0.0, 0.0)
2017-11-16 11:10:11,522 INFO  [i.m.b.o.m.BridgeModuleOracleActor] [] [] [] : BridgeServicePicker returned module Optional[legacy_guid: "72d8e8c8-571c-454f-b47a-1259d11d1ff8"
address {
  host: "127.0.0.1"
  port: 9019
}
] with load Optional[BridgeModuleLoadBalanceInfo((0.0, 0.0, 0.0),0)].get().toString() for Engine(UnityWorker0)
2017-11-16 11:10:11,808 INFO  [i.b.i.BridgeInternalServiceImpl] [] [] [] : Bridge worker_id: "UnityWorker0"
 registered with bridge internal service
2017-11-16 11:10:11,813 INFO  [i.b.o.s.BridgeOracleInternalServiceImpl] [] [] [] : Got bridge started rpc from bridge: worker_id: "UnityWorker0"

2017-11-16 11:10:11,814 INFO  [i.b.o.s.BridgeOracleInternalServiceImpl] [] [] [] : The worker UnityWorker0 registered with SpatialOS successfully.
2017-11-16 11:10:11,814 INFO  [i.module.bridge.oracle.BridgeOracle] [] [] [] : Sending bridge started to self for bridge endpoint BridgeOracleEndpoint
2017-11-16 11:10:11,816 INFO  [i.module.bridge.oracle.BridgeOracle] [] [] [] : Bridge(UnityWorker0) started.
2017-11-16 11:10:11,821 INFO  [i.b.o.m.BridgeOracleWorkerManager] [] [] [] : Worker UnityWorker0 registered with the BridgeOracleWorker manager
2017-11-16 11:10:12,581 INFO  [i.b.n.raknet.GuardedRakPeerInterface] [] [] [] : New RakNet connection established with 127.0.0.1
2017-11-16 11:16:40,945 INFO  [i.b.s.BridgeServicePicker] [] [] [] : Attempting to get positionHint for UnityClientd7d8f9c3-7650-4665-a43d-23a1bc043f05 via rpc
2017-11-16 11:16:40,946 INFO  [i.b.s.BridgeServicePicker] [] [] [] : Starting UnityClientd7d8f9c3-7650-4665-a43d-23a1bc043f05 without a position hint, so using a random bridge service
2017-11-16 11:16:40,947 INFO  [i.m.b.o.m.BridgeModuleOracleActor] [] [] [] : BridgeServicePicker returned module Optional[legacy_guid: "72d8e8c8-571c-454f-b47a-1259d11d1ff8"
address {
  host: "127.0.0.1"
  port: 9019
}
] with load Optional[BridgeModuleLoadBalanceInfo((0.0, 0.0, 0.0),1)].get().toString() for Engine(UnityClientd7d8f9c3-7650-4665-a43d-23a1bc043f05)
2017-11-16 11:16:40,973 INFO  [i.l.params.LoadbalancerParamsFactory] [] [] [] : LoadbalancerParams for worker type [UnityClient]: [FlagzLoadbalancerParams{energyLimitingEnabled=true, energyLimit=1.0E9, minWorkerRange=Infinity, maxWorkerRange=Infinity, maxWorkerStepSize=50.0, workerExpansionTimeMs=60000, workerGridSize=5, loadbalancerEnabled=true, hexGridMode=OFF, scalerAdvisorType=ENTITY_COUNT, maxWorkers=25, initialWorkers=25, numEntitiesPerWorker=9223372036854775807, statusReportPeriodMs=2000, pointsOfInterestEnabled=false, hexGridSolution=Empty, pointsOfInterestSolution=Empty}]
2017-11-16 11:16:40,978 INFO  [i.b.i.BridgeInternalServiceImpl] [] [] [] : Bridge worker_id: "UnityClientd7d8f9c3-7650-4665-a43d-23a1bc043f05"
 registered with bridge internal service
2017-11-16 11:16:40,979 INFO  [i.b.o.s.BridgeOracleInternalServiceImpl] [] [] [] : Got bridge started rpc from bridge: worker_id: "UnityClientd7d8f9c3-7650-4665-a43d-23a1bc043f05"

2017-11-16 11:16:40,980 INFO  [i.b.o.s.BridgeOracleInternalServiceImpl] [] [] [] : The worker UnityClientd7d8f9c3-7650-4665-a43d-23a1bc043f05 registered with SpatialOS successfully.
2017-11-16 11:16:40,980 INFO  [i.module.bridge.oracle.BridgeOracle] [] [] [] : Sending bridge started to self for bridge endpoint BridgeOracleEndpoint
2017-11-16 11:16:40,980 INFO  [i.module.bridge.oracle.BridgeOracle] [] [] [] : Bridge(UnityClientd7d8f9c3-7650-4665-a43d-23a1bc043f05) started.
2017-11-16 11:16:41,575 INFO  [i.b.n.raknet.GuardedRakPeerInterface] [] [] [] : New RakNet connection established with 127.0.0.1
2017-11-16 11:17:38,857 INFO  [akka.actor.LocalActorRef] [akka://akkaFabric/user/GSimModule/EntityFactory/Entity-2/EntityUser-2] [akkaFabric-akka.actor.default-dispatcher-27] [] : Message [improbable.gsim.proxy.entity.StateUpdateWrapperMsg] from Actor[akka://akkaFabric/deadLetters] to Actor[akka://akkaFabric/user/GSimModule/EntityFactory/Entity-2/EntityUser-2#-2117357810] was not delivered. [1] dead letters encountered. This logging can be turned off or adjusted with configuration settings 'akka.log-dead-letters' and 'akka.log-dead-letters-during-shutdown'.
2017-11-16 11:17:38,857 INFO  [akka.actor.LocalActorRef] [akka://akkaFabric/user/GSimModule/EntityFactory/Entity-2/EntityUser-2] [akkaFabric-akka.actor.default-dispatcher-27] [] : Message [improbable.gsim.proxy.entity.StateUpdateWrapperMsg] from Actor[akka://akkaFabric/deadLetters] to Actor[akka://akkaFabric/user/GSimModule/EntityFactory/Entity-2/EntityUser-2#-2117357810] was not delivered. [2] dead letters encountered. This logging can be turned off or adjusted with configuration settings 'akka.log-dead-letters' and 'akka.log-dead-letters-during-shutdown'.
2017-11-16 11:17:38,874 INFO  [i.b.n.BridgeActorTransportLinkListener] [] [] [] : TransportLinkListener(UnityClientd7d8f9c3-7650-4665-a43d-23a1bc043f05) sending Disconnected to akka://akkaFabric/user/BridgeModule:72d8e8c8-571c-454f-b47a-1259d11d1ff8/BridgeActor-UnityClientd7d8f9c3-7650-4665-a43d-23a1bc043f05
2017-11-16 11:17:38,880 INFO  [i.b.n.raknet.reporter.RakNetReporter] [] [] [] : Tried to send to RakNet(UnityClient) on Port(7001)1 after closing. Payload: critical_section_boundary {
  in_critical_section: true
}
 (Logged every 1000 times)
2017-11-16 11:17:38,887 INFO  [i.b.i.BridgeInternalServiceImpl] [] [] [] : Bridge worker_id: "UnityClientd7d8f9c3-7650-4665-a43d-23a1bc043f05"
 unregistered with bridge internal service
2017-11-16 11:17:38,887 INFO  [improbable.bridge.BridgeActor] [] [] [] : Bridge(UnityClientd7d8f9c3-7650-4665-a43d-23a1bc043f05) on BridgeModuleEndpoint(72d8e8c8-571c-454f-b47a-1259d11d1ff8) stopped.
2017-11-16 11:17:38,893 INFO  [i.module.bridge.oracle.BridgeOracle] [] [] [] : Sending bridge stopped to self for bridge endpoint BridgeEndpoint(UnityClientd7d8f9c3-7650-4665-a43d-23a1bc043f05)
2017-11-16 11:17:38,895 INFO  [i.module.bridge.oracle.BridgeOracle] [] [] [] : Bridge(UnityClientd7d8f9c3-7650-4665-a43d-23a1bc043f05) stopped.
2017-11-16 11:17:38,979 INFO  [akka.actor.DeadLetterActorRef] [akka://akkaFabric/deadLetters] [akkaFabric-akka.actor.default-dispatcher-44] [] : Message [improbable.bridge.message.BridgeViewStatusRequest] from Actor[akka://akkaFabric/deadLetters] to Actor[akka://akkaFabric/deadLetters] was not delivered. [3] dead letters encountered. This logging can be turned off or adjusted with configuration settings 'akka.log-dead-letters' and 'akka.log-dead-letters-during-shutdown'.
2017-11-16 11:17:39,818 INFO  [i.b.client.BridgeServiceTaskRetrier] [] [] [] : An internal operation forwarding EntityCommandRequest for "entity_id: 2
component_id: 1003
" failed on the SpatialOS side of the connection to UnityWorker0 after 0 retries, is the deployment under heavy load?
io.grpc.StatusRuntimeException: DEADLINE_EXCEEDED
	at io.grpc.Status.asRuntimeException(Status.java:543) ~[fabric__runtime_deploy.jar:na]
	at io.grpc.stub.ClientCalls$UnaryStreamToFuture.onClose(ClientCalls.java:442) [fabric__runtime_deploy.jar:na]
	at io.grpc.ForwardingClientCallListener.onClose(ForwardingClientCallListener.java:56) [fabric__runtime_deploy.jar:na]
	at me.dinowernli.grpc.prometheus.MonitoringClientCallListener.onClose(MonitoringClientCallListener.java:50) [fabric__runtime_deploy.jar:na]
	at io.grpc.internal.ClientCallImpl.closeObserver(ClientCallImpl.java:426) [fabric__runtime_deploy.jar:na]
	at io.grpc.internal.ClientCallImpl.access$100(ClientCallImpl.java:76) [fabric__runtime_deploy.jar:na]
	at io.grpc.internal.ClientCallImpl$ClientStreamListenerImpl.close(ClientCallImpl.java:512) [fabric__runtime_deploy.jar:na]
	at io.grpc.internal.ClientCallImpl$ClientStreamListenerImpl.access$700(ClientCallImpl.java:429) [fabric__runtime_deploy.jar:na]
	at io.grpc.internal.ClientCallImpl$ClientStreamListenerImpl$1StreamClosed.runInContext(ClientCallImpl.java:544) [fabric__runtime_deploy.jar:na]
	at io.grpc.internal.ContextRunnable.run(ContextRunnable.java:52) [fabric__runtime_deploy.jar:na]
	at io.grpc.internal.SerializingExecutor.run(SerializingExecutor.java:117) [fabric__runtime_deploy.jar:na]
	at java.util.concurrent.ThreadPoolExecutor.runWorker(ThreadPoolExecutor.java:1142) [na:1.8.0_101]
	at java.util.concurrent.ThreadPoolExecutor$Worker.run(ThreadPoolExecutor.java:617) [na:1.8.0_101]
	at java.lang.Thread.run(Thread.java:745) [na:1.8.0_101]
2017-11-16 11:17:39,824 WARN  [i.b.commands.BridgeCommandHandler] [] [] [] : Failed to execute command entity_command_request {
  endpoint {
    entity_id: 2
    component_id: 1003
  }
  payload: "\332>\002\032\000"
}
 on UnityClientd7d8f9c3-7650-4665-a43d-23a1bc043f05
improbable.bridge.commands.exception.CommandException: DEADLINE_EXCEEDED
	at improbable.bridge.commands.exception.CommandException.ofStatusRuntimeException(CommandException.java:76) ~[fabric__runtime_deploy.jar:na]
	at improbable.bridge.commands.exception.CommandException.of(CommandException.java:27) ~[fabric__runtime_deploy.jar:na]
	at improbable.bridge.client.BridgeInternalServiceClient.lambda$invokeCommand$2(BridgeInternalServiceClient.java:93) ~[fabric__runtime_deploy.jar:na]
	at com.google.common.util.concurrent.AbstractTransformFuture$TransformFuture.doTransform(AbstractTransformFuture.java:239) ~[fabric__runtime_deploy.jar:na]
	at com.google.common.util.concurrent.AbstractTransformFuture$TransformFuture.doTransform(AbstractTransformFuture.java:229) ~[fabric__runtime_deploy.jar:na]
	at com.google.common.util.concurrent.AbstractTransformFuture.run(AbstractTransformFuture.java:130) ~[fabric__runtime_deploy.jar:na]
	at com.google.common.util.concurrent.MoreExecutors$DirectExecutor.execute(MoreExecutors.java:399) ~[fabric__runtime_deploy.jar:na]
	at com.google.common.util.concurrent.AbstractFuture.executeListener(AbstractFuture.java:911) ~[fabric__runtime_deploy.jar:na]
	at com.google.common.util.concurrent.AbstractFuture.complete(AbstractFuture.java:822) ~[fabric__runtime_deploy.jar:na]
	at com.google.common.util.concurrent.AbstractFuture.set(AbstractFuture.java:664) ~[fabric__runtime_deploy.jar:na]
	at com.google.common.util.concurrent.AbstractCatchingFuture$CatchingFuture.setResult(AbstractCatchingFuture.java:210) ~[fabric__runtime_deploy.jar:na]
	at com.google.common.util.concurrent.AbstractCatchingFuture.run(AbstractCatchingFuture.java:138) ~[fabric__runtime_deploy.jar:na]
	at com.google.common.util.concurrent.MoreExecutors$DirectExecutor.execute(MoreExecutors.java:399) ~[fabric__runtime_deploy.jar:na]
	at com.google.common.util.concurrent.AbstractFuture.executeListener(AbstractFuture.java:911) ~[fabric__runtime_deploy.jar:na]
	at com.google.common.util.concurrent.AbstractFuture.complete(AbstractFuture.java:822) ~[fabric__runtime_deploy.jar:na]
	at com.google.common.util.concurrent.AbstractFuture.setException(AbstractFuture.java:686) ~[fabric__runtime_deploy.jar:na]
	at com.google.common.util.concurrent.AbstractTransformFuture.run(AbstractTransformFuture.java:112) ~[fabric__runtime_deploy.jar:na]
	at com.google.common.util.concurrent.MoreExecutors$DirectExecutor.execute(MoreExecutors.java:399) ~[fabric__runtime_deploy.jar:na]
	at com.google.common.util.concurrent.AbstractFuture.executeListener(AbstractFuture.java:911) ~[fabric__runtime_deploy.jar:na]
	at com.google.common.util.concurrent.AbstractFuture.complete(AbstractFuture.java:822) ~[fabric__runtime_deploy.jar:na]
	at com.google.common.util.concurrent.AbstractFuture.setException(AbstractFuture.java:686) ~[fabric__runtime_deploy.jar:na]
	at com.google.common.util.concurrent.SettableFuture.setException(SettableFuture.java:54) ~[fabric__runtime_deploy.jar:na]
	at improbable.bridge.client.BridgeServiceTaskRetrier.onFailure(BridgeServiceTaskRetrier.java:102) ~[fabric__runtime_deploy.jar:na]
	at com.google.common.util.concurrent.Futures$CallbackListener.run(Futures.java:1228) ~[fabric__runtime_deploy.jar:na]
	at com.google.common.util.concurrent.MoreExecutors$DirectExecutor.execute(MoreExecutors.java:399) ~[fabric__runtime_deploy.jar:na]
	at com.google.common.util.concurrent.AbstractFuture.executeListener(AbstractFuture.java:911) ~[fabric__runtime_deploy.jar:na]
	at com.google.common.util.concurrent.AbstractFuture.complete(AbstractFuture.java:822) ~[fabric__runtime_deploy.jar:na]
	at com.google.common.util.concurrent.AbstractFuture.setException(AbstractFuture.java:686) ~[fabric__runtime_deploy.jar:na]
	at io.grpc.stub.ClientCalls$GrpcFuture.setException(ClientCalls.java:466) ~[fabric__runtime_deploy.jar:na]
	at io.grpc.stub.ClientCalls$UnaryStreamToFuture.onClose(ClientCalls.java:442) ~[fabric__runtime_deploy.jar:na]
	at io.grpc.ForwardingClientCallListener.onClose(ForwardingClientCallListener.java:56) ~[fabric__runtime_deploy.jar:na]
	at me.dinowernli.grpc.prometheus.MonitoringClientCallListener.onClose(MonitoringClientCallListener.java:50) ~[fabric__runtime_deploy.jar:na]
	at io.grpc.internal.ClientCallImpl.closeObserver(ClientCallImpl.java:426) ~[fabric__runtime_deploy.jar:na]
	at io.grpc.internal.ClientCallImpl.access$100(ClientCallImpl.java:76) ~[fabric__runtime_deploy.jar:na]
	at io.grpc.internal.ClientCallImpl$ClientStreamListenerImpl.close(ClientCallImpl.java:512) ~[fabric__runtime_deploy.jar:na]
	at io.grpc.internal.ClientCallImpl$ClientStreamListenerImpl.access$700(ClientCallImpl.java:429) ~[fabric__runtime_deploy.jar:na]
	at io.grpc.internal.ClientCallImpl$ClientStreamListenerImpl$1StreamClosed.runInContext(ClientCallImpl.java:544) ~[fabric__runtime_deploy.jar:na]
	at io.grpc.internal.ContextRunnable.run(ContextRunnable.java:52) ~[fabric__runtime_deploy.jar:na]
	at io.grpc.internal.SerializingExecutor.run(SerializingExecutor.java:117) ~[fabric__runtime_deploy.jar:na]
	at java.util.concurrent.ThreadPoolExecutor.runWorker(ThreadPoolExecutor.java:1142) ~[na:1.8.0_101]
	at java.util.concurrent.ThreadPoolExecutor$Worker.run(ThreadPoolExecutor.java:617) ~[na:1.8.0_101]
	at java.lang.Thread.run(Thread.java:745) ~[na:1.8.0_101]
Caused by: io.grpc.StatusRuntimeException: DEADLINE_EXCEEDED
	at io.grpc.Status.asRuntimeException(Status.java:543) ~[fabric__runtime_deploy.jar:na]
	... 13 common frames omitted
2017-11-16 11:17:39,853 WARN  [i.b.logging.EngineLogMessageHandler] [] [] [] : [Worker: UnityWorker0] Incoming command request with ID 18 to entity ID 2 and component ID 1003 was not handled by the worker within the given timeout.
 in  -[WorkerLogger:Unity]
2017-11-16 11:17:39,978 INFO  [akka.actor.DeadLetterActorRef] [akka://akkaFabric/deadLetters] [akkaFabric-akka.actor.default-dispatcher-44] [] : Message [improbable.bridge.message.BridgeViewStatusRequest] from Actor[akka://akkaFabric/deadLetters] to Actor[akka://akkaFabric/deadLetters] was not delivered. [4] dead letters encountered. This logging can be turned off or adjusted with configuration settings 'akka.log-dead-letters' and 'akka.log-dead-letters-during-shutdown'.
2017-11-16 11:17:40,978 INFO  [akka.actor.DeadLetterActorRef] [akka://akkaFabric/deadLetters] [akkaFabric-akka.actor.default-dispatcher-44] [] : Message [improbable.bridge.message.BridgeViewStatusRequest] from Actor[akka://akkaFabric/deadLetters] to Actor[akka://akkaFabric/deadLetters] was not delivered. [5] dead letters encountered. This logging can be turned off or adjusted with configuration settings 'akka.log-dead-letters' and 'akka.log-dead-letters-during-shutdown'.
2017-11-16 11:17:41,978 INFO  [akka.actor.DeadLetterActorRef] [akka://akkaFabric/deadLetters] [akkaFabric-akka.actor.default-dispatcher-44] [] : Message [improbable.bridge.message.BridgeViewStatusRequest] from Actor[akka://akkaFabric/deadLetters] to Actor[akka://akkaFabric/deadLetters] was not delivered. [6] dead letters encountered. This logging can be turned off or adjusted with configuration settings 'akka.log-dead-letters' and 'akka.log-dead-letters-during-shutdown'.
2017-11-16 11:17:42,978 INFO  [akka.actor.DeadLetterActorRef] [akka://akkaFabric/deadLetters] [akkaFabric-akka.actor.default-dispatcher-44] [] : Message [improbable.bridge.message.BridgeViewStatusRequest] from Actor[akka://akkaFabric/deadLetters] to Actor[akka://akkaFabric/deadLetters] was not delivered. [7] dead letters encountered. This logging can be turned off or adjusted with configuration settings 'akka.log-dead-letters' and 'akka.log-dead-letters-during-shutdown'.
2017-11-16 11:17:43,978 INFO  [akka.actor.DeadLetterActorRef] [akka://akkaFabric/deadLetters] [akkaFabric-akka.actor.default-dispatcher-44] [] : Message [improbable.bridge.message.BridgeViewStatusRequest] from Actor[akka://akkaFabric/deadLetters] to Actor[akka://akkaFabric/deadLetters] was not delivered. [8] dead letters encountered. This logging can be turned off or adjusted with configuration settings 'akka.log-dead-letters' and 'akka.log-dead-letters-during-shutdown'.
2017-11-16 11:17:44,978 INFO  [akka.actor.DeadLetterActorRef] [akka://akkaFabric/deadLetters] [akkaFabric-akka.actor.default-dispatcher-44] [] : Message [improbable.bridge.message.BridgeViewStatusRequest] from Actor[akka://akkaFabric/deadLetters] to Actor[akka://akkaFabric/deadLetters] was not delivered. [9] dead letters encountered. This logging can be turned off or adjusted with configuration settings 'akka.log-dead-letters' and 'akka.log-dead-letters-during-shutdown'.
2017-11-16 11:17:45,334 INFO  [i.b.s.BridgeServicePicker] [] [] [] : Attempting to get positionHint for UnityClient6ee16f7e-b869-4845-98e0-546fb017f10c via rpc
2017-11-16 11:17:45,335 INFO  [i.b.s.BridgeServicePicker] [] [] [] : Starting UnityClient6ee16f7e-b869-4845-98e0-546fb017f10c without a position hint, so using a random bridge service
2017-11-16 11:17:45,335 INFO  [i.m.b.o.m.BridgeModuleOracleActor] [] [] [] : BridgeServicePicker returned module Optional[legacy_guid: "72d8e8c8-571c-454f-b47a-1259d11d1ff8"
address {
  host: "127.0.0.1"
  port: 9019
}
] with load Optional[BridgeModuleLoadBalanceInfo((0.0, 0.0, 0.0),1)].get().toString() for Engine(UnityClient6ee16f7e-b869-4845-98e0-546fb017f10c)
2017-11-16 11:17:45,363 INFO  [i.b.i.BridgeInternalServiceImpl] [] [] [] : Bridge worker_id: "UnityClient6ee16f7e-b869-4845-98e0-546fb017f10c"
 registered with bridge internal service
2017-11-16 11:17:45,364 INFO  [i.b.o.s.BridgeOracleInternalServiceImpl] [] [] [] : Got bridge started rpc from bridge: worker_id: "UnityClient6ee16f7e-b869-4845-98e0-546fb017f10c"

2017-11-16 11:17:45,365 INFO  [i.b.o.s.BridgeOracleInternalServiceImpl] [] [] [] : The worker UnityClient6ee16f7e-b869-4845-98e0-546fb017f10c registered with SpatialOS successfully.
2017-11-16 11:17:45,365 INFO  [i.module.bridge.oracle.BridgeOracle] [] [] [] : Sending bridge started to self for bridge endpoint BridgeOracleEndpoint
2017-11-16 11:17:45,365 INFO  [i.module.bridge.oracle.BridgeOracle] [] [] [] : Bridge(UnityClient6ee16f7e-b869-4845-98e0-546fb017f10c) started.
2017-11-16 11:17:45,911 INFO  [i.b.n.raknet.GuardedRakPeerInterface] [] [] [] : New RakNet connection established with 127.0.0.1
2017-11-16 11:17:45,978 INFO  [akka.actor.DeadLetterActorRef] [akka://akkaFabric/deadLetters] [akkaFabric-akka.actor.default-dispatcher-44] [] : Message [improbable.bridge.message.BridgeViewStatusRequest] from Actor[akka://akkaFabric/deadLetters] to Actor[akka://akkaFabric/deadLetters] was not delivered. [10] dead letters encountered, no more dead letters will be logged. This logging can be turned off or adjusted with configuration settings 'akka.log-dead-letters' and 'akka.log-dead-letters-during-shutdown'.
2017-11-16 11:18:45,780 INFO  [i.b.n.BridgeActorTransportLinkListener] [] [] [] : TransportLinkListener(UnityClient6ee16f7e-b869-4845-98e0-546fb017f10c) sending Disconnected to akka://akkaFabric/user/BridgeModule:72d8e8c8-571c-454f-b47a-1259d11d1ff8/BridgeActor-UnityClient6ee16f7e-b869-4845-98e0-546fb017f10c
2017-11-16 11:18:45,785 INFO  [i.module.bridge.oracle.BridgeOracle] [] [] [] : Sending bridge stopped to self for bridge endpoint BridgeEndpoint(UnityClient6ee16f7e-b869-4845-98e0-546fb017f10c)
2017-11-16 11:18:45,784 INFO  [i.b.i.BridgeInternalServiceImpl] [] [] [] : Bridge worker_id: "UnityClient6ee16f7e-b869-4845-98e0-546fb017f10c"
 unregistered with bridge internal service
2017-11-16 11:18:45,786 INFO  [i.module.bridge.oracle.BridgeOracle] [] [] [] : Bridge(UnityClient6ee16f7e-b869-4845-98e0-546fb017f10c) stopped.
2017-11-16 11:18:45,786 INFO  [improbable.bridge.BridgeActor] [] [] [] : Bridge(UnityClient6ee16f7e-b869-4845-98e0-546fb017f10c) on BridgeModuleEndpoint(72d8e8c8-571c-454f-b47a-1259d11d1ff8) stopped.
2017-11-16 11:18:46,715 INFO  [i.b.client.BridgeServiceTaskRetrier] [] [] [] : An internal operation forwarding EntityCommandRequest for "entity_id: 3
component_id: 1003
" failed on the SpatialOS side of the connection to UnityWorker0 after 0 retries, is the deployment under heavy load?
io.grpc.StatusRuntimeException: DEADLINE_EXCEEDED: Timed out trying to invoke command
	at io.grpc.Status.asRuntimeException(Status.java:543) ~[fabric__runtime_deploy.jar:na]
	at io.grpc.stub.ClientCalls$UnaryStreamToFuture.onClose(ClientCalls.java:442) [fabric__runtime_deploy.jar:na]
	at io.grpc.ForwardingClientCallListener.onClose(ForwardingClientCallListener.java:56) [fabric__runtime_deploy.jar:na]
	at me.dinowernli.grpc.prometheus.MonitoringClientCallListener.onClose(MonitoringClientCallListener.java:50) [fabric__runtime_deploy.jar:na]
	at io.grpc.internal.ClientCallImpl.closeObserver(ClientCallImpl.java:426) [fabric__runtime_deploy.jar:na]
	at io.grpc.internal.ClientCallImpl.access$100(ClientCallImpl.java:76) [fabric__runtime_deploy.jar:na]
	at io.grpc.internal.ClientCallImpl$ClientStreamListenerImpl.close(ClientCallImpl.java:512) [fabric__runtime_deploy.jar:na]
	at io.grpc.internal.ClientCallImpl$ClientStreamListenerImpl.access$700(ClientCallImpl.java:429) [fabric__runtime_deploy.jar:na]
	at io.grpc.internal.ClientCallImpl$ClientStreamListenerImpl$1StreamClosed.runInContext(ClientCallImpl.java:544) [fabric__runtime_deploy.jar:na]
	at io.grpc.internal.ContextRunnable.run(ContextRunnable.java:52) [fabric__runtime_deploy.jar:na]
	at io.grpc.internal.SerializingExecutor.run(SerializingExecutor.java:117) [fabric__runtime_deploy.jar:na]
	at java.util.concurrent.ThreadPoolExecutor.runWorker(ThreadPoolExecutor.java:1142) [na:1.8.0_101]
	at java.util.concurrent.ThreadPoolExecutor$Worker.run(ThreadPoolExecutor.java:617) [na:1.8.0_101]
	at java.lang.Thread.run(Thread.java:745) [na:1.8.0_101]
2017-11-16 11:18:46,717 WARN  [i.b.commands.BridgeCommandHandler] [] [] [] : Failed to execute command entity_command_request {
  endpoint {
    entity_id: 3
    component_id: 1003
  }
  payload: "\332>\002\032\000"
}
 on UnityClient6ee16f7e-b869-4845-98e0-546fb017f10c
improbable.bridge.commands.exception.CommandException: INTERNAL_ERROR
	at improbable.bridge.commands.exception.CommandException.ofStatusRuntimeException(CommandException.java:76) ~[fabric__runtime_deploy.jar:na]
	at improbable.bridge.commands.exception.CommandException.of(CommandException.java:27) ~[fabric__runtime_deploy.jar:na]
	at improbable.bridge.client.BridgeInternalServiceClient.lambda$invokeCommand$2(BridgeInternalServiceClient.java:93) ~[fabric__runtime_deploy.jar:na]
	at com.google.common.util.concurrent.AbstractTransformFuture$TransformFuture.doTransform(AbstractTransformFuture.java:239) ~[fabric__runtime_deploy.jar:na]
	at com.google.common.util.concurrent.AbstractTransformFuture$TransformFuture.doTransform(AbstractTransformFuture.java:229) ~[fabric__runtime_deploy.jar:na]
	at com.google.common.util.concurrent.AbstractTransformFuture.run(AbstractTransformFuture.java:130) ~[fabric__runtime_deploy.jar:na]
	at com.google.common.util.concurrent.MoreExecutors$DirectExecutor.execute(MoreExecutors.java:399) ~[fabric__runtime_deploy.jar:na]
	at com.google.common.util.concurrent.AbstractFuture.executeListener(AbstractFuture.java:911) ~[fabric__runtime_deploy.jar:na]
	at com.google.common.util.concurrent.AbstractFuture.complete(AbstractFuture.java:822) ~[fabric__runtime_deploy.jar:na]
	at com.google.common.util.concurrent.AbstractFuture.set(AbstractFuture.java:664) ~[fabric__runtime_deploy.jar:na]
	at com.google.common.util.concurrent.AbstractCatchingFuture$CatchingFuture.setResult(AbstractCatchingFuture.java:210) ~[fabric__runtime_deploy.jar:na]
	at com.google.common.util.concurrent.AbstractCatchingFuture.run(AbstractCatchingFuture.java:138) ~[fabric__runtime_deploy.jar:na]
	at com.google.common.util.concurrent.MoreExecutors$DirectExecutor.execute(MoreExecutors.java:399) ~[fabric__runtime_deploy.jar:na]
	at com.google.common.util.concurrent.AbstractFuture.executeListener(AbstractFuture.java:911) ~[fabric__runtime_deploy.jar:na]
	at com.google.common.util.concurrent.AbstractFuture.complete(AbstractFuture.java:822) ~[fabric__runtime_deploy.jar:na]
	at com.google.common.util.concurrent.AbstractFuture.setException(AbstractFuture.java:686) ~[fabric__runtime_deploy.jar:na]
	at com.google.common.util.concurrent.AbstractTransformFuture.run(AbstractTransformFuture.java:112) ~[fabric__runtime_deploy.jar:na]
	at com.google.common.util.concurrent.MoreExecutors$DirectExecutor.execute(MoreExecutors.java:399) ~[fabric__runtime_deploy.jar:na]
	at com.google.common.util.concurrent.AbstractFuture.executeListener(AbstractFuture.java:911) ~[fabric__runtime_deploy.jar:na]
	at com.google.common.util.concurrent.AbstractFuture.complete(AbstractFuture.java:822) ~[fabric__runtime_deploy.jar:na]
	at com.google.common.util.concurrent.AbstractFuture.setException(AbstractFuture.java:686) ~[fabric__runtime_deploy.jar:na]
	at com.google.common.util.concurrent.SettableFuture.setException(SettableFuture.java:54) ~[fabric__runtime_deploy.jar:na]
	at improbable.bridge.client.BridgeServiceTaskRetrier.onFailure(BridgeServiceTaskRetrier.java:102) ~[fabric__runtime_deploy.jar:na]
	at com.google.common.util.concurrent.Futures$CallbackListener.run(Futures.java:1228) ~[fabric__runtime_deploy.jar:na]
	at com.google.common.util.concurrent.MoreExecutors$DirectExecutor.execute(MoreExecutors.java:399) ~[fabric__runtime_deploy.jar:na]
	at com.google.common.util.concurrent.AbstractFuture.executeListener(AbstractFuture.java:911) ~[fabric__runtime_deploy.jar:na]
	at com.google.common.util.concurrent.AbstractFuture.complete(AbstractFuture.java:822) ~[fabric__runtime_deploy.jar:na]
	at com.google.common.util.concurrent.AbstractFuture.setException(AbstractFuture.java:686) ~[fabric__runtime_deploy.jar:na]
	at io.grpc.stub.ClientCalls$GrpcFuture.setException(ClientCalls.java:466) ~[fabric__runtime_deploy.jar:na]
	at io.grpc.stub.ClientCalls$UnaryStreamToFuture.onClose(ClientCalls.java:442) ~[fabric__runtime_deploy.jar:na]
	at io.grpc.ForwardingClientCallListener.onClose(ForwardingClientCallListener.java:56) ~[fabric__runtime_deploy.jar:na]
	at me.dinowernli.grpc.prometheus.MonitoringClientCallListener.onClose(MonitoringClientCallListener.java:50) ~[fabric__runtime_deploy.jar:na]
	at io.grpc.internal.ClientCallImpl.closeObserver(ClientCallImpl.java:426) ~[fabric__runtime_deploy.jar:na]
	at io.grpc.internal.ClientCallImpl.access$100(ClientCallImpl.java:76) ~[fabric__runtime_deploy.jar:na]
	at io.grpc.internal.ClientCallImpl$ClientStreamListenerImpl.close(ClientCallImpl.java:512) ~[fabric__runtime_deploy.jar:na]
	at io.grpc.internal.ClientCallImpl$ClientStreamListenerImpl.access$700(ClientCallImpl.java:429) ~[fabric__runtime_deploy.jar:na]
	at io.grpc.internal.ClientCallImpl$ClientStreamListenerImpl$1StreamClosed.runInContext(ClientCallImpl.java:544) ~[fabric__runtime_deploy.jar:na]
	at io.grpc.internal.ContextRunnable.run(ContextRunnable.java:52) ~[fabric__runtime_deploy.jar:na]
	at io.grpc.internal.SerializingExecutor.run(SerializingExecutor.java:117) ~[fabric__runtime_deploy.jar:na]
	at java.util.concurrent.ThreadPoolExecutor.runWorker(ThreadPoolExecutor.java:1142) ~[na:1.8.0_101]
	at java.util.concurrent.ThreadPoolExecutor$Worker.run(ThreadPoolExecutor.java:617) ~[na:1.8.0_101]
	at java.lang.Thread.run(Thread.java:745) ~[na:1.8.0_101]
Caused by: io.grpc.StatusRuntimeException: DEADLINE_EXCEEDED: Timed out trying to invoke command
	at io.grpc.Status.asRuntimeException(Status.java:543) ~[fabric__runtime_deploy.jar:na]
	... 13 common frames omitted
2017-11-16 11:18:46,751 WARN  [i.b.logging.EngineLogMessageHandler] [] [] [] : [Worker: UnityWorker0] Incoming command request with ID 38 to entity ID 3 and component ID 1003 was not handled by the worker within the given timeout.
 in  -[WorkerLogger:Unity]
2017-11-16 11:18:57,736 INFO  [i.c.discovery.ServiceDiscoveryImpl] [] [] [] : Shutting down all services
2017-11-16 11:18:57,739 INFO  [i.core.discovery.server.LocalServer] [] [] [] : Stopped Service(improbable.fabric.internal.service.StatusDiscoveryInternalService) on 127.0.0.1:5301.
2017-11-16 11:18:57,740 INFO  [i.core.discovery.server.PublicServer] [] [] [] : Stopped Service(improbable.platform.runtime.ModuleService) on 127.0.0.1:9000.
2017-11-16 11:18:57,743 INFO  [i.core.discovery.server.PublicServer] [] [] [] : Stopped Service(improbable.platform.runtime.HealthCheckService) on 127.0.0.1:9001.
2017-11-16 11:18:57,743 INFO  [i.core.discovery.server.LocalServer] [] [] [] : Stopped Service(improbable.fabric.internal.service.PerfInternalService) on 127.0.0.1:9002.
2017-11-16 11:18:57,744 INFO  [i.core.discovery.server.LocalServer] [] [] [] : Stopped Service(improbable.fabric.internal.service.ContentionInternalService) on 127.0.0.1:9003.
2017-11-16 11:18:57,744 INFO  [i.core.discovery.server.PublicServer] [] [] [] : Stopped Service(improbable.platform.runtime.FeatureService) on 127.0.0.1:9004.
2017-11-16 11:18:57,745 INFO  [i.core.discovery.server.LocalServer] [] [] [] : Stopped Service(improbable.fabric.internal.service.NodeConfigurationInternalService) on 127.0.0.1:9005.
2017-11-16 11:18:57,746 INFO  [i.core.discovery.server.LocalServer] [] [] [] : Stopped Service(improbable.fabric.internal.service.WorldExtentsInternalService) on 127.0.0.1:9006.
2017-11-16 11:18:57,746 INFO  [i.core.discovery.server.LocalServer] [] [] [] : Stopped Service(improbable.fabric.internal.service.EntityIdInternalService) on 127.0.0.1:9007.
2017-11-16 11:18:57,748 INFO  [i.core.discovery.server.LocalServer] [] [] [] : Stopped Service(improbable.fabric.internal.service.WorkerPrestartRegistryInternalService) on 127.0.0.1:9008.
2017-11-16 11:18:57,748 INFO  [i.core.discovery.server.LocalServer] [] [] [] : Stopped Service(improbable.fabric.internal.service.RouterLookupInternalService) on 127.0.0.1:9009.
2017-11-16 11:18:57,749 INFO  [i.core.discovery.server.LocalServer] [] [] [] : Stopped Service(improbable.fabric.internal.service.RouterInternalService) on 127.0.0.1:9010.
2017-11-16 11:18:57,750 INFO  [i.core.discovery.server.LocalServer] [] [] [] : Stopped Service(improbable.fabric.internal.service.RemoteMessageInternalService) on 127.0.0.1:9011.
2017-11-16 11:18:57,750 INFO  [i.core.discovery.server.LocalServer] [] [] [] : Stopped Service(improbable.fabric.internal.service.LocalBrokerInternalService) on 127.0.0.1:9012.
2017-11-16 11:18:57,751 INFO  [i.core.discovery.server.LocalServer] [] [] [] : Stopped Service(improbable.fabric.internal.service.BridgeOracleInternalService) on 127.0.0.1:9013.
2017-11-16 11:18:57,752 INFO  [i.core.discovery.server.LocalServer] [] [] [] : Stopped Service(improbable.fabric.internal.service.GlobalBrokerInternalService) on 127.0.0.1:9014.
2017-11-16 11:18:57,754 INFO  [i.core.discovery.server.LocalServer] [] [] [] : Stopped Service(improbable.fabric.internal.service.BridgeServiceOracleInternalService) on 127.0.0.1:9015.
2017-11-16 11:18:57,754 INFO  [i.core.discovery.server.LocalServer] [] [] [] : Stopped Service(improbable.fabric.internal.service.LocalSnapshotInternalService) on 127.0.0.1:9016.
2017-11-16 11:18:57,755 INFO  [i.core.discovery.server.PublicServer] [] [] [] : Stopped Service(improbable.fabric.internal.service.ScalingStatsInternalService) on 127.0.0.1:9017.
2017-11-16 11:18:57,756 INFO  [i.core.discovery.server.LocalServer] [] [] [] : Stopped Service(improbable.fabric.internal.service.EntityQueryInternalService) on 127.0.0.1:9018.
2017-11-16 11:18:57,758 INFO  [i.core.discovery.server.LocalServer] [] [] [] : Stopped Service(improbable.fabric.internal.service.BridgeInternalService) on 127.0.0.1:9019.
2017-11-16 11:18:57,759 INFO  [i.core.discovery.server.PublicServer] [] [] [] : Stopped Service(improbable.platform.inner.worker.WorkerRunner) on 127.0.0.1:9020.
2017-11-16 11:18:57,760 INFO  [i.core.discovery.server.LocalServer] [] [] [] : Stopped Service(improbable.fabric.internal.service.ReceptionistInternalService) on 127.0.0.1:9021.
2017-11-16 11:18:57,760 INFO  [i.core.discovery.server.PublicServer] [] [] [] : Stopped Service(improbable.platform.runtime.ReceptionistService) on 127.0.0.1:7777.
