Initialize engine version: 5.6.0f3 (497a0f351392)
GfxDevice: creating device client; threaded=1
Direct3D:
    Version:  Direct3D 11.0 [level 11.0]
    Renderer: AMD Mobility Radeon HD 5000 Series (ID=0x68c1)
    Vendor:   ATI
    VRAM:     1014 MB
    Driver:   15.200.1062.1004
Begin MonoManager ReloadAssembly
Platform assembly: C:\Users\Erasmo\Documenti\github\Game\workers\unity\build\worker\UnityClient@Windows\UnityClient@Windows_Data\Managed\UnityEngine.dll (this message is harmless)
Loading C:\Users\Erasmo\Documenti\github\Game\workers\unity\build\worker\UnityClient@Windows\UnityClient@Windows_Data\Managed\UnityEngine.dll into Unity Child Domain
Platform assembly: C:\Users\Erasmo\Documenti\github\Game\workers\unity\build\worker\UnityClient@Windows\UnityClient@Windows_Data\Managed\Assembly-CSharp-firstpass.dll (this message is harmless)
Loading C:\Users\Erasmo\Documenti\github\Game\workers\unity\build\worker\UnityClient@Windows\UnityClient@Windows_Data\Managed\Assembly-CSharp-firstpass.dll into Unity Child Domain
Platform assembly: C:\Users\Erasmo\Documenti\github\Game\workers\unity\build\worker\UnityClient@Windows\UnityClient@Windows_Data\Managed\Assembly-CSharp.dll (this message is harmless)
Loading C:\Users\Erasmo\Documenti\github\Game\workers\unity\build\worker\UnityClient@Windows\UnityClient@Windows_Data\Managed\Assembly-CSharp.dll into Unity Child Domain
Platform assembly: C:\Users\Erasmo\Documenti\github\Game\workers\unity\build\worker\UnityClient@Windows\UnityClient@Windows_Data\Managed\UnityEngine.UI.dll (this message is harmless)
Loading C:\Users\Erasmo\Documenti\github\Game\workers\unity\build\worker\UnityClient@Windows\UnityClient@Windows_Data\Managed\UnityEngine.UI.dll into Unity Child Domain
Platform assembly: C:\Users\Erasmo\Documenti\github\Game\workers\unity\build\worker\UnityClient@Windows\UnityClient@Windows_Data\Managed\UnityEngine.Networking.dll (this message is harmless)
Loading C:\Users\Erasmo\Documenti\github\Game\workers\unity\build\worker\UnityClient@Windows\UnityClient@Windows_Data\Managed\UnityEngine.Networking.dll into Unity Child Domain
Platform assembly: C:\Users\Erasmo\Documenti\github\Game\workers\unity\build\worker\UnityClient@Windows\UnityClient@Windows_Data\Managed\Generated.Code.dll (this message is harmless)
Loading C:\Users\Erasmo\Documenti\github\Game\workers\unity\build\worker\UnityClient@Windows\UnityClient@Windows_Data\Managed\Generated.Code.dll into Unity Child Domain
Platform assembly: C:\Users\Erasmo\Documenti\github\Game\workers\unity\build\worker\UnityClient@Windows\UnityClient@Windows_Data\Managed\Improbable.WorkerSdkCsharp.dll (this message is harmless)
Loading C:\Users\Erasmo\Documenti\github\Game\workers\unity\build\worker\UnityClient@Windows\UnityClient@Windows_Data\Managed\Improbable.WorkerSdkCsharp.dll into Unity Child Domain
Platform assembly: C:\Users\Erasmo\Documenti\github\Game\workers\unity\build\worker\UnityClient@Windows\UnityClient@Windows_Data\Managed\Improbable.WorkerSdkCsharp.Framework.dll (this message is harmless)
Loading C:\Users\Erasmo\Documenti\github\Game\workers\unity\build\worker\UnityClient@Windows\UnityClient@Windows_Data\Managed\Improbable.WorkerSdkCsharp.Framework.dll into Unity Child Domain
Platform assembly: C:\Users\Erasmo\Documenti\github\Game\workers\unity\build\worker\UnityClient@Windows\UnityClient@Windows_Data\Managed\System.Threading.dll (this message is harmless)
Loading C:\Users\Erasmo\Documenti\github\Game\workers\unity\build\worker\UnityClient@Windows\UnityClient@Windows_Data\Managed\System.Threading.dll into Unity Child Domain
Platform assembly: C:\Users\Erasmo\Documenti\github\Game\workers\unity\build\worker\UnityClient@Windows\UnityClient@Windows_Data\Managed\Improbable.UnityDll.dll (this message is harmless)
Loading C:\Users\Erasmo\Documenti\github\Game\workers\unity\build\worker\UnityClient@Windows\UnityClient@Windows_Data\Managed\Improbable.UnityDll.dll into Unity Child Domain
- Completed reload, in  0.415 seconds
Platform assembly: C:\Users\Erasmo\Documenti\github\Game\workers\unity\build\worker\UnityClient@Windows\UnityClient@Windows_Data\Managed\System.Core.dll (this message is harmless)
Platform assembly: C:\Users\Erasmo\Documenti\github\Game\workers\unity\build\worker\UnityClient@Windows\UnityClient@Windows_Data\Managed\System.dll (this message is harmless)
desktop: 1366x768 60Hz; virtual: 1366x768 at 0,0
<RI> Initializing input.
XInput1_3.dll not found. Trying XInput9_1_0.dll instead...
<RI> Input initialized.
<RI> Initialized touch support.
UnloadTime: 1.407090 ms
Command line build/worker/UnityClient@Windows/UnityClient@Windows.exe +assemblyName local_assembly +workerType UnityClient +infraServicesUrl http://127.0.0.1:21000 +projectName beta_oscar_bacon_891 -logfile external-default-unityclient.log
 
(Filename: C:/buildslave/unity/build/artifacts/generated/common/runtime/DebugBindings.gen.cpp Line: 51)

WorkerConfiguration settings
AppName = 
ProjectName = beta_oscar_bacon_891
AssemblyName = local_assembly
DeploymentId = 
DeploymentTag = prod
EngineId = UnityClient28d961bb-8d7a-421b-be99-6865d6f2ddce
EnginePlatform = UnityClient
WorkerId = UnityClient28d961bb-8d7a-421b-be99-6865d6f2ddce
WorkerPlatform = UnityClient
EntityCreationLimitPerFrame = 100
InfraServiceUrl = http://127.0.0.1:21000
LocatorHost = locator.improbable.io
ReceptionistHost = 127.0.0.1
ReceptionistPort = 7777
LinkProtocol = RakNet
LoginToken = 
ProtocolLoggingOnStartup = False
ProtocolLogPrefix = protocol-
ProtocolLogMaxFileBytes = 104857600
RaknetHeartbeatTimeoutMillis = 60000
ReceiveQueueCapacity = 32768
SendQueueCapacity = 16384
ShowDebugTraces = False
SteamToken = 
TcpMultiplexLevel = 32
UseInstrumentation = True
UsePerInstanceAssetCache = True
UsePrefabPooling = False
LogDebugToSpatialOs = False
LogAssertToSpatialOs = False
LogWarningToSpatialOs = True
LogErrorToSpatialOs = True
LogExceptionToSpatialOs = True

 
(Filename: C:/buildslave/unity/build/artifacts/generated/common/runtime/DebugBindings.gen.cpp Line: 51)

Setting up 2 worker threads for Enlighten.
  Thread -> id: 211c -> priority: 1 
  Thread -> id: adc -> priority: 1 
Internal: JobTempAlloc has allocations that are more than 4 frames old - this is not allowed and likely a leak
 
(Filename:  Line: 371)

Nickname: Mario
 
(Filename: C:/buildslave/unity/build/artifacts/generated/common/runtime/DebugBindings.gen.cpp Line: 51)

ClientMetrics OS=Windows 7 Service Pack 1 (6.1.7601) 64bit.
Processor: type Intel(R) Core(TM) i7 CPU M 620 @ 2.67GHz, cores 4.
Graphics: id 26817, vendor 4098, name AMD Mobility Radeon HD 5000 Series, size 1014.
Memory: 3956.
 
(Filename: C:/buildslave/unity/build/artifacts/generated/common/runtime/DebugBindings.gen.cpp Line: 51)

Platform assembly: C:\Users\Erasmo\Documenti\github\Game\workers\unity\build\worker\UnityClient@Windows\UnityClient@Windows_Data\Managed\Mono.Security.dll (this message is harmless)
Platform assembly: C:\Users\Erasmo\Documenti\github\Game\workers\unity\build\worker\UnityClient@Windows\UnityClient@Windows_Data\Managed\System.Configuration.dll (this message is harmless)
Platform assembly: C:\Users\Erasmo\Documenti\github\Game\workers\unity\build\worker\UnityClient@Windows\UnityClient@Windows_Data\Managed\System.Xml.dll (this message is harmless)
Request: Mario
 
(Filename: C:/buildslave/unity/build/artifacts/generated/common/runtime/DebugBindings.gen.cpp Line: 51)

Assets.Gamelogic.Player.TrackScore uses EngineTypeAttribute but is not MonoBehavoiur. The attribute will be ignored.
 
(Filename: C:/buildslave/unity/build/artifacts/generated/common/runtime/DebugBindings.gen.cpp Line: 51)

The class named 'Assets.Gamelogic.Player.TrackScore' is not derived from MonoBehaviour or ScriptableObject!
 
(Filename:  Line: 1514)

The class named 'Assets.Gamelogic.Player.TrackScore' is not derived from MonoBehaviour or ScriptableObject!
 
(Filename:  Line: 1514)

GetComponentsInChildren returned a null element for GameObject Player(Clone)
 
(Filename: C:/buildslave/unity/build/artifacts/generated/common/runtime/DebugBindings.gen.cpp Line: 51)

The class named 'Assets.Gamelogic.Player.TrackScore' is not derived from MonoBehaviour or ScriptableObject!
 
(Filename:  Line: 1514)

GetComponentsInChildren returned a null element for GameObject Player(Clone)
 
(Filename: C:/buildslave/unity/build/artifacts/generated/common/runtime/DebugBindings.gen.cpp Line: 51)

Look rotation viewing vector is zero
 
(Filename:  Line: 92)

