2017-11-28 15:40:43,248 INFO  [i.deployment.InternalGameLauncher] [] [] [] : Parsed 362 internal flags at startup
2017-11-28 15:40:43,484 INFO  [i.deployment.InternalGameLauncher] [] [] [] : SpatialOS runtime version: 11-20171114T103507Z-cc9d195
2017-11-28 15:40:43,821 INFO  [i.c.c.f.FlagzFieldRegistryUpdater] [] [] [] : Initialized Fabric flagz registry with 11 set fields.
2017-11-28 15:40:45,028 INFO  [i.core.discovery.server.LocalServer] [] [] [] : Registered Service(improbable.fabric.internal.service.StatusDiscoveryInternalService) on 127.0.0.1:5301.
2017-11-28 15:40:45,029 INFO  [i.c.discovery.ServiceDiscoveryImpl] [] [] [] : Status discovery address: host: "127.0.0.1"
port: 5301

2017-11-28 15:40:45,040 INFO  [improbable.module.ModuleNode] [] [] [] : Starting Fabric node as master (IP: 127.0.0.1).
2017-11-28 15:40:45,043 INFO  [i.c.d.client.CheckpointDiscoveryImpl] [] [] [] : Reached a checkpoint: ALL_NODES_STARTED
2017-11-28 15:40:45,043 INFO  [improbable.module.ModuleNode] [] [] [] : Node master has started, waiting for other nodes to reach the same checkpoint.
2017-11-28 15:40:45,044 INFO  [improbable.module.ModuleNode] [] [] [] : All nodes have been started.
2017-11-28 15:40:45,051 INFO  [i.core.discovery.server.PublicServer] [] [] [] : Registered Service(improbable.platform.runtime.ModuleService) on 127.0.0.1:9000.
2017-11-28 15:40:45,090 INFO  [i.core.discovery.server.PublicServer] [] [] [] : Registered Service(improbable.platform.runtime.HealthCheckService) on 127.0.0.1:9001.
2017-11-28 15:40:45,112 INFO  [i.core.discovery.server.LocalServer] [] [] [] : Registered Service(improbable.fabric.internal.service.PerfInternalService) on 127.0.0.1:9002.
2017-11-28 15:40:45,124 INFO  [i.core.discovery.server.LocalServer] [] [] [] : Registered Service(improbable.fabric.internal.service.ContentionInternalService) on 127.0.0.1:9003.
2017-11-28 15:40:45,155 INFO  [i.core.discovery.server.PublicServer] [] [] [] : Registered Service(improbable.platform.runtime.FeatureService) on 127.0.0.1:9004.
2017-11-28 15:40:45,186 INFO  [i.c.config.flagz.WorkerFlagzUpdater] [] [] [] : Initialized worker flagz registry with 0 set fields.
2017-11-28 15:40:45,190 INFO  [improbable.module.ModuleNode] [] [] [] : Using master node configuration loader.
2017-11-28 15:40:45,205 INFO  [i.core.discovery.server.LocalServer] [] [] [] : Registered Service(improbable.fabric.internal.service.NodeConfigurationInternalService) on 127.0.0.1:9005.
2017-11-28 15:40:45,227 INFO  [i.c.c.n.MasterNodeConfigurationLoader] [] [] [] : Using roles [MASTER, GSIM, BRIDGE, WORKER_RUNNER, INSPECTION] for node node_id {
  deployment_id {
    project_id {
      name: "beta_oscar_bacon_891"
    }
    name: "local"
  }
  name: "master"
}
private_ip: "127.0.0.1"
roles: MASTER
roles: GSIM
roles: BRIDGE
roles: WORKER_RUNNER
roles: INSPECTION

2017-11-28 15:40:45,252 INFO  [improbable.core.config.node.GsimGrid] [] [] [] : Created gsim grid configuration of size (1500, 1500) with 1 columns and 1 rows, using gsims of (30, 30) chunks.
2017-11-28 15:40:45,279 INFO  [i.c.c.n.MasterNodeConfigurationLoader] [] [] [] : Original deployment module configuration (before parsing): {deployment_id {
  project_id {
    name: "beta_oscar_bacon_891"
  }
  name: "local"
}
name: "master"
=[ProfilingModule, BridgeModuleOracleModule, BridgeOracleModule, PersistenceModule, ReceptionistModule, RouterModule, GSimModule, BridgeModule, EngineStartupModule, InspectionRestModule]}
2017-11-28 15:40:45,299 INFO  [i.c.c.n.MasterNodeConfigurationLoader] [] [] [] : Master successfully loaded configurations for 1 node(s).
2017-11-28 15:40:45,308 INFO  [improbable.module.ModuleNode] [] [] [] : Loaded node configuration: node_id {
  deployment_id {
    project_id {
      name: "beta_oscar_bacon_891"
    }
    name: "local"
  }
  name: "master"
}
gsim_configurations {
  extent {
    bottom_left {
      x_in_chunks: -15
      z_in_chunks: -15
    }
    top_right {
      x_in_chunks: 15
      z_in_chunks: 15
    }
  }
}
start_router: true
start_bridge_oracle: true
start_bridge_module_oracle: true
start_engine_startup_module: true
start_receptionist_service: true
start_inspection_rest_module: true
start_snapshot_service: true
start_profiling_module: true
bridge_modules: "BridgeModule"
gsim_modules: "GSimModule"

2017-11-28 15:40:45,309 INFO  [improbable.module.ModuleNode] [] [] [] : Using master world extents provider.
2017-11-28 15:40:45,328 INFO  [i.core.discovery.server.LocalServer] [] [] [] : Registered Service(improbable.fabric.internal.service.WorldExtentsInternalService) on 127.0.0.1:9006.
2017-11-28 15:40:45,330 INFO  [i.c.world.MasterWorldExtentsProvider] [] [] [] : Successfully initialized world extents with 1 rectangle(s).
2017-11-28 15:40:45,334 INFO  [improbable.module.ModuleNode] [] [] [] : Loaded world extents: WorldExtents{proto=rectangles {
  bottom_left {
    x: -750.0
    z: -750.0
  }
  top_right {
    x: 750.0
    z: 750.0
  }
  is_fully_simulated: true
  responsible_gsim_id {
  }
}
bounding_rectangle {
  bottom_left {
    x: -750.0
    z: -750.0
  }
  top_right {
    x: 750.0
    z: 750.0
  }
  is_fully_simulated: true
}
}
2017-11-28 15:40:45,480 INFO  [i.e.schema.ParsedFileDescriptorSet] [] [] [] : Parsed file descriptors of 15 proto files.
2017-11-28 15:40:45,536 INFO  [i.entity.schema.SchemaFactory] [] [] [] : Found components: [improbable.EntityAcl, improbable.Metadata, improbable.Position, improbable.Persistence, improbable.core.PlayerCreation, improbable.core.Rotation, improbable.player.PlayerInput, improbable.player.Winning, improbable.core.ClientAuthorityCheck, improbable.player.NicknamePropagator, improbable.player.Score, improbable.core.PlayerInfo, improbable.player.Health, improbable.player.ClientConnection]
2017-11-28 15:40:45,550 INFO  [i.entity.schema.SchemaFactory] [] [] [] : Found components: [improbable.player.PlayerInput, improbable.player.Winning, improbable.core.ClientAuthorityCheck, improbable.EntityAcl, improbable.Metadata, improbable.Position, improbable.Persistence, improbable.internal.EntityAuthority, improbable.core.Rotation, improbable.core.PlayerInfo, improbable.player.Health, improbable.player.Score, improbable.player.ClientConnection, improbable.core.PlayerCreation, improbable.player.NicknamePropagator]
2017-11-28 15:40:45,551 INFO  [improbable.module.ModuleNode] [] [] [] : Successfully loaded schema for entities
2017-11-28 15:40:45,553 INFO  [improbable.module.ModuleNode] [] [] [] : Validating snapshot at startup and determining max entity id
2017-11-28 15:40:45,563 INFO  [i.p.s.storage.LegacySnapshotStorage] [] [] [] : Requesting download URL for Snapshot(local@latest) matching []
2017-11-28 15:40:45,576 INFO  [i.c.d.g.GlobalCheckpointDiscoveryImpl] [] [] [] : Global checkpoint discovery refreshed checkpoints.
2017-11-28 15:40:45,578 INFO  [i.c.d.g.GlobalServiceDiscoveryImpl] [] [] [] : Global service discovery refreshed 8 server(s) (previously: 0)
2017-11-28 15:40:45,593 INFO  [i.p.s.storage.LegacySnapshotStorage] [] [] [] : Downloading snapshot from http://127.0.0.1:21000/snapshots/20171128154034890
2017-11-28 15:40:45,636 INFO  [improbable.module.ModuleNode] [] [] [] : Determined the first entity id for the id assigner as 12
2017-11-28 15:40:45,641 INFO  [i.core.discovery.server.LocalServer] [] [] [] : Registered Service(improbable.fabric.internal.service.EntityIdInternalService) on 127.0.0.1:9007.
2017-11-28 15:40:45,665 INFO  [i.core.discovery.server.LocalServer] [] [] [] : Registered Service(improbable.fabric.internal.service.WorkerPrestartRegistryInternalService) on 127.0.0.1:9008.
2017-11-28 15:40:45,709 INFO  [i.core.discovery.server.LocalServer] [] [] [] : Registered Service(improbable.fabric.internal.service.RouterLookupInternalService) on 127.0.0.1:9009.
2017-11-28 15:40:45,711 INFO  [i.module.router.ActorSystemFactory$] [] [] [] : Attempting to create ActorSystem akkaFabric with configRecord akkaFabric
2017-11-28 15:40:45,949 INFO  [i.c.d.g.GlobalServiceDiscoveryImpl] [] [] [] : Global service discovery refreshed 11 server(s) (previously: 8)
2017-11-28 15:40:46,154 INFO  [akka.event.slf4j.Slf4jLogger] [] [] [] : Slf4jLogger started
2017-11-28 15:40:48,053 INFO  [i.l.params.LoadbalancerParamsFactory] [] [] [] : Parsed 1 worker loadbalancing configuration(s)
2017-11-28 15:40:48,060 INFO  [i.l.params.LoadbalancerParamsFactory] [] [] [] : Successfully loaded loadbalancing configurations: {UnityWorker=improbable.loadbalancing.params.AutoHexGridLoadbalancerParams@4f9e5d0e}
2017-11-28 15:40:48,172 INFO  [i.w.a.WorkerAssemblyProviderFactory] [] [] [] : Loaded worker assemblies for these workers types: UnityClient, UnityWorker.
2017-11-28 15:40:48,178 INFO  [improbable.module.ModuleNode] [] [] [] : Loaded worker assemblies: [worker_assembly_id {
  assembly_id {
    project_id {
      name: "beta_oscar_bacon_891"
    }
    name: "local_assembly"
  }
  name {
    name: "UnityClient"
  }
}
bridge_configuration {
  worker_attribute_set {
    attribute {
      name: "visual"
    }
  }
  entity_interest {
    range_entity_interest {
      radius: 200.0
    }
  }
  component_delivery {
    checkout_all_initially: true
  }
}
, worker_assembly_id {
  assembly_id {
    project_id {
      name: "beta_oscar_bacon_891"
    }
    name: "local_assembly"
  }
  name {
    name: "UnityWorker"
  }
}
worker_launch_configuration {
  platform: WINDOWS
  worker_zip {
    command: "UnityWorker@Windows.exe"
    argument: "+projectName"
    argument: "${IMPROBABLE_PROJECT_NAME}"
    argument: "+receptionistIp"
    argument: "${IMPROBABLE_RECEPTIONIST_HOST}"
    argument: "+receptionistPort"
    argument: "${IMPROBABLE_RECEPTIONIST_PORT}"
    argument: "+workerType"
    argument: "${IMPROBABLE_WORKER_NAME}"
    argument: "+workerId"
    argument: "${IMPROBABLE_WORKER_ID}"
    argument: "+useInternalIpForBridge"
    argument: "true"
    argument: "+infraServicesUrl"
    argument: "${IMPROBABLE_API_URL}"
    argument: "+assemblyName"
    argument: "${IMPROBABLE_ASSEMBLY_NAME}"
    argument: "+linkProtocol"
    argument: "RakNet"
    argument: "-logfile"
    argument: "${IMPROBABLE_LOG_FILE}"
    argument: "-batchmode"
    argument: "-nographics"
    worker_location {
      filename: "UnityWorker@Windows.zip"
    }
  }
}
worker_launch_configuration {
  platform: MACOS
  worker_zip {
    command: "UnityWorker@Mac.app/Contents/MacOS/UnityWorker@Mac"
    argument: "+projectName"
    argument: "${IMPROBABLE_PROJECT_NAME}"
    argument: "+receptionistIp"
    argument: "${IMPROBABLE_RECEPTIONIST_HOST}"
    argument: "+receptionistPort"
    argument: "${IMPROBABLE_RECEPTIONIST_PORT}"
    argument: "+workerType"
    argument: "${IMPROBABLE_WORKER_NAME}"
    argument: "+workerId"
    argument: "${IMPROBABLE_WORKER_ID}"
    argument: "+useInternalIpForBridge"
    argument: "true"
    argument: "+infraServicesUrl"
    argument: "${IMPROBABLE_API_URL}"
    argument: "+assemblyName"
    argument: "${IMPROBABLE_ASSEMBLY_NAME}"
    argument: "+linkProtocol"
    argument: "RakNet"
    argument: "-logfile"
    argument: "${IMPROBABLE_LOG_FILE}"
    argument: "-batchmode"
    argument: "-nographics"
    worker_location {
      filename: "UnityWorker@Mac.zip"
    }
  }
}
worker_launch_configuration {
  platform: LINUX
  worker_zip {
    command: "UnityWorker@Linux"
    argument: "+projectName"
    argument: "${IMPROBABLE_PROJECT_NAME}"
    argument: "+receptionistIp"
    argument: "${IMPROBABLE_RECEPTIONIST_HOST}"
    argument: "+receptionistPort"
    argument: "${IMPROBABLE_RECEPTIONIST_PORT}"
    argument: "+workerType"
    argument: "${IMPROBABLE_WORKER_NAME}"
    argument: "+workerId"
    argument: "${IMPROBABLE_WORKER_ID}"
    argument: "+useInternalIpForBridge"
    argument: "true"
    argument: "+infraServicesUrl"
    argument: "${IMPROBABLE_API_URL}"
    argument: "+assemblyName"
    argument: "${IMPROBABLE_ASSEMBLY_NAME}"
    argument: "+linkProtocol"
    argument: "RakNet"
    argument: "-logfile"
    argument: "${IMPROBABLE_LOG_FILE}"
    argument: "-batchmode"
    argument: "-nographics"
    worker_location {
      filename: "UnityWorker@Linux.zip"
    }
  }
}
bridge_configuration {
  worker_attribute_set {
    attribute {
      name: "physics"
    }
  }
  entity_interest {
    range_entity_interest {
      radius: 200.0
    }
  }
  component_delivery {
    checkout_all_initially: true
  }
}
]
2017-11-28 15:40:48,187 INFO  [i.w.assembly.WorkerAssemblyProvider] [] [] [] : Worker configuration for 'UnityClient' does not contain a launch configuration for the current platform 'WINDOWS', so Fabric will not start any managed workers of this type
2017-11-28 15:40:48,188 INFO  [i.w.assembly.WorkerAssemblyProvider] [] [] [] : The following worker configurations do not contain valid managed launch configurations for the current platform WINDOWS, and the runtime will be unable to launch managed workers of this type: [UnityClient]. This is expected for worker types you intend to only connect manually.
2017-11-28 15:40:48,193 INFO  [i.w.permissions.PermissionsFactory] [] [] [] : Created permissions manager with permissions: {UnityWorker=Permissions{{/sys/CreateEntity=, /sys/DeleteEntity=, /sys/EntityQuery={"component":["*"]}}}, UnityClient=Permissions{{/sys/EntityQuery={"component":[]}}}}
2017-11-28 15:40:50,643 INFO  [improbable.module.ModuleNode] [] [] [] : Starting router on master
2017-11-28 15:40:50,650 INFO  [i.core.discovery.server.LocalServer] [] [] [] : Registered Service(improbable.fabric.internal.service.RouterInternalService) on 127.0.0.1:9010.
2017-11-28 15:40:50,651 INFO  [i.c.m.r.RouterInternalServiceImpl] [] [] [] : Attempting to register RouterInternalServiceImpl with RouterLookupInternalService.
2017-11-28 15:40:50,661 INFO  [i.c.m.r.l.RouterLookupInternalServiceImpl] [] [] [] : 1/1 router modules started
2017-11-28 15:40:50,663 INFO  [i.c.m.r.RouterInternalServiceImpl] [] [] [] : Registered RouterInternalServiceImpl with RouterLookupInternalService.
2017-11-28 15:40:50,665 INFO  [improbable.module.ModuleNode] [] [] [] : Attempting to get addresses of all RouterModules from master node
2017-11-28 15:40:50,676 INFO  [improbable.module.ModuleNode] [] [] [] : Got all RouterModules from master node
2017-11-28 15:40:50,695 INFO  [i.core.discovery.server.LocalServer] [] [] [] : Registered Service(improbable.fabric.internal.service.RemoteMessageInternalService) on 127.0.0.1:9011.
2017-11-28 15:40:50,713 INFO  [i.core.discovery.server.LocalServer] [] [] [] : Registered Service(improbable.fabric.internal.service.LocalBrokerInternalService) on 127.0.0.1:9012.
2017-11-28 15:40:50,721 INFO  [improbable.module.ModuleNode] [] [] [] : Waiting for all router modules in the deployment to have started
2017-11-28 15:40:50,725 INFO  [improbable.module.ModuleNode] [] [] [] : All router modules in the deployment started
2017-11-28 15:40:50,804 INFO  [org.eclipse.jetty.server.Server] [] [] [] : jetty-8.y.z-SNAPSHOT
2017-11-28 15:40:50,835 INFO  [o.e.jetty.server.AbstractConnector] [] [] [] : Started SelectChannelConnector@0.0.0.0:5006
2017-11-28 15:40:50,836 INFO  [improbable.http.ServletContainer$] [] [] [] : Servlet container started
2017-11-28 15:40:50,838 INFO  [improbable.module.ModuleNode] [] [] [] : Starting BridgeOracle on master
2017-11-28 15:40:50,855 INFO  [improbable.module.ModuleNode] [] [] [] : Waiting for the BridgeOracle to have started
2017-11-28 15:40:50,944 INFO  [i.c.d.g.GlobalServiceDiscoveryImpl] [] [] [] : Global service discovery refreshed 14 server(s) (previously: 11)
2017-11-28 15:40:51,055 INFO  [i.core.discovery.server.LocalServer] [] [] [] : Registered Service(improbable.fabric.internal.service.BridgeOracleInternalService) on 127.0.0.1:9013.
2017-11-28 15:40:51,950 INFO  [i.c.d.g.GlobalServiceDiscoveryImpl] [] [] [] : Global service discovery refreshed 15 server(s) (previously: 14)
2017-11-28 15:40:51,951 INFO  [improbable.module.ModuleNode] [] [] [] : Received BridgeOracle started
2017-11-28 15:40:51,961 INFO  [i.core.discovery.server.LocalServer] [] [] [] : Registered Service(improbable.fabric.internal.service.GlobalBrokerInternalService) on 127.0.0.1:9014.
2017-11-28 15:40:51,964 INFO  [improbable.module.ModuleNode] [] [] [] : Waiting for the BridgeModuleOracle to have started
2017-11-28 15:40:51,968 INFO  [i.c.a.e.ExtensibleActorReporter] [] [] [] : Started BridgeModuleOracleActor(Actor[akka://akkaFabric/user/BridgeModuleOracleModule#-748546756]).
2017-11-28 15:40:51,984 INFO  [i.core.discovery.server.LocalServer] [] [] [] : Registered Service(improbable.fabric.internal.service.BridgeServiceOracleInternalService) on 127.0.0.1:9015.
2017-11-28 15:40:52,953 INFO  [i.c.d.g.GlobalServiceDiscoveryImpl] [] [] [] : Global service discovery refreshed 17 server(s) (previously: 15)
2017-11-28 15:40:52,953 INFO  [improbable.module.ModuleNode] [] [] [] : Received BridgeModuleOracle started
2017-11-28 15:40:52,972 INFO  [improbable.module.ModuleNode] [] [] [] : Starting gsim GSimModule
2017-11-28 15:40:52,978 INFO  [improbable.module.ModuleNode] [] [] [] : Waiting for 1 entity query service(s) to start.
2017-11-28 15:40:53,002 INFO  [i.core.discovery.server.LocalServer] [] [] [] : Registered Service(improbable.fabric.internal.service.LocalSnapshotInternalService) on 127.0.0.1:9016.
2017-11-28 15:40:53,030 INFO  [i.core.discovery.server.PublicServer] [] [] [] : Registered Service(improbable.fabric.internal.service.ScalingStatsInternalService) on 127.0.0.1:9017.
2017-11-28 15:40:53,056 INFO  [i.p.gsim.GSimPersistenceWriter] [] [] [] : Transitioning GSimPersistenceActor(0) from State [Idle] to [Idle].  Time Elapsed: 1 millisecond
2017-11-28 15:40:53,063 INFO  [i.core.discovery.server.LocalServer] [] [] [] : Registered Service(improbable.fabric.internal.service.EntityQueryInternalService) on 127.0.0.1:9018.
2017-11-28 15:40:53,080 INFO  [i.bridge.oracle.scaling.WorkerScaler] [] [] [] : Skipping reconciliation because no WorkerRunner service is available. This message is expected at startup but should not persist through the deployment
2017-11-28 15:40:53,975 INFO  [i.c.d.g.GlobalServiceDiscoveryImpl] [] [] [] : Global service discovery refreshed 20 server(s) (previously: 17)
2017-11-28 15:40:53,975 INFO  [improbable.module.ModuleNode] [] [] [] : All 1 entity query service(s) have started.
2017-11-28 15:40:53,975 INFO  [improbable.module.ModuleNode] [] [] [] : Creating entity query client.
2017-11-28 15:40:53,992 INFO  [improbable.module.ModuleNode] [] [] [] : Entity query client created with directory: EntityQueryServiceDirectory{allServices=[EntityQueryInternalServiceInfo{address=host: "127.0.0.1"
port: 9018
, extent=Rectangle{minX=-750.0, minZ=-750.0, maxX=750.0, maxZ=750.0}, isLocal=true}], localServices=[EntityQueryInternalServiceInfo{address=host: "127.0.0.1"
port: 9018
, extent=Rectangle{minX=-750.0, minZ=-750.0, maxX=750.0, maxZ=750.0}, isLocal=true}], remoteServices=[]}
2017-11-28 15:40:54,001 INFO  [improbable.module.ModuleNode] [] [] [] : Waiting for 1 bridge service(s) to start.
2017-11-28 15:40:54,026 INFO  [i.c.a.e.ExtensibleActorReporter] [] [] [] : Started BridgeModuleActor(Actor[akka://akkaFabric/user/BridgeModule:d83b2d1f-97df-4857-99f8-347d87fde41d#-1358424642]).
2017-11-28 15:40:54,050 INFO  [i.core.discovery.server.LocalServer] [] [] [] : Registered Service(improbable.fabric.internal.service.BridgeInternalService) on 127.0.0.1:9019.
2017-11-28 15:40:54,051 INFO  [i.module.bridge.BridgeModuleActor] [] [] [] : Waiting for BridgeModuleOracle service to be available
2017-11-28 15:40:54,067 INFO  [i.module.bridge.BridgeModuleActor] [] [] [] : Registered(BridgeModuleEndpoint(d83b2d1f-97df-4857-99f8-347d87fde41d)) on BridgeModuleOracleService
2017-11-28 15:40:54,946 INFO  [i.c.d.g.GlobalServiceDiscoveryImpl] [] [] [] : Global service discovery refreshed 21 server(s) (previously: 20)
2017-11-28 15:40:54,947 INFO  [improbable.module.ModuleNode] [] [] [] : All 1 bridge service(s) have started.
2017-11-28 15:40:54,949 INFO  [improbable.module.ModuleNode] [] [] [] : Starting WorkerRunner service (EngineStartupModule)
2017-11-28 15:40:54,956 INFO  [improbable.worker.exec.WorkerStats] [] [] [] : Cannot read /proc/self/stat; worker stats reporting will not work.
2017-11-28 15:40:54,968 INFO  [i.core.discovery.server.PublicServer] [] [] [] : Registered Service(improbable.platform.inner.worker.WorkerRunner) on 127.0.0.1:9020.
2017-11-28 15:40:54,982 INFO  [i.core.discovery.server.LocalServer] [] [] [] : Registered Service(improbable.fabric.internal.service.ReceptionistInternalService) on 127.0.0.1:9021.
2017-11-28 15:40:54,991 INFO  [i.core.discovery.server.PublicServer] [] [] [] : Registered Service(improbable.platform.runtime.ReceptionistService) on 127.0.0.1:7777.
2017-11-28 15:40:54,992 INFO  [improbable.module.ModuleNode] [] [] [] : Starting InspectionRestModule
2017-11-28 15:40:54,994 INFO  [improbable.module.ModuleNode] [] [] [] : Starting ProfilingModule
2017-11-28 15:40:54,998 INFO  [i.c.d.client.CheckpointDiscoveryImpl] [] [] [] : Reached a checkpoint: ALL_MODULES_STARTED
2017-11-28 15:40:54,998 INFO  [improbable.module.ModuleNode] [] [] [] : All modules on this node started, waiting for other nodes to reach the same checkpoint.
2017-11-28 15:40:55,004 INFO  [i.c.a.e.ExtensibleActorReporter] [] [] [] : Started ProfilingModuleActor(Actor[akka://akkaFabric/user/ProfilingModule#-1455257217]).
2017-11-28 15:40:55,009 INFO  [i.core.discovery.server.LocalServer] [] [] [] : Registered Service(improbable.fabric.internal.debug.HeatmapCellCacheInternalService) on 127.0.0.1:9022.
2017-11-28 15:40:55,039 INFO  [i.bridge.oracle.scaling.WorkerScaler] [] [] [] : Skipping reconciliation because no WorkerRunner service is available. This message is expected at startup but should not persist through the deployment
2017-11-28 15:40:55,042 INFO  [i.core.discovery.server.PublicServer] [] [] [] : Registered Service(improbable.platform.runtime.InspectionService) on 127.0.0.1:9023.
2017-11-28 15:40:55,099 INFO  [i.c.a.e.ExtensibleActorReporter] [] [] [] : Started InspectionRestModuleActor(Actor[akka://akkaFabric/user/InspectionRestModule#-1765096911]).
2017-11-28 15:40:55,587 INFO  [spray.can.server.HttpListener] [akka://akkaFabric/user/IO-HTTP/listener-0] [akkaFabric-akka.actor.default-dispatcher-3] [] : Bound to /0.0.0.0:5005
2017-11-28 15:40:55,958 INFO  [i.c.d.g.GlobalCheckpointDiscoveryImpl] [] [] [] : Global checkpoint discovery refreshed checkpoints.
2017-11-28 15:40:55,960 INFO  [i.c.d.g.GlobalServiceDiscoveryImpl] [] [] [] : Global service discovery refreshed 26 server(s) (previously: 21)
2017-11-28 15:40:55,960 INFO  [improbable.module.ModuleNode] [] [] [] : All modules on all nodes have been started.
2017-11-28 15:40:55,960 INFO  [improbable.module.ModuleNode] [] [] [] : Loading a snapshot.
2017-11-28 15:40:55,983 INFO  [i.p.g.GSimPersistenceLoadOrchestrator] [] [] [] : Loading snapshot on GSim(0).
2017-11-28 15:40:55,984 INFO  [i.p.s.storage.LegacySnapshotStorage] [] [] [] : Requesting download URL for Snapshot(local@latest) matching []
2017-11-28 15:40:55,992 INFO  [i.p.s.storage.LegacySnapshotStorage] [] [] [] : Downloading snapshot from http://127.0.0.1:21000/snapshots/20171128154034890
2017-11-28 15:40:55,996 INFO  [i.p.gsim.GSimPersistenceLoader] [] [] [] : Loading snapshot
2017-11-28 15:40:56,031 INFO  [i.p.g.GSimPersistenceLoadOrchestrator] [] [] [] : Loaded 11 entities on GSim(0).
2017-11-28 15:40:56,059 INFO  [i.p.c.PersistenceLoaderCoordinatorActor] [] [] [] : All Snapshots loaded.
2017-11-28 15:40:56,079 INFO  [improbable.module.ModuleNode] [] [] [] : Snapshot has been loaded.
2017-11-28 15:40:56,080 INFO  [improbable.module.ModuleNode] [] [] [] : Starting SnapshotService.
2017-11-28 15:40:56,134 INFO  [i.core.discovery.server.PublicServer] [] [] [] : Registered Service(improbable.platform.runtime.SnapshotService) on 127.0.0.1:9024.
2017-11-28 15:40:56,135 INFO  [i.c.d.client.CheckpointDiscoveryImpl] [] [] [] : Reached a checkpoint: LOAD_SNAPSHOT_FINISHED
2017-11-28 15:40:56,146 INFO  [improbable.module.ModuleNode] [] [] [] : SpatialOS runtime startup complete.
2017-11-28 15:40:56,156 INFO  [i.l.params.LoadbalancerParamsFactory] [] [] [] : LoadbalancerParams for worker type [UnityWorker]: [AutoHexGridLoadbalancerParams{energyLimitingEnabled=true, energyLimit=1.0E9, minWorkerRange=1500.0, maxWorkerRange=1500.0, maxWorkerStepSize=0.0, workerExpansionTimeMs=60000, workerGridSize=0, loadbalancerEnabled=false, hexGridMode=AUTO, scalerAdvisorType=CONSTANT, maxWorkers=1, initialWorkers=1, numEntitiesPerWorker=9223372036854775807, statusReportPeriodMs=30000, pointsOfInterestEnabled=false, hexGridSolution=AutoValue_HexGridSolution{workersUsed=1, hexagonEdgeLength=1500.0, hexagonOrientation=POINTY_TOP, bounds=Rectangle{minX=-750.0, minZ=-750.0, maxX=750.0, maxZ=750.0}}, pointsOfInterestSolution=Empty}]
2017-11-28 15:40:56,939 INFO  [i.c.d.g.GlobalCheckpointDiscoveryImpl] [] [] [] : Global checkpoint discovery refreshed checkpoints.
2017-11-28 15:40:56,940 INFO  [i.c.d.g.GlobalServiceDiscoveryImpl] [] [] [] : Global service discovery refreshed 27 server(s) (previously: 26)
2017-11-28 15:40:57,087 INFO  [i.b.o.m.BridgeOracleWorkerManager] [] [] [] : Trying to start managed worker UnityWorker0
2017-11-28 15:40:57,119 INFO  [i.bridge.oracle.scaling.WorkerScaler] [] [] [] : Starting 1 new managed workers for attribute_set {
  attribute: "physics"
}
 (required: 1, existing: 0)
2017-11-28 15:40:57,119 INFO  [i.worker.exec.WorkerStartupExecutor] [] [] [] : Awaiting internal receptionist service to register with service discovery
2017-11-28 15:40:57,123 INFO  [i.worker.exec.WorkerStartupExecutor] [] [] [] : Successfully found the internal receptionist service in service discovery
2017-11-28 15:40:57,133 INFO  [i.worker.exec.WorkerStartupExecutor] [] [] [] : Awaiting public receptionist service to register with service discovery
2017-11-28 15:40:57,134 INFO  [i.worker.exec.WorkerStartupExecutor] [] [] [] : Successfully found the public receptionist service in service discovery
2017-11-28 15:41:02,414 INFO  [i.worker.exec.WorkerStartupExecutor] [] [] [] : Created log file for worker UnityWorker0, type (UnityWorker): [C:\Users\Erasmo\Documents\GitHub\Game\logs\2017-11-28_15-40-36_0\workers\UnityWorker\UnityWorker0-3133738470610677201.log]
2017-11-28 15:41:02,416 INFO  [i.worker.exec.CommandLineExecutor] [] [] [] : Running command: C:\Users\Erasmo\AppData\Local\Temp\zip-downloader3739425201216021790\766d1f853e3378266afa7847fb507e4b\UnityWorker@Windows.exe +projectName beta_oscar_bacon_891 +receptionistIp 127.0.0.1 +receptionistPort 7777 +workerType UnityWorker +workerId UnityWorker0 +useInternalIpForBridge true +infraServicesUrl http://127.0.0.1:21000 +assemblyName local_assembly +linkProtocol RakNet -logfile C:\Users\Erasmo\Documents\GitHub\Game\logs\2017-11-28_15-40-36_0\workers\UnityWorker\UnityWorker0-3133738470610677201.log -batchmode -nographics
2017-11-28 15:41:03,185 INFO  [i.b.s.BridgeServicePicker] [] [] [] : Attempting to get positionHint for UnityWorker0 via rpc
2017-11-28 15:41:03,192 INFO  [i.b.s.BridgeServicePicker] [] [] [] : Selected legacy_guid: "d83b2d1f-97df-4857-99f8-347d87fde41d"
address {
  host: "127.0.0.1"
  port: 9019
}
 with position  which is the nearest bridge service to position (0.0, 0.0, 0.0)
2017-11-28 15:41:03,198 INFO  [i.m.b.o.m.BridgeModuleOracleActor] [] [] [] : BridgeServicePicker returned module Optional[legacy_guid: "d83b2d1f-97df-4857-99f8-347d87fde41d"
address {
  host: "127.0.0.1"
  port: 9019
}
] with load Optional[BridgeModuleLoadBalanceInfo((0.0, 0.0, 0.0),0)].get().toString() for Engine(UnityWorker0)
2017-11-28 15:41:03,465 INFO  [i.b.i.BridgeInternalServiceImpl] [] [] [] : Bridge worker_id: "UnityWorker0"
 registered with bridge internal service
2017-11-28 15:41:03,473 INFO  [i.b.o.s.BridgeOracleInternalServiceImpl] [] [] [] : Got bridge started rpc from bridge: worker_id: "UnityWorker0"

2017-11-28 15:41:03,474 INFO  [i.b.o.s.BridgeOracleInternalServiceImpl] [] [] [] : The worker UnityWorker0 registered with SpatialOS successfully.
2017-11-28 15:41:03,475 INFO  [i.module.bridge.oracle.BridgeOracle] [] [] [] : Sending bridge started to self for bridge endpoint BridgeOracleEndpoint
2017-11-28 15:41:03,477 INFO  [i.module.bridge.oracle.BridgeOracle] [] [] [] : Bridge(UnityWorker0) started.
2017-11-28 15:41:03,483 INFO  [i.b.o.m.BridgeOracleWorkerManager] [] [] [] : Worker UnityWorker0 registered with the BridgeOracleWorker manager
2017-11-28 15:41:04,211 INFO  [i.b.n.raknet.GuardedRakPeerInterface] [] [] [] : New RakNet connection established with 127.0.0.1
2017-11-28 15:41:28,010 INFO  [i.b.s.BridgeServicePicker] [] [] [] : Attempting to get positionHint for UnityClientb3858cd1-0d95-4276-8efb-78899266c3e6 via rpc
2017-11-28 15:41:28,012 INFO  [i.b.s.BridgeServicePicker] [] [] [] : Starting UnityClientb3858cd1-0d95-4276-8efb-78899266c3e6 without a position hint, so using a random bridge service
2017-11-28 15:41:28,013 INFO  [i.m.b.o.m.BridgeModuleOracleActor] [] [] [] : BridgeServicePicker returned module Optional[legacy_guid: "d83b2d1f-97df-4857-99f8-347d87fde41d"
address {
  host: "127.0.0.1"
  port: 9019
}
] with load Optional[BridgeModuleLoadBalanceInfo((0.0, 0.0, 0.0),1)].get().toString() for Engine(UnityClientb3858cd1-0d95-4276-8efb-78899266c3e6)
2017-11-28 15:41:28,035 INFO  [i.l.params.LoadbalancerParamsFactory] [] [] [] : LoadbalancerParams for worker type [UnityClient]: [FlagzLoadbalancerParams{energyLimitingEnabled=true, energyLimit=1.0E9, minWorkerRange=Infinity, maxWorkerRange=Infinity, maxWorkerStepSize=50.0, workerExpansionTimeMs=60000, workerGridSize=5, loadbalancerEnabled=true, hexGridMode=OFF, scalerAdvisorType=ENTITY_COUNT, maxWorkers=25, initialWorkers=25, numEntitiesPerWorker=9223372036854775807, statusReportPeriodMs=2000, pointsOfInterestEnabled=false, hexGridSolution=Empty, pointsOfInterestSolution=Empty}]
2017-11-28 15:41:28,041 INFO  [i.b.i.BridgeInternalServiceImpl] [] [] [] : Bridge worker_id: "UnityClientb3858cd1-0d95-4276-8efb-78899266c3e6"
 registered with bridge internal service
2017-11-28 15:41:28,044 INFO  [i.b.o.s.BridgeOracleInternalServiceImpl] [] [] [] : Got bridge started rpc from bridge: worker_id: "UnityClientb3858cd1-0d95-4276-8efb-78899266c3e6"

2017-11-28 15:41:28,046 INFO  [i.b.o.s.BridgeOracleInternalServiceImpl] [] [] [] : The worker UnityClientb3858cd1-0d95-4276-8efb-78899266c3e6 registered with SpatialOS successfully.
2017-11-28 15:41:28,046 INFO  [i.module.bridge.oracle.BridgeOracle] [] [] [] : Sending bridge started to self for bridge endpoint BridgeOracleEndpoint
2017-11-28 15:41:28,047 INFO  [i.module.bridge.oracle.BridgeOracle] [] [] [] : Bridge(UnityClientb3858cd1-0d95-4276-8efb-78899266c3e6) started.
2017-11-28 15:41:28,639 INFO  [i.b.n.raknet.GuardedRakPeerInterface] [] [] [] : New RakNet connection established with 127.0.0.1
2017-11-28 15:41:29,309 WARN  [i.b.logging.EngineLogMessageHandler] [] [] [] : [Worker: UnityWorker0] The referenced script on this Behaviour is missing!
 in  -[WorkerLogger:Unity]
2017-11-28 15:41:29,310 WARN  [i.b.logging.EngineLogMessageHandler] [] [] [] : [Worker: UnityWorker0] The referenced script on this Behaviour (Game Object 'Player') is missing!
 in  -[WorkerLogger:Unity]
2017-11-28 15:41:29,423 WARN  [i.b.logging.EngineLogMessageHandler] [] [] [] : [Worker: UnityWorker0] The referenced script on this Behaviour is missing!
 in  -[WorkerLogger:Unity]
2017-11-28 15:41:29,425 WARN  [i.b.logging.EngineLogMessageHandler] [] [] [] : [Worker: UnityWorker0] The referenced script on this Behaviour (Game Object 'Player') is missing!
 in  -[WorkerLogger:Unity]
2017-11-28 15:41:29,426 WARN  [i.b.logging.EngineLogMessageHandler] [] [] [] : [Worker: UnityWorker0] The referenced script on this Behaviour (Game Object 'Player') is missing!
 in  -[WorkerLogger:Unity]
2017-11-28 15:41:29,435 ERROR [i.b.logging.EngineLogMessageHandler] [] [] [] : [Worker: UnityWorker0] GetComponentsInChildren returned a null element for GameObject Player(Clone)
 in  -[WorkerLogger:Unity]
2017-11-28 15:42:44,095 INFO  [i.b.s.BridgeServicePicker] [] [] [] : Attempting to get positionHint for UnityClient045aaab0-b45c-40ad-acb5-7102ed79412c via rpc
2017-11-28 15:42:44,097 INFO  [i.b.s.BridgeServicePicker] [] [] [] : Starting UnityClient045aaab0-b45c-40ad-acb5-7102ed79412c without a position hint, so using a random bridge service
2017-11-28 15:42:44,098 INFO  [i.m.b.o.m.BridgeModuleOracleActor] [] [] [] : BridgeServicePicker returned module Optional[legacy_guid: "d83b2d1f-97df-4857-99f8-347d87fde41d"
address {
  host: "127.0.0.1"
  port: 9019
}
] with load Optional[BridgeModuleLoadBalanceInfo((0.0, 0.0, 0.0),2)].get().toString() for Engine(UnityClient045aaab0-b45c-40ad-acb5-7102ed79412c)
2017-11-28 15:42:44,125 INFO  [i.b.i.BridgeInternalServiceImpl] [] [] [] : Bridge worker_id: "UnityClient045aaab0-b45c-40ad-acb5-7102ed79412c"
 registered with bridge internal service
2017-11-28 15:42:44,130 INFO  [i.b.o.s.BridgeOracleInternalServiceImpl] [] [] [] : Got bridge started rpc from bridge: worker_id: "UnityClient045aaab0-b45c-40ad-acb5-7102ed79412c"

2017-11-28 15:42:44,132 INFO  [i.b.o.s.BridgeOracleInternalServiceImpl] [] [] [] : The worker UnityClient045aaab0-b45c-40ad-acb5-7102ed79412c registered with SpatialOS successfully.
2017-11-28 15:42:44,132 INFO  [i.module.bridge.oracle.BridgeOracle] [] [] [] : Sending bridge started to self for bridge endpoint BridgeOracleEndpoint
2017-11-28 15:42:44,133 INFO  [i.module.bridge.oracle.BridgeOracle] [] [] [] : Bridge(UnityClient045aaab0-b45c-40ad-acb5-7102ed79412c) started.
2017-11-28 15:42:44,722 INFO  [i.b.n.raknet.GuardedRakPeerInterface] [] [] [] : New RakNet connection established with 127.0.0.1
2017-11-28 15:42:44,955 WARN  [i.b.logging.EngineLogMessageHandler] [] [] [] : [Worker: UnityWorker0] The referenced script on this Behaviour is missing!
 in  -[WorkerLogger:Unity]
2017-11-28 15:42:44,956 WARN  [i.b.logging.EngineLogMessageHandler] [] [] [] : [Worker: UnityWorker0] The referenced script on this Behaviour (Game Object 'Player') is missing!
 in  -[WorkerLogger:Unity]
2017-11-28 15:42:44,956 WARN  [i.b.logging.EngineLogMessageHandler] [] [] [] : [Worker: UnityWorker0] The referenced script on this Behaviour (Game Object 'Player') is missing!
 in  -[WorkerLogger:Unity]
2017-11-28 15:42:44,956 ERROR [i.b.logging.EngineLogMessageHandler] [] [] [] : [Worker: UnityWorker0] GetComponentsInChildren returned a null element for GameObject Player(Clone)
 in  -[WorkerLogger:Unity]
2017-11-28 15:42:45,472 WARN  [i.b.logging.EngineLogMessageHandler] [] [] [] : [Worker: UnityClient045aaab0-b45c-40ad-acb5-7102ed79412c] The referenced script on this Behaviour is missing!
 in  -[WorkerLogger:Unity]
2017-11-28 15:42:45,473 WARN  [i.b.logging.EngineLogMessageHandler] [] [] [] : [Worker: UnityClient045aaab0-b45c-40ad-acb5-7102ed79412c] The referenced script on this Behaviour (Game Object 'Player') is missing!
 in  -[WorkerLogger:Unity]
2017-11-28 15:42:45,553 WARN  [i.b.logging.EngineLogMessageHandler] [] [] [] : [Worker: UnityClient045aaab0-b45c-40ad-acb5-7102ed79412c] The referenced script on this Behaviour is missing!
 in  -[WorkerLogger:Unity]
2017-11-28 15:42:45,555 WARN  [i.b.logging.EngineLogMessageHandler] [] [] [] : [Worker: UnityClient045aaab0-b45c-40ad-acb5-7102ed79412c] The referenced script on this Behaviour (Game Object 'Player') is missing!
 in  -[WorkerLogger:Unity]
2017-11-28 15:42:45,556 WARN  [i.b.logging.EngineLogMessageHandler] [] [] [] : [Worker: UnityClient045aaab0-b45c-40ad-acb5-7102ed79412c] The referenced script on this Behaviour (Game Object 'Player') is missing!
 in  -[WorkerLogger:Unity]
2017-11-28 15:42:45,558 ERROR [i.b.logging.EngineLogMessageHandler] [] [] [] : [Worker: UnityClient045aaab0-b45c-40ad-acb5-7102ed79412c] GetComponentsInChildren returned a null element for GameObject Player(Clone)
 in  -[WorkerLogger:Unity]
2017-11-28 15:42:45,573 WARN  [i.b.logging.EngineLogMessageHandler] [] [] [] : [Worker: UnityClient045aaab0-b45c-40ad-acb5-7102ed79412c] The referenced script on this Behaviour is missing!
 in  -[WorkerLogger:Unity]
2017-11-28 15:42:45,574 WARN  [i.b.logging.EngineLogMessageHandler] [] [] [] : [Worker: UnityClient045aaab0-b45c-40ad-acb5-7102ed79412c] The referenced script on this Behaviour (Game Object 'Player') is missing!
 in  -[WorkerLogger:Unity]
2017-11-28 15:42:45,574 WARN  [i.b.logging.EngineLogMessageHandler] [] [] [] : [Worker: UnityClient045aaab0-b45c-40ad-acb5-7102ed79412c] The referenced script on this Behaviour (Game Object 'Player') is missing!
 in  -[WorkerLogger:Unity]
2017-11-28 15:42:45,574 ERROR [i.b.logging.EngineLogMessageHandler] [] [] [] : [Worker: UnityClient045aaab0-b45c-40ad-acb5-7102ed79412c] GetComponentsInChildren returned a null element for GameObject Player(Clone)
 in  -[WorkerLogger:Unity]
2017-11-28 15:42:54,486 INFO  [i.b.n.BridgeActorTransportLinkListener] [] [] [] : TransportLinkListener(UnityClient045aaab0-b45c-40ad-acb5-7102ed79412c) sending Disconnected to akka://akkaFabric/user/BridgeModule:d83b2d1f-97df-4857-99f8-347d87fde41d/BridgeActor-UnityClient045aaab0-b45c-40ad-acb5-7102ed79412c
2017-11-28 15:42:54,490 INFO  [i.b.n.raknet.reporter.RakNetReporter] [] [] [] : Tried to send to RakNet(UnityClient) on Port(7002)13 after closing. Payload: component_update {
  entity_id: 12
  component_id: 54
  entity_c... (Logged every 1000 times)
2017-11-28 15:42:54,511 INFO  [i.module.bridge.oracle.BridgeOracle] [] [] [] : Sending bridge stopped to self for bridge endpoint BridgeEndpoint(UnityClient045aaab0-b45c-40ad-acb5-7102ed79412c)
2017-11-28 15:42:54,527 INFO  [i.module.bridge.oracle.BridgeOracle] [] [] [] : Bridge(UnityClient045aaab0-b45c-40ad-acb5-7102ed79412c) stopped.
2017-11-28 15:42:54,519 INFO  [i.b.i.BridgeInternalServiceImpl] [] [] [] : Bridge worker_id: "UnityClient045aaab0-b45c-40ad-acb5-7102ed79412c"
 unregistered with bridge internal service
2017-11-28 15:42:54,556 INFO  [improbable.bridge.BridgeActor] [] [] [] : Bridge(UnityClient045aaab0-b45c-40ad-acb5-7102ed79412c) on BridgeModuleEndpoint(d83b2d1f-97df-4857-99f8-347d87fde41d) stopped.
2017-11-28 15:42:54,574 INFO  [akka.actor.LocalActorRef] [akka://akkaFabric/user/BridgeModule:d83b2d1f-97df-4857-99f8-347d87fde41d/BridgeActor-UnityClient045aaab0-b45c-40ad-acb5-7102ed79412c] [akkaFabric-akka.actor.default-dispatcher-2] [] : Message [improbable.fabric.internal.pubsub.PubSubMessageProto$PubSubMessage] from Actor[akka://akkaFabric/user/BridgeModule:d83b2d1f-97df-4857-99f8-347d87fde41d/BridgeActor-UnityClient045aaab0-b45c-40ad-acb5-7102ed79412c#-680866720] to Actor[akka://akkaFabric/user/BridgeModule:d83b2d1f-97df-4857-99f8-347d87fde41d/BridgeActor-UnityClient045aaab0-b45c-40ad-acb5-7102ed79412c#-680866720] was not delivered. [1] dead letters encountered. This logging can be turned off or adjusted with configuration settings 'akka.log-dead-letters' and 'akka.log-dead-letters-during-shutdown'.
2017-11-28 15:42:54,575 INFO  [akka.actor.LocalActorRef] [akka://akkaFabric/user/BridgeModule:d83b2d1f-97df-4857-99f8-347d87fde41d/BridgeActor-UnityClient045aaab0-b45c-40ad-acb5-7102ed79412c] [akkaFabric-akka.actor.default-dispatcher-2] [] : Message [improbable.fabric.internal.pubsub.PubSubMessageProto$PubSubMessage] from Actor[akka://akkaFabric/user/BridgeModule:d83b2d1f-97df-4857-99f8-347d87fde41d/BridgeActor-UnityClient045aaab0-b45c-40ad-acb5-7102ed79412c#-680866720] to Actor[akka://akkaFabric/user/BridgeModule:d83b2d1f-97df-4857-99f8-347d87fde41d/BridgeActor-UnityClient045aaab0-b45c-40ad-acb5-7102ed79412c#-680866720] was not delivered. [2] dead letters encountered. This logging can be turned off or adjusted with configuration settings 'akka.log-dead-letters' and 'akka.log-dead-letters-during-shutdown'.
2017-11-28 15:42:54,575 INFO  [akka.actor.LocalActorRef] [akka://akkaFabric/user/BridgeModule:d83b2d1f-97df-4857-99f8-347d87fde41d/BridgeActor-UnityClient045aaab0-b45c-40ad-acb5-7102ed79412c] [akkaFabric-akka.actor.default-dispatcher-2] [] : Message [improbable.fabric.internal.pubsub.PubSubMessageProto$PubSubMessage] from Actor[akka://akkaFabric/user/BridgeModule:d83b2d1f-97df-4857-99f8-347d87fde41d/BridgeActor-UnityClient045aaab0-b45c-40ad-acb5-7102ed79412c#-680866720] to Actor[akka://akkaFabric/user/BridgeModule:d83b2d1f-97df-4857-99f8-347d87fde41d/BridgeActor-UnityClient045aaab0-b45c-40ad-acb5-7102ed79412c#-680866720] was not delivered. [3] dead letters encountered. This logging can be turned off or adjusted with configuration settings 'akka.log-dead-letters' and 'akka.log-dead-letters-during-shutdown'.
2017-11-28 15:42:54,590 INFO  [akka.actor.LocalActorRef] [akka://akkaFabric/user/BridgeModule:d83b2d1f-97df-4857-99f8-347d87fde41d/BridgeActor-UnityClient045aaab0-b45c-40ad-acb5-7102ed79412c] [akkaFabric-akka.actor.default-dispatcher-2] [] : Message [improbable.fabric.internal.pubsub.PubSubMessageProto$PubSubMessage] from Actor[akka://akkaFabric/user/BridgeModule:d83b2d1f-97df-4857-99f8-347d87fde41d/BridgeActor-UnityClient045aaab0-b45c-40ad-acb5-7102ed79412c#-680866720] to Actor[akka://akkaFabric/user/BridgeModule:d83b2d1f-97df-4857-99f8-347d87fde41d/BridgeActor-UnityClient045aaab0-b45c-40ad-acb5-7102ed79412c#-680866720] was not delivered. [4] dead letters encountered. This logging can be turned off or adjusted with configuration settings 'akka.log-dead-letters' and 'akka.log-dead-letters-during-shutdown'.
2017-11-28 15:42:54,590 INFO  [akka.actor.LocalActorRef] [akka://akkaFabric/user/BridgeModule:d83b2d1f-97df-4857-99f8-347d87fde41d/BridgeActor-UnityClient045aaab0-b45c-40ad-acb5-7102ed79412c] [akkaFabric-akka.actor.default-dispatcher-2] [] : Message [improbable.fabric.internal.pubsub.PubSubMessageProto$PubSubMessage] from Actor[akka://akkaFabric/user/BridgeModule:d83b2d1f-97df-4857-99f8-347d87fde41d/BridgeActor-UnityClient045aaab0-b45c-40ad-acb5-7102ed79412c#-680866720] to Actor[akka://akkaFabric/user/BridgeModule:d83b2d1f-97df-4857-99f8-347d87fde41d/BridgeActor-UnityClient045aaab0-b45c-40ad-acb5-7102ed79412c#-680866720] was not delivered. [5] dead letters encountered. This logging can be turned off or adjusted with configuration settings 'akka.log-dead-letters' and 'akka.log-dead-letters-during-shutdown'.
2017-11-28 15:42:54,591 INFO  [akka.actor.LocalActorRef] [akka://akkaFabric/user/BridgeModule:d83b2d1f-97df-4857-99f8-347d87fde41d/BridgeActor-UnityClient045aaab0-b45c-40ad-acb5-7102ed79412c] [akkaFabric-akka.actor.default-dispatcher-2] [] : Message [improbable.fabric.internal.pubsub.PubSubMessageProto$PubSubMessage] from Actor[akka://akkaFabric/user/BridgeModule:d83b2d1f-97df-4857-99f8-347d87fde41d/BridgeActor-UnityClient045aaab0-b45c-40ad-acb5-7102ed79412c#-680866720] to Actor[akka://akkaFabric/user/BridgeModule:d83b2d1f-97df-4857-99f8-347d87fde41d/BridgeActor-UnityClient045aaab0-b45c-40ad-acb5-7102ed79412c#-680866720] was not delivered. [6] dead letters encountered. This logging can be turned off or adjusted with configuration settings 'akka.log-dead-letters' and 'akka.log-dead-letters-during-shutdown'.
2017-11-28 15:42:54,591 INFO  [akka.actor.LocalActorRef] [akka://akkaFabric/user/BridgeModule:d83b2d1f-97df-4857-99f8-347d87fde41d/BridgeActor-UnityClient045aaab0-b45c-40ad-acb5-7102ed79412c] [akkaFabric-akka.actor.default-dispatcher-2] [] : Message [improbable.fabric.internal.pubsub.PubSubMessageProto$PubSubMessage] from Actor[akka://akkaFabric/user/BridgeModule:d83b2d1f-97df-4857-99f8-347d87fde41d/BridgeActor-UnityClient045aaab0-b45c-40ad-acb5-7102ed79412c#-680866720] to Actor[akka://akkaFabric/user/BridgeModule:d83b2d1f-97df-4857-99f8-347d87fde41d/BridgeActor-UnityClient045aaab0-b45c-40ad-acb5-7102ed79412c#-680866720] was not delivered. [7] dead letters encountered. This logging can be turned off or adjusted with configuration settings 'akka.log-dead-letters' and 'akka.log-dead-letters-during-shutdown'.
2017-11-28 15:42:54,591 INFO  [akka.actor.LocalActorRef] [akka://akkaFabric/user/BridgeModule:d83b2d1f-97df-4857-99f8-347d87fde41d/BridgeActor-UnityClient045aaab0-b45c-40ad-acb5-7102ed79412c] [akkaFabric-akka.actor.default-dispatcher-2] [] : Message [improbable.fabric.internal.pubsub.PubSubMessageProto$PubSubMessage] from Actor[akka://akkaFabric/user/BridgeModule:d83b2d1f-97df-4857-99f8-347d87fde41d/BridgeActor-UnityClient045aaab0-b45c-40ad-acb5-7102ed79412c#-680866720] to Actor[akka://akkaFabric/user/BridgeModule:d83b2d1f-97df-4857-99f8-347d87fde41d/BridgeActor-UnityClient045aaab0-b45c-40ad-acb5-7102ed79412c#-680866720] was not delivered. [8] dead letters encountered. This logging can be turned off or adjusted with configuration settings 'akka.log-dead-letters' and 'akka.log-dead-letters-during-shutdown'.
2017-11-28 15:42:54,591 INFO  [akka.actor.LocalActorRef] [akka://akkaFabric/user/BridgeModule:d83b2d1f-97df-4857-99f8-347d87fde41d/BridgeActor-UnityClient045aaab0-b45c-40ad-acb5-7102ed79412c] [akkaFabric-akka.actor.default-dispatcher-2] [] : Message [improbable.fabric.internal.pubsub.PubSubMessageProto$PubSubMessage] from Actor[akka://akkaFabric/user/BridgeModule:d83b2d1f-97df-4857-99f8-347d87fde41d/BridgeActor-UnityClient045aaab0-b45c-40ad-acb5-7102ed79412c#-680866720] to Actor[akka://akkaFabric/user/BridgeModule:d83b2d1f-97df-4857-99f8-347d87fde41d/BridgeActor-UnityClient045aaab0-b45c-40ad-acb5-7102ed79412c#-680866720] was not delivered. [9] dead letters encountered. This logging can be turned off or adjusted with configuration settings 'akka.log-dead-letters' and 'akka.log-dead-letters-during-shutdown'.
2017-11-28 15:42:54,591 INFO  [akka.actor.LocalActorRef] [akka://akkaFabric/user/BridgeModule:d83b2d1f-97df-4857-99f8-347d87fde41d/BridgeActor-UnityClient045aaab0-b45c-40ad-acb5-7102ed79412c] [akkaFabric-akka.actor.default-dispatcher-2] [] : Message [improbable.fabric.internal.pubsub.PubSubMessageProto$PubSubMessage] from Actor[akka://akkaFabric/user/BridgeModule:d83b2d1f-97df-4857-99f8-347d87fde41d/BridgeActor-UnityClient045aaab0-b45c-40ad-acb5-7102ed79412c#-680866720] to Actor[akka://akkaFabric/user/BridgeModule:d83b2d1f-97df-4857-99f8-347d87fde41d/BridgeActor-UnityClient045aaab0-b45c-40ad-acb5-7102ed79412c#-680866720] was not delivered. [10] dead letters encountered, no more dead letters will be logged. This logging can be turned off or adjusted with configuration settings 'akka.log-dead-letters' and 'akka.log-dead-letters-during-shutdown'.
2017-11-28 15:42:55,669 INFO  [i.b.n.BridgeActorTransportLinkListener] [] [] [] : TransportLinkListener(UnityClientb3858cd1-0d95-4276-8efb-78899266c3e6) sending Disconnected to akka://akkaFabric/user/BridgeModule:d83b2d1f-97df-4857-99f8-347d87fde41d/BridgeActor-UnityClientb3858cd1-0d95-4276-8efb-78899266c3e6
2017-11-28 15:42:55,678 INFO  [i.module.bridge.oracle.BridgeOracle] [] [] [] : Sending bridge stopped to self for bridge endpoint BridgeEndpoint(UnityClientb3858cd1-0d95-4276-8efb-78899266c3e6)
2017-11-28 15:42:55,679 INFO  [i.module.bridge.oracle.BridgeOracle] [] [] [] : Bridge(UnityClientb3858cd1-0d95-4276-8efb-78899266c3e6) stopped.
2017-11-28 15:42:55,685 INFO  [i.b.i.BridgeInternalServiceImpl] [] [] [] : Bridge worker_id: "UnityClientb3858cd1-0d95-4276-8efb-78899266c3e6"
 unregistered with bridge internal service
2017-11-28 15:42:55,697 INFO  [improbable.bridge.BridgeActor] [] [] [] : Bridge(UnityClientb3858cd1-0d95-4276-8efb-78899266c3e6) on BridgeModuleEndpoint(d83b2d1f-97df-4857-99f8-347d87fde41d) stopped.
