2017-11-28 16:13:24,585 INFO  [i.deployment.InternalGameLauncher] [] [] [] : Parsed 362 internal flags at startup
2017-11-28 16:13:24,818 INFO  [i.deployment.InternalGameLauncher] [] [] [] : SpatialOS runtime version: 11-20171114T103507Z-cc9d195
2017-11-28 16:13:25,085 INFO  [i.c.c.f.FlagzFieldRegistryUpdater] [] [] [] : Initialized Fabric flagz registry with 11 set fields.
2017-11-28 16:13:26,276 INFO  [i.core.discovery.server.LocalServer] [] [] [] : Registered Service(improbable.fabric.internal.service.StatusDiscoveryInternalService) on 127.0.0.1:5301.
2017-11-28 16:13:26,277 INFO  [i.c.discovery.ServiceDiscoveryImpl] [] [] [] : Status discovery address: host: "127.0.0.1"
port: 5301

2017-11-28 16:13:26,288 INFO  [improbable.module.ModuleNode] [] [] [] : Starting Fabric node as master (IP: 127.0.0.1).
2017-11-28 16:13:26,289 INFO  [i.c.d.client.CheckpointDiscoveryImpl] [] [] [] : Reached a checkpoint: ALL_NODES_STARTED
2017-11-28 16:13:26,290 INFO  [improbable.module.ModuleNode] [] [] [] : Node master has started, waiting for other nodes to reach the same checkpoint.
2017-11-28 16:13:26,290 INFO  [improbable.module.ModuleNode] [] [] [] : All nodes have been started.
2017-11-28 16:13:26,308 INFO  [i.core.discovery.server.PublicServer] [] [] [] : Registered Service(improbable.platform.runtime.ModuleService) on 127.0.0.1:9000.
2017-11-28 16:13:26,325 INFO  [i.core.discovery.server.PublicServer] [] [] [] : Registered Service(improbable.platform.runtime.HealthCheckService) on 127.0.0.1:9001.
2017-11-28 16:13:26,335 INFO  [i.core.discovery.server.LocalServer] [] [] [] : Registered Service(improbable.fabric.internal.service.PerfInternalService) on 127.0.0.1:9002.
2017-11-28 16:13:26,348 INFO  [i.core.discovery.server.LocalServer] [] [] [] : Registered Service(improbable.fabric.internal.service.ContentionInternalService) on 127.0.0.1:9003.
2017-11-28 16:13:26,373 INFO  [i.core.discovery.server.PublicServer] [] [] [] : Registered Service(improbable.platform.runtime.FeatureService) on 127.0.0.1:9004.
2017-11-28 16:13:26,406 INFO  [i.c.config.flagz.WorkerFlagzUpdater] [] [] [] : Initialized worker flagz registry with 0 set fields.
2017-11-28 16:13:26,408 INFO  [improbable.module.ModuleNode] [] [] [] : Using master node configuration loader.
2017-11-28 16:13:26,424 INFO  [i.core.discovery.server.LocalServer] [] [] [] : Registered Service(improbable.fabric.internal.service.NodeConfigurationInternalService) on 127.0.0.1:9005.
2017-11-28 16:13:26,452 INFO  [i.c.c.n.MasterNodeConfigurationLoader] [] [] [] : Using roles [MASTER, GSIM, BRIDGE, WORKER_RUNNER, INSPECTION] for node node_id {
  deployment_id {
    project_id {
      name: "beta_oscar_bacon_891"
    }
    name: "local"
  }
  name: "master"
}
private_ip: "127.0.0.1"
roles: MASTER
roles: GSIM
roles: BRIDGE
roles: WORKER_RUNNER
roles: INSPECTION

2017-11-28 16:13:26,481 INFO  [improbable.core.config.node.GsimGrid] [] [] [] : Created gsim grid configuration of size (1500, 1500) with 1 columns and 1 rows, using gsims of (30, 30) chunks.
2017-11-28 16:13:26,508 INFO  [i.c.c.n.MasterNodeConfigurationLoader] [] [] [] : Original deployment module configuration (before parsing): {deployment_id {
  project_id {
    name: "beta_oscar_bacon_891"
  }
  name: "local"
}
name: "master"
=[ProfilingModule, BridgeModuleOracleModule, BridgeOracleModule, PersistenceModule, ReceptionistModule, RouterModule, GSimModule, BridgeModule, EngineStartupModule, InspectionRestModule]}
2017-11-28 16:13:26,537 INFO  [i.c.c.n.MasterNodeConfigurationLoader] [] [] [] : Master successfully loaded configurations for 1 node(s).
2017-11-28 16:13:26,546 INFO  [improbable.module.ModuleNode] [] [] [] : Loaded node configuration: node_id {
  deployment_id {
    project_id {
      name: "beta_oscar_bacon_891"
    }
    name: "local"
  }
  name: "master"
}
gsim_configurations {
  extent {
    bottom_left {
      x_in_chunks: -15
      z_in_chunks: -15
    }
    top_right {
      x_in_chunks: 15
      z_in_chunks: 15
    }
  }
}
start_router: true
start_bridge_oracle: true
start_bridge_module_oracle: true
start_engine_startup_module: true
start_receptionist_service: true
start_inspection_rest_module: true
start_snapshot_service: true
start_profiling_module: true
bridge_modules: "BridgeModule"
gsim_modules: "GSimModule"

2017-11-28 16:13:26,547 INFO  [improbable.module.ModuleNode] [] [] [] : Using master world extents provider.
2017-11-28 16:13:26,577 INFO  [i.core.discovery.server.LocalServer] [] [] [] : Registered Service(improbable.fabric.internal.service.WorldExtentsInternalService) on 127.0.0.1:9006.
2017-11-28 16:13:26,579 INFO  [i.c.world.MasterWorldExtentsProvider] [] [] [] : Successfully initialized world extents with 1 rectangle(s).
2017-11-28 16:13:26,591 INFO  [improbable.module.ModuleNode] [] [] [] : Loaded world extents: WorldExtents{proto=rectangles {
  bottom_left {
    x: -750.0
    z: -750.0
  }
  top_right {
    x: 750.0
    z: 750.0
  }
  is_fully_simulated: true
  responsible_gsim_id {
  }
}
bounding_rectangle {
  bottom_left {
    x: -750.0
    z: -750.0
  }
  top_right {
    x: 750.0
    z: 750.0
  }
  is_fully_simulated: true
}
}
2017-11-28 16:13:26,786 INFO  [i.e.schema.ParsedFileDescriptorSet] [] [] [] : Parsed file descriptors of 15 proto files.
2017-11-28 16:13:26,842 INFO  [i.entity.schema.SchemaFactory] [] [] [] : Found components: [improbable.player.NicknamePropagator, improbable.core.ClientAuthorityCheck, improbable.player.PlayerInput, improbable.player.Winning, improbable.EntityAcl, improbable.Metadata, improbable.Position, improbable.Persistence, improbable.core.PlayerCreation, improbable.core.Rotation, improbable.core.PlayerInfo, improbable.player.ClientConnection, improbable.player.Score, improbable.player.Health]
2017-11-28 16:13:26,849 INFO  [i.c.d.g.GlobalCheckpointDiscoveryImpl] [] [] [] : Global checkpoint discovery refreshed checkpoints.
2017-11-28 16:13:26,850 INFO  [i.c.d.g.GlobalServiceDiscoveryImpl] [] [] [] : Global service discovery refreshed 8 server(s) (previously: 0)
2017-11-28 16:13:26,858 INFO  [i.entity.schema.SchemaFactory] [] [] [] : Found components: [improbable.internal.EntityAuthority, improbable.core.PlayerInfo, improbable.player.PlayerInput, improbable.player.Winning, improbable.core.PlayerCreation, improbable.player.NicknamePropagator, improbable.EntityAcl, improbable.Metadata, improbable.Position, improbable.Persistence, improbable.core.ClientAuthorityCheck, improbable.player.ClientConnection, improbable.player.Score, improbable.player.Health, improbable.core.Rotation]
2017-11-28 16:13:26,859 INFO  [improbable.module.ModuleNode] [] [] [] : Successfully loaded schema for entities
2017-11-28 16:13:26,861 INFO  [improbable.module.ModuleNode] [] [] [] : Validating snapshot at startup and determining max entity id
2017-11-28 16:13:26,868 INFO  [i.p.s.storage.LegacySnapshotStorage] [] [] [] : Requesting download URL for Snapshot(local@latest) matching []
2017-11-28 16:13:26,886 INFO  [i.p.s.storage.LegacySnapshotStorage] [] [] [] : Downloading snapshot from http://127.0.0.1:21000/snapshots/20171128161316391
2017-11-28 16:13:26,938 INFO  [improbable.module.ModuleNode] [] [] [] : Determined the first entity id for the id assigner as 12
2017-11-28 16:13:26,949 INFO  [i.core.discovery.server.LocalServer] [] [] [] : Registered Service(improbable.fabric.internal.service.EntityIdInternalService) on 127.0.0.1:9007.
2017-11-28 16:13:26,976 INFO  [i.core.discovery.server.LocalServer] [] [] [] : Registered Service(improbable.fabric.internal.service.WorkerPrestartRegistryInternalService) on 127.0.0.1:9008.
2017-11-28 16:13:27,022 INFO  [i.core.discovery.server.LocalServer] [] [] [] : Registered Service(improbable.fabric.internal.service.RouterLookupInternalService) on 127.0.0.1:9009.
2017-11-28 16:13:27,024 INFO  [i.module.router.ActorSystemFactory$] [] [] [] : Attempting to create ActorSystem akkaFabric with configRecord akkaFabric
2017-11-28 16:13:27,234 INFO  [i.c.d.g.GlobalServiceDiscoveryImpl] [] [] [] : Global service discovery refreshed 11 server(s) (previously: 8)
2017-11-28 16:13:27,484 INFO  [akka.event.slf4j.Slf4jLogger] [] [] [] : Slf4jLogger started
2017-11-28 16:13:29,350 INFO  [i.l.params.LoadbalancerParamsFactory] [] [] [] : Parsed 1 worker loadbalancing configuration(s)
2017-11-28 16:13:29,356 INFO  [i.l.params.LoadbalancerParamsFactory] [] [] [] : Successfully loaded loadbalancing configurations: {UnityWorker=improbable.loadbalancing.params.AutoHexGridLoadbalancerParams@78a3a68b}
2017-11-28 16:13:29,494 INFO  [i.w.a.WorkerAssemblyProviderFactory] [] [] [] : Loaded worker assemblies for these workers types: UnityClient, UnityWorker.
2017-11-28 16:13:29,498 INFO  [improbable.module.ModuleNode] [] [] [] : Loaded worker assemblies: [worker_assembly_id {
  assembly_id {
    project_id {
      name: "beta_oscar_bacon_891"
    }
    name: "local_assembly"
  }
  name {
    name: "UnityClient"
  }
}
bridge_configuration {
  worker_attribute_set {
    attribute {
      name: "visual"
    }
  }
  entity_interest {
    range_entity_interest {
      radius: 200.0
    }
  }
  component_delivery {
    checkout_all_initially: true
  }
}
, worker_assembly_id {
  assembly_id {
    project_id {
      name: "beta_oscar_bacon_891"
    }
    name: "local_assembly"
  }
  name {
    name: "UnityWorker"
  }
}
worker_launch_configuration {
  platform: WINDOWS
  worker_zip {
    command: "UnityWorker@Windows.exe"
    argument: "+projectName"
    argument: "${IMPROBABLE_PROJECT_NAME}"
    argument: "+receptionistIp"
    argument: "${IMPROBABLE_RECEPTIONIST_HOST}"
    argument: "+receptionistPort"
    argument: "${IMPROBABLE_RECEPTIONIST_PORT}"
    argument: "+workerType"
    argument: "${IMPROBABLE_WORKER_NAME}"
    argument: "+workerId"
    argument: "${IMPROBABLE_WORKER_ID}"
    argument: "+useInternalIpForBridge"
    argument: "true"
    argument: "+infraServicesUrl"
    argument: "${IMPROBABLE_API_URL}"
    argument: "+assemblyName"
    argument: "${IMPROBABLE_ASSEMBLY_NAME}"
    argument: "+linkProtocol"
    argument: "RakNet"
    argument: "-logfile"
    argument: "${IMPROBABLE_LOG_FILE}"
    argument: "-batchmode"
    argument: "-nographics"
    worker_location {
      filename: "UnityWorker@Windows.zip"
    }
  }
}
worker_launch_configuration {
  platform: MACOS
  worker_zip {
    command: "UnityWorker@Mac.app/Contents/MacOS/UnityWorker@Mac"
    argument: "+projectName"
    argument: "${IMPROBABLE_PROJECT_NAME}"
    argument: "+receptionistIp"
    argument: "${IMPROBABLE_RECEPTIONIST_HOST}"
    argument: "+receptionistPort"
    argument: "${IMPROBABLE_RECEPTIONIST_PORT}"
    argument: "+workerType"
    argument: "${IMPROBABLE_WORKER_NAME}"
    argument: "+workerId"
    argument: "${IMPROBABLE_WORKER_ID}"
    argument: "+useInternalIpForBridge"
    argument: "true"
    argument: "+infraServicesUrl"
    argument: "${IMPROBABLE_API_URL}"
    argument: "+assemblyName"
    argument: "${IMPROBABLE_ASSEMBLY_NAME}"
    argument: "+linkProtocol"
    argument: "RakNet"
    argument: "-logfile"
    argument: "${IMPROBABLE_LOG_FILE}"
    argument: "-batchmode"
    argument: "-nographics"
    worker_location {
      filename: "UnityWorker@Mac.zip"
    }
  }
}
worker_launch_configuration {
  platform: LINUX
  worker_zip {
    command: "UnityWorker@Linux"
    argument: "+projectName"
    argument: "${IMPROBABLE_PROJECT_NAME}"
    argument: "+receptionistIp"
    argument: "${IMPROBABLE_RECEPTIONIST_HOST}"
    argument: "+receptionistPort"
    argument: "${IMPROBABLE_RECEPTIONIST_PORT}"
    argument: "+workerType"
    argument: "${IMPROBABLE_WORKER_NAME}"
    argument: "+workerId"
    argument: "${IMPROBABLE_WORKER_ID}"
    argument: "+useInternalIpForBridge"
    argument: "true"
    argument: "+infraServicesUrl"
    argument: "${IMPROBABLE_API_URL}"
    argument: "+assemblyName"
    argument: "${IMPROBABLE_ASSEMBLY_NAME}"
    argument: "+linkProtocol"
    argument: "RakNet"
    argument: "-logfile"
    argument: "${IMPROBABLE_LOG_FILE}"
    argument: "-batchmode"
    argument: "-nographics"
    worker_location {
      filename: "UnityWorker@Linux.zip"
    }
  }
}
bridge_configuration {
  worker_attribute_set {
    attribute {
      name: "physics"
    }
  }
  entity_interest {
    range_entity_interest {
      radius: 200.0
    }
  }
  component_delivery {
    checkout_all_initially: true
  }
}
]
2017-11-28 16:13:29,503 INFO  [i.w.assembly.WorkerAssemblyProvider] [] [] [] : Worker configuration for 'UnityClient' does not contain a launch configuration for the current platform 'WINDOWS', so Fabric will not start any managed workers of this type
2017-11-28 16:13:29,504 INFO  [i.w.assembly.WorkerAssemblyProvider] [] [] [] : The following worker configurations do not contain valid managed launch configurations for the current platform WINDOWS, and the runtime will be unable to launch managed workers of this type: [UnityClient]. This is expected for worker types you intend to only connect manually.
2017-11-28 16:13:29,512 INFO  [i.w.permissions.PermissionsFactory] [] [] [] : Created permissions manager with permissions: {UnityWorker=Permissions{{/sys/CreateEntity=, /sys/DeleteEntity=, /sys/EntityQuery={"component":["*"]}}}, UnityClient=Permissions{{/sys/EntityQuery={"component":[]}}}}
2017-11-28 16:13:31,945 INFO  [improbable.module.ModuleNode] [] [] [] : Starting router on master
2017-11-28 16:13:31,959 INFO  [i.core.discovery.server.LocalServer] [] [] [] : Registered Service(improbable.fabric.internal.service.RouterInternalService) on 127.0.0.1:9010.
2017-11-28 16:13:31,960 INFO  [i.c.m.r.RouterInternalServiceImpl] [] [] [] : Attempting to register RouterInternalServiceImpl with RouterLookupInternalService.
2017-11-28 16:13:31,974 INFO  [i.c.m.r.l.RouterLookupInternalServiceImpl] [] [] [] : 1/1 router modules started
2017-11-28 16:13:31,975 INFO  [i.c.m.r.RouterInternalServiceImpl] [] [] [] : Registered RouterInternalServiceImpl with RouterLookupInternalService.
2017-11-28 16:13:31,976 INFO  [improbable.module.ModuleNode] [] [] [] : Attempting to get addresses of all RouterModules from master node
2017-11-28 16:13:31,992 INFO  [improbable.module.ModuleNode] [] [] [] : Got all RouterModules from master node
2017-11-28 16:13:32,016 INFO  [i.core.discovery.server.LocalServer] [] [] [] : Registered Service(improbable.fabric.internal.service.RemoteMessageInternalService) on 127.0.0.1:9011.
2017-11-28 16:13:32,036 INFO  [i.core.discovery.server.LocalServer] [] [] [] : Registered Service(improbable.fabric.internal.service.LocalBrokerInternalService) on 127.0.0.1:9012.
2017-11-28 16:13:32,043 INFO  [improbable.module.ModuleNode] [] [] [] : Waiting for all router modules in the deployment to have started
2017-11-28 16:13:32,048 INFO  [improbable.module.ModuleNode] [] [] [] : All router modules in the deployment started
2017-11-28 16:13:32,132 INFO  [org.eclipse.jetty.server.Server] [] [] [] : jetty-8.y.z-SNAPSHOT
2017-11-28 16:13:32,168 INFO  [o.e.jetty.server.AbstractConnector] [] [] [] : Started SelectChannelConnector@0.0.0.0:5006
2017-11-28 16:13:32,169 INFO  [improbable.http.ServletContainer$] [] [] [] : Servlet container started
2017-11-28 16:13:32,173 INFO  [improbable.module.ModuleNode] [] [] [] : Starting BridgeOracle on master
2017-11-28 16:13:32,188 INFO  [improbable.module.ModuleNode] [] [] [] : Waiting for the BridgeOracle to have started
2017-11-28 16:13:32,192 INFO  [i.c.d.g.GlobalServiceDiscoveryImpl] [] [] [] : Global service discovery refreshed 14 server(s) (previously: 11)
2017-11-28 16:13:32,398 INFO  [i.core.discovery.server.LocalServer] [] [] [] : Registered Service(improbable.fabric.internal.service.BridgeOracleInternalService) on 127.0.0.1:9013.
2017-11-28 16:13:33,196 INFO  [i.c.d.g.GlobalServiceDiscoveryImpl] [] [] [] : Global service discovery refreshed 15 server(s) (previously: 14)
2017-11-28 16:13:33,197 INFO  [improbable.module.ModuleNode] [] [] [] : Received BridgeOracle started
2017-11-28 16:13:33,209 INFO  [i.core.discovery.server.LocalServer] [] [] [] : Registered Service(improbable.fabric.internal.service.GlobalBrokerInternalService) on 127.0.0.1:9014.
2017-11-28 16:13:33,211 INFO  [improbable.module.ModuleNode] [] [] [] : Waiting for the BridgeModuleOracle to have started
2017-11-28 16:13:33,223 INFO  [i.c.a.e.ExtensibleActorReporter] [] [] [] : Started BridgeModuleOracleActor(Actor[akka://akkaFabric/user/BridgeModuleOracleModule#1491170703]).
2017-11-28 16:13:33,240 INFO  [i.core.discovery.server.LocalServer] [] [] [] : Registered Service(improbable.fabric.internal.service.BridgeServiceOracleInternalService) on 127.0.0.1:9015.
2017-11-28 16:13:34,196 INFO  [i.c.d.g.GlobalServiceDiscoveryImpl] [] [] [] : Global service discovery refreshed 17 server(s) (previously: 15)
2017-11-28 16:13:34,197 INFO  [improbable.module.ModuleNode] [] [] [] : Received BridgeModuleOracle started
2017-11-28 16:13:34,216 INFO  [improbable.module.ModuleNode] [] [] [] : Starting gsim GSimModule
2017-11-28 16:13:34,224 INFO  [improbable.module.ModuleNode] [] [] [] : Waiting for 1 entity query service(s) to start.
2017-11-28 16:13:34,248 INFO  [i.core.discovery.server.LocalServer] [] [] [] : Registered Service(improbable.fabric.internal.service.LocalSnapshotInternalService) on 127.0.0.1:9016.
2017-11-28 16:13:34,311 INFO  [i.p.gsim.GSimPersistenceWriter] [] [] [] : Transitioning GSimPersistenceActor(0) from State [Idle] to [Idle].  Time Elapsed: 1 millisecond
2017-11-28 16:13:34,314 INFO  [i.core.discovery.server.PublicServer] [] [] [] : Registered Service(improbable.fabric.internal.service.ScalingStatsInternalService) on 127.0.0.1:9017.
2017-11-28 16:13:34,383 INFO  [i.core.discovery.server.LocalServer] [] [] [] : Registered Service(improbable.fabric.internal.service.EntityQueryInternalService) on 127.0.0.1:9018.
2017-11-28 16:13:34,381 INFO  [i.bridge.oracle.scaling.WorkerScaler] [] [] [] : Skipping reconciliation because no WorkerRunner service is available. This message is expected at startup but should not persist through the deployment
2017-11-28 16:13:35,201 INFO  [i.c.d.g.GlobalServiceDiscoveryImpl] [] [] [] : Global service discovery refreshed 20 server(s) (previously: 17)
2017-11-28 16:13:35,201 INFO  [improbable.module.ModuleNode] [] [] [] : All 1 entity query service(s) have started.
2017-11-28 16:13:35,202 INFO  [improbable.module.ModuleNode] [] [] [] : Creating entity query client.
2017-11-28 16:13:35,297 INFO  [improbable.module.ModuleNode] [] [] [] : Entity query client created with directory: EntityQueryServiceDirectory{allServices=[EntityQueryInternalServiceInfo{address=host: "127.0.0.1"
port: 9018
, extent=Rectangle{minX=-750.0, minZ=-750.0, maxX=750.0, maxZ=750.0}, isLocal=true}], localServices=[EntityQueryInternalServiceInfo{address=host: "127.0.0.1"
port: 9018
, extent=Rectangle{minX=-750.0, minZ=-750.0, maxX=750.0, maxZ=750.0}, isLocal=true}], remoteServices=[]}
2017-11-28 16:13:35,306 INFO  [improbable.module.ModuleNode] [] [] [] : Waiting for 1 bridge service(s) to start.
2017-11-28 16:13:35,331 INFO  [i.c.a.e.ExtensibleActorReporter] [] [] [] : Started BridgeModuleActor(Actor[akka://akkaFabric/user/BridgeModule:9f07d2b9-52ec-461c-a395-9e8b05f13977#1854639717]).
2017-11-28 16:13:35,358 INFO  [i.core.discovery.server.LocalServer] [] [] [] : Registered Service(improbable.fabric.internal.service.BridgeInternalService) on 127.0.0.1:9019.
2017-11-28 16:13:35,359 INFO  [i.module.bridge.BridgeModuleActor] [] [] [] : Waiting for BridgeModuleOracle service to be available
2017-11-28 16:13:35,373 INFO  [i.module.bridge.BridgeModuleActor] [] [] [] : Registered(BridgeModuleEndpoint(9f07d2b9-52ec-461c-a395-9e8b05f13977)) on BridgeModuleOracleService
2017-11-28 16:13:36,198 INFO  [i.c.d.g.GlobalServiceDiscoveryImpl] [] [] [] : Global service discovery refreshed 21 server(s) (previously: 20)
2017-11-28 16:13:36,199 INFO  [improbable.module.ModuleNode] [] [] [] : All 1 bridge service(s) have started.
2017-11-28 16:13:36,202 INFO  [improbable.module.ModuleNode] [] [] [] : Starting WorkerRunner service (EngineStartupModule)
2017-11-28 16:13:36,209 INFO  [improbable.worker.exec.WorkerStats] [] [] [] : Cannot read /proc/self/stat; worker stats reporting will not work.
2017-11-28 16:13:36,225 INFO  [i.core.discovery.server.PublicServer] [] [] [] : Registered Service(improbable.platform.inner.worker.WorkerRunner) on 127.0.0.1:9020.
2017-11-28 16:13:36,237 INFO  [i.core.discovery.server.LocalServer] [] [] [] : Registered Service(improbable.fabric.internal.service.ReceptionistInternalService) on 127.0.0.1:9021.
2017-11-28 16:13:36,246 INFO  [i.core.discovery.server.PublicServer] [] [] [] : Registered Service(improbable.platform.runtime.ReceptionistService) on 127.0.0.1:7777.
2017-11-28 16:13:36,246 INFO  [improbable.module.ModuleNode] [] [] [] : Starting InspectionRestModule
2017-11-28 16:13:36,247 INFO  [improbable.module.ModuleNode] [] [] [] : Starting ProfilingModule
2017-11-28 16:13:36,249 INFO  [i.c.d.client.CheckpointDiscoveryImpl] [] [] [] : Reached a checkpoint: ALL_MODULES_STARTED
2017-11-28 16:13:36,249 INFO  [improbable.module.ModuleNode] [] [] [] : All modules on this node started, waiting for other nodes to reach the same checkpoint.
2017-11-28 16:13:36,261 INFO  [i.c.a.e.ExtensibleActorReporter] [] [] [] : Started ProfilingModuleActor(Actor[akka://akkaFabric/user/ProfilingModule#290902546]).
2017-11-28 16:13:36,265 INFO  [i.core.discovery.server.LocalServer] [] [] [] : Registered Service(improbable.fabric.internal.debug.HeatmapCellCacheInternalService) on 127.0.0.1:9022.
2017-11-28 16:13:36,303 INFO  [i.core.discovery.server.PublicServer] [] [] [] : Registered Service(improbable.platform.runtime.InspectionService) on 127.0.0.1:9023.
2017-11-28 16:13:36,357 INFO  [i.c.a.e.ExtensibleActorReporter] [] [] [] : Started InspectionRestModuleActor(Actor[akka://akkaFabric/user/InspectionRestModule#1276370423]).
2017-11-28 16:13:36,379 INFO  [i.bridge.oracle.scaling.WorkerScaler] [] [] [] : Skipping reconciliation because no WorkerRunner service is available. This message is expected at startup but should not persist through the deployment
2017-11-28 16:13:36,936 INFO  [spray.can.server.HttpListener] [akka://akkaFabric/user/IO-HTTP/listener-0] [akkaFabric-akka.actor.default-dispatcher-27] [] : Bound to /0.0.0.0:5005
2017-11-28 16:13:37,201 INFO  [i.c.d.g.GlobalServiceDiscoveryImpl] [] [] [] : Global service discovery refreshed 26 server(s) (previously: 21)
2017-11-28 16:13:37,204 INFO  [i.c.d.g.GlobalCheckpointDiscoveryImpl] [] [] [] : Global checkpoint discovery refreshed checkpoints.
2017-11-28 16:13:37,204 INFO  [improbable.module.ModuleNode] [] [] [] : All modules on all nodes have been started.
2017-11-28 16:13:37,206 INFO  [improbable.module.ModuleNode] [] [] [] : Loading a snapshot.
2017-11-28 16:13:37,226 INFO  [i.p.g.GSimPersistenceLoadOrchestrator] [] [] [] : Loading snapshot on GSim(0).
2017-11-28 16:13:37,226 INFO  [i.p.s.storage.LegacySnapshotStorage] [] [] [] : Requesting download URL for Snapshot(local@latest) matching []
2017-11-28 16:13:37,235 INFO  [i.p.s.storage.LegacySnapshotStorage] [] [] [] : Downloading snapshot from http://127.0.0.1:21000/snapshots/20171128161316391
2017-11-28 16:13:37,239 INFO  [i.p.gsim.GSimPersistenceLoader] [] [] [] : Loading snapshot
2017-11-28 16:13:37,270 INFO  [i.p.g.GSimPersistenceLoadOrchestrator] [] [] [] : Loaded 11 entities on GSim(0).
2017-11-28 16:13:37,284 INFO  [i.p.c.PersistenceLoaderCoordinatorActor] [] [] [] : All Snapshots loaded.
2017-11-28 16:13:37,298 INFO  [improbable.module.ModuleNode] [] [] [] : Snapshot has been loaded.
2017-11-28 16:13:37,298 INFO  [improbable.module.ModuleNode] [] [] [] : Starting SnapshotService.
2017-11-28 16:13:37,318 INFO  [i.core.discovery.server.PublicServer] [] [] [] : Registered Service(improbable.platform.runtime.SnapshotService) on 127.0.0.1:9024.
2017-11-28 16:13:37,319 INFO  [i.c.d.client.CheckpointDiscoveryImpl] [] [] [] : Reached a checkpoint: LOAD_SNAPSHOT_FINISHED
2017-11-28 16:13:37,323 INFO  [improbable.module.ModuleNode] [] [] [] : SpatialOS runtime startup complete.
2017-11-28 16:13:37,396 INFO  [i.l.params.LoadbalancerParamsFactory] [] [] [] : LoadbalancerParams for worker type [UnityWorker]: [AutoHexGridLoadbalancerParams{energyLimitingEnabled=true, energyLimit=1.0E9, minWorkerRange=1500.0, maxWorkerRange=1500.0, maxWorkerStepSize=0.0, workerExpansionTimeMs=60000, workerGridSize=0, loadbalancerEnabled=false, hexGridMode=AUTO, scalerAdvisorType=CONSTANT, maxWorkers=1, initialWorkers=1, numEntitiesPerWorker=9223372036854775807, statusReportPeriodMs=30000, pointsOfInterestEnabled=false, hexGridSolution=AutoValue_HexGridSolution{workersUsed=1, hexagonEdgeLength=1500.0, hexagonOrientation=POINTY_TOP, bounds=Rectangle{minX=-750.0, minZ=-750.0, maxX=750.0, maxZ=750.0}}, pointsOfInterestSolution=Empty}]
2017-11-28 16:13:38,189 INFO  [i.c.d.g.GlobalServiceDiscoveryImpl] [] [] [] : Global service discovery refreshed 27 server(s) (previously: 26)
2017-11-28 16:13:38,189 INFO  [i.c.d.g.GlobalCheckpointDiscoveryImpl] [] [] [] : Global checkpoint discovery refreshed checkpoints.
2017-11-28 16:13:38,293 INFO  [i.b.o.m.BridgeOracleWorkerManager] [] [] [] : Trying to start managed worker UnityWorker0
2017-11-28 16:13:38,314 INFO  [i.worker.exec.WorkerStartupExecutor] [] [] [] : Awaiting internal receptionist service to register with service discovery
2017-11-28 16:13:38,314 INFO  [i.bridge.oracle.scaling.WorkerScaler] [] [] [] : Starting 1 new managed workers for attribute_set {
  attribute: "physics"
}
 (required: 1, existing: 0)
2017-11-28 16:13:38,318 INFO  [i.worker.exec.WorkerStartupExecutor] [] [] [] : Successfully found the internal receptionist service in service discovery
2017-11-28 16:13:38,322 INFO  [i.worker.exec.WorkerStartupExecutor] [] [] [] : Awaiting public receptionist service to register with service discovery
2017-11-28 16:13:38,323 INFO  [i.worker.exec.WorkerStartupExecutor] [] [] [] : Successfully found the public receptionist service in service discovery
2017-11-28 16:13:43,951 INFO  [i.worker.exec.WorkerStartupExecutor] [] [] [] : Created log file for worker UnityWorker0, type (UnityWorker): [C:\Users\Erasmo\Documents\GitHub\Game\logs\2017-11-28_16-13-18_0\workers\UnityWorker\UnityWorker0-8397490954441677982.log]
2017-11-28 16:13:43,953 INFO  [i.worker.exec.CommandLineExecutor] [] [] [] : Running command: C:\Users\Erasmo\AppData\Local\Temp\zip-downloader7754805534513246966\49574247ff406c1b5d74f8f17e64f9d9\UnityWorker@Windows.exe +projectName beta_oscar_bacon_891 +receptionistIp 127.0.0.1 +receptionistPort 7777 +workerType UnityWorker +workerId UnityWorker0 +useInternalIpForBridge true +infraServicesUrl http://127.0.0.1:21000 +assemblyName local_assembly +linkProtocol RakNet -logfile C:\Users\Erasmo\Documents\GitHub\Game\logs\2017-11-28_16-13-18_0\workers\UnityWorker\UnityWorker0-8397490954441677982.log -batchmode -nographics
2017-11-28 16:13:44,757 INFO  [i.b.s.BridgeServicePicker] [] [] [] : Attempting to get positionHint for UnityWorker0 via rpc
2017-11-28 16:13:44,766 INFO  [i.b.s.BridgeServicePicker] [] [] [] : Selected legacy_guid: "9f07d2b9-52ec-461c-a395-9e8b05f13977"
address {
  host: "127.0.0.1"
  port: 9019
}
 with position  which is the nearest bridge service to position (0.0, 0.0, 0.0)
2017-11-28 16:13:44,780 INFO  [i.m.b.o.m.BridgeModuleOracleActor] [] [] [] : BridgeServicePicker returned module Optional[legacy_guid: "9f07d2b9-52ec-461c-a395-9e8b05f13977"
address {
  host: "127.0.0.1"
  port: 9019
}
] with load Optional[BridgeModuleLoadBalanceInfo((0.0, 0.0, 0.0),0)].get().toString() for Engine(UnityWorker0)
2017-11-28 16:13:45,050 INFO  [i.b.i.BridgeInternalServiceImpl] [] [] [] : Bridge worker_id: "UnityWorker0"
 registered with bridge internal service
2017-11-28 16:13:45,060 INFO  [i.b.o.s.BridgeOracleInternalServiceImpl] [] [] [] : Got bridge started rpc from bridge: worker_id: "UnityWorker0"

2017-11-28 16:13:45,060 INFO  [i.b.o.s.BridgeOracleInternalServiceImpl] [] [] [] : The worker UnityWorker0 registered with SpatialOS successfully.
2017-11-28 16:13:45,061 INFO  [i.module.bridge.oracle.BridgeOracle] [] [] [] : Sending bridge started to self for bridge endpoint BridgeOracleEndpoint
2017-11-28 16:13:45,063 INFO  [i.module.bridge.oracle.BridgeOracle] [] [] [] : Bridge(UnityWorker0) started.
2017-11-28 16:13:45,067 INFO  [i.b.o.m.BridgeOracleWorkerManager] [] [] [] : Worker UnityWorker0 registered with the BridgeOracleWorker manager
2017-11-28 16:13:45,709 INFO  [i.b.n.raknet.GuardedRakPeerInterface] [] [] [] : New RakNet connection established with 127.0.0.1
2017-11-28 16:14:33,474 INFO  [i.b.s.BridgeServicePicker] [] [] [] : Attempting to get positionHint for UnityClientcbcd705f-9611-4c0f-b202-fb5fd9c16c95 via rpc
2017-11-28 16:14:33,477 INFO  [i.b.s.BridgeServicePicker] [] [] [] : Starting UnityClientcbcd705f-9611-4c0f-b202-fb5fd9c16c95 without a position hint, so using a random bridge service
2017-11-28 16:14:33,478 INFO  [i.m.b.o.m.BridgeModuleOracleActor] [] [] [] : BridgeServicePicker returned module Optional[legacy_guid: "9f07d2b9-52ec-461c-a395-9e8b05f13977"
address {
  host: "127.0.0.1"
  port: 9019
}
] with load Optional[BridgeModuleLoadBalanceInfo((0.0, 0.0, 0.0),1)].get().toString() for Engine(UnityClientcbcd705f-9611-4c0f-b202-fb5fd9c16c95)
2017-11-28 16:14:33,503 INFO  [i.l.params.LoadbalancerParamsFactory] [] [] [] : LoadbalancerParams for worker type [UnityClient]: [FlagzLoadbalancerParams{energyLimitingEnabled=true, energyLimit=1.0E9, minWorkerRange=Infinity, maxWorkerRange=Infinity, maxWorkerStepSize=50.0, workerExpansionTimeMs=60000, workerGridSize=5, loadbalancerEnabled=true, hexGridMode=OFF, scalerAdvisorType=ENTITY_COUNT, maxWorkers=25, initialWorkers=25, numEntitiesPerWorker=9223372036854775807, statusReportPeriodMs=2000, pointsOfInterestEnabled=false, hexGridSolution=Empty, pointsOfInterestSolution=Empty}]
2017-11-28 16:14:33,511 INFO  [i.b.i.BridgeInternalServiceImpl] [] [] [] : Bridge worker_id: "UnityClientcbcd705f-9611-4c0f-b202-fb5fd9c16c95"
 registered with bridge internal service
2017-11-28 16:14:33,514 INFO  [i.b.o.s.BridgeOracleInternalServiceImpl] [] [] [] : Got bridge started rpc from bridge: worker_id: "UnityClientcbcd705f-9611-4c0f-b202-fb5fd9c16c95"

2017-11-28 16:14:33,516 INFO  [i.b.o.s.BridgeOracleInternalServiceImpl] [] [] [] : The worker UnityClientcbcd705f-9611-4c0f-b202-fb5fd9c16c95 registered with SpatialOS successfully.
2017-11-28 16:14:33,516 INFO  [i.module.bridge.oracle.BridgeOracle] [] [] [] : Sending bridge started to self for bridge endpoint BridgeOracleEndpoint
2017-11-28 16:14:33,522 INFO  [i.module.bridge.oracle.BridgeOracle] [] [] [] : Bridge(UnityClientcbcd705f-9611-4c0f-b202-fb5fd9c16c95) started.
2017-11-28 16:14:34,107 INFO  [i.b.n.raknet.GuardedRakPeerInterface] [] [] [] : New RakNet connection established with 127.0.0.1
2017-11-28 16:14:34,902 ERROR [i.b.logging.EngineLogMessageHandler] [] [] [] : [Worker: UnityWorker0] NullReferenceException: Object reference not set to an instance of an object
 in Assets.Gamelogic.Player.TextWin.Awake ()
UnityEngine.Object:Instantiate(GameObject, Vector3, Quaternion)
Improbable.Unity.ComponentFactory.UnityPrefabFactory:MakeComponent(GameObject, String)
Improbable.Unity.ComponentFactory.PrefabFactoryMetrics:MakeComponent(GameObject, String)
Improbable.Unity.Core.LegacyEntityCreator:InstantiateEntityObject(EntityId, String)
Improbable.Unity.Core.LegacyEntityCreator:OnMakeEntitySuccess(EntityId, String)
Improbable.Unity.Core.<MakeEntity>c__AnonStorey0:<>m__0(String)
Improbable.Unity.Entity.<PrepareTemplate>c__AnonStorey0:<>m__0(GameObject)
Improbable.Unity.Assets.<LoadAsset>c__AnonStorey0:<>m__0(GameObject)
Improbable.Unity.Assets.<LoadAsset>c__AnonStorey0:<>m__0(GameObject)
Improbable.Unity.Assets.GameObjectFromAssetBundleLoader:OnAssetBundleLoaded(AssetBundle, String)
Improbable.Unity.Assets.<LoadAsset>c__AnonStorey0:<>m__0(AssetBundle)
Improbable.Unity.Assets.AssetBundleDownloader:HandleDownloadAssetResponse(String, Action`1, Action`1, WWWResponse)
Improbable.Unity.Assets.<LoadAsset>c__AnonStorey0:<>m__0(WWWResponse)
Improbable.Unity.Assets.AssetBundleDownloader:DownloadAsyncResponse(WWWResponse, IWWWRequest, String, Action`1)
Improbable.Unity.Assets.<DownloadAsync>c__AnonStorey2:<>m__1(WWWResponse)
Improbable.Unity.Util.<SendPostRequestCoroutine>c__Iterator1:MoveNext()
UnityEngine.SetupCoroutine:InvokeMoveNext(IEnumerator, IntPtr)
 -[WorkerLogger:Unity]
2017-11-28 16:14:42,542 INFO  [i.b.s.BridgeServicePicker] [] [] [] : Attempting to get positionHint for UnityClient18dcf46b-e466-423c-bc68-a956ddd33bc0 via rpc
2017-11-28 16:14:42,544 INFO  [i.b.s.BridgeServicePicker] [] [] [] : Starting UnityClient18dcf46b-e466-423c-bc68-a956ddd33bc0 without a position hint, so using a random bridge service
2017-11-28 16:14:42,545 INFO  [i.m.b.o.m.BridgeModuleOracleActor] [] [] [] : BridgeServicePicker returned module Optional[legacy_guid: "9f07d2b9-52ec-461c-a395-9e8b05f13977"
address {
  host: "127.0.0.1"
  port: 9019
}
] with load Optional[BridgeModuleLoadBalanceInfo((0.0, 0.0, 0.0),2)].get().toString() for Engine(UnityClient18dcf46b-e466-423c-bc68-a956ddd33bc0)
2017-11-28 16:14:42,573 INFO  [i.b.i.BridgeInternalServiceImpl] [] [] [] : Bridge worker_id: "UnityClient18dcf46b-e466-423c-bc68-a956ddd33bc0"
 registered with bridge internal service
2017-11-28 16:14:42,576 INFO  [i.b.o.s.BridgeOracleInternalServiceImpl] [] [] [] : Got bridge started rpc from bridge: worker_id: "UnityClient18dcf46b-e466-423c-bc68-a956ddd33bc0"

2017-11-28 16:14:42,578 INFO  [i.b.o.s.BridgeOracleInternalServiceImpl] [] [] [] : The worker UnityClient18dcf46b-e466-423c-bc68-a956ddd33bc0 registered with SpatialOS successfully.
2017-11-28 16:14:42,578 INFO  [i.module.bridge.oracle.BridgeOracle] [] [] [] : Sending bridge started to self for bridge endpoint BridgeOracleEndpoint
2017-11-28 16:14:42,594 INFO  [i.module.bridge.oracle.BridgeOracle] [] [] [] : Bridge(UnityClient18dcf46b-e466-423c-bc68-a956ddd33bc0) started.
2017-11-28 16:14:43,172 INFO  [i.b.n.raknet.GuardedRakPeerInterface] [] [] [] : New RakNet connection established with 127.0.0.1
2017-11-28 16:14:43,484 ERROR [i.b.logging.EngineLogMessageHandler] [] [] [] : [Worker: UnityWorker0] NullReferenceException: Object reference not set to an instance of an object
 in Assets.Gamelogic.Player.TextWin.Awake ()
UnityEngine.Object:Instantiate(GameObject, Vector3, Quaternion)
Improbable.Unity.ComponentFactory.UnityPrefabFactory:MakeComponent(GameObject, String)
Improbable.Unity.ComponentFactory.PrefabFactoryMetrics:MakeComponent(GameObject, String)
Improbable.Unity.Core.LegacyEntityCreator:InstantiateEntityObject(EntityId, String)
Improbable.Unity.Core.LegacyEntityCreator:OnMakeEntitySuccess(EntityId, String)
Improbable.Unity.Core.<MakeEntity>c__AnonStorey0:<>m__0(String)
Improbable.Unity.Entity.<PrepareTemplate>c__AnonStorey0:<>m__0(GameObject)
Improbable.Unity.Assets.CachingAssetDatabase:LoadAsset(String, Action`1, Action`1)
Improbable.Unity.Entity.AssetDatabaseTemplateProvider:PrepareTemplate(String, Action`1, Action`1)
Improbable.Unity.Entity.DefaultTemplateProvider:PrepareTemplate(String, Action`1, Action`1)
Improbable.Unity.Core.LegacyEntityCreator:MakeEntity(EntityId, String, Action`2)
Improbable.Unity.Core.LegacyEntityCreator:AddComponent(AddComponentPipelineOp)
Improbable.Unity.Core.ThrottledEntityDispatcher:AddComponent(AddComponentPipelineOp)
Improbable.Unity.Core.EntityPipelineExtensions:DispatchOp(IEntityPipelineBlock, IEntityPipelineOp)
Improbable.Unity.Core.CriticalSectionPipelineBlock:ReleaseCriticalSectionOps()
Improbable.Unity.Core.CriticalSectionPipelineBlock:CriticalSection(CriticalSectionPipelineOp)
Improbable.Unity.Core.EntityPipelineImpl:<RegisterDispatcherCallbacks>m__37(CriticalSectionOp)
Improbable.Worker.Internal.Callbacks`1:InvokeAllReverse(CriticalSectionOp)
Improbable.Worker.Dispatcher:CriticalSectionThunk(Void*, CriticalSectionOp*)
Improbable.Worker.Internal.WorkerProtocol:Dispatcher_Process(DispatcherHandle, OpListHandle)
Improbable.Worker.Dispatcher:Process(OpList)
Improbable.Unity.Core.ConnectionLifecycle:ProcessEvents()
Improbable.Unity.Core.ConnectionLifecycle:Update()
 -[WorkerLogger:Unity]
