2017-11-21 16:05:51,707 INFO  [i.deployment.InternalGameLauncher] [] [] [] : Parsed 362 internal flags at startup
2017-11-21 16:05:51,851 INFO  [i.deployment.InternalGameLauncher] [] [] [] : SpatialOS runtime version: 11-20171114T103507Z-cc9d195
2017-11-21 16:05:52,062 INFO  [i.c.c.f.FlagzFieldRegistryUpdater] [] [] [] : Initialized Fabric flagz registry with 11 set fields.
2017-11-21 16:05:53,170 INFO  [i.core.discovery.server.LocalServer] [] [] [] : Registered Service(improbable.fabric.internal.service.StatusDiscoveryInternalService) on 127.0.0.1:5301.
2017-11-21 16:05:53,172 INFO  [i.c.discovery.ServiceDiscoveryImpl] [] [] [] : Status discovery address: host: "127.0.0.1"
port: 5301

2017-11-21 16:05:53,179 INFO  [improbable.module.ModuleNode] [] [] [] : Starting Fabric node as master (IP: 127.0.0.1).
2017-11-21 16:05:53,181 INFO  [i.c.d.client.CheckpointDiscoveryImpl] [] [] [] : Reached a checkpoint: ALL_NODES_STARTED
2017-11-21 16:05:53,182 INFO  [improbable.module.ModuleNode] [] [] [] : Node master has started, waiting for other nodes to reach the same checkpoint.
2017-11-21 16:05:53,182 INFO  [improbable.module.ModuleNode] [] [] [] : All nodes have been started.
2017-11-21 16:05:53,202 INFO  [i.core.discovery.server.PublicServer] [] [] [] : Registered Service(improbable.platform.runtime.ModuleService) on 127.0.0.1:9000.
2017-11-21 16:05:53,220 INFO  [i.core.discovery.server.PublicServer] [] [] [] : Registered Service(improbable.platform.runtime.HealthCheckService) on 127.0.0.1:9001.
2017-11-21 16:05:53,228 INFO  [i.core.discovery.server.LocalServer] [] [] [] : Registered Service(improbable.fabric.internal.service.PerfInternalService) on 127.0.0.1:9002.
2017-11-21 16:05:53,236 INFO  [i.core.discovery.server.LocalServer] [] [] [] : Registered Service(improbable.fabric.internal.service.ContentionInternalService) on 127.0.0.1:9003.
2017-11-21 16:05:53,263 INFO  [i.core.discovery.server.PublicServer] [] [] [] : Registered Service(improbable.platform.runtime.FeatureService) on 127.0.0.1:9004.
2017-11-21 16:05:53,272 INFO  [i.c.d.g.GlobalCheckpointDiscoveryImpl] [] [] [] : Global checkpoint discovery refreshed checkpoints.
2017-11-21 16:05:53,273 INFO  [i.c.d.g.GlobalServiceDiscoveryImpl] [] [] [] : Global service discovery refreshed 5 server(s) (previously: 0)
2017-11-21 16:05:53,297 INFO  [i.c.config.flagz.WorkerFlagzUpdater] [] [] [] : Initialized worker flagz registry with 0 set fields.
2017-11-21 16:05:53,299 INFO  [improbable.module.ModuleNode] [] [] [] : Using master node configuration loader.
2017-11-21 16:05:53,310 INFO  [i.core.discovery.server.LocalServer] [] [] [] : Registered Service(improbable.fabric.internal.service.NodeConfigurationInternalService) on 127.0.0.1:9005.
2017-11-21 16:05:53,332 INFO  [i.c.c.n.MasterNodeConfigurationLoader] [] [] [] : Using roles [MASTER, GSIM, BRIDGE, WORKER_RUNNER, INSPECTION] for node node_id {
  deployment_id {
    project_id {
      name: "your_project_name_here"
    }
    name: "local"
  }
  name: "master"
}
private_ip: "127.0.0.1"
roles: MASTER
roles: GSIM
roles: BRIDGE
roles: WORKER_RUNNER
roles: INSPECTION

2017-11-21 16:05:53,359 INFO  [improbable.core.config.node.GsimGrid] [] [] [] : Created gsim grid configuration of size (1500, 1500) with 1 columns and 1 rows, using gsims of (30, 30) chunks.
2017-11-21 16:05:53,404 INFO  [i.c.c.n.MasterNodeConfigurationLoader] [] [] [] : Original deployment module configuration (before parsing): {deployment_id {
  project_id {
    name: "your_project_name_here"
  }
  name: "local"
}
name: "master"
=[ProfilingModule, BridgeModuleOracleModule, BridgeOracleModule, PersistenceModule, ReceptionistModule, RouterModule, GSimModule, BridgeModule, EngineStartupModule, InspectionRestModule]}
2017-11-21 16:05:53,421 INFO  [i.c.c.n.MasterNodeConfigurationLoader] [] [] [] : Master successfully loaded configurations for 1 node(s).
2017-11-21 16:05:53,426 INFO  [improbable.module.ModuleNode] [] [] [] : Loaded node configuration: node_id {
  deployment_id {
    project_id {
      name: "your_project_name_here"
    }
    name: "local"
  }
  name: "master"
}
gsim_configurations {
  extent {
    bottom_left {
      x_in_chunks: -15
      z_in_chunks: -15
    }
    top_right {
      x_in_chunks: 15
      z_in_chunks: 15
    }
  }
}
start_router: true
start_bridge_oracle: true
start_bridge_module_oracle: true
start_engine_startup_module: true
start_receptionist_service: true
start_inspection_rest_module: true
start_snapshot_service: true
start_profiling_module: true
bridge_modules: "BridgeModule"
gsim_modules: "GSimModule"

2017-11-21 16:05:53,427 INFO  [improbable.module.ModuleNode] [] [] [] : Using master world extents provider.
2017-11-21 16:05:53,445 INFO  [i.core.discovery.server.LocalServer] [] [] [] : Registered Service(improbable.fabric.internal.service.WorldExtentsInternalService) on 127.0.0.1:9006.
2017-11-21 16:05:53,446 INFO  [i.c.world.MasterWorldExtentsProvider] [] [] [] : Successfully initialized world extents with 1 rectangle(s).
2017-11-21 16:05:53,450 INFO  [improbable.module.ModuleNode] [] [] [] : Loaded world extents: WorldExtents{proto=rectangles {
  bottom_left {
    x: -750.0
    z: -750.0
  }
  top_right {
    x: 750.0
    z: 750.0
  }
  is_fully_simulated: true
  responsible_gsim_id {
  }
}
bounding_rectangle {
  bottom_left {
    x: -750.0
    z: -750.0
  }
  top_right {
    x: 750.0
    z: 750.0
  }
  is_fully_simulated: true
}
}
2017-11-21 16:05:53,570 INFO  [i.e.schema.ParsedFileDescriptorSet] [] [] [] : Parsed file descriptors of 12 proto files.
2017-11-21 16:05:53,600 INFO  [i.entity.schema.SchemaFactory] [] [] [] : Found components: [improbable.core.PlayerCreation, improbable.EntityAcl, improbable.Metadata, improbable.Position, improbable.Persistence, improbable.core.Rotation, improbable.player.PlayerInput, improbable.core.ClientAuthorityCheck, improbable.player.Health, improbable.player.ClientConnection]
2017-11-21 16:05:53,607 INFO  [i.entity.schema.SchemaFactory] [] [] [] : Found components: [improbable.core.ClientAuthorityCheck, improbable.player.PlayerInput, improbable.internal.EntityAuthority, improbable.EntityAcl, improbable.Metadata, improbable.Position, improbable.Persistence, improbable.player.Health, improbable.core.PlayerCreation, improbable.core.Rotation, improbable.player.ClientConnection]
2017-11-21 16:05:53,608 INFO  [improbable.module.ModuleNode] [] [] [] : Successfully loaded schema for entities
2017-11-21 16:05:53,609 INFO  [improbable.module.ModuleNode] [] [] [] : Validating snapshot at startup and determining max entity id
2017-11-21 16:05:53,614 INFO  [i.p.s.storage.LegacySnapshotStorage] [] [] [] : Requesting download URL for Snapshot(local@latest) matching []
2017-11-21 16:05:53,626 INFO  [i.p.s.storage.LegacySnapshotStorage] [] [] [] : Downloading snapshot from http://127.0.0.1:21000/snapshots/20171121160546215
2017-11-21 16:05:53,649 INFO  [improbable.module.ModuleNode] [] [] [] : Determined the first entity id for the id assigner as 2
2017-11-21 16:05:53,654 INFO  [i.core.discovery.server.LocalServer] [] [] [] : Registered Service(improbable.fabric.internal.service.EntityIdInternalService) on 127.0.0.1:9007.
2017-11-21 16:05:53,695 INFO  [i.core.discovery.server.LocalServer] [] [] [] : Registered Service(improbable.fabric.internal.service.WorkerPrestartRegistryInternalService) on 127.0.0.1:9008.
2017-11-21 16:05:53,705 INFO  [i.core.discovery.server.LocalServer] [] [] [] : Registered Service(improbable.fabric.internal.service.RouterLookupInternalService) on 127.0.0.1:9009.
2017-11-21 16:05:53,706 INFO  [i.module.router.ActorSystemFactory$] [] [] [] : Attempting to create ActorSystem akkaFabric with configRecord akkaFabric
2017-11-21 16:05:53,995 INFO  [akka.event.slf4j.Slf4jLogger] [] [] [] : Slf4jLogger started
2017-11-21 16:05:54,142 INFO  [i.c.d.g.GlobalServiceDiscoveryImpl] [] [] [] : Global service discovery refreshed 11 server(s) (previously: 5)
2017-11-21 16:05:55,340 INFO  [i.l.params.LoadbalancerParamsFactory] [] [] [] : Parsed 1 worker loadbalancing configuration(s)
2017-11-21 16:05:55,346 INFO  [i.l.params.LoadbalancerParamsFactory] [] [] [] : Successfully loaded loadbalancing configurations: {UnityWorker=improbable.loadbalancing.params.AutoHexGridLoadbalancerParams@503224b4}
2017-11-21 16:05:55,459 INFO  [i.w.a.WorkerAssemblyProviderFactory] [] [] [] : Loaded worker assemblies for these workers types: UnityClient, UnityWorker.
2017-11-21 16:05:55,461 INFO  [improbable.module.ModuleNode] [] [] [] : Loaded worker assemblies: [worker_assembly_id {
  assembly_id {
    project_id {
      name: "your_project_name_here"
    }
    name: "local_assembly"
  }
  name {
    name: "UnityClient"
  }
}
bridge_configuration {
  worker_attribute_set {
    attribute {
      name: "visual"
    }
  }
  entity_interest {
    range_entity_interest {
      radius: 200.0
    }
  }
  component_delivery {
    checkout_all_initially: true
  }
}
, worker_assembly_id {
  assembly_id {
    project_id {
      name: "your_project_name_here"
    }
    name: "local_assembly"
  }
  name {
    name: "UnityWorker"
  }
}
worker_launch_configuration {
  platform: WINDOWS
  worker_zip {
    command: "UnityWorker@Windows.exe"
    argument: "+projectName"
    argument: "${IMPROBABLE_PROJECT_NAME}"
    argument: "+receptionistIp"
    argument: "${IMPROBABLE_RECEPTIONIST_HOST}"
    argument: "+receptionistPort"
    argument: "${IMPROBABLE_RECEPTIONIST_PORT}"
    argument: "+workerType"
    argument: "${IMPROBABLE_WORKER_NAME}"
    argument: "+workerId"
    argument: "${IMPROBABLE_WORKER_ID}"
    argument: "+useInternalIpForBridge"
    argument: "true"
    argument: "+infraServicesUrl"
    argument: "${IMPROBABLE_API_URL}"
    argument: "+assemblyName"
    argument: "${IMPROBABLE_ASSEMBLY_NAME}"
    argument: "+linkProtocol"
    argument: "RakNet"
    argument: "-logfile"
    argument: "${IMPROBABLE_LOG_FILE}"
    argument: "-batchmode"
    argument: "-nographics"
    worker_location {
      filename: "UnityWorker@Windows.zip"
    }
  }
}
worker_launch_configuration {
  platform: MACOS
  worker_zip {
    command: "UnityWorker@Mac.app/Contents/MacOS/UnityWorker@Mac"
    argument: "+projectName"
    argument: "${IMPROBABLE_PROJECT_NAME}"
    argument: "+receptionistIp"
    argument: "${IMPROBABLE_RECEPTIONIST_HOST}"
    argument: "+receptionistPort"
    argument: "${IMPROBABLE_RECEPTIONIST_PORT}"
    argument: "+workerType"
    argument: "${IMPROBABLE_WORKER_NAME}"
    argument: "+workerId"
    argument: "${IMPROBABLE_WORKER_ID}"
    argument: "+useInternalIpForBridge"
    argument: "true"
    argument: "+infraServicesUrl"
    argument: "${IMPROBABLE_API_URL}"
    argument: "+assemblyName"
    argument: "${IMPROBABLE_ASSEMBLY_NAME}"
    argument: "+linkProtocol"
    argument: "RakNet"
    argument: "-logfile"
    argument: "${IMPROBABLE_LOG_FILE}"
    argument: "-batchmode"
    argument: "-nographics"
    worker_location {
      filename: "UnityWorker@Mac.zip"
    }
  }
}
worker_launch_configuration {
  platform: LINUX
  worker_zip {
    command: "UnityWorker@Linux"
    argument: "+projectName"
    argument: "${IMPROBABLE_PROJECT_NAME}"
    argument: "+receptionistIp"
    argument: "${IMPROBABLE_RECEPTIONIST_HOST}"
    argument: "+receptionistPort"
    argument: "${IMPROBABLE_RECEPTIONIST_PORT}"
    argument: "+workerType"
    argument: "${IMPROBABLE_WORKER_NAME}"
    argument: "+workerId"
    argument: "${IMPROBABLE_WORKER_ID}"
    argument: "+useInternalIpForBridge"
    argument: "true"
    argument: "+infraServicesUrl"
    argument: "${IMPROBABLE_API_URL}"
    argument: "+assemblyName"
    argument: "${IMPROBABLE_ASSEMBLY_NAME}"
    argument: "+linkProtocol"
    argument: "RakNet"
    argument: "-logfile"
    argument: "${IMPROBABLE_LOG_FILE}"
    argument: "-batchmode"
    argument: "-nographics"
    worker_location {
      filename: "UnityWorker@Linux.zip"
    }
  }
}
bridge_configuration {
  worker_attribute_set {
    attribute {
      name: "physics"
    }
  }
  entity_interest {
    range_entity_interest {
      radius: 200.0
    }
  }
  component_delivery {
    checkout_all_initially: true
  }
}
]
2017-11-21 16:05:55,466 INFO  [i.w.assembly.WorkerAssemblyProvider] [] [] [] : Worker configuration for 'UnityClient' does not contain a launch configuration for the current platform 'WINDOWS', so Fabric will not start any managed workers of this type
2017-11-21 16:05:55,467 INFO  [i.w.assembly.WorkerAssemblyProvider] [] [] [] : The following worker configurations do not contain valid managed launch configurations for the current platform WINDOWS, and the runtime will be unable to launch managed workers of this type: [UnityClient]. This is expected for worker types you intend to only connect manually.
2017-11-21 16:05:55,470 INFO  [i.w.permissions.PermissionsFactory] [] [] [] : Created permissions manager with permissions: {UnityWorker=Permissions{{/sys/CreateEntity=, /sys/DeleteEntity=, /sys/EntityQuery={"component":["*"]}}}, UnityClient=Permissions{{/sys/EntityQuery={"component":[]}}}}
2017-11-21 16:05:56,986 INFO  [improbable.module.ModuleNode] [] [] [] : Starting router on master
2017-11-21 16:05:56,991 INFO  [i.core.discovery.server.LocalServer] [] [] [] : Registered Service(improbable.fabric.internal.service.RouterInternalService) on 127.0.0.1:9010.
2017-11-21 16:05:56,991 INFO  [i.c.m.r.RouterInternalServiceImpl] [] [] [] : Attempting to register RouterInternalServiceImpl with RouterLookupInternalService.
2017-11-21 16:05:56,998 INFO  [i.c.m.r.l.RouterLookupInternalServiceImpl] [] [] [] : 1/1 router modules started
2017-11-21 16:05:56,999 INFO  [i.c.m.r.RouterInternalServiceImpl] [] [] [] : Registered RouterInternalServiceImpl with RouterLookupInternalService.
2017-11-21 16:05:57,000 INFO  [improbable.module.ModuleNode] [] [] [] : Attempting to get addresses of all RouterModules from master node
2017-11-21 16:05:57,007 INFO  [improbable.module.ModuleNode] [] [] [] : Got all RouterModules from master node
2017-11-21 16:05:57,022 INFO  [i.core.discovery.server.LocalServer] [] [] [] : Registered Service(improbable.fabric.internal.service.RemoteMessageInternalService) on 127.0.0.1:9011.
2017-11-21 16:05:57,033 INFO  [i.core.discovery.server.LocalServer] [] [] [] : Registered Service(improbable.fabric.internal.service.LocalBrokerInternalService) on 127.0.0.1:9012.
2017-11-21 16:05:57,038 INFO  [improbable.module.ModuleNode] [] [] [] : Waiting for all router modules in the deployment to have started
2017-11-21 16:05:57,041 INFO  [improbable.module.ModuleNode] [] [] [] : All router modules in the deployment started
2017-11-21 16:05:57,092 INFO  [org.eclipse.jetty.server.Server] [] [] [] : jetty-8.y.z-SNAPSHOT
2017-11-21 16:05:57,134 INFO  [i.c.d.g.GlobalServiceDiscoveryImpl] [] [] [] : Global service discovery refreshed 14 server(s) (previously: 11)
2017-11-21 16:05:57,137 INFO  [o.e.jetty.server.AbstractConnector] [] [] [] : Started SelectChannelConnector@0.0.0.0:5006
2017-11-21 16:05:57,138 INFO  [improbable.http.ServletContainer$] [] [] [] : Servlet container started
2017-11-21 16:05:57,139 INFO  [improbable.module.ModuleNode] [] [] [] : Starting BridgeOracle on master
2017-11-21 16:05:57,146 INFO  [improbable.module.ModuleNode] [] [] [] : Waiting for the BridgeOracle to have started
2017-11-21 16:05:57,290 INFO  [i.core.discovery.server.LocalServer] [] [] [] : Registered Service(improbable.fabric.internal.service.BridgeOracleInternalService) on 127.0.0.1:9013.
2017-11-21 16:05:58,133 INFO  [improbable.module.ModuleNode] [] [] [] : Received BridgeOracle started
2017-11-21 16:05:58,133 INFO  [i.c.d.g.GlobalServiceDiscoveryImpl] [] [] [] : Global service discovery refreshed 15 server(s) (previously: 14)
2017-11-21 16:05:58,139 INFO  [i.core.discovery.server.LocalServer] [] [] [] : Registered Service(improbable.fabric.internal.service.GlobalBrokerInternalService) on 127.0.0.1:9014.
2017-11-21 16:05:58,140 INFO  [improbable.module.ModuleNode] [] [] [] : Waiting for the BridgeModuleOracle to have started
2017-11-21 16:05:58,142 INFO  [i.c.a.e.ExtensibleActorReporter] [] [] [] : Started BridgeModuleOracleActor(Actor[akka://akkaFabric/user/BridgeModuleOracleModule#-831082565]).
2017-11-21 16:05:58,153 INFO  [i.core.discovery.server.LocalServer] [] [] [] : Registered Service(improbable.fabric.internal.service.BridgeServiceOracleInternalService) on 127.0.0.1:9015.
2017-11-21 16:05:59,133 INFO  [i.c.d.g.GlobalServiceDiscoveryImpl] [] [] [] : Global service discovery refreshed 17 server(s) (previously: 15)
2017-11-21 16:05:59,133 INFO  [improbable.module.ModuleNode] [] [] [] : Received BridgeModuleOracle started
2017-11-21 16:05:59,137 INFO  [improbable.module.ModuleNode] [] [] [] : Starting gsim GSimModule
2017-11-21 16:05:59,142 INFO  [improbable.module.ModuleNode] [] [] [] : Waiting for 1 entity query service(s) to start.
2017-11-21 16:05:59,159 INFO  [i.core.discovery.server.LocalServer] [] [] [] : Registered Service(improbable.fabric.internal.service.LocalSnapshotInternalService) on 127.0.0.1:9016.
2017-11-21 16:05:59,178 INFO  [i.core.discovery.server.PublicServer] [] [] [] : Registered Service(improbable.fabric.internal.service.ScalingStatsInternalService) on 127.0.0.1:9017.
2017-11-21 16:05:59,204 INFO  [i.p.gsim.GSimPersistenceWriter] [] [] [] : Transitioning GSimPersistenceActor(0) from State [Idle] to [Idle].  Time Elapsed: 1 millisecond
2017-11-21 16:05:59,238 INFO  [i.core.discovery.server.LocalServer] [] [] [] : Registered Service(improbable.fabric.internal.service.EntityQueryInternalService) on 127.0.0.1:9018.
2017-11-21 16:05:59,283 INFO  [i.bridge.oracle.scaling.WorkerScaler] [] [] [] : Skipping reconciliation because no WorkerRunner service is available. This message is expected at startup but should not persist through the deployment
2017-11-21 16:06:00,135 INFO  [i.c.d.g.GlobalServiceDiscoveryImpl] [] [] [] : Global service discovery refreshed 20 server(s) (previously: 17)
2017-11-21 16:06:00,135 INFO  [improbable.module.ModuleNode] [] [] [] : All 1 entity query service(s) have started.
2017-11-21 16:06:00,135 INFO  [improbable.module.ModuleNode] [] [] [] : Creating entity query client.
2017-11-21 16:06:00,145 INFO  [improbable.module.ModuleNode] [] [] [] : Entity query client created with directory: EntityQueryServiceDirectory{allServices=[EntityQueryInternalServiceInfo{address=host: "127.0.0.1"
port: 9018
, extent=Rectangle{minX=-750.0, minZ=-750.0, maxX=750.0, maxZ=750.0}, isLocal=true}], localServices=[EntityQueryInternalServiceInfo{address=host: "127.0.0.1"
port: 9018
, extent=Rectangle{minX=-750.0, minZ=-750.0, maxX=750.0, maxZ=750.0}, isLocal=true}], remoteServices=[]}
2017-11-21 16:06:00,149 INFO  [improbable.module.ModuleNode] [] [] [] : Waiting for 1 bridge service(s) to start.
2017-11-21 16:06:00,164 INFO  [i.c.a.e.ExtensibleActorReporter] [] [] [] : Started BridgeModuleActor(Actor[akka://akkaFabric/user/BridgeModule:e02135fc-c646-49be-9279-715414869acc#549545827]).
2017-11-21 16:06:00,180 INFO  [i.core.discovery.server.LocalServer] [] [] [] : Registered Service(improbable.fabric.internal.service.BridgeInternalService) on 127.0.0.1:9019.
2017-11-21 16:06:00,181 INFO  [i.module.bridge.BridgeModuleActor] [] [] [] : Waiting for BridgeModuleOracle service to be available
2017-11-21 16:06:00,190 INFO  [i.module.bridge.BridgeModuleActor] [] [] [] : Registered(BridgeModuleEndpoint(e02135fc-c646-49be-9279-715414869acc)) on BridgeModuleOracleService
2017-11-21 16:06:01,135 INFO  [i.c.d.g.GlobalServiceDiscoveryImpl] [] [] [] : Global service discovery refreshed 21 server(s) (previously: 20)
2017-11-21 16:06:01,135 INFO  [improbable.module.ModuleNode] [] [] [] : All 1 bridge service(s) have started.
2017-11-21 16:06:01,135 INFO  [improbable.module.ModuleNode] [] [] [] : Starting WorkerRunner service (EngineStartupModule)
2017-11-21 16:06:01,140 INFO  [improbable.worker.exec.WorkerStats] [] [] [] : Cannot read /proc/self/stat; worker stats reporting will not work.
2017-11-21 16:06:01,150 INFO  [i.core.discovery.server.PublicServer] [] [] [] : Registered Service(improbable.platform.inner.worker.WorkerRunner) on 127.0.0.1:9020.
2017-11-21 16:06:01,159 INFO  [i.core.discovery.server.LocalServer] [] [] [] : Registered Service(improbable.fabric.internal.service.ReceptionistInternalService) on 127.0.0.1:9021.
2017-11-21 16:06:01,166 INFO  [i.core.discovery.server.PublicServer] [] [] [] : Registered Service(improbable.platform.runtime.ReceptionistService) on 127.0.0.1:7777.
2017-11-21 16:06:01,166 INFO  [improbable.module.ModuleNode] [] [] [] : Starting InspectionRestModule
2017-11-21 16:06:01,167 INFO  [improbable.module.ModuleNode] [] [] [] : Starting ProfilingModule
2017-11-21 16:06:01,168 INFO  [i.c.d.client.CheckpointDiscoveryImpl] [] [] [] : Reached a checkpoint: ALL_MODULES_STARTED
2017-11-21 16:06:01,169 INFO  [improbable.module.ModuleNode] [] [] [] : All modules on this node started, waiting for other nodes to reach the same checkpoint.
2017-11-21 16:06:01,173 INFO  [i.c.a.e.ExtensibleActorReporter] [] [] [] : Started ProfilingModuleActor(Actor[akka://akkaFabric/user/ProfilingModule#-1762665952]).
2017-11-21 16:06:01,179 INFO  [i.core.discovery.server.LocalServer] [] [] [] : Registered Service(improbable.fabric.internal.debug.HeatmapCellCacheInternalService) on 127.0.0.1:9022.
2017-11-21 16:06:01,209 INFO  [i.core.discovery.server.PublicServer] [] [] [] : Registered Service(improbable.platform.runtime.InspectionService) on 127.0.0.1:9023.
2017-11-21 16:06:01,250 INFO  [i.c.a.e.ExtensibleActorReporter] [] [] [] : Started InspectionRestModuleActor(Actor[akka://akkaFabric/user/InspectionRestModule#1231083549]).
2017-11-21 16:06:01,275 INFO  [i.bridge.oracle.scaling.WorkerScaler] [] [] [] : Skipping reconciliation because no WorkerRunner service is available. This message is expected at startup but should not persist through the deployment
2017-11-21 16:06:01,583 INFO  [spray.can.server.HttpListener] [akka://akkaFabric/user/IO-HTTP/listener-0] [akkaFabric-akka.actor.default-dispatcher-4] [] : Bound to /0.0.0.0:5005
2017-11-21 16:06:02,163 INFO  [i.c.d.g.GlobalCheckpointDiscoveryImpl] [] [] [] : Global checkpoint discovery refreshed checkpoints.
2017-11-21 16:06:02,163 INFO  [improbable.module.ModuleNode] [] [] [] : All modules on all nodes have been started.
2017-11-21 16:06:02,164 INFO  [i.c.d.g.GlobalServiceDiscoveryImpl] [] [] [] : Global service discovery refreshed 26 server(s) (previously: 21)
2017-11-21 16:06:02,164 INFO  [improbable.module.ModuleNode] [] [] [] : Loading a snapshot.
2017-11-21 16:06:02,167 INFO  [i.g.c.r.LocalHeatmapCacheUpdater] [] [] [] : The chunk oracle failed to find the heatmap cell cache service in service discovery. It will try again later
java.lang.IllegalArgumentException: Could not find service with name: improbable.fabric.internal.debug.HeatmapCellCacheInternalService
	at improbable.core.discovery.ServiceDiscoveryImpl.getServiceAddressOrThrow(ServiceDiscoveryImpl.scala:225) ~[fabric__runtime_deploy.jar:na]
	at improbable.gsim.chunk.reporting.LocalHeatmapCacheUpdater.reportChunkCounts(LocalHeatmapCacheUpdater.java:93) ~[fabric__runtime_deploy.jar:na]
	at improbable.common.async.FabricListeningExecutorService.lambda$instrumentRunnable$0(FabricListeningExecutorService.java:133) ~[fabric__runtime_deploy.jar:na]
	at com.google.common.util.concurrent.MoreExecutors$ScheduledListeningDecorator$NeverSuccessfulListenableFutureTask.run(MoreExecutors.java:587) ~[fabric__runtime_deploy.jar:na]
	at java.util.concurrent.Executors$RunnableAdapter.call(Executors.java:511) ~[na:1.8.0_101]
	at java.util.concurrent.FutureTask.runAndReset(FutureTask.java:308) ~[na:1.8.0_101]
	at java.util.concurrent.ScheduledThreadPoolExecutor$ScheduledFutureTask.access$301(ScheduledThreadPoolExecutor.java:180) ~[na:1.8.0_101]
	at java.util.concurrent.ScheduledThreadPoolExecutor$ScheduledFutureTask.run(ScheduledThreadPoolExecutor.java:294) ~[na:1.8.0_101]
	at java.util.concurrent.ThreadPoolExecutor.runWorker(ThreadPoolExecutor.java:1142) ~[na:1.8.0_101]
	at java.util.concurrent.ThreadPoolExecutor$Worker.run(ThreadPoolExecutor.java:617) ~[na:1.8.0_101]
	at java.lang.Thread.run(Thread.java:745) ~[na:1.8.0_101]
2017-11-21 16:06:02,174 INFO  [i.p.g.GSimPersistenceLoadOrchestrator] [] [] [] : Loading snapshot on GSim(0).
2017-11-21 16:06:02,174 INFO  [i.p.s.storage.LegacySnapshotStorage] [] [] [] : Requesting download URL for Snapshot(local@latest) matching []
2017-11-21 16:06:02,178 INFO  [i.p.s.storage.LegacySnapshotStorage] [] [] [] : Downloading snapshot from http://127.0.0.1:21000/snapshots/20171121160546215
2017-11-21 16:06:02,181 INFO  [i.p.gsim.GSimPersistenceLoader] [] [] [] : Loading snapshot
2017-11-21 16:06:02,189 INFO  [i.p.g.GSimPersistenceLoadOrchestrator] [] [] [] : Loaded 1 entities on GSim(0).
2017-11-21 16:06:02,191 INFO  [i.p.c.PersistenceLoaderCoordinatorActor] [] [] [] : All Snapshots loaded.
2017-11-21 16:06:02,191 INFO  [improbable.module.ModuleNode] [] [] [] : Snapshot has been loaded.
2017-11-21 16:06:02,192 INFO  [improbable.module.ModuleNode] [] [] [] : Starting SnapshotService.
2017-11-21 16:06:02,203 INFO  [i.core.discovery.server.PublicServer] [] [] [] : Registered Service(improbable.platform.runtime.SnapshotService) on 127.0.0.1:9024.
2017-11-21 16:06:02,203 INFO  [i.c.d.client.CheckpointDiscoveryImpl] [] [] [] : Reached a checkpoint: LOAD_SNAPSHOT_FINISHED
2017-11-21 16:06:02,204 INFO  [improbable.module.ModuleNode] [] [] [] : SpatialOS runtime startup complete.
2017-11-21 16:06:02,241 INFO  [i.l.params.LoadbalancerParamsFactory] [] [] [] : LoadbalancerParams for worker type [UnityWorker]: [AutoHexGridLoadbalancerParams{energyLimitingEnabled=true, energyLimit=1.0E9, minWorkerRange=1500.0, maxWorkerRange=1500.0, maxWorkerStepSize=0.0, workerExpansionTimeMs=60000, workerGridSize=0, loadbalancerEnabled=false, hexGridMode=AUTO, scalerAdvisorType=CONSTANT, maxWorkers=1, initialWorkers=1, numEntitiesPerWorker=9223372036854775807, statusReportPeriodMs=30000, pointsOfInterestEnabled=false, hexGridSolution=AutoValue_HexGridSolution{workersUsed=1, hexagonEdgeLength=1500.0, hexagonOrientation=POINTY_TOP, bounds=Rectangle{minX=-750.0, minZ=-750.0, maxX=750.0, maxZ=750.0}}, pointsOfInterestSolution=Empty}]
2017-11-21 16:06:03,135 INFO  [i.c.d.g.GlobalCheckpointDiscoveryImpl] [] [] [] : Global checkpoint discovery refreshed checkpoints.
2017-11-21 16:06:03,136 INFO  [i.c.d.g.GlobalServiceDiscoveryImpl] [] [] [] : Global service discovery refreshed 27 server(s) (previously: 26)
2017-11-21 16:06:04,163 INFO  [i.b.o.m.BridgeOracleWorkerManager] [] [] [] : Trying to start managed worker UnityWorker0
2017-11-21 16:06:04,178 INFO  [i.bridge.oracle.scaling.WorkerScaler] [] [] [] : Starting 1 new managed workers for attribute_set {
  attribute: "physics"
}
 (required: 1, existing: 0)
2017-11-21 16:06:04,178 INFO  [i.worker.exec.WorkerStartupExecutor] [] [] [] : Awaiting internal receptionist service to register with service discovery
2017-11-21 16:06:04,181 INFO  [i.worker.exec.WorkerStartupExecutor] [] [] [] : Successfully found the internal receptionist service in service discovery
2017-11-21 16:06:04,185 INFO  [i.worker.exec.WorkerStartupExecutor] [] [] [] : Awaiting public receptionist service to register with service discovery
2017-11-21 16:06:04,186 INFO  [i.worker.exec.WorkerStartupExecutor] [] [] [] : Successfully found the public receptionist service in service discovery
2017-11-21 16:06:05,165 INFO  [i.worker.exec.WorkerStartupExecutor] [] [] [] : Created log file for worker UnityWorker0, type (UnityWorker): [C:\Users\Salvatore\Desktop\S.E\CUBEX\Game\logs\2017-11-21_16-05-47_0\workers\UnityWorker\UnityWorker0-4994171296673166354.log]
2017-11-21 16:06:05,166 INFO  [i.worker.exec.CommandLineExecutor] [] [] [] : Running command: C:\Users\SALVAT~1\AppData\Local\Temp\zip-downloader2591636137143149467\93c3a13563725a47ca8302050fae9ae3\UnityWorker@Windows.exe +projectName your_project_name_here +receptionistIp 127.0.0.1 +receptionistPort 7777 +workerType UnityWorker +workerId UnityWorker0 +useInternalIpForBridge true +infraServicesUrl http://127.0.0.1:21000 +assemblyName local_assembly +linkProtocol RakNet -logfile C:\Users\Salvatore\Desktop\S.E\CUBEX\Game\logs\2017-11-21_16-05-47_0\workers\UnityWorker\UnityWorker0-4994171296673166354.log -batchmode -nographics
2017-11-21 16:06:08,052 INFO  [i.b.s.BridgeServicePicker] [] [] [] : Attempting to get positionHint for UnityWorker0 via rpc
2017-11-21 16:06:08,058 INFO  [i.b.s.BridgeServicePicker] [] [] [] : Selected legacy_guid: "e02135fc-c646-49be-9279-715414869acc"
address {
  host: "127.0.0.1"
  port: 9019
}
 with position  which is the nearest bridge service to position (0.0, 0.0, 0.0)
2017-11-21 16:06:08,063 INFO  [i.m.b.o.m.BridgeModuleOracleActor] [] [] [] : BridgeServicePicker returned module Optional[legacy_guid: "e02135fc-c646-49be-9279-715414869acc"
address {
  host: "127.0.0.1"
  port: 9019
}
] with load Optional[BridgeModuleLoadBalanceInfo((0.0, 0.0, 0.0),0)].get().toString() for Engine(UnityWorker0)
2017-11-21 16:06:08,347 INFO  [i.b.i.BridgeInternalServiceImpl] [] [] [] : Bridge worker_id: "UnityWorker0"
 registered with bridge internal service
2017-11-21 16:06:08,385 INFO  [i.b.o.s.BridgeOracleInternalServiceImpl] [] [] [] : Got bridge started rpc from bridge: worker_id: "UnityWorker0"

2017-11-21 16:06:08,385 INFO  [i.b.o.s.BridgeOracleInternalServiceImpl] [] [] [] : The worker UnityWorker0 registered with SpatialOS successfully.
2017-11-21 16:06:08,385 INFO  [i.module.bridge.oracle.BridgeOracle] [] [] [] : Sending bridge started to self for bridge endpoint BridgeOracleEndpoint
2017-11-21 16:06:08,392 INFO  [i.module.bridge.oracle.BridgeOracle] [] [] [] : Bridge(UnityWorker0) started.
2017-11-21 16:06:08,401 INFO  [i.b.o.m.BridgeOracleWorkerManager] [] [] [] : Worker UnityWorker0 registered with the BridgeOracleWorker manager
2017-11-21 16:06:09,065 INFO  [i.b.n.raknet.GuardedRakPeerInterface] [] [] [] : New RakNet connection established with 127.0.0.1
2017-11-21 16:06:11,753 INFO  [i.b.s.BridgeServicePicker] [] [] [] : Attempting to get positionHint for UnityClient862a1a85-76d9-4f1a-84f7-3642efe1a194 via rpc
2017-11-21 16:06:11,756 INFO  [i.b.s.BridgeServicePicker] [] [] [] : Starting UnityClient862a1a85-76d9-4f1a-84f7-3642efe1a194 without a position hint, so using a random bridge service
2017-11-21 16:06:11,756 INFO  [i.m.b.o.m.BridgeModuleOracleActor] [] [] [] : BridgeServicePicker returned module Optional[legacy_guid: "e02135fc-c646-49be-9279-715414869acc"
address {
  host: "127.0.0.1"
  port: 9019
}
] with load Optional[BridgeModuleLoadBalanceInfo((0.0, 0.0, 0.0),1)].get().toString() for Engine(UnityClient862a1a85-76d9-4f1a-84f7-3642efe1a194)
2017-11-21 16:06:11,782 INFO  [i.l.params.LoadbalancerParamsFactory] [] [] [] : LoadbalancerParams for worker type [UnityClient]: [FlagzLoadbalancerParams{energyLimitingEnabled=true, energyLimit=1.0E9, minWorkerRange=Infinity, maxWorkerRange=Infinity, maxWorkerStepSize=50.0, workerExpansionTimeMs=60000, workerGridSize=5, loadbalancerEnabled=true, hexGridMode=OFF, scalerAdvisorType=ENTITY_COUNT, maxWorkers=25, initialWorkers=25, numEntitiesPerWorker=9223372036854775807, statusReportPeriodMs=2000, pointsOfInterestEnabled=false, hexGridSolution=Empty, pointsOfInterestSolution=Empty}]
2017-11-21 16:06:11,787 INFO  [i.b.i.BridgeInternalServiceImpl] [] [] [] : Bridge worker_id: "UnityClient862a1a85-76d9-4f1a-84f7-3642efe1a194"
 registered with bridge internal service
2017-11-21 16:06:11,788 INFO  [i.b.o.s.BridgeOracleInternalServiceImpl] [] [] [] : Got bridge started rpc from bridge: worker_id: "UnityClient862a1a85-76d9-4f1a-84f7-3642efe1a194"

2017-11-21 16:06:11,789 INFO  [i.b.o.s.BridgeOracleInternalServiceImpl] [] [] [] : The worker UnityClient862a1a85-76d9-4f1a-84f7-3642efe1a194 registered with SpatialOS successfully.
2017-11-21 16:06:11,789 INFO  [i.module.bridge.oracle.BridgeOracle] [] [] [] : Sending bridge started to self for bridge endpoint BridgeOracleEndpoint
2017-11-21 16:06:11,789 INFO  [i.module.bridge.oracle.BridgeOracle] [] [] [] : Bridge(UnityClient862a1a85-76d9-4f1a-84f7-3642efe1a194) started.
2017-11-21 16:06:12,385 INFO  [i.b.n.raknet.GuardedRakPeerInterface] [] [] [] : New RakNet connection established with 127.0.0.1
2017-11-21 16:07:12,138 INFO  [i.b.s.BridgeServicePicker] [] [] [] : Attempting to get positionHint for UnityClient8c16ebce-3c6b-43c4-a455-a7d9243e6f6e via rpc
2017-11-21 16:07:12,172 INFO  [i.b.s.BridgeServicePicker] [] [] [] : Starting UnityClient8c16ebce-3c6b-43c4-a455-a7d9243e6f6e without a position hint, so using a random bridge service
2017-11-21 16:07:12,173 INFO  [i.m.b.o.m.BridgeModuleOracleActor] [] [] [] : BridgeServicePicker returned module Optional[legacy_guid: "e02135fc-c646-49be-9279-715414869acc"
address {
  host: "127.0.0.1"
  port: 9019
}
] with load Optional[BridgeModuleLoadBalanceInfo((0.0, 0.0, 0.0),2)].get().toString() for Engine(UnityClient8c16ebce-3c6b-43c4-a455-a7d9243e6f6e)
2017-11-21 16:07:12,343 INFO  [i.b.i.BridgeInternalServiceImpl] [] [] [] : Bridge worker_id: "UnityClient8c16ebce-3c6b-43c4-a455-a7d9243e6f6e"
 registered with bridge internal service
2017-11-21 16:07:12,345 INFO  [i.b.o.s.BridgeOracleInternalServiceImpl] [] [] [] : Got bridge started rpc from bridge: worker_id: "UnityClient8c16ebce-3c6b-43c4-a455-a7d9243e6f6e"

2017-11-21 16:07:12,346 INFO  [i.b.o.s.BridgeOracleInternalServiceImpl] [] [] [] : The worker UnityClient8c16ebce-3c6b-43c4-a455-a7d9243e6f6e registered with SpatialOS successfully.
2017-11-21 16:07:12,346 INFO  [i.module.bridge.oracle.BridgeOracle] [] [] [] : Sending bridge started to self for bridge endpoint BridgeOracleEndpoint
2017-11-21 16:07:12,346 INFO  [i.module.bridge.oracle.BridgeOracle] [] [] [] : Bridge(UnityClient8c16ebce-3c6b-43c4-a455-a7d9243e6f6e) started.
2017-11-21 16:07:12,943 INFO  [i.b.n.raknet.GuardedRakPeerInterface] [] [] [] : New RakNet connection established with 127.0.0.1
2017-11-21 16:07:59,996 INFO  [i.b.n.BridgeActorTransportLinkListener] [] [] [] : TransportLinkListener(UnityClient862a1a85-76d9-4f1a-84f7-3642efe1a194) sending Disconnected to akka://akkaFabric/user/BridgeModule:e02135fc-c646-49be-9279-715414869acc/BridgeActor-UnityClient862a1a85-76d9-4f1a-84f7-3642efe1a194
2017-11-21 16:07:59,999 INFO  [i.b.n.raknet.reporter.RakNetReporter] [] [] [] : Tried to send to RakNet(UnityClient) on Port(7001)3 after closing. Payload: component_update {
  entity_id: 2
  component_id: 54
  entity_co... (Logged every 1000 times)
2017-11-21 16:08:00,008 INFO  [i.b.i.BridgeInternalServiceImpl] [] [] [] : Bridge worker_id: "UnityClient862a1a85-76d9-4f1a-84f7-3642efe1a194"
 unregistered with bridge internal service
2017-11-21 16:08:00,008 INFO  [improbable.bridge.BridgeActor] [] [] [] : Bridge(UnityClient862a1a85-76d9-4f1a-84f7-3642efe1a194) on BridgeModuleEndpoint(e02135fc-c646-49be-9279-715414869acc) stopped.
2017-11-21 16:08:00,019 INFO  [i.module.bridge.oracle.BridgeOracle] [] [] [] : Sending bridge stopped to self for bridge endpoint BridgeEndpoint(UnityClient862a1a85-76d9-4f1a-84f7-3642efe1a194)
2017-11-21 16:08:00,024 INFO  [akka.actor.LocalActorRef] [akka://akkaFabric/user/BridgeModule:e02135fc-c646-49be-9279-715414869acc/BridgeActor-UnityClient862a1a85-76d9-4f1a-84f7-3642efe1a194] [akkaFabric-akka.actor.default-dispatcher-2] [] : Message [improbable.fabric.internal.pubsub.PubSubMessageProto$PubSubMessage] from Actor[akka://akkaFabric/user/BridgeModule:e02135fc-c646-49be-9279-715414869acc/BridgeActor-UnityClient862a1a85-76d9-4f1a-84f7-3642efe1a194#604886810] to Actor[akka://akkaFabric/user/BridgeModule:e02135fc-c646-49be-9279-715414869acc/BridgeActor-UnityClient862a1a85-76d9-4f1a-84f7-3642efe1a194#604886810] was not delivered. [1] dead letters encountered. This logging can be turned off or adjusted with configuration settings 'akka.log-dead-letters' and 'akka.log-dead-letters-during-shutdown'.
2017-11-21 16:08:00,025 INFO  [i.module.bridge.oracle.BridgeOracle] [] [] [] : Bridge(UnityClient862a1a85-76d9-4f1a-84f7-3642efe1a194) stopped.
2017-11-21 16:08:00,032 INFO  [akka.actor.LocalActorRef] [akka://akkaFabric/user/BridgeModule:e02135fc-c646-49be-9279-715414869acc/BridgeActor-UnityClient862a1a85-76d9-4f1a-84f7-3642efe1a194] [akkaFabric-akka.actor.default-dispatcher-2] [] : Message [improbable.fabric.internal.pubsub.PubSubMessageProto$PubSubMessage] from Actor[akka://akkaFabric/user/BridgeModule:e02135fc-c646-49be-9279-715414869acc/BridgeActor-UnityClient862a1a85-76d9-4f1a-84f7-3642efe1a194#604886810] to Actor[akka://akkaFabric/user/BridgeModule:e02135fc-c646-49be-9279-715414869acc/BridgeActor-UnityClient862a1a85-76d9-4f1a-84f7-3642efe1a194#604886810] was not delivered. [2] dead letters encountered. This logging can be turned off or adjusted with configuration settings 'akka.log-dead-letters' and 'akka.log-dead-letters-during-shutdown'.
2017-11-21 16:08:00,788 INFO  [akka.actor.DeadLetterActorRef] [akka://akkaFabric/deadLetters] [akkaFabric-akka.actor.default-dispatcher-47] [] : Message [improbable.bridge.message.BridgeViewStatusRequest] from Actor[akka://akkaFabric/deadLetters] to Actor[akka://akkaFabric/deadLetters] was not delivered. [3] dead letters encountered. This logging can be turned off or adjusted with configuration settings 'akka.log-dead-letters' and 'akka.log-dead-letters-during-shutdown'.
2017-11-21 16:08:01,788 INFO  [akka.actor.DeadLetterActorRef] [akka://akkaFabric/deadLetters] [akkaFabric-akka.actor.default-dispatcher-47] [] : Message [improbable.bridge.message.BridgeViewStatusRequest] from Actor[akka://akkaFabric/deadLetters] to Actor[akka://akkaFabric/deadLetters] was not delivered. [4] dead letters encountered. This logging can be turned off or adjusted with configuration settings 'akka.log-dead-letters' and 'akka.log-dead-letters-during-shutdown'.
2017-11-21 16:08:02,787 INFO  [akka.actor.DeadLetterActorRef] [akka://akkaFabric/deadLetters] [akkaFabric-akka.actor.default-dispatcher-47] [] : Message [improbable.bridge.message.BridgeViewStatusRequest] from Actor[akka://akkaFabric/deadLetters] to Actor[akka://akkaFabric/deadLetters] was not delivered. [5] dead letters encountered. This logging can be turned off or adjusted with configuration settings 'akka.log-dead-letters' and 'akka.log-dead-letters-during-shutdown'.
2017-11-21 16:08:03,290 INFO  [i.b.n.BridgeActorTransportLinkListener] [] [] [] : TransportLinkListener(UnityClient8c16ebce-3c6b-43c4-a455-a7d9243e6f6e) sending Disconnected to akka://akkaFabric/user/BridgeModule:e02135fc-c646-49be-9279-715414869acc/BridgeActor-UnityClient8c16ebce-3c6b-43c4-a455-a7d9243e6f6e
2017-11-21 16:08:03,293 INFO  [i.b.i.BridgeInternalServiceImpl] [] [] [] : Bridge worker_id: "UnityClient8c16ebce-3c6b-43c4-a455-a7d9243e6f6e"
 unregistered with bridge internal service
2017-11-21 16:08:03,294 INFO  [improbable.bridge.BridgeActor] [] [] [] : Bridge(UnityClient8c16ebce-3c6b-43c4-a455-a7d9243e6f6e) on BridgeModuleEndpoint(e02135fc-c646-49be-9279-715414869acc) stopped.
2017-11-21 16:08:03,294 INFO  [i.module.bridge.oracle.BridgeOracle] [] [] [] : Sending bridge stopped to self for bridge endpoint BridgeEndpoint(UnityClient8c16ebce-3c6b-43c4-a455-a7d9243e6f6e)
2017-11-21 16:08:03,296 INFO  [i.module.bridge.oracle.BridgeOracle] [] [] [] : Bridge(UnityClient8c16ebce-3c6b-43c4-a455-a7d9243e6f6e) stopped.
2017-11-21 16:08:03,343 INFO  [akka.actor.DeadLetterActorRef] [akka://akkaFabric/deadLetters] [akkaFabric-akka.actor.default-dispatcher-47] [] : Message [improbable.bridge.message.BridgeViewStatusRequest] from Actor[akka://akkaFabric/deadLetters] to Actor[akka://akkaFabric/deadLetters] was not delivered. [6] dead letters encountered. This logging can be turned off or adjusted with configuration settings 'akka.log-dead-letters' and 'akka.log-dead-letters-during-shutdown'.
2017-11-21 16:08:03,789 INFO  [akka.actor.DeadLetterActorRef] [akka://akkaFabric/deadLetters] [akkaFabric-akka.actor.default-dispatcher-47] [] : Message [improbable.bridge.message.BridgeViewStatusRequest] from Actor[akka://akkaFabric/deadLetters] to Actor[akka://akkaFabric/deadLetters] was not delivered. [7] dead letters encountered. This logging can be turned off or adjusted with configuration settings 'akka.log-dead-letters' and 'akka.log-dead-letters-during-shutdown'.
2017-11-21 16:08:04,343 INFO  [akka.actor.DeadLetterActorRef] [akka://akkaFabric/deadLetters] [akkaFabric-akka.actor.default-dispatcher-47] [] : Message [improbable.bridge.message.BridgeViewStatusRequest] from Actor[akka://akkaFabric/deadLetters] to Actor[akka://akkaFabric/deadLetters] was not delivered. [8] dead letters encountered. This logging can be turned off or adjusted with configuration settings 'akka.log-dead-letters' and 'akka.log-dead-letters-during-shutdown'.
2017-11-21 16:08:04,787 INFO  [akka.actor.DeadLetterActorRef] [akka://akkaFabric/deadLetters] [akkaFabric-akka.actor.default-dispatcher-47] [] : Message [improbable.bridge.message.BridgeViewStatusRequest] from Actor[akka://akkaFabric/deadLetters] to Actor[akka://akkaFabric/deadLetters] was not delivered. [9] dead letters encountered. This logging can be turned off or adjusted with configuration settings 'akka.log-dead-letters' and 'akka.log-dead-letters-during-shutdown'.
2017-11-21 16:08:05,343 INFO  [akka.actor.DeadLetterActorRef] [akka://akkaFabric/deadLetters] [akkaFabric-akka.actor.default-dispatcher-47] [] : Message [improbable.bridge.message.BridgeViewStatusRequest] from Actor[akka://akkaFabric/deadLetters] to Actor[akka://akkaFabric/deadLetters] was not delivered. [10] dead letters encountered, no more dead letters will be logged. This logging can be turned off or adjusted with configuration settings 'akka.log-dead-letters' and 'akka.log-dead-letters-during-shutdown'.
2017-11-21 16:09:16,438 INFO  [i.c.discovery.ServiceDiscoveryImpl] [] [] [] : Shutting down all services
2017-11-21 16:09:16,442 INFO  [i.core.discovery.server.LocalServer] [] [] [] : Stopped Service(improbable.fabric.internal.service.StatusDiscoveryInternalService) on 127.0.0.1:5301.
2017-11-21 16:09:16,443 INFO  [i.core.discovery.server.PublicServer] [] [] [] : Stopped Service(improbable.platform.runtime.ModuleService) on 127.0.0.1:9000.
2017-11-21 16:09:16,443 INFO  [i.core.discovery.server.PublicServer] [] [] [] : Stopped Service(improbable.platform.runtime.HealthCheckService) on 127.0.0.1:9001.
2017-11-21 16:09:16,446 INFO  [i.core.discovery.server.LocalServer] [] [] [] : Stopped Service(improbable.fabric.internal.service.PerfInternalService) on 127.0.0.1:9002.
2017-11-21 16:09:16,446 INFO  [i.core.discovery.server.LocalServer] [] [] [] : Stopped Service(improbable.fabric.internal.service.ContentionInternalService) on 127.0.0.1:9003.
2017-11-21 16:09:16,447 INFO  [i.core.discovery.server.PublicServer] [] [] [] : Stopped Service(improbable.platform.runtime.FeatureService) on 127.0.0.1:9004.
2017-11-21 16:09:16,448 INFO  [i.core.discovery.server.LocalServer] [] [] [] : Stopped Service(improbable.fabric.internal.service.NodeConfigurationInternalService) on 127.0.0.1:9005.
2017-11-21 16:09:16,448 INFO  [i.core.discovery.server.LocalServer] [] [] [] : Stopped Service(improbable.fabric.internal.service.WorldExtentsInternalService) on 127.0.0.1:9006.
2017-11-21 16:09:16,450 INFO  [i.core.discovery.server.LocalServer] [] [] [] : Stopped Service(improbable.fabric.internal.service.EntityIdInternalService) on 127.0.0.1:9007.
2017-11-21 16:09:16,451 INFO  [i.core.discovery.server.LocalServer] [] [] [] : Stopped Service(improbable.fabric.internal.service.WorkerPrestartRegistryInternalService) on 127.0.0.1:9008.
2017-11-21 16:09:16,453 INFO  [i.core.discovery.server.LocalServer] [] [] [] : Stopped Service(improbable.fabric.internal.service.RouterLookupInternalService) on 127.0.0.1:9009.
2017-11-21 16:09:16,455 INFO  [i.core.discovery.server.LocalServer] [] [] [] : Stopped Service(improbable.fabric.internal.service.RouterInternalService) on 127.0.0.1:9010.
2017-11-21 16:09:16,456 INFO  [i.core.discovery.server.LocalServer] [] [] [] : Stopped Service(improbable.fabric.internal.service.RemoteMessageInternalService) on 127.0.0.1:9011.
2017-11-21 16:09:16,459 INFO  [i.core.discovery.server.LocalServer] [] [] [] : Stopped Service(improbable.fabric.internal.service.LocalBrokerInternalService) on 127.0.0.1:9012.
2017-11-21 16:09:16,465 INFO  [i.core.discovery.server.LocalServer] [] [] [] : Stopped Service(improbable.fabric.internal.service.BridgeOracleInternalService) on 127.0.0.1:9013.
2017-11-21 16:09:16,467 INFO  [i.core.discovery.server.LocalServer] [] [] [] : Stopped Service(improbable.fabric.internal.service.GlobalBrokerInternalService) on 127.0.0.1:9014.
2017-11-21 16:09:16,471 INFO  [i.core.discovery.server.LocalServer] [] [] [] : Stopped Service(improbable.fabric.internal.service.BridgeServiceOracleInternalService) on 127.0.0.1:9015.
2017-11-21 16:09:16,471 INFO  [i.core.discovery.server.LocalServer] [] [] [] : Stopped Service(improbable.fabric.internal.service.LocalSnapshotInternalService) on 127.0.0.1:9016.
2017-11-21 16:09:16,474 INFO  [i.core.discovery.server.PublicServer] [] [] [] : Stopped Service(improbable.fabric.internal.service.ScalingStatsInternalService) on 127.0.0.1:9017.
2017-11-21 16:09:16,475 INFO  [i.core.discovery.server.LocalServer] [] [] [] : Stopped Service(improbable.fabric.internal.service.EntityQueryInternalService) on 127.0.0.1:9018.
2017-11-21 16:09:16,478 INFO  [i.core.discovery.server.LocalServer] [] [] [] : Stopped Service(improbable.fabric.internal.service.BridgeInternalService) on 127.0.0.1:9019.
2017-11-21 16:09:16,479 INFO  [i.core.discovery.server.PublicServer] [] [] [] : Stopped Service(improbable.platform.inner.worker.WorkerRunner) on 127.0.0.1:9020.
2017-11-21 16:09:16,481 INFO  [i.core.discovery.server.LocalServer] [] [] [] : Stopped Service(improbable.fabric.internal.service.ReceptionistInternalService) on 127.0.0.1:9021.
2017-11-21 16:09:16,482 INFO  [i.core.discovery.server.PublicServer] [] [] [] : Stopped Service(improbable.platform.runtime.ReceptionistService) on 127.0.0.1:7777.
