2017-11-30 15:17:37,566 INFO  [i.deployment.InternalGameLauncher] [] [] [] : Parsed 353 internal flags at startup
2017-11-30 15:17:37,700 INFO  [i.deployment.InternalGameLauncher] [] [] [] : SpatialOS runtime version: 11-20171129T133416Z-20e0e7c
2017-11-30 15:17:37,845 INFO  [i.c.c.f.FlagzFieldRegistryUpdater] [] [] [] : Initialized Fabric flagz registry with 11 set fields.
2017-11-30 15:17:38,938 INFO  [i.core.discovery.server.LocalServer] [] [] [] : Registered Service(improbable.fabric.internal.service.StatusDiscoveryInternalService) on 127.0.0.1:5301.
2017-11-30 15:17:38,943 INFO  [i.c.discovery.ServiceDiscoveryImpl] [] [] [] : Status discovery address: host: "127.0.0.1"
port: 5301

2017-11-30 15:17:38,946 INFO  [improbable.module.ModuleNode] [] [] [] : Starting Fabric node as master (IP: 127.0.0.1).
2017-11-30 15:17:38,953 INFO  [i.c.d.client.CheckpointDiscoveryImpl] [] [] [] : Reached a checkpoint: ALL_NODES_STARTED
2017-11-30 15:17:38,954 INFO  [improbable.module.ModuleNode] [] [] [] : Node master has started, waiting for other nodes to reach the same checkpoint.
2017-11-30 15:17:38,954 INFO  [improbable.module.ModuleNode] [] [] [] : All nodes have been started.
2017-11-30 15:17:38,959 INFO  [i.core.discovery.server.PublicServer] [] [] [] : Registered Service(improbable.platform.runtime.ModuleService) on 127.0.0.1:9000.
2017-11-30 15:17:38,965 INFO  [i.core.discovery.server.PublicServer] [] [] [] : Registered Service(improbable.platform.runtime.HealthCheckService) on 127.0.0.1:9001.
2017-11-30 15:17:38,971 INFO  [i.core.discovery.server.LocalServer] [] [] [] : Registered Service(improbable.fabric.internal.service.PerfInternalService) on 127.0.0.1:9002.
2017-11-30 15:17:38,976 INFO  [i.core.discovery.server.LocalServer] [] [] [] : Registered Service(improbable.fabric.internal.service.ContentionInternalService) on 127.0.0.1:9003.
2017-11-30 15:17:38,989 INFO  [i.core.discovery.server.PublicServer] [] [] [] : Registered Service(improbable.platform.runtime.FeatureService) on 127.0.0.1:9004.
2017-11-30 15:17:39,007 INFO  [i.c.config.flagz.WorkerFlagzUpdater] [] [] [] : Initialized worker flagz registry with 0 set fields.
2017-11-30 15:17:39,008 INFO  [improbable.module.ModuleNode] [] [] [] : Using master node configuration loader.
2017-11-30 15:17:39,019 INFO  [i.core.discovery.server.LocalServer] [] [] [] : Registered Service(improbable.fabric.internal.service.NodeConfigurationInternalService) on 127.0.0.1:9005.
2017-11-30 15:17:39,033 INFO  [i.c.c.n.MasterNodeConfigurationLoader] [] [] [] : Using roles [MASTER, GSIM, BRIDGE, WORKER_RUNNER, INSPECTION] for node node_id {
  deployment_id {
    project_id {
      name: "beta_oscar_bacon_891"
    }
    name: "local"
  }
  name: "master"
}
private_ip: "127.0.0.1"
roles: MASTER
roles: GSIM
roles: BRIDGE
roles: WORKER_RUNNER
roles: INSPECTION

2017-11-30 15:17:39,046 INFO  [improbable.core.config.node.GsimGrid] [] [] [] : Created gsim grid configuration of size (1500, 1500) with 1 columns and 1 rows, using gsims of (30, 30) chunks.
2017-11-30 15:17:39,055 INFO  [i.c.c.n.MasterNodeConfigurationLoader] [] [] [] : Original deployment module configuration (before parsing): {deployment_id {
  project_id {
    name: "beta_oscar_bacon_891"
  }
  name: "local"
}
name: "master"
=[ProfilingModule, BridgeModuleOracleModule, BridgeOracleModule, PersistenceModule, ReceptionistModule, RouterModule, GSimModule, BridgeModule, EngineStartupModule, InspectionRestModule]}
2017-11-30 15:17:39,067 INFO  [i.c.c.n.MasterNodeConfigurationLoader] [] [] [] : Master successfully loaded configurations for 1 node(s).
2017-11-30 15:17:39,072 INFO  [improbable.module.ModuleNode] [] [] [] : Loaded node configuration: node_id {
  deployment_id {
    project_id {
      name: "beta_oscar_bacon_891"
    }
    name: "local"
  }
  name: "master"
}
gsim_configurations {
  extent {
    bottom_left {
      x_in_chunks: -15
      z_in_chunks: -15
    }
    top_right {
      x_in_chunks: 15
      z_in_chunks: 15
    }
  }
}
start_router: true
start_bridge_oracle: true
start_bridge_module_oracle: true
start_engine_startup_module: true
start_receptionist_service: true
start_inspection_rest_module: true
start_snapshot_service: true
start_profiling_module: true
bridge_modules: "BridgeModule"
gsim_modules: "GSimModule"

2017-11-30 15:17:39,072 INFO  [improbable.module.ModuleNode] [] [] [] : Using master world extents provider.
2017-11-30 15:17:39,082 INFO  [i.core.discovery.server.LocalServer] [] [] [] : Registered Service(improbable.fabric.internal.service.WorldExtentsInternalService) on 127.0.0.1:9006.
2017-11-30 15:17:39,083 INFO  [i.c.world.MasterWorldExtentsProvider] [] [] [] : Successfully initialized world extents with 1 rectangle(s).
2017-11-30 15:17:39,086 INFO  [improbable.module.ModuleNode] [] [] [] : Loaded world extents: WorldExtents{proto=rectangles {
  bottom_left {
    x: -750.0
    z: -750.0
  }
  top_right {
    x: 750.0
    z: 750.0
  }
  is_fully_simulated: true
  responsible_gsim_id {
  }
}
bounding_rectangle {
  bottom_left {
    x: -750.0
    z: -750.0
  }
  top_right {
    x: 750.0
    z: 750.0
  }
  is_fully_simulated: true
}
}
2017-11-30 15:17:39,182 INFO  [i.e.schema.ParsedFileDescriptorSet] [] [] [] : Parsed file descriptors of 15 proto files.
2017-11-30 15:17:39,208 INFO  [i.entity.schema.SchemaFactory] [] [] [] : Found components: [improbable.core.Rotation, improbable.core.PlayerData, improbable.player.Score, improbable.EntityAcl, improbable.Metadata, improbable.Position, improbable.Persistence, improbable.player.Status, improbable.core.PlayerCreation, improbable.player.PlayerInput, improbable.core.ClientAuthorityCheck, improbable.player.ClientConnection, improbable.player.Health]
2017-11-30 15:17:39,214 INFO  [i.entity.schema.SchemaFactory] [] [] [] : Found components: [improbable.EntityAcl, improbable.Metadata, improbable.Position, improbable.Persistence, improbable.internal.EntityAuthority, improbable.core.PlayerCreation, improbable.player.PlayerInput, improbable.player.Score, improbable.core.Rotation, improbable.player.ClientConnection, improbable.core.ClientAuthorityCheck, improbable.core.PlayerData, improbable.player.Status, improbable.player.Health]
2017-11-30 15:17:39,215 INFO  [improbable.module.ModuleNode] [] [] [] : Successfully loaded schema for entities
2017-11-30 15:17:39,216 INFO  [improbable.module.ModuleNode] [] [] [] : Validating snapshot at startup and determining max entity id
2017-11-30 15:17:39,220 INFO  [i.p.s.storage.LegacySnapshotStorage] [] [] [] : Requesting download URL for Snapshot(local@latest) matching []
2017-11-30 15:17:39,232 INFO  [i.p.s.storage.LegacySnapshotStorage] [] [] [] : Downloading snapshot from http://127.0.0.1:21000/snapshots/20171130151732914
2017-11-30 15:17:39,267 INFO  [improbable.module.ModuleNode] [] [] [] : Determined the first entity id for the id assigner as 47
2017-11-30 15:17:39,271 INFO  [i.core.discovery.server.LocalServer] [] [] [] : Registered Service(improbable.fabric.internal.service.EntityIdInternalService) on 127.0.0.1:9007.
2017-11-30 15:17:39,286 INFO  [i.core.discovery.server.LocalServer] [] [] [] : Registered Service(improbable.fabric.internal.service.WorkerPrestartRegistryInternalService) on 127.0.0.1:9008.
2017-11-30 15:17:39,292 INFO  [i.core.discovery.server.LocalServer] [] [] [] : Registered Service(improbable.fabric.internal.service.RouterLookupInternalService) on 127.0.0.1:9009.
2017-11-30 15:17:39,292 INFO  [i.module.router.ActorSystemFactory$] [] [] [] : Attempting to create ActorSystem akkaFabric with configRecord akkaFabric
2017-11-30 15:17:39,534 INFO  [akka.event.slf4j.Slf4jLogger] [] [] [] : Slf4jLogger started
2017-11-30 15:17:39,915 INFO  [i.c.d.g.GlobalCheckpointDiscoveryImpl] [] [] [] : Global checkpoint discovery refreshed checkpoints.
2017-11-30 15:17:39,915 INFO  [i.c.d.g.GlobalServiceDiscoveryImpl] [] [] [] : Global service discovery refreshed 11 server(s) (previously: 0)
2017-11-30 15:17:40,372 INFO  [i.l.params.LoadbalancerParamsFactory] [] [] [] : Parsed 1 worker loadbalancing configuration(s)
2017-11-30 15:17:40,374 INFO  [i.l.params.LoadbalancerParamsFactory] [] [] [] : Successfully loaded loadbalancing configurations: {UnityWorker=improbable.loadbalancing.params.AutoHexGridLoadbalancerParams@78e73f67}
2017-11-30 15:17:40,443 INFO  [i.w.a.WorkerAssemblyProviderFactory] [] [] [] : Loaded worker assemblies for these workers types: UnityClient, UnityWorker.
2017-11-30 15:17:40,445 INFO  [improbable.module.ModuleNode] [] [] [] : Loaded worker assemblies: [worker_assembly_id {
  assembly_id {
    project_id {
      name: "beta_oscar_bacon_891"
    }
    name: "local_assembly"
  }
  name {
    name: "UnityClient"
  }
}
bridge_configuration {
  worker_attribute_set {
    attribute {
      name: "visual"
    }
  }
  entity_interest {
    range_entity_interest {
      radius: 200.0
    }
  }
  component_delivery {
    checkout_all_initially: true
  }
}
, worker_assembly_id {
  assembly_id {
    project_id {
      name: "beta_oscar_bacon_891"
    }
    name: "local_assembly"
  }
  name {
    name: "UnityWorker"
  }
}
worker_launch_configuration {
  platform: WINDOWS
  worker_zip {
    command: "UnityWorker@Windows.exe"
    argument: "+projectName"
    argument: "${IMPROBABLE_PROJECT_NAME}"
    argument: "+receptionistIp"
    argument: "${IMPROBABLE_RECEPTIONIST_HOST}"
    argument: "+receptionistPort"
    argument: "${IMPROBABLE_RECEPTIONIST_PORT}"
    argument: "+workerType"
    argument: "${IMPROBABLE_WORKER_NAME}"
    argument: "+workerId"
    argument: "${IMPROBABLE_WORKER_ID}"
    argument: "+useInternalIpForBridge"
    argument: "true"
    argument: "+infraServicesUrl"
    argument: "${IMPROBABLE_API_URL}"
    argument: "+assemblyName"
    argument: "${IMPROBABLE_ASSEMBLY_NAME}"
    argument: "+linkProtocol"
    argument: "RakNet"
    argument: "-logfile"
    argument: "${IMPROBABLE_LOG_FILE}"
    argument: "-batchmode"
    argument: "-nographics"
    worker_location {
      filename: "UnityWorker@Windows.zip"
    }
  }
}
worker_launch_configuration {
  platform: MACOS
  worker_zip {
    command: "UnityWorker@Mac.app/Contents/MacOS/UnityWorker@Mac"
    argument: "+projectName"
    argument: "${IMPROBABLE_PROJECT_NAME}"
    argument: "+receptionistIp"
    argument: "${IMPROBABLE_RECEPTIONIST_HOST}"
    argument: "+receptionistPort"
    argument: "${IMPROBABLE_RECEPTIONIST_PORT}"
    argument: "+workerType"
    argument: "${IMPROBABLE_WORKER_NAME}"
    argument: "+workerId"
    argument: "${IMPROBABLE_WORKER_ID}"
    argument: "+useInternalIpForBridge"
    argument: "true"
    argument: "+infraServicesUrl"
    argument: "${IMPROBABLE_API_URL}"
    argument: "+assemblyName"
    argument: "${IMPROBABLE_ASSEMBLY_NAME}"
    argument: "+linkProtocol"
    argument: "RakNet"
    argument: "-logfile"
    argument: "${IMPROBABLE_LOG_FILE}"
    argument: "-batchmode"
    argument: "-nographics"
    worker_location {
      filename: "UnityWorker@Mac.zip"
    }
  }
}
worker_launch_configuration {
  platform: LINUX
  worker_zip {
    command: "UnityWorker@Linux"
    argument: "+projectName"
    argument: "${IMPROBABLE_PROJECT_NAME}"
    argument: "+receptionistIp"
    argument: "${IMPROBABLE_RECEPTIONIST_HOST}"
    argument: "+receptionistPort"
    argument: "${IMPROBABLE_RECEPTIONIST_PORT}"
    argument: "+workerType"
    argument: "${IMPROBABLE_WORKER_NAME}"
    argument: "+workerId"
    argument: "${IMPROBABLE_WORKER_ID}"
    argument: "+useInternalIpForBridge"
    argument: "true"
    argument: "+infraServicesUrl"
    argument: "${IMPROBABLE_API_URL}"
    argument: "+assemblyName"
    argument: "${IMPROBABLE_ASSEMBLY_NAME}"
    argument: "+linkProtocol"
    argument: "RakNet"
    argument: "-logfile"
    argument: "${IMPROBABLE_LOG_FILE}"
    argument: "-batchmode"
    argument: "-nographics"
    worker_location {
      filename: "UnityWorker@Linux.zip"
    }
  }
}
bridge_configuration {
  worker_attribute_set {
    attribute {
      name: "physics"
    }
  }
  entity_interest {
    range_entity_interest {
      radius: 200.0
    }
  }
  component_delivery {
    checkout_all_initially: true
  }
}
]
2017-11-30 15:17:40,448 INFO  [i.w.assembly.WorkerAssemblyProvider] [] [] [] : Worker configuration for 'UnityClient' does not contain a launch configuration for the current platform 'WINDOWS', so Fabric will not start any managed workers of this type
2017-11-30 15:17:40,448 INFO  [i.w.assembly.WorkerAssemblyProvider] [] [] [] : The following worker configurations do not contain valid managed launch configurations for the current platform WINDOWS, and the runtime will be unable to launch managed workers of this type: [UnityClient]. This is expected for worker types you intend to only connect manually.
2017-11-30 15:17:40,450 INFO  [i.w.permissions.PermissionsFactory] [] [] [] : Created permissions manager with permissions: {UnityWorker=Permissions{{/sys/CreateEntity=, /sys/DeleteEntity=, /sys/EntityQuery={"component":["*"]}}}, UnityClient=Permissions{{/sys/EntityQuery={"component":[]}}}}
2017-11-30 15:17:41,745 INFO  [improbable.module.ModuleNode] [] [] [] : Starting router on master
2017-11-30 15:17:41,749 INFO  [i.core.discovery.server.LocalServer] [] [] [] : Registered Service(improbable.fabric.internal.service.RouterInternalService) on 127.0.0.1:9010.
2017-11-30 15:17:41,750 INFO  [i.c.m.r.RouterInternalServiceImpl] [] [] [] : Attempting to register RouterInternalServiceImpl with RouterLookupInternalService.
2017-11-30 15:17:41,756 INFO  [i.c.m.r.l.RouterLookupInternalServiceImpl] [] [] [] : 1/1 router modules started
2017-11-30 15:17:41,757 INFO  [i.c.m.r.RouterInternalServiceImpl] [] [] [] : Registered RouterInternalServiceImpl with RouterLookupInternalService.
2017-11-30 15:17:41,758 INFO  [improbable.module.ModuleNode] [] [] [] : Attempting to get addresses of all RouterModules from master node
2017-11-30 15:17:41,765 INFO  [improbable.module.ModuleNode] [] [] [] : Got all RouterModules from master node
2017-11-30 15:17:41,776 INFO  [i.core.discovery.server.LocalServer] [] [] [] : Registered Service(improbable.fabric.internal.service.RemoteMessageInternalService) on 127.0.0.1:9011.
2017-11-30 15:17:41,784 INFO  [i.core.discovery.server.LocalServer] [] [] [] : Registered Service(improbable.fabric.internal.service.LocalBrokerInternalService) on 127.0.0.1:9012.
2017-11-30 15:17:41,787 INFO  [improbable.module.ModuleNode] [] [] [] : Waiting for all router modules in the deployment to have started
2017-11-30 15:17:41,789 INFO  [improbable.module.ModuleNode] [] [] [] : All router modules in the deployment started
2017-11-30 15:17:41,834 INFO  [org.eclipse.jetty.server.Server] [] [] [] : jetty-8.y.z-SNAPSHOT
2017-11-30 15:17:41,854 INFO  [o.e.jetty.server.AbstractConnector] [] [] [] : Started SelectChannelConnector@0.0.0.0:5006
2017-11-30 15:17:41,854 INFO  [improbable.http.ServletContainer$] [] [] [] : Servlet container started
2017-11-30 15:17:41,855 INFO  [improbable.module.ModuleNode] [] [] [] : Starting BridgeOracle on master
2017-11-30 15:17:41,861 INFO  [improbable.module.ModuleNode] [] [] [] : Waiting for the BridgeOracle to have started
2017-11-30 15:17:41,899 INFO  [i.c.d.g.GlobalServiceDiscoveryImpl] [] [] [] : Global service discovery refreshed 14 server(s) (previously: 11)
2017-11-30 15:17:41,902 INFO  [i.core.discovery.server.LocalServer] [] [] [] : Registered Service(improbable.fabric.internal.service.BridgeOracleInternalService) on 127.0.0.1:9013.
2017-11-30 15:17:42,901 INFO  [improbable.module.ModuleNode] [] [] [] : Received BridgeOracle started
2017-11-30 15:17:42,901 INFO  [i.c.d.g.GlobalServiceDiscoveryImpl] [] [] [] : Global service discovery refreshed 15 server(s) (previously: 14)
2017-11-30 15:17:42,907 INFO  [i.core.discovery.server.LocalServer] [] [] [] : Registered Service(improbable.fabric.internal.service.GlobalBrokerInternalService) on 127.0.0.1:9014.
2017-11-30 15:17:42,908 INFO  [improbable.module.ModuleNode] [] [] [] : Waiting for the BridgeModuleOracle to have started
2017-11-30 15:17:42,910 INFO  [i.c.a.e.ExtensibleActorReporter] [] [] [] : Started BridgeModuleOracleActor(Actor[akka://akkaFabric/user/BridgeModuleOracleModule#402156166]).
2017-11-30 15:17:42,917 INFO  [i.core.discovery.server.LocalServer] [] [] [] : Registered Service(improbable.fabric.internal.service.BridgeServiceOracleInternalService) on 127.0.0.1:9015.
2017-11-30 15:17:43,891 INFO  [i.bridge.oracle.scaling.WorkerScaler] [] [] [] : Skipping reconciliation because no WorkerRunner service is available. This message is expected at startup but should not persist through the deployment
2017-11-30 15:17:43,902 INFO  [i.c.d.g.GlobalServiceDiscoveryImpl] [] [] [] : Global service discovery refreshed 17 server(s) (previously: 15)
2017-11-30 15:17:43,902 INFO  [improbable.module.ModuleNode] [] [] [] : Received BridgeModuleOracle started
2017-11-30 15:17:43,905 INFO  [improbable.module.ModuleNode] [] [] [] : Starting gsim GSimModule
2017-11-30 15:17:43,909 INFO  [improbable.module.ModuleNode] [] [] [] : Waiting for 1 entity query service(s) to start.
2017-11-30 15:17:43,921 INFO  [i.core.discovery.server.LocalServer] [] [] [] : Registered Service(improbable.fabric.internal.service.LocalSnapshotInternalService) on 127.0.0.1:9016.
2017-11-30 15:17:43,930 INFO  [i.core.discovery.server.PublicServer] [] [] [] : Registered Service(improbable.fabric.internal.service.ScalingStatsInternalService) on 127.0.0.1:9017.
2017-11-30 15:17:43,935 INFO  [i.p.gsim.GSimPersistenceWriter] [] [] [] : Transitioning GSimPersistenceActor(0) from State [Idle] to [Idle].  Time Elapsed: 0 milliseconds
2017-11-30 15:17:43,943 INFO  [i.core.discovery.server.LocalServer] [] [] [] : Registered Service(improbable.fabric.internal.service.EntityQueryInternalService) on 127.0.0.1:9018.
2017-11-30 15:17:44,904 INFO  [i.c.d.g.GlobalServiceDiscoveryImpl] [] [] [] : Global service discovery refreshed 20 server(s) (previously: 17)
2017-11-30 15:17:44,904 INFO  [improbable.module.ModuleNode] [] [] [] : All 1 entity query service(s) have started.
2017-11-30 15:17:44,904 INFO  [improbable.module.ModuleNode] [] [] [] : Creating entity query client.
2017-11-30 15:17:44,911 INFO  [improbable.module.ModuleNode] [] [] [] : Entity query client created with directory: EntityQueryServiceDirectory{allServices=[EntityQueryInternalServiceInfo{address=host: "127.0.0.1"
port: 9018
, extent=Rectangle{minX=-750.0, minZ=-750.0, maxX=750.0, maxZ=750.0}, isLocal=true}], localServices=[EntityQueryInternalServiceInfo{address=host: "127.0.0.1"
port: 9018
, extent=Rectangle{minX=-750.0, minZ=-750.0, maxX=750.0, maxZ=750.0}, isLocal=true}], remoteServices=[]}
2017-11-30 15:17:44,916 INFO  [improbable.module.ModuleNode] [] [] [] : Waiting for 1 bridge service(s) to start.
2017-11-30 15:17:44,924 INFO  [i.c.a.e.ExtensibleActorReporter] [] [] [] : Started BridgeModuleActor(Actor[akka://akkaFabric/user/BridgeModule:dc4e4998-4a1b-44ff-b126-97d40678f797#-1860165959]).
2017-11-30 15:17:44,933 INFO  [i.core.discovery.server.LocalServer] [] [] [] : Registered Service(improbable.fabric.internal.service.BridgeInternalService) on 127.0.0.1:9019.
2017-11-30 15:17:44,934 INFO  [i.module.bridge.BridgeModuleActor] [] [] [] : Waiting for BridgeModuleOracle service to be available
2017-11-30 15:17:44,944 INFO  [i.module.bridge.BridgeModuleActor] [] [] [] : Registered(bridge_service_endpoint {
  guid: "dc4e4998-4a1b-44ff-b126-97d40678f797"
}
) on BridgeModuleOracleService
2017-11-30 15:17:45,890 INFO  [i.bridge.oracle.scaling.WorkerScaler] [] [] [] : Skipping reconciliation because no WorkerRunner service is available. This message is expected at startup but should not persist through the deployment
2017-11-30 15:17:45,899 INFO  [i.c.d.g.GlobalServiceDiscoveryImpl] [] [] [] : Global service discovery refreshed 21 server(s) (previously: 20)
2017-11-30 15:17:45,899 INFO  [improbable.module.ModuleNode] [] [] [] : All 1 bridge service(s) have started.
2017-11-30 15:17:45,899 INFO  [improbable.module.ModuleNode] [] [] [] : Starting WorkerRunner service (EngineStartupModule)
2017-11-30 15:17:45,903 INFO  [improbable.worker.exec.WorkerStats] [] [] [] : Cannot read /proc/self/stat; worker stats reporting will not work.
2017-11-30 15:17:45,909 INFO  [i.core.discovery.server.PublicServer] [] [] [] : Registered Service(improbable.platform.inner.worker.WorkerRunner) on 127.0.0.1:9020.
2017-11-30 15:17:45,915 INFO  [i.core.discovery.server.LocalServer] [] [] [] : Registered Service(improbable.fabric.internal.service.ReceptionistInternalService) on 127.0.0.1:9021.
2017-11-30 15:17:45,920 INFO  [i.core.discovery.server.PublicServer] [] [] [] : Registered Service(improbable.platform.runtime.ReceptionistService) on 127.0.0.1:7777.
2017-11-30 15:17:45,921 INFO  [improbable.module.ModuleNode] [] [] [] : Starting InspectionRestModule
2017-11-30 15:17:45,922 INFO  [improbable.module.ModuleNode] [] [] [] : Starting ProfilingModule
2017-11-30 15:17:45,923 INFO  [i.c.d.client.CheckpointDiscoveryImpl] [] [] [] : Reached a checkpoint: ALL_MODULES_STARTED
2017-11-30 15:17:45,923 INFO  [improbable.module.ModuleNode] [] [] [] : All modules on this node started, waiting for other nodes to reach the same checkpoint.
2017-11-30 15:17:45,926 INFO  [i.c.a.e.ExtensibleActorReporter] [] [] [] : Started ProfilingModuleActor(Actor[akka://akkaFabric/user/ProfilingModule#442623782]).
2017-11-30 15:17:45,929 INFO  [i.core.discovery.server.LocalServer] [] [] [] : Registered Service(improbable.fabric.internal.debug.HeatmapCellCacheInternalService) on 127.0.0.1:9022.
2017-11-30 15:17:45,946 INFO  [i.core.discovery.server.PublicServer] [] [] [] : Registered Service(improbable.platform.runtime.InspectionService) on 127.0.0.1:9023.
2017-11-30 15:17:45,981 INFO  [i.c.a.e.ExtensibleActorReporter] [] [] [] : Started InspectionRestModuleActor(Actor[akka://akkaFabric/user/InspectionRestModule#1683519527]).
2017-11-30 15:17:46,302 INFO  [spray.can.server.HttpListener] [akka://akkaFabric/user/IO-HTTP/listener-0] [akkaFabric-akka.actor.default-dispatcher-16] [] : Bound to /0.0.0.0:5005
2017-11-30 15:17:46,904 INFO  [improbable.module.ModuleNode] [] [] [] : All modules on all nodes have been started.
2017-11-30 15:17:46,904 INFO  [i.c.d.g.GlobalCheckpointDiscoveryImpl] [] [] [] : Global checkpoint discovery refreshed checkpoints.
2017-11-30 15:17:46,904 INFO  [improbable.module.ModuleNode] [] [] [] : Loading a snapshot.
2017-11-30 15:17:46,905 INFO  [i.c.d.g.GlobalServiceDiscoveryImpl] [] [] [] : Global service discovery refreshed 26 server(s) (previously: 21)
2017-11-30 15:17:46,919 INFO  [i.p.g.GSimPersistenceLoadOrchestrator] [] [] [] : Loading snapshot on GSim(0).
2017-11-30 15:17:46,920 INFO  [i.p.s.storage.LegacySnapshotStorage] [] [] [] : Requesting download URL for Snapshot(local@latest) matching []
2017-11-30 15:17:46,925 INFO  [i.p.s.storage.LegacySnapshotStorage] [] [] [] : Downloading snapshot from http://127.0.0.1:21000/snapshots/20171130151732914
2017-11-30 15:17:46,928 INFO  [i.p.gsim.GSimPersistenceLoader] [] [] [] : Loading snapshot
2017-11-30 15:17:47,027 INFO  [i.p.g.GSimPersistenceLoadOrchestrator] [] [] [] : Loaded 46 entities on GSim(0).
2017-11-30 15:17:47,029 INFO  [i.l.params.LoadbalancerParamsFactory] [] [] [] : LoadbalancerParams for worker type [UnityWorker]: [AutoHexGridLoadbalancerParams{energyLimitingEnabled=true, energyLimit=1.0E9, minWorkerRange=1500.0, maxWorkerRange=1500.0, maxWorkerStepSize=0.0, workerExpansionTimeMs=60000, workerGridSize=0, loadbalancerEnabled=false, hexGridMode=AUTO, scalerAdvisorType=CONSTANT, maxWorkers=1, initialWorkers=1, numEntitiesPerWorker=9223372036854775807, statusReportPeriodMs=30000, pointsOfInterestEnabled=false, hexGridSolution=AutoValue_HexGridSolution{workersUsed=1, hexagonEdgeLength=1500.0, hexagonOrientation=POINTY_TOP, bounds=Rectangle{minX=-750.0, minZ=-750.0, maxX=750.0, maxZ=750.0}}, pointsOfInterestSolution=Empty}]
2017-11-30 15:17:47,030 INFO  [i.p.c.PersistenceLoaderCoordinatorActor] [] [] [] : All Snapshots loaded.
2017-11-30 15:17:47,032 INFO  [improbable.module.ModuleNode] [] [] [] : Snapshot has been loaded.
2017-11-30 15:17:47,032 INFO  [improbable.module.ModuleNode] [] [] [] : Starting SnapshotService.
2017-11-30 15:17:47,040 INFO  [i.core.discovery.server.PublicServer] [] [] [] : Registered Service(improbable.platform.runtime.SnapshotService) on 127.0.0.1:9024.
2017-11-30 15:17:47,040 INFO  [i.c.d.client.CheckpointDiscoveryImpl] [] [] [] : Reached a checkpoint: LOAD_SNAPSHOT_FINISHED
2017-11-30 15:17:47,043 INFO  [improbable.module.ModuleNode] [] [] [] : SpatialOS runtime startup complete.
2017-11-30 15:17:47,898 INFO  [i.c.d.g.GlobalCheckpointDiscoveryImpl] [] [] [] : Global checkpoint discovery refreshed checkpoints.
2017-11-30 15:17:47,898 INFO  [i.c.d.g.GlobalServiceDiscoveryImpl] [] [] [] : Global service discovery refreshed 27 server(s) (previously: 26)
2017-11-30 15:17:47,933 INFO  [i.b.o.m.BridgeOracleWorkerManager] [] [] [] : Trying to start managed worker UnityWorker0
2017-11-30 15:17:47,950 INFO  [i.bridge.oracle.scaling.WorkerScaler] [] [] [] : Starting 1 new managed workers for attribute_set {
  attribute: "physics"
}
 (required: 1, existing: 0)
2017-11-30 15:17:48,906 INFO  [i.worker.exec.WorkerStartupExecutor] [] [] [] : Created log file for worker UnityWorker0, type (UnityWorker): [C:\Users\mario\OneDrive\Documenti\GitHub\Team8\logs\2017-11-30_15-17-34_0\workers\UnityWorker\UnityWorker0-3982604492367395601.log]
2017-11-30 15:17:48,907 INFO  [i.worker.exec.CommandLineExecutor] [] [] [] : Running command: C:\Users\mario\AppData\Local\Temp\zip-downloader1185124947551423007\4b02679a1f768299daa04b3ff94afc98\UnityWorker@Windows.exe +projectName beta_oscar_bacon_891 +receptionistIp 127.0.0.1 +receptionistPort 7777 +workerType UnityWorker +workerId UnityWorker0 +useInternalIpForBridge true +infraServicesUrl http://127.0.0.1:21000 +assemblyName local_assembly +linkProtocol RakNet -logfile C:\Users\mario\OneDrive\Documenti\GitHub\Team8\logs\2017-11-30_15-17-34_0\workers\UnityWorker\UnityWorker0-3982604492367395601.log -batchmode -nographics
2017-11-30 15:17:49,871 INFO  [i.b.s.BridgeServicePicker] [] [] [] : Attempting to get positionHint for UnityWorker0 via rpc
2017-11-30 15:17:49,880 INFO  [i.m.b.o.m.BridgeModuleOracleActor] [] [] [] : BridgeServicePicker returned module Optional[legacy_guid: "dc4e4998-4a1b-44ff-b126-97d40678f797"
address {
  host: "127.0.0.1"
  port: 9019
}
] with load Optional[BridgeModuleLoadBalanceInfo((0.0, 0.0, 0.0),0)].get().toString() for Engine(UnityWorker0)
2017-11-30 15:17:50,056 INFO  [i.b.i.BridgeInternalServiceImpl] [] [] [] : Bridge worker_id: "UnityWorker0"
 registered with bridge internal service
2017-11-30 15:17:50,061 INFO  [i.b.o.s.BridgeOracleInternalServiceImpl] [] [] [] : Got bridge started rpc from bridge: worker_id: "UnityWorker0"

2017-11-30 15:17:50,061 INFO  [i.b.o.s.BridgeOracleInternalServiceImpl] [] [] [] : The worker UnityWorker0 registered with SpatialOS successfully.
2017-11-30 15:17:50,062 INFO  [i.module.bridge.oracle.BridgeOracle] [] [] [] : Sending bridge started to self for bridge endpoint bridge_oracle_endpoint {
}

2017-11-30 15:17:50,063 INFO  [i.module.bridge.oracle.BridgeOracle] [] [] [] : Bridge(UnityWorker0) started.
2017-11-30 15:17:50,066 INFO  [i.b.o.m.BridgeOracleWorkerManager] [] [] [] : Worker UnityWorker0 registered with the BridgeOracleWorker manager
2017-11-30 15:17:50,704 INFO  [i.b.n.raknet.GuardedRakPeerInterface] [] [] [] : New RakNet connection established with 127.0.0.1
2017-11-30 15:18:10,943 INFO  [i.b.s.BridgeServicePicker] [] [] [] : Attempting to get positionHint for UnityClient07137bf1-8f45-40b7-9beb-db4455f04d5e via rpc
2017-11-30 15:18:10,944 INFO  [i.b.s.BridgeServicePicker] [] [] [] : Starting UnityClient07137bf1-8f45-40b7-9beb-db4455f04d5e without a position hint, so using a random bridge service
2017-11-30 15:18:10,944 INFO  [i.m.b.o.m.BridgeModuleOracleActor] [] [] [] : BridgeServicePicker returned module Optional[legacy_guid: "dc4e4998-4a1b-44ff-b126-97d40678f797"
address {
  host: "127.0.0.1"
  port: 9019
}
] with load Optional[BridgeModuleLoadBalanceInfo((0.0, 0.0, 0.0),1)].get().toString() for Engine(UnityClient07137bf1-8f45-40b7-9beb-db4455f04d5e)
2017-11-30 15:18:10,970 INFO  [i.l.params.LoadbalancerParamsFactory] [] [] [] : LoadbalancerParams for worker type [UnityClient]: [FlagzLoadbalancerParams{energyLimitingEnabled=true, energyLimit=1.0E9, minWorkerRange=Infinity, maxWorkerRange=Infinity, maxWorkerStepSize=50.0, workerExpansionTimeMs=60000, workerGridSize=5, loadbalancerEnabled=true, hexGridMode=OFF, scalerAdvisorType=ENTITY_COUNT, maxWorkers=25, initialWorkers=25, numEntitiesPerWorker=9223372036854775807, statusReportPeriodMs=2000, pointsOfInterestEnabled=false, hexGridSolution=Empty, pointsOfInterestSolution=Empty}]
2017-11-30 15:18:10,974 INFO  [i.b.i.BridgeInternalServiceImpl] [] [] [] : Bridge worker_id: "UnityClient07137bf1-8f45-40b7-9beb-db4455f04d5e"
 registered with bridge internal service
2017-11-30 15:18:10,974 INFO  [i.b.o.s.BridgeOracleInternalServiceImpl] [] [] [] : Got bridge started rpc from bridge: worker_id: "UnityClient07137bf1-8f45-40b7-9beb-db4455f04d5e"

2017-11-30 15:18:10,975 INFO  [i.b.o.s.BridgeOracleInternalServiceImpl] [] [] [] : The worker UnityClient07137bf1-8f45-40b7-9beb-db4455f04d5e registered with SpatialOS successfully.
2017-11-30 15:18:10,975 INFO  [i.module.bridge.oracle.BridgeOracle] [] [] [] : Sending bridge started to self for bridge endpoint bridge_oracle_endpoint {
}

2017-11-30 15:18:10,976 INFO  [i.module.bridge.oracle.BridgeOracle] [] [] [] : Bridge(UnityClient07137bf1-8f45-40b7-9beb-db4455f04d5e) started.
2017-11-30 15:18:11,573 INFO  [i.b.n.raknet.GuardedRakPeerInterface] [] [] [] : New RakNet connection established with 127.0.0.1
2017-11-30 15:18:11,699 WARN  [i.b.logging.EngineLogMessageHandler] [] [] [] : [Worker: UnityClient07137bf1-8f45-40b7-9beb-db4455f04d5e] Request: Mario
 in  -[WorkerLogger:Unity]
2017-11-30 15:18:26,840 INFO  [i.b.s.BridgeServicePicker] [] [] [] : Attempting to get positionHint for UnityClient0699cf48-2efa-4acf-b857-4027ba32546b via rpc
2017-11-30 15:18:26,840 INFO  [i.b.s.BridgeServicePicker] [] [] [] : Starting UnityClient0699cf48-2efa-4acf-b857-4027ba32546b without a position hint, so using a random bridge service
2017-11-30 15:18:26,841 INFO  [i.m.b.o.m.BridgeModuleOracleActor] [] [] [] : BridgeServicePicker returned module Optional[legacy_guid: "dc4e4998-4a1b-44ff-b126-97d40678f797"
address {
  host: "127.0.0.1"
  port: 9019
}
] with load Optional[BridgeModuleLoadBalanceInfo((0.0, 0.0, 0.0),2)].get().toString() for Engine(UnityClient0699cf48-2efa-4acf-b857-4027ba32546b)
2017-11-30 15:18:26,869 INFO  [i.b.i.BridgeInternalServiceImpl] [] [] [] : Bridge worker_id: "UnityClient0699cf48-2efa-4acf-b857-4027ba32546b"
 registered with bridge internal service
2017-11-30 15:18:26,870 INFO  [i.b.o.s.BridgeOracleInternalServiceImpl] [] [] [] : Got bridge started rpc from bridge: worker_id: "UnityClient0699cf48-2efa-4acf-b857-4027ba32546b"

2017-11-30 15:18:26,871 INFO  [i.b.o.s.BridgeOracleInternalServiceImpl] [] [] [] : The worker UnityClient0699cf48-2efa-4acf-b857-4027ba32546b registered with SpatialOS successfully.
2017-11-30 15:18:26,871 INFO  [i.module.bridge.oracle.BridgeOracle] [] [] [] : Sending bridge started to self for bridge endpoint bridge_oracle_endpoint {
}

2017-11-30 15:18:26,872 INFO  [i.module.bridge.oracle.BridgeOracle] [] [] [] : Bridge(UnityClient0699cf48-2efa-4acf-b857-4027ba32546b) started.
2017-11-30 15:18:27,469 INFO  [i.b.n.raknet.GuardedRakPeerInterface] [] [] [] : New RakNet connection established with 127.0.0.1
2017-11-30 15:18:27,562 WARN  [i.b.logging.EngineLogMessageHandler] [] [] [] : [Worker: UnityClient0699cf48-2efa-4acf-b857-4027ba32546b] Request: Felice
 in UnityEngine.Debug:LogWarning(Object)
Assets.Gamelogic.Core.Bootstrap:RequestPlayerCreation(EntityId) (at Assets/Gamelogic/Core/Bootstrap.cs:79)
Assets.Gamelogic.Core.Bootstrap:OnSuccessfulPlayerCreatorQuery(EntityQueryResult) (at Assets/Gamelogic/Core/Bootstrap.cs:66)
Improbable.Unity.Core.CommandResponseHandler`1:TriggerSuccess(ICommandCallbackResponse`1) (at C:/w/ee9378522cbb9fd1/UnitySdk/Improbable.Unity/Assets/Precompiled/Unity/Commands/CommandResponseHandler.cs:62)
Improbable.Unity.Core.CommandResponseHandler`1:Trigger(ICommandCallbackResponse`1) (at C:/w/ee9378522cbb9fd1/UnitySdk/Improbable.Unity/Assets/Precompiled/Unity/Commands/CommandResponseHandler.cs:48)
Improbable.Unity.Core.CommandCallbackWrapper`1:TriggerWithStatus(StatusCode, Option`1, String) (at C:/w/ee9378522cbb9fd1/UnitySdk/Improbable.Unity/Assets/Precompiled/Unity/Commands/ICommandCallbackWrapper.cs:34)
Improbable.Unity.Core.<CreateOnResponseThunk>c__AnonStorey1D`2:<>m__2F(EntityQueryResponseOp) (at C:/w/ee9378522cbb9fd1/UnitySdk/Improbable.Unity/Assets/Precompiled/Unity/Commands/ComponentCommander.cs:243)
Improbable.Worker.Internal.Callbacks`1:InvokeAll(EntityQueryResponseOp)
Improbable.Worker.Dispatcher:EntityQueryResponseThunk(Void*, EntityQueryResponseOp*)
Improbable.Worker.Internal.WorkerProtocol:Dispatcher_Process(DispatcherHandle, OpListHandle)
Improbable.Worker.Dispatcher:Process(OpList)
Improbable.Unity.Core.ConnectionLifecycle:ProcessEvents() (at Assets/Plugins/Improbable/Sdk/Src/Unity/Core/ConnectionLifecycle.cs:367)
Improbable.Unity.Core.ConnectionLifecycle:Update() (at Assets/Plugins/Improbable/Sdk/Src/Unity/Core/ConnectionLifecycle.cs:149)
 -[WorkerLogger:Unity]
2017-11-30 15:18:56,858 INFO  [i.b.s.BridgeServicePicker] [] [] [] : Attempting to get positionHint for UnityClient7c0a7239-e4e1-4db9-a779-9716d843d012 via rpc
2017-11-30 15:18:56,859 INFO  [i.b.s.BridgeServicePicker] [] [] [] : Starting UnityClient7c0a7239-e4e1-4db9-a779-9716d843d012 without a position hint, so using a random bridge service
2017-11-30 15:18:56,860 INFO  [i.m.b.o.m.BridgeModuleOracleActor] [] [] [] : BridgeServicePicker returned module Optional[legacy_guid: "dc4e4998-4a1b-44ff-b126-97d40678f797"
address {
  host: "127.0.0.1"
  port: 9019
}
] with load Optional[BridgeModuleLoadBalanceInfo((0.0, 0.0, 0.0),3)].get().toString() for Engine(UnityClient7c0a7239-e4e1-4db9-a779-9716d843d012)
2017-11-30 15:18:56,887 INFO  [i.b.i.BridgeInternalServiceImpl] [] [] [] : Bridge worker_id: "UnityClient7c0a7239-e4e1-4db9-a779-9716d843d012"
 registered with bridge internal service
2017-11-30 15:18:56,888 INFO  [i.b.o.s.BridgeOracleInternalServiceImpl] [] [] [] : Got bridge started rpc from bridge: worker_id: "UnityClient7c0a7239-e4e1-4db9-a779-9716d843d012"

2017-11-30 15:18:56,888 INFO  [i.b.o.s.BridgeOracleInternalServiceImpl] [] [] [] : The worker UnityClient7c0a7239-e4e1-4db9-a779-9716d843d012 registered with SpatialOS successfully.
2017-11-30 15:18:56,889 INFO  [i.module.bridge.oracle.BridgeOracle] [] [] [] : Sending bridge started to self for bridge endpoint bridge_oracle_endpoint {
}

2017-11-30 15:18:56,889 INFO  [i.module.bridge.oracle.BridgeOracle] [] [] [] : Bridge(UnityClient7c0a7239-e4e1-4db9-a779-9716d843d012) started.
2017-11-30 15:18:57,487 INFO  [i.b.n.raknet.GuardedRakPeerInterface] [] [] [] : New RakNet connection established with 127.0.0.1
2017-11-30 15:18:57,562 WARN  [i.b.logging.EngineLogMessageHandler] [] [] [] : [Worker: UnityClient7c0a7239-e4e1-4db9-a779-9716d843d012] Request: Andrea
 in  -[WorkerLogger:Unity]
2017-11-30 15:20:00,591 WARN  [i.b.logging.EngineLogMessageHandler] [] [] [] : [Worker: UnityWorker0] called reset
 in  -[WorkerLogger:Unity]
2017-11-30 15:20:00,592 WARN  [i.b.logging.EngineLogMessageHandler] [] [] [] : [Worker: UnityWorker0] queryied
 in  -[WorkerLogger:Unity]
2017-11-30 15:20:00,611 WARN  [i.b.logging.EngineLogMessageHandler] [] [] [] : [Worker: UnityWorker0] Found 3 nearby entities with a health component
 in  -[WorkerLogger:Unity]
2017-11-30 15:20:00,611 WARN  [i.b.logging.EngineLogMessageHandler] [] [] [] : [Worker: UnityWorker0] entity found
 in  -[WorkerLogger:Unity]
2017-11-30 15:20:00,621 WARN  [i.b.logging.EngineLogMessageHandler] [] [] [] : [Worker: UnityWorker0] entity found
 in  -[WorkerLogger:Unity]
2017-11-30 15:20:00,621 WARN  [i.b.logging.EngineLogMessageHandler] [] [] [] : [Worker: UnityWorker0] entity found
 in  -[WorkerLogger:Unity]
2017-11-30 15:20:00,661 WARN  [i.b.logging.EngineLogMessageHandler] [] [] [] : [Worker: UnityWorker0] Gamewin command succeeded.
 in  -[WorkerLogger:Unity]
2017-11-30 15:20:00,661 WARN  [i.b.logging.EngineLogMessageHandler] [] [] [] : [Worker: UnityWorker0] Gamewin command succeeded.
 in  -[WorkerLogger:Unity]
2017-11-30 15:20:00,662 WARN  [i.b.logging.EngineLogMessageHandler] [] [] [] : [Worker: UnityWorker0] Gamewin command succeeded.
 in  -[WorkerLogger:Unity]
2017-11-30 15:20:00,733 INFO  [i.b.n.BridgeActorTransportLinkListener] [] [] [] : TransportLinkListener(UnityClient07137bf1-8f45-40b7-9beb-db4455f04d5e) sending Disconnected to akka://akkaFabric/user/BridgeModule:dc4e4998-4a1b-44ff-b126-97d40678f797/BridgeActor-UnityClient07137bf1-8f45-40b7-9beb-db4455f04d5e
2017-11-30 15:20:00,736 INFO  [i.b.n.raknet.reporter.RakNetReporter] [] [] [] : Tried to send to RakNet(UnityClient) on Port(7001)17 after closing. Payload: component_update {
  entity_id: 47
  component_id: 54
  entity_c... (Logged every 1000 times)
2017-11-30 15:20:00,736 INFO  [i.b.n.BridgeActorTransportLinkListener] [] [] [] : TransportLinkListener(UnityClient7c0a7239-e4e1-4db9-a779-9716d843d012) sending Disconnected to akka://akkaFabric/user/BridgeModule:dc4e4998-4a1b-44ff-b126-97d40678f797/BridgeActor-UnityClient7c0a7239-e4e1-4db9-a779-9716d843d012
2017-11-30 15:20:00,739 INFO  [i.b.n.BridgeActorTransportLinkListener] [] [] [] : TransportLinkListener(UnityClient0699cf48-2efa-4acf-b857-4027ba32546b) sending Disconnected to akka://akkaFabric/user/BridgeModule:dc4e4998-4a1b-44ff-b126-97d40678f797/BridgeActor-UnityClient0699cf48-2efa-4acf-b857-4027ba32546b
2017-11-30 15:20:00,746 INFO  [i.b.i.BridgeInternalServiceImpl] [] [] [] : Bridge worker_id: "UnityClient0699cf48-2efa-4acf-b857-4027ba32546b"
 unregistered with bridge internal service
2017-11-30 15:20:00,746 INFO  [improbable.bridge.BridgeActor] [] [] [] : Bridge(UnityClient0699cf48-2efa-4acf-b857-4027ba32546b) on guid: "dc4e4998-4a1b-44ff-b126-97d40678f797"
 stopped.
2017-11-30 15:20:00,746 INFO  [i.b.i.BridgeInternalServiceImpl] [] [] [] : Bridge worker_id: "UnityClient7c0a7239-e4e1-4db9-a779-9716d843d012"
 unregistered with bridge internal service
2017-11-30 15:20:00,747 INFO  [improbable.bridge.BridgeActor] [] [] [] : Bridge(UnityClient7c0a7239-e4e1-4db9-a779-9716d843d012) on guid: "dc4e4998-4a1b-44ff-b126-97d40678f797"
 stopped.
2017-11-30 15:20:00,746 INFO  [i.b.i.BridgeInternalServiceImpl] [] [] [] : Bridge worker_id: "UnityClient07137bf1-8f45-40b7-9beb-db4455f04d5e"
 unregistered with bridge internal service
2017-11-30 15:20:00,747 INFO  [improbable.bridge.BridgeActor] [] [] [] : Bridge(UnityClient07137bf1-8f45-40b7-9beb-db4455f04d5e) on guid: "dc4e4998-4a1b-44ff-b126-97d40678f797"
 stopped.
2017-11-30 15:20:00,751 INFO  [i.module.bridge.oracle.BridgeOracle] [] [] [] : Sending bridge stopped to self for bridge endpoint worker_id: "UnityClient7c0a7239-e4e1-4db9-a779-9716d843d012"

2017-11-30 15:20:00,751 INFO  [i.module.bridge.oracle.BridgeOracle] [] [] [] : Sending bridge stopped to self for bridge endpoint worker_id: "UnityClient07137bf1-8f45-40b7-9beb-db4455f04d5e"

2017-11-30 15:20:00,753 INFO  [akka.actor.LocalActorRef] [akka://akkaFabric/user/BridgeModule:dc4e4998-4a1b-44ff-b126-97d40678f797/BridgeActor-UnityClient7c0a7239-e4e1-4db9-a779-9716d843d012] [akkaFabric-akka.actor.default-dispatcher-2] [] : Message [improbable.fabric.internal.pubsub.PubSubMessageProto$PubSubMessage] from Actor[akka://akkaFabric/user/BridgeModule:dc4e4998-4a1b-44ff-b126-97d40678f797/BridgeActor-UnityClient7c0a7239-e4e1-4db9-a779-9716d843d012#151187653] to Actor[akka://akkaFabric/user/BridgeModule:dc4e4998-4a1b-44ff-b126-97d40678f797/BridgeActor-UnityClient7c0a7239-e4e1-4db9-a779-9716d843d012#151187653] was not delivered. [1] dead letters encountered. This logging can be turned off or adjusted with configuration settings 'akka.log-dead-letters' and 'akka.log-dead-letters-during-shutdown'.
2017-11-30 15:20:00,754 INFO  [i.module.bridge.oracle.BridgeOracle] [] [] [] : Bridge(UnityClient7c0a7239-e4e1-4db9-a779-9716d843d012) stopped.
2017-11-30 15:20:00,754 INFO  [akka.actor.LocalActorRef] [akka://akkaFabric/user/BridgeModule:dc4e4998-4a1b-44ff-b126-97d40678f797/BridgeActor-UnityClient7c0a7239-e4e1-4db9-a779-9716d843d012] [akkaFabric-akka.actor.default-dispatcher-2] [] : Message [improbable.fabric.internal.pubsub.PubSubMessageProto$PubSubMessage] from Actor[akka://akkaFabric/user/BridgeModule:dc4e4998-4a1b-44ff-b126-97d40678f797/BridgeActor-UnityClient7c0a7239-e4e1-4db9-a779-9716d843d012#151187653] to Actor[akka://akkaFabric/user/BridgeModule:dc4e4998-4a1b-44ff-b126-97d40678f797/BridgeActor-UnityClient7c0a7239-e4e1-4db9-a779-9716d843d012#151187653] was not delivered. [2] dead letters encountered. This logging can be turned off or adjusted with configuration settings 'akka.log-dead-letters' and 'akka.log-dead-letters-during-shutdown'.
2017-11-30 15:20:00,754 INFO  [akka.actor.LocalActorRef] [akka://akkaFabric/user/BridgeModule:dc4e4998-4a1b-44ff-b126-97d40678f797/BridgeActor-UnityClient7c0a7239-e4e1-4db9-a779-9716d843d012] [akkaFabric-akka.actor.default-dispatcher-2] [] : Message [improbable.fabric.internal.pubsub.PubSubMessageProto$PubSubMessage] from Actor[akka://akkaFabric/user/BridgeModule:dc4e4998-4a1b-44ff-b126-97d40678f797/BridgeActor-UnityClient7c0a7239-e4e1-4db9-a779-9716d843d012#151187653] to Actor[akka://akkaFabric/user/BridgeModule:dc4e4998-4a1b-44ff-b126-97d40678f797/BridgeActor-UnityClient7c0a7239-e4e1-4db9-a779-9716d843d012#151187653] was not delivered. [3] dead letters encountered. This logging can be turned off or adjusted with configuration settings 'akka.log-dead-letters' and 'akka.log-dead-letters-during-shutdown'.
2017-11-30 15:20:00,754 INFO  [akka.actor.LocalActorRef] [akka://akkaFabric/user/BridgeModule:dc4e4998-4a1b-44ff-b126-97d40678f797/BridgeActor-UnityClient7c0a7239-e4e1-4db9-a779-9716d843d012] [akkaFabric-akka.actor.default-dispatcher-2] [] : Message [improbable.fabric.internal.pubsub.PubSubMessageProto$PubSubMessage] from Actor[akka://akkaFabric/user/BridgeModule:dc4e4998-4a1b-44ff-b126-97d40678f797/BridgeActor-UnityClient7c0a7239-e4e1-4db9-a779-9716d843d012#151187653] to Actor[akka://akkaFabric/user/BridgeModule:dc4e4998-4a1b-44ff-b126-97d40678f797/BridgeActor-UnityClient7c0a7239-e4e1-4db9-a779-9716d843d012#151187653] was not delivered. [4] dead letters encountered. This logging can be turned off or adjusted with configuration settings 'akka.log-dead-letters' and 'akka.log-dead-letters-during-shutdown'.
2017-11-30 15:20:00,755 INFO  [akka.actor.LocalActorRef] [akka://akkaFabric/user/BridgeModule:dc4e4998-4a1b-44ff-b126-97d40678f797/BridgeActor-UnityClient7c0a7239-e4e1-4db9-a779-9716d843d012] [akkaFabric-akka.actor.default-dispatcher-2] [] : Message [improbable.fabric.internal.pubsub.PubSubMessageProto$PubSubMessage] from Actor[akka://akkaFabric/user/BridgeModule:dc4e4998-4a1b-44ff-b126-97d40678f797/BridgeActor-UnityClient7c0a7239-e4e1-4db9-a779-9716d843d012#151187653] to Actor[akka://akkaFabric/user/BridgeModule:dc4e4998-4a1b-44ff-b126-97d40678f797/BridgeActor-UnityClient7c0a7239-e4e1-4db9-a779-9716d843d012#151187653] was not delivered. [5] dead letters encountered. This logging can be turned off or adjusted with configuration settings 'akka.log-dead-letters' and 'akka.log-dead-letters-during-shutdown'.
2017-11-30 15:20:00,755 INFO  [akka.actor.LocalActorRef] [akka://akkaFabric/user/BridgeModule:dc4e4998-4a1b-44ff-b126-97d40678f797/BridgeActor-UnityClient7c0a7239-e4e1-4db9-a779-9716d843d012] [akkaFabric-akka.actor.default-dispatcher-53] [] : Message [improbable.fabric.internal.pubsub.PubSubMessageProto$PubSubMessage] from Actor[akka://akkaFabric/user/BridgeModule:dc4e4998-4a1b-44ff-b126-97d40678f797/BridgeActor-UnityClient7c0a7239-e4e1-4db9-a779-9716d843d012#151187653] to Actor[akka://akkaFabric/user/BridgeModule:dc4e4998-4a1b-44ff-b126-97d40678f797/BridgeActor-UnityClient7c0a7239-e4e1-4db9-a779-9716d843d012#151187653] was not delivered. [6] dead letters encountered. This logging can be turned off or adjusted with configuration settings 'akka.log-dead-letters' and 'akka.log-dead-letters-during-shutdown'.
2017-11-30 15:20:00,755 INFO  [akka.actor.LocalActorRef] [akka://akkaFabric/user/BridgeModule:dc4e4998-4a1b-44ff-b126-97d40678f797/BridgeActor-UnityClient7c0a7239-e4e1-4db9-a779-9716d843d012] [akkaFabric-akka.actor.default-dispatcher-53] [] : Message [improbable.fabric.internal.pubsub.PubSubMessageProto$PubSubMessage] from Actor[akka://akkaFabric/user/BridgeModule:dc4e4998-4a1b-44ff-b126-97d40678f797/BridgeActor-UnityClient7c0a7239-e4e1-4db9-a779-9716d843d012#151187653] to Actor[akka://akkaFabric/user/BridgeModule:dc4e4998-4a1b-44ff-b126-97d40678f797/BridgeActor-UnityClient7c0a7239-e4e1-4db9-a779-9716d843d012#151187653] was not delivered. [7] dead letters encountered. This logging can be turned off or adjusted with configuration settings 'akka.log-dead-letters' and 'akka.log-dead-letters-during-shutdown'.
2017-11-30 15:20:00,755 INFO  [akka.actor.LocalActorRef] [akka://akkaFabric/user/BridgeModule:dc4e4998-4a1b-44ff-b126-97d40678f797/BridgeActor-UnityClient7c0a7239-e4e1-4db9-a779-9716d843d012] [akkaFabric-akka.actor.default-dispatcher-53] [] : Message [improbable.fabric.internal.pubsub.PubSubMessageProto$PubSubMessage] from Actor[akka://akkaFabric/user/BridgeModule:dc4e4998-4a1b-44ff-b126-97d40678f797/BridgeActor-UnityClient7c0a7239-e4e1-4db9-a779-9716d843d012#151187653] to Actor[akka://akkaFabric/user/BridgeModule:dc4e4998-4a1b-44ff-b126-97d40678f797/BridgeActor-UnityClient7c0a7239-e4e1-4db9-a779-9716d843d012#151187653] was not delivered. [8] dead letters encountered. This logging can be turned off or adjusted with configuration settings 'akka.log-dead-letters' and 'akka.log-dead-letters-during-shutdown'.
2017-11-30 15:20:00,755 INFO  [akka.actor.LocalActorRef] [akka://akkaFabric/user/BridgeModule:dc4e4998-4a1b-44ff-b126-97d40678f797/BridgeActor-UnityClient7c0a7239-e4e1-4db9-a779-9716d843d012] [akkaFabric-akka.actor.default-dispatcher-53] [] : Message [improbable.fabric.internal.pubsub.PubSubMessageProto$PubSubMessage] from Actor[akka://akkaFabric/user/BridgeModule:dc4e4998-4a1b-44ff-b126-97d40678f797/BridgeActor-UnityClient7c0a7239-e4e1-4db9-a779-9716d843d012#151187653] to Actor[akka://akkaFabric/user/BridgeModule:dc4e4998-4a1b-44ff-b126-97d40678f797/BridgeActor-UnityClient7c0a7239-e4e1-4db9-a779-9716d843d012#151187653] was not delivered. [9] dead letters encountered. This logging can be turned off or adjusted with configuration settings 'akka.log-dead-letters' and 'akka.log-dead-letters-during-shutdown'.
2017-11-30 15:20:00,755 INFO  [akka.actor.LocalActorRef] [akka://akkaFabric/user/BridgeModule:dc4e4998-4a1b-44ff-b126-97d40678f797/BridgeActor-UnityClient7c0a7239-e4e1-4db9-a779-9716d843d012] [akkaFabric-akka.actor.default-dispatcher-53] [] : Message [improbable.fabric.internal.pubsub.PubSubMessageProto$PubSubMessage] from Actor[akka://akkaFabric/user/BridgeModule:dc4e4998-4a1b-44ff-b126-97d40678f797/BridgeActor-UnityClient7c0a7239-e4e1-4db9-a779-9716d843d012#151187653] to Actor[akka://akkaFabric/user/BridgeModule:dc4e4998-4a1b-44ff-b126-97d40678f797/BridgeActor-UnityClient7c0a7239-e4e1-4db9-a779-9716d843d012#151187653] was not delivered. [10] dead letters encountered, no more dead letters will be logged. This logging can be turned off or adjusted with configuration settings 'akka.log-dead-letters' and 'akka.log-dead-letters-during-shutdown'.
2017-11-30 15:20:00,756 INFO  [i.module.bridge.oracle.BridgeOracle] [] [] [] : Sending bridge stopped to self for bridge endpoint worker_id: "UnityClient0699cf48-2efa-4acf-b857-4027ba32546b"

2017-11-30 15:20:00,767 INFO  [i.module.bridge.oracle.BridgeOracle] [] [] [] : Bridge(UnityClient07137bf1-8f45-40b7-9beb-db4455f04d5e) stopped.
2017-11-30 15:20:00,769 INFO  [i.module.bridge.oracle.BridgeOracle] [] [] [] : Bridge(UnityClient0699cf48-2efa-4acf-b857-4027ba32546b) stopped.
