2017-11-28 15:55:42,612 INFO  [i.deployment.InternalGameLauncher] [] [] [] : Parsed 362 internal flags at startup
2017-11-28 15:55:42,850 INFO  [i.deployment.InternalGameLauncher] [] [] [] : SpatialOS runtime version: 11-20171114T103507Z-cc9d195
2017-11-28 15:55:43,140 INFO  [i.c.c.f.FlagzFieldRegistryUpdater] [] [] [] : Initialized Fabric flagz registry with 11 set fields.
2017-11-28 15:55:44,339 INFO  [i.core.discovery.server.LocalServer] [] [] [] : Registered Service(improbable.fabric.internal.service.StatusDiscoveryInternalService) on 127.0.0.1:5301.
2017-11-28 15:55:44,340 INFO  [i.c.discovery.ServiceDiscoveryImpl] [] [] [] : Status discovery address: host: "127.0.0.1"
port: 5301

2017-11-28 15:55:44,355 INFO  [improbable.module.ModuleNode] [] [] [] : Starting Fabric node as master (IP: 127.0.0.1).
2017-11-28 15:55:44,358 INFO  [i.c.d.client.CheckpointDiscoveryImpl] [] [] [] : Reached a checkpoint: ALL_NODES_STARTED
2017-11-28 15:55:44,359 INFO  [improbable.module.ModuleNode] [] [] [] : Node master has started, waiting for other nodes to reach the same checkpoint.
2017-11-28 15:55:44,359 INFO  [improbable.module.ModuleNode] [] [] [] : All nodes have been started.
2017-11-28 15:55:44,389 INFO  [i.core.discovery.server.PublicServer] [] [] [] : Registered Service(improbable.platform.runtime.ModuleService) on 127.0.0.1:9000.
2017-11-28 15:55:44,408 INFO  [i.core.discovery.server.PublicServer] [] [] [] : Registered Service(improbable.platform.runtime.HealthCheckService) on 127.0.0.1:9001.
2017-11-28 15:55:44,420 INFO  [i.core.discovery.server.LocalServer] [] [] [] : Registered Service(improbable.fabric.internal.service.PerfInternalService) on 127.0.0.1:9002.
2017-11-28 15:55:44,433 INFO  [i.core.discovery.server.LocalServer] [] [] [] : Registered Service(improbable.fabric.internal.service.ContentionInternalService) on 127.0.0.1:9003.
2017-11-28 15:55:44,482 INFO  [i.c.d.g.GlobalServiceDiscoveryImpl] [] [] [] : Global service discovery refreshed 5 server(s) (previously: 0)
2017-11-28 15:55:44,482 INFO  [i.c.d.g.GlobalCheckpointDiscoveryImpl] [] [] [] : Global checkpoint discovery refreshed checkpoints.
2017-11-28 15:55:44,484 INFO  [i.core.discovery.server.PublicServer] [] [] [] : Registered Service(improbable.platform.runtime.FeatureService) on 127.0.0.1:9004.
2017-11-28 15:55:44,530 INFO  [i.c.config.flagz.WorkerFlagzUpdater] [] [] [] : Initialized worker flagz registry with 0 set fields.
2017-11-28 15:55:44,533 INFO  [improbable.module.ModuleNode] [] [] [] : Using master node configuration loader.
2017-11-28 15:55:44,545 INFO  [i.core.discovery.server.LocalServer] [] [] [] : Registered Service(improbable.fabric.internal.service.NodeConfigurationInternalService) on 127.0.0.1:9005.
2017-11-28 15:55:44,582 INFO  [i.c.c.n.MasterNodeConfigurationLoader] [] [] [] : Using roles [MASTER, GSIM, BRIDGE, WORKER_RUNNER, INSPECTION] for node node_id {
  deployment_id {
    project_id {
      name: "beta_oscar_bacon_891"
    }
    name: "local"
  }
  name: "master"
}
private_ip: "127.0.0.1"
roles: MASTER
roles: GSIM
roles: BRIDGE
roles: WORKER_RUNNER
roles: INSPECTION

2017-11-28 15:55:44,631 INFO  [improbable.core.config.node.GsimGrid] [] [] [] : Created gsim grid configuration of size (1500, 1500) with 1 columns and 1 rows, using gsims of (30, 30) chunks.
2017-11-28 15:55:44,656 INFO  [i.c.c.n.MasterNodeConfigurationLoader] [] [] [] : Original deployment module configuration (before parsing): {deployment_id {
  project_id {
    name: "beta_oscar_bacon_891"
  }
  name: "local"
}
name: "master"
=[ProfilingModule, BridgeModuleOracleModule, BridgeOracleModule, PersistenceModule, ReceptionistModule, RouterModule, GSimModule, BridgeModule, EngineStartupModule, InspectionRestModule]}
2017-11-28 15:55:44,681 INFO  [i.c.c.n.MasterNodeConfigurationLoader] [] [] [] : Master successfully loaded configurations for 1 node(s).
2017-11-28 15:55:44,689 INFO  [improbable.module.ModuleNode] [] [] [] : Loaded node configuration: node_id {
  deployment_id {
    project_id {
      name: "beta_oscar_bacon_891"
    }
    name: "local"
  }
  name: "master"
}
gsim_configurations {
  extent {
    bottom_left {
      x_in_chunks: -15
      z_in_chunks: -15
    }
    top_right {
      x_in_chunks: 15
      z_in_chunks: 15
    }
  }
}
start_router: true
start_bridge_oracle: true
start_bridge_module_oracle: true
start_engine_startup_module: true
start_receptionist_service: true
start_inspection_rest_module: true
start_snapshot_service: true
start_profiling_module: true
bridge_modules: "BridgeModule"
gsim_modules: "GSimModule"

2017-11-28 15:55:44,691 INFO  [improbable.module.ModuleNode] [] [] [] : Using master world extents provider.
2017-11-28 15:55:44,716 INFO  [i.core.discovery.server.LocalServer] [] [] [] : Registered Service(improbable.fabric.internal.service.WorldExtentsInternalService) on 127.0.0.1:9006.
2017-11-28 15:55:44,717 INFO  [i.c.world.MasterWorldExtentsProvider] [] [] [] : Successfully initialized world extents with 1 rectangle(s).
2017-11-28 15:55:44,721 INFO  [improbable.module.ModuleNode] [] [] [] : Loaded world extents: WorldExtents{proto=rectangles {
  bottom_left {
    x: -750.0
    z: -750.0
  }
  top_right {
    x: 750.0
    z: 750.0
  }
  is_fully_simulated: true
  responsible_gsim_id {
  }
}
bounding_rectangle {
  bottom_left {
    x: -750.0
    z: -750.0
  }
  top_right {
    x: 750.0
    z: 750.0
  }
  is_fully_simulated: true
}
}
2017-11-28 15:55:44,898 INFO  [i.e.schema.ParsedFileDescriptorSet] [] [] [] : Parsed file descriptors of 15 proto files.
2017-11-28 15:55:44,951 INFO  [i.entity.schema.SchemaFactory] [] [] [] : Found components: [improbable.player.PlayerInput, improbable.player.Winning, improbable.core.ClientAuthorityCheck, improbable.core.PlayerCreation, improbable.core.Rotation, improbable.EntityAcl, improbable.Metadata, improbable.Position, improbable.Persistence, improbable.player.Health, improbable.player.ClientConnection, improbable.player.Score, improbable.core.PlayerInfo, improbable.player.NicknamePropagator]
2017-11-28 15:55:44,965 INFO  [i.entity.schema.SchemaFactory] [] [] [] : Found components: [improbable.EntityAcl, improbable.Metadata, improbable.Position, improbable.Persistence, improbable.player.ClientConnection, improbable.core.PlayerInfo, improbable.core.Rotation, improbable.player.Score, improbable.internal.EntityAuthority, improbable.core.ClientAuthorityCheck, improbable.player.PlayerInput, improbable.player.Winning, improbable.player.NicknamePropagator, improbable.core.PlayerCreation, improbable.player.Health]
2017-11-28 15:55:44,967 INFO  [improbable.module.ModuleNode] [] [] [] : Successfully loaded schema for entities
2017-11-28 15:55:44,969 INFO  [improbable.module.ModuleNode] [] [] [] : Validating snapshot at startup and determining max entity id
2017-11-28 15:55:44,976 INFO  [i.p.s.storage.LegacySnapshotStorage] [] [] [] : Requesting download URL for Snapshot(local@latest) matching []
2017-11-28 15:55:44,996 INFO  [i.p.s.storage.LegacySnapshotStorage] [] [] [] : Downloading snapshot from http://127.0.0.1:21000/snapshots/20171128155534253
2017-11-28 15:55:45,042 INFO  [improbable.module.ModuleNode] [] [] [] : Determined the first entity id for the id assigner as 12
2017-11-28 15:55:45,047 INFO  [i.core.discovery.server.LocalServer] [] [] [] : Registered Service(improbable.fabric.internal.service.EntityIdInternalService) on 127.0.0.1:9007.
2017-11-28 15:55:45,070 INFO  [i.core.discovery.server.LocalServer] [] [] [] : Registered Service(improbable.fabric.internal.service.WorkerPrestartRegistryInternalService) on 127.0.0.1:9008.
2017-11-28 15:55:45,108 INFO  [i.core.discovery.server.LocalServer] [] [] [] : Registered Service(improbable.fabric.internal.service.RouterLookupInternalService) on 127.0.0.1:9009.
2017-11-28 15:55:45,110 INFO  [i.module.router.ActorSystemFactory$] [] [] [] : Attempting to create ActorSystem akkaFabric with configRecord akkaFabric
2017-11-28 15:55:45,320 INFO  [i.c.d.g.GlobalServiceDiscoveryImpl] [] [] [] : Global service discovery refreshed 11 server(s) (previously: 5)
2017-11-28 15:55:45,543 INFO  [akka.event.slf4j.Slf4jLogger] [] [] [] : Slf4jLogger started
2017-11-28 15:55:47,458 INFO  [i.l.params.LoadbalancerParamsFactory] [] [] [] : Parsed 1 worker loadbalancing configuration(s)
2017-11-28 15:55:47,463 INFO  [i.l.params.LoadbalancerParamsFactory] [] [] [] : Successfully loaded loadbalancing configurations: {UnityWorker=improbable.loadbalancing.params.AutoHexGridLoadbalancerParams@2478b0e6}
2017-11-28 15:55:47,575 INFO  [i.w.a.WorkerAssemblyProviderFactory] [] [] [] : Loaded worker assemblies for these workers types: UnityWorker, UnityClient.
2017-11-28 15:55:47,579 INFO  [improbable.module.ModuleNode] [] [] [] : Loaded worker assemblies: [worker_assembly_id {
  assembly_id {
    project_id {
      name: "beta_oscar_bacon_891"
    }
    name: "local_assembly"
  }
  name {
    name: "UnityWorker"
  }
}
worker_launch_configuration {
  platform: WINDOWS
  worker_zip {
    command: "UnityWorker@Windows.exe"
    argument: "+projectName"
    argument: "${IMPROBABLE_PROJECT_NAME}"
    argument: "+receptionistIp"
    argument: "${IMPROBABLE_RECEPTIONIST_HOST}"
    argument: "+receptionistPort"
    argument: "${IMPROBABLE_RECEPTIONIST_PORT}"
    argument: "+workerType"
    argument: "${IMPROBABLE_WORKER_NAME}"
    argument: "+workerId"
    argument: "${IMPROBABLE_WORKER_ID}"
    argument: "+useInternalIpForBridge"
    argument: "true"
    argument: "+infraServicesUrl"
    argument: "${IMPROBABLE_API_URL}"
    argument: "+assemblyName"
    argument: "${IMPROBABLE_ASSEMBLY_NAME}"
    argument: "+linkProtocol"
    argument: "RakNet"
    argument: "-logfile"
    argument: "${IMPROBABLE_LOG_FILE}"
    argument: "-batchmode"
    argument: "-nographics"
    worker_location {
      filename: "UnityWorker@Windows.zip"
    }
  }
}
worker_launch_configuration {
  platform: MACOS
  worker_zip {
    command: "UnityWorker@Mac.app/Contents/MacOS/UnityWorker@Mac"
    argument: "+projectName"
    argument: "${IMPROBABLE_PROJECT_NAME}"
    argument: "+receptionistIp"
    argument: "${IMPROBABLE_RECEPTIONIST_HOST}"
    argument: "+receptionistPort"
    argument: "${IMPROBABLE_RECEPTIONIST_PORT}"
    argument: "+workerType"
    argument: "${IMPROBABLE_WORKER_NAME}"
    argument: "+workerId"
    argument: "${IMPROBABLE_WORKER_ID}"
    argument: "+useInternalIpForBridge"
    argument: "true"
    argument: "+infraServicesUrl"
    argument: "${IMPROBABLE_API_URL}"
    argument: "+assemblyName"
    argument: "${IMPROBABLE_ASSEMBLY_NAME}"
    argument: "+linkProtocol"
    argument: "RakNet"
    argument: "-logfile"
    argument: "${IMPROBABLE_LOG_FILE}"
    argument: "-batchmode"
    argument: "-nographics"
    worker_location {
      filename: "UnityWorker@Mac.zip"
    }
  }
}
worker_launch_configuration {
  platform: LINUX
  worker_zip {
    command: "UnityWorker@Linux"
    argument: "+projectName"
    argument: "${IMPROBABLE_PROJECT_NAME}"
    argument: "+receptionistIp"
    argument: "${IMPROBABLE_RECEPTIONIST_HOST}"
    argument: "+receptionistPort"
    argument: "${IMPROBABLE_RECEPTIONIST_PORT}"
    argument: "+workerType"
    argument: "${IMPROBABLE_WORKER_NAME}"
    argument: "+workerId"
    argument: "${IMPROBABLE_WORKER_ID}"
    argument: "+useInternalIpForBridge"
    argument: "true"
    argument: "+infraServicesUrl"
    argument: "${IMPROBABLE_API_URL}"
    argument: "+assemblyName"
    argument: "${IMPROBABLE_ASSEMBLY_NAME}"
    argument: "+linkProtocol"
    argument: "RakNet"
    argument: "-logfile"
    argument: "${IMPROBABLE_LOG_FILE}"
    argument: "-batchmode"
    argument: "-nographics"
    worker_location {
      filename: "UnityWorker@Linux.zip"
    }
  }
}
bridge_configuration {
  worker_attribute_set {
    attribute {
      name: "physics"
    }
  }
  entity_interest {
    range_entity_interest {
      radius: 200.0
    }
  }
  component_delivery {
    checkout_all_initially: true
  }
}
, worker_assembly_id {
  assembly_id {
    project_id {
      name: "beta_oscar_bacon_891"
    }
    name: "local_assembly"
  }
  name {
    name: "UnityClient"
  }
}
bridge_configuration {
  worker_attribute_set {
    attribute {
      name: "visual"
    }
  }
  entity_interest {
    range_entity_interest {
      radius: 200.0
    }
  }
  component_delivery {
    checkout_all_initially: true
  }
}
]
2017-11-28 15:55:47,585 INFO  [i.w.assembly.WorkerAssemblyProvider] [] [] [] : Worker configuration for 'UnityClient' does not contain a launch configuration for the current platform 'WINDOWS', so Fabric will not start any managed workers of this type
2017-11-28 15:55:47,586 INFO  [i.w.assembly.WorkerAssemblyProvider] [] [] [] : The following worker configurations do not contain valid managed launch configurations for the current platform WINDOWS, and the runtime will be unable to launch managed workers of this type: [UnityClient]. This is expected for worker types you intend to only connect manually.
2017-11-28 15:55:47,593 INFO  [i.w.permissions.PermissionsFactory] [] [] [] : Created permissions manager with permissions: {UnityWorker=Permissions{{/sys/CreateEntity=, /sys/DeleteEntity=, /sys/EntityQuery={"component":["*"]}}}, UnityClient=Permissions{{/sys/EntityQuery={"component":[]}}}}
2017-11-28 15:55:49,920 INFO  [improbable.module.ModuleNode] [] [] [] : Starting router on master
2017-11-28 15:55:49,929 INFO  [i.core.discovery.server.LocalServer] [] [] [] : Registered Service(improbable.fabric.internal.service.RouterInternalService) on 127.0.0.1:9010.
2017-11-28 15:55:49,930 INFO  [i.c.m.r.RouterInternalServiceImpl] [] [] [] : Attempting to register RouterInternalServiceImpl with RouterLookupInternalService.
2017-11-28 15:55:49,946 INFO  [i.c.m.r.l.RouterLookupInternalServiceImpl] [] [] [] : 1/1 router modules started
2017-11-28 15:55:49,947 INFO  [i.c.m.r.RouterInternalServiceImpl] [] [] [] : Registered RouterInternalServiceImpl with RouterLookupInternalService.
2017-11-28 15:55:49,948 INFO  [improbable.module.ModuleNode] [] [] [] : Attempting to get addresses of all RouterModules from master node
2017-11-28 15:55:49,960 INFO  [improbable.module.ModuleNode] [] [] [] : Got all RouterModules from master node
2017-11-28 15:55:49,983 INFO  [i.core.discovery.server.LocalServer] [] [] [] : Registered Service(improbable.fabric.internal.service.RemoteMessageInternalService) on 127.0.0.1:9011.
2017-11-28 15:55:50,002 INFO  [i.core.discovery.server.LocalServer] [] [] [] : Registered Service(improbable.fabric.internal.service.LocalBrokerInternalService) on 127.0.0.1:9012.
2017-11-28 15:55:50,009 INFO  [improbable.module.ModuleNode] [] [] [] : Waiting for all router modules in the deployment to have started
2017-11-28 15:55:50,014 INFO  [improbable.module.ModuleNode] [] [] [] : All router modules in the deployment started
2017-11-28 15:55:50,098 INFO  [org.eclipse.jetty.server.Server] [] [] [] : jetty-8.y.z-SNAPSHOT
2017-11-28 15:55:50,143 INFO  [o.e.jetty.server.AbstractConnector] [] [] [] : Started SelectChannelConnector@0.0.0.0:5006
2017-11-28 15:55:50,144 INFO  [improbable.http.ServletContainer$] [] [] [] : Servlet container started
2017-11-28 15:55:50,148 INFO  [improbable.module.ModuleNode] [] [] [] : Starting BridgeOracle on master
2017-11-28 15:55:50,160 INFO  [improbable.module.ModuleNode] [] [] [] : Waiting for the BridgeOracle to have started
2017-11-28 15:55:50,248 INFO  [i.c.d.g.GlobalServiceDiscoveryImpl] [] [] [] : Global service discovery refreshed 14 server(s) (previously: 11)
2017-11-28 15:55:50,388 INFO  [i.core.discovery.server.LocalServer] [] [] [] : Registered Service(improbable.fabric.internal.service.BridgeOracleInternalService) on 127.0.0.1:9013.
2017-11-28 15:55:51,258 INFO  [i.c.d.g.GlobalServiceDiscoveryImpl] [] [] [] : Global service discovery refreshed 15 server(s) (previously: 14)
2017-11-28 15:55:51,258 INFO  [improbable.module.ModuleNode] [] [] [] : Received BridgeOracle started
2017-11-28 15:55:51,268 INFO  [i.core.discovery.server.LocalServer] [] [] [] : Registered Service(improbable.fabric.internal.service.GlobalBrokerInternalService) on 127.0.0.1:9014.
2017-11-28 15:55:51,269 INFO  [improbable.module.ModuleNode] [] [] [] : Waiting for the BridgeModuleOracle to have started
2017-11-28 15:55:51,274 INFO  [i.c.a.e.ExtensibleActorReporter] [] [] [] : Started BridgeModuleOracleActor(Actor[akka://akkaFabric/user/BridgeModuleOracleModule#-844269264]).
2017-11-28 15:55:51,290 INFO  [i.core.discovery.server.LocalServer] [] [] [] : Registered Service(improbable.fabric.internal.service.BridgeServiceOracleInternalService) on 127.0.0.1:9015.
2017-11-28 15:55:52,255 INFO  [i.c.d.g.GlobalServiceDiscoveryImpl] [] [] [] : Global service discovery refreshed 17 server(s) (previously: 15)
2017-11-28 15:55:52,255 INFO  [improbable.module.ModuleNode] [] [] [] : Received BridgeModuleOracle started
2017-11-28 15:55:52,269 INFO  [improbable.module.ModuleNode] [] [] [] : Starting gsim GSimModule
2017-11-28 15:55:52,279 INFO  [improbable.module.ModuleNode] [] [] [] : Waiting for 1 entity query service(s) to start.
2017-11-28 15:55:52,303 INFO  [i.core.discovery.server.LocalServer] [] [] [] : Registered Service(improbable.fabric.internal.service.LocalSnapshotInternalService) on 127.0.0.1:9016.
2017-11-28 15:55:52,336 INFO  [i.core.discovery.server.PublicServer] [] [] [] : Registered Service(improbable.fabric.internal.service.ScalingStatsInternalService) on 127.0.0.1:9017.
2017-11-28 15:55:52,368 INFO  [i.core.discovery.server.LocalServer] [] [] [] : Registered Service(improbable.fabric.internal.service.EntityQueryInternalService) on 127.0.0.1:9018.
2017-11-28 15:55:52,401 INFO  [i.p.gsim.GSimPersistenceWriter] [] [] [] : Transitioning GSimPersistenceActor(0) from State [Idle] to [Idle].  Time Elapsed: 1 millisecond
2017-11-28 15:55:52,391 INFO  [i.bridge.oracle.scaling.WorkerScaler] [] [] [] : Skipping reconciliation because no WorkerRunner service is available. This message is expected at startup but should not persist through the deployment
2017-11-28 15:55:53,296 INFO  [i.c.d.g.GlobalServiceDiscoveryImpl] [] [] [] : Global service discovery refreshed 20 server(s) (previously: 17)
2017-11-28 15:55:53,298 INFO  [improbable.module.ModuleNode] [] [] [] : All 1 entity query service(s) have started.
2017-11-28 15:55:53,298 INFO  [improbable.module.ModuleNode] [] [] [] : Creating entity query client.
2017-11-28 15:55:53,325 INFO  [improbable.module.ModuleNode] [] [] [] : Entity query client created with directory: EntityQueryServiceDirectory{allServices=[EntityQueryInternalServiceInfo{address=host: "127.0.0.1"
port: 9018
, extent=Rectangle{minX=-750.0, minZ=-750.0, maxX=750.0, maxZ=750.0}, isLocal=true}], localServices=[EntityQueryInternalServiceInfo{address=host: "127.0.0.1"
port: 9018
, extent=Rectangle{minX=-750.0, minZ=-750.0, maxX=750.0, maxZ=750.0}, isLocal=true}], remoteServices=[]}
2017-11-28 15:55:53,332 INFO  [improbable.module.ModuleNode] [] [] [] : Waiting for 1 bridge service(s) to start.
2017-11-28 15:55:53,354 INFO  [i.c.a.e.ExtensibleActorReporter] [] [] [] : Started BridgeModuleActor(Actor[akka://akkaFabric/user/BridgeModule:f0a05794-ea2d-4d9e-a2d6-1492cd64ad14#1864634848]).
2017-11-28 15:55:53,382 INFO  [i.core.discovery.server.LocalServer] [] [] [] : Registered Service(improbable.fabric.internal.service.BridgeInternalService) on 127.0.0.1:9019.
2017-11-28 15:55:53,383 INFO  [i.module.bridge.BridgeModuleActor] [] [] [] : Waiting for BridgeModuleOracle service to be available
2017-11-28 15:55:53,398 INFO  [i.module.bridge.BridgeModuleActor] [] [] [] : Registered(BridgeModuleEndpoint(f0a05794-ea2d-4d9e-a2d6-1492cd64ad14)) on BridgeModuleOracleService
2017-11-28 15:55:54,257 INFO  [i.c.d.g.GlobalServiceDiscoveryImpl] [] [] [] : Global service discovery refreshed 21 server(s) (previously: 20)
2017-11-28 15:55:54,258 INFO  [improbable.module.ModuleNode] [] [] [] : All 1 bridge service(s) have started.
2017-11-28 15:55:54,262 INFO  [improbable.module.ModuleNode] [] [] [] : Starting WorkerRunner service (EngineStartupModule)
2017-11-28 15:55:54,269 INFO  [improbable.worker.exec.WorkerStats] [] [] [] : Cannot read /proc/self/stat; worker stats reporting will not work.
2017-11-28 15:55:54,280 INFO  [i.core.discovery.server.PublicServer] [] [] [] : Registered Service(improbable.platform.inner.worker.WorkerRunner) on 127.0.0.1:9020.
2017-11-28 15:55:54,293 INFO  [i.core.discovery.server.LocalServer] [] [] [] : Registered Service(improbable.fabric.internal.service.ReceptionistInternalService) on 127.0.0.1:9021.
2017-11-28 15:55:54,301 INFO  [i.core.discovery.server.PublicServer] [] [] [] : Registered Service(improbable.platform.runtime.ReceptionistService) on 127.0.0.1:7777.
2017-11-28 15:55:54,302 INFO  [improbable.module.ModuleNode] [] [] [] : Starting InspectionRestModule
2017-11-28 15:55:54,303 INFO  [improbable.module.ModuleNode] [] [] [] : Starting ProfilingModule
2017-11-28 15:55:54,307 INFO  [i.c.d.client.CheckpointDiscoveryImpl] [] [] [] : Reached a checkpoint: ALL_MODULES_STARTED
2017-11-28 15:55:54,308 INFO  [improbable.module.ModuleNode] [] [] [] : All modules on this node started, waiting for other nodes to reach the same checkpoint.
2017-11-28 15:55:54,311 INFO  [i.c.a.e.ExtensibleActorReporter] [] [] [] : Started ProfilingModuleActor(Actor[akka://akkaFabric/user/ProfilingModule#1584246462]).
2017-11-28 15:55:54,314 INFO  [i.core.discovery.server.LocalServer] [] [] [] : Registered Service(improbable.fabric.internal.debug.HeatmapCellCacheInternalService) on 127.0.0.1:9022.
2017-11-28 15:55:54,354 INFO  [i.core.discovery.server.PublicServer] [] [] [] : Registered Service(improbable.platform.runtime.InspectionService) on 127.0.0.1:9023.
2017-11-28 15:55:54,373 INFO  [i.bridge.oracle.scaling.WorkerScaler] [] [] [] : Skipping reconciliation because no WorkerRunner service is available. This message is expected at startup but should not persist through the deployment
2017-11-28 15:55:54,412 INFO  [i.c.a.e.ExtensibleActorReporter] [] [] [] : Started InspectionRestModuleActor(Actor[akka://akkaFabric/user/InspectionRestModule#470378780]).
2017-11-28 15:55:54,974 INFO  [spray.can.server.HttpListener] [akka://akkaFabric/user/IO-HTTP/listener-0] [akkaFabric-akka.actor.default-dispatcher-2] [] : Bound to /0.0.0.0:5005
2017-11-28 15:55:55,260 INFO  [i.c.d.g.GlobalCheckpointDiscoveryImpl] [] [] [] : Global checkpoint discovery refreshed checkpoints.
2017-11-28 15:55:55,261 INFO  [i.c.d.g.GlobalServiceDiscoveryImpl] [] [] [] : Global service discovery refreshed 26 server(s) (previously: 21)
2017-11-28 15:55:55,263 INFO  [improbable.module.ModuleNode] [] [] [] : All modules on all nodes have been started.
2017-11-28 15:55:55,266 INFO  [improbable.module.ModuleNode] [] [] [] : Loading a snapshot.
2017-11-28 15:55:55,290 INFO  [i.p.g.GSimPersistenceLoadOrchestrator] [] [] [] : Loading snapshot on GSim(0).
2017-11-28 15:55:55,291 INFO  [i.p.s.storage.LegacySnapshotStorage] [] [] [] : Requesting download URL for Snapshot(local@latest) matching []
2017-11-28 15:55:55,302 INFO  [i.p.s.storage.LegacySnapshotStorage] [] [] [] : Downloading snapshot from http://127.0.0.1:21000/snapshots/20171128155534253
2017-11-28 15:55:55,306 INFO  [i.p.gsim.GSimPersistenceLoader] [] [] [] : Loading snapshot
2017-11-28 15:55:55,347 INFO  [i.p.g.GSimPersistenceLoadOrchestrator] [] [] [] : Loaded 11 entities on GSim(0).
2017-11-28 15:55:55,350 INFO  [i.p.c.PersistenceLoaderCoordinatorActor] [] [] [] : All Snapshots loaded.
2017-11-28 15:55:55,351 INFO  [improbable.module.ModuleNode] [] [] [] : Snapshot has been loaded.
2017-11-28 15:55:55,351 INFO  [improbable.module.ModuleNode] [] [] [] : Starting SnapshotService.
2017-11-28 15:55:55,422 INFO  [i.core.discovery.server.PublicServer] [] [] [] : Registered Service(improbable.platform.runtime.SnapshotService) on 127.0.0.1:9024.
2017-11-28 15:55:55,422 INFO  [i.c.d.client.CheckpointDiscoveryImpl] [] [] [] : Reached a checkpoint: LOAD_SNAPSHOT_FINISHED
2017-11-28 15:55:55,424 INFO  [improbable.module.ModuleNode] [] [] [] : SpatialOS runtime startup complete.
2017-11-28 15:55:55,481 INFO  [i.l.params.LoadbalancerParamsFactory] [] [] [] : LoadbalancerParams for worker type [UnityWorker]: [AutoHexGridLoadbalancerParams{energyLimitingEnabled=true, energyLimit=1.0E9, minWorkerRange=1500.0, maxWorkerRange=1500.0, maxWorkerStepSize=0.0, workerExpansionTimeMs=60000, workerGridSize=0, loadbalancerEnabled=false, hexGridMode=AUTO, scalerAdvisorType=CONSTANT, maxWorkers=1, initialWorkers=1, numEntitiesPerWorker=9223372036854775807, statusReportPeriodMs=30000, pointsOfInterestEnabled=false, hexGridSolution=AutoValue_HexGridSolution{workersUsed=1, hexagonEdgeLength=1500.0, hexagonOrientation=POINTY_TOP, bounds=Rectangle{minX=-750.0, minZ=-750.0, maxX=750.0, maxZ=750.0}}, pointsOfInterestSolution=Empty}]
2017-11-28 15:55:56,244 INFO  [i.c.d.g.GlobalCheckpointDiscoveryImpl] [] [] [] : Global checkpoint discovery refreshed checkpoints.
2017-11-28 15:55:56,245 INFO  [i.c.d.g.GlobalServiceDiscoveryImpl] [] [] [] : Global service discovery refreshed 27 server(s) (previously: 26)
2017-11-28 15:55:56,406 INFO  [i.b.o.m.BridgeOracleWorkerManager] [] [] [] : Trying to start managed worker UnityWorker0
2017-11-28 15:55:56,425 INFO  [i.bridge.oracle.scaling.WorkerScaler] [] [] [] : Starting 1 new managed workers for attribute_set {
  attribute: "physics"
}
 (required: 1, existing: 0)
2017-11-28 15:55:56,425 INFO  [i.worker.exec.WorkerStartupExecutor] [] [] [] : Awaiting internal receptionist service to register with service discovery
2017-11-28 15:55:56,429 INFO  [i.worker.exec.WorkerStartupExecutor] [] [] [] : Successfully found the internal receptionist service in service discovery
2017-11-28 15:55:56,433 INFO  [i.worker.exec.WorkerStartupExecutor] [] [] [] : Awaiting public receptionist service to register with service discovery
2017-11-28 15:55:56,434 INFO  [i.worker.exec.WorkerStartupExecutor] [] [] [] : Successfully found the public receptionist service in service discovery
2017-11-28 15:56:02,610 INFO  [i.worker.exec.WorkerStartupExecutor] [] [] [] : Created log file for worker UnityWorker0, type (UnityWorker): [C:\Users\Erasmo\Documents\GitHub\Game\logs\2017-11-28_15-55-35_0\workers\UnityWorker\UnityWorker0-1867832295215304995.log]
2017-11-28 15:56:02,612 INFO  [i.worker.exec.CommandLineExecutor] [] [] [] : Running command: C:\Users\Erasmo\AppData\Local\Temp\zip-downloader500057348185590550\520c5bc3e35db97111ef1d789017dd88\UnityWorker@Windows.exe +projectName beta_oscar_bacon_891 +receptionistIp 127.0.0.1 +receptionistPort 7777 +workerType UnityWorker +workerId UnityWorker0 +useInternalIpForBridge true +infraServicesUrl http://127.0.0.1:21000 +assemblyName local_assembly +linkProtocol RakNet -logfile C:\Users\Erasmo\Documents\GitHub\Game\logs\2017-11-28_15-55-35_0\workers\UnityWorker\UnityWorker0-1867832295215304995.log -batchmode -nographics
2017-11-28 15:56:04,617 INFO  [i.b.s.BridgeServicePicker] [] [] [] : Attempting to get positionHint for UnityWorker0 via rpc
2017-11-28 15:56:04,629 INFO  [i.b.s.BridgeServicePicker] [] [] [] : Selected legacy_guid: "f0a05794-ea2d-4d9e-a2d6-1492cd64ad14"
address {
  host: "127.0.0.1"
  port: 9019
}
 with position  which is the nearest bridge service to position (0.0, 0.0, 0.0)
2017-11-28 15:56:04,644 INFO  [i.m.b.o.m.BridgeModuleOracleActor] [] [] [] : BridgeServicePicker returned module Optional[legacy_guid: "f0a05794-ea2d-4d9e-a2d6-1492cd64ad14"
address {
  host: "127.0.0.1"
  port: 9019
}
] with load Optional[BridgeModuleLoadBalanceInfo((0.0, 0.0, 0.0),0)].get().toString() for Engine(UnityWorker0)
2017-11-28 15:56:05,008 INFO  [i.b.i.BridgeInternalServiceImpl] [] [] [] : Bridge worker_id: "UnityWorker0"
 registered with bridge internal service
2017-11-28 15:56:05,019 INFO  [i.b.o.s.BridgeOracleInternalServiceImpl] [] [] [] : Got bridge started rpc from bridge: worker_id: "UnityWorker0"

2017-11-28 15:56:05,020 INFO  [i.b.o.s.BridgeOracleInternalServiceImpl] [] [] [] : The worker UnityWorker0 registered with SpatialOS successfully.
2017-11-28 15:56:05,022 INFO  [i.module.bridge.oracle.BridgeOracle] [] [] [] : Sending bridge started to self for bridge endpoint BridgeOracleEndpoint
2017-11-28 15:56:05,024 INFO  [i.module.bridge.oracle.BridgeOracle] [] [] [] : Bridge(UnityWorker0) started.
2017-11-28 15:56:05,032 INFO  [i.b.o.m.BridgeOracleWorkerManager] [] [] [] : Worker UnityWorker0 registered with the BridgeOracleWorker manager
2017-11-28 15:56:05,748 INFO  [i.b.n.raknet.GuardedRakPeerInterface] [] [] [] : New RakNet connection established with 127.0.0.1
2017-11-28 15:56:41,388 INFO  [i.b.s.BridgeServicePicker] [] [] [] : Attempting to get positionHint for UnityClientb3c4d2f7-a7a3-4ccd-91c9-54a99bb701f6 via rpc
2017-11-28 15:56:41,390 INFO  [i.b.s.BridgeServicePicker] [] [] [] : Starting UnityClientb3c4d2f7-a7a3-4ccd-91c9-54a99bb701f6 without a position hint, so using a random bridge service
2017-11-28 15:56:41,394 INFO  [i.m.b.o.m.BridgeModuleOracleActor] [] [] [] : BridgeServicePicker returned module Optional[legacy_guid: "f0a05794-ea2d-4d9e-a2d6-1492cd64ad14"
address {
  host: "127.0.0.1"
  port: 9019
}
] with load Optional[BridgeModuleLoadBalanceInfo((0.0, 0.0, 0.0),1)].get().toString() for Engine(UnityClientb3c4d2f7-a7a3-4ccd-91c9-54a99bb701f6)
2017-11-28 15:56:41,415 INFO  [i.l.params.LoadbalancerParamsFactory] [] [] [] : LoadbalancerParams for worker type [UnityClient]: [FlagzLoadbalancerParams{energyLimitingEnabled=true, energyLimit=1.0E9, minWorkerRange=Infinity, maxWorkerRange=Infinity, maxWorkerStepSize=50.0, workerExpansionTimeMs=60000, workerGridSize=5, loadbalancerEnabled=true, hexGridMode=OFF, scalerAdvisorType=ENTITY_COUNT, maxWorkers=25, initialWorkers=25, numEntitiesPerWorker=9223372036854775807, statusReportPeriodMs=2000, pointsOfInterestEnabled=false, hexGridSolution=Empty, pointsOfInterestSolution=Empty}]
2017-11-28 15:56:41,425 INFO  [i.b.i.BridgeInternalServiceImpl] [] [] [] : Bridge worker_id: "UnityClientb3c4d2f7-a7a3-4ccd-91c9-54a99bb701f6"
 registered with bridge internal service
2017-11-28 15:56:41,430 INFO  [i.b.o.s.BridgeOracleInternalServiceImpl] [] [] [] : Got bridge started rpc from bridge: worker_id: "UnityClientb3c4d2f7-a7a3-4ccd-91c9-54a99bb701f6"

2017-11-28 15:56:41,438 INFO  [i.b.o.s.BridgeOracleInternalServiceImpl] [] [] [] : The worker UnityClientb3c4d2f7-a7a3-4ccd-91c9-54a99bb701f6 registered with SpatialOS successfully.
2017-11-28 15:56:41,439 INFO  [i.module.bridge.oracle.BridgeOracle] [] [] [] : Sending bridge started to self for bridge endpoint BridgeOracleEndpoint
2017-11-28 15:56:41,444 INFO  [i.module.bridge.oracle.BridgeOracle] [] [] [] : Bridge(UnityClientb3c4d2f7-a7a3-4ccd-91c9-54a99bb701f6) started.
2017-11-28 15:56:42,023 INFO  [i.b.n.raknet.GuardedRakPeerInterface] [] [] [] : New RakNet connection established with 127.0.0.1
2017-11-28 15:56:46,278 INFO  [i.b.s.BridgeServicePicker] [] [] [] : Attempting to get positionHint for UnityClientcf942a15-bef0-43d0-9b18-6c35154ca5ff via rpc
2017-11-28 15:56:46,282 INFO  [i.b.s.BridgeServicePicker] [] [] [] : Starting UnityClientcf942a15-bef0-43d0-9b18-6c35154ca5ff without a position hint, so using a random bridge service
2017-11-28 15:56:46,284 INFO  [i.m.b.o.m.BridgeModuleOracleActor] [] [] [] : BridgeServicePicker returned module Optional[legacy_guid: "f0a05794-ea2d-4d9e-a2d6-1492cd64ad14"
address {
  host: "127.0.0.1"
  port: 9019
}
] with load Optional[BridgeModuleLoadBalanceInfo((0.0, 0.0, 0.0),2)].get().toString() for Engine(UnityClientcf942a15-bef0-43d0-9b18-6c35154ca5ff)
2017-11-28 15:56:46,325 INFO  [i.b.i.BridgeInternalServiceImpl] [] [] [] : Bridge worker_id: "UnityClientcf942a15-bef0-43d0-9b18-6c35154ca5ff"
 registered with bridge internal service
2017-11-28 15:56:46,328 INFO  [i.b.o.s.BridgeOracleInternalServiceImpl] [] [] [] : Got bridge started rpc from bridge: worker_id: "UnityClientcf942a15-bef0-43d0-9b18-6c35154ca5ff"

2017-11-28 15:56:46,328 INFO  [i.b.o.s.BridgeOracleInternalServiceImpl] [] [] [] : The worker UnityClientcf942a15-bef0-43d0-9b18-6c35154ca5ff registered with SpatialOS successfully.
2017-11-28 15:56:46,349 INFO  [i.module.bridge.oracle.BridgeOracle] [] [] [] : Sending bridge started to self for bridge endpoint BridgeOracleEndpoint
2017-11-28 15:56:46,350 INFO  [i.module.bridge.oracle.BridgeOracle] [] [] [] : Bridge(UnityClientcf942a15-bef0-43d0-9b18-6c35154ca5ff) started.
2017-11-28 15:56:46,972 INFO  [i.b.n.raknet.GuardedRakPeerInterface] [] [] [] : New RakNet connection established with 127.0.0.1
2017-11-28 15:57:16,297 INFO  [akka.actor.LocalActorRef] [akka://akkaFabric/user/GSimModule/EntityFactory/Entity-12/EntityUser-12] [akkaFabric-akka.actor.default-dispatcher-2] [] : Message [improbable.gsim.proxy.entity.StateUpdateWrapperMsg] from Actor[akka://akkaFabric/deadLetters] to Actor[akka://akkaFabric/user/GSimModule/EntityFactory/Entity-12/EntityUser-12#-126554054] was not delivered. [1] dead letters encountered. This logging can be turned off or adjusted with configuration settings 'akka.log-dead-letters' and 'akka.log-dead-letters-during-shutdown'.
