2017-11-28 16:33:38,007 INFO  [i.deployment.InternalGameLauncher] [] [] [] : Parsed 362 internal flags at startup
2017-11-28 16:33:38,467 INFO  [i.deployment.InternalGameLauncher] [] [] [] : SpatialOS runtime version: 11-20171114T103507Z-cc9d195
2017-11-28 16:33:39,008 INFO  [i.c.c.f.FlagzFieldRegistryUpdater] [] [] [] : Initialized Fabric flagz registry with 11 set fields.
2017-11-28 16:33:40,272 INFO  [i.core.discovery.server.LocalServer] [] [] [] : Registered Service(improbable.fabric.internal.service.StatusDiscoveryInternalService) on 127.0.0.1:5301.
2017-11-28 16:33:40,273 INFO  [i.c.discovery.ServiceDiscoveryImpl] [] [] [] : Status discovery address: host: "127.0.0.1"
port: 5301

2017-11-28 16:33:40,278 INFO  [improbable.module.ModuleNode] [] [] [] : Starting Fabric node as master (IP: 127.0.0.1).
2017-11-28 16:33:40,282 INFO  [i.c.d.client.CheckpointDiscoveryImpl] [] [] [] : Reached a checkpoint: ALL_NODES_STARTED
2017-11-28 16:33:40,283 INFO  [improbable.module.ModuleNode] [] [] [] : Node master has started, waiting for other nodes to reach the same checkpoint.
2017-11-28 16:33:40,283 INFO  [improbable.module.ModuleNode] [] [] [] : All nodes have been started.
2017-11-28 16:33:40,305 INFO  [i.core.discovery.server.PublicServer] [] [] [] : Registered Service(improbable.platform.runtime.ModuleService) on 127.0.0.1:9000.
2017-11-28 16:33:40,318 INFO  [i.core.discovery.server.PublicServer] [] [] [] : Registered Service(improbable.platform.runtime.HealthCheckService) on 127.0.0.1:9001.
2017-11-28 16:33:40,366 INFO  [i.core.discovery.server.LocalServer] [] [] [] : Registered Service(improbable.fabric.internal.service.PerfInternalService) on 127.0.0.1:9002.
2017-11-28 16:33:40,384 INFO  [i.core.discovery.server.LocalServer] [] [] [] : Registered Service(improbable.fabric.internal.service.ContentionInternalService) on 127.0.0.1:9003.
2017-11-28 16:33:40,421 INFO  [i.core.discovery.server.PublicServer] [] [] [] : Registered Service(improbable.platform.runtime.FeatureService) on 127.0.0.1:9004.
2017-11-28 16:33:40,445 INFO  [i.c.d.g.GlobalServiceDiscoveryImpl] [] [] [] : Global service discovery refreshed 5 server(s) (previously: 0)
2017-11-28 16:33:40,446 INFO  [i.c.d.g.GlobalCheckpointDiscoveryImpl] [] [] [] : Global checkpoint discovery refreshed checkpoints.
2017-11-28 16:33:40,469 INFO  [i.c.config.flagz.WorkerFlagzUpdater] [] [] [] : Initialized worker flagz registry with 0 set fields.
2017-11-28 16:33:40,471 INFO  [improbable.module.ModuleNode] [] [] [] : Using master node configuration loader.
2017-11-28 16:33:40,481 INFO  [i.core.discovery.server.LocalServer] [] [] [] : Registered Service(improbable.fabric.internal.service.NodeConfigurationInternalService) on 127.0.0.1:9005.
2017-11-28 16:33:40,506 INFO  [i.c.c.n.MasterNodeConfigurationLoader] [] [] [] : Using roles [MASTER, GSIM, BRIDGE, WORKER_RUNNER, INSPECTION] for node node_id {
  deployment_id {
    project_id {
      name: "beta_oscar_bacon_891"
    }
    name: "local"
  }
  name: "master"
}
private_ip: "127.0.0.1"
roles: MASTER
roles: GSIM
roles: BRIDGE
roles: WORKER_RUNNER
roles: INSPECTION

2017-11-28 16:33:40,539 INFO  [improbable.core.config.node.GsimGrid] [] [] [] : Created gsim grid configuration of size (1500, 1500) with 1 columns and 1 rows, using gsims of (30, 30) chunks.
2017-11-28 16:33:40,564 INFO  [i.c.c.n.MasterNodeConfigurationLoader] [] [] [] : Original deployment module configuration (before parsing): {deployment_id {
  project_id {
    name: "beta_oscar_bacon_891"
  }
  name: "local"
}
name: "master"
=[ProfilingModule, BridgeModuleOracleModule, BridgeOracleModule, PersistenceModule, ReceptionistModule, RouterModule, GSimModule, BridgeModule, EngineStartupModule, InspectionRestModule]}
2017-11-28 16:33:40,589 INFO  [i.c.c.n.MasterNodeConfigurationLoader] [] [] [] : Master successfully loaded configurations for 1 node(s).
2017-11-28 16:33:40,600 INFO  [improbable.module.ModuleNode] [] [] [] : Loaded node configuration: node_id {
  deployment_id {
    project_id {
      name: "beta_oscar_bacon_891"
    }
    name: "local"
  }
  name: "master"
}
gsim_configurations {
  extent {
    bottom_left {
      x_in_chunks: -15
      z_in_chunks: -15
    }
    top_right {
      x_in_chunks: 15
      z_in_chunks: 15
    }
  }
}
start_router: true
start_bridge_oracle: true
start_bridge_module_oracle: true
start_engine_startup_module: true
start_receptionist_service: true
start_inspection_rest_module: true
start_snapshot_service: true
start_profiling_module: true
bridge_modules: "BridgeModule"
gsim_modules: "GSimModule"

2017-11-28 16:33:40,601 INFO  [improbable.module.ModuleNode] [] [] [] : Using master world extents provider.
2017-11-28 16:33:40,623 INFO  [i.core.discovery.server.LocalServer] [] [] [] : Registered Service(improbable.fabric.internal.service.WorldExtentsInternalService) on 127.0.0.1:9006.
2017-11-28 16:33:40,624 INFO  [i.c.world.MasterWorldExtentsProvider] [] [] [] : Successfully initialized world extents with 1 rectangle(s).
2017-11-28 16:33:40,628 INFO  [improbable.module.ModuleNode] [] [] [] : Loaded world extents: WorldExtents{proto=rectangles {
  bottom_left {
    x: -750.0
    z: -750.0
  }
  top_right {
    x: 750.0
    z: 750.0
  }
  is_fully_simulated: true
  responsible_gsim_id {
  }
}
bounding_rectangle {
  bottom_left {
    x: -750.0
    z: -750.0
  }
  top_right {
    x: 750.0
    z: 750.0
  }
  is_fully_simulated: true
}
}
2017-11-28 16:33:40,776 INFO  [i.e.schema.ParsedFileDescriptorSet] [] [] [] : Parsed file descriptors of 15 proto files.
2017-11-28 16:33:40,819 INFO  [i.entity.schema.SchemaFactory] [] [] [] : Found components: [improbable.player.PlayerInput, improbable.player.Winning, improbable.core.ClientAuthorityCheck, improbable.core.PlayerCreation, improbable.core.Rotation, improbable.EntityAcl, improbable.Metadata, improbable.Position, improbable.Persistence, improbable.player.Health, improbable.player.ClientConnection, improbable.player.Score, improbable.core.PlayerInfo, improbable.player.NicknamePropagator]
2017-11-28 16:33:40,830 INFO  [i.entity.schema.SchemaFactory] [] [] [] : Found components: [improbable.EntityAcl, improbable.Metadata, improbable.Position, improbable.Persistence, improbable.player.ClientConnection, improbable.core.PlayerInfo, improbable.core.Rotation, improbable.player.Score, improbable.internal.EntityAuthority, improbable.core.ClientAuthorityCheck, improbable.player.PlayerInput, improbable.player.Winning, improbable.player.NicknamePropagator, improbable.core.PlayerCreation, improbable.player.Health]
2017-11-28 16:33:40,831 INFO  [improbable.module.ModuleNode] [] [] [] : Successfully loaded schema for entities
2017-11-28 16:33:40,833 INFO  [improbable.module.ModuleNode] [] [] [] : Validating snapshot at startup and determining max entity id
2017-11-28 16:33:40,839 INFO  [i.p.s.storage.LegacySnapshotStorage] [] [] [] : Requesting download URL for Snapshot(local@latest) matching []
2017-11-28 16:33:40,858 INFO  [i.p.s.storage.LegacySnapshotStorage] [] [] [] : Downloading snapshot from http://127.0.0.1:21000/snapshots/20171128163328781
2017-11-28 16:33:40,898 INFO  [improbable.module.ModuleNode] [] [] [] : Determined the first entity id for the id assigner as 12
2017-11-28 16:33:40,903 INFO  [i.core.discovery.server.LocalServer] [] [] [] : Registered Service(improbable.fabric.internal.service.EntityIdInternalService) on 127.0.0.1:9007.
2017-11-28 16:33:40,927 INFO  [i.core.discovery.server.LocalServer] [] [] [] : Registered Service(improbable.fabric.internal.service.WorkerPrestartRegistryInternalService) on 127.0.0.1:9008.
2017-11-28 16:33:40,972 INFO  [i.core.discovery.server.LocalServer] [] [] [] : Registered Service(improbable.fabric.internal.service.RouterLookupInternalService) on 127.0.0.1:9009.
2017-11-28 16:33:40,974 INFO  [i.module.router.ActorSystemFactory$] [] [] [] : Attempting to create ActorSystem akkaFabric with configRecord akkaFabric
2017-11-28 16:33:41,215 INFO  [i.c.d.g.GlobalServiceDiscoveryImpl] [] [] [] : Global service discovery refreshed 11 server(s) (previously: 5)
2017-11-28 16:33:41,472 INFO  [akka.event.slf4j.Slf4jLogger] [] [] [] : Slf4jLogger started
2017-11-28 16:33:43,676 INFO  [i.l.params.LoadbalancerParamsFactory] [] [] [] : Parsed 1 worker loadbalancing configuration(s)
2017-11-28 16:33:43,683 INFO  [i.l.params.LoadbalancerParamsFactory] [] [] [] : Successfully loaded loadbalancing configurations: {UnityWorker=improbable.loadbalancing.params.AutoHexGridLoadbalancerParams@2478b0e6}
2017-11-28 16:33:43,833 INFO  [i.w.a.WorkerAssemblyProviderFactory] [] [] [] : Loaded worker assemblies for these workers types: UnityClient, UnityWorker.
2017-11-28 16:33:43,837 INFO  [improbable.module.ModuleNode] [] [] [] : Loaded worker assemblies: [worker_assembly_id {
  assembly_id {
    project_id {
      name: "beta_oscar_bacon_891"
    }
    name: "local_assembly"
  }
  name {
    name: "UnityClient"
  }
}
bridge_configuration {
  worker_attribute_set {
    attribute {
      name: "visual"
    }
  }
  entity_interest {
    range_entity_interest {
      radius: 200.0
    }
  }
  component_delivery {
    checkout_all_initially: true
  }
}
, worker_assembly_id {
  assembly_id {
    project_id {
      name: "beta_oscar_bacon_891"
    }
    name: "local_assembly"
  }
  name {
    name: "UnityWorker"
  }
}
worker_launch_configuration {
  platform: WINDOWS
  worker_zip {
    command: "UnityWorker@Windows.exe"
    argument: "+projectName"
    argument: "${IMPROBABLE_PROJECT_NAME}"
    argument: "+receptionistIp"
    argument: "${IMPROBABLE_RECEPTIONIST_HOST}"
    argument: "+receptionistPort"
    argument: "${IMPROBABLE_RECEPTIONIST_PORT}"
    argument: "+workerType"
    argument: "${IMPROBABLE_WORKER_NAME}"
    argument: "+workerId"
    argument: "${IMPROBABLE_WORKER_ID}"
    argument: "+useInternalIpForBridge"
    argument: "true"
    argument: "+infraServicesUrl"
    argument: "${IMPROBABLE_API_URL}"
    argument: "+assemblyName"
    argument: "${IMPROBABLE_ASSEMBLY_NAME}"
    argument: "+linkProtocol"
    argument: "RakNet"
    argument: "-logfile"
    argument: "${IMPROBABLE_LOG_FILE}"
    argument: "-batchmode"
    argument: "-nographics"
    worker_location {
      filename: "UnityWorker@Windows.zip"
    }
  }
}
worker_launch_configuration {
  platform: MACOS
  worker_zip {
    command: "UnityWorker@Mac.app/Contents/MacOS/UnityWorker@Mac"
    argument: "+projectName"
    argument: "${IMPROBABLE_PROJECT_NAME}"
    argument: "+receptionistIp"
    argument: "${IMPROBABLE_RECEPTIONIST_HOST}"
    argument: "+receptionistPort"
    argument: "${IMPROBABLE_RECEPTIONIST_PORT}"
    argument: "+workerType"
    argument: "${IMPROBABLE_WORKER_NAME}"
    argument: "+workerId"
    argument: "${IMPROBABLE_WORKER_ID}"
    argument: "+useInternalIpForBridge"
    argument: "true"
    argument: "+infraServicesUrl"
    argument: "${IMPROBABLE_API_URL}"
    argument: "+assemblyName"
    argument: "${IMPROBABLE_ASSEMBLY_NAME}"
    argument: "+linkProtocol"
    argument: "RakNet"
    argument: "-logfile"
    argument: "${IMPROBABLE_LOG_FILE}"
    argument: "-batchmode"
    argument: "-nographics"
    worker_location {
      filename: "UnityWorker@Mac.zip"
    }
  }
}
worker_launch_configuration {
  platform: LINUX
  worker_zip {
    command: "UnityWorker@Linux"
    argument: "+projectName"
    argument: "${IMPROBABLE_PROJECT_NAME}"
    argument: "+receptionistIp"
    argument: "${IMPROBABLE_RECEPTIONIST_HOST}"
    argument: "+receptionistPort"
    argument: "${IMPROBABLE_RECEPTIONIST_PORT}"
    argument: "+workerType"
    argument: "${IMPROBABLE_WORKER_NAME}"
    argument: "+workerId"
    argument: "${IMPROBABLE_WORKER_ID}"
    argument: "+useInternalIpForBridge"
    argument: "true"
    argument: "+infraServicesUrl"
    argument: "${IMPROBABLE_API_URL}"
    argument: "+assemblyName"
    argument: "${IMPROBABLE_ASSEMBLY_NAME}"
    argument: "+linkProtocol"
    argument: "RakNet"
    argument: "-logfile"
    argument: "${IMPROBABLE_LOG_FILE}"
    argument: "-batchmode"
    argument: "-nographics"
    worker_location {
      filename: "UnityWorker@Linux.zip"
    }
  }
}
bridge_configuration {
  worker_attribute_set {
    attribute {
      name: "physics"
    }
  }
  entity_interest {
    range_entity_interest {
      radius: 200.0
    }
  }
  component_delivery {
    checkout_all_initially: true
  }
}
]
2017-11-28 16:33:43,841 INFO  [i.w.assembly.WorkerAssemblyProvider] [] [] [] : Worker configuration for 'UnityClient' does not contain a launch configuration for the current platform 'WINDOWS', so Fabric will not start any managed workers of this type
2017-11-28 16:33:43,842 INFO  [i.w.assembly.WorkerAssemblyProvider] [] [] [] : The following worker configurations do not contain valid managed launch configurations for the current platform WINDOWS, and the runtime will be unable to launch managed workers of this type: [UnityClient]. This is expected for worker types you intend to only connect manually.
2017-11-28 16:33:43,850 INFO  [i.w.permissions.PermissionsFactory] [] [] [] : Created permissions manager with permissions: {UnityWorker=Permissions{{/sys/CreateEntity=, /sys/DeleteEntity=, /sys/EntityQuery={"component":["*"]}}}, UnityClient=Permissions{{/sys/EntityQuery={"component":[]}}}}
2017-11-28 16:33:48,566 INFO  [improbable.module.ModuleNode] [] [] [] : Starting router on master
2017-11-28 16:33:48,573 INFO  [i.core.discovery.server.LocalServer] [] [] [] : Registered Service(improbable.fabric.internal.service.RouterInternalService) on 127.0.0.1:9010.
2017-11-28 16:33:48,574 INFO  [i.c.m.r.RouterInternalServiceImpl] [] [] [] : Attempting to register RouterInternalServiceImpl with RouterLookupInternalService.
2017-11-28 16:33:48,584 INFO  [i.c.m.r.l.RouterLookupInternalServiceImpl] [] [] [] : 1/1 router modules started
2017-11-28 16:33:48,586 INFO  [i.c.m.r.RouterInternalServiceImpl] [] [] [] : Registered RouterInternalServiceImpl with RouterLookupInternalService.
2017-11-28 16:33:48,588 INFO  [improbable.module.ModuleNode] [] [] [] : Attempting to get addresses of all RouterModules from master node
2017-11-28 16:33:48,598 INFO  [improbable.module.ModuleNode] [] [] [] : Got all RouterModules from master node
2017-11-28 16:33:48,616 INFO  [i.core.discovery.server.LocalServer] [] [] [] : Registered Service(improbable.fabric.internal.service.RemoteMessageInternalService) on 127.0.0.1:9011.
2017-11-28 16:33:48,632 INFO  [i.core.discovery.server.LocalServer] [] [] [] : Registered Service(improbable.fabric.internal.service.LocalBrokerInternalService) on 127.0.0.1:9012.
2017-11-28 16:33:48,639 INFO  [improbable.module.ModuleNode] [] [] [] : Waiting for all router modules in the deployment to have started
2017-11-28 16:33:48,643 INFO  [improbable.module.ModuleNode] [] [] [] : All router modules in the deployment started
2017-11-28 16:33:48,719 INFO  [org.eclipse.jetty.server.Server] [] [] [] : jetty-8.y.z-SNAPSHOT
2017-11-28 16:33:48,750 INFO  [o.e.jetty.server.AbstractConnector] [] [] [] : Started SelectChannelConnector@0.0.0.0:5006
2017-11-28 16:33:48,750 INFO  [improbable.http.ServletContainer$] [] [] [] : Servlet container started
2017-11-28 16:33:48,756 INFO  [improbable.module.ModuleNode] [] [] [] : Starting BridgeOracle on master
2017-11-28 16:33:48,767 INFO  [improbable.module.ModuleNode] [] [] [] : Waiting for the BridgeOracle to have started
2017-11-28 16:33:48,999 INFO  [i.core.discovery.server.LocalServer] [] [] [] : Registered Service(improbable.fabric.internal.service.BridgeOracleInternalService) on 127.0.0.1:9013.
2017-11-28 16:33:49,188 INFO  [improbable.module.ModuleNode] [] [] [] : Received BridgeOracle started
2017-11-28 16:33:49,188 INFO  [i.c.d.g.GlobalServiceDiscoveryImpl] [] [] [] : Global service discovery refreshed 15 server(s) (previously: 11)
2017-11-28 16:33:49,203 INFO  [i.core.discovery.server.LocalServer] [] [] [] : Registered Service(improbable.fabric.internal.service.GlobalBrokerInternalService) on 127.0.0.1:9014.
2017-11-28 16:33:49,205 INFO  [improbable.module.ModuleNode] [] [] [] : Waiting for the BridgeModuleOracle to have started
2017-11-28 16:33:49,209 INFO  [i.c.a.e.ExtensibleActorReporter] [] [] [] : Started BridgeModuleOracleActor(Actor[akka://akkaFabric/user/BridgeModuleOracleModule#740665059]).
2017-11-28 16:33:49,225 INFO  [i.core.discovery.server.LocalServer] [] [] [] : Registered Service(improbable.fabric.internal.service.BridgeServiceOracleInternalService) on 127.0.0.1:9015.
2017-11-28 16:33:50,191 INFO  [i.c.d.g.GlobalServiceDiscoveryImpl] [] [] [] : Global service discovery refreshed 17 server(s) (previously: 15)
2017-11-28 16:33:50,194 INFO  [improbable.module.ModuleNode] [] [] [] : Received BridgeModuleOracle started
2017-11-28 16:33:50,200 INFO  [improbable.module.ModuleNode] [] [] [] : Starting gsim GSimModule
2017-11-28 16:33:50,204 INFO  [improbable.module.ModuleNode] [] [] [] : Waiting for 1 entity query service(s) to start.
2017-11-28 16:33:50,284 INFO  [i.core.discovery.server.LocalServer] [] [] [] : Registered Service(improbable.fabric.internal.service.LocalSnapshotInternalService) on 127.0.0.1:9016.
2017-11-28 16:33:50,319 INFO  [i.core.discovery.server.PublicServer] [] [] [] : Registered Service(improbable.fabric.internal.service.ScalingStatsInternalService) on 127.0.0.1:9017.
2017-11-28 16:33:50,339 INFO  [i.p.gsim.GSimPersistenceWriter] [] [] [] : Transitioning GSimPersistenceActor(0) from State [Idle] to [Idle].  Time Elapsed: 3 milliseconds
2017-11-28 16:33:50,358 INFO  [i.core.discovery.server.LocalServer] [] [] [] : Registered Service(improbable.fabric.internal.service.EntityQueryInternalService) on 127.0.0.1:9018.
2017-11-28 16:33:51,017 INFO  [i.bridge.oracle.scaling.WorkerScaler] [] [] [] : Skipping reconciliation because no WorkerRunner service is available. This message is expected at startup but should not persist through the deployment
2017-11-28 16:33:51,392 INFO  [i.c.d.g.GlobalServiceDiscoveryImpl] [] [] [] : Global service discovery refreshed 20 server(s) (previously: 17)
2017-11-28 16:33:51,396 INFO  [improbable.module.ModuleNode] [] [] [] : All 1 entity query service(s) have started.
2017-11-28 16:33:51,400 INFO  [improbable.module.ModuleNode] [] [] [] : Creating entity query client.
2017-11-28 16:33:51,433 INFO  [improbable.module.ModuleNode] [] [] [] : Entity query client created with directory: EntityQueryServiceDirectory{allServices=[EntityQueryInternalServiceInfo{address=host: "127.0.0.1"
port: 9018
, extent=Rectangle{minX=-750.0, minZ=-750.0, maxX=750.0, maxZ=750.0}, isLocal=true}], localServices=[EntityQueryInternalServiceInfo{address=host: "127.0.0.1"
port: 9018
, extent=Rectangle{minX=-750.0, minZ=-750.0, maxX=750.0, maxZ=750.0}, isLocal=true}], remoteServices=[]}
2017-11-28 16:33:51,446 INFO  [improbable.module.ModuleNode] [] [] [] : Waiting for 1 bridge service(s) to start.
2017-11-28 16:33:51,507 INFO  [i.c.a.e.ExtensibleActorReporter] [] [] [] : Started BridgeModuleActor(Actor[akka://akkaFabric/user/BridgeModule:3a215a0f-99cd-4e4c-a8b1-9b418243ad64#-538725711]).
2017-11-28 16:33:51,527 INFO  [i.core.discovery.server.LocalServer] [] [] [] : Registered Service(improbable.fabric.internal.service.BridgeInternalService) on 127.0.0.1:9019.
2017-11-28 16:33:51,529 INFO  [i.module.bridge.BridgeModuleActor] [] [] [] : Waiting for BridgeModuleOracle service to be available
2017-11-28 16:33:51,544 INFO  [i.module.bridge.BridgeModuleActor] [] [] [] : Registered(BridgeModuleEndpoint(3a215a0f-99cd-4e4c-a8b1-9b418243ad64)) on BridgeModuleOracleService
2017-11-28 16:33:52,185 INFO  [i.c.d.g.GlobalServiceDiscoveryImpl] [] [] [] : Global service discovery refreshed 21 server(s) (previously: 20)
2017-11-28 16:33:52,186 INFO  [improbable.module.ModuleNode] [] [] [] : All 1 bridge service(s) have started.
2017-11-28 16:33:52,189 INFO  [improbable.module.ModuleNode] [] [] [] : Starting WorkerRunner service (EngineStartupModule)
2017-11-28 16:33:52,195 INFO  [improbable.worker.exec.WorkerStats] [] [] [] : Cannot read /proc/self/stat; worker stats reporting will not work.
2017-11-28 16:33:52,207 INFO  [i.core.discovery.server.PublicServer] [] [] [] : Registered Service(improbable.platform.inner.worker.WorkerRunner) on 127.0.0.1:9020.
2017-11-28 16:33:52,219 INFO  [i.core.discovery.server.LocalServer] [] [] [] : Registered Service(improbable.fabric.internal.service.ReceptionistInternalService) on 127.0.0.1:9021.
2017-11-28 16:33:52,229 INFO  [i.core.discovery.server.PublicServer] [] [] [] : Registered Service(improbable.platform.runtime.ReceptionistService) on 127.0.0.1:7777.
2017-11-28 16:33:52,230 INFO  [improbable.module.ModuleNode] [] [] [] : Starting InspectionRestModule
2017-11-28 16:33:52,232 INFO  [improbable.module.ModuleNode] [] [] [] : Starting ProfilingModule
2017-11-28 16:33:52,233 INFO  [i.c.d.client.CheckpointDiscoveryImpl] [] [] [] : Reached a checkpoint: ALL_MODULES_STARTED
2017-11-28 16:33:52,233 INFO  [improbable.module.ModuleNode] [] [] [] : All modules on this node started, waiting for other nodes to reach the same checkpoint.
2017-11-28 16:33:52,239 INFO  [i.c.a.e.ExtensibleActorReporter] [] [] [] : Started ProfilingModuleActor(Actor[akka://akkaFabric/user/ProfilingModule#1677299058]).
2017-11-28 16:33:52,243 INFO  [i.core.discovery.server.LocalServer] [] [] [] : Registered Service(improbable.fabric.internal.debug.HeatmapCellCacheInternalService) on 127.0.0.1:9022.
2017-11-28 16:33:52,271 INFO  [i.core.discovery.server.PublicServer] [] [] [] : Registered Service(improbable.platform.runtime.InspectionService) on 127.0.0.1:9023.
2017-11-28 16:33:52,332 INFO  [i.c.a.e.ExtensibleActorReporter] [] [] [] : Started InspectionRestModuleActor(Actor[akka://akkaFabric/user/InspectionRestModule#-1124106867]).
2017-11-28 16:33:52,884 INFO  [spray.can.server.HttpListener] [akka://akkaFabric/user/IO-HTTP/listener-0] [akkaFabric-akka.actor.default-dispatcher-2] [] : Bound to /0.0.0.0:5005
2017-11-28 16:33:52,975 INFO  [i.bridge.oracle.scaling.WorkerScaler] [] [] [] : Skipping reconciliation because no WorkerRunner service is available. This message is expected at startup but should not persist through the deployment
2017-11-28 16:33:53,188 INFO  [i.c.d.g.GlobalServiceDiscoveryImpl] [] [] [] : Global service discovery refreshed 26 server(s) (previously: 21)
2017-11-28 16:33:53,188 INFO  [improbable.module.ModuleNode] [] [] [] : All modules on all nodes have been started.
2017-11-28 16:33:53,188 INFO  [i.c.d.g.GlobalCheckpointDiscoveryImpl] [] [] [] : Global checkpoint discovery refreshed checkpoints.
2017-11-28 16:33:53,188 INFO  [improbable.module.ModuleNode] [] [] [] : Loading a snapshot.
2017-11-28 16:33:53,206 INFO  [i.p.g.GSimPersistenceLoadOrchestrator] [] [] [] : Loading snapshot on GSim(0).
2017-11-28 16:33:53,208 INFO  [i.p.s.storage.LegacySnapshotStorage] [] [] [] : Requesting download URL for Snapshot(local@latest) matching []
2017-11-28 16:33:53,215 INFO  [i.p.s.storage.LegacySnapshotStorage] [] [] [] : Downloading snapshot from http://127.0.0.1:21000/snapshots/20171128163328781
2017-11-28 16:33:53,220 INFO  [i.p.gsim.GSimPersistenceLoader] [] [] [] : Loading snapshot
2017-11-28 16:33:53,255 INFO  [i.p.g.GSimPersistenceLoadOrchestrator] [] [] [] : Loaded 11 entities on GSim(0).
2017-11-28 16:33:53,331 INFO  [i.p.c.PersistenceLoaderCoordinatorActor] [] [] [] : All Snapshots loaded.
2017-11-28 16:33:53,335 INFO  [improbable.module.ModuleNode] [] [] [] : Snapshot has been loaded.
2017-11-28 16:33:53,335 INFO  [improbable.module.ModuleNode] [] [] [] : Starting SnapshotService.
2017-11-28 16:33:53,367 INFO  [i.l.params.LoadbalancerParamsFactory] [] [] [] : LoadbalancerParams for worker type [UnityWorker]: [AutoHexGridLoadbalancerParams{energyLimitingEnabled=true, energyLimit=1.0E9, minWorkerRange=1500.0, maxWorkerRange=1500.0, maxWorkerStepSize=0.0, workerExpansionTimeMs=60000, workerGridSize=0, loadbalancerEnabled=false, hexGridMode=AUTO, scalerAdvisorType=CONSTANT, maxWorkers=1, initialWorkers=1, numEntitiesPerWorker=9223372036854775807, statusReportPeriodMs=30000, pointsOfInterestEnabled=false, hexGridSolution=AutoValue_HexGridSolution{workersUsed=1, hexagonEdgeLength=1500.0, hexagonOrientation=POINTY_TOP, bounds=Rectangle{minX=-750.0, minZ=-750.0, maxX=750.0, maxZ=750.0}}, pointsOfInterestSolution=Empty}]
2017-11-28 16:33:53,412 INFO  [i.core.discovery.server.PublicServer] [] [] [] : Registered Service(improbable.platform.runtime.SnapshotService) on 127.0.0.1:9024.
2017-11-28 16:33:53,413 INFO  [i.c.d.client.CheckpointDiscoveryImpl] [] [] [] : Reached a checkpoint: LOAD_SNAPSHOT_FINISHED
2017-11-28 16:33:53,415 INFO  [improbable.module.ModuleNode] [] [] [] : SpatialOS runtime startup complete.
2017-11-28 16:33:54,196 INFO  [i.c.d.g.GlobalServiceDiscoveryImpl] [] [] [] : Global service discovery refreshed 27 server(s) (previously: 26)
2017-11-28 16:33:54,199 INFO  [i.c.d.g.GlobalCheckpointDiscoveryImpl] [] [] [] : Global checkpoint discovery refreshed checkpoints.
2017-11-28 16:33:54,247 INFO  [i.b.o.m.BridgeOracleWorkerManager] [] [] [] : Trying to start managed worker UnityWorker0
2017-11-28 16:33:54,281 INFO  [i.bridge.oracle.scaling.WorkerScaler] [] [] [] : Starting 1 new managed workers for attribute_set {
  attribute: "physics"
}
 (required: 1, existing: 0)
2017-11-28 16:33:54,282 INFO  [i.worker.exec.WorkerStartupExecutor] [] [] [] : Awaiting internal receptionist service to register with service discovery
2017-11-28 16:33:54,287 INFO  [i.worker.exec.WorkerStartupExecutor] [] [] [] : Successfully found the internal receptionist service in service discovery
2017-11-28 16:33:54,292 INFO  [i.worker.exec.WorkerStartupExecutor] [] [] [] : Awaiting public receptionist service to register with service discovery
2017-11-28 16:33:54,293 INFO  [i.worker.exec.WorkerStartupExecutor] [] [] [] : Successfully found the public receptionist service in service discovery
2017-11-28 16:33:59,808 INFO  [i.b.s.BridgeServicePicker] [] [] [] : Attempting to get positionHint for UnityClient1d91b534-28db-420b-810c-ab12454918af via rpc
2017-11-28 16:33:59,822 INFO  [i.b.s.BridgeServicePicker] [] [] [] : Starting UnityClient1d91b534-28db-420b-810c-ab12454918af without a position hint, so using a random bridge service
2017-11-28 16:33:59,837 INFO  [i.m.b.o.m.BridgeModuleOracleActor] [] [] [] : BridgeServicePicker returned module Optional[legacy_guid: "3a215a0f-99cd-4e4c-a8b1-9b418243ad64"
address {
  host: "127.0.0.1"
  port: 9019
}
] with load Optional[BridgeModuleLoadBalanceInfo((0.0, 0.0, 0.0),0)].get().toString() for Engine(UnityClient1d91b534-28db-420b-810c-ab12454918af)
2017-11-28 16:34:00,264 INFO  [i.l.params.LoadbalancerParamsFactory] [] [] [] : LoadbalancerParams for worker type [UnityClient]: [FlagzLoadbalancerParams{energyLimitingEnabled=true, energyLimit=1.0E9, minWorkerRange=Infinity, maxWorkerRange=Infinity, maxWorkerStepSize=50.0, workerExpansionTimeMs=60000, workerGridSize=5, loadbalancerEnabled=true, hexGridMode=OFF, scalerAdvisorType=ENTITY_COUNT, maxWorkers=25, initialWorkers=25, numEntitiesPerWorker=9223372036854775807, statusReportPeriodMs=2000, pointsOfInterestEnabled=false, hexGridSolution=Empty, pointsOfInterestSolution=Empty}]
2017-11-28 16:34:00,530 INFO  [i.b.i.BridgeInternalServiceImpl] [] [] [] : Bridge worker_id: "UnityClient1d91b534-28db-420b-810c-ab12454918af"
 registered with bridge internal service
2017-11-28 16:34:00,546 INFO  [i.b.o.s.BridgeOracleInternalServiceImpl] [] [] [] : Got bridge started rpc from bridge: worker_id: "UnityClient1d91b534-28db-420b-810c-ab12454918af"

2017-11-28 16:34:00,547 INFO  [i.b.o.s.BridgeOracleInternalServiceImpl] [] [] [] : The worker UnityClient1d91b534-28db-420b-810c-ab12454918af registered with SpatialOS successfully.
2017-11-28 16:34:00,548 INFO  [i.module.bridge.oracle.BridgeOracle] [] [] [] : Sending bridge started to self for bridge endpoint BridgeOracleEndpoint
2017-11-28 16:34:00,554 INFO  [i.module.bridge.oracle.BridgeOracle] [] [] [] : Bridge(UnityClient1d91b534-28db-420b-810c-ab12454918af) started.
2017-11-28 16:34:01,217 INFO  [i.b.n.raknet.GuardedRakPeerInterface] [] [] [] : New RakNet connection established with 127.0.0.1
2017-11-28 16:34:02,002 WARN  [i.b.logging.EngineLogMessageHandler] [] [] [] : [Worker: UnityClient1d91b534-28db-420b-810c-ab12454918af] CreatePlayer command failed - you probably tried to connect too soon. Try again in a few seconds.
 in UnityEngine.Debug:LogWarning(Object)
Assets.Gamelogic.Core.Bootstrap:OnCreatePlayerFailure(ICommandErrorDetails, EntityId) (at Assets/Gamelogic/Core/Bootstrap.cs:88)
Assets.Gamelogic.Core.<RequestPlayerCreation>c__AnonStorey0:<>m__0(ICommandErrorDetails) (at Assets/Gamelogic/Core/Bootstrap.cs:83)
Improbable.Unity.Core.CommandResponseHandler`1:TriggerFailure(ICommandCallbackResponse`1) (at C:/w/ee9378522cbb9fd1/UnitySdk/Improbable.Unity/Assets/Precompiled/Unity/Commands/CommandResponseHandler.cs:77)
Improbable.Unity.Core.CommandResponseHandler`1:Trigger(ICommandCallbackResponse`1) (at C:/w/ee9378522cbb9fd1/UnitySdk/Improbable.Unity/Assets/Precompiled/Unity/Commands/CommandResponseHandler.cs:52)
Improbable.Unity.Core.CommandCallbackWrapper`1:TriggerWithStatus(StatusCode, Option`1, String) (at C:/w/ee9378522cbb9fd1/UnitySdk/Improbable.Unity/Assets/Precompiled/Unity/Commands/ICommandCallbackWrapper.cs:34)
Improbable.Unity.Core.<CreateOnResponseThunk>c__AnonStorey1D`2:<>m__2F(CommandResponseOp`1) (at C:/w/ee9378522cbb9fd1/UnitySdk/Improbable.Unity/Assets/Precompiled/Unity/Commands/ComponentCommander.cs:243)
Improbable.Worker.<>c__DisplayClassa`1:<OnCommandResponse>b__9(CommandResponseWrapperOp)
Improbable.Worker.Internal.Callbacks`1:InvokeAll(CommandResponseWrapperOp)
Improbable.Worker.Internal.ComponentCallbacks`1:InvokeAll(UInt32, CommandResponseWrapperOp)
Improbable.Worker.Dispatcher:CommandResponseThunk(Void*, CommandResponseOp*)
Improbable.Worker.Internal.WorkerProtocol:Dispatcher_Process(DispatcherHandle, OpListHandle)
Improbable.Worker.Dispatcher:Process(OpList)
Improbable.Unity.Core.ConnectionLifecycle:ProcessEvents() (at Assets/Plugins/Improbable/Sdk/Src/Unity/Core/ConnectionLifecycle.cs:367)
Improbable.Unity.Core.ConnectionLifecycle:Update() (at Assets/Plugins/Improbable/Sdk/Src/Unity/Core/ConnectionLifecycle.cs:149)
 -[WorkerLogger:Unity]
2017-11-28 16:34:04,028 INFO  [i.worker.exec.WorkerStartupExecutor] [] [] [] : Created log file for worker UnityWorker0, type (UnityWorker): [C:\Users\Erasmo\Documents\GitHub\Game\logs\2017-11-28_16-33-30_0\workers\UnityWorker\UnityWorker0-8004058491252188051.log]
2017-11-28 16:34:04,030 INFO  [i.worker.exec.CommandLineExecutor] [] [] [] : Running command: C:\Users\Erasmo\AppData\Local\Temp\zip-downloader318777714308710492\17b6ea63387d13609e2421f66d72cb5f\UnityWorker@Windows.exe +projectName beta_oscar_bacon_891 +receptionistIp 127.0.0.1 +receptionistPort 7777 +workerType UnityWorker +workerId UnityWorker0 +useInternalIpForBridge true +infraServicesUrl http://127.0.0.1:21000 +assemblyName local_assembly +linkProtocol RakNet -logfile C:\Users\Erasmo\Documents\GitHub\Game\logs\2017-11-28_16-33-30_0\workers\UnityWorker\UnityWorker0-8004058491252188051.log -batchmode -nographics
2017-11-28 16:34:05,863 INFO  [i.b.s.BridgeServicePicker] [] [] [] : Attempting to get positionHint for UnityWorker0 via rpc
2017-11-28 16:34:05,869 INFO  [i.b.s.BridgeServicePicker] [] [] [] : Selected legacy_guid: "3a215a0f-99cd-4e4c-a8b1-9b418243ad64"
address {
  host: "127.0.0.1"
  port: 9019
}
 with position  which is the nearest bridge service to position (0.0, 0.0, 0.0)
2017-11-28 16:34:05,872 INFO  [i.m.b.o.m.BridgeModuleOracleActor] [] [] [] : BridgeServicePicker returned module Optional[legacy_guid: "3a215a0f-99cd-4e4c-a8b1-9b418243ad64"
address {
  host: "127.0.0.1"
  port: 9019
}
] with load Optional[BridgeModuleLoadBalanceInfo((0.0, 0.0, 0.0),1)].get().toString() for Engine(UnityWorker0)
2017-11-28 16:34:05,910 INFO  [i.b.i.BridgeInternalServiceImpl] [] [] [] : Bridge worker_id: "UnityWorker0"
 registered with bridge internal service
2017-11-28 16:34:05,915 INFO  [i.b.o.s.BridgeOracleInternalServiceImpl] [] [] [] : Got bridge started rpc from bridge: worker_id: "UnityWorker0"

2017-11-28 16:34:05,916 INFO  [i.b.o.s.BridgeOracleInternalServiceImpl] [] [] [] : The worker UnityWorker0 registered with SpatialOS successfully.
2017-11-28 16:34:05,916 INFO  [i.module.bridge.oracle.BridgeOracle] [] [] [] : Sending bridge started to self for bridge endpoint BridgeOracleEndpoint
2017-11-28 16:34:05,917 INFO  [i.module.bridge.oracle.BridgeOracle] [] [] [] : Bridge(UnityWorker0) started.
2017-11-28 16:34:05,922 INFO  [i.b.o.m.BridgeOracleWorkerManager] [] [] [] : Worker UnityWorker0 registered with the BridgeOracleWorker manager
2017-11-28 16:34:06,674 INFO  [i.b.n.raknet.GuardedRakPeerInterface] [] [] [] : New RakNet connection established with 127.0.0.1
2017-11-28 16:34:06,827 INFO  [i.b.n.BridgeActorTransportLinkListener] [] [] [] : TransportLinkListener(UnityClient1d91b534-28db-420b-810c-ab12454918af) sending Disconnected to akka://akkaFabric/user/BridgeModule:3a215a0f-99cd-4e4c-a8b1-9b418243ad64/BridgeActor-UnityClient1d91b534-28db-420b-810c-ab12454918af
2017-11-28 16:34:06,843 INFO  [i.b.i.BridgeInternalServiceImpl] [] [] [] : Bridge worker_id: "UnityClient1d91b534-28db-420b-810c-ab12454918af"
 unregistered with bridge internal service
2017-11-28 16:34:06,844 INFO  [improbable.bridge.BridgeActor] [] [] [] : Bridge(UnityClient1d91b534-28db-420b-810c-ab12454918af) on BridgeModuleEndpoint(3a215a0f-99cd-4e4c-a8b1-9b418243ad64) stopped.
2017-11-28 16:34:06,866 INFO  [i.module.bridge.oracle.BridgeOracle] [] [] [] : Sending bridge stopped to self for bridge endpoint BridgeEndpoint(UnityClient1d91b534-28db-420b-810c-ab12454918af)
2017-11-28 16:34:06,869 INFO  [i.module.bridge.oracle.BridgeOracle] [] [] [] : Bridge(UnityClient1d91b534-28db-420b-810c-ab12454918af) stopped.
2017-11-28 16:34:07,511 INFO  [akka.actor.DeadLetterActorRef] [akka://akkaFabric/deadLetters] [akkaFabric-akka.actor.default-dispatcher-6] [] : Message [improbable.bridge.message.BridgeViewStatusRequest] from Actor[akka://akkaFabric/deadLetters] to Actor[akka://akkaFabric/deadLetters] was not delivered. [1] dead letters encountered. This logging can be turned off or adjusted with configuration settings 'akka.log-dead-letters' and 'akka.log-dead-letters-during-shutdown'.
2017-11-28 16:34:08,505 INFO  [akka.actor.DeadLetterActorRef] [akka://akkaFabric/deadLetters] [akkaFabric-akka.actor.default-dispatcher-6] [] : Message [improbable.bridge.message.BridgeViewStatusRequest] from Actor[akka://akkaFabric/deadLetters] to Actor[akka://akkaFabric/deadLetters] was not delivered. [2] dead letters encountered. This logging can be turned off or adjusted with configuration settings 'akka.log-dead-letters' and 'akka.log-dead-letters-during-shutdown'.
2017-11-28 16:34:09,504 INFO  [akka.actor.DeadLetterActorRef] [akka://akkaFabric/deadLetters] [akkaFabric-akka.actor.default-dispatcher-6] [] : Message [improbable.bridge.message.BridgeViewStatusRequest] from Actor[akka://akkaFabric/deadLetters] to Actor[akka://akkaFabric/deadLetters] was not delivered. [3] dead letters encountered. This logging can be turned off or adjusted with configuration settings 'akka.log-dead-letters' and 'akka.log-dead-letters-during-shutdown'.
2017-11-28 16:34:10,504 INFO  [akka.actor.DeadLetterActorRef] [akka://akkaFabric/deadLetters] [akkaFabric-akka.actor.default-dispatcher-6] [] : Message [improbable.bridge.message.BridgeViewStatusRequest] from Actor[akka://akkaFabric/deadLetters] to Actor[akka://akkaFabric/deadLetters] was not delivered. [4] dead letters encountered. This logging can be turned off or adjusted with configuration settings 'akka.log-dead-letters' and 'akka.log-dead-letters-during-shutdown'.
2017-11-28 16:34:11,504 INFO  [akka.actor.DeadLetterActorRef] [akka://akkaFabric/deadLetters] [akkaFabric-akka.actor.default-dispatcher-2] [] : Message [improbable.bridge.message.BridgeViewStatusRequest] from Actor[akka://akkaFabric/deadLetters] to Actor[akka://akkaFabric/deadLetters] was not delivered. [5] dead letters encountered. This logging can be turned off or adjusted with configuration settings 'akka.log-dead-letters' and 'akka.log-dead-letters-during-shutdown'.
2017-11-28 16:34:12,504 INFO  [akka.actor.DeadLetterActorRef] [akka://akkaFabric/deadLetters] [akkaFabric-akka.actor.default-dispatcher-2] [] : Message [improbable.bridge.message.BridgeViewStatusRequest] from Actor[akka://akkaFabric/deadLetters] to Actor[akka://akkaFabric/deadLetters] was not delivered. [6] dead letters encountered. This logging can be turned off or adjusted with configuration settings 'akka.log-dead-letters' and 'akka.log-dead-letters-during-shutdown'.
2017-11-28 16:34:13,504 INFO  [akka.actor.DeadLetterActorRef] [akka://akkaFabric/deadLetters] [akkaFabric-akka.actor.default-dispatcher-2] [] : Message [improbable.bridge.message.BridgeViewStatusRequest] from Actor[akka://akkaFabric/deadLetters] to Actor[akka://akkaFabric/deadLetters] was not delivered. [7] dead letters encountered. This logging can be turned off or adjusted with configuration settings 'akka.log-dead-letters' and 'akka.log-dead-letters-during-shutdown'.
2017-11-28 16:34:14,504 INFO  [akka.actor.DeadLetterActorRef] [akka://akkaFabric/deadLetters] [akkaFabric-akka.actor.default-dispatcher-2] [] : Message [improbable.bridge.message.BridgeViewStatusRequest] from Actor[akka://akkaFabric/deadLetters] to Actor[akka://akkaFabric/deadLetters] was not delivered. [8] dead letters encountered. This logging can be turned off or adjusted with configuration settings 'akka.log-dead-letters' and 'akka.log-dead-letters-during-shutdown'.
2017-11-28 16:34:15,504 INFO  [akka.actor.DeadLetterActorRef] [akka://akkaFabric/deadLetters] [akkaFabric-akka.actor.default-dispatcher-2] [] : Message [improbable.bridge.message.BridgeViewStatusRequest] from Actor[akka://akkaFabric/deadLetters] to Actor[akka://akkaFabric/deadLetters] was not delivered. [9] dead letters encountered. This logging can be turned off or adjusted with configuration settings 'akka.log-dead-letters' and 'akka.log-dead-letters-during-shutdown'.
2017-11-28 16:34:16,506 INFO  [akka.actor.DeadLetterActorRef] [akka://akkaFabric/deadLetters] [akkaFabric-akka.actor.default-dispatcher-2] [] : Message [improbable.bridge.message.BridgeViewStatusRequest] from Actor[akka://akkaFabric/deadLetters] to Actor[akka://akkaFabric/deadLetters] was not delivered. [10] dead letters encountered, no more dead letters will be logged. This logging can be turned off or adjusted with configuration settings 'akka.log-dead-letters' and 'akka.log-dead-letters-during-shutdown'.
2017-11-28 16:34:21,835 INFO  [i.b.s.BridgeServicePicker] [] [] [] : Attempting to get positionHint for UnityClientf77607fe-a89f-4773-a91f-8f702ba9437d via rpc
2017-11-28 16:34:21,839 INFO  [i.b.s.BridgeServicePicker] [] [] [] : Starting UnityClientf77607fe-a89f-4773-a91f-8f702ba9437d without a position hint, so using a random bridge service
2017-11-28 16:34:21,842 INFO  [i.m.b.o.m.BridgeModuleOracleActor] [] [] [] : BridgeServicePicker returned module Optional[legacy_guid: "3a215a0f-99cd-4e4c-a8b1-9b418243ad64"
address {
  host: "127.0.0.1"
  port: 9019
}
] with load Optional[BridgeModuleLoadBalanceInfo((0.0, 0.0, 0.0),1)].get().toString() for Engine(UnityClientf77607fe-a89f-4773-a91f-8f702ba9437d)
2017-11-28 16:34:21,989 INFO  [i.b.i.BridgeInternalServiceImpl] [] [] [] : Bridge worker_id: "UnityClientf77607fe-a89f-4773-a91f-8f702ba9437d"
 registered with bridge internal service
2017-11-28 16:34:21,991 INFO  [i.b.o.s.BridgeOracleInternalServiceImpl] [] [] [] : Got bridge started rpc from bridge: worker_id: "UnityClientf77607fe-a89f-4773-a91f-8f702ba9437d"

2017-11-28 16:34:21,992 INFO  [i.b.o.s.BridgeOracleInternalServiceImpl] [] [] [] : The worker UnityClientf77607fe-a89f-4773-a91f-8f702ba9437d registered with SpatialOS successfully.
2017-11-28 16:34:21,992 INFO  [i.module.bridge.oracle.BridgeOracle] [] [] [] : Sending bridge started to self for bridge endpoint BridgeOracleEndpoint
2017-11-28 16:34:21,994 INFO  [i.module.bridge.oracle.BridgeOracle] [] [] [] : Bridge(UnityClientf77607fe-a89f-4773-a91f-8f702ba9437d) started.
2017-11-28 16:34:22,587 INFO  [i.b.n.raknet.GuardedRakPeerInterface] [] [] [] : New RakNet connection established with 127.0.0.1
2017-11-28 16:34:48,181 INFO  [i.b.s.BridgeServicePicker] [] [] [] : Attempting to get positionHint for UnityClienta846e962-02b8-4e4d-8faa-9f154e77f733 via rpc
2017-11-28 16:34:48,184 INFO  [i.b.s.BridgeServicePicker] [] [] [] : Starting UnityClienta846e962-02b8-4e4d-8faa-9f154e77f733 without a position hint, so using a random bridge service
2017-11-28 16:34:48,194 INFO  [i.m.b.o.m.BridgeModuleOracleActor] [] [] [] : BridgeServicePicker returned module Optional[legacy_guid: "3a215a0f-99cd-4e4c-a8b1-9b418243ad64"
address {
  host: "127.0.0.1"
  port: 9019
}
] with load Optional[BridgeModuleLoadBalanceInfo((0.0, 0.0, 0.0),2)].get().toString() for Engine(UnityClienta846e962-02b8-4e4d-8faa-9f154e77f733)
2017-11-28 16:34:48,236 INFO  [i.b.i.BridgeInternalServiceImpl] [] [] [] : Bridge worker_id: "UnityClienta846e962-02b8-4e4d-8faa-9f154e77f733"
 registered with bridge internal service
2017-11-28 16:34:48,241 INFO  [i.b.o.s.BridgeOracleInternalServiceImpl] [] [] [] : Got bridge started rpc from bridge: worker_id: "UnityClienta846e962-02b8-4e4d-8faa-9f154e77f733"

2017-11-28 16:34:48,242 INFO  [i.b.o.s.BridgeOracleInternalServiceImpl] [] [] [] : The worker UnityClienta846e962-02b8-4e4d-8faa-9f154e77f733 registered with SpatialOS successfully.
2017-11-28 16:34:48,245 INFO  [i.module.bridge.oracle.BridgeOracle] [] [] [] : Sending bridge started to self for bridge endpoint BridgeOracleEndpoint
2017-11-28 16:34:48,245 INFO  [i.module.bridge.oracle.BridgeOracle] [] [] [] : Bridge(UnityClienta846e962-02b8-4e4d-8faa-9f154e77f733) started.
2017-11-28 16:34:48,880 INFO  [i.b.n.raknet.GuardedRakPeerInterface] [] [] [] : New RakNet connection established with 127.0.0.1
