2017-11-30 16:41:54,862 INFO  [i.deployment.InternalGameLauncher] [] [] [] : Parsed 353 internal flags at startup
2017-11-30 16:41:54,982 INFO  [i.deployment.InternalGameLauncher] [] [] [] : SpatialOS runtime version: 11-20171129T133416Z-20e0e7c
2017-11-30 16:41:55,136 INFO  [i.c.c.f.FlagzFieldRegistryUpdater] [] [] [] : Initialized Fabric flagz registry with 11 set fields.
2017-11-30 16:41:56,233 INFO  [i.core.discovery.server.LocalServer] [] [] [] : Registered Service(improbable.fabric.internal.service.StatusDiscoveryInternalService) on 127.0.0.1:5301.
2017-11-30 16:41:56,239 INFO  [i.c.discovery.ServiceDiscoveryImpl] [] [] [] : Status discovery address: host: "127.0.0.1"
port: 5301

2017-11-30 16:41:56,242 INFO  [improbable.module.ModuleNode] [] [] [] : Starting Fabric node as master (IP: 127.0.0.1).
2017-11-30 16:41:56,243 INFO  [i.c.d.client.CheckpointDiscoveryImpl] [] [] [] : Reached a checkpoint: ALL_NODES_STARTED
2017-11-30 16:41:56,243 INFO  [improbable.module.ModuleNode] [] [] [] : Node master has started, waiting for other nodes to reach the same checkpoint.
2017-11-30 16:41:56,243 INFO  [improbable.module.ModuleNode] [] [] [] : All nodes have been started.
2017-11-30 16:41:56,249 INFO  [i.core.discovery.server.PublicServer] [] [] [] : Registered Service(improbable.platform.runtime.ModuleService) on 127.0.0.1:9000.
2017-11-30 16:41:56,257 INFO  [i.core.discovery.server.PublicServer] [] [] [] : Registered Service(improbable.platform.runtime.HealthCheckService) on 127.0.0.1:9001.
2017-11-30 16:41:56,264 INFO  [i.core.discovery.server.LocalServer] [] [] [] : Registered Service(improbable.fabric.internal.service.PerfInternalService) on 127.0.0.1:9002.
2017-11-30 16:41:56,270 INFO  [i.core.discovery.server.LocalServer] [] [] [] : Registered Service(improbable.fabric.internal.service.ContentionInternalService) on 127.0.0.1:9003.
2017-11-30 16:41:56,284 INFO  [i.core.discovery.server.PublicServer] [] [] [] : Registered Service(improbable.platform.runtime.FeatureService) on 127.0.0.1:9004.
2017-11-30 16:41:56,302 INFO  [i.c.config.flagz.WorkerFlagzUpdater] [] [] [] : Initialized worker flagz registry with 0 set fields.
2017-11-30 16:41:56,303 INFO  [improbable.module.ModuleNode] [] [] [] : Using master node configuration loader.
2017-11-30 16:41:56,310 INFO  [i.core.discovery.server.LocalServer] [] [] [] : Registered Service(improbable.fabric.internal.service.NodeConfigurationInternalService) on 127.0.0.1:9005.
2017-11-30 16:41:56,325 INFO  [i.c.c.n.MasterNodeConfigurationLoader] [] [] [] : Using roles [MASTER, GSIM, BRIDGE, WORKER_RUNNER, INSPECTION] for node node_id {
  deployment_id {
    project_id {
      name: "beta_oscar_bacon_891"
    }
    name: "local"
  }
  name: "master"
}
private_ip: "127.0.0.1"
roles: MASTER
roles: GSIM
roles: BRIDGE
roles: WORKER_RUNNER
roles: INSPECTION

2017-11-30 16:41:56,340 INFO  [improbable.core.config.node.GsimGrid] [] [] [] : Created gsim grid configuration of size (1500, 1500) with 1 columns and 1 rows, using gsims of (30, 30) chunks.
2017-11-30 16:41:56,349 INFO  [i.c.c.n.MasterNodeConfigurationLoader] [] [] [] : Original deployment module configuration (before parsing): {deployment_id {
  project_id {
    name: "beta_oscar_bacon_891"
  }
  name: "local"
}
name: "master"
=[ProfilingModule, BridgeModuleOracleModule, BridgeOracleModule, PersistenceModule, ReceptionistModule, RouterModule, GSimModule, BridgeModule, EngineStartupModule, InspectionRestModule]}
2017-11-30 16:41:56,363 INFO  [i.c.c.n.MasterNodeConfigurationLoader] [] [] [] : Master successfully loaded configurations for 1 node(s).
2017-11-30 16:41:56,368 INFO  [improbable.module.ModuleNode] [] [] [] : Loaded node configuration: node_id {
  deployment_id {
    project_id {
      name: "beta_oscar_bacon_891"
    }
    name: "local"
  }
  name: "master"
}
gsim_configurations {
  extent {
    bottom_left {
      x_in_chunks: -15
      z_in_chunks: -15
    }
    top_right {
      x_in_chunks: 15
      z_in_chunks: 15
    }
  }
}
start_router: true
start_bridge_oracle: true
start_bridge_module_oracle: true
start_engine_startup_module: true
start_receptionist_service: true
start_inspection_rest_module: true
start_snapshot_service: true
start_profiling_module: true
bridge_modules: "BridgeModule"
gsim_modules: "GSimModule"

2017-11-30 16:41:56,369 INFO  [improbable.module.ModuleNode] [] [] [] : Using master world extents provider.
2017-11-30 16:41:56,380 INFO  [i.core.discovery.server.LocalServer] [] [] [] : Registered Service(improbable.fabric.internal.service.WorldExtentsInternalService) on 127.0.0.1:9006.
2017-11-30 16:41:56,381 INFO  [i.c.world.MasterWorldExtentsProvider] [] [] [] : Successfully initialized world extents with 1 rectangle(s).
2017-11-30 16:41:56,385 INFO  [improbable.module.ModuleNode] [] [] [] : Loaded world extents: WorldExtents{proto=rectangles {
  bottom_left {
    x: -750.0
    z: -750.0
  }
  top_right {
    x: 750.0
    z: 750.0
  }
  is_fully_simulated: true
  responsible_gsim_id {
  }
}
bounding_rectangle {
  bottom_left {
    x: -750.0
    z: -750.0
  }
  top_right {
    x: 750.0
    z: 750.0
  }
  is_fully_simulated: true
}
}
2017-11-30 16:41:56,515 INFO  [i.e.schema.ParsedFileDescriptorSet] [] [] [] : Parsed file descriptors of 15 proto files.
2017-11-30 16:41:56,550 INFO  [i.entity.schema.SchemaFactory] [] [] [] : Found components: [improbable.core.Rotation, improbable.core.PlayerData, improbable.player.Score, improbable.EntityAcl, improbable.Metadata, improbable.Position, improbable.Persistence, improbable.player.Status, improbable.core.PlayerCreation, improbable.player.PlayerInput, improbable.core.ClientAuthorityCheck, improbable.player.ClientConnection, improbable.player.Health]
2017-11-30 16:41:56,560 INFO  [i.entity.schema.SchemaFactory] [] [] [] : Found components: [improbable.EntityAcl, improbable.Metadata, improbable.Position, improbable.Persistence, improbable.internal.EntityAuthority, improbable.core.PlayerCreation, improbable.player.PlayerInput, improbable.player.Score, improbable.core.Rotation, improbable.player.ClientConnection, improbable.core.ClientAuthorityCheck, improbable.core.PlayerData, improbable.player.Status, improbable.player.Health]
2017-11-30 16:41:56,560 INFO  [improbable.module.ModuleNode] [] [] [] : Successfully loaded schema for entities
2017-11-30 16:41:56,561 INFO  [improbable.module.ModuleNode] [] [] [] : Validating snapshot at startup and determining max entity id
2017-11-30 16:41:56,567 INFO  [i.p.s.storage.LegacySnapshotStorage] [] [] [] : Requesting download URL for Snapshot(local@latest) matching []
2017-11-30 16:41:56,582 INFO  [i.p.s.storage.LegacySnapshotStorage] [] [] [] : Downloading snapshot from http://127.0.0.1:21000/snapshots/20171130164150276
2017-11-30 16:41:56,626 INFO  [improbable.module.ModuleNode] [] [] [] : Determined the first entity id for the id assigner as 47
2017-11-30 16:41:56,630 INFO  [i.core.discovery.server.LocalServer] [] [] [] : Registered Service(improbable.fabric.internal.service.EntityIdInternalService) on 127.0.0.1:9007.
2017-11-30 16:41:56,649 INFO  [i.core.discovery.server.LocalServer] [] [] [] : Registered Service(improbable.fabric.internal.service.WorkerPrestartRegistryInternalService) on 127.0.0.1:9008.
2017-11-30 16:41:56,656 INFO  [i.core.discovery.server.LocalServer] [] [] [] : Registered Service(improbable.fabric.internal.service.RouterLookupInternalService) on 127.0.0.1:9009.
2017-11-30 16:41:56,657 INFO  [i.module.router.ActorSystemFactory$] [] [] [] : Attempting to create ActorSystem akkaFabric with configRecord akkaFabric
2017-11-30 16:41:56,758 INFO  [i.c.d.g.GlobalCheckpointDiscoveryImpl] [] [] [] : Global checkpoint discovery refreshed checkpoints.
2017-11-30 16:41:56,758 INFO  [i.c.d.g.GlobalServiceDiscoveryImpl] [] [] [] : Global service discovery refreshed 11 server(s) (previously: 0)
2017-11-30 16:41:56,959 INFO  [akka.event.slf4j.Slf4jLogger] [] [] [] : Slf4jLogger started
2017-11-30 16:41:57,870 INFO  [i.l.params.LoadbalancerParamsFactory] [] [] [] : Parsed 1 worker loadbalancing configuration(s)
2017-11-30 16:41:57,873 INFO  [i.l.params.LoadbalancerParamsFactory] [] [] [] : Successfully loaded loadbalancing configurations: {UnityWorker=improbable.loadbalancing.params.AutoHexGridLoadbalancerParams@24e25991}
2017-11-30 16:41:57,939 INFO  [i.w.a.WorkerAssemblyProviderFactory] [] [] [] : Loaded worker assemblies for these workers types: UnityClient, UnityWorker.
2017-11-30 16:41:57,940 INFO  [improbable.module.ModuleNode] [] [] [] : Loaded worker assemblies: [worker_assembly_id {
  assembly_id {
    project_id {
      name: "beta_oscar_bacon_891"
    }
    name: "local_assembly"
  }
  name {
    name: "UnityClient"
  }
}
bridge_configuration {
  worker_attribute_set {
    attribute {
      name: "visual"
    }
  }
  entity_interest {
    range_entity_interest {
      radius: 200.0
    }
  }
  component_delivery {
    checkout_all_initially: true
  }
}
, worker_assembly_id {
  assembly_id {
    project_id {
      name: "beta_oscar_bacon_891"
    }
    name: "local_assembly"
  }
  name {
    name: "UnityWorker"
  }
}
worker_launch_configuration {
  platform: WINDOWS
  worker_zip {
    command: "UnityWorker@Windows.exe"
    argument: "+projectName"
    argument: "${IMPROBABLE_PROJECT_NAME}"
    argument: "+receptionistIp"
    argument: "${IMPROBABLE_RECEPTIONIST_HOST}"
    argument: "+receptionistPort"
    argument: "${IMPROBABLE_RECEPTIONIST_PORT}"
    argument: "+workerType"
    argument: "${IMPROBABLE_WORKER_NAME}"
    argument: "+workerId"
    argument: "${IMPROBABLE_WORKER_ID}"
    argument: "+useInternalIpForBridge"
    argument: "true"
    argument: "+infraServicesUrl"
    argument: "${IMPROBABLE_API_URL}"
    argument: "+assemblyName"
    argument: "${IMPROBABLE_ASSEMBLY_NAME}"
    argument: "+linkProtocol"
    argument: "RakNet"
    argument: "-logfile"
    argument: "${IMPROBABLE_LOG_FILE}"
    argument: "-batchmode"
    argument: "-nographics"
    worker_location {
      filename: "UnityWorker@Windows.zip"
    }
  }
}
worker_launch_configuration {
  platform: MACOS
  worker_zip {
    command: "UnityWorker@Mac.app/Contents/MacOS/UnityWorker@Mac"
    argument: "+projectName"
    argument: "${IMPROBABLE_PROJECT_NAME}"
    argument: "+receptionistIp"
    argument: "${IMPROBABLE_RECEPTIONIST_HOST}"
    argument: "+receptionistPort"
    argument: "${IMPROBABLE_RECEPTIONIST_PORT}"
    argument: "+workerType"
    argument: "${IMPROBABLE_WORKER_NAME}"
    argument: "+workerId"
    argument: "${IMPROBABLE_WORKER_ID}"
    argument: "+useInternalIpForBridge"
    argument: "true"
    argument: "+infraServicesUrl"
    argument: "${IMPROBABLE_API_URL}"
    argument: "+assemblyName"
    argument: "${IMPROBABLE_ASSEMBLY_NAME}"
    argument: "+linkProtocol"
    argument: "RakNet"
    argument: "-logfile"
    argument: "${IMPROBABLE_LOG_FILE}"
    argument: "-batchmode"
    argument: "-nographics"
    worker_location {
      filename: "UnityWorker@Mac.zip"
    }
  }
}
worker_launch_configuration {
  platform: LINUX
  worker_zip {
    command: "UnityWorker@Linux"
    argument: "+projectName"
    argument: "${IMPROBABLE_PROJECT_NAME}"
    argument: "+receptionistIp"
    argument: "${IMPROBABLE_RECEPTIONIST_HOST}"
    argument: "+receptionistPort"
    argument: "${IMPROBABLE_RECEPTIONIST_PORT}"
    argument: "+workerType"
    argument: "${IMPROBABLE_WORKER_NAME}"
    argument: "+workerId"
    argument: "${IMPROBABLE_WORKER_ID}"
    argument: "+useInternalIpForBridge"
    argument: "true"
    argument: "+infraServicesUrl"
    argument: "${IMPROBABLE_API_URL}"
    argument: "+assemblyName"
    argument: "${IMPROBABLE_ASSEMBLY_NAME}"
    argument: "+linkProtocol"
    argument: "RakNet"
    argument: "-logfile"
    argument: "${IMPROBABLE_LOG_FILE}"
    argument: "-batchmode"
    argument: "-nographics"
    worker_location {
      filename: "UnityWorker@Linux.zip"
    }
  }
}
bridge_configuration {
  worker_attribute_set {
    attribute {
      name: "physics"
    }
  }
  entity_interest {
    range_entity_interest {
      radius: 200.0
    }
  }
  component_delivery {
    checkout_all_initially: true
  }
}
]
2017-11-30 16:41:57,943 INFO  [i.w.assembly.WorkerAssemblyProvider] [] [] [] : Worker configuration for 'UnityClient' does not contain a launch configuration for the current platform 'WINDOWS', so Fabric will not start any managed workers of this type
2017-11-30 16:41:57,943 INFO  [i.w.assembly.WorkerAssemblyProvider] [] [] [] : The following worker configurations do not contain valid managed launch configurations for the current platform WINDOWS, and the runtime will be unable to launch managed workers of this type: [UnityClient]. This is expected for worker types you intend to only connect manually.
2017-11-30 16:41:57,946 INFO  [i.w.permissions.PermissionsFactory] [] [] [] : Created permissions manager with permissions: {UnityWorker=Permissions{{/sys/CreateEntity=, /sys/DeleteEntity=, /sys/EntityQuery={"component":["*"]}}}, UnityClient=Permissions{{/sys/EntityQuery={"component":[]}}}}
2017-11-30 16:41:59,740 INFO  [improbable.module.ModuleNode] [] [] [] : Starting router on master
2017-11-30 16:41:59,745 INFO  [i.core.discovery.server.LocalServer] [] [] [] : Registered Service(improbable.fabric.internal.service.RouterInternalService) on 127.0.0.1:9010.
2017-11-30 16:41:59,746 INFO  [i.c.m.r.RouterInternalServiceImpl] [] [] [] : Attempting to register RouterInternalServiceImpl with RouterLookupInternalService.
2017-11-30 16:41:59,754 INFO  [i.c.m.r.l.RouterLookupInternalServiceImpl] [] [] [] : 1/1 router modules started
2017-11-30 16:41:59,755 INFO  [i.c.m.r.RouterInternalServiceImpl] [] [] [] : Registered RouterInternalServiceImpl with RouterLookupInternalService.
2017-11-30 16:41:59,756 INFO  [improbable.module.ModuleNode] [] [] [] : Attempting to get addresses of all RouterModules from master node
2017-11-30 16:41:59,767 INFO  [improbable.module.ModuleNode] [] [] [] : Got all RouterModules from master node
2017-11-30 16:41:59,782 INFO  [i.core.discovery.server.LocalServer] [] [] [] : Registered Service(improbable.fabric.internal.service.RemoteMessageInternalService) on 127.0.0.1:9011.
2017-11-30 16:41:59,793 INFO  [i.core.discovery.server.LocalServer] [] [] [] : Registered Service(improbable.fabric.internal.service.LocalBrokerInternalService) on 127.0.0.1:9012.
2017-11-30 16:41:59,799 INFO  [improbable.module.ModuleNode] [] [] [] : Waiting for all router modules in the deployment to have started
2017-11-30 16:41:59,802 INFO  [improbable.module.ModuleNode] [] [] [] : All router modules in the deployment started
2017-11-30 16:41:59,859 INFO  [org.eclipse.jetty.server.Server] [] [] [] : jetty-8.y.z-SNAPSHOT
2017-11-30 16:41:59,881 INFO  [o.e.jetty.server.AbstractConnector] [] [] [] : Started SelectChannelConnector@0.0.0.0:5006
2017-11-30 16:41:59,882 INFO  [improbable.http.ServletContainer$] [] [] [] : Servlet container started
2017-11-30 16:41:59,883 INFO  [improbable.module.ModuleNode] [] [] [] : Starting BridgeOracle on master
2017-11-30 16:41:59,891 INFO  [improbable.module.ModuleNode] [] [] [] : Waiting for the BridgeOracle to have started
2017-11-30 16:41:59,952 INFO  [i.core.discovery.server.LocalServer] [] [] [] : Registered Service(improbable.fabric.internal.service.BridgeOracleInternalService) on 127.0.0.1:9013.
2017-11-30 16:42:00,193 INFO  [improbable.module.ModuleNode] [] [] [] : Received BridgeOracle started
2017-11-30 16:42:00,193 INFO  [i.c.d.g.GlobalServiceDiscoveryImpl] [] [] [] : Global service discovery refreshed 15 server(s) (previously: 11)
2017-11-30 16:42:00,199 INFO  [i.core.discovery.server.LocalServer] [] [] [] : Registered Service(improbable.fabric.internal.service.GlobalBrokerInternalService) on 127.0.0.1:9014.
2017-11-30 16:42:00,200 INFO  [improbable.module.ModuleNode] [] [] [] : Waiting for the BridgeModuleOracle to have started
2017-11-30 16:42:00,201 INFO  [i.c.a.e.ExtensibleActorReporter] [] [] [] : Started BridgeModuleOracleActor(Actor[akka://akkaFabric/user/BridgeModuleOracleModule#138321547]).
2017-11-30 16:42:00,209 INFO  [i.core.discovery.server.LocalServer] [] [] [] : Registered Service(improbable.fabric.internal.service.BridgeServiceOracleInternalService) on 127.0.0.1:9015.
2017-11-30 16:42:01,195 INFO  [improbable.module.ModuleNode] [] [] [] : Received BridgeModuleOracle started
2017-11-30 16:42:01,195 INFO  [i.c.d.g.GlobalServiceDiscoveryImpl] [] [] [] : Global service discovery refreshed 17 server(s) (previously: 15)
2017-11-30 16:42:01,201 INFO  [improbable.module.ModuleNode] [] [] [] : Starting gsim GSimModule
2017-11-30 16:42:01,205 INFO  [improbable.module.ModuleNode] [] [] [] : Waiting for 1 entity query service(s) to start.
2017-11-30 16:42:01,225 INFO  [i.core.discovery.server.LocalServer] [] [] [] : Registered Service(improbable.fabric.internal.service.LocalSnapshotInternalService) on 127.0.0.1:9016.
2017-11-30 16:42:01,237 INFO  [i.core.discovery.server.PublicServer] [] [] [] : Registered Service(improbable.fabric.internal.service.ScalingStatsInternalService) on 127.0.0.1:9017.
2017-11-30 16:42:01,251 INFO  [i.p.gsim.GSimPersistenceWriter] [] [] [] : Transitioning GSimPersistenceActor(0) from State [Idle] to [Idle].  Time Elapsed: 1 millisecond
2017-11-30 16:42:01,263 INFO  [i.core.discovery.server.LocalServer] [] [] [] : Registered Service(improbable.fabric.internal.service.EntityQueryInternalService) on 127.0.0.1:9018.
2017-11-30 16:42:01,941 INFO  [i.bridge.oracle.scaling.WorkerScaler] [] [] [] : Skipping reconciliation because no WorkerRunner service is available. This message is expected at startup but should not persist through the deployment
2017-11-30 16:42:02,194 INFO  [i.c.d.g.GlobalServiceDiscoveryImpl] [] [] [] : Global service discovery refreshed 20 server(s) (previously: 17)
2017-11-30 16:42:02,194 INFO  [improbable.module.ModuleNode] [] [] [] : All 1 entity query service(s) have started.
2017-11-30 16:42:02,194 INFO  [improbable.module.ModuleNode] [] [] [] : Creating entity query client.
2017-11-30 16:42:02,203 INFO  [improbable.module.ModuleNode] [] [] [] : Entity query client created with directory: EntityQueryServiceDirectory{allServices=[EntityQueryInternalServiceInfo{address=host: "127.0.0.1"
port: 9018
, extent=Rectangle{minX=-750.0, minZ=-750.0, maxX=750.0, maxZ=750.0}, isLocal=true}], localServices=[EntityQueryInternalServiceInfo{address=host: "127.0.0.1"
port: 9018
, extent=Rectangle{minX=-750.0, minZ=-750.0, maxX=750.0, maxZ=750.0}, isLocal=true}], remoteServices=[]}
2017-11-30 16:42:02,208 INFO  [improbable.module.ModuleNode] [] [] [] : Waiting for 1 bridge service(s) to start.
2017-11-30 16:42:02,217 INFO  [i.c.a.e.ExtensibleActorReporter] [] [] [] : Started BridgeModuleActor(Actor[akka://akkaFabric/user/BridgeModule:8cae485c-37df-41ed-80d7-21aaee6bff2e#-1919066401]).
2017-11-30 16:42:02,227 INFO  [i.core.discovery.server.LocalServer] [] [] [] : Registered Service(improbable.fabric.internal.service.BridgeInternalService) on 127.0.0.1:9019.
2017-11-30 16:42:02,227 INFO  [i.module.bridge.BridgeModuleActor] [] [] [] : Waiting for BridgeModuleOracle service to be available
2017-11-30 16:42:02,239 INFO  [i.module.bridge.BridgeModuleActor] [] [] [] : Registered(bridge_service_endpoint {
  guid: "8cae485c-37df-41ed-80d7-21aaee6bff2e"
}
) on BridgeModuleOracleService
2017-11-30 16:42:03,194 INFO  [i.c.d.g.GlobalServiceDiscoveryImpl] [] [] [] : Global service discovery refreshed 21 server(s) (previously: 20)
2017-11-30 16:42:03,194 INFO  [improbable.module.ModuleNode] [] [] [] : All 1 bridge service(s) have started.
2017-11-30 16:42:03,194 INFO  [improbable.module.ModuleNode] [] [] [] : Starting WorkerRunner service (EngineStartupModule)
2017-11-30 16:42:03,198 INFO  [improbable.worker.exec.WorkerStats] [] [] [] : Cannot read /proc/self/stat; worker stats reporting will not work.
2017-11-30 16:42:03,205 INFO  [i.core.discovery.server.PublicServer] [] [] [] : Registered Service(improbable.platform.inner.worker.WorkerRunner) on 127.0.0.1:9020.
2017-11-30 16:42:03,211 INFO  [i.core.discovery.server.LocalServer] [] [] [] : Registered Service(improbable.fabric.internal.service.ReceptionistInternalService) on 127.0.0.1:9021.
2017-11-30 16:42:03,219 INFO  [i.core.discovery.server.PublicServer] [] [] [] : Registered Service(improbable.platform.runtime.ReceptionistService) on 127.0.0.1:7777.
2017-11-30 16:42:03,219 INFO  [improbable.module.ModuleNode] [] [] [] : Starting InspectionRestModule
2017-11-30 16:42:03,220 INFO  [improbable.module.ModuleNode] [] [] [] : Starting ProfilingModule
2017-11-30 16:42:03,221 INFO  [i.c.d.client.CheckpointDiscoveryImpl] [] [] [] : Reached a checkpoint: ALL_MODULES_STARTED
2017-11-30 16:42:03,222 INFO  [improbable.module.ModuleNode] [] [] [] : All modules on this node started, waiting for other nodes to reach the same checkpoint.
2017-11-30 16:42:03,225 INFO  [i.c.a.e.ExtensibleActorReporter] [] [] [] : Started ProfilingModuleActor(Actor[akka://akkaFabric/user/ProfilingModule#-1259189954]).
2017-11-30 16:42:03,229 INFO  [i.core.discovery.server.LocalServer] [] [] [] : Registered Service(improbable.fabric.internal.debug.HeatmapCellCacheInternalService) on 127.0.0.1:9022.
2017-11-30 16:42:03,250 INFO  [i.core.discovery.server.PublicServer] [] [] [] : Registered Service(improbable.platform.runtime.InspectionService) on 127.0.0.1:9023.
2017-11-30 16:42:03,320 INFO  [i.c.a.e.ExtensibleActorReporter] [] [] [] : Started InspectionRestModuleActor(Actor[akka://akkaFabric/user/InspectionRestModule#-1400013012]).
2017-11-30 16:42:03,670 INFO  [spray.can.server.HttpListener] [akka://akkaFabric/user/IO-HTTP/listener-0] [akkaFabric-akka.actor.default-dispatcher-16] [] : Bound to /0.0.0.0:5005
2017-11-30 16:42:03,941 INFO  [i.bridge.oracle.scaling.WorkerScaler] [] [] [] : Skipping reconciliation because no WorkerRunner service is available. This message is expected at startup but should not persist through the deployment
2017-11-30 16:42:04,194 INFO  [i.c.d.g.GlobalCheckpointDiscoveryImpl] [] [] [] : Global checkpoint discovery refreshed checkpoints.
2017-11-30 16:42:04,194 INFO  [improbable.module.ModuleNode] [] [] [] : All modules on all nodes have been started.
2017-11-30 16:42:04,195 INFO  [improbable.module.ModuleNode] [] [] [] : Loading a snapshot.
2017-11-30 16:42:04,195 INFO  [i.c.d.g.GlobalServiceDiscoveryImpl] [] [] [] : Global service discovery refreshed 26 server(s) (previously: 21)
2017-11-30 16:42:04,205 INFO  [i.p.g.GSimPersistenceLoadOrchestrator] [] [] [] : Loading snapshot on GSim(0).
2017-11-30 16:42:04,206 INFO  [i.p.s.storage.LegacySnapshotStorage] [] [] [] : Requesting download URL for Snapshot(local@latest) matching []
2017-11-30 16:42:04,210 INFO  [i.p.s.storage.LegacySnapshotStorage] [] [] [] : Downloading snapshot from http://127.0.0.1:21000/snapshots/20171130164150276
2017-11-30 16:42:04,213 INFO  [i.p.gsim.GSimPersistenceLoader] [] [] [] : Loading snapshot
2017-11-30 16:42:04,293 INFO  [i.p.g.GSimPersistenceLoadOrchestrator] [] [] [] : Loaded 46 entities on GSim(0).
2017-11-30 16:42:04,304 INFO  [i.p.c.PersistenceLoaderCoordinatorActor] [] [] [] : All Snapshots loaded.
2017-11-30 16:42:04,306 INFO  [improbable.module.ModuleNode] [] [] [] : Snapshot has been loaded.
2017-11-30 16:42:04,306 INFO  [improbable.module.ModuleNode] [] [] [] : Starting SnapshotService.
2017-11-30 16:42:04,315 INFO  [i.core.discovery.server.PublicServer] [] [] [] : Registered Service(improbable.platform.runtime.SnapshotService) on 127.0.0.1:9024.
2017-11-30 16:42:04,318 INFO  [i.c.d.client.CheckpointDiscoveryImpl] [] [] [] : Reached a checkpoint: LOAD_SNAPSHOT_FINISHED
2017-11-30 16:42:04,322 INFO  [improbable.module.ModuleNode] [] [] [] : SpatialOS runtime startup complete.
2017-11-30 16:42:04,326 INFO  [i.l.params.LoadbalancerParamsFactory] [] [] [] : LoadbalancerParams for worker type [UnityWorker]: [AutoHexGridLoadbalancerParams{energyLimitingEnabled=true, energyLimit=1.0E9, minWorkerRange=1500.0, maxWorkerRange=1500.0, maxWorkerStepSize=0.0, workerExpansionTimeMs=60000, workerGridSize=0, loadbalancerEnabled=false, hexGridMode=AUTO, scalerAdvisorType=CONSTANT, maxWorkers=1, initialWorkers=1, numEntitiesPerWorker=9223372036854775807, statusReportPeriodMs=30000, pointsOfInterestEnabled=false, hexGridSolution=AutoValue_HexGridSolution{workersUsed=1, hexagonEdgeLength=1500.0, hexagonOrientation=POINTY_TOP, bounds=Rectangle{minX=-750.0, minZ=-750.0, maxX=750.0, maxZ=750.0}}, pointsOfInterestSolution=Empty}]
2017-11-30 16:42:05,194 INFO  [i.c.d.g.GlobalCheckpointDiscoveryImpl] [] [] [] : Global checkpoint discovery refreshed checkpoints.
2017-11-30 16:42:05,194 INFO  [i.c.d.g.GlobalServiceDiscoveryImpl] [] [] [] : Global service discovery refreshed 27 server(s) (previously: 26)
2017-11-30 16:42:05,231 INFO  [i.b.o.m.BridgeOracleWorkerManager] [] [] [] : Trying to start managed worker UnityWorker0
2017-11-30 16:42:05,253 INFO  [i.bridge.oracle.scaling.WorkerScaler] [] [] [] : Starting 1 new managed workers for attribute_set {
  attribute: "physics"
}
 (required: 1, existing: 0)
2017-11-30 16:42:05,684 INFO  [i.b.s.BridgeServicePicker] [] [] [] : Attempting to get positionHint for UnityClient574780f3-c48a-4176-8dff-2d7338efe231 via rpc
2017-11-30 16:42:05,687 INFO  [i.b.s.BridgeServicePicker] [] [] [] : Starting UnityClient574780f3-c48a-4176-8dff-2d7338efe231 without a position hint, so using a random bridge service
2017-11-30 16:42:05,693 INFO  [i.m.b.o.m.BridgeModuleOracleActor] [] [] [] : BridgeServicePicker returned module Optional[legacy_guid: "8cae485c-37df-41ed-80d7-21aaee6bff2e"
address {
  host: "127.0.0.1"
  port: 9019
}
] with load Optional[BridgeModuleLoadBalanceInfo((0.0, 0.0, 0.0),0)].get().toString() for Engine(UnityClient574780f3-c48a-4176-8dff-2d7338efe231)
2017-11-30 16:42:05,789 INFO  [i.l.params.LoadbalancerParamsFactory] [] [] [] : LoadbalancerParams for worker type [UnityClient]: [FlagzLoadbalancerParams{energyLimitingEnabled=true, energyLimit=1.0E9, minWorkerRange=Infinity, maxWorkerRange=Infinity, maxWorkerStepSize=50.0, workerExpansionTimeMs=60000, workerGridSize=5, loadbalancerEnabled=true, hexGridMode=OFF, scalerAdvisorType=ENTITY_COUNT, maxWorkers=25, initialWorkers=25, numEntitiesPerWorker=9223372036854775807, statusReportPeriodMs=2000, pointsOfInterestEnabled=false, hexGridSolution=Empty, pointsOfInterestSolution=Empty}]
2017-11-30 16:42:05,868 INFO  [i.b.i.BridgeInternalServiceImpl] [] [] [] : Bridge worker_id: "UnityClient574780f3-c48a-4176-8dff-2d7338efe231"
 registered with bridge internal service
2017-11-30 16:42:05,873 INFO  [i.b.o.s.BridgeOracleInternalServiceImpl] [] [] [] : Got bridge started rpc from bridge: worker_id: "UnityClient574780f3-c48a-4176-8dff-2d7338efe231"

2017-11-30 16:42:05,874 INFO  [i.b.o.s.BridgeOracleInternalServiceImpl] [] [] [] : The worker UnityClient574780f3-c48a-4176-8dff-2d7338efe231 registered with SpatialOS successfully.
2017-11-30 16:42:05,874 INFO  [i.module.bridge.oracle.BridgeOracle] [] [] [] : Sending bridge started to self for bridge endpoint bridge_oracle_endpoint {
}

2017-11-30 16:42:05,875 INFO  [i.module.bridge.oracle.BridgeOracle] [] [] [] : Bridge(UnityClient574780f3-c48a-4176-8dff-2d7338efe231) started.
2017-11-30 16:42:06,305 INFO  [i.worker.exec.WorkerStartupExecutor] [] [] [] : Created log file for worker UnityWorker0, type (UnityWorker): [C:\Users\mario\OneDrive\Documenti\GitHub\Team8\logs\2017-11-30_16-41-51_0\workers\UnityWorker\UnityWorker0-378512447187853521.log]
2017-11-30 16:42:06,306 INFO  [i.worker.exec.CommandLineExecutor] [] [] [] : Running command: C:\Users\mario\AppData\Local\Temp\zip-downloader8908213275646525608\f767ff0a6d6202ca9bcd095cd9ff1ccb\UnityWorker@Windows.exe +projectName beta_oscar_bacon_891 +receptionistIp 127.0.0.1 +receptionistPort 7777 +workerType UnityWorker +workerId UnityWorker0 +useInternalIpForBridge true +infraServicesUrl http://127.0.0.1:21000 +assemblyName local_assembly +linkProtocol RakNet -logfile C:\Users\mario\OneDrive\Documenti\GitHub\Team8\logs\2017-11-30_16-41-51_0\workers\UnityWorker\UnityWorker0-378512447187853521.log -batchmode -nographics
2017-11-30 16:42:06,461 INFO  [i.b.n.raknet.GuardedRakPeerInterface] [] [] [] : New RakNet connection established with 127.0.0.1
2017-11-30 16:42:06,654 WARN  [i.b.logging.EngineLogMessageHandler] [] [] [] : [Worker: UnityClient574780f3-c48a-4176-8dff-2d7338efe231] Request: sad
 in  -[WorkerLogger:Unity]
2017-11-30 16:42:06,689 WARN  [i.b.logging.EngineLogMessageHandler] [] [] [] : [Worker: UnityClient574780f3-c48a-4176-8dff-2d7338efe231] CreatePlayer command failed - you probably tried to connect too soon. Try again in a few seconds.
 in  -[WorkerLogger:Unity]
2017-11-30 16:42:07,388 INFO  [i.b.s.BridgeServicePicker] [] [] [] : Attempting to get positionHint for UnityWorker0 via rpc
2017-11-30 16:42:07,391 INFO  [i.m.b.o.m.BridgeModuleOracleActor] [] [] [] : BridgeServicePicker returned module Optional[legacy_guid: "8cae485c-37df-41ed-80d7-21aaee6bff2e"
address {
  host: "127.0.0.1"
  port: 9019
}
] with load Optional[BridgeModuleLoadBalanceInfo((0.0, 0.0, 0.0),1)].get().toString() for Engine(UnityWorker0)
2017-11-30 16:42:07,418 INFO  [i.b.i.BridgeInternalServiceImpl] [] [] [] : Bridge worker_id: "UnityWorker0"
 registered with bridge internal service
2017-11-30 16:42:07,421 INFO  [i.b.o.s.BridgeOracleInternalServiceImpl] [] [] [] : Got bridge started rpc from bridge: worker_id: "UnityWorker0"

2017-11-30 16:42:07,422 INFO  [i.b.o.s.BridgeOracleInternalServiceImpl] [] [] [] : The worker UnityWorker0 registered with SpatialOS successfully.
2017-11-30 16:42:07,423 INFO  [i.module.bridge.oracle.BridgeOracle] [] [] [] : Sending bridge started to self for bridge endpoint bridge_oracle_endpoint {
}

2017-11-30 16:42:07,423 INFO  [i.module.bridge.oracle.BridgeOracle] [] [] [] : Bridge(UnityWorker0) started.
2017-11-30 16:42:07,425 INFO  [i.b.o.m.BridgeOracleWorkerManager] [] [] [] : Worker UnityWorker0 registered with the BridgeOracleWorker manager
2017-11-30 16:42:07,858 INFO  [i.b.s.BridgeServicePicker] [] [] [] : Attempting to get positionHint for UnityClient55913021-c462-4615-ba3d-2414d1d1dbc793621 via rpc
2017-11-30 16:42:07,858 INFO  [i.b.s.BridgeServicePicker] [] [] [] : Starting UnityClient55913021-c462-4615-ba3d-2414d1d1dbc793621 without a position hint, so using a random bridge service
2017-11-30 16:42:07,859 INFO  [i.m.b.o.m.BridgeModuleOracleActor] [] [] [] : BridgeServicePicker returned module Optional[legacy_guid: "8cae485c-37df-41ed-80d7-21aaee6bff2e"
address {
  host: "127.0.0.1"
  port: 9019
}
] with load Optional[BridgeModuleLoadBalanceInfo((0.0, 0.0, 0.0),2)].get().toString() for Engine(UnityClient55913021-c462-4615-ba3d-2414d1d1dbc793621)
2017-11-30 16:42:07,885 INFO  [i.b.i.BridgeInternalServiceImpl] [] [] [] : Bridge worker_id: "UnityClient55913021-c462-4615-ba3d-2414d1d1dbc793621"
 registered with bridge internal service
2017-11-30 16:42:07,886 INFO  [i.b.o.s.BridgeOracleInternalServiceImpl] [] [] [] : Got bridge started rpc from bridge: worker_id: "UnityClient55913021-c462-4615-ba3d-2414d1d1dbc793621"

2017-11-30 16:42:07,887 INFO  [i.b.o.s.BridgeOracleInternalServiceImpl] [] [] [] : The worker UnityClient55913021-c462-4615-ba3d-2414d1d1dbc793621 registered with SpatialOS successfully.
2017-11-30 16:42:07,887 INFO  [i.module.bridge.oracle.BridgeOracle] [] [] [] : Sending bridge started to self for bridge endpoint bridge_oracle_endpoint {
}

2017-11-30 16:42:07,888 INFO  [i.module.bridge.oracle.BridgeOracle] [] [] [] : Bridge(UnityClient55913021-c462-4615-ba3d-2414d1d1dbc793621) started.
2017-11-30 16:42:08,019 INFO  [i.b.n.raknet.GuardedRakPeerInterface] [] [] [] : New RakNet connection established with 127.0.0.1
2017-11-30 16:42:08,484 INFO  [i.b.n.raknet.GuardedRakPeerInterface] [] [] [] : New RakNet connection established with 127.0.0.1
2017-11-30 16:42:08,575 WARN  [i.b.logging.EngineLogMessageHandler] [] [] [] : [Worker: UnityClient55913021-c462-4615-ba3d-2414d1d1dbc793621] Request: sad
 in UnityEngine.Debug:LogWarning(Object)
Assets.Gamelogic.Core.Bootstrap:RequestPlayerCreation(EntityId) (at Assets/Gamelogic/Core/Bootstrap.cs:79)
Assets.Gamelogic.Core.Bootstrap:OnSuccessfulPlayerCreatorQuery(EntityQueryResult) (at Assets/Gamelogic/Core/Bootstrap.cs:66)
Improbable.Unity.Core.CommandResponseHandler`1:TriggerSuccess(ICommandCallbackResponse`1) (at C:/w/ee9378522cbb9fd1/UnitySdk/Improbable.Unity/Assets/Precompiled/Unity/Commands/CommandResponseHandler.cs:62)
Improbable.Unity.Core.CommandResponseHandler`1:Trigger(ICommandCallbackResponse`1) (at C:/w/ee9378522cbb9fd1/UnitySdk/Improbable.Unity/Assets/Precompiled/Unity/Commands/CommandResponseHandler.cs:48)
Improbable.Unity.Core.CommandCallbackWrapper`1:TriggerWithStatus(StatusCode, Option`1, String) (at C:/w/ee9378522cbb9fd1/UnitySdk/Improbable.Unity/Assets/Precompiled/Unity/Commands/ICommandCallbackWrapper.cs:34)
Improbable.Unity.Core.<CreateOnResponseThunk>c__AnonStorey1D`2:<>m__2F(EntityQueryResponseOp) (at C:/w/ee9378522cbb9fd1/UnitySdk/Improbable.Unity/Assets/Precompiled/Unity/Commands/ComponentCommander.cs:243)
Improbable.Worker.Internal.Callbacks`1:InvokeAll(EntityQueryResponseOp)
Improbable.Worker.Dispatcher:EntityQueryResponseThunk(Void*, EntityQueryResponseOp*)
Improbable.Worker.Internal.WorkerProtocol:Dispatcher_Process(DispatcherHandle, OpListHandle)
Improbable.Worker.Dispatcher:Process(OpList)
Improbable.Unity.Core.ConnectionLifecycle:ProcessEvents() (at Assets/Plugins/Improbable/Sdk/Src/Unity/Core/ConnectionLifecycle.cs:385)
Improbable.Unity.Core.ConnectionLifecycle:Update() (at Assets/Plugins/Improbable/Sdk/Src/Unity/Core/ConnectionLifecycle.cs:149)
 -[WorkerLogger:Unity]
2017-11-30 16:42:12,543 INFO  [i.b.n.BridgeActorTransportLinkListener] [] [] [] : TransportLinkListener(UnityClient574780f3-c48a-4176-8dff-2d7338efe231) sending Disconnected to akka://akkaFabric/user/BridgeModule:8cae485c-37df-41ed-80d7-21aaee6bff2e/BridgeActor-UnityClient574780f3-c48a-4176-8dff-2d7338efe231
2017-11-30 16:42:12,548 INFO  [i.b.i.BridgeInternalServiceImpl] [] [] [] : Bridge worker_id: "UnityClient574780f3-c48a-4176-8dff-2d7338efe231"
 unregistered with bridge internal service
2017-11-30 16:42:12,549 INFO  [improbable.bridge.BridgeActor] [] [] [] : Bridge(UnityClient574780f3-c48a-4176-8dff-2d7338efe231) on guid: "8cae485c-37df-41ed-80d7-21aaee6bff2e"
 stopped.
2017-11-30 16:42:12,549 INFO  [i.module.bridge.oracle.BridgeOracle] [] [] [] : Sending bridge stopped to self for bridge endpoint worker_id: "UnityClient574780f3-c48a-4176-8dff-2d7338efe231"

2017-11-30 16:42:12,550 INFO  [i.module.bridge.oracle.BridgeOracle] [] [] [] : Bridge(UnityClient574780f3-c48a-4176-8dff-2d7338efe231) stopped.
2017-11-30 16:42:17,841 WARN  [i.r.ReceptionistServiceImpl] [] [] [] : Worker trying to login with previously used worker ID: UnityClient574780f3-c48a-4176-8dff-2d7338efe231
2017-11-30 16:42:42,777 INFO  [i.b.s.BridgeServicePicker] [] [] [] : Attempting to get positionHint for UnityClient628ff614-7f9f-4af7-bca6-2cb2d49ea65e via rpc
2017-11-30 16:42:42,777 INFO  [i.b.s.BridgeServicePicker] [] [] [] : Starting UnityClient628ff614-7f9f-4af7-bca6-2cb2d49ea65e without a position hint, so using a random bridge service
2017-11-30 16:42:42,778 INFO  [i.m.b.o.m.BridgeModuleOracleActor] [] [] [] : BridgeServicePicker returned module Optional[legacy_guid: "8cae485c-37df-41ed-80d7-21aaee6bff2e"
address {
  host: "127.0.0.1"
  port: 9019
}
] with load Optional[BridgeModuleLoadBalanceInfo((0.0, 0.0, 0.0),2)].get().toString() for Engine(UnityClient628ff614-7f9f-4af7-bca6-2cb2d49ea65e)
2017-11-30 16:42:42,919 INFO  [i.b.i.BridgeInternalServiceImpl] [] [] [] : Bridge worker_id: "UnityClient628ff614-7f9f-4af7-bca6-2cb2d49ea65e"
 registered with bridge internal service
2017-11-30 16:42:42,920 INFO  [i.b.o.s.BridgeOracleInternalServiceImpl] [] [] [] : Got bridge started rpc from bridge: worker_id: "UnityClient628ff614-7f9f-4af7-bca6-2cb2d49ea65e"

2017-11-30 16:42:42,921 INFO  [i.b.o.s.BridgeOracleInternalServiceImpl] [] [] [] : The worker UnityClient628ff614-7f9f-4af7-bca6-2cb2d49ea65e registered with SpatialOS successfully.
2017-11-30 16:42:42,921 INFO  [i.module.bridge.oracle.BridgeOracle] [] [] [] : Sending bridge started to self for bridge endpoint bridge_oracle_endpoint {
}

2017-11-30 16:42:42,921 INFO  [i.module.bridge.oracle.BridgeOracle] [] [] [] : Bridge(UnityClient628ff614-7f9f-4af7-bca6-2cb2d49ea65e) started.
2017-11-30 16:42:43,519 INFO  [i.b.n.raknet.GuardedRakPeerInterface] [] [] [] : New RakNet connection established with 127.0.0.1
2017-11-30 16:42:43,599 WARN  [i.b.logging.EngineLogMessageHandler] [] [] [] : [Worker: UnityClient628ff614-7f9f-4af7-bca6-2cb2d49ea65e] Request: qwe
 in  -[WorkerLogger:Unity]
2017-11-30 16:42:54,117 WARN  [i.b.logging.EngineLogMessageHandler] [] [] [] : [Worker: UnityWorker0] called reset
 in  -[WorkerLogger:Unity]
2017-11-30 16:42:54,118 WARN  [i.b.logging.EngineLogMessageHandler] [] [] [] : [Worker: UnityWorker0] queryied
 in  -[WorkerLogger:Unity]
2017-11-30 16:42:54,158 WARN  [i.b.logging.EngineLogMessageHandler] [] [] [] : [Worker: UnityWorker0] Found 2 nearby entities with a health component
 in  -[WorkerLogger:Unity]
2017-11-30 16:42:54,158 WARN  [i.b.logging.EngineLogMessageHandler] [] [] [] : [Worker: UnityWorker0] entity found
 in  -[WorkerLogger:Unity]
2017-11-30 16:42:54,159 WARN  [i.b.logging.EngineLogMessageHandler] [] [] [] : [Worker: UnityWorker0] entity found
 in  -[WorkerLogger:Unity]
2017-11-30 16:42:54,198 WARN  [i.b.logging.EngineLogMessageHandler] [] [] [] : [Worker: UnityWorker0] Gamewin command succeeded.
 in  -[WorkerLogger:Unity]
2017-11-30 16:42:54,208 WARN  [i.b.logging.EngineLogMessageHandler] [] [] [] : [Worker: UnityWorker0] Gamewin command succeeded.
 in  -[WorkerLogger:Unity]
2017-11-30 16:43:01,596 INFO  [i.b.s.BridgeServicePicker] [] [] [] : Attempting to get positionHint for UnityClient97018b15-8c0b-460a-a4c2-671bb9307248 via rpc
2017-11-30 16:43:01,596 INFO  [i.b.s.BridgeServicePicker] [] [] [] : Starting UnityClient97018b15-8c0b-460a-a4c2-671bb9307248 without a position hint, so using a random bridge service
2017-11-30 16:43:01,598 INFO  [i.m.b.o.m.BridgeModuleOracleActor] [] [] [] : BridgeServicePicker returned module Optional[legacy_guid: "8cae485c-37df-41ed-80d7-21aaee6bff2e"
address {
  host: "127.0.0.1"
  port: 9019
}
] with load Optional[BridgeModuleLoadBalanceInfo((0.0, 0.0, 0.0),3)].get().toString() for Engine(UnityClient97018b15-8c0b-460a-a4c2-671bb9307248)
2017-11-30 16:43:01,625 INFO  [i.b.i.BridgeInternalServiceImpl] [] [] [] : Bridge worker_id: "UnityClient97018b15-8c0b-460a-a4c2-671bb9307248"
 registered with bridge internal service
2017-11-30 16:43:01,626 INFO  [i.b.o.s.BridgeOracleInternalServiceImpl] [] [] [] : Got bridge started rpc from bridge: worker_id: "UnityClient97018b15-8c0b-460a-a4c2-671bb9307248"

2017-11-30 16:43:01,626 INFO  [i.b.o.s.BridgeOracleInternalServiceImpl] [] [] [] : The worker UnityClient97018b15-8c0b-460a-a4c2-671bb9307248 registered with SpatialOS successfully.
2017-11-30 16:43:01,626 INFO  [i.module.bridge.oracle.BridgeOracle] [] [] [] : Sending bridge started to self for bridge endpoint bridge_oracle_endpoint {
}

2017-11-30 16:43:01,626 INFO  [i.module.bridge.oracle.BridgeOracle] [] [] [] : Bridge(UnityClient97018b15-8c0b-460a-a4c2-671bb9307248) started.
2017-11-30 16:43:02,224 INFO  [i.b.n.raknet.GuardedRakPeerInterface] [] [] [] : New RakNet connection established with 127.0.0.1
2017-11-30 16:43:03,692 INFO  [i.b.n.BridgeActorTransportLinkListener] [] [] [] : TransportLinkListener(UnityClient97018b15-8c0b-460a-a4c2-671bb9307248) sending Disconnected to akka://akkaFabric/user/BridgeModule:8cae485c-37df-41ed-80d7-21aaee6bff2e/BridgeActor-UnityClient97018b15-8c0b-460a-a4c2-671bb9307248
2017-11-30 16:43:03,693 INFO  [i.b.i.BridgeInternalServiceImpl] [] [] [] : Bridge worker_id: "UnityClient97018b15-8c0b-460a-a4c2-671bb9307248"
 unregistered with bridge internal service
2017-11-30 16:43:03,693 INFO  [i.module.bridge.oracle.BridgeOracle] [] [] [] : Sending bridge stopped to self for bridge endpoint worker_id: "UnityClient97018b15-8c0b-460a-a4c2-671bb9307248"

2017-11-30 16:43:03,693 INFO  [improbable.bridge.BridgeActor] [] [] [] : Bridge(UnityClient97018b15-8c0b-460a-a4c2-671bb9307248) on guid: "8cae485c-37df-41ed-80d7-21aaee6bff2e"
 stopped.
2017-11-30 16:43:03,695 INFO  [i.module.bridge.oracle.BridgeOracle] [] [] [] : Bridge(UnityClient97018b15-8c0b-460a-a4c2-671bb9307248) stopped.
2017-11-30 16:43:05,793 WARN  [improbable.gsim.chunk.ChunkActor] [] [] [] : Tried to delete Entity(47), which is not in cache.
2017-11-30 16:43:05,794 INFO  [akka.actor.LocalActorRef] [akka://akkaFabric/user/GSimModule/EntityFactory/Entity-47/EntityUser-47] [akkaFabric-akka.actor.default-dispatcher-2] [] : Message [improbable.gsim.entity.message.NotifyEngineAssignments] from Actor[akka://akkaFabric/deadLetters] to Actor[akka://akkaFabric/user/GSimModule/EntityFactory/Entity-47/EntityUser-47#-398086366] was not delivered. [1] dead letters encountered. This logging can be turned off or adjusted with configuration settings 'akka.log-dead-letters' and 'akka.log-dead-letters-during-shutdown'.
2017-11-30 16:43:05,795 INFO  [akka.actor.LocalActorRef] [akka://akkaFabric/user/GSimModule/EntityFactory/Entity-47/EntityUser-47] [akkaFabric-akka.actor.default-dispatcher-2] [] : Message [improbable.gsim.entity.message.MigrateToChunkCompleted$] from Actor[akka://akkaFabric/deadLetters] to Actor[akka://akkaFabric/user/GSimModule/EntityFactory/Entity-47/EntityUser-47#-398086366] was not delivered. [2] dead letters encountered. This logging can be turned off or adjusted with configuration settings 'akka.log-dead-letters' and 'akka.log-dead-letters-during-shutdown'.
2017-11-30 16:43:07,694 INFO  [akka.actor.LocalActorRef] [akka://akkaFabric/user/GSimModule/EntityFactory/Entity-48/EntityUser-48] [akkaFabric-akka.actor.default-dispatcher-2] [] : Message [improbable.gsim.proxy.entity.StateUpdateWrapperMsg] from Actor[akka://akkaFabric/deadLetters] to Actor[akka://akkaFabric/user/GSimModule/EntityFactory/Entity-48/EntityUser-48#1461693264] was not delivered. [3] dead letters encountered. This logging can be turned off or adjusted with configuration settings 'akka.log-dead-letters' and 'akka.log-dead-letters-during-shutdown'.
2017-11-30 16:43:07,694 INFO  [akka.actor.LocalActorRef] [akka://akkaFabric/user/GSimModule/EntityFactory/Entity-48/EntityUser-48] [akkaFabric-akka.actor.default-dispatcher-2] [] : Message [improbable.gsim.proxy.entity.StateUpdateWrapperMsg] from Actor[akka://akkaFabric/deadLetters] to Actor[akka://akkaFabric/user/GSimModule/EntityFactory/Entity-48/EntityUser-48#1461693264] was not delivered. [4] dead letters encountered. This logging can be turned off or adjusted with configuration settings 'akka.log-dead-letters' and 'akka.log-dead-letters-during-shutdown'.
2017-11-30 16:43:07,694 INFO  [akka.actor.LocalActorRef] [akka://akkaFabric/user/GSimModule/EntityFactory/Entity-48/EntityUser-48] [akkaFabric-akka.actor.default-dispatcher-2] [] : Message [improbable.gsim.proxy.entity.StateUpdateWrapperMsg] from Actor[akka://akkaFabric/deadLetters] to Actor[akka://akkaFabric/user/GSimModule/EntityFactory/Entity-48/EntityUser-48#1461693264] was not delivered. [5] dead letters encountered. This logging can be turned off or adjusted with configuration settings 'akka.log-dead-letters' and 'akka.log-dead-letters-during-shutdown'.
2017-11-30 16:43:07,696 INFO  [akka.actor.LocalActorRef] [akka://akkaFabric/user/GSimModule/EntityFactory/Entity-48/EntityUser-48] [akkaFabric-akka.actor.default-dispatcher-2] [] : Message [improbable.gsim.proxy.entity.StateUpdateWrapperMsg] from Actor[akka://akkaFabric/deadLetters] to Actor[akka://akkaFabric/user/GSimModule/EntityFactory/Entity-48/EntityUser-48#1461693264] was not delivered. [6] dead letters encountered. This logging can be turned off or adjusted with configuration settings 'akka.log-dead-letters' and 'akka.log-dead-letters-during-shutdown'.
2017-11-30 16:43:08,850 WARN  [i.r.ReceptionistServiceImpl] [] [] [] : Worker trying to login with previously used worker ID: UnityClient97018b15-8c0b-460a-a4c2-671bb9307248
2017-11-30 16:43:13,886 WARN  [improbable.bridge.qos.QosHandler] [] [] [] : Worker connection for worker UnityClient55913021-c462-4615-ba3d-2414d1d1dbc793621 is unresponsive. Recent average latency: 13ms. Recent % of failed pings: 66.66666666666666%. Underlying transport layer healthy: true
2017-11-30 16:43:13,887 WARN  [improbable.bridge.qos.QosHandler] [] [] [] : Kill worker UnityClient55913021-c462-4615-ba3d-2414d1d1dbc793621 due to: smoothedRTT > maxLatency = false, tooManyPingsUnacked = true. smoothedRTT = 13471257 nanoseconds, unackedPingRate between 46002811623 and 56002816364 = 0.6666666666666666. RecentPingAckStates = Map(46006651623 -> true, 48002568387 -> true, 50001832113 -> false, 52001977982 -> false, 54002473937 -> false, 56002520979 -> false, 58001770849 -> false, 60001897025 -> false, 62001870769 -> false, 64002236170 -> false, 66002479771 -> false)
2017-11-30 16:43:13,887 WARN  [i.bridge.v2.ping.WorkerPinger] [] [] [] : Worker UnityClient55913021-c462-4615-ba3d-2414d1d1dbc793621 connection closing itself due to poor responsiveness from the worker.
2017-11-30 16:43:13,965 INFO  [i.b.n.BridgeActorTransportLinkListener] [] [] [] : TransportLinkListener(UnityClient55913021-c462-4615-ba3d-2414d1d1dbc793621) sending Disconnected to akka://akkaFabric/user/BridgeModule:8cae485c-37df-41ed-80d7-21aaee6bff2e/BridgeActor-UnityClient55913021-c462-4615-ba3d-2414d1d1dbc793621
2017-11-30 16:43:13,967 INFO  [i.b.i.BridgeInternalServiceImpl] [] [] [] : Bridge worker_id: "UnityClient55913021-c462-4615-ba3d-2414d1d1dbc793621"
 unregistered with bridge internal service
2017-11-30 16:43:13,967 INFO  [i.module.bridge.oracle.BridgeOracle] [] [] [] : Sending bridge stopped to self for bridge endpoint worker_id: "UnityClient55913021-c462-4615-ba3d-2414d1d1dbc793621"

2017-11-30 16:43:13,967 INFO  [improbable.bridge.BridgeActor] [] [] [] : Bridge(UnityClient55913021-c462-4615-ba3d-2414d1d1dbc793621) on guid: "8cae485c-37df-41ed-80d7-21aaee6bff2e"
 stopped.
2017-11-30 16:43:13,967 INFO  [i.module.bridge.oracle.BridgeOracle] [] [] [] : Bridge(UnityClient55913021-c462-4615-ba3d-2414d1d1dbc793621) stopped.
2017-11-30 16:43:13,967 INFO  [akka.actor.LocalActorRef] [akka://akkaFabric/user/BridgeModule:8cae485c-37df-41ed-80d7-21aaee6bff2e/BridgeActor-UnityClient55913021-c462-4615-ba3d-2414d1d1dbc793621] [akkaFabric-akka.actor.default-dispatcher-2] [] : Message [improbable.bridge.ShutdownBridge$] from Actor[akka://akkaFabric/deadLetters] to Actor[akka://akkaFabric/user/BridgeModule:8cae485c-37df-41ed-80d7-21aaee6bff2e/BridgeActor-UnityClient55913021-c462-4615-ba3d-2414d1d1dbc793621#-1422187480] was not delivered. [7] dead letters encountered. This logging can be turned off or adjusted with configuration settings 'akka.log-dead-letters' and 'akka.log-dead-letters-during-shutdown'.
2017-11-30 16:43:13,969 WARN  [i.db.legacy.LegacyDatabaseShard] [] [] [] : Tried to update entity 47 which doesn't exists.
2017-11-30 16:43:14,088 INFO  [improbable.gsim.chunk.ChunkActor] [] [] [] : Entity(GSimEntity(47,SquareChunk(0, 0),Set(ConstrainedComponent{componentId=1002, constraint=attribute_set {
  attribute: "workerId:UnityClient55913021-c462-4615-ba3d-2414d1d1dbc793621"
}
}, ConstrainedComponent{componentId=1004, constraint=attribute_set {
  attribute: "workerId:UnityClient55913021-c462-4615-ba3d-2414d1d1dbc793621"
}
}, ConstrainedComponent{componentId=1000, constraint=attribute_set {
  attribute: "physics"
}
}, ConstrainedComponent{componentId=1007, constraint=attribute_set {
  attribute: "physics"
}
}, ConstrainedComponent{componentId=1006, constraint=attribute_set {
  attribute: "physics"
}
}, ConstrainedComponent{componentId=1600, constraint=attribute_set {
  attribute: "physics"
}
}, ConstrainedComponent{componentId=1003, constraint=attribute_set {
  attribute: "physics"
}
}, ConstrainedComponent{componentId=54, constraint=attribute_set {
  attribute: "physics"
}
}, ConstrainedComponent{componentId=2003, constraint=attribute_set {
  attribute: "physics"
}
}),attribute_set {
  attribute: "physics"
}
attribute_set {
  attribute: "visual"
}
).entityId) has moved out of this GSim space. Will not send it down to Workers. (Logged every 1000 times)
2017-11-30 16:43:18,358 INFO  [i.b.s.BridgeServicePicker] [] [] [] : Attempting to get positionHint for UnityCliente6392ab7-cc90-43f3-8b2f-29eef53261eb16970 via rpc
2017-11-30 16:43:18,359 INFO  [i.b.s.BridgeServicePicker] [] [] [] : Starting UnityCliente6392ab7-cc90-43f3-8b2f-29eef53261eb16970 without a position hint, so using a random bridge service
2017-11-30 16:43:18,360 INFO  [i.m.b.o.m.BridgeModuleOracleActor] [] [] [] : BridgeServicePicker returned module Optional[legacy_guid: "8cae485c-37df-41ed-80d7-21aaee6bff2e"
address {
  host: "127.0.0.1"
  port: 9019
}
] with load Optional[BridgeModuleLoadBalanceInfo((0.0, 0.0, 0.0),2)].get().toString() for Engine(UnityCliente6392ab7-cc90-43f3-8b2f-29eef53261eb16970)
2017-11-30 16:43:18,386 INFO  [i.b.i.BridgeInternalServiceImpl] [] [] [] : Bridge worker_id: "UnityCliente6392ab7-cc90-43f3-8b2f-29eef53261eb16970"
 registered with bridge internal service
2017-11-30 16:43:18,387 INFO  [i.b.o.s.BridgeOracleInternalServiceImpl] [] [] [] : Got bridge started rpc from bridge: worker_id: "UnityCliente6392ab7-cc90-43f3-8b2f-29eef53261eb16970"

2017-11-30 16:43:18,387 INFO  [i.b.o.s.BridgeOracleInternalServiceImpl] [] [] [] : The worker UnityCliente6392ab7-cc90-43f3-8b2f-29eef53261eb16970 registered with SpatialOS successfully.
2017-11-30 16:43:18,388 INFO  [i.module.bridge.oracle.BridgeOracle] [] [] [] : Sending bridge started to self for bridge endpoint bridge_oracle_endpoint {
}

2017-11-30 16:43:18,388 INFO  [i.module.bridge.oracle.BridgeOracle] [] [] [] : Bridge(UnityCliente6392ab7-cc90-43f3-8b2f-29eef53261eb16970) started.
2017-11-30 16:43:18,936 INFO  [i.b.n.raknet.GuardedRakPeerInterface] [] [] [] : New RakNet connection established with 127.0.0.1
2017-11-30 16:43:20,850 INFO  [i.b.n.BridgeActorTransportLinkListener] [] [] [] : TransportLinkListener(UnityCliente6392ab7-cc90-43f3-8b2f-29eef53261eb16970) sending Disconnected to akka://akkaFabric/user/BridgeModule:8cae485c-37df-41ed-80d7-21aaee6bff2e/BridgeActor-UnityCliente6392ab7-cc90-43f3-8b2f-29eef53261eb16970
2017-11-30 16:43:20,851 INFO  [i.b.i.BridgeInternalServiceImpl] [] [] [] : Bridge worker_id: "UnityCliente6392ab7-cc90-43f3-8b2f-29eef53261eb16970"
 unregistered with bridge internal service
2017-11-30 16:43:20,851 INFO  [i.module.bridge.oracle.BridgeOracle] [] [] [] : Sending bridge stopped to self for bridge endpoint worker_id: "UnityCliente6392ab7-cc90-43f3-8b2f-29eef53261eb16970"

2017-11-30 16:43:20,851 INFO  [improbable.bridge.BridgeActor] [] [] [] : Bridge(UnityCliente6392ab7-cc90-43f3-8b2f-29eef53261eb16970) on guid: "8cae485c-37df-41ed-80d7-21aaee6bff2e"
 stopped.
2017-11-30 16:43:20,852 INFO  [i.module.bridge.oracle.BridgeOracle] [] [] [] : Bridge(UnityCliente6392ab7-cc90-43f3-8b2f-29eef53261eb16970) stopped.
2017-11-30 16:43:22,920 WARN  [improbable.bridge.qos.QosHandler] [] [] [] : Worker connection for worker UnityClient628ff614-7f9f-4af7-bca6-2cb2d49ea65e is unresponsive. Recent average latency: 0ms. Recent % of failed pings: 100.0%. Underlying transport layer healthy: true
2017-11-30 16:43:22,920 WARN  [improbable.bridge.qos.QosHandler] [] [] [] : Kill worker UnityClient628ff614-7f9f-4af7-bca6-2cb2d49ea65e due to: smoothedRTT > maxLatency = false, tooManyPingsUnacked = true. smoothedRTT = 0 nanoseconds, unackedPingRate between 20002767863 and 30002769322 = 1.0. RecentPingAckStates = Map(30001630815 -> false, 32002658097 -> false, 34001566997 -> false, 36002501652 -> false, 38002347031 -> false, 40002484148 -> false)
2017-11-30 16:43:22,920 WARN  [i.bridge.v2.ping.WorkerPinger] [] [] [] : Worker UnityClient628ff614-7f9f-4af7-bca6-2cb2d49ea65e connection closing itself due to poor responsiveness from the worker.
2017-11-30 16:43:22,998 INFO  [i.b.n.BridgeActorTransportLinkListener] [] [] [] : TransportLinkListener(UnityClient628ff614-7f9f-4af7-bca6-2cb2d49ea65e) sending Disconnected to akka://akkaFabric/user/BridgeModule:8cae485c-37df-41ed-80d7-21aaee6bff2e/BridgeActor-UnityClient628ff614-7f9f-4af7-bca6-2cb2d49ea65e
2017-11-30 16:43:22,998 INFO  [i.b.i.BridgeInternalServiceImpl] [] [] [] : Bridge worker_id: "UnityClient628ff614-7f9f-4af7-bca6-2cb2d49ea65e"
 unregistered with bridge internal service
2017-11-30 16:43:22,998 INFO  [i.module.bridge.oracle.BridgeOracle] [] [] [] : Sending bridge stopped to self for bridge endpoint worker_id: "UnityClient628ff614-7f9f-4af7-bca6-2cb2d49ea65e"

2017-11-30 16:43:22,999 INFO  [improbable.bridge.BridgeActor] [] [] [] : Bridge(UnityClient628ff614-7f9f-4af7-bca6-2cb2d49ea65e) on guid: "8cae485c-37df-41ed-80d7-21aaee6bff2e"
 stopped.
2017-11-30 16:43:22,999 INFO  [i.module.bridge.oracle.BridgeOracle] [] [] [] : Bridge(UnityClient628ff614-7f9f-4af7-bca6-2cb2d49ea65e) stopped.
2017-11-30 16:43:22,999 INFO  [akka.actor.LocalActorRef] [akka://akkaFabric/user/BridgeModule:8cae485c-37df-41ed-80d7-21aaee6bff2e/BridgeActor-UnityClient628ff614-7f9f-4af7-bca6-2cb2d49ea65e] [akkaFabric-akka.actor.default-dispatcher-2] [] : Message [improbable.bridge.ShutdownBridge$] from Actor[akka://akkaFabric/deadLetters] to Actor[akka://akkaFabric/user/BridgeModule:8cae485c-37df-41ed-80d7-21aaee6bff2e/BridgeActor-UnityClient628ff614-7f9f-4af7-bca6-2cb2d49ea65e#721558211] was not delivered. [8] dead letters encountered. This logging can be turned off or adjusted with configuration settings 'akka.log-dead-letters' and 'akka.log-dead-letters-during-shutdown'.
2017-11-30 16:45:17,377 INFO  [i.c.discovery.ServiceDiscoveryImpl] [] [] [] : Shutting down all services
2017-11-30 16:45:17,379 INFO  [i.core.discovery.server.LocalServer] [] [] [] : Stopped Service(improbable.fabric.internal.service.StatusDiscoveryInternalService) on 127.0.0.1:5301.
2017-11-30 16:45:17,379 INFO  [i.core.discovery.server.PublicServer] [] [] [] : Stopped Service(improbable.platform.runtime.ModuleService) on 127.0.0.1:9000.
2017-11-30 16:45:17,380 INFO  [i.core.discovery.server.PublicServer] [] [] [] : Stopped Service(improbable.platform.runtime.HealthCheckService) on 127.0.0.1:9001.
2017-11-30 16:45:17,380 INFO  [i.core.discovery.server.LocalServer] [] [] [] : Stopped Service(improbable.fabric.internal.service.PerfInternalService) on 127.0.0.1:9002.
2017-11-30 16:45:17,380 INFO  [i.core.discovery.server.LocalServer] [] [] [] : Stopped Service(improbable.fabric.internal.service.ContentionInternalService) on 127.0.0.1:9003.
2017-11-30 16:45:17,381 INFO  [i.core.discovery.server.PublicServer] [] [] [] : Stopped Service(improbable.platform.runtime.FeatureService) on 127.0.0.1:9004.
2017-11-30 16:45:17,381 INFO  [i.core.discovery.server.LocalServer] [] [] [] : Stopped Service(improbable.fabric.internal.service.NodeConfigurationInternalService) on 127.0.0.1:9005.
2017-11-30 16:45:17,382 INFO  [i.core.discovery.server.LocalServer] [] [] [] : Stopped Service(improbable.fabric.internal.service.WorldExtentsInternalService) on 127.0.0.1:9006.
2017-11-30 16:45:17,383 INFO  [i.core.discovery.server.LocalServer] [] [] [] : Stopped Service(improbable.fabric.internal.service.EntityIdInternalService) on 127.0.0.1:9007.
2017-11-30 16:45:17,385 INFO  [i.core.discovery.server.LocalServer] [] [] [] : Stopped Service(improbable.fabric.internal.service.WorkerPrestartRegistryInternalService) on 127.0.0.1:9008.
2017-11-30 16:45:17,386 INFO  [i.core.discovery.server.LocalServer] [] [] [] : Stopped Service(improbable.fabric.internal.service.RouterLookupInternalService) on 127.0.0.1:9009.
2017-11-30 16:45:17,387 INFO  [i.core.discovery.server.LocalServer] [] [] [] : Stopped Service(improbable.fabric.internal.service.RouterInternalService) on 127.0.0.1:9010.
2017-11-30 16:45:17,388 INFO  [i.core.discovery.server.LocalServer] [] [] [] : Stopped Service(improbable.fabric.internal.service.RemoteMessageInternalService) on 127.0.0.1:9011.
2017-11-30 16:45:17,388 INFO  [i.core.discovery.server.LocalServer] [] [] [] : Stopped Service(improbable.fabric.internal.service.LocalBrokerInternalService) on 127.0.0.1:9012.
2017-11-30 16:45:17,389 INFO  [i.core.discovery.server.LocalServer] [] [] [] : Stopped Service(improbable.fabric.internal.service.BridgeOracleInternalService) on 127.0.0.1:9013.
2017-11-30 16:45:17,390 INFO  [i.core.discovery.server.LocalServer] [] [] [] : Stopped Service(improbable.fabric.internal.service.GlobalBrokerInternalService) on 127.0.0.1:9014.
2017-11-30 16:45:17,391 INFO  [i.core.discovery.server.LocalServer] [] [] [] : Stopped Service(improbable.fabric.internal.service.BridgeServiceOracleInternalService) on 127.0.0.1:9015.
2017-11-30 16:45:17,392 INFO  [i.core.discovery.server.LocalServer] [] [] [] : Stopped Service(improbable.fabric.internal.service.LocalSnapshotInternalService) on 127.0.0.1:9016.
2017-11-30 16:45:17,393 INFO  [i.core.discovery.server.PublicServer] [] [] [] : Stopped Service(improbable.fabric.internal.service.ScalingStatsInternalService) on 127.0.0.1:9017.
2017-11-30 16:45:17,394 INFO  [i.core.discovery.server.LocalServer] [] [] [] : Stopped Service(improbable.fabric.internal.service.EntityQueryInternalService) on 127.0.0.1:9018.
2017-11-30 16:45:17,395 INFO  [i.core.discovery.server.LocalServer] [] [] [] : Stopped Service(improbable.fabric.internal.service.BridgeInternalService) on 127.0.0.1:9019.
2017-11-30 16:45:17,396 INFO  [i.core.discovery.server.PublicServer] [] [] [] : Stopped Service(improbable.platform.inner.worker.WorkerRunner) on 127.0.0.1:9020.
2017-11-30 16:45:17,397 INFO  [i.core.discovery.server.LocalServer] [] [] [] : Stopped Service(improbable.fabric.internal.service.ReceptionistInternalService) on 127.0.0.1:9021.
2017-11-30 16:45:17,397 INFO  [i.core.discovery.server.PublicServer] [] [] [] : Stopped Service(improbable.platform.runtime.ReceptionistService) on 127.0.0.1:7777.
