2017-11-29 15:27:02,196 INFO  [i.deployment.InternalGameLauncher] [] [] [] : Parsed 353 internal flags at startup
2017-11-29 15:27:02,396 INFO  [i.deployment.InternalGameLauncher] [] [] [] : SpatialOS runtime version: 11-20171129T133416Z-20e0e7c
2017-11-29 15:27:02,651 INFO  [i.c.c.f.FlagzFieldRegistryUpdater] [] [] [] : Initialized Fabric flagz registry with 11 set fields.
2017-11-29 15:27:03,823 INFO  [i.core.discovery.server.LocalServer] [] [] [] : Registered Service(improbable.fabric.internal.service.StatusDiscoveryInternalService) on 127.0.0.1:5301.
2017-11-29 15:27:03,840 INFO  [i.c.discovery.ServiceDiscoveryImpl] [] [] [] : Status discovery address: host: "127.0.0.1"
port: 5301

2017-11-29 15:27:03,864 INFO  [improbable.module.ModuleNode] [] [] [] : Starting Fabric node as master (IP: 127.0.0.1).
2017-11-29 15:27:03,866 INFO  [i.c.d.client.CheckpointDiscoveryImpl] [] [] [] : Reached a checkpoint: ALL_NODES_STARTED
2017-11-29 15:27:03,867 INFO  [improbable.module.ModuleNode] [] [] [] : Node master has started, waiting for other nodes to reach the same checkpoint.
2017-11-29 15:27:03,867 INFO  [improbable.module.ModuleNode] [] [] [] : All nodes have been started.
2017-11-29 15:27:03,883 INFO  [i.core.discovery.server.PublicServer] [] [] [] : Registered Service(improbable.platform.runtime.ModuleService) on 127.0.0.1:9000.
2017-11-29 15:27:03,892 INFO  [i.core.discovery.server.PublicServer] [] [] [] : Registered Service(improbable.platform.runtime.HealthCheckService) on 127.0.0.1:9001.
2017-11-29 15:27:03,908 INFO  [i.core.discovery.server.LocalServer] [] [] [] : Registered Service(improbable.fabric.internal.service.PerfInternalService) on 127.0.0.1:9002.
2017-11-29 15:27:03,919 INFO  [i.core.discovery.server.LocalServer] [] [] [] : Registered Service(improbable.fabric.internal.service.ContentionInternalService) on 127.0.0.1:9003.
2017-11-29 15:27:03,947 INFO  [i.core.discovery.server.PublicServer] [] [] [] : Registered Service(improbable.platform.runtime.FeatureService) on 127.0.0.1:9004.
2017-11-29 15:27:03,982 INFO  [i.c.config.flagz.WorkerFlagzUpdater] [] [] [] : Initialized worker flagz registry with 0 set fields.
2017-11-29 15:27:03,984 INFO  [improbable.module.ModuleNode] [] [] [] : Using master node configuration loader.
2017-11-29 15:27:04,004 INFO  [i.core.discovery.server.LocalServer] [] [] [] : Registered Service(improbable.fabric.internal.service.NodeConfigurationInternalService) on 127.0.0.1:9005.
2017-11-29 15:27:04,030 INFO  [i.c.c.n.MasterNodeConfigurationLoader] [] [] [] : Using roles [MASTER, GSIM, BRIDGE, WORKER_RUNNER, INSPECTION] for node node_id {
  deployment_id {
    project_id {
      name: "beta_oscar_bacon_891"
    }
    name: "local"
  }
  name: "master"
}
private_ip: "127.0.0.1"
roles: MASTER
roles: GSIM
roles: BRIDGE
roles: WORKER_RUNNER
roles: INSPECTION

2017-11-29 15:27:04,060 INFO  [improbable.core.config.node.GsimGrid] [] [] [] : Created gsim grid configuration of size (1500, 1500) with 1 columns and 1 rows, using gsims of (30, 30) chunks.
2017-11-29 15:27:04,085 INFO  [i.c.c.n.MasterNodeConfigurationLoader] [] [] [] : Original deployment module configuration (before parsing): {deployment_id {
  project_id {
    name: "beta_oscar_bacon_891"
  }
  name: "local"
}
name: "master"
=[ProfilingModule, BridgeModuleOracleModule, BridgeOracleModule, PersistenceModule, ReceptionistModule, RouterModule, GSimModule, BridgeModule, EngineStartupModule, InspectionRestModule]}
2017-11-29 15:27:04,114 INFO  [i.c.c.n.MasterNodeConfigurationLoader] [] [] [] : Master successfully loaded configurations for 1 node(s).
2017-11-29 15:27:04,125 INFO  [improbable.module.ModuleNode] [] [] [] : Loaded node configuration: node_id {
  deployment_id {
    project_id {
      name: "beta_oscar_bacon_891"
    }
    name: "local"
  }
  name: "master"
}
gsim_configurations {
  extent {
    bottom_left {
      x_in_chunks: -15
      z_in_chunks: -15
    }
    top_right {
      x_in_chunks: 15
      z_in_chunks: 15
    }
  }
}
start_router: true
start_bridge_oracle: true
start_bridge_module_oracle: true
start_engine_startup_module: true
start_receptionist_service: true
start_inspection_rest_module: true
start_snapshot_service: true
start_profiling_module: true
bridge_modules: "BridgeModule"
gsim_modules: "GSimModule"

2017-11-29 15:27:04,126 INFO  [improbable.module.ModuleNode] [] [] [] : Using master world extents provider.
2017-11-29 15:27:04,149 INFO  [i.core.discovery.server.LocalServer] [] [] [] : Registered Service(improbable.fabric.internal.service.WorldExtentsInternalService) on 127.0.0.1:9006.
2017-11-29 15:27:04,150 INFO  [i.c.world.MasterWorldExtentsProvider] [] [] [] : Successfully initialized world extents with 1 rectangle(s).
2017-11-29 15:27:04,157 INFO  [improbable.module.ModuleNode] [] [] [] : Loaded world extents: WorldExtents{proto=rectangles {
  bottom_left {
    x: -750.0
    z: -750.0
  }
  top_right {
    x: 750.0
    z: 750.0
  }
  is_fully_simulated: true
  responsible_gsim_id {
  }
}
bounding_rectangle {
  bottom_left {
    x: -750.0
    z: -750.0
  }
  top_right {
    x: 750.0
    z: 750.0
  }
  is_fully_simulated: true
}
}
2017-11-29 15:27:04,351 INFO  [i.e.schema.ParsedFileDescriptorSet] [] [] [] : Parsed file descriptors of 14 proto files.
2017-11-29 15:27:04,397 INFO  [i.entity.schema.SchemaFactory] [] [] [] : Found components: [improbable.EntityAcl, improbable.Metadata, improbable.Position, improbable.Persistence, improbable.player.ClientConnection, improbable.core.PlayerData, improbable.player.Score, improbable.player.PlayerInput, improbable.player.Winning, improbable.core.Rotation, improbable.core.PlayerCreation, improbable.core.ClientAuthorityCheck, improbable.player.Health]
2017-11-29 15:27:04,411 INFO  [i.entity.schema.SchemaFactory] [] [] [] : Found components: [improbable.EntityAcl, improbable.Metadata, improbable.Position, improbable.Persistence, improbable.internal.EntityAuthority, improbable.player.PlayerInput, improbable.player.Winning, improbable.core.Rotation, improbable.core.PlayerData, improbable.player.ClientConnection, improbable.core.ClientAuthorityCheck, improbable.player.Health, improbable.core.PlayerCreation, improbable.player.Score]
2017-11-29 15:27:04,412 INFO  [improbable.module.ModuleNode] [] [] [] : Successfully loaded schema for entities
2017-11-29 15:27:04,414 INFO  [improbable.module.ModuleNode] [] [] [] : Validating snapshot at startup and determining max entity id
2017-11-29 15:27:04,421 INFO  [i.p.s.storage.LegacySnapshotStorage] [] [] [] : Requesting download URL for Snapshot(local@latest) matching []
2017-11-29 15:27:04,442 INFO  [i.p.s.storage.LegacySnapshotStorage] [] [] [] : Downloading snapshot from http://127.0.0.1:21000/snapshots/20171129152655029
2017-11-29 15:27:04,485 INFO  [improbable.module.ModuleNode] [] [] [] : Determined the first entity id for the id assigner as 12
2017-11-29 15:27:04,490 INFO  [i.core.discovery.server.LocalServer] [] [] [] : Registered Service(improbable.fabric.internal.service.EntityIdInternalService) on 127.0.0.1:9007.
2017-11-29 15:27:04,513 INFO  [i.core.discovery.server.LocalServer] [] [] [] : Registered Service(improbable.fabric.internal.service.WorkerPrestartRegistryInternalService) on 127.0.0.1:9008.
2017-11-29 15:27:04,523 INFO  [i.core.discovery.server.LocalServer] [] [] [] : Registered Service(improbable.fabric.internal.service.RouterLookupInternalService) on 127.0.0.1:9009.
2017-11-29 15:27:04,525 INFO  [i.module.router.ActorSystemFactory$] [] [] [] : Attempting to create ActorSystem akkaFabric with configRecord akkaFabric
2017-11-29 15:27:04,838 INFO  [i.c.d.g.GlobalServiceDiscoveryImpl] [] [] [] : Global service discovery refreshed 11 server(s) (previously: 0)
2017-11-29 15:27:04,846 INFO  [i.c.d.g.GlobalCheckpointDiscoveryImpl] [] [] [] : Global checkpoint discovery refreshed checkpoints.
2017-11-29 15:27:05,077 INFO  [akka.event.slf4j.Slf4jLogger] [] [] [] : Slf4jLogger started
2017-11-29 15:27:07,305 INFO  [i.l.params.LoadbalancerParamsFactory] [] [] [] : Parsed 1 worker loadbalancing configuration(s)
2017-11-29 15:27:07,312 INFO  [i.l.params.LoadbalancerParamsFactory] [] [] [] : Successfully loaded loadbalancing configurations: {UnityWorker=improbable.loadbalancing.params.AutoHexGridLoadbalancerParams@454009a0}
2017-11-29 15:27:07,431 INFO  [i.w.a.WorkerAssemblyProviderFactory] [] [] [] : Loaded worker assemblies for these workers types: UnityClient, UnityWorker.
2017-11-29 15:27:07,434 INFO  [improbable.module.ModuleNode] [] [] [] : Loaded worker assemblies: [worker_assembly_id {
  assembly_id {
    project_id {
      name: "beta_oscar_bacon_891"
    }
    name: "local_assembly"
  }
  name {
    name: "UnityClient"
  }
}
bridge_configuration {
  worker_attribute_set {
    attribute {
      name: "visual"
    }
  }
  entity_interest {
    range_entity_interest {
      radius: 200.0
    }
  }
  component_delivery {
    checkout_all_initially: true
  }
}
, worker_assembly_id {
  assembly_id {
    project_id {
      name: "beta_oscar_bacon_891"
    }
    name: "local_assembly"
  }
  name {
    name: "UnityWorker"
  }
}
worker_launch_configuration {
  platform: WINDOWS
  worker_zip {
    command: "UnityWorker@Windows.exe"
    argument: "+projectName"
    argument: "${IMPROBABLE_PROJECT_NAME}"
    argument: "+receptionistIp"
    argument: "${IMPROBABLE_RECEPTIONIST_HOST}"
    argument: "+receptionistPort"
    argument: "${IMPROBABLE_RECEPTIONIST_PORT}"
    argument: "+workerType"
    argument: "${IMPROBABLE_WORKER_NAME}"
    argument: "+workerId"
    argument: "${IMPROBABLE_WORKER_ID}"
    argument: "+useInternalIpForBridge"
    argument: "true"
    argument: "+infraServicesUrl"
    argument: "${IMPROBABLE_API_URL}"
    argument: "+assemblyName"
    argument: "${IMPROBABLE_ASSEMBLY_NAME}"
    argument: "+linkProtocol"
    argument: "RakNet"
    argument: "-logfile"
    argument: "${IMPROBABLE_LOG_FILE}"
    argument: "-batchmode"
    argument: "-nographics"
    worker_location {
      filename: "UnityWorker@Windows.zip"
    }
  }
}
worker_launch_configuration {
  platform: MACOS
  worker_zip {
    command: "UnityWorker@Mac.app/Contents/MacOS/UnityWorker@Mac"
    argument: "+projectName"
    argument: "${IMPROBABLE_PROJECT_NAME}"
    argument: "+receptionistIp"
    argument: "${IMPROBABLE_RECEPTIONIST_HOST}"
    argument: "+receptionistPort"
    argument: "${IMPROBABLE_RECEPTIONIST_PORT}"
    argument: "+workerType"
    argument: "${IMPROBABLE_WORKER_NAME}"
    argument: "+workerId"
    argument: "${IMPROBABLE_WORKER_ID}"
    argument: "+useInternalIpForBridge"
    argument: "true"
    argument: "+infraServicesUrl"
    argument: "${IMPROBABLE_API_URL}"
    argument: "+assemblyName"
    argument: "${IMPROBABLE_ASSEMBLY_NAME}"
    argument: "+linkProtocol"
    argument: "RakNet"
    argument: "-logfile"
    argument: "${IMPROBABLE_LOG_FILE}"
    argument: "-batchmode"
    argument: "-nographics"
    worker_location {
      filename: "UnityWorker@Mac.zip"
    }
  }
}
worker_launch_configuration {
  platform: LINUX
  worker_zip {
    command: "UnityWorker@Linux"
    argument: "+projectName"
    argument: "${IMPROBABLE_PROJECT_NAME}"
    argument: "+receptionistIp"
    argument: "${IMPROBABLE_RECEPTIONIST_HOST}"
    argument: "+receptionistPort"
    argument: "${IMPROBABLE_RECEPTIONIST_PORT}"
    argument: "+workerType"
    argument: "${IMPROBABLE_WORKER_NAME}"
    argument: "+workerId"
    argument: "${IMPROBABLE_WORKER_ID}"
    argument: "+useInternalIpForBridge"
    argument: "true"
    argument: "+infraServicesUrl"
    argument: "${IMPROBABLE_API_URL}"
    argument: "+assemblyName"
    argument: "${IMPROBABLE_ASSEMBLY_NAME}"
    argument: "+linkProtocol"
    argument: "RakNet"
    argument: "-logfile"
    argument: "${IMPROBABLE_LOG_FILE}"
    argument: "-batchmode"
    argument: "-nographics"
    worker_location {
      filename: "UnityWorker@Linux.zip"
    }
  }
}
bridge_configuration {
  worker_attribute_set {
    attribute {
      name: "physics"
    }
  }
  entity_interest {
    range_entity_interest {
      radius: 200.0
    }
  }
  component_delivery {
    checkout_all_initially: true
  }
}
]
2017-11-29 15:27:07,440 INFO  [i.w.assembly.WorkerAssemblyProvider] [] [] [] : Worker configuration for 'UnityClient' does not contain a launch configuration for the current platform 'WINDOWS', so Fabric will not start any managed workers of this type
2017-11-29 15:27:07,441 INFO  [i.w.assembly.WorkerAssemblyProvider] [] [] [] : The following worker configurations do not contain valid managed launch configurations for the current platform WINDOWS, and the runtime will be unable to launch managed workers of this type: [UnityClient]. This is expected for worker types you intend to only connect manually.
2017-11-29 15:27:07,445 INFO  [i.w.permissions.PermissionsFactory] [] [] [] : Created permissions manager with permissions: {UnityWorker=Permissions{{/sys/CreateEntity=, /sys/DeleteEntity=, /sys/EntityQuery={"component":["*"]}}}, UnityClient=Permissions{{/sys/EntityQuery={"component":[]}}}}
2017-11-29 15:27:09,932 INFO  [improbable.module.ModuleNode] [] [] [] : Starting router on master
2017-11-29 15:27:09,944 INFO  [i.core.discovery.server.LocalServer] [] [] [] : Registered Service(improbable.fabric.internal.service.RouterInternalService) on 127.0.0.1:9010.
2017-11-29 15:27:09,945 INFO  [i.c.m.r.RouterInternalServiceImpl] [] [] [] : Attempting to register RouterInternalServiceImpl with RouterLookupInternalService.
2017-11-29 15:27:09,963 INFO  [i.c.m.r.l.RouterLookupInternalServiceImpl] [] [] [] : 1/1 router modules started
2017-11-29 15:27:09,965 INFO  [i.c.m.r.RouterInternalServiceImpl] [] [] [] : Registered RouterInternalServiceImpl with RouterLookupInternalService.
2017-11-29 15:27:09,968 INFO  [improbable.module.ModuleNode] [] [] [] : Attempting to get addresses of all RouterModules from master node
2017-11-29 15:27:10,004 INFO  [improbable.module.ModuleNode] [] [] [] : Got all RouterModules from master node
2017-11-29 15:27:10,034 INFO  [i.core.discovery.server.LocalServer] [] [] [] : Registered Service(improbable.fabric.internal.service.RemoteMessageInternalService) on 127.0.0.1:9011.
2017-11-29 15:27:10,053 INFO  [i.core.discovery.server.LocalServer] [] [] [] : Registered Service(improbable.fabric.internal.service.LocalBrokerInternalService) on 127.0.0.1:9012.
2017-11-29 15:27:10,058 INFO  [improbable.module.ModuleNode] [] [] [] : Waiting for all router modules in the deployment to have started
2017-11-29 15:27:10,063 INFO  [improbable.module.ModuleNode] [] [] [] : All router modules in the deployment started
2017-11-29 15:27:10,157 INFO  [org.eclipse.jetty.server.Server] [] [] [] : jetty-8.y.z-SNAPSHOT
2017-11-29 15:27:10,201 INFO  [o.e.jetty.server.AbstractConnector] [] [] [] : Started SelectChannelConnector@0.0.0.0:5006
2017-11-29 15:27:10,202 INFO  [improbable.http.ServletContainer$] [] [] [] : Servlet container started
2017-11-29 15:27:10,205 INFO  [improbable.module.ModuleNode] [] [] [] : Starting BridgeOracle on master
2017-11-29 15:27:10,216 INFO  [improbable.module.ModuleNode] [] [] [] : Waiting for the BridgeOracle to have started
2017-11-29 15:27:10,288 INFO  [i.core.discovery.server.LocalServer] [] [] [] : Registered Service(improbable.fabric.internal.service.BridgeOracleInternalService) on 127.0.0.1:9013.
2017-11-29 15:27:10,763 INFO  [i.c.d.g.GlobalServiceDiscoveryImpl] [] [] [] : Global service discovery refreshed 15 server(s) (previously: 11)
2017-11-29 15:27:10,764 INFO  [improbable.module.ModuleNode] [] [] [] : Received BridgeOracle started
2017-11-29 15:27:10,779 INFO  [i.core.discovery.server.LocalServer] [] [] [] : Registered Service(improbable.fabric.internal.service.GlobalBrokerInternalService) on 127.0.0.1:9014.
2017-11-29 15:27:10,781 INFO  [improbable.module.ModuleNode] [] [] [] : Waiting for the BridgeModuleOracle to have started
2017-11-29 15:27:10,784 INFO  [i.c.a.e.ExtensibleActorReporter] [] [] [] : Started BridgeModuleOracleActor(Actor[akka://akkaFabric/user/BridgeModuleOracleModule#-380979366]).
2017-11-29 15:27:10,797 INFO  [i.core.discovery.server.LocalServer] [] [] [] : Registered Service(improbable.fabric.internal.service.BridgeServiceOracleInternalService) on 127.0.0.1:9015.
2017-11-29 15:27:11,760 INFO  [i.c.d.g.GlobalServiceDiscoveryImpl] [] [] [] : Global service discovery refreshed 17 server(s) (previously: 15)
2017-11-29 15:27:11,760 INFO  [improbable.module.ModuleNode] [] [] [] : Received BridgeModuleOracle started
2017-11-29 15:27:11,772 INFO  [improbable.module.ModuleNode] [] [] [] : Starting gsim GSimModule
2017-11-29 15:27:11,777 INFO  [improbable.module.ModuleNode] [] [] [] : Waiting for 1 entity query service(s) to start.
2017-11-29 15:27:11,800 INFO  [i.core.discovery.server.LocalServer] [] [] [] : Registered Service(improbable.fabric.internal.service.LocalSnapshotInternalService) on 127.0.0.1:9016.
2017-11-29 15:27:11,827 INFO  [i.core.discovery.server.PublicServer] [] [] [] : Registered Service(improbable.fabric.internal.service.ScalingStatsInternalService) on 127.0.0.1:9017.
2017-11-29 15:27:11,828 INFO  [i.p.gsim.GSimPersistenceWriter] [] [] [] : Transitioning GSimPersistenceActor(0) from State [Idle] to [Idle].  Time Elapsed: 1 millisecond
2017-11-29 15:27:11,864 INFO  [i.core.discovery.server.LocalServer] [] [] [] : Registered Service(improbable.fabric.internal.service.EntityQueryInternalService) on 127.0.0.1:9018.
2017-11-29 15:27:12,280 INFO  [i.bridge.oracle.scaling.WorkerScaler] [] [] [] : Skipping reconciliation because no WorkerRunner service is available. This message is expected at startup but should not persist through the deployment
2017-11-29 15:27:12,769 INFO  [i.c.d.g.GlobalServiceDiscoveryImpl] [] [] [] : Global service discovery refreshed 20 server(s) (previously: 17)
2017-11-29 15:27:12,770 INFO  [improbable.module.ModuleNode] [] [] [] : All 1 entity query service(s) have started.
2017-11-29 15:27:12,770 INFO  [improbable.module.ModuleNode] [] [] [] : Creating entity query client.
2017-11-29 15:27:12,786 INFO  [improbable.module.ModuleNode] [] [] [] : Entity query client created with directory: EntityQueryServiceDirectory{allServices=[EntityQueryInternalServiceInfo{address=host: "127.0.0.1"
port: 9018
, extent=Rectangle{minX=-750.0, minZ=-750.0, maxX=750.0, maxZ=750.0}, isLocal=true}], localServices=[EntityQueryInternalServiceInfo{address=host: "127.0.0.1"
port: 9018
, extent=Rectangle{minX=-750.0, minZ=-750.0, maxX=750.0, maxZ=750.0}, isLocal=true}], remoteServices=[]}
2017-11-29 15:27:12,794 INFO  [improbable.module.ModuleNode] [] [] [] : Waiting for 1 bridge service(s) to start.
2017-11-29 15:27:12,811 INFO  [i.c.a.e.ExtensibleActorReporter] [] [] [] : Started BridgeModuleActor(Actor[akka://akkaFabric/user/BridgeModule:8c9db194-02b6-4923-b391-81fdc390cd7c#2028199604]).
2017-11-29 15:27:12,850 INFO  [i.core.discovery.server.LocalServer] [] [] [] : Registered Service(improbable.fabric.internal.service.BridgeInternalService) on 127.0.0.1:9019.
2017-11-29 15:27:12,852 INFO  [i.module.bridge.BridgeModuleActor] [] [] [] : Waiting for BridgeModuleOracle service to be available
2017-11-29 15:27:12,881 INFO  [i.module.bridge.BridgeModuleActor] [] [] [] : Registered(bridge_service_endpoint {
  guid: "8c9db194-02b6-4923-b391-81fdc390cd7c"
}
) on BridgeModuleOracleService
2017-11-29 15:27:13,765 INFO  [i.c.d.g.GlobalServiceDiscoveryImpl] [] [] [] : Global service discovery refreshed 21 server(s) (previously: 20)
2017-11-29 15:27:13,768 INFO  [improbable.module.ModuleNode] [] [] [] : All 1 bridge service(s) have started.
2017-11-29 15:27:13,768 INFO  [improbable.module.ModuleNode] [] [] [] : Starting WorkerRunner service (EngineStartupModule)
2017-11-29 15:27:13,776 INFO  [improbable.worker.exec.WorkerStats] [] [] [] : Cannot read /proc/self/stat; worker stats reporting will not work.
2017-11-29 15:27:13,791 INFO  [i.core.discovery.server.PublicServer] [] [] [] : Registered Service(improbable.platform.inner.worker.WorkerRunner) on 127.0.0.1:9020.
2017-11-29 15:27:13,804 INFO  [i.core.discovery.server.LocalServer] [] [] [] : Registered Service(improbable.fabric.internal.service.ReceptionistInternalService) on 127.0.0.1:9021.
2017-11-29 15:27:13,813 INFO  [i.core.discovery.server.PublicServer] [] [] [] : Registered Service(improbable.platform.runtime.ReceptionistService) on 127.0.0.1:7777.
2017-11-29 15:27:13,814 INFO  [improbable.module.ModuleNode] [] [] [] : Starting InspectionRestModule
2017-11-29 15:27:13,820 INFO  [improbable.module.ModuleNode] [] [] [] : Starting ProfilingModule
2017-11-29 15:27:13,831 INFO  [i.c.d.client.CheckpointDiscoveryImpl] [] [] [] : Reached a checkpoint: ALL_MODULES_STARTED
2017-11-29 15:27:13,831 INFO  [improbable.module.ModuleNode] [] [] [] : All modules on this node started, waiting for other nodes to reach the same checkpoint.
2017-11-29 15:27:13,838 INFO  [i.c.a.e.ExtensibleActorReporter] [] [] [] : Started ProfilingModuleActor(Actor[akka://akkaFabric/user/ProfilingModule#744616037]).
2017-11-29 15:27:13,833 INFO  [i.core.discovery.server.LocalServer] [] [] [] : Registered Service(improbable.fabric.internal.debug.HeatmapCellCacheInternalService) on 127.0.0.1:9022.
2017-11-29 15:27:13,873 INFO  [i.core.discovery.server.PublicServer] [] [] [] : Registered Service(improbable.platform.runtime.InspectionService) on 127.0.0.1:9023.
2017-11-29 15:27:13,926 INFO  [i.c.a.e.ExtensibleActorReporter] [] [] [] : Started InspectionRestModuleActor(Actor[akka://akkaFabric/user/InspectionRestModule#-1382408009]).
2017-11-29 15:27:14,273 INFO  [i.bridge.oracle.scaling.WorkerScaler] [] [] [] : Skipping reconciliation because no WorkerRunner service is available. This message is expected at startup but should not persist through the deployment
2017-11-29 15:27:14,578 INFO  [spray.can.server.HttpListener] [akka://akkaFabric/user/IO-HTTP/listener-0] [akkaFabric-akka.actor.default-dispatcher-2] [] : Bound to /0.0.0.0:5005
2017-11-29 15:27:14,762 INFO  [i.c.d.g.GlobalServiceDiscoveryImpl] [] [] [] : Global service discovery refreshed 26 server(s) (previously: 21)
2017-11-29 15:27:14,763 INFO  [i.c.d.g.GlobalCheckpointDiscoveryImpl] [] [] [] : Global checkpoint discovery refreshed checkpoints.
2017-11-29 15:27:14,764 INFO  [improbable.module.ModuleNode] [] [] [] : All modules on all nodes have been started.
2017-11-29 15:27:14,764 INFO  [improbable.module.ModuleNode] [] [] [] : Loading a snapshot.
2017-11-29 15:27:14,782 INFO  [i.p.g.GSimPersistenceLoadOrchestrator] [] [] [] : Loading snapshot on GSim(0).
2017-11-29 15:27:14,782 INFO  [i.p.s.storage.LegacySnapshotStorage] [] [] [] : Requesting download URL for Snapshot(local@latest) matching []
2017-11-29 15:27:14,792 INFO  [i.p.s.storage.LegacySnapshotStorage] [] [] [] : Downloading snapshot from http://127.0.0.1:21000/snapshots/20171129152655029
2017-11-29 15:27:14,798 INFO  [i.p.gsim.GSimPersistenceLoader] [] [] [] : Loading snapshot
2017-11-29 15:27:14,831 INFO  [i.p.g.GSimPersistenceLoadOrchestrator] [] [] [] : Loaded 11 entities on GSim(0).
2017-11-29 15:27:14,835 INFO  [i.p.c.PersistenceLoaderCoordinatorActor] [] [] [] : All Snapshots loaded.
2017-11-29 15:27:14,856 INFO  [improbable.module.ModuleNode] [] [] [] : Snapshot has been loaded.
2017-11-29 15:27:14,870 INFO  [improbable.module.ModuleNode] [] [] [] : Starting SnapshotService.
2017-11-29 15:27:14,897 INFO  [i.core.discovery.server.PublicServer] [] [] [] : Registered Service(improbable.platform.runtime.SnapshotService) on 127.0.0.1:9024.
2017-11-29 15:27:14,898 INFO  [i.c.d.client.CheckpointDiscoveryImpl] [] [] [] : Reached a checkpoint: LOAD_SNAPSHOT_FINISHED
2017-11-29 15:27:14,902 INFO  [improbable.module.ModuleNode] [] [] [] : SpatialOS runtime startup complete.
2017-11-29 15:27:14,951 INFO  [i.l.params.LoadbalancerParamsFactory] [] [] [] : LoadbalancerParams for worker type [UnityWorker]: [AutoHexGridLoadbalancerParams{energyLimitingEnabled=true, energyLimit=1.0E9, minWorkerRange=1500.0, maxWorkerRange=1500.0, maxWorkerStepSize=0.0, workerExpansionTimeMs=60000, workerGridSize=0, loadbalancerEnabled=false, hexGridMode=AUTO, scalerAdvisorType=CONSTANT, maxWorkers=1, initialWorkers=1, numEntitiesPerWorker=9223372036854775807, statusReportPeriodMs=30000, pointsOfInterestEnabled=false, hexGridSolution=AutoValue_HexGridSolution{workersUsed=1, hexagonEdgeLength=1500.0, hexagonOrientation=POINTY_TOP, bounds=Rectangle{minX=-750.0, minZ=-750.0, maxX=750.0, maxZ=750.0}}, pointsOfInterestSolution=Empty}]
2017-11-29 15:27:15,757 INFO  [i.c.d.g.GlobalServiceDiscoveryImpl] [] [] [] : Global service discovery refreshed 27 server(s) (previously: 26)
2017-11-29 15:27:15,758 INFO  [i.c.d.g.GlobalCheckpointDiscoveryImpl] [] [] [] : Global checkpoint discovery refreshed checkpoints.
2017-11-29 15:27:15,809 INFO  [i.b.o.m.BridgeOracleWorkerManager] [] [] [] : Trying to start managed worker UnityWorker0
2017-11-29 15:27:15,836 INFO  [i.bridge.oracle.scaling.WorkerScaler] [] [] [] : Starting 1 new managed workers for attribute_set {
  attribute: "physics"
}
 (required: 1, existing: 0)
2017-11-29 15:27:20,086 INFO  [i.worker.exec.WorkerStartupExecutor] [] [] [] : Created log file for worker UnityWorker0, type (UnityWorker): [C:\Users\Erasmo\Documents\GitHub\Game\logs\2017-11-29_15-26-56_0\workers\UnityWorker\UnityWorker0-3678605635487170214.log]
2017-11-29 15:27:20,089 INFO  [i.worker.exec.CommandLineExecutor] [] [] [] : Running command: C:\Users\Erasmo\AppData\Local\Temp\zip-downloader8477575174336479465\cdd229a3ea3220e495866b2f30bb2120\UnityWorker@Windows.exe +projectName beta_oscar_bacon_891 +receptionistIp 127.0.0.1 +receptionistPort 7777 +workerType UnityWorker +workerId UnityWorker0 +useInternalIpForBridge true +infraServicesUrl http://127.0.0.1:21000 +assemblyName local_assembly +linkProtocol RakNet -logfile C:\Users\Erasmo\Documents\GitHub\Game\logs\2017-11-29_15-26-56_0\workers\UnityWorker\UnityWorker0-3678605635487170214.log -batchmode -nographics
2017-11-29 15:27:20,965 INFO  [i.b.s.BridgeServicePicker] [] [] [] : Attempting to get positionHint for UnityWorker0 via rpc
2017-11-29 15:27:20,979 INFO  [i.m.b.o.m.BridgeModuleOracleActor] [] [] [] : BridgeServicePicker returned module Optional[legacy_guid: "8c9db194-02b6-4923-b391-81fdc390cd7c"
address {
  host: "127.0.0.1"
  port: 9019
}
] with load Optional[BridgeModuleLoadBalanceInfo((0.0, 0.0, 0.0),0)].get().toString() for Engine(UnityWorker0)
2017-11-29 15:27:21,245 INFO  [i.b.i.BridgeInternalServiceImpl] [] [] [] : Bridge worker_id: "UnityWorker0"
 registered with bridge internal service
2017-11-29 15:27:21,253 INFO  [i.b.o.s.BridgeOracleInternalServiceImpl] [] [] [] : Got bridge started rpc from bridge: worker_id: "UnityWorker0"

2017-11-29 15:27:21,254 INFO  [i.b.o.s.BridgeOracleInternalServiceImpl] [] [] [] : The worker UnityWorker0 registered with SpatialOS successfully.
2017-11-29 15:27:21,255 INFO  [i.module.bridge.oracle.BridgeOracle] [] [] [] : Sending bridge started to self for bridge endpoint bridge_oracle_endpoint {
}

2017-11-29 15:27:21,257 INFO  [i.module.bridge.oracle.BridgeOracle] [] [] [] : Bridge(UnityWorker0) started.
2017-11-29 15:27:21,262 INFO  [i.b.o.m.BridgeOracleWorkerManager] [] [] [] : Worker UnityWorker0 registered with the BridgeOracleWorker manager
2017-11-29 15:27:22,013 INFO  [i.b.n.raknet.GuardedRakPeerInterface] [] [] [] : New RakNet connection established with 127.0.0.1
2017-11-29 15:27:38,701 INFO  [i.b.s.BridgeServicePicker] [] [] [] : Attempting to get positionHint for UnityClient5c249d46-2bbf-4c84-a480-383b58379ca8 via rpc
2017-11-29 15:27:38,706 INFO  [i.b.s.BridgeServicePicker] [] [] [] : Starting UnityClient5c249d46-2bbf-4c84-a480-383b58379ca8 without a position hint, so using a random bridge service
2017-11-29 15:27:38,707 INFO  [i.m.b.o.m.BridgeModuleOracleActor] [] [] [] : BridgeServicePicker returned module Optional[legacy_guid: "8c9db194-02b6-4923-b391-81fdc390cd7c"
address {
  host: "127.0.0.1"
  port: 9019
}
] with load Optional[BridgeModuleLoadBalanceInfo((0.0, 0.0, 0.0),1)].get().toString() for Engine(UnityClient5c249d46-2bbf-4c84-a480-383b58379ca8)
2017-11-29 15:27:38,728 INFO  [i.l.params.LoadbalancerParamsFactory] [] [] [] : LoadbalancerParams for worker type [UnityClient]: [FlagzLoadbalancerParams{energyLimitingEnabled=true, energyLimit=1.0E9, minWorkerRange=Infinity, maxWorkerRange=Infinity, maxWorkerStepSize=50.0, workerExpansionTimeMs=60000, workerGridSize=5, loadbalancerEnabled=true, hexGridMode=OFF, scalerAdvisorType=ENTITY_COUNT, maxWorkers=25, initialWorkers=25, numEntitiesPerWorker=9223372036854775807, statusReportPeriodMs=2000, pointsOfInterestEnabled=false, hexGridSolution=Empty, pointsOfInterestSolution=Empty}]
2017-11-29 15:27:38,734 INFO  [i.b.i.BridgeInternalServiceImpl] [] [] [] : Bridge worker_id: "UnityClient5c249d46-2bbf-4c84-a480-383b58379ca8"
 registered with bridge internal service
2017-11-29 15:27:38,736 INFO  [i.b.o.s.BridgeOracleInternalServiceImpl] [] [] [] : Got bridge started rpc from bridge: worker_id: "UnityClient5c249d46-2bbf-4c84-a480-383b58379ca8"

2017-11-29 15:27:38,737 INFO  [i.b.o.s.BridgeOracleInternalServiceImpl] [] [] [] : The worker UnityClient5c249d46-2bbf-4c84-a480-383b58379ca8 registered with SpatialOS successfully.
2017-11-29 15:27:38,738 INFO  [i.module.bridge.oracle.BridgeOracle] [] [] [] : Sending bridge started to self for bridge endpoint bridge_oracle_endpoint {
}

2017-11-29 15:27:38,739 INFO  [i.module.bridge.oracle.BridgeOracle] [] [] [] : Bridge(UnityClient5c249d46-2bbf-4c84-a480-383b58379ca8) started.
2017-11-29 15:27:39,333 INFO  [i.b.n.raknet.GuardedRakPeerInterface] [] [] [] : New RakNet connection established with 127.0.0.1
2017-11-29 15:27:39,529 WARN  [i.b.logging.EngineLogMessageHandler] [] [] [] : [Worker: UnityClient5c249d46-2bbf-4c84-a480-383b58379ca8] Request: FELICE
 in UnityEngine.Debug:LogWarning(Object)
Assets.Gamelogic.Core.Bootstrap:RequestPlayerCreation(EntityId) (at Assets/Gamelogic/Core/Bootstrap.cs:79)
Assets.Gamelogic.Core.Bootstrap:OnSuccessfulPlayerCreatorQuery(EntityQueryResult) (at Assets/Gamelogic/Core/Bootstrap.cs:66)
Improbable.Unity.Core.CommandResponseHandler`1:TriggerSuccess(ICommandCallbackResponse`1) (at C:/w/ee9378522cbb9fd1/UnitySdk/Improbable.Unity/Assets/Precompiled/Unity/Commands/CommandResponseHandler.cs:62)
Improbable.Unity.Core.CommandResponseHandler`1:Trigger(ICommandCallbackResponse`1) (at C:/w/ee9378522cbb9fd1/UnitySdk/Improbable.Unity/Assets/Precompiled/Unity/Commands/CommandResponseHandler.cs:48)
Improbable.Unity.Core.CommandCallbackWrapper`1:TriggerWithStatus(StatusCode, Option`1, String) (at C:/w/ee9378522cbb9fd1/UnitySdk/Improbable.Unity/Assets/Precompiled/Unity/Commands/ICommandCallbackWrapper.cs:34)
Improbable.Unity.Core.<CreateOnResponseThunk>c__AnonStorey1D`2:<>m__2F(EntityQueryResponseOp) (at C:/w/ee9378522cbb9fd1/UnitySdk/Improbable.Unity/Assets/Precompiled/Unity/Commands/ComponentCommander.cs:243)
Improbable.Worker.Internal.Callbacks`1:InvokeAll(EntityQueryResponseOp)
Improbable.Worker.Dispatcher:EntityQueryResponseThunk(Void*, EntityQueryResponseOp*)
Improbable.Worker.Internal.WorkerProtocol:Dispatcher_Process(DispatcherHandle, OpListHandle)
Improbable.Worker.Dispatcher:Process(OpList)
Improbable.Unity.Core.ConnectionLifecycle:ProcessEvents() (at Assets/Plugins/Improbable/Sdk/Src/Unity/Core/ConnectionLifecycle.cs:367)
Improbable.Unity.Core.ConnectionLifecycle:Update() (at Assets/Plugins/Improbable/Sdk/Src/Unity/Core/ConnectionLifecycle.cs:149)
 -[WorkerLogger:Unity]
2017-11-29 15:34:21,109 WARN  [i.b.logging.EngineLogMessageHandler] [] [] [] : [Worker: UnityClient5c249d46-2bbf-4c84-a480-383b58379ca8] Assets/Gamelogic/Player/PlayerMover.cs(20,23): warning CS0108: `PlayerMover.rigidbody' hides inherited member `UnityEngine.Component.rigidbody'. Use the new keyword if hiding was intended
 in  -[WorkerLogger:Unity]
2017-11-29 15:34:21,119 WARN  [i.b.logging.EngineLogMessageHandler] [] [] [] : [Worker: UnityClient5c249d46-2bbf-4c84-a480-383b58379ca8] Assets/Gamelogic/Player/ThirdPersonCamera.cs(14,21): warning CS0108: `Assets.Gamelogic.Player.ThirdPersonCamera.camera' hides inherited member `UnityEngine.Component.camera'. Use the new keyword if hiding was intended
 in  -[WorkerLogger:Unity]
2017-11-29 15:34:21,138 WARN  [i.b.logging.EngineLogMessageHandler] [] [] [] : [Worker: UnityClient5c249d46-2bbf-4c84-a480-383b58379ca8] Assets/SplashScreenControlle.cs(16,20): warning CS0108: `SplashScreenControlle.name' hides inherited member `UnityEngine.Object.name'. Use the new keyword if hiding was intended
 in  -[WorkerLogger:Unity]
2017-11-29 15:34:21,150 WARN  [i.b.logging.EngineLogMessageHandler] [] [] [] : [Worker: UnityClient5c249d46-2bbf-4c84-a480-383b58379ca8] Assets/NatureStarterKit2/Standard Assets/Effects/ImageEffects/Scripts/Bloom.cs(109,97): warning CS0618: `UnityEngine.Camera.hdr' is obsolete: `use Camera.allowHDR instead.'
 in  -[WorkerLogger:Unity]
2017-11-29 15:34:21,165 WARN  [i.b.logging.EngineLogMessageHandler] [] [] [] : [Worker: UnityClient5c249d46-2bbf-4c84-a480-383b58379ca8] Assets/NatureStarterKit2/Standard Assets/Effects/ImageEffects/Scripts/BloomAndFlares.cs(112,97): warning CS0618: `UnityEngine.Camera.hdr' is obsolete: `use Camera.allowHDR instead.'
 in  -[WorkerLogger:Unity]
2017-11-29 15:34:21,170 WARN  [i.b.logging.EngineLogMessageHandler] [] [] [] : [Worker: UnityClient5c249d46-2bbf-4c84-a480-383b58379ca8] Assets/NatureStarterKit2/Standard Assets/Effects/ImageEffects/Scripts/MotionBlur.cs(24,29): warning CS0618: `UnityEngine.SystemInfo.supportsRenderTextures' is obsolete: `supportsRenderTextures always returns true, no need to call it'
 in  -[WorkerLogger:Unity]
2017-11-29 15:34:21,190 WARN  [i.b.logging.EngineLogMessageHandler] [] [] [] : [Worker: UnityClient5c249d46-2bbf-4c84-a480-383b58379ca8] Assets/NatureStarterKit2/Standard Assets/Effects/ImageEffects/Scripts/PostEffectsBase.cs(97,65): warning CS0618: `UnityEngine.SystemInfo.supportsRenderTextures' is obsolete: `supportsRenderTextures always returns true, no need to call it'
 in  -[WorkerLogger:Unity]
2017-11-29 15:34:21,200 WARN  [i.b.logging.EngineLogMessageHandler] [] [] [] : [Worker: UnityClient5c249d46-2bbf-4c84-a480-383b58379ca8] Assets/NatureStarterKit2/Standard Assets/Effects/ImageEffects/Scripts/SunShafts.cs(93,52): warning CS0618: `UnityEngine.Camera.hdr' is obsolete: `use Camera.allowHDR instead.'
 in  -[WorkerLogger:Unity]
2017-11-29 15:34:21,210 WARN  [i.b.logging.EngineLogMessageHandler] [] [] [] : [Worker: UnityClient5c249d46-2bbf-4c84-a480-383b58379ca8] Assets/Gamelogic/Player/PlayerInputSender.cs(12,21): warning CS0414: The private field `PlayerInputSender.cannonFirer' is assigned but its value is never used
 in  -[WorkerLogger:Unity]
2017-11-29 15:34:21,211 WARN  [i.b.logging.EngineLogMessageHandler] [] [] [] : [Worker: UnityClient5c249d46-2bbf-4c84-a480-383b58379ca8] Assets/Gamelogic/Player/PlayerInputSender.cs(13,23): warning CS0414: The private field `PlayerInputSender.rb' is assigned but its value is never used
 in  -[WorkerLogger:Unity]
2017-11-29 15:34:23,136 WARN  [i.b.logging.EngineLogMessageHandler] [] [] [] : [Worker: UnityClient5c249d46-2bbf-4c84-a480-383b58379ca8] Assets/Editor/SnapshotMenu.cs(29,30): warning CS0618: `Improbable.Worker.Snapshot.Save(string, System.Collections.Generic.IDictionary<Improbable.EntityId,Improbable.Worker.Entity>)' is obsolete: `Use SnapshotOutputStream instead.'
 in  -[WorkerLogger:Unity]
2017-11-29 15:34:23,136 WARN  [i.b.logging.EngineLogMessageHandler] [] [] [] : [Worker: UnityClient5c249d46-2bbf-4c84-a480-383b58379ca8] Assets/NatureStarterKit2/Editor/ImageEffects/BloomAndFlaresEditor.cs(80,64): warning CS0618: `UnityEngine.Camera.hdr' is obsolete: `use Camera.allowHDR instead.'
 in  -[WorkerLogger:Unity]
2017-11-29 15:34:23,146 WARN  [i.b.logging.EngineLogMessageHandler] [] [] [] : [Worker: UnityClient5c249d46-2bbf-4c84-a480-383b58379ca8] Assets/NatureStarterKit2/Editor/ImageEffects/BloomEditor.cs(88,64): warning CS0618: `UnityEngine.Camera.hdr' is obsolete: `use Camera.allowHDR instead.'
 in  -[WorkerLogger:Unity]
2017-11-29 15:34:23,155 WARN  [i.b.logging.EngineLogMessageHandler] [] [] [] : [Worker: UnityClient5c249d46-2bbf-4c84-a480-383b58379ca8] Assets/NatureStarterKit2/Editor/ImageEffects/ColorCorrectionLookupEditor.cs(54,41): warning CS0618: `UnityEditor.TextureImporter.textureFormat' is obsolete: `textureFormat is not longer accessible at the TextureImporter level. For old 'simple' formats use the textureCompression property for the equivalent automatic choice (Uncompressed for TrueColor, Compressed and HQCommpressed for 16 bits). For platform specific formats use the [[PlatformTextureSettings]] API. Using this setter will setup various parameters to match the new automatic system as well possible. Getter will return the last value set.'
 in  -[WorkerLogger:Unity]
2017-11-29 15:34:23,156 WARN  [i.b.logging.EngineLogMessageHandler] [] [] [] : [Worker: UnityClient5c249d46-2bbf-4c84-a480-383b58379ca8] Assets/NatureStarterKit2/Editor/ImageEffects/ColorCorrectionLookupEditor.cs(54,80): warning CS0618: `UnityEditor.TextureImporterFormat.AutomaticTruecolor' is obsolete: `Use textureCompression property instead'
 in  -[WorkerLogger:Unity]
2017-11-29 15:34:23,157 WARN  [i.b.logging.EngineLogMessageHandler] [] [] [] : [Worker: UnityClient5c249d46-2bbf-4c84-a480-383b58379ca8] Assets/NatureStarterKit2/Editor/ImageEffects/ColorCorrectionLookupEditor.cs(62,79): warning CS0618: `UnityEditor.TextureImporterFormat.AutomaticTruecolor' is obsolete: `Use textureCompression property instead'
 in  -[WorkerLogger:Unity]
2017-11-29 15:34:23,158 WARN  [i.b.logging.EngineLogMessageHandler] [] [] [] : [Worker: UnityClient5c249d46-2bbf-4c84-a480-383b58379ca8] Assets/NatureStarterKit2/Editor/ImageEffects/ColorCorrectionLookupEditor.cs(62,41): warning CS0618: `UnityEditor.TextureImporter.textureFormat' is obsolete: `textureFormat is not longer accessible at the TextureImporter level. For old 'simple' formats use the textureCompression property for the equivalent automatic choice (Uncompressed for TrueColor, Compressed and HQCommpressed for 16 bits). For platform specific formats use the [[PlatformTextureSettings]] API. Using this setter will setup various parameters to match the new automatic system as well possible. Getter will return the last value set.'
 in  -[WorkerLogger:Unity]
2017-11-29 15:34:23,176 WARN  [i.b.logging.EngineLogMessageHandler] [] [] [] : [Worker: UnityClient5c249d46-2bbf-4c84-a480-383b58379ca8] Assets/NatureStarterKit2/Editor/ImageEffects/TonemappingEditor.cs(45,26): warning CS0618: `UnityEngine.Camera.hdr' is obsolete: `use Camera.allowHDR instead.'
 in  -[WorkerLogger:Unity]
2017-11-29 15:34:23,319 INFO  [i.b.n.BridgeActorTransportLinkListener] [] [] [] : TransportLinkListener(UnityClient5c249d46-2bbf-4c84-a480-383b58379ca8) sending Disconnected to akka://akkaFabric/user/BridgeModule:8c9db194-02b6-4923-b391-81fdc390cd7c/BridgeActor-UnityClient5c249d46-2bbf-4c84-a480-383b58379ca8
2017-11-29 15:34:23,323 INFO  [i.b.n.raknet.reporter.RakNetReporter] [] [] [] : Tried to send to RakNet(UnityClient) on Port(7001)13 after closing. Payload: component_update {
  entity_id: 12
  component_id: 54
  entity_c... (Logged every 1000 times)
2017-11-29 15:34:23,335 INFO  [i.module.bridge.oracle.BridgeOracle] [] [] [] : Sending bridge stopped to self for bridge endpoint worker_id: "UnityClient5c249d46-2bbf-4c84-a480-383b58379ca8"

2017-11-29 15:34:23,335 INFO  [i.b.i.BridgeInternalServiceImpl] [] [] [] : Bridge worker_id: "UnityClient5c249d46-2bbf-4c84-a480-383b58379ca8"
 unregistered with bridge internal service
2017-11-29 15:34:23,336 INFO  [improbable.bridge.BridgeActor] [] [] [] : Bridge(UnityClient5c249d46-2bbf-4c84-a480-383b58379ca8) on guid: "8c9db194-02b6-4923-b391-81fdc390cd7c"
 stopped.
2017-11-29 15:34:23,338 INFO  [i.module.bridge.oracle.BridgeOracle] [] [] [] : Bridge(UnityClient5c249d46-2bbf-4c84-a480-383b58379ca8) stopped.
2017-11-29 15:34:23,347 INFO  [akka.actor.LocalActorRef] [akka://akkaFabric/user/BridgeModule:8c9db194-02b6-4923-b391-81fdc390cd7c/BridgeActor-UnityClient5c249d46-2bbf-4c84-a480-383b58379ca8] [akkaFabric-akka.actor.default-dispatcher-44] [] : Message [improbable.fabric.internal.pubsub.PubSubMessageProto$PubSubMessage] from Actor[akka://akkaFabric/user/BridgeModule:8c9db194-02b6-4923-b391-81fdc390cd7c/BridgeActor-UnityClient5c249d46-2bbf-4c84-a480-383b58379ca8#550910885] to Actor[akka://akkaFabric/user/BridgeModule:8c9db194-02b6-4923-b391-81fdc390cd7c/BridgeActor-UnityClient5c249d46-2bbf-4c84-a480-383b58379ca8#550910885] was not delivered. [1] dead letters encountered. This logging can be turned off or adjusted with configuration settings 'akka.log-dead-letters' and 'akka.log-dead-letters-during-shutdown'.
2017-11-29 15:34:23,347 INFO  [akka.actor.LocalActorRef] [akka://akkaFabric/user/BridgeModule:8c9db194-02b6-4923-b391-81fdc390cd7c/BridgeActor-UnityClient5c249d46-2bbf-4c84-a480-383b58379ca8] [akkaFabric-akka.actor.default-dispatcher-44] [] : Message [improbable.fabric.internal.pubsub.PubSubMessageProto$PubSubMessage] from Actor[akka://akkaFabric/user/BridgeModule:8c9db194-02b6-4923-b391-81fdc390cd7c/BridgeActor-UnityClient5c249d46-2bbf-4c84-a480-383b58379ca8#550910885] to Actor[akka://akkaFabric/user/BridgeModule:8c9db194-02b6-4923-b391-81fdc390cd7c/BridgeActor-UnityClient5c249d46-2bbf-4c84-a480-383b58379ca8#550910885] was not delivered. [2] dead letters encountered. This logging can be turned off or adjusted with configuration settings 'akka.log-dead-letters' and 'akka.log-dead-letters-during-shutdown'.
2017-11-29 15:34:23,347 INFO  [akka.actor.LocalActorRef] [akka://akkaFabric/user/BridgeModule:8c9db194-02b6-4923-b391-81fdc390cd7c/BridgeActor-UnityClient5c249d46-2bbf-4c84-a480-383b58379ca8] [akkaFabric-akka.actor.default-dispatcher-44] [] : Message [improbable.fabric.internal.pubsub.PubSubMessageProto$PubSubMessage] from Actor[akka://akkaFabric/user/BridgeModule:8c9db194-02b6-4923-b391-81fdc390cd7c/BridgeActor-UnityClient5c249d46-2bbf-4c84-a480-383b58379ca8#550910885] to Actor[akka://akkaFabric/user/BridgeModule:8c9db194-02b6-4923-b391-81fdc390cd7c/BridgeActor-UnityClient5c249d46-2bbf-4c84-a480-383b58379ca8#550910885] was not delivered. [3] dead letters encountered. This logging can be turned off or adjusted with configuration settings 'akka.log-dead-letters' and 'akka.log-dead-letters-during-shutdown'.
2017-11-29 15:34:23,348 INFO  [akka.actor.LocalActorRef] [akka://akkaFabric/user/BridgeModule:8c9db194-02b6-4923-b391-81fdc390cd7c/BridgeActor-UnityClient5c249d46-2bbf-4c84-a480-383b58379ca8] [akkaFabric-akka.actor.default-dispatcher-44] [] : Message [improbable.fabric.internal.pubsub.PubSubMessageProto$PubSubMessage] from Actor[akka://akkaFabric/user/BridgeModule:8c9db194-02b6-4923-b391-81fdc390cd7c/BridgeActor-UnityClient5c249d46-2bbf-4c84-a480-383b58379ca8#550910885] to Actor[akka://akkaFabric/user/BridgeModule:8c9db194-02b6-4923-b391-81fdc390cd7c/BridgeActor-UnityClient5c249d46-2bbf-4c84-a480-383b58379ca8#550910885] was not delivered. [4] dead letters encountered. This logging can be turned off or adjusted with configuration settings 'akka.log-dead-letters' and 'akka.log-dead-letters-during-shutdown'.
