Initialize engine version: 5.6.0f3 (497a0f351392)
Forcing GfxDevice: Null
NullGfxDevice:
    Version:  NULL 1.0 [1.0]
    Renderer: Null Device
    Vendor:   Unity Technologies
Begin MonoManager ReloadAssembly
Platform assembly: C:\Users\SALVAT~1\AppData\Local\Temp\zip-downloader5732775926000141269\82924328804c2d8a7ab33ebe15cebcce\UnityWorker@Windows_Data\Managed\UnityEngine.dll (this message is harmless)
Loading C:\Users\SALVAT~1\AppData\Local\Temp\zip-downloader5732775926000141269\82924328804c2d8a7ab33ebe15cebcce\UnityWorker@Windows_Data\Managed\UnityEngine.dll into Unity Child Domain
Platform assembly: C:\Users\SALVAT~1\AppData\Local\Temp\zip-downloader5732775926000141269\82924328804c2d8a7ab33ebe15cebcce\UnityWorker@Windows_Data\Managed\Assembly-CSharp-firstpass.dll (this message is harmless)
Loading C:\Users\SALVAT~1\AppData\Local\Temp\zip-downloader5732775926000141269\82924328804c2d8a7ab33ebe15cebcce\UnityWorker@Windows_Data\Managed\Assembly-CSharp-firstpass.dll into Unity Child Domain
Platform assembly: C:\Users\SALVAT~1\AppData\Local\Temp\zip-downloader5732775926000141269\82924328804c2d8a7ab33ebe15cebcce\UnityWorker@Windows_Data\Managed\Assembly-CSharp.dll (this message is harmless)
Loading C:\Users\SALVAT~1\AppData\Local\Temp\zip-downloader5732775926000141269\82924328804c2d8a7ab33ebe15cebcce\UnityWorker@Windows_Data\Managed\Assembly-CSharp.dll into Unity Child Domain
Platform assembly: C:\Users\SALVAT~1\AppData\Local\Temp\zip-downloader5732775926000141269\82924328804c2d8a7ab33ebe15cebcce\UnityWorker@Windows_Data\Managed\UnityEngine.UI.dll (this message is harmless)
Loading C:\Users\SALVAT~1\AppData\Local\Temp\zip-downloader5732775926000141269\82924328804c2d8a7ab33ebe15cebcce\UnityWorker@Windows_Data\Managed\UnityEngine.UI.dll into Unity Child Domain
Platform assembly: C:\Users\SALVAT~1\AppData\Local\Temp\zip-downloader5732775926000141269\82924328804c2d8a7ab33ebe15cebcce\UnityWorker@Windows_Data\Managed\UnityEngine.Networking.dll (this message is harmless)
Loading C:\Users\SALVAT~1\AppData\Local\Temp\zip-downloader5732775926000141269\82924328804c2d8a7ab33ebe15cebcce\UnityWorker@Windows_Data\Managed\UnityEngine.Networking.dll into Unity Child Domain
Platform assembly: C:\Users\SALVAT~1\AppData\Local\Temp\zip-downloader5732775926000141269\82924328804c2d8a7ab33ebe15cebcce\UnityWorker@Windows_Data\Managed\Generated.Code.dll (this message is harmless)
Loading C:\Users\SALVAT~1\AppData\Local\Temp\zip-downloader5732775926000141269\82924328804c2d8a7ab33ebe15cebcce\UnityWorker@Windows_Data\Managed\Generated.Code.dll into Unity Child Domain
Platform assembly: C:\Users\SALVAT~1\AppData\Local\Temp\zip-downloader5732775926000141269\82924328804c2d8a7ab33ebe15cebcce\UnityWorker@Windows_Data\Managed\Improbable.WorkerSdkCsharp.dll (this message is harmless)
Loading C:\Users\SALVAT~1\AppData\Local\Temp\zip-downloader5732775926000141269\82924328804c2d8a7ab33ebe15cebcce\UnityWorker@Windows_Data\Managed\Improbable.WorkerSdkCsharp.dll into Unity Child Domain
Platform assembly: C:\Users\SALVAT~1\AppData\Local\Temp\zip-downloader5732775926000141269\82924328804c2d8a7ab33ebe15cebcce\UnityWorker@Windows_Data\Managed\Improbable.WorkerSdkCsharp.Framework.dll (this message is harmless)
Loading C:\Users\SALVAT~1\AppData\Local\Temp\zip-downloader5732775926000141269\82924328804c2d8a7ab33ebe15cebcce\UnityWorker@Windows_Data\Managed\Improbable.WorkerSdkCsharp.Framework.dll into Unity Child Domain
Platform assembly: C:\Users\SALVAT~1\AppData\Local\Temp\zip-downloader5732775926000141269\82924328804c2d8a7ab33ebe15cebcce\UnityWorker@Windows_Data\Managed\System.Threading.dll (this message is harmless)
Loading C:\Users\SALVAT~1\AppData\Local\Temp\zip-downloader5732775926000141269\82924328804c2d8a7ab33ebe15cebcce\UnityWorker@Windows_Data\Managed\System.Threading.dll into Unity Child Domain
Platform assembly: C:\Users\SALVAT~1\AppData\Local\Temp\zip-downloader5732775926000141269\82924328804c2d8a7ab33ebe15cebcce\UnityWorker@Windows_Data\Managed\Improbable.UnityDll.dll (this message is harmless)
Loading C:\Users\SALVAT~1\AppData\Local\Temp\zip-downloader5732775926000141269\82924328804c2d8a7ab33ebe15cebcce\UnityWorker@Windows_Data\Managed\Improbable.UnityDll.dll into Unity Child Domain
- Completed reload, in  0.033 seconds
Platform assembly: C:\Users\SALVAT~1\AppData\Local\Temp\zip-downloader5732775926000141269\82924328804c2d8a7ab33ebe15cebcce\UnityWorker@Windows_Data\Managed\System.Core.dll (this message is harmless)
Platform assembly: C:\Users\SALVAT~1\AppData\Local\Temp\zip-downloader5732775926000141269\82924328804c2d8a7ab33ebe15cebcce\UnityWorker@Windows_Data\Managed\System.dll (this message is harmless)
UnloadTime: 1.141728 ms
Command line C:\Users\SALVAT~1\AppData\Local\Temp\zip-downloader5732775926000141269\82924328804c2d8a7ab33ebe15cebcce\UnityWorker@Windows.exe +projectName beta_oscar_bacon_891 +receptionistIp 127.0.0.1 +receptionistPort 7777 +workerType UnityWorker +workerId UnityWorker0 +useInternalIpForBridge true +infraServicesUrl http://127.0.0.1:21000 +assemblyName local_assembly +linkProtocol RakNet -logfile C:\Users\Salvatore\Desktop\S.E\CUBEX\Game\logs\2017-11-25_11-17-15_0\workers\UnityWorker\UnityWorker0-753691845482311927.log -batchmode -nographics
 
(Filename: C:/buildslave/unity/build/artifacts/generated/common/runtime/DebugBindings.gen.cpp Line: 51)

WorkerConfiguration settings
AppName = 
ProjectName = beta_oscar_bacon_891
AssemblyName = local_assembly
DeploymentId = 
DeploymentTag = prod
EngineId = UnityWorker0
EnginePlatform = UnityWorker
WorkerId = UnityWorker0
WorkerPlatform = UnityWorker
EntityCreationLimitPerFrame = 100
InfraServiceUrl = http://127.0.0.1:21000
LocatorHost = locator.improbable.io
ReceptionistHost = 127.0.0.1
ReceptionistPort = 7777
LinkProtocol = RakNet
LoginToken = 
ProtocolLoggingOnStartup = False
ProtocolLogPrefix = protocol-
ProtocolLogMaxFileBytes = 104857600
RaknetHeartbeatTimeoutMillis = 60000
ReceiveQueueCapacity = 32768
SendQueueCapacity = 16384
ShowDebugTraces = False
SteamToken = 
TcpMultiplexLevel = 32
UseInstrumentation = True
UsePerInstanceAssetCache = True
UsePrefabPooling = False
LogDebugToSpatialOs = False
LogAssertToSpatialOs = False
LogWarningToSpatialOs = True
LogErrorToSpatialOs = True
LogExceptionToSpatialOs = True

 
(Filename: C:/buildslave/unity/build/artifacts/generated/common/runtime/DebugBindings.gen.cpp Line: 51)

Platform assembly: C:\Users\SALVAT~1\AppData\Local\Temp\zip-downloader5732775926000141269\82924328804c2d8a7ab33ebe15cebcce\UnityWorker@Windows_Data\Managed\Mono.Security.dll (this message is harmless)
Platform assembly: C:\Users\SALVAT~1\AppData\Local\Temp\zip-downloader5732775926000141269\82924328804c2d8a7ab33ebe15cebcce\UnityWorker@Windows_Data\Managed\System.Configuration.dll (this message is harmless)
Platform assembly: C:\Users\SALVAT~1\AppData\Local\Temp\zip-downloader5732775926000141269\82924328804c2d8a7ab33ebe15cebcce\UnityWorker@Windows_Data\Managed\System.Xml.dll (this message is harmless)
Setting up 2 worker threads for Enlighten.
  Thread -> id: 3e78 -> priority: 1 
  Thread -> id: 3e7c -> priority: 1 
Incoming command request with ID 31 to entity ID 13 and component ID 1003 was not handled by the worker within the given timeout.
 
(Filename: C:/buildslave/unity/build/artifacts/generated/common/runtime/DebugBindings.gen.cpp Line: 51)

Disconnected: RakNet connection lost.
 
(Filename: C:/buildslave/unity/build/artifacts/generated/common/runtime/DebugBindings.gen.cpp Line: 51)

