2017-11-23 20:29:03,697 INFO  [i.deployment.InternalGameLauncher] [] [] [] : Parsed 362 internal flags at startup
2017-11-23 20:29:04,013 INFO  [i.deployment.InternalGameLauncher] [] [] [] : SpatialOS runtime version: 11-20171114T103507Z-cc9d195
2017-11-23 20:29:04,427 INFO  [i.c.c.f.FlagzFieldRegistryUpdater] [] [] [] : Initialized Fabric flagz registry with 11 set fields.
2017-11-23 20:29:05,744 INFO  [i.core.discovery.server.LocalServer] [] [] [] : Registered Service(improbable.fabric.internal.service.StatusDiscoveryInternalService) on 127.0.0.1:5301.
2017-11-23 20:29:05,745 INFO  [i.c.discovery.ServiceDiscoveryImpl] [] [] [] : Status discovery address: host: "127.0.0.1"
port: 5301

2017-11-23 20:29:05,751 INFO  [improbable.module.ModuleNode] [] [] [] : Starting Fabric node as master (IP: 127.0.0.1).
2017-11-23 20:29:05,762 INFO  [i.c.d.client.CheckpointDiscoveryImpl] [] [] [] : Reached a checkpoint: ALL_NODES_STARTED
2017-11-23 20:29:05,763 INFO  [improbable.module.ModuleNode] [] [] [] : Node master has started, waiting for other nodes to reach the same checkpoint.
2017-11-23 20:29:05,764 INFO  [improbable.module.ModuleNode] [] [] [] : All nodes have been started.
2017-11-23 20:29:05,770 INFO  [i.core.discovery.server.PublicServer] [] [] [] : Registered Service(improbable.platform.runtime.ModuleService) on 127.0.0.1:9000.
2017-11-23 20:29:05,780 INFO  [i.core.discovery.server.PublicServer] [] [] [] : Registered Service(improbable.platform.runtime.HealthCheckService) on 127.0.0.1:9001.
2017-11-23 20:29:05,789 INFO  [i.core.discovery.server.LocalServer] [] [] [] : Registered Service(improbable.fabric.internal.service.PerfInternalService) on 127.0.0.1:9002.
2017-11-23 20:29:05,820 INFO  [i.core.discovery.server.LocalServer] [] [] [] : Registered Service(improbable.fabric.internal.service.ContentionInternalService) on 127.0.0.1:9003.
2017-11-23 20:29:05,862 INFO  [i.core.discovery.server.PublicServer] [] [] [] : Registered Service(improbable.platform.runtime.FeatureService) on 127.0.0.1:9004.
2017-11-23 20:29:05,916 INFO  [i.c.config.flagz.WorkerFlagzUpdater] [] [] [] : Initialized worker flagz registry with 0 set fields.
2017-11-23 20:29:05,918 INFO  [improbable.module.ModuleNode] [] [] [] : Using master node configuration loader.
2017-11-23 20:29:05,935 INFO  [i.core.discovery.server.LocalServer] [] [] [] : Registered Service(improbable.fabric.internal.service.NodeConfigurationInternalService) on 127.0.0.1:9005.
2017-11-23 20:29:05,968 INFO  [i.c.c.n.MasterNodeConfigurationLoader] [] [] [] : Using roles [MASTER, GSIM, BRIDGE, WORKER_RUNNER, INSPECTION] for node node_id {
  deployment_id {
    project_id {
      name: "your_project_name_here"
    }
    name: "local"
  }
  name: "master"
}
private_ip: "127.0.0.1"
roles: MASTER
roles: GSIM
roles: BRIDGE
roles: WORKER_RUNNER
roles: INSPECTION

2017-11-23 20:29:06,006 INFO  [improbable.core.config.node.GsimGrid] [] [] [] : Created gsim grid configuration of size (1500, 1500) with 1 columns and 1 rows, using gsims of (30, 30) chunks.
2017-11-23 20:29:06,025 INFO  [i.c.c.n.MasterNodeConfigurationLoader] [] [] [] : Original deployment module configuration (before parsing): {deployment_id {
  project_id {
    name: "your_project_name_here"
  }
  name: "local"
}
name: "master"
=[ProfilingModule, BridgeModuleOracleModule, BridgeOracleModule, PersistenceModule, ReceptionistModule, RouterModule, GSimModule, BridgeModule, EngineStartupModule, InspectionRestModule]}
2017-11-23 20:29:06,045 INFO  [i.c.c.n.MasterNodeConfigurationLoader] [] [] [] : Master successfully loaded configurations for 1 node(s).
2017-11-23 20:29:06,052 INFO  [improbable.module.ModuleNode] [] [] [] : Loaded node configuration: node_id {
  deployment_id {
    project_id {
      name: "your_project_name_here"
    }
    name: "local"
  }
  name: "master"
}
gsim_configurations {
  extent {
    bottom_left {
      x_in_chunks: -15
      z_in_chunks: -15
    }
    top_right {
      x_in_chunks: 15
      z_in_chunks: 15
    }
  }
}
start_router: true
start_bridge_oracle: true
start_bridge_module_oracle: true
start_engine_startup_module: true
start_receptionist_service: true
start_inspection_rest_module: true
start_snapshot_service: true
start_profiling_module: true
bridge_modules: "BridgeModule"
gsim_modules: "GSimModule"

2017-11-23 20:29:06,052 INFO  [improbable.module.ModuleNode] [] [] [] : Using master world extents provider.
2017-11-23 20:29:06,069 INFO  [i.core.discovery.server.LocalServer] [] [] [] : Registered Service(improbable.fabric.internal.service.WorldExtentsInternalService) on 127.0.0.1:9006.
2017-11-23 20:29:06,070 INFO  [i.c.world.MasterWorldExtentsProvider] [] [] [] : Successfully initialized world extents with 1 rectangle(s).
2017-11-23 20:29:06,078 INFO  [improbable.module.ModuleNode] [] [] [] : Loaded world extents: WorldExtents{proto=rectangles {
  bottom_left {
    x: -750.0
    z: -750.0
  }
  top_right {
    x: 750.0
    z: 750.0
  }
  is_fully_simulated: true
  responsible_gsim_id {
  }
}
bounding_rectangle {
  bottom_left {
    x: -750.0
    z: -750.0
  }
  top_right {
    x: 750.0
    z: 750.0
  }
  is_fully_simulated: true
}
}
2017-11-23 20:29:06,184 INFO  [i.c.d.g.GlobalCheckpointDiscoveryImpl] [] [] [] : Global checkpoint discovery refreshed checkpoints.
2017-11-23 20:29:06,185 INFO  [i.c.d.g.GlobalServiceDiscoveryImpl] [] [] [] : Global service discovery refreshed 8 server(s) (previously: 0)
2017-11-23 20:29:06,280 INFO  [i.e.schema.ParsedFileDescriptorSet] [] [] [] : Parsed file descriptors of 13 proto files.
2017-11-23 20:29:06,327 INFO  [i.entity.schema.SchemaFactory] [] [] [] : Found components: [improbable.core.PlayerCreation, improbable.player.PlayerInput, improbable.player.Health, improbable.core.ClientAuthorityCheck, improbable.EntityAcl, improbable.Metadata, improbable.Position, improbable.Persistence, improbable.core.Rotation, improbable.player.Score, improbable.player.ClientConnection]
2017-11-23 20:29:06,339 INFO  [i.entity.schema.SchemaFactory] [] [] [] : Found components: [improbable.player.Health, improbable.core.PlayerCreation, improbable.internal.EntityAuthority, improbable.player.PlayerInput, improbable.core.ClientAuthorityCheck, improbable.EntityAcl, improbable.Metadata, improbable.Position, improbable.Persistence, improbable.player.Score, improbable.player.ClientConnection, improbable.core.Rotation]
2017-11-23 20:29:06,340 INFO  [improbable.module.ModuleNode] [] [] [] : Successfully loaded schema for entities
2017-11-23 20:29:06,343 INFO  [improbable.module.ModuleNode] [] [] [] : Validating snapshot at startup and determining max entity id
2017-11-23 20:29:06,349 INFO  [i.p.s.storage.LegacySnapshotStorage] [] [] [] : Requesting download URL for Snapshot(local@latest) matching []
2017-11-23 20:29:06,372 INFO  [i.p.s.storage.LegacySnapshotStorage] [] [] [] : Downloading snapshot from http://127.0.0.1:21000/snapshots/20171123202852754
2017-11-23 20:29:06,467 INFO  [improbable.module.ModuleNode] [] [] [] : Determined the first entity id for the id assigner as 12
2017-11-23 20:29:06,473 INFO  [i.core.discovery.server.LocalServer] [] [] [] : Registered Service(improbable.fabric.internal.service.EntityIdInternalService) on 127.0.0.1:9007.
2017-11-23 20:29:06,499 INFO  [i.core.discovery.server.LocalServer] [] [] [] : Registered Service(improbable.fabric.internal.service.WorkerPrestartRegistryInternalService) on 127.0.0.1:9008.
2017-11-23 20:29:06,512 INFO  [i.core.discovery.server.LocalServer] [] [] [] : Registered Service(improbable.fabric.internal.service.RouterLookupInternalService) on 127.0.0.1:9009.
2017-11-23 20:29:06,513 INFO  [i.module.router.ActorSystemFactory$] [] [] [] : Attempting to create ActorSystem akkaFabric with configRecord akkaFabric
2017-11-23 20:29:06,551 INFO  [i.c.d.g.GlobalServiceDiscoveryImpl] [] [] [] : Global service discovery refreshed 11 server(s) (previously: 8)
2017-11-23 20:29:07,007 INFO  [akka.event.slf4j.Slf4jLogger] [] [] [] : Slf4jLogger started
2017-11-23 20:29:08,794 INFO  [i.l.params.LoadbalancerParamsFactory] [] [] [] : Parsed 1 worker loadbalancing configuration(s)
2017-11-23 20:29:08,801 INFO  [i.l.params.LoadbalancerParamsFactory] [] [] [] : Successfully loaded loadbalancing configurations: {UnityWorker=improbable.loadbalancing.params.AutoHexGridLoadbalancerParams@44173c2b}
2017-11-23 20:29:09,010 INFO  [improbable.module.ModuleNode] [] [] [] : Loaded worker assemblies: [worker_assembly_id {
  assembly_id {
    project_id {
      name: "your_project_name_here"
    }
    name: "local_assembly"
  }
  name {
    name: "UnityClient"
  }
}
bridge_configuration {
  worker_attribute_set {
    attribute {
      name: "visual"
    }
  }
  entity_interest {
    range_entity_interest {
      radius: 200.0
    }
  }
  component_delivery {
    checkout_all_initially: true
  }
}
, worker_assembly_id {
  assembly_id {
    project_id {
      name: "your_project_name_here"
    }
    name: "local_assembly"
  }
  name {
    name: "UnityWorker"
  }
}
worker_launch_configuration {
  platform: WINDOWS
  worker_zip {
    command: "UnityWorker@Windows.exe"
    argument: "+projectName"
    argument: "${IMPROBABLE_PROJECT_NAME}"
    argument: "+receptionistIp"
    argument: "${IMPROBABLE_RECEPTIONIST_HOST}"
    argument: "+receptionistPort"
    argument: "${IMPROBABLE_RECEPTIONIST_PORT}"
    argument: "+workerType"
    argument: "${IMPROBABLE_WORKER_NAME}"
    argument: "+workerId"
    argument: "${IMPROBABLE_WORKER_ID}"
    argument: "+useInternalIpForBridge"
    argument: "true"
    argument: "+infraServicesUrl"
    argument: "${IMPROBABLE_API_URL}"
    argument: "+assemblyName"
    argument: "${IMPROBABLE_ASSEMBLY_NAME}"
    argument: "+linkProtocol"
    argument: "RakNet"
    argument: "-logfile"
    argument: "${IMPROBABLE_LOG_FILE}"
    argument: "-batchmode"
    argument: "-nographics"
    worker_location {
      filename: "UnityWorker@Windows.zip"
    }
  }
}
worker_launch_configuration {
  platform: MACOS
  worker_zip {
    command: "UnityWorker@Mac.app/Contents/MacOS/UnityWorker@Mac"
    argument: "+projectName"
    argument: "${IMPROBABLE_PROJECT_NAME}"
    argument: "+receptionistIp"
    argument: "${IMPROBABLE_RECEPTIONIST_HOST}"
    argument: "+receptionistPort"
    argument: "${IMPROBABLE_RECEPTIONIST_PORT}"
    argument: "+workerType"
    argument: "${IMPROBABLE_WORKER_NAME}"
    argument: "+workerId"
    argument: "${IMPROBABLE_WORKER_ID}"
    argument: "+useInternalIpForBridge"
    argument: "true"
    argument: "+infraServicesUrl"
    argument: "${IMPROBABLE_API_URL}"
    argument: "+assemblyName"
    argument: "${IMPROBABLE_ASSEMBLY_NAME}"
    argument: "+linkProtocol"
    argument: "RakNet"
    argument: "-logfile"
    argument: "${IMPROBABLE_LOG_FILE}"
    argument: "-batchmode"
    argument: "-nographics"
    worker_location {
      filename: "UnityWorker@Mac.zip"
    }
  }
}
worker_launch_configuration {
  platform: LINUX
  worker_zip {
    command: "UnityWorker@Linux"
    argument: "+projectName"
    argument: "${IMPROBABLE_PROJECT_NAME}"
    argument: "+receptionistIp"
    argument: "${IMPROBABLE_RECEPTIONIST_HOST}"
    argument: "+receptionistPort"
    argument: "${IMPROBABLE_RECEPTIONIST_PORT}"
    argument: "+workerType"
    argument: "${IMPROBABLE_WORKER_NAME}"
    argument: "+workerId"
    argument: "${IMPROBABLE_WORKER_ID}"
    argument: "+useInternalIpForBridge"
    argument: "true"
    argument: "+infraServicesUrl"
    argument: "${IMPROBABLE_API_URL}"
    argument: "+assemblyName"
    argument: "${IMPROBABLE_ASSEMBLY_NAME}"
    argument: "+linkProtocol"
    argument: "RakNet"
    argument: "-logfile"
    argument: "${IMPROBABLE_LOG_FILE}"
    argument: "-batchmode"
    argument: "-nographics"
    worker_location {
      filename: "UnityWorker@Linux.zip"
    }
  }
}
bridge_configuration {
  worker_attribute_set {
    attribute {
      name: "physics"
    }
  }
  entity_interest {
    range_entity_interest {
      radius: 200.0
    }
  }
  component_delivery {
    checkout_all_initially: true
  }
}
]
2017-11-23 20:29:09,016 INFO  [i.w.assembly.WorkerAssemblyProvider] [] [] [] : Worker configuration for 'UnityClient' does not contain a launch configuration for the current platform 'WINDOWS', so Fabric will not start any managed workers of this type
2017-11-23 20:29:09,017 INFO  [i.w.assembly.WorkerAssemblyProvider] [] [] [] : The following worker configurations do not contain valid managed launch configurations for the current platform WINDOWS, and the runtime will be unable to launch managed workers of this type: [UnityClient]. This is expected for worker types you intend to only connect manually.
2017-11-23 20:29:09,019 INFO  [i.w.permissions.PermissionsFactory] [] [] [] : Created permissions manager with permissions: {UnityWorker=Permissions{{/sys/CreateEntity=, /sys/DeleteEntity=, /sys/EntityQuery={"component":["*"]}}}, UnityClient=Permissions{{/sys/EntityQuery={"component":[]}}}}
2017-11-23 20:29:09,054 INFO  [i.w.a.WorkerAssemblyProviderFactory] [] [] [] : Loaded worker assemblies for these workers types: UnityClient, UnityWorker.
2017-11-23 20:29:11,360 INFO  [improbable.module.ModuleNode] [] [] [] : Starting router on master
2017-11-23 20:29:11,368 INFO  [i.core.discovery.server.LocalServer] [] [] [] : Registered Service(improbable.fabric.internal.service.RouterInternalService) on 127.0.0.1:9010.
2017-11-23 20:29:11,369 INFO  [i.c.m.r.RouterInternalServiceImpl] [] [] [] : Attempting to register RouterInternalServiceImpl with RouterLookupInternalService.
2017-11-23 20:29:11,381 INFO  [i.c.m.r.l.RouterLookupInternalServiceImpl] [] [] [] : 1/1 router modules started
2017-11-23 20:29:11,381 INFO  [i.c.m.r.RouterInternalServiceImpl] [] [] [] : Registered RouterInternalServiceImpl with RouterLookupInternalService.
2017-11-23 20:29:11,383 INFO  [improbable.module.ModuleNode] [] [] [] : Attempting to get addresses of all RouterModules from master node
2017-11-23 20:29:11,395 INFO  [improbable.module.ModuleNode] [] [] [] : Got all RouterModules from master node
2017-11-23 20:29:11,414 INFO  [i.core.discovery.server.LocalServer] [] [] [] : Registered Service(improbable.fabric.internal.service.RemoteMessageInternalService) on 127.0.0.1:9011.
2017-11-23 20:29:11,436 INFO  [i.core.discovery.server.LocalServer] [] [] [] : Registered Service(improbable.fabric.internal.service.LocalBrokerInternalService) on 127.0.0.1:9012.
2017-11-23 20:29:11,448 INFO  [improbable.module.ModuleNode] [] [] [] : Waiting for all router modules in the deployment to have started
2017-11-23 20:29:11,451 INFO  [improbable.module.ModuleNode] [] [] [] : All router modules in the deployment started
2017-11-23 20:29:11,552 INFO  [i.c.d.g.GlobalServiceDiscoveryImpl] [] [] [] : Global service discovery refreshed 14 server(s) (previously: 11)
2017-11-23 20:29:11,587 INFO  [org.eclipse.jetty.server.Server] [] [] [] : jetty-8.y.z-SNAPSHOT
2017-11-23 20:29:11,646 INFO  [o.e.jetty.server.AbstractConnector] [] [] [] : Started SelectChannelConnector@0.0.0.0:5006
2017-11-23 20:29:11,647 INFO  [improbable.http.ServletContainer$] [] [] [] : Servlet container started
2017-11-23 20:29:11,652 INFO  [improbable.module.ModuleNode] [] [] [] : Starting BridgeOracle on master
2017-11-23 20:29:11,668 INFO  [improbable.module.ModuleNode] [] [] [] : Waiting for the BridgeOracle to have started
2017-11-23 20:29:11,915 INFO  [i.core.discovery.server.LocalServer] [] [] [] : Registered Service(improbable.fabric.internal.service.BridgeOracleInternalService) on 127.0.0.1:9013.
2017-11-23 20:29:12,543 INFO  [improbable.module.ModuleNode] [] [] [] : Received BridgeOracle started
2017-11-23 20:29:12,543 INFO  [i.c.d.g.GlobalServiceDiscoveryImpl] [] [] [] : Global service discovery refreshed 15 server(s) (previously: 14)
2017-11-23 20:29:12,553 INFO  [i.core.discovery.server.LocalServer] [] [] [] : Registered Service(improbable.fabric.internal.service.GlobalBrokerInternalService) on 127.0.0.1:9014.
2017-11-23 20:29:12,555 INFO  [improbable.module.ModuleNode] [] [] [] : Waiting for the BridgeModuleOracle to have started
2017-11-23 20:29:12,560 INFO  [i.c.a.e.ExtensibleActorReporter] [] [] [] : Started BridgeModuleOracleActor(Actor[akka://akkaFabric/user/BridgeModuleOracleModule#1165722661]).
2017-11-23 20:29:12,578 INFO  [i.core.discovery.server.LocalServer] [] [] [] : Registered Service(improbable.fabric.internal.service.BridgeServiceOracleInternalService) on 127.0.0.1:9015.
2017-11-23 20:29:13,544 INFO  [i.c.d.g.GlobalServiceDiscoveryImpl] [] [] [] : Global service discovery refreshed 17 server(s) (previously: 15)
2017-11-23 20:29:13,545 INFO  [improbable.module.ModuleNode] [] [] [] : Received BridgeModuleOracle started
2017-11-23 20:29:13,550 INFO  [improbable.module.ModuleNode] [] [] [] : Starting gsim GSimModule
2017-11-23 20:29:13,556 INFO  [improbable.module.ModuleNode] [] [] [] : Waiting for 1 entity query service(s) to start.
2017-11-23 20:29:13,582 INFO  [i.core.discovery.server.LocalServer] [] [] [] : Registered Service(improbable.fabric.internal.service.LocalSnapshotInternalService) on 127.0.0.1:9016.
2017-11-23 20:29:13,616 INFO  [i.core.discovery.server.PublicServer] [] [] [] : Registered Service(improbable.fabric.internal.service.ScalingStatsInternalService) on 127.0.0.1:9017.
2017-11-23 20:29:13,632 INFO  [i.p.gsim.GSimPersistenceWriter] [] [] [] : Transitioning GSimPersistenceActor(0) from State [Idle] to [Idle].  Time Elapsed: 1 millisecond
2017-11-23 20:29:13,692 INFO  [i.core.discovery.server.LocalServer] [] [] [] : Registered Service(improbable.fabric.internal.service.EntityQueryInternalService) on 127.0.0.1:9018.
2017-11-23 20:29:13,997 INFO  [i.bridge.oracle.scaling.WorkerScaler] [] [] [] : Skipping reconciliation because no WorkerRunner service is available. This message is expected at startup but should not persist through the deployment
2017-11-23 20:29:14,944 INFO  [i.c.d.g.GlobalServiceDiscoveryImpl] [] [] [] : Global service discovery refreshed 20 server(s) (previously: 17)
2017-11-23 20:29:14,944 INFO  [improbable.module.ModuleNode] [] [] [] : All 1 entity query service(s) have started.
2017-11-23 20:29:14,945 INFO  [improbable.module.ModuleNode] [] [] [] : Creating entity query client.
2017-11-23 20:29:14,960 INFO  [improbable.module.ModuleNode] [] [] [] : Entity query client created with directory: EntityQueryServiceDirectory{allServices=[EntityQueryInternalServiceInfo{address=host: "127.0.0.1"
port: 9018
, extent=Rectangle{minX=-750.0, minZ=-750.0, maxX=750.0, maxZ=750.0}, isLocal=true}], localServices=[EntityQueryInternalServiceInfo{address=host: "127.0.0.1"
port: 9018
, extent=Rectangle{minX=-750.0, minZ=-750.0, maxX=750.0, maxZ=750.0}, isLocal=true}], remoteServices=[]}
2017-11-23 20:29:14,970 INFO  [improbable.module.ModuleNode] [] [] [] : Waiting for 1 bridge service(s) to start.
2017-11-23 20:29:14,991 INFO  [i.c.a.e.ExtensibleActorReporter] [] [] [] : Started BridgeModuleActor(Actor[akka://akkaFabric/user/BridgeModule:1a067d7d-8f7d-4fb4-a4f4-ea1f36daf68c#1510309872]).
2017-11-23 20:29:15,006 INFO  [i.core.discovery.server.LocalServer] [] [] [] : Registered Service(improbable.fabric.internal.service.BridgeInternalService) on 127.0.0.1:9019.
2017-11-23 20:29:15,008 INFO  [i.module.bridge.BridgeModuleActor] [] [] [] : Waiting for BridgeModuleOracle service to be available
2017-11-23 20:29:15,019 INFO  [i.module.bridge.BridgeModuleActor] [] [] [] : Registered(BridgeModuleEndpoint(1a067d7d-8f7d-4fb4-a4f4-ea1f36daf68c)) on BridgeModuleOracleService
2017-11-23 20:29:15,545 INFO  [i.c.d.g.GlobalServiceDiscoveryImpl] [] [] [] : Global service discovery refreshed 21 server(s) (previously: 20)
2017-11-23 20:29:15,545 INFO  [improbable.module.ModuleNode] [] [] [] : All 1 bridge service(s) have started.
2017-11-23 20:29:15,545 INFO  [improbable.module.ModuleNode] [] [] [] : Starting WorkerRunner service (EngineStartupModule)
2017-11-23 20:29:15,552 INFO  [improbable.worker.exec.WorkerStats] [] [] [] : Cannot read /proc/self/stat; worker stats reporting will not work.
2017-11-23 20:29:15,564 INFO  [i.core.discovery.server.PublicServer] [] [] [] : Registered Service(improbable.platform.inner.worker.WorkerRunner) on 127.0.0.1:9020.
2017-11-23 20:29:15,574 INFO  [i.core.discovery.server.LocalServer] [] [] [] : Registered Service(improbable.fabric.internal.service.ReceptionistInternalService) on 127.0.0.1:9021.
2017-11-23 20:29:15,587 INFO  [i.core.discovery.server.PublicServer] [] [] [] : Registered Service(improbable.platform.runtime.ReceptionistService) on 127.0.0.1:7777.
2017-11-23 20:29:15,588 INFO  [improbable.module.ModuleNode] [] [] [] : Starting InspectionRestModule
2017-11-23 20:29:15,589 INFO  [improbable.module.ModuleNode] [] [] [] : Starting ProfilingModule
2017-11-23 20:29:15,601 INFO  [i.c.d.client.CheckpointDiscoveryImpl] [] [] [] : Reached a checkpoint: ALL_MODULES_STARTED
2017-11-23 20:29:15,601 INFO  [improbable.module.ModuleNode] [] [] [] : All modules on this node started, waiting for other nodes to reach the same checkpoint.
2017-11-23 20:29:15,602 INFO  [i.core.discovery.server.LocalServer] [] [] [] : Registered Service(improbable.fabric.internal.debug.HeatmapCellCacheInternalService) on 127.0.0.1:9022.
2017-11-23 20:29:15,606 INFO  [i.c.a.e.ExtensibleActorReporter] [] [] [] : Started ProfilingModuleActor(Actor[akka://akkaFabric/user/ProfilingModule#1415117756]).
2017-11-23 20:29:15,641 INFO  [i.core.discovery.server.PublicServer] [] [] [] : Registered Service(improbable.platform.runtime.InspectionService) on 127.0.0.1:9023.
2017-11-23 20:29:15,713 INFO  [i.c.a.e.ExtensibleActorReporter] [] [] [] : Started InspectionRestModuleActor(Actor[akka://akkaFabric/user/InspectionRestModule#-1686015075]).
2017-11-23 20:29:15,889 INFO  [i.bridge.oracle.scaling.WorkerScaler] [] [] [] : Skipping reconciliation because no WorkerRunner service is available. This message is expected at startup but should not persist through the deployment
2017-11-23 20:29:16,528 INFO  [spray.can.server.HttpListener] [akka://akkaFabric/user/IO-HTTP/listener-0] [akkaFabric-akka.actor.default-dispatcher-2] [] : Bound to /0.0.0.0:5005
2017-11-23 20:29:16,560 INFO  [i.c.d.g.GlobalServiceDiscoveryImpl] [] [] [] : Global service discovery refreshed 26 server(s) (previously: 21)
2017-11-23 20:29:16,560 INFO  [i.c.d.g.GlobalCheckpointDiscoveryImpl] [] [] [] : Global checkpoint discovery refreshed checkpoints.
2017-11-23 20:29:16,562 INFO  [improbable.module.ModuleNode] [] [] [] : All modules on all nodes have been started.
2017-11-23 20:29:16,562 INFO  [improbable.module.ModuleNode] [] [] [] : Loading a snapshot.
2017-11-23 20:29:16,614 INFO  [i.p.g.GSimPersistenceLoadOrchestrator] [] [] [] : Loading snapshot on GSim(0).
2017-11-23 20:29:16,615 INFO  [i.p.s.storage.LegacySnapshotStorage] [] [] [] : Requesting download URL for Snapshot(local@latest) matching []
2017-11-23 20:29:16,645 INFO  [i.p.s.storage.LegacySnapshotStorage] [] [] [] : Downloading snapshot from http://127.0.0.1:21000/snapshots/20171123202852754
2017-11-23 20:29:16,654 INFO  [i.p.gsim.GSimPersistenceLoader] [] [] [] : Loading snapshot
2017-11-23 20:29:16,720 INFO  [i.p.g.GSimPersistenceLoadOrchestrator] [] [] [] : Loaded 11 entities on GSim(0).
2017-11-23 20:29:16,752 INFO  [i.p.c.PersistenceLoaderCoordinatorActor] [] [] [] : All Snapshots loaded.
2017-11-23 20:29:16,817 INFO  [improbable.module.ModuleNode] [] [] [] : Snapshot has been loaded.
2017-11-23 20:29:16,818 INFO  [improbable.module.ModuleNode] [] [] [] : Starting SnapshotService.
2017-11-23 20:29:16,865 INFO  [i.core.discovery.server.PublicServer] [] [] [] : Registered Service(improbable.platform.runtime.SnapshotService) on 127.0.0.1:9024.
2017-11-23 20:29:16,865 INFO  [i.c.d.client.CheckpointDiscoveryImpl] [] [] [] : Reached a checkpoint: LOAD_SNAPSHOT_FINISHED
2017-11-23 20:29:16,866 INFO  [improbable.module.ModuleNode] [] [] [] : SpatialOS runtime startup complete.
2017-11-23 20:29:17,022 INFO  [i.l.params.LoadbalancerParamsFactory] [] [] [] : LoadbalancerParams for worker type [UnityWorker]: [AutoHexGridLoadbalancerParams{energyLimitingEnabled=true, energyLimit=1.0E9, minWorkerRange=1500.0, maxWorkerRange=1500.0, maxWorkerStepSize=0.0, workerExpansionTimeMs=60000, workerGridSize=0, loadbalancerEnabled=false, hexGridMode=AUTO, scalerAdvisorType=CONSTANT, maxWorkers=1, initialWorkers=1, numEntitiesPerWorker=9223372036854775807, statusReportPeriodMs=30000, pointsOfInterestEnabled=false, hexGridSolution=AutoValue_HexGridSolution{workersUsed=1, hexagonEdgeLength=1500.0, hexagonOrientation=POINTY_TOP, bounds=Rectangle{minX=-750.0, minZ=-750.0, maxX=750.0, maxZ=750.0}}, pointsOfInterestSolution=Empty}]
2017-11-23 20:29:17,547 INFO  [i.c.d.g.GlobalCheckpointDiscoveryImpl] [] [] [] : Global checkpoint discovery refreshed checkpoints.
2017-11-23 20:29:17,550 INFO  [i.c.d.g.GlobalServiceDiscoveryImpl] [] [] [] : Global service discovery refreshed 27 server(s) (previously: 26)
2017-11-23 20:29:17,992 INFO  [i.b.o.m.BridgeOracleWorkerManager] [] [] [] : Trying to start managed worker UnityWorker0
2017-11-23 20:29:18,010 INFO  [i.bridge.oracle.scaling.WorkerScaler] [] [] [] : Starting 1 new managed workers for attribute_set {
  attribute: "physics"
}
 (required: 1, existing: 0)
2017-11-23 20:29:18,041 INFO  [i.worker.exec.WorkerStartupExecutor] [] [] [] : Awaiting internal receptionist service to register with service discovery
2017-11-23 20:29:18,045 INFO  [i.worker.exec.WorkerStartupExecutor] [] [] [] : Successfully found the internal receptionist service in service discovery
2017-11-23 20:29:18,050 INFO  [i.worker.exec.WorkerStartupExecutor] [] [] [] : Awaiting public receptionist service to register with service discovery
2017-11-23 20:29:18,050 INFO  [i.worker.exec.WorkerStartupExecutor] [] [] [] : Successfully found the public receptionist service in service discovery
2017-11-23 20:29:20,876 INFO  [i.worker.exec.WorkerStartupExecutor] [] [] [] : Created log file for worker UnityWorker0, type (UnityWorker): [C:\Users\Mario\Desktop\prova\Game-master\logs\2017-11-23_20-28-55_0\workers\UnityWorker\UnityWorker0-4223858892341631944.log]
2017-11-23 20:29:20,877 INFO  [i.worker.exec.CommandLineExecutor] [] [] [] : Running command: C:\Users\Mario\AppData\Local\Temp\zip-downloader5710615337625608878\f93f1dacdbc957c5a3642439984dba6e\UnityWorker@Windows.exe +projectName your_project_name_here +receptionistIp 127.0.0.1 +receptionistPort 7777 +workerType UnityWorker +workerId UnityWorker0 +useInternalIpForBridge true +infraServicesUrl http://127.0.0.1:21000 +assemblyName local_assembly +linkProtocol RakNet -logfile C:\Users\Mario\Desktop\prova\Game-master\logs\2017-11-23_20-28-55_0\workers\UnityWorker\UnityWorker0-4223858892341631944.log -batchmode -nographics
2017-11-23 20:29:26,615 INFO  [i.b.s.BridgeServicePicker] [] [] [] : Attempting to get positionHint for UnityWorker0 via rpc
2017-11-23 20:29:26,632 INFO  [i.b.s.BridgeServicePicker] [] [] [] : Selected legacy_guid: "1a067d7d-8f7d-4fb4-a4f4-ea1f36daf68c"
address {
  host: "127.0.0.1"
  port: 9019
}
 with position  which is the nearest bridge service to position (0.0, 0.0, 0.0)
2017-11-23 20:29:26,645 INFO  [i.m.b.o.m.BridgeModuleOracleActor] [] [] [] : BridgeServicePicker returned module Optional[legacy_guid: "1a067d7d-8f7d-4fb4-a4f4-ea1f36daf68c"
address {
  host: "127.0.0.1"
  port: 9019
}
] with load Optional[BridgeModuleLoadBalanceInfo((0.0, 0.0, 0.0),0)].get().toString() for Engine(UnityWorker0)
2017-11-23 20:29:28,312 INFO  [i.b.i.BridgeInternalServiceImpl] [] [] [] : Bridge worker_id: "UnityWorker0"
 registered with bridge internal service
2017-11-23 20:29:28,332 INFO  [i.b.o.s.BridgeOracleInternalServiceImpl] [] [] [] : Got bridge started rpc from bridge: worker_id: "UnityWorker0"

2017-11-23 20:29:28,335 INFO  [i.b.o.s.BridgeOracleInternalServiceImpl] [] [] [] : The worker UnityWorker0 registered with SpatialOS successfully.
2017-11-23 20:29:28,336 INFO  [i.module.bridge.oracle.BridgeOracle] [] [] [] : Sending bridge started to self for bridge endpoint BridgeOracleEndpoint
2017-11-23 20:29:28,350 INFO  [i.module.bridge.oracle.BridgeOracle] [] [] [] : Bridge(UnityWorker0) started.
2017-11-23 20:29:28,391 INFO  [i.b.o.m.BridgeOracleWorkerManager] [] [] [] : Worker UnityWorker0 registered with the BridgeOracleWorker manager
2017-11-23 20:29:29,830 INFO  [i.b.n.raknet.GuardedRakPeerInterface] [] [] [] : New RakNet connection established with 127.0.0.1
2017-11-23 20:29:46,086 INFO  [i.b.s.BridgeServicePicker] [] [] [] : Attempting to get positionHint for UnityClienta7078f99-f36f-4c16-a913-804f40afa72a via rpc
2017-11-23 20:29:46,090 INFO  [i.b.s.BridgeServicePicker] [] [] [] : Starting UnityClienta7078f99-f36f-4c16-a913-804f40afa72a without a position hint, so using a random bridge service
2017-11-23 20:29:46,090 INFO  [i.m.b.o.m.BridgeModuleOracleActor] [] [] [] : BridgeServicePicker returned module Optional[legacy_guid: "1a067d7d-8f7d-4fb4-a4f4-ea1f36daf68c"
address {
  host: "127.0.0.1"
  port: 9019
}
] with load Optional[BridgeModuleLoadBalanceInfo((0.0, 0.0, 0.0),1)].get().toString() for Engine(UnityClienta7078f99-f36f-4c16-a913-804f40afa72a)
2017-11-23 20:29:46,134 INFO  [i.l.params.LoadbalancerParamsFactory] [] [] [] : LoadbalancerParams for worker type [UnityClient]: [FlagzLoadbalancerParams{energyLimitingEnabled=true, energyLimit=1.0E9, minWorkerRange=Infinity, maxWorkerRange=Infinity, maxWorkerStepSize=50.0, workerExpansionTimeMs=60000, workerGridSize=5, loadbalancerEnabled=true, hexGridMode=OFF, scalerAdvisorType=ENTITY_COUNT, maxWorkers=25, initialWorkers=25, numEntitiesPerWorker=9223372036854775807, statusReportPeriodMs=2000, pointsOfInterestEnabled=false, hexGridSolution=Empty, pointsOfInterestSolution=Empty}]
2017-11-23 20:29:46,147 INFO  [i.b.i.BridgeInternalServiceImpl] [] [] [] : Bridge worker_id: "UnityClienta7078f99-f36f-4c16-a913-804f40afa72a"
 registered with bridge internal service
2017-11-23 20:29:46,173 INFO  [i.b.o.s.BridgeOracleInternalServiceImpl] [] [] [] : Got bridge started rpc from bridge: worker_id: "UnityClienta7078f99-f36f-4c16-a913-804f40afa72a"

2017-11-23 20:29:46,173 INFO  [i.b.o.s.BridgeOracleInternalServiceImpl] [] [] [] : The worker UnityClienta7078f99-f36f-4c16-a913-804f40afa72a registered with SpatialOS successfully.
2017-11-23 20:29:46,173 INFO  [i.module.bridge.oracle.BridgeOracle] [] [] [] : Sending bridge started to self for bridge endpoint BridgeOracleEndpoint
2017-11-23 20:29:46,189 INFO  [i.module.bridge.oracle.BridgeOracle] [] [] [] : Bridge(UnityClienta7078f99-f36f-4c16-a913-804f40afa72a) started.
2017-11-23 20:29:46,838 INFO  [i.b.n.raknet.GuardedRakPeerInterface] [] [] [] : New RakNet connection established with 127.0.0.1
2017-11-23 20:30:22,793 INFO  [i.b.n.BridgeActorTransportLinkListener] [] [] [] : TransportLinkListener(UnityClienta7078f99-f36f-4c16-a913-804f40afa72a) sending Disconnected to akka://akkaFabric/user/BridgeModule:1a067d7d-8f7d-4fb4-a4f4-ea1f36daf68c/BridgeActor-UnityClienta7078f99-f36f-4c16-a913-804f40afa72a
2017-11-23 20:30:22,913 INFO  [i.b.n.raknet.reporter.RakNetReporter] [] [] [] : Tried to send to RakNet(UnityClient) on Port(7001)13 after closing. Payload: component_update {
  entity_id: 12
  component_id: 54
  entity_c... (Logged every 1000 times)
2017-11-23 20:30:23,143 INFO  [i.b.i.BridgeInternalServiceImpl] [] [] [] : Bridge worker_id: "UnityClienta7078f99-f36f-4c16-a913-804f40afa72a"
 unregistered with bridge internal service
2017-11-23 20:30:23,143 INFO  [improbable.bridge.BridgeActor] [] [] [] : Bridge(UnityClienta7078f99-f36f-4c16-a913-804f40afa72a) on BridgeModuleEndpoint(1a067d7d-8f7d-4fb4-a4f4-ea1f36daf68c) stopped.
2017-11-23 20:30:23,148 INFO  [i.module.bridge.oracle.BridgeOracle] [] [] [] : Sending bridge stopped to self for bridge endpoint BridgeEndpoint(UnityClienta7078f99-f36f-4c16-a913-804f40afa72a)
2017-11-23 20:30:23,149 INFO  [i.module.bridge.oracle.BridgeOracle] [] [] [] : Bridge(UnityClienta7078f99-f36f-4c16-a913-804f40afa72a) stopped.
2017-11-23 20:30:23,232 INFO  [akka.actor.LocalActorRef] [akka://akkaFabric/user/BridgeModule:1a067d7d-8f7d-4fb4-a4f4-ea1f36daf68c/BridgeActor-UnityClienta7078f99-f36f-4c16-a913-804f40afa72a] [akkaFabric-akka.actor.default-dispatcher-3] [] : Message [improbable.fabric.internal.pubsub.PubSubMessageProto$PubSubMessage] from Actor[akka://akkaFabric/user/BridgeModule:1a067d7d-8f7d-4fb4-a4f4-ea1f36daf68c/BridgeActor-UnityClienta7078f99-f36f-4c16-a913-804f40afa72a#-1368724130] to Actor[akka://akkaFabric/user/BridgeModule:1a067d7d-8f7d-4fb4-a4f4-ea1f36daf68c/BridgeActor-UnityClienta7078f99-f36f-4c16-a913-804f40afa72a#-1368724130] was not delivered. [1] dead letters encountered. This logging can be turned off or adjusted with configuration settings 'akka.log-dead-letters' and 'akka.log-dead-letters-during-shutdown'.
2017-11-23 20:30:23,233 INFO  [akka.actor.LocalActorRef] [akka://akkaFabric/user/BridgeModule:1a067d7d-8f7d-4fb4-a4f4-ea1f36daf68c/BridgeActor-UnityClienta7078f99-f36f-4c16-a913-804f40afa72a] [akkaFabric-akka.actor.default-dispatcher-3] [] : Message [improbable.fabric.internal.pubsub.PubSubMessageProto$PubSubMessage] from Actor[akka://akkaFabric/user/BridgeModule:1a067d7d-8f7d-4fb4-a4f4-ea1f36daf68c/BridgeActor-UnityClienta7078f99-f36f-4c16-a913-804f40afa72a#-1368724130] to Actor[akka://akkaFabric/user/BridgeModule:1a067d7d-8f7d-4fb4-a4f4-ea1f36daf68c/BridgeActor-UnityClienta7078f99-f36f-4c16-a913-804f40afa72a#-1368724130] was not delivered. [2] dead letters encountered. This logging can be turned off or adjusted with configuration settings 'akka.log-dead-letters' and 'akka.log-dead-letters-during-shutdown'.
2017-11-23 20:30:23,234 INFO  [akka.actor.LocalActorRef] [akka://akkaFabric/user/BridgeModule:1a067d7d-8f7d-4fb4-a4f4-ea1f36daf68c/BridgeActor-UnityClienta7078f99-f36f-4c16-a913-804f40afa72a] [akkaFabric-akka.actor.default-dispatcher-3] [] : Message [improbable.fabric.internal.pubsub.PubSubMessageProto$PubSubMessage] from Actor[akka://akkaFabric/user/BridgeModule:1a067d7d-8f7d-4fb4-a4f4-ea1f36daf68c/BridgeActor-UnityClienta7078f99-f36f-4c16-a913-804f40afa72a#-1368724130] to Actor[akka://akkaFabric/user/BridgeModule:1a067d7d-8f7d-4fb4-a4f4-ea1f36daf68c/BridgeActor-UnityClienta7078f99-f36f-4c16-a913-804f40afa72a#-1368724130] was not delivered. [3] dead letters encountered. This logging can be turned off or adjusted with configuration settings 'akka.log-dead-letters' and 'akka.log-dead-letters-during-shutdown'.
2017-11-23 20:30:23,234 INFO  [akka.actor.LocalActorRef] [akka://akkaFabric/user/BridgeModule:1a067d7d-8f7d-4fb4-a4f4-ea1f36daf68c/BridgeActor-UnityClienta7078f99-f36f-4c16-a913-804f40afa72a] [akkaFabric-akka.actor.default-dispatcher-3] [] : Message [improbable.fabric.internal.pubsub.PubSubMessageProto$PubSubMessage] from Actor[akka://akkaFabric/user/BridgeModule:1a067d7d-8f7d-4fb4-a4f4-ea1f36daf68c/BridgeActor-UnityClienta7078f99-f36f-4c16-a913-804f40afa72a#-1368724130] to Actor[akka://akkaFabric/user/BridgeModule:1a067d7d-8f7d-4fb4-a4f4-ea1f36daf68c/BridgeActor-UnityClienta7078f99-f36f-4c16-a913-804f40afa72a#-1368724130] was not delivered. [4] dead letters encountered. This logging can be turned off or adjusted with configuration settings 'akka.log-dead-letters' and 'akka.log-dead-letters-during-shutdown'.
2017-11-23 20:30:23,235 INFO  [akka.actor.LocalActorRef] [akka://akkaFabric/user/BridgeModule:1a067d7d-8f7d-4fb4-a4f4-ea1f36daf68c/BridgeActor-UnityClienta7078f99-f36f-4c16-a913-804f40afa72a] [akkaFabric-akka.actor.default-dispatcher-3] [] : Message [improbable.fabric.internal.pubsub.PubSubMessageProto$PubSubMessage] from Actor[akka://akkaFabric/user/BridgeModule:1a067d7d-8f7d-4fb4-a4f4-ea1f36daf68c/BridgeActor-UnityClienta7078f99-f36f-4c16-a913-804f40afa72a#-1368724130] to Actor[akka://akkaFabric/user/BridgeModule:1a067d7d-8f7d-4fb4-a4f4-ea1f36daf68c/BridgeActor-UnityClienta7078f99-f36f-4c16-a913-804f40afa72a#-1368724130] was not delivered. [5] dead letters encountered. This logging can be turned off or adjusted with configuration settings 'akka.log-dead-letters' and 'akka.log-dead-letters-during-shutdown'.
2017-11-23 20:30:23,267 INFO  [akka.actor.LocalActorRef] [akka://akkaFabric/user/BridgeModule:1a067d7d-8f7d-4fb4-a4f4-ea1f36daf68c/BridgeActor-UnityClienta7078f99-f36f-4c16-a913-804f40afa72a] [akkaFabric-akka.actor.default-dispatcher-3] [] : Message [improbable.fabric.internal.pubsub.PubSubMessageProto$PubSubMessage] from Actor[akka://akkaFabric/user/BridgeModule:1a067d7d-8f7d-4fb4-a4f4-ea1f36daf68c/BridgeActor-UnityClienta7078f99-f36f-4c16-a913-804f40afa72a#-1368724130] to Actor[akka://akkaFabric/user/BridgeModule:1a067d7d-8f7d-4fb4-a4f4-ea1f36daf68c/BridgeActor-UnityClienta7078f99-f36f-4c16-a913-804f40afa72a#-1368724130] was not delivered. [6] dead letters encountered. This logging can be turned off or adjusted with configuration settings 'akka.log-dead-letters' and 'akka.log-dead-letters-during-shutdown'.
2017-11-23 20:30:23,268 INFO  [akka.actor.LocalActorRef] [akka://akkaFabric/user/BridgeModule:1a067d7d-8f7d-4fb4-a4f4-ea1f36daf68c/BridgeActor-UnityClienta7078f99-f36f-4c16-a913-804f40afa72a] [akkaFabric-akka.actor.default-dispatcher-3] [] : Message [improbable.fabric.internal.pubsub.PubSubMessageProto$PubSubMessage] from Actor[akka://akkaFabric/user/BridgeModule:1a067d7d-8f7d-4fb4-a4f4-ea1f36daf68c/BridgeActor-UnityClienta7078f99-f36f-4c16-a913-804f40afa72a#-1368724130] to Actor[akka://akkaFabric/user/BridgeModule:1a067d7d-8f7d-4fb4-a4f4-ea1f36daf68c/BridgeActor-UnityClienta7078f99-f36f-4c16-a913-804f40afa72a#-1368724130] was not delivered. [7] dead letters encountered. This logging can be turned off or adjusted with configuration settings 'akka.log-dead-letters' and 'akka.log-dead-letters-during-shutdown'.
2017-11-23 20:30:23,268 INFO  [akka.actor.LocalActorRef] [akka://akkaFabric/user/BridgeModule:1a067d7d-8f7d-4fb4-a4f4-ea1f36daf68c/BridgeActor-UnityClienta7078f99-f36f-4c16-a913-804f40afa72a] [akkaFabric-akka.actor.default-dispatcher-3] [] : Message [improbable.fabric.internal.pubsub.PubSubMessageProto$PubSubMessage] from Actor[akka://akkaFabric/user/BridgeModule:1a067d7d-8f7d-4fb4-a4f4-ea1f36daf68c/BridgeActor-UnityClienta7078f99-f36f-4c16-a913-804f40afa72a#-1368724130] to Actor[akka://akkaFabric/user/BridgeModule:1a067d7d-8f7d-4fb4-a4f4-ea1f36daf68c/BridgeActor-UnityClienta7078f99-f36f-4c16-a913-804f40afa72a#-1368724130] was not delivered. [8] dead letters encountered. This logging can be turned off or adjusted with configuration settings 'akka.log-dead-letters' and 'akka.log-dead-letters-during-shutdown'.
2017-11-23 20:30:23,268 INFO  [akka.actor.LocalActorRef] [akka://akkaFabric/user/BridgeModule:1a067d7d-8f7d-4fb4-a4f4-ea1f36daf68c/BridgeActor-UnityClienta7078f99-f36f-4c16-a913-804f40afa72a] [akkaFabric-akka.actor.default-dispatcher-3] [] : Message [improbable.fabric.internal.pubsub.PubSubMessageProto$PubSubMessage] from Actor[akka://akkaFabric/user/BridgeModule:1a067d7d-8f7d-4fb4-a4f4-ea1f36daf68c/BridgeActor-UnityClienta7078f99-f36f-4c16-a913-804f40afa72a#-1368724130] to Actor[akka://akkaFabric/user/BridgeModule:1a067d7d-8f7d-4fb4-a4f4-ea1f36daf68c/BridgeActor-UnityClienta7078f99-f36f-4c16-a913-804f40afa72a#-1368724130] was not delivered. [9] dead letters encountered. This logging can be turned off or adjusted with configuration settings 'akka.log-dead-letters' and 'akka.log-dead-letters-during-shutdown'.
2017-11-23 20:30:23,269 INFO  [akka.actor.LocalActorRef] [akka://akkaFabric/user/BridgeModule:1a067d7d-8f7d-4fb4-a4f4-ea1f36daf68c/BridgeActor-UnityClienta7078f99-f36f-4c16-a913-804f40afa72a] [akkaFabric-akka.actor.default-dispatcher-3] [] : Message [improbable.fabric.internal.pubsub.PubSubMessageProto$PubSubMessage] from Actor[akka://akkaFabric/user/BridgeModule:1a067d7d-8f7d-4fb4-a4f4-ea1f36daf68c/BridgeActor-UnityClienta7078f99-f36f-4c16-a913-804f40afa72a#-1368724130] to Actor[akka://akkaFabric/user/BridgeModule:1a067d7d-8f7d-4fb4-a4f4-ea1f36daf68c/BridgeActor-UnityClienta7078f99-f36f-4c16-a913-804f40afa72a#-1368724130] was not delivered. [10] dead letters encountered, no more dead letters will be logged. This logging can be turned off or adjusted with configuration settings 'akka.log-dead-letters' and 'akka.log-dead-letters-during-shutdown'.
2017-11-23 20:30:46,565 INFO  [i.b.s.BridgeServicePicker] [] [] [] : Attempting to get positionHint for UnityClient0d0bce1d-085c-4956-82f1-c10da36db32c via rpc
2017-11-23 20:30:46,616 INFO  [i.b.s.BridgeServicePicker] [] [] [] : Starting UnityClient0d0bce1d-085c-4956-82f1-c10da36db32c without a position hint, so using a random bridge service
2017-11-23 20:30:46,618 INFO  [i.m.b.o.m.BridgeModuleOracleActor] [] [] [] : BridgeServicePicker returned module Optional[legacy_guid: "1a067d7d-8f7d-4fb4-a4f4-ea1f36daf68c"
address {
  host: "127.0.0.1"
  port: 9019
}
] with load Optional[BridgeModuleLoadBalanceInfo((0.0, 0.0, 0.0),1)].get().toString() for Engine(UnityClient0d0bce1d-085c-4956-82f1-c10da36db32c)
2017-11-23 20:30:46,899 INFO  [i.b.i.BridgeInternalServiceImpl] [] [] [] : Bridge worker_id: "UnityClient0d0bce1d-085c-4956-82f1-c10da36db32c"
 registered with bridge internal service
2017-11-23 20:30:46,912 INFO  [i.b.o.s.BridgeOracleInternalServiceImpl] [] [] [] : Got bridge started rpc from bridge: worker_id: "UnityClient0d0bce1d-085c-4956-82f1-c10da36db32c"

2017-11-23 20:30:46,913 INFO  [i.b.o.s.BridgeOracleInternalServiceImpl] [] [] [] : The worker UnityClient0d0bce1d-085c-4956-82f1-c10da36db32c registered with SpatialOS successfully.
2017-11-23 20:30:46,920 INFO  [i.module.bridge.oracle.BridgeOracle] [] [] [] : Sending bridge started to self for bridge endpoint BridgeOracleEndpoint
2017-11-23 20:30:46,926 INFO  [i.module.bridge.oracle.BridgeOracle] [] [] [] : Bridge(UnityClient0d0bce1d-085c-4956-82f1-c10da36db32c) started.
2017-11-23 20:30:48,194 INFO  [i.b.n.raknet.GuardedRakPeerInterface] [] [] [] : New RakNet connection established with 127.0.0.1
2017-11-23 20:30:51,746 INFO  [i.b.s.BridgeServicePicker] [] [] [] : Attempting to get positionHint for UnityClient88d32cfb-bbd5-4f02-94d3-c7654e22c938 via rpc
2017-11-23 20:30:51,747 INFO  [i.b.s.BridgeServicePicker] [] [] [] : Starting UnityClient88d32cfb-bbd5-4f02-94d3-c7654e22c938 without a position hint, so using a random bridge service
2017-11-23 20:30:51,752 INFO  [i.m.b.o.m.BridgeModuleOracleActor] [] [] [] : BridgeServicePicker returned module Optional[legacy_guid: "1a067d7d-8f7d-4fb4-a4f4-ea1f36daf68c"
address {
  host: "127.0.0.1"
  port: 9019
}
] with load Optional[BridgeModuleLoadBalanceInfo((0.0, 0.0, 0.0),2)].get().toString() for Engine(UnityClient88d32cfb-bbd5-4f02-94d3-c7654e22c938)
2017-11-23 20:30:52,880 INFO  [i.b.i.BridgeInternalServiceImpl] [] [] [] : Bridge worker_id: "UnityClient88d32cfb-bbd5-4f02-94d3-c7654e22c938"
 registered with bridge internal service
2017-11-23 20:30:52,892 INFO  [i.b.o.s.BridgeOracleInternalServiceImpl] [] [] [] : Got bridge started rpc from bridge: worker_id: "UnityClient88d32cfb-bbd5-4f02-94d3-c7654e22c938"

2017-11-23 20:30:52,896 INFO  [i.b.o.s.BridgeOracleInternalServiceImpl] [] [] [] : The worker UnityClient88d32cfb-bbd5-4f02-94d3-c7654e22c938 registered with SpatialOS successfully.
2017-11-23 20:30:52,896 INFO  [i.module.bridge.oracle.BridgeOracle] [] [] [] : Sending bridge started to self for bridge endpoint BridgeOracleEndpoint
2017-11-23 20:30:52,909 INFO  [i.module.bridge.oracle.BridgeOracle] [] [] [] : Bridge(UnityClient88d32cfb-bbd5-4f02-94d3-c7654e22c938) started.
2017-11-23 20:30:53,892 INFO  [i.b.n.raknet.GuardedRakPeerInterface] [] [] [] : New RakNet connection established with 127.0.0.1
2017-11-23 20:32:15,869 WARN  [i.e.lifecycle.EntityLifecycleClient] [] [] [] : Entity 14 of type [Player] moved to position (752.3703002929688, -909.1500854492188, 543.6677856445312) which is out of bounds.
2017-11-23 20:32:16,020 WARN  [i.gsim.entity.EntityUserActor] [] [] [] : Removing Entity(14) that moved out of GSim boundary.
improbable.entity.lifecycle.EntityOutOfBoundsException: Entity 14 of type [Player] moved to position (752.3703002929688, -909.1500854492188, 543.6677856445312) which is out of bounds.
	at improbable.entity.lifecycle.EntityLifecycleClient.assertWithinBounds(EntityLifecycleClient.java:334) ~[fabric__runtime_deploy.jar:na]
	at improbable.entity.lifecycle.EntityLifecycleClient.spawnEntityWithId(EntityLifecycleClient.java:278) ~[fabric__runtime_deploy.jar:na]
	at improbable.entity.lifecycle.EntityLifecycleClient.spawnEntityWithId(EntityLifecycleClient.java:253) ~[fabric__runtime_deploy.jar:na]
	at improbable.entity.lifecycle.EntityLifecycleClient.spawnMigratedEntity(EntityLifecycleClient.java:212) ~[fabric__runtime_deploy.jar:na]
	at improbable.gsim.entity.EntityUserActor.improbable$gsim$entity$EntityUserActor$$createInNewGSim(EntityUserActor.scala:186) ~[fabric__runtime_deploy.jar:na]
	at improbable.gsim.entity.EntityUserActor$$anonfun$3.applyOrElse(EntityUserActor.scala:134) [fabric__runtime_deploy.jar:na]
	at scala.runtime.AbstractPartialFunction.apply(AbstractPartialFunction.scala:36) [fabric__runtime_deploy.jar:na]
	at improbable.core.actor.subscription.AnonymousFunctionSubscription.forward(AnonymousFunctionSubscription.scala:44) [fabric__runtime_deploy.jar:na]
	at improbable.core.actor.subscription.AnonymousFunctionSubscription.forwardToSubscriptions(AnonymousFunctionSubscription.scala:34) [fabric__runtime_deploy.jar:na]
	at improbable.core.actor.extensible.ExtensibleActor$$anonfun$receive$1.applyOrElse(ExtensibleActor.scala:60) [fabric__runtime_deploy.jar:na]
	at akka.actor.Actor$class.aroundReceive(Actor.scala:482) [..__akka_actor_artifact__jar__akka-actor_2.11-2.4.4.jar:na]
	at improbable.core.actor.extensible.ExtensibleActor.aroundReceive(ExtensibleActor.scala:14) [fabric__runtime_deploy.jar:na]
	at akka.actor.ActorCell.receiveMessage(ActorCell.scala:526) [..__akka_actor_artifact__jar__akka-actor_2.11-2.4.4.jar:na]
	at akka.actor.ActorCell.invoke(ActorCell.scala:495) [..__akka_actor_artifact__jar__akka-actor_2.11-2.4.4.jar:na]
	at akka.dispatch.Mailbox.processMailbox(Mailbox.scala:257) [..__akka_actor_artifact__jar__akka-actor_2.11-2.4.4.jar:na]
	at akka.dispatch.Mailbox.run(Mailbox.scala:224) [..__akka_actor_artifact__jar__akka-actor_2.11-2.4.4.jar:na]
	at akka.dispatch.Mailbox.exec(Mailbox.scala:234) [..__akka_actor_artifact__jar__akka-actor_2.11-2.4.4.jar:na]
	at scala.concurrent.forkjoin.ForkJoinTask.doExec(ForkJoinTask.java:260) [fabric__runtime_deploy.jar:na]
	at scala.concurrent.forkjoin.ForkJoinPool$WorkQueue.runTask(ForkJoinPool.java:1339) [fabric__runtime_deploy.jar:na]
	at scala.concurrent.forkjoin.ForkJoinPool.runWorker(ForkJoinPool.java:1979) [fabric__runtime_deploy.jar:na]
	at scala.concurrent.forkjoin.ForkJoinWorkerThread.run(ForkJoinWorkerThread.java:107) [fabric__runtime_deploy.jar:na]
2017-11-23 20:32:37,017 INFO  [i.b.n.BridgeActorTransportLinkListener] [] [] [] : TransportLinkListener(UnityClient88d32cfb-bbd5-4f02-94d3-c7654e22c938) sending Disconnected to akka://akkaFabric/user/BridgeModule:1a067d7d-8f7d-4fb4-a4f4-ea1f36daf68c/BridgeActor-UnityClient88d32cfb-bbd5-4f02-94d3-c7654e22c938
2017-11-23 20:32:37,109 INFO  [i.b.i.BridgeInternalServiceImpl] [] [] [] : Bridge worker_id: "UnityClient88d32cfb-bbd5-4f02-94d3-c7654e22c938"
 unregistered with bridge internal service
2017-11-23 20:32:37,115 INFO  [improbable.bridge.BridgeActor] [] [] [] : Bridge(UnityClient88d32cfb-bbd5-4f02-94d3-c7654e22c938) on BridgeModuleEndpoint(1a067d7d-8f7d-4fb4-a4f4-ea1f36daf68c) stopped.
2017-11-23 20:32:37,124 INFO  [i.module.bridge.oracle.BridgeOracle] [] [] [] : Sending bridge stopped to self for bridge endpoint BridgeEndpoint(UnityClient88d32cfb-bbd5-4f02-94d3-c7654e22c938)
2017-11-23 20:32:37,126 INFO  [i.module.bridge.oracle.BridgeOracle] [] [] [] : Bridge(UnityClient88d32cfb-bbd5-4f02-94d3-c7654e22c938) stopped.
2017-11-23 20:33:54,330 INFO  [i.b.s.BridgeServicePicker] [] [] [] : Attempting to get positionHint for UnityClientd6d608f3-8450-41f3-8929-5682812b7d6a via rpc
2017-11-23 20:33:54,450 INFO  [i.b.s.BridgeServicePicker] [] [] [] : Starting UnityClientd6d608f3-8450-41f3-8929-5682812b7d6a without a position hint, so using a random bridge service
2017-11-23 20:33:54,460 INFO  [i.m.b.o.m.BridgeModuleOracleActor] [] [] [] : BridgeServicePicker returned module Optional[legacy_guid: "1a067d7d-8f7d-4fb4-a4f4-ea1f36daf68c"
address {
  host: "127.0.0.1"
  port: 9019
}
] with load Optional[BridgeModuleLoadBalanceInfo((0.0, 0.0, 0.0),2)].get().toString() for Engine(UnityClientd6d608f3-8450-41f3-8929-5682812b7d6a)
2017-11-23 20:33:55,216 INFO  [i.b.i.BridgeInternalServiceImpl] [] [] [] : Bridge worker_id: "UnityClientd6d608f3-8450-41f3-8929-5682812b7d6a"
 registered with bridge internal service
2017-11-23 20:33:55,219 INFO  [i.b.o.s.BridgeOracleInternalServiceImpl] [] [] [] : Got bridge started rpc from bridge: worker_id: "UnityClientd6d608f3-8450-41f3-8929-5682812b7d6a"

2017-11-23 20:33:55,219 INFO  [i.b.o.s.BridgeOracleInternalServiceImpl] [] [] [] : The worker UnityClientd6d608f3-8450-41f3-8929-5682812b7d6a registered with SpatialOS successfully.
2017-11-23 20:33:55,220 INFO  [i.module.bridge.oracle.BridgeOracle] [] [] [] : Sending bridge started to self for bridge endpoint BridgeOracleEndpoint
2017-11-23 20:33:55,221 INFO  [i.module.bridge.oracle.BridgeOracle] [] [] [] : Bridge(UnityClientd6d608f3-8450-41f3-8929-5682812b7d6a) started.
2017-11-23 20:33:56,278 INFO  [i.b.n.raknet.GuardedRakPeerInterface] [] [] [] : New RakNet connection established with 127.0.0.1
2017-11-23 20:34:34,006 INFO  [i.b.n.BridgeActorTransportLinkListener] [] [] [] : TransportLinkListener(UnityClient0d0bce1d-085c-4956-82f1-c10da36db32c) sending Disconnected to akka://akkaFabric/user/BridgeModule:1a067d7d-8f7d-4fb4-a4f4-ea1f36daf68c/BridgeActor-UnityClient0d0bce1d-085c-4956-82f1-c10da36db32c
2017-11-23 20:34:34,007 INFO  [i.b.i.BridgeInternalServiceImpl] [] [] [] : Bridge worker_id: "UnityClient0d0bce1d-085c-4956-82f1-c10da36db32c"
 unregistered with bridge internal service
2017-11-23 20:34:34,010 INFO  [improbable.bridge.BridgeActor] [] [] [] : Bridge(UnityClient0d0bce1d-085c-4956-82f1-c10da36db32c) on BridgeModuleEndpoint(1a067d7d-8f7d-4fb4-a4f4-ea1f36daf68c) stopped.
2017-11-23 20:34:34,010 INFO  [i.module.bridge.oracle.BridgeOracle] [] [] [] : Sending bridge stopped to self for bridge endpoint BridgeEndpoint(UnityClient0d0bce1d-085c-4956-82f1-c10da36db32c)
2017-11-23 20:34:34,013 INFO  [i.module.bridge.oracle.BridgeOracle] [] [] [] : Bridge(UnityClient0d0bce1d-085c-4956-82f1-c10da36db32c) stopped.
2017-11-23 20:34:34,891 INFO  [i.b.client.BridgeServiceTaskRetrier] [] [] [] : An internal operation forwarding EntityCommandRequest for "entity_id: 13
component_id: 1003
" failed on the SpatialOS side of the connection to UnityWorker0 after 0 retries, is the deployment under heavy load?
io.grpc.StatusRuntimeException: DEADLINE_EXCEEDED
	at io.grpc.Status.asRuntimeException(Status.java:543) ~[fabric__runtime_deploy.jar:na]
	at io.grpc.stub.ClientCalls$UnaryStreamToFuture.onClose(ClientCalls.java:442) [fabric__runtime_deploy.jar:na]
	at io.grpc.ForwardingClientCallListener.onClose(ForwardingClientCallListener.java:56) [fabric__runtime_deploy.jar:na]
	at me.dinowernli.grpc.prometheus.MonitoringClientCallListener.onClose(MonitoringClientCallListener.java:50) [fabric__runtime_deploy.jar:na]
	at io.grpc.internal.ClientCallImpl.closeObserver(ClientCallImpl.java:426) [fabric__runtime_deploy.jar:na]
	at io.grpc.internal.ClientCallImpl.access$100(ClientCallImpl.java:76) [fabric__runtime_deploy.jar:na]
	at io.grpc.internal.ClientCallImpl$ClientStreamListenerImpl.close(ClientCallImpl.java:512) [fabric__runtime_deploy.jar:na]
	at io.grpc.internal.ClientCallImpl$ClientStreamListenerImpl.access$700(ClientCallImpl.java:429) [fabric__runtime_deploy.jar:na]
	at io.grpc.internal.ClientCallImpl$ClientStreamListenerImpl$1StreamClosed.runInContext(ClientCallImpl.java:544) [fabric__runtime_deploy.jar:na]
	at io.grpc.internal.ContextRunnable.run(ContextRunnable.java:52) [fabric__runtime_deploy.jar:na]
	at io.grpc.internal.SerializingExecutor.run(SerializingExecutor.java:117) [fabric__runtime_deploy.jar:na]
	at java.util.concurrent.ThreadPoolExecutor.runWorker(ThreadPoolExecutor.java:1149) [na:1.8.0_151]
	at java.util.concurrent.ThreadPoolExecutor$Worker.run(ThreadPoolExecutor.java:624) [na:1.8.0_151]
	at java.lang.Thread.run(Thread.java:748) [na:1.8.0_151]
2017-11-23 20:34:34,957 WARN  [i.b.logging.EngineLogMessageHandler] [] [] [] : [Worker: UnityWorker0] Incoming command request with ID 116 to entity ID 13 and component ID 1003 was not handled by the worker within the given timeout.
 in  -[WorkerLogger:Unity]
2017-11-23 20:34:34,963 WARN  [i.b.commands.BridgeCommandHandler] [] [] [] : Failed to execute command entity_command_request {
  endpoint {
    entity_id: 13
    component_id: 1003
  }
  payload: "\332>\002\032\000"
}
 on UnityClient0d0bce1d-085c-4956-82f1-c10da36db32c
improbable.bridge.commands.exception.CommandException: DEADLINE_EXCEEDED
	at improbable.bridge.commands.exception.CommandException.ofStatusRuntimeException(CommandException.java:76) ~[fabric__runtime_deploy.jar:na]
	at improbable.bridge.commands.exception.CommandException.of(CommandException.java:27) ~[fabric__runtime_deploy.jar:na]
	at improbable.bridge.client.BridgeInternalServiceClient.lambda$invokeCommand$2(BridgeInternalServiceClient.java:93) ~[fabric__runtime_deploy.jar:na]
	at com.google.common.util.concurrent.AbstractTransformFuture$TransformFuture.doTransform(AbstractTransformFuture.java:239) ~[fabric__runtime_deploy.jar:na]
	at com.google.common.util.concurrent.AbstractTransformFuture$TransformFuture.doTransform(AbstractTransformFuture.java:229) ~[fabric__runtime_deploy.jar:na]
	at com.google.common.util.concurrent.AbstractTransformFuture.run(AbstractTransformFuture.java:130) ~[fabric__runtime_deploy.jar:na]
	at com.google.common.util.concurrent.MoreExecutors$DirectExecutor.execute(MoreExecutors.java:399) ~[fabric__runtime_deploy.jar:na]
	at com.google.common.util.concurrent.AbstractFuture.executeListener(AbstractFuture.java:911) ~[fabric__runtime_deploy.jar:na]
	at com.google.common.util.concurrent.AbstractFuture.complete(AbstractFuture.java:822) ~[fabric__runtime_deploy.jar:na]
	at com.google.common.util.concurrent.AbstractFuture.set(AbstractFuture.java:664) ~[fabric__runtime_deploy.jar:na]
	at com.google.common.util.concurrent.AbstractCatchingFuture$CatchingFuture.setResult(AbstractCatchingFuture.java:210) ~[fabric__runtime_deploy.jar:na]
	at com.google.common.util.concurrent.AbstractCatchingFuture.run(AbstractCatchingFuture.java:138) ~[fabric__runtime_deploy.jar:na]
	at com.google.common.util.concurrent.MoreExecutors$DirectExecutor.execute(MoreExecutors.java:399) ~[fabric__runtime_deploy.jar:na]
	at com.google.common.util.concurrent.AbstractFuture.executeListener(AbstractFuture.java:911) ~[fabric__runtime_deploy.jar:na]
	at com.google.common.util.concurrent.AbstractFuture.complete(AbstractFuture.java:822) ~[fabric__runtime_deploy.jar:na]
	at com.google.common.util.concurrent.AbstractFuture.setException(AbstractFuture.java:686) ~[fabric__runtime_deploy.jar:na]
	at com.google.common.util.concurrent.AbstractTransformFuture.run(AbstractTransformFuture.java:112) ~[fabric__runtime_deploy.jar:na]
	at com.google.common.util.concurrent.MoreExecutors$DirectExecutor.execute(MoreExecutors.java:399) ~[fabric__runtime_deploy.jar:na]
	at com.google.common.util.concurrent.AbstractFuture.executeListener(AbstractFuture.java:911) ~[fabric__runtime_deploy.jar:na]
	at com.google.common.util.concurrent.AbstractFuture.complete(AbstractFuture.java:822) ~[fabric__runtime_deploy.jar:na]
	at com.google.common.util.concurrent.AbstractFuture.setException(AbstractFuture.java:686) ~[fabric__runtime_deploy.jar:na]
	at com.google.common.util.concurrent.SettableFuture.setException(SettableFuture.java:54) ~[fabric__runtime_deploy.jar:na]
	at improbable.bridge.client.BridgeServiceTaskRetrier.onFailure(BridgeServiceTaskRetrier.java:102) ~[fabric__runtime_deploy.jar:na]
	at com.google.common.util.concurrent.Futures$CallbackListener.run(Futures.java:1228) ~[fabric__runtime_deploy.jar:na]
	at com.google.common.util.concurrent.MoreExecutors$DirectExecutor.execute(MoreExecutors.java:399) ~[fabric__runtime_deploy.jar:na]
	at com.google.common.util.concurrent.AbstractFuture.executeListener(AbstractFuture.java:911) ~[fabric__runtime_deploy.jar:na]
	at com.google.common.util.concurrent.AbstractFuture.complete(AbstractFuture.java:822) ~[fabric__runtime_deploy.jar:na]
	at com.google.common.util.concurrent.AbstractFuture.setException(AbstractFuture.java:686) ~[fabric__runtime_deploy.jar:na]
	at io.grpc.stub.ClientCalls$GrpcFuture.setException(ClientCalls.java:466) ~[fabric__runtime_deploy.jar:na]
	at io.grpc.stub.ClientCalls$UnaryStreamToFuture.onClose(ClientCalls.java:442) ~[fabric__runtime_deploy.jar:na]
	at io.grpc.ForwardingClientCallListener.onClose(ForwardingClientCallListener.java:56) ~[fabric__runtime_deploy.jar:na]
	at me.dinowernli.grpc.prometheus.MonitoringClientCallListener.onClose(MonitoringClientCallListener.java:50) ~[fabric__runtime_deploy.jar:na]
	at io.grpc.internal.ClientCallImpl.closeObserver(ClientCallImpl.java:426) ~[fabric__runtime_deploy.jar:na]
	at io.grpc.internal.ClientCallImpl.access$100(ClientCallImpl.java:76) ~[fabric__runtime_deploy.jar:na]
	at io.grpc.internal.ClientCallImpl$ClientStreamListenerImpl.close(ClientCallImpl.java:512) ~[fabric__runtime_deploy.jar:na]
	at io.grpc.internal.ClientCallImpl$ClientStreamListenerImpl.access$700(ClientCallImpl.java:429) ~[fabric__runtime_deploy.jar:na]
	at io.grpc.internal.ClientCallImpl$ClientStreamListenerImpl$1StreamClosed.runInContext(ClientCallImpl.java:544) ~[fabric__runtime_deploy.jar:na]
	at io.grpc.internal.ContextRunnable.run(ContextRunnable.java:52) ~[fabric__runtime_deploy.jar:na]
	at io.grpc.internal.SerializingExecutor.run(SerializingExecutor.java:117) ~[fabric__runtime_deploy.jar:na]
	at java.util.concurrent.ThreadPoolExecutor.runWorker(ThreadPoolExecutor.java:1149) ~[na:1.8.0_151]
	at java.util.concurrent.ThreadPoolExecutor$Worker.run(ThreadPoolExecutor.java:624) ~[na:1.8.0_151]
	at java.lang.Thread.run(Thread.java:748) ~[na:1.8.0_151]
Caused by: io.grpc.StatusRuntimeException: DEADLINE_EXCEEDED
	at io.grpc.Status.asRuntimeException(Status.java:543) ~[fabric__runtime_deploy.jar:na]
	... 13 common frames omitted
2017-11-23 20:35:15,583 INFO  [i.b.n.BridgeActorTransportLinkListener] [] [] [] : TransportLinkListener(UnityClientd6d608f3-8450-41f3-8929-5682812b7d6a) sending Disconnected to akka://akkaFabric/user/BridgeModule:1a067d7d-8f7d-4fb4-a4f4-ea1f36daf68c/BridgeActor-UnityClientd6d608f3-8450-41f3-8929-5682812b7d6a
2017-11-23 20:35:15,585 INFO  [i.b.i.BridgeInternalServiceImpl] [] [] [] : Bridge worker_id: "UnityClientd6d608f3-8450-41f3-8929-5682812b7d6a"
 unregistered with bridge internal service
2017-11-23 20:35:15,586 INFO  [improbable.bridge.BridgeActor] [] [] [] : Bridge(UnityClientd6d608f3-8450-41f3-8929-5682812b7d6a) on BridgeModuleEndpoint(1a067d7d-8f7d-4fb4-a4f4-ea1f36daf68c) stopped.
2017-11-23 20:35:15,589 INFO  [i.module.bridge.oracle.BridgeOracle] [] [] [] : Sending bridge stopped to self for bridge endpoint BridgeEndpoint(UnityClientd6d608f3-8450-41f3-8929-5682812b7d6a)
2017-11-23 20:35:15,589 INFO  [i.module.bridge.oracle.BridgeOracle] [] [] [] : Bridge(UnityClientd6d608f3-8450-41f3-8929-5682812b7d6a) stopped.
2017-11-23 20:35:23,374 INFO  [i.b.s.BridgeServicePicker] [] [] [] : Attempting to get positionHint for UnityClient709184b7-f85e-4b63-9d7a-f795a339fdfa via rpc
2017-11-23 20:35:23,375 INFO  [i.b.s.BridgeServicePicker] [] [] [] : Starting UnityClient709184b7-f85e-4b63-9d7a-f795a339fdfa without a position hint, so using a random bridge service
2017-11-23 20:35:23,375 INFO  [i.m.b.o.m.BridgeModuleOracleActor] [] [] [] : BridgeServicePicker returned module Optional[legacy_guid: "1a067d7d-8f7d-4fb4-a4f4-ea1f36daf68c"
address {
  host: "127.0.0.1"
  port: 9019
}
] with load Optional[BridgeModuleLoadBalanceInfo((0.0, 0.0, 0.0),1)].get().toString() for Engine(UnityClient709184b7-f85e-4b63-9d7a-f795a339fdfa)
2017-11-23 20:35:23,420 INFO  [i.b.i.BridgeInternalServiceImpl] [] [] [] : Bridge worker_id: "UnityClient709184b7-f85e-4b63-9d7a-f795a339fdfa"
 registered with bridge internal service
2017-11-23 20:35:23,424 INFO  [i.b.o.s.BridgeOracleInternalServiceImpl] [] [] [] : Got bridge started rpc from bridge: worker_id: "UnityClient709184b7-f85e-4b63-9d7a-f795a339fdfa"

2017-11-23 20:35:23,425 INFO  [i.b.o.s.BridgeOracleInternalServiceImpl] [] [] [] : The worker UnityClient709184b7-f85e-4b63-9d7a-f795a339fdfa registered with SpatialOS successfully.
2017-11-23 20:35:23,425 INFO  [i.module.bridge.oracle.BridgeOracle] [] [] [] : Sending bridge started to self for bridge endpoint BridgeOracleEndpoint
2017-11-23 20:35:23,428 INFO  [i.module.bridge.oracle.BridgeOracle] [] [] [] : Bridge(UnityClient709184b7-f85e-4b63-9d7a-f795a339fdfa) started.
2017-11-23 20:35:24,020 INFO  [i.b.n.raknet.GuardedRakPeerInterface] [] [] [] : New RakNet connection established with 127.0.0.1
2017-11-23 20:35:44,027 INFO  [i.b.s.BridgeServicePicker] [] [] [] : Attempting to get positionHint for UnityClient08e2c9ac-c7de-4c20-95bc-8b838020e740 via rpc
2017-11-23 20:35:44,047 INFO  [i.b.s.BridgeServicePicker] [] [] [] : Starting UnityClient08e2c9ac-c7de-4c20-95bc-8b838020e740 without a position hint, so using a random bridge service
2017-11-23 20:35:44,048 INFO  [i.m.b.o.m.BridgeModuleOracleActor] [] [] [] : BridgeServicePicker returned module Optional[legacy_guid: "1a067d7d-8f7d-4fb4-a4f4-ea1f36daf68c"
address {
  host: "127.0.0.1"
  port: 9019
}
] with load Optional[BridgeModuleLoadBalanceInfo((0.0, 0.0, 0.0),2)].get().toString() for Engine(UnityClient08e2c9ac-c7de-4c20-95bc-8b838020e740)
2017-11-23 20:35:44,379 INFO  [i.b.i.BridgeInternalServiceImpl] [] [] [] : Bridge worker_id: "UnityClient08e2c9ac-c7de-4c20-95bc-8b838020e740"
 registered with bridge internal service
2017-11-23 20:35:44,380 INFO  [i.b.o.s.BridgeOracleInternalServiceImpl] [] [] [] : Got bridge started rpc from bridge: worker_id: "UnityClient08e2c9ac-c7de-4c20-95bc-8b838020e740"

2017-11-23 20:35:44,452 INFO  [i.b.o.s.BridgeOracleInternalServiceImpl] [] [] [] : The worker UnityClient08e2c9ac-c7de-4c20-95bc-8b838020e740 registered with SpatialOS successfully.
2017-11-23 20:35:44,454 INFO  [i.module.bridge.oracle.BridgeOracle] [] [] [] : Sending bridge started to self for bridge endpoint BridgeOracleEndpoint
2017-11-23 20:35:44,461 INFO  [i.module.bridge.oracle.BridgeOracle] [] [] [] : Bridge(UnityClient08e2c9ac-c7de-4c20-95bc-8b838020e740) started.
2017-11-23 20:35:45,160 INFO  [i.b.n.raknet.GuardedRakPeerInterface] [] [] [] : New RakNet connection established with 127.0.0.1
2017-11-23 20:36:16,931 ERROR [i.b.logging.EngineLogMessageHandler] [] [] [] : [Worker: UnityClient08e2c9ac-c7de-4c20-95bc-8b838020e740] NullReferenceException: Object reference not set to an instance of an object
 in UnityEditor.IMGUI.Controls.TreeViewController.GetNewSelection (UnityEditor.IMGUI.Controls.TreeViewItem clickedItem, Boolean keepMultiSelection, Boolean useShiftAsActionKey) (at C:/buildslave/unity/build/Editor/Mono/GUI/TreeView/TreeViewController.cs:1078)
UnityEditor.IMGUI.Controls.TreeViewController.HandleUnusedMouseEventsForItem (Rect rect, UnityEditor.IMGUI.Controls.TreeViewItem item, Int32 row) (at C:/buildslave/unity/build/Editor/Mono/GUI/TreeView/TreeViewController.cs:309)
UnityEditor.IMGUI.Controls.TreeViewController.DoItemGUI (UnityEditor.IMGUI.Controls.TreeViewItem item, Int32 row, Single rowWidth, Boolean hasFocus) (at C:/buildslave/unity/build/Editor/Mono/GUI/TreeView/TreeViewController.cs:476)
UnityEditor.IMGUI.Controls.TreeViewController.IterateVisibleItems (Int32 firstRow, Int32 numVisibleRows, Single rowWidth, Boolean hasFocus) (at C:/buildslave/unity/build/Editor/Mono/GUI/TreeView/TreeViewController.cs:621)
UnityEditor.IMGUI.Controls.TreeViewController.OnGUI (Rect rect, Int32 keyboardControlID) (at C:/buildslave/unity/build/Editor/Mono/GUI/TreeView/TreeViewController.cs:552)
UnityEditor.SceneHierarchyWindow.DoTreeView (Single searchPathHeight) (at C:/buildslave/unity/build/Editor/Mono/SceneHierarchyWindow.cs:576)
UnityEditor.SceneHierarchyWindow.OnGUI () (at C:/buildslave/unity/build/Editor/Mono/SceneHierarchyWindow.cs:396)
System.Reflection.MonoMethod.Invoke (System.Object obj, BindingFlags invokeAttr, System.Reflection.Binder binder, System.Object[] parameters, System.Globalization.CultureInfo culture) (at /Users/builduser/buildslave/mono/build/mcs/class/corlib/System.Reflection/MonoMethod.cs:222)
 -[WorkerLogger:Unity]
2017-11-23 20:37:12,214 INFO  [i.b.n.BridgeActorTransportLinkListener] [] [] [] : TransportLinkListener(UnityClient08e2c9ac-c7de-4c20-95bc-8b838020e740) sending Disconnected to akka://akkaFabric/user/BridgeModule:1a067d7d-8f7d-4fb4-a4f4-ea1f36daf68c/BridgeActor-UnityClient08e2c9ac-c7de-4c20-95bc-8b838020e740
2017-11-23 20:37:12,266 INFO  [i.b.i.BridgeInternalServiceImpl] [] [] [] : Bridge worker_id: "UnityClient08e2c9ac-c7de-4c20-95bc-8b838020e740"
 unregistered with bridge internal service
2017-11-23 20:37:12,270 INFO  [i.module.bridge.oracle.BridgeOracle] [] [] [] : Sending bridge stopped to self for bridge endpoint BridgeEndpoint(UnityClient08e2c9ac-c7de-4c20-95bc-8b838020e740)
2017-11-23 20:37:12,271 INFO  [i.module.bridge.oracle.BridgeOracle] [] [] [] : Bridge(UnityClient08e2c9ac-c7de-4c20-95bc-8b838020e740) stopped.
2017-11-23 20:37:12,267 INFO  [improbable.bridge.BridgeActor] [] [] [] : Bridge(UnityClient08e2c9ac-c7de-4c20-95bc-8b838020e740) on BridgeModuleEndpoint(1a067d7d-8f7d-4fb4-a4f4-ea1f36daf68c) stopped.
2017-11-23 20:37:13,162 INFO  [i.b.client.BridgeServiceTaskRetrier] [] [] [] : An internal operation forwarding EntityCommandRequest for "entity_id: 17
component_id: 1003
" failed on the SpatialOS side of the connection to UnityWorker0 after 0 retries, is the deployment under heavy load?
io.grpc.StatusRuntimeException: DEADLINE_EXCEEDED
	at io.grpc.Status.asRuntimeException(Status.java:543) ~[fabric__runtime_deploy.jar:na]
	at io.grpc.stub.ClientCalls$UnaryStreamToFuture.onClose(ClientCalls.java:442) [fabric__runtime_deploy.jar:na]
	at io.grpc.ForwardingClientCallListener.onClose(ForwardingClientCallListener.java:56) [fabric__runtime_deploy.jar:na]
	at me.dinowernli.grpc.prometheus.MonitoringClientCallListener.onClose(MonitoringClientCallListener.java:50) [fabric__runtime_deploy.jar:na]
	at io.grpc.internal.ClientCallImpl.closeObserver(ClientCallImpl.java:426) [fabric__runtime_deploy.jar:na]
	at io.grpc.internal.ClientCallImpl.access$100(ClientCallImpl.java:76) [fabric__runtime_deploy.jar:na]
	at io.grpc.internal.ClientCallImpl$ClientStreamListenerImpl.close(ClientCallImpl.java:512) [fabric__runtime_deploy.jar:na]
	at io.grpc.internal.ClientCallImpl$ClientStreamListenerImpl.access$700(ClientCallImpl.java:429) [fabric__runtime_deploy.jar:na]
	at io.grpc.internal.ClientCallImpl$ClientStreamListenerImpl$1StreamClosed.runInContext(ClientCallImpl.java:544) [fabric__runtime_deploy.jar:na]
	at io.grpc.internal.ContextRunnable.run(ContextRunnable.java:52) [fabric__runtime_deploy.jar:na]
	at io.grpc.internal.SerializingExecutor.run(SerializingExecutor.java:117) [fabric__runtime_deploy.jar:na]
	at java.util.concurrent.ThreadPoolExecutor.runWorker(ThreadPoolExecutor.java:1149) [na:1.8.0_151]
	at java.util.concurrent.ThreadPoolExecutor$Worker.run(ThreadPoolExecutor.java:624) [na:1.8.0_151]
	at java.lang.Thread.run(Thread.java:748) [na:1.8.0_151]
2017-11-23 20:37:13,165 WARN  [i.b.commands.BridgeCommandHandler] [] [] [] : Failed to execute command entity_command_request {
  endpoint {
    entity_id: 17
    component_id: 1003
  }
  payload: "\332>\002\032\000"
}
 on UnityClient08e2c9ac-c7de-4c20-95bc-8b838020e740
improbable.bridge.commands.exception.CommandException: DEADLINE_EXCEEDED
	at improbable.bridge.commands.exception.CommandException.ofStatusRuntimeException(CommandException.java:76) ~[fabric__runtime_deploy.jar:na]
	at improbable.bridge.commands.exception.CommandException.of(CommandException.java:27) ~[fabric__runtime_deploy.jar:na]
	at improbable.bridge.client.BridgeInternalServiceClient.lambda$invokeCommand$2(BridgeInternalServiceClient.java:93) ~[fabric__runtime_deploy.jar:na]
	at com.google.common.util.concurrent.AbstractTransformFuture$TransformFuture.doTransform(AbstractTransformFuture.java:239) ~[fabric__runtime_deploy.jar:na]
	at com.google.common.util.concurrent.AbstractTransformFuture$TransformFuture.doTransform(AbstractTransformFuture.java:229) ~[fabric__runtime_deploy.jar:na]
	at com.google.common.util.concurrent.AbstractTransformFuture.run(AbstractTransformFuture.java:130) ~[fabric__runtime_deploy.jar:na]
	at com.google.common.util.concurrent.MoreExecutors$DirectExecutor.execute(MoreExecutors.java:399) ~[fabric__runtime_deploy.jar:na]
	at com.google.common.util.concurrent.AbstractFuture.executeListener(AbstractFuture.java:911) ~[fabric__runtime_deploy.jar:na]
	at com.google.common.util.concurrent.AbstractFuture.complete(AbstractFuture.java:822) ~[fabric__runtime_deploy.jar:na]
	at com.google.common.util.concurrent.AbstractFuture.set(AbstractFuture.java:664) ~[fabric__runtime_deploy.jar:na]
	at com.google.common.util.concurrent.AbstractCatchingFuture$CatchingFuture.setResult(AbstractCatchingFuture.java:210) ~[fabric__runtime_deploy.jar:na]
	at com.google.common.util.concurrent.AbstractCatchingFuture.run(AbstractCatchingFuture.java:138) ~[fabric__runtime_deploy.jar:na]
	at com.google.common.util.concurrent.MoreExecutors$DirectExecutor.execute(MoreExecutors.java:399) ~[fabric__runtime_deploy.jar:na]
	at com.google.common.util.concurrent.AbstractFuture.executeListener(AbstractFuture.java:911) ~[fabric__runtime_deploy.jar:na]
	at com.google.common.util.concurrent.AbstractFuture.complete(AbstractFuture.java:822) ~[fabric__runtime_deploy.jar:na]
	at com.google.common.util.concurrent.AbstractFuture.setException(AbstractFuture.java:686) ~[fabric__runtime_deploy.jar:na]
	at com.google.common.util.concurrent.AbstractTransformFuture.run(AbstractTransformFuture.java:112) ~[fabric__runtime_deploy.jar:na]
	at com.google.common.util.concurrent.MoreExecutors$DirectExecutor.execute(MoreExecutors.java:399) ~[fabric__runtime_deploy.jar:na]
	at com.google.common.util.concurrent.AbstractFuture.executeListener(AbstractFuture.java:911) ~[fabric__runtime_deploy.jar:na]
	at com.google.common.util.concurrent.AbstractFuture.complete(AbstractFuture.java:822) ~[fabric__runtime_deploy.jar:na]
	at com.google.common.util.concurrent.AbstractFuture.setException(AbstractFuture.java:686) ~[fabric__runtime_deploy.jar:na]
	at com.google.common.util.concurrent.SettableFuture.setException(SettableFuture.java:54) ~[fabric__runtime_deploy.jar:na]
	at improbable.bridge.client.BridgeServiceTaskRetrier.onFailure(BridgeServiceTaskRetrier.java:102) ~[fabric__runtime_deploy.jar:na]
	at com.google.common.util.concurrent.Futures$CallbackListener.run(Futures.java:1228) ~[fabric__runtime_deploy.jar:na]
	at com.google.common.util.concurrent.MoreExecutors$DirectExecutor.execute(MoreExecutors.java:399) ~[fabric__runtime_deploy.jar:na]
	at com.google.common.util.concurrent.AbstractFuture.executeListener(AbstractFuture.java:911) ~[fabric__runtime_deploy.jar:na]
	at com.google.common.util.concurrent.AbstractFuture.complete(AbstractFuture.java:822) ~[fabric__runtime_deploy.jar:na]
	at com.google.common.util.concurrent.AbstractFuture.setException(AbstractFuture.java:686) ~[fabric__runtime_deploy.jar:na]
	at io.grpc.stub.ClientCalls$GrpcFuture.setException(ClientCalls.java:466) ~[fabric__runtime_deploy.jar:na]
	at io.grpc.stub.ClientCalls$UnaryStreamToFuture.onClose(ClientCalls.java:442) ~[fabric__runtime_deploy.jar:na]
	at io.grpc.ForwardingClientCallListener.onClose(ForwardingClientCallListener.java:56) ~[fabric__runtime_deploy.jar:na]
	at me.dinowernli.grpc.prometheus.MonitoringClientCallListener.onClose(MonitoringClientCallListener.java:50) ~[fabric__runtime_deploy.jar:na]
	at io.grpc.internal.ClientCallImpl.closeObserver(ClientCallImpl.java:426) ~[fabric__runtime_deploy.jar:na]
	at io.grpc.internal.ClientCallImpl.access$100(ClientCallImpl.java:76) ~[fabric__runtime_deploy.jar:na]
	at io.grpc.internal.ClientCallImpl$ClientStreamListenerImpl.close(ClientCallImpl.java:512) ~[fabric__runtime_deploy.jar:na]
	at io.grpc.internal.ClientCallImpl$ClientStreamListenerImpl.access$700(ClientCallImpl.java:429) ~[fabric__runtime_deploy.jar:na]
	at io.grpc.internal.ClientCallImpl$ClientStreamListenerImpl$1StreamClosed.runInContext(ClientCallImpl.java:544) ~[fabric__runtime_deploy.jar:na]
	at io.grpc.internal.ContextRunnable.run(ContextRunnable.java:52) ~[fabric__runtime_deploy.jar:na]
	at io.grpc.internal.SerializingExecutor.run(SerializingExecutor.java:117) ~[fabric__runtime_deploy.jar:na]
	at java.util.concurrent.ThreadPoolExecutor.runWorker(ThreadPoolExecutor.java:1149) ~[na:1.8.0_151]
	at java.util.concurrent.ThreadPoolExecutor$Worker.run(ThreadPoolExecutor.java:624) ~[na:1.8.0_151]
	at java.lang.Thread.run(Thread.java:748) ~[na:1.8.0_151]
Caused by: io.grpc.StatusRuntimeException: DEADLINE_EXCEEDED
	at io.grpc.Status.asRuntimeException(Status.java:543) ~[fabric__runtime_deploy.jar:na]
	... 13 common frames omitted
2017-11-23 20:37:13,196 WARN  [i.b.logging.EngineLogMessageHandler] [] [] [] : [Worker: UnityWorker0] Incoming command request with ID 196 to entity ID 17 and component ID 1003 was not handled by the worker within the given timeout.
 in  -[WorkerLogger:Unity]
2017-11-23 20:38:29,927 INFO  [i.b.s.BridgeServicePicker] [] [] [] : Attempting to get positionHint for UnityClient86a5a9ea-fb59-426a-b126-7026eee8b751 via rpc
2017-11-23 20:38:30,037 INFO  [i.b.s.BridgeServicePicker] [] [] [] : Starting UnityClient86a5a9ea-fb59-426a-b126-7026eee8b751 without a position hint, so using a random bridge service
2017-11-23 20:38:30,039 INFO  [i.m.b.o.m.BridgeModuleOracleActor] [] [] [] : BridgeServicePicker returned module Optional[legacy_guid: "1a067d7d-8f7d-4fb4-a4f4-ea1f36daf68c"
address {
  host: "127.0.0.1"
  port: 9019
}
] with load Optional[BridgeModuleLoadBalanceInfo((0.0, 0.0, 0.0),2)].get().toString() for Engine(UnityClient86a5a9ea-fb59-426a-b126-7026eee8b751)
2017-11-23 20:38:30,888 INFO  [i.b.i.BridgeInternalServiceImpl] [] [] [] : Bridge worker_id: "UnityClient86a5a9ea-fb59-426a-b126-7026eee8b751"
 registered with bridge internal service
2017-11-23 20:38:30,890 INFO  [i.b.o.s.BridgeOracleInternalServiceImpl] [] [] [] : Got bridge started rpc from bridge: worker_id: "UnityClient86a5a9ea-fb59-426a-b126-7026eee8b751"

2017-11-23 20:38:30,890 INFO  [i.b.o.s.BridgeOracleInternalServiceImpl] [] [] [] : The worker UnityClient86a5a9ea-fb59-426a-b126-7026eee8b751 registered with SpatialOS successfully.
2017-11-23 20:38:30,891 INFO  [i.module.bridge.oracle.BridgeOracle] [] [] [] : Sending bridge started to self for bridge endpoint BridgeOracleEndpoint
2017-11-23 20:38:30,892 INFO  [i.module.bridge.oracle.BridgeOracle] [] [] [] : Bridge(UnityClient86a5a9ea-fb59-426a-b126-7026eee8b751) started.
2017-11-23 20:38:31,771 INFO  [i.b.n.raknet.GuardedRakPeerInterface] [] [] [] : New RakNet connection established with 127.0.0.1
2017-11-23 20:40:00,063 INFO  [i.b.n.BridgeActorTransportLinkListener] [] [] [] : TransportLinkListener(UnityClient709184b7-f85e-4b63-9d7a-f795a339fdfa) sending Disconnected to akka://akkaFabric/user/BridgeModule:1a067d7d-8f7d-4fb4-a4f4-ea1f36daf68c/BridgeActor-UnityClient709184b7-f85e-4b63-9d7a-f795a339fdfa
2017-11-23 20:40:00,066 INFO  [i.b.i.BridgeInternalServiceImpl] [] [] [] : Bridge worker_id: "UnityClient709184b7-f85e-4b63-9d7a-f795a339fdfa"
 unregistered with bridge internal service
2017-11-23 20:40:00,067 INFO  [improbable.bridge.BridgeActor] [] [] [] : Bridge(UnityClient709184b7-f85e-4b63-9d7a-f795a339fdfa) on BridgeModuleEndpoint(1a067d7d-8f7d-4fb4-a4f4-ea1f36daf68c) stopped.
2017-11-23 20:40:00,074 INFO  [i.module.bridge.oracle.BridgeOracle] [] [] [] : Sending bridge stopped to self for bridge endpoint BridgeEndpoint(UnityClient709184b7-f85e-4b63-9d7a-f795a339fdfa)
2017-11-23 20:40:00,075 INFO  [i.module.bridge.oracle.BridgeOracle] [] [] [] : Bridge(UnityClient709184b7-f85e-4b63-9d7a-f795a339fdfa) stopped.
2017-11-23 20:40:32,185 INFO  [i.b.s.BridgeServicePicker] [] [] [] : Attempting to get positionHint for UnityClientd682460b-805b-48ba-a040-269408e29c2a via rpc
2017-11-23 20:40:32,189 INFO  [i.b.s.BridgeServicePicker] [] [] [] : Starting UnityClientd682460b-805b-48ba-a040-269408e29c2a without a position hint, so using a random bridge service
2017-11-23 20:40:32,189 INFO  [i.m.b.o.m.BridgeModuleOracleActor] [] [] [] : BridgeServicePicker returned module Optional[legacy_guid: "1a067d7d-8f7d-4fb4-a4f4-ea1f36daf68c"
address {
  host: "127.0.0.1"
  port: 9019
}
] with load Optional[BridgeModuleLoadBalanceInfo((0.0, 0.0, 0.0),2)].get().toString() for Engine(UnityClientd682460b-805b-48ba-a040-269408e29c2a)
2017-11-23 20:40:32,948 INFO  [i.b.i.BridgeInternalServiceImpl] [] [] [] : Bridge worker_id: "UnityClientd682460b-805b-48ba-a040-269408e29c2a"
 registered with bridge internal service
2017-11-23 20:40:33,090 INFO  [i.b.o.s.BridgeOracleInternalServiceImpl] [] [] [] : Got bridge started rpc from bridge: worker_id: "UnityClientd682460b-805b-48ba-a040-269408e29c2a"

2017-11-23 20:40:33,090 INFO  [i.b.o.s.BridgeOracleInternalServiceImpl] [] [] [] : The worker UnityClientd682460b-805b-48ba-a040-269408e29c2a registered with SpatialOS successfully.
2017-11-23 20:40:33,091 INFO  [i.module.bridge.oracle.BridgeOracle] [] [] [] : Sending bridge started to self for bridge endpoint BridgeOracleEndpoint
2017-11-23 20:40:33,091 INFO  [i.module.bridge.oracle.BridgeOracle] [] [] [] : Bridge(UnityClientd682460b-805b-48ba-a040-269408e29c2a) started.
2017-11-23 20:40:33,776 INFO  [i.b.n.raknet.GuardedRakPeerInterface] [] [] [] : New RakNet connection established with 127.0.0.1
2017-11-23 20:41:18,736 INFO  [i.b.n.BridgeActorTransportLinkListener] [] [] [] : TransportLinkListener(UnityClient86a5a9ea-fb59-426a-b126-7026eee8b751) sending Disconnected to akka://akkaFabric/user/BridgeModule:1a067d7d-8f7d-4fb4-a4f4-ea1f36daf68c/BridgeActor-UnityClient86a5a9ea-fb59-426a-b126-7026eee8b751
2017-11-23 20:41:18,740 INFO  [i.b.i.BridgeInternalServiceImpl] [] [] [] : Bridge worker_id: "UnityClient86a5a9ea-fb59-426a-b126-7026eee8b751"
 unregistered with bridge internal service
2017-11-23 20:41:18,740 INFO  [improbable.bridge.BridgeActor] [] [] [] : Bridge(UnityClient86a5a9ea-fb59-426a-b126-7026eee8b751) on BridgeModuleEndpoint(1a067d7d-8f7d-4fb4-a4f4-ea1f36daf68c) stopped.
2017-11-23 20:41:18,742 INFO  [i.module.bridge.oracle.BridgeOracle] [] [] [] : Sending bridge stopped to self for bridge endpoint BridgeEndpoint(UnityClient86a5a9ea-fb59-426a-b126-7026eee8b751)
2017-11-23 20:41:18,745 INFO  [i.module.bridge.oracle.BridgeOracle] [] [] [] : Bridge(UnityClient86a5a9ea-fb59-426a-b126-7026eee8b751) stopped.
2017-11-23 20:41:30,337 INFO  [i.b.n.BridgeActorTransportLinkListener] [] [] [] : TransportLinkListener(UnityClientd682460b-805b-48ba-a040-269408e29c2a) sending Disconnected to akka://akkaFabric/user/BridgeModule:1a067d7d-8f7d-4fb4-a4f4-ea1f36daf68c/BridgeActor-UnityClientd682460b-805b-48ba-a040-269408e29c2a
2017-11-23 20:41:30,342 INFO  [i.module.bridge.oracle.BridgeOracle] [] [] [] : Sending bridge stopped to self for bridge endpoint BridgeEndpoint(UnityClientd682460b-805b-48ba-a040-269408e29c2a)
2017-11-23 20:41:30,342 INFO  [i.module.bridge.oracle.BridgeOracle] [] [] [] : Bridge(UnityClientd682460b-805b-48ba-a040-269408e29c2a) stopped.
2017-11-23 20:41:30,343 INFO  [i.b.i.BridgeInternalServiceImpl] [] [] [] : Bridge worker_id: "UnityClientd682460b-805b-48ba-a040-269408e29c2a"
 unregistered with bridge internal service
2017-11-23 20:41:30,344 INFO  [improbable.bridge.BridgeActor] [] [] [] : Bridge(UnityClientd682460b-805b-48ba-a040-269408e29c2a) on BridgeModuleEndpoint(1a067d7d-8f7d-4fb4-a4f4-ea1f36daf68c) stopped.
2017-11-23 20:49:18,536 INFO  [i.c.discovery.ServiceDiscoveryImpl] [] [] [] : Shutting down all services
2017-11-23 20:49:18,605 INFO  [i.core.discovery.server.LocalServer] [] [] [] : Stopped Service(improbable.fabric.internal.service.StatusDiscoveryInternalService) on 127.0.0.1:5301.
2017-11-23 20:49:18,612 INFO  [i.core.discovery.server.PublicServer] [] [] [] : Stopped Service(improbable.platform.runtime.ModuleService) on 127.0.0.1:9000.
2017-11-23 20:49:18,614 INFO  [i.core.discovery.server.PublicServer] [] [] [] : Stopped Service(improbable.platform.runtime.HealthCheckService) on 127.0.0.1:9001.
2017-11-23 20:49:18,614 INFO  [i.core.discovery.server.LocalServer] [] [] [] : Stopped Service(improbable.fabric.internal.service.PerfInternalService) on 127.0.0.1:9002.
2017-11-23 20:49:18,615 INFO  [i.core.discovery.server.LocalServer] [] [] [] : Stopped Service(improbable.fabric.internal.service.ContentionInternalService) on 127.0.0.1:9003.
2017-11-23 20:49:18,619 INFO  [i.core.discovery.server.PublicServer] [] [] [] : Stopped Service(improbable.platform.runtime.FeatureService) on 127.0.0.1:9004.
2017-11-23 20:49:18,623 INFO  [i.core.discovery.server.LocalServer] [] [] [] : Stopped Service(improbable.fabric.internal.service.NodeConfigurationInternalService) on 127.0.0.1:9005.
2017-11-23 20:49:18,625 INFO  [i.core.discovery.server.LocalServer] [] [] [] : Stopped Service(improbable.fabric.internal.service.WorldExtentsInternalService) on 127.0.0.1:9006.
2017-11-23 20:49:18,631 INFO  [i.core.discovery.server.LocalServer] [] [] [] : Stopped Service(improbable.fabric.internal.service.EntityIdInternalService) on 127.0.0.1:9007.
2017-11-23 20:49:18,634 INFO  [i.core.discovery.server.LocalServer] [] [] [] : Stopped Service(improbable.fabric.internal.service.WorkerPrestartRegistryInternalService) on 127.0.0.1:9008.
2017-11-23 20:49:18,636 INFO  [i.core.discovery.server.LocalServer] [] [] [] : Stopped Service(improbable.fabric.internal.service.RouterLookupInternalService) on 127.0.0.1:9009.
2017-11-23 20:49:18,654 INFO  [i.core.discovery.server.LocalServer] [] [] [] : Stopped Service(improbable.fabric.internal.service.RouterInternalService) on 127.0.0.1:9010.
2017-11-23 20:49:18,671 INFO  [i.core.discovery.server.LocalServer] [] [] [] : Stopped Service(improbable.fabric.internal.service.RemoteMessageInternalService) on 127.0.0.1:9011.
2017-11-23 20:49:18,672 INFO  [i.core.discovery.server.LocalServer] [] [] [] : Stopped Service(improbable.fabric.internal.service.LocalBrokerInternalService) on 127.0.0.1:9012.
2017-11-23 20:49:18,686 INFO  [i.core.discovery.server.LocalServer] [] [] [] : Stopped Service(improbable.fabric.internal.service.BridgeOracleInternalService) on 127.0.0.1:9013.
2017-11-23 20:49:18,688 INFO  [i.core.discovery.server.LocalServer] [] [] [] : Stopped Service(improbable.fabric.internal.service.GlobalBrokerInternalService) on 127.0.0.1:9014.
2017-11-23 20:49:18,689 INFO  [i.core.discovery.server.LocalServer] [] [] [] : Stopped Service(improbable.fabric.internal.service.BridgeServiceOracleInternalService) on 127.0.0.1:9015.
2017-11-23 20:49:18,690 INFO  [i.core.discovery.server.LocalServer] [] [] [] : Stopped Service(improbable.fabric.internal.service.LocalSnapshotInternalService) on 127.0.0.1:9016.
2017-11-23 20:49:18,694 INFO  [i.core.discovery.server.PublicServer] [] [] [] : Stopped Service(improbable.fabric.internal.service.ScalingStatsInternalService) on 127.0.0.1:9017.
2017-11-23 20:49:18,709 INFO  [i.core.discovery.server.LocalServer] [] [] [] : Stopped Service(improbable.fabric.internal.service.EntityQueryInternalService) on 127.0.0.1:9018.
2017-11-23 20:49:18,711 INFO  [i.core.discovery.server.LocalServer] [] [] [] : Stopped Service(improbable.fabric.internal.service.BridgeInternalService) on 127.0.0.1:9019.
2017-11-23 20:49:18,713 INFO  [i.core.discovery.server.PublicServer] [] [] [] : Stopped Service(improbable.platform.inner.worker.WorkerRunner) on 127.0.0.1:9020.
2017-11-23 20:49:18,723 INFO  [i.core.discovery.server.LocalServer] [] [] [] : Stopped Service(improbable.fabric.internal.service.ReceptionistInternalService) on 127.0.0.1:9021.
2017-11-23 20:49:18,724 INFO  [i.core.discovery.server.PublicServer] [] [] [] : Stopped Service(improbable.platform.runtime.ReceptionistService) on 127.0.0.1:7777.
