==========> Opened at 2017-11-23 14:34:21.7252848 +0100 CET
debug Executing [spatial.exe worker_package unpack-to worker_sdk core-dynamic-x86_64-win32 C:\Users\Erasmo\Documents\GitHub\Game\workers\unity\Assets\Plugins\Improbable\CoreSdk\core-dynamic-x86_64-win32]
debug Current directory = C:\Users\Erasmo\Documents\GitHub\Game\workers\unity
debug Found project root at C:\Users\Erasmo\Documents\GitHub\Game
debug Found version '12.0.1' in file C:\Users\Erasmo\Documents\GitHub\Game\spatialos.json
debug Skipping extraction of [C:\Users\Erasmo\AppData\Local\.improbable\toolbelt\cache\worker_package\f5e3365f80a0fe506bd318da59d5ed108359925f\worker_sdk\12.0.1\core-dynamic-x86_64-win32.zip] to C:\Users\Erasmo\Documents\GitHub\Game\workers\unity\Assets\Plugins\Improbable\CoreSdk\core-dynamic-x86_64-win32. Nothing has changed.
info 'spatial.exe worker_package unpack-to worker_sdk core-dynamic-x86_64-win32 C:\Users\Erasmo\Documents\GitHub\Game\workers\unity\Assets\Plugins\Improbable\CoreSdk\core-dynamic-x86_64-win32' succeeded category=success duration=0.1s
==========> Opened at 2017-11-23 14:35:03.933699 +0100 CET
debug Executing [spatial.exe build build-config UnityClient UnityWorker]
debug Current directory = C:\Users\Erasmo\Documents\GitHub\Game
debug Found project root at C:\Users\Erasmo\Documents\GitHub\Game
debug Found project root at C:\Users\Erasmo\Documents\GitHub\Game
debug Building worker assemblies.
info Generating bridge settings for UnityClient.
debug Worker 'UnityClient' defined at 'C:\Users\Erasmo\Documents\GitHub\Game\workers\unity\spatialos.UnityClient.worker.json' has no managed launch configuration defined.
info Generating bridge settings for UnityWorker.
info Generating managed worker configuration for UnityWorker.
info 'spatial.exe build build-config UnityClient UnityWorker' succeeded category=success duration=0.1s
==========> Opened at 2017-11-23 14:36:14.5987408 +0100 CET
debug Executing [spatial.exe worker_package unpack-to worker_sdk core-dynamic-x86-win32 C:\Users\Erasmo\Documents\GitHub\Game\workers\unity\Assets\Plugins\Improbable\CoreSdk\core-dynamic-x86-win32]
debug Current directory = C:\Users\Erasmo\Documents\GitHub\Game\workers\unity
debug Found project root at C:\Users\Erasmo\Documents\GitHub\Game
debug Found version '12.0.1' in file C:\Users\Erasmo\Documents\GitHub\Game\spatialos.json
debug Skipping extraction of [C:\Users\Erasmo\AppData\Local\.improbable\toolbelt\cache\worker_package\59edb0e1351b09eb2e4fe1f046530026d8b29af9\worker_sdk\12.0.1\core-dynamic-x86-win32.zip] to C:\Users\Erasmo\Documents\GitHub\Game\workers\unity\Assets\Plugins\Improbable\CoreSdk\core-dynamic-x86-win32. Nothing has changed.
info 'spatial.exe worker_package unpack-to worker_sdk core-dynamic-x86-win32 C:\Users\Erasmo\Documents\GitHub\Game\workers\unity\Assets\Plugins\Improbable\CoreSdk\core-dynamic-x86-win32' succeeded duration=0.1s category=success
==========> Opened at 2017-11-23 14:36:17.0718822 +0100 CET
debug Executing [spatial.exe worker_package unpack-to worker_sdk core-dynamic-x86_64-win32 C:\Users\Erasmo\Documents\GitHub\Game\workers\unity\Assets\Plugins\Improbable\CoreSdk\core-dynamic-x86_64-win32]
debug Current directory = C:\Users\Erasmo\Documents\GitHub\Game\workers\unity
debug Found project root at C:\Users\Erasmo\Documents\GitHub\Game
debug Found version '12.0.1' in file C:\Users\Erasmo\Documents\GitHub\Game\spatialos.json
debug Skipping extraction of [C:\Users\Erasmo\AppData\Local\.improbable\toolbelt\cache\worker_package\f5e3365f80a0fe506bd318da59d5ed108359925f\worker_sdk\12.0.1\core-dynamic-x86_64-win32.zip] to C:\Users\Erasmo\Documents\GitHub\Game\workers\unity\Assets\Plugins\Improbable\CoreSdk\core-dynamic-x86_64-win32. Nothing has changed.
info 'spatial.exe worker_package unpack-to worker_sdk core-dynamic-x86_64-win32 C:\Users\Erasmo\Documents\GitHub\Game\workers\unity\Assets\Plugins\Improbable\CoreSdk\core-dynamic-x86_64-win32' succeeded duration=0.1s category=success
==========> Opened at 2017-11-23 14:36:43.4353901 +0100 CET
debug Executing [spatial.exe worker_package unpack-to worker_sdk core-dynamic-x86-win32 C:\Users\Erasmo\Documents\GitHub\Game\workers\unity\Assets\Plugins\Improbable\CoreSdk\core-dynamic-x86-win32]
debug Current directory = C:\Users\Erasmo\Documents\GitHub\Game\workers\unity
debug Found project root at C:\Users\Erasmo\Documents\GitHub\Game
debug Found version '12.0.1' in file C:\Users\Erasmo\Documents\GitHub\Game\spatialos.json
debug Skipping extraction of [C:\Users\Erasmo\AppData\Local\.improbable\toolbelt\cache\worker_package\59edb0e1351b09eb2e4fe1f046530026d8b29af9\worker_sdk\12.0.1\core-dynamic-x86-win32.zip] to C:\Users\Erasmo\Documents\GitHub\Game\workers\unity\Assets\Plugins\Improbable\CoreSdk\core-dynamic-x86-win32. Nothing has changed.
info 'spatial.exe worker_package unpack-to worker_sdk core-dynamic-x86-win32 C:\Users\Erasmo\Documents\GitHub\Game\workers\unity\Assets\Plugins\Improbable\CoreSdk\core-dynamic-x86-win32' succeeded duration=0.1s category=success
==========> Opened at 2017-11-23 14:36:44.918475 +0100 CET
debug Executing [spatial.exe worker_package unpack-to worker_sdk core-dynamic-x86_64-win32 C:\Users\Erasmo\Documents\GitHub\Game\workers\unity\Assets\Plugins\Improbable\CoreSdk\core-dynamic-x86_64-win32]
debug Current directory = C:\Users\Erasmo\Documents\GitHub\Game\workers\unity
debug Found project root at C:\Users\Erasmo\Documents\GitHub\Game
debug Found version '12.0.1' in file C:\Users\Erasmo\Documents\GitHub\Game\spatialos.json
debug Skipping extraction of [C:\Users\Erasmo\AppData\Local\.improbable\toolbelt\cache\worker_package\f5e3365f80a0fe506bd318da59d5ed108359925f\worker_sdk\12.0.1\core-dynamic-x86_64-win32.zip] to C:\Users\Erasmo\Documents\GitHub\Game\workers\unity\Assets\Plugins\Improbable\CoreSdk\core-dynamic-x86_64-win32. Nothing has changed.
info 'spatial.exe worker_package unpack-to worker_sdk core-dynamic-x86_64-win32 C:\Users\Erasmo\Documents\GitHub\Game\workers\unity\Assets\Plugins\Improbable\CoreSdk\core-dynamic-x86_64-win32' succeeded duration=0.1s category=success
==========> Opened at 2017-11-23 14:37:02.6234876 +0100 CET
debug Executing [spatial.exe prepare-for-run]
debug Current directory = C:\Users\Erasmo\Documenti\github\Game
debug Found project root at C:\Users\Erasmo\Documenti\github\Game
debug Found project root at C:\Users\Erasmo\Documenti\github\Game
debug Building schema descriptor.
debug Found version '12.0.1' in file C:\Users\Erasmo\Documenti\github\Game\spatialos.json
debug Found project root at C:\Users\Erasmo\Documenti\github\Game
debug Running within a SpatialOS project, using the default input paths '[C:\Users\Erasmo\Documenti\github\Game\schema C:\Users\Erasmo\Documenti\github\Game\build\dependencies\schema\standard_library]'
debug Skipping extraction of [C:\Users\Erasmo\AppData\Local\.improbable\toolbelt\cache\worker_package\78566ccefaa6c3b8889d2c9056b73984e92dba7b\tools\12.0.1\schema_compiler-x86_64-win32.zip] to C:\Users\Erasmo\AppData\Local\.improbable\toolbelt\tools\12.0.1\schema_compiler-x86_64-win32. Nothing has changed.
debug Skipping extraction of [C:\Users\Erasmo\AppData\Local\.improbable\toolbelt\cache\worker_package\78566ccefaa6c3b8889d2c9056b73984e92dba7b\tools\12.0.1\schema_compiler-x86_64-win32.zip] to C:\Users\Erasmo\AppData\Local\.improbable\toolbelt\tools\12.0.1\schema_compiler-x86_64-win32. Nothing has changed.
debug In '', C:\Users\Erasmo\AppData\Local\.improbable\toolbelt\tools\12.0.1\schema_compiler-x86_64-win32\schema_compiler.exe [--schema_path=C:\Users\Erasmo\Documenti\github\Game\schema --schema_path=C:\Users\Erasmo\Documenti\github\Game\build\dependencies\schema\standard_library --load_all_schema_on_schema_path]
debug C:\Users\Erasmo\AppData\Local\.improbable\toolbelt\tools\12.0.1\schema_compiler-x86_64-win32\schema_compiler.exe: No outputs specified, validating schema only.
info No changes detected, skipping code generation.
info 'spatial.exe prepare-for-run' succeeded category=success duration=0.2s
==========> Opened at 2017-11-23 14:37:36.023398 +0100 CET
debug Executing [spatial.exe worker launch UnityClient default]
debug Current directory = C:\Users\Erasmo\Documenti\github\Game
debug Found project root at C:\Users\Erasmo\Documenti\github\Game
debug Found project root at C:\Users\Erasmo\Documenti\github\Game
debug In 'C:\Users\Erasmo\Documenti\github\Game\workers\unity', build/worker/UnityClient@Windows/UnityClient@Windows.exe [+assemblyName local_assembly +workerType UnityClient +infraServicesUrl http://127.0.0.1:21000 +projectName your_project_name_here -logfile external-default-unityclient.log]
info Mono path[0] = 'C:/Users/Erasmo/Documenti/github/Game/workers/unity/build/worker/UnityClient@Windows/UnityClient@Windows_Data/Managed'
info Mono path[1] = 'C:/Users/Erasmo/Documenti/github/Game/workers/unity/build/worker/UnityClient@Windows/UnityClient@Windows_Data/Mono'
info Mono config path = 'C:/Users/Erasmo/Documenti/github/Game/workers/unity/build/worker/UnityClient@Windows/UnityClient@Windows_Data/Mono/etc'
==========> Opened at 2017-11-23 14:38:00.132777 +0100 CET
debug Executing [spatial.exe worker_package unpack-to worker_sdk core-dynamic-x86-win32 C:\Users\Erasmo\Documents\GitHub\Game\workers\unity\Assets\Plugins\Improbable\CoreSdk\core-dynamic-x86-win32]
debug Current directory = C:\Users\Erasmo\Documents\GitHub\Game\workers\unity
debug Found project root at C:\Users\Erasmo\Documents\GitHub\Game
debug Found version '12.0.1' in file C:\Users\Erasmo\Documents\GitHub\Game\spatialos.json
debug Skipping extraction of [C:\Users\Erasmo\AppData\Local\.improbable\toolbelt\cache\worker_package\59edb0e1351b09eb2e4fe1f046530026d8b29af9\worker_sdk\12.0.1\core-dynamic-x86-win32.zip] to C:\Users\Erasmo\Documents\GitHub\Game\workers\unity\Assets\Plugins\Improbable\CoreSdk\core-dynamic-x86-win32. Nothing has changed.
info 'spatial.exe worker_package unpack-to worker_sdk core-dynamic-x86-win32 C:\Users\Erasmo\Documents\GitHub\Game\workers\unity\Assets\Plugins\Improbable\CoreSdk\core-dynamic-x86-win32' succeeded duration=0.1s category=success
==========> Opened at 2017-11-23 14:38:04.5000268 +0100 CET
debug Executing [spatial.exe worker_package unpack-to worker_sdk core-dynamic-x86_64-win32 C:\Users\Erasmo\Documents\GitHub\Game\workers\unity\Assets\Plugins\Improbable\CoreSdk\core-dynamic-x86_64-win32]
debug Current directory = C:\Users\Erasmo\Documents\GitHub\Game\workers\unity
debug Found project root at C:\Users\Erasmo\Documents\GitHub\Game
debug Found version '12.0.1' in file C:\Users\Erasmo\Documents\GitHub\Game\spatialos.json
debug Skipping extraction of [C:\Users\Erasmo\AppData\Local\.improbable\toolbelt\cache\worker_package\f5e3365f80a0fe506bd318da59d5ed108359925f\worker_sdk\12.0.1\core-dynamic-x86_64-win32.zip] to C:\Users\Erasmo\Documents\GitHub\Game\workers\unity\Assets\Plugins\Improbable\CoreSdk\core-dynamic-x86_64-win32. Nothing has changed.
info 'spatial.exe worker_package unpack-to worker_sdk core-dynamic-x86_64-win32 C:\Users\Erasmo\Documents\GitHub\Game\workers\unity\Assets\Plugins\Improbable\CoreSdk\core-dynamic-x86_64-win32' succeeded duration=0.2s category=success
info Player data archive not found at `C:/Users/Erasmo/Documenti/github/Game/workers/unity/build/worker/UnityClient@Windows/UnityClient@Windows_Data/data.unity3d`, using local filesystem
info 'spatial.exe worker launch UnityClient default' succeeded duration=1m:10s category=success
