2017-11-27 10:54:10,092 INFO  [i.deployment.InternalGameLauncher] [] [] [] : Parsed 362 internal flags at startup
2017-11-27 10:54:10,364 INFO  [i.deployment.InternalGameLauncher] [] [] [] : SpatialOS runtime version: 11-20171114T103507Z-cc9d195
2017-11-27 10:54:10,651 INFO  [i.c.c.f.FlagzFieldRegistryUpdater] [] [] [] : Initialized Fabric flagz registry with 11 set fields.
2017-11-27 10:54:11,817 INFO  [i.core.discovery.server.LocalServer] [] [] [] : Registered Service(improbable.fabric.internal.service.StatusDiscoveryInternalService) on 127.0.0.1:5301.
2017-11-27 10:54:11,818 INFO  [i.c.discovery.ServiceDiscoveryImpl] [] [] [] : Status discovery address: host: "127.0.0.1"
port: 5301

2017-11-27 10:54:11,853 INFO  [improbable.module.ModuleNode] [] [] [] : Starting Fabric node as master (IP: 127.0.0.1).
2017-11-27 10:54:11,871 INFO  [i.c.d.client.CheckpointDiscoveryImpl] [] [] [] : Reached a checkpoint: ALL_NODES_STARTED
2017-11-27 10:54:11,872 INFO  [improbable.module.ModuleNode] [] [] [] : Node master has started, waiting for other nodes to reach the same checkpoint.
2017-11-27 10:54:11,872 INFO  [improbable.module.ModuleNode] [] [] [] : All nodes have been started.
2017-11-27 10:54:11,883 INFO  [i.core.discovery.server.PublicServer] [] [] [] : Registered Service(improbable.platform.runtime.ModuleService) on 127.0.0.1:9000.
2017-11-27 10:54:11,903 INFO  [i.core.discovery.server.PublicServer] [] [] [] : Registered Service(improbable.platform.runtime.HealthCheckService) on 127.0.0.1:9001.
2017-11-27 10:54:11,919 INFO  [i.core.discovery.server.LocalServer] [] [] [] : Registered Service(improbable.fabric.internal.service.PerfInternalService) on 127.0.0.1:9002.
2017-11-27 10:54:11,934 INFO  [i.core.discovery.server.LocalServer] [] [] [] : Registered Service(improbable.fabric.internal.service.ContentionInternalService) on 127.0.0.1:9003.
2017-11-27 10:54:11,976 INFO  [i.core.discovery.server.PublicServer] [] [] [] : Registered Service(improbable.platform.runtime.FeatureService) on 127.0.0.1:9004.
2017-11-27 10:54:12,028 INFO  [i.c.config.flagz.WorkerFlagzUpdater] [] [] [] : Initialized worker flagz registry with 0 set fields.
2017-11-27 10:54:12,030 INFO  [improbable.module.ModuleNode] [] [] [] : Using master node configuration loader.
2017-11-27 10:54:12,046 INFO  [i.core.discovery.server.LocalServer] [] [] [] : Registered Service(improbable.fabric.internal.service.NodeConfigurationInternalService) on 127.0.0.1:9005.
2017-11-27 10:54:12,075 INFO  [i.c.c.n.MasterNodeConfigurationLoader] [] [] [] : Using roles [MASTER, GSIM, BRIDGE, WORKER_RUNNER, INSPECTION] for node node_id {
  deployment_id {
    project_id {
      name: "beta_oscar_bacon_891"
    }
    name: "local"
  }
  name: "master"
}
private_ip: "127.0.0.1"
roles: MASTER
roles: GSIM
roles: BRIDGE
roles: WORKER_RUNNER
roles: INSPECTION

2017-11-27 10:54:12,134 INFO  [improbable.core.config.node.GsimGrid] [] [] [] : Created gsim grid configuration of size (1500, 1500) with 1 columns and 1 rows, using gsims of (30, 30) chunks.
2017-11-27 10:54:12,160 INFO  [i.c.c.n.MasterNodeConfigurationLoader] [] [] [] : Original deployment module configuration (before parsing): {deployment_id {
  project_id {
    name: "beta_oscar_bacon_891"
  }
  name: "local"
}
name: "master"
=[ProfilingModule, BridgeModuleOracleModule, BridgeOracleModule, PersistenceModule, ReceptionistModule, RouterModule, GSimModule, BridgeModule, EngineStartupModule, InspectionRestModule]}
2017-11-27 10:54:12,186 INFO  [i.c.c.n.MasterNodeConfigurationLoader] [] [] [] : Master successfully loaded configurations for 1 node(s).
2017-11-27 10:54:12,196 INFO  [improbable.module.ModuleNode] [] [] [] : Loaded node configuration: node_id {
  deployment_id {
    project_id {
      name: "beta_oscar_bacon_891"
    }
    name: "local"
  }
  name: "master"
}
gsim_configurations {
  extent {
    bottom_left {
      x_in_chunks: -15
      z_in_chunks: -15
    }
    top_right {
      x_in_chunks: 15
      z_in_chunks: 15
    }
  }
}
start_router: true
start_bridge_oracle: true
start_bridge_module_oracle: true
start_engine_startup_module: true
start_receptionist_service: true
start_inspection_rest_module: true
start_snapshot_service: true
start_profiling_module: true
bridge_modules: "BridgeModule"
gsim_modules: "GSimModule"

2017-11-27 10:54:12,197 INFO  [improbable.module.ModuleNode] [] [] [] : Using master world extents provider.
2017-11-27 10:54:12,225 INFO  [i.core.discovery.server.LocalServer] [] [] [] : Registered Service(improbable.fabric.internal.service.WorldExtentsInternalService) on 127.0.0.1:9006.
2017-11-27 10:54:12,228 INFO  [i.c.world.MasterWorldExtentsProvider] [] [] [] : Successfully initialized world extents with 1 rectangle(s).
2017-11-27 10:54:12,243 INFO  [improbable.module.ModuleNode] [] [] [] : Loaded world extents: WorldExtents{proto=rectangles {
  bottom_left {
    x: -750.0
    z: -750.0
  }
  top_right {
    x: 750.0
    z: 750.0
  }
  is_fully_simulated: true
  responsible_gsim_id {
  }
}
bounding_rectangle {
  bottom_left {
    x: -750.0
    z: -750.0
  }
  top_right {
    x: 750.0
    z: 750.0
  }
  is_fully_simulated: true
}
}
2017-11-27 10:54:12,460 INFO  [i.e.schema.ParsedFileDescriptorSet] [] [] [] : Parsed file descriptors of 13 proto files.
2017-11-27 10:54:12,508 INFO  [i.entity.schema.SchemaFactory] [] [] [] : Found components: [improbable.core.PlayerCreation, improbable.player.PlayerInput, improbable.player.Health, improbable.core.ClientAuthorityCheck, improbable.EntityAcl, improbable.Metadata, improbable.Position, improbable.Persistence, improbable.core.Rotation, improbable.player.Score, improbable.player.ClientConnection]
2017-11-27 10:54:12,522 INFO  [i.entity.schema.SchemaFactory] [] [] [] : Found components: [improbable.player.Health, improbable.core.PlayerCreation, improbable.internal.EntityAuthority, improbable.player.PlayerInput, improbable.core.ClientAuthorityCheck, improbable.EntityAcl, improbable.Metadata, improbable.Position, improbable.Persistence, improbable.player.Score, improbable.player.ClientConnection, improbable.core.Rotation]
2017-11-27 10:54:12,523 INFO  [improbable.module.ModuleNode] [] [] [] : Successfully loaded schema for entities
2017-11-27 10:54:12,525 INFO  [improbable.module.ModuleNode] [] [] [] : Validating snapshot at startup and determining max entity id
2017-11-27 10:54:12,536 INFO  [i.p.s.storage.LegacySnapshotStorage] [] [] [] : Requesting download URL for Snapshot(local@latest) matching []
2017-11-27 10:54:12,561 INFO  [i.p.s.storage.LegacySnapshotStorage] [] [] [] : Downloading snapshot from http://127.0.0.1:21000/snapshots/20171127105400598
2017-11-27 10:54:12,604 INFO  [improbable.module.ModuleNode] [] [] [] : Determined the first entity id for the id assigner as 12
2017-11-27 10:54:12,610 INFO  [i.core.discovery.server.LocalServer] [] [] [] : Registered Service(improbable.fabric.internal.service.EntityIdInternalService) on 127.0.0.1:9007.
2017-11-27 10:54:12,636 INFO  [i.core.discovery.server.LocalServer] [] [] [] : Registered Service(improbable.fabric.internal.service.WorkerPrestartRegistryInternalService) on 127.0.0.1:9008.
2017-11-27 10:54:12,647 INFO  [i.core.discovery.server.LocalServer] [] [] [] : Registered Service(improbable.fabric.internal.service.RouterLookupInternalService) on 127.0.0.1:9009.
2017-11-27 10:54:12,648 INFO  [i.module.router.ActorSystemFactory$] [] [] [] : Attempting to create ActorSystem akkaFabric with configRecord akkaFabric
2017-11-27 10:54:12,945 INFO  [i.c.d.g.GlobalServiceDiscoveryImpl] [] [] [] : Global service discovery refreshed 11 server(s) (previously: 0)
2017-11-27 10:54:12,945 INFO  [i.c.d.g.GlobalCheckpointDiscoveryImpl] [] [] [] : Global checkpoint discovery refreshed checkpoints.
2017-11-27 10:54:13,187 INFO  [akka.event.slf4j.Slf4jLogger] [] [] [] : Slf4jLogger started
2017-11-27 10:54:15,484 INFO  [i.l.params.LoadbalancerParamsFactory] [] [] [] : Parsed 1 worker loadbalancing configuration(s)
2017-11-27 10:54:15,491 INFO  [i.l.params.LoadbalancerParamsFactory] [] [] [] : Successfully loaded loadbalancing configurations: {UnityWorker=improbable.loadbalancing.params.AutoHexGridLoadbalancerParams@44173c2b}
2017-11-27 10:54:15,667 INFO  [improbable.module.ModuleNode] [] [] [] : Loaded worker assemblies: [worker_assembly_id {
  assembly_id {
    project_id {
      name: "beta_oscar_bacon_891"
    }
    name: "local_assembly"
  }
  name {
    name: "UnityClient"
  }
}
bridge_configuration {
  worker_attribute_set {
    attribute {
      name: "visual"
    }
  }
  entity_interest {
    range_entity_interest {
      radius: 200.0
    }
  }
  component_delivery {
    checkout_all_initially: true
  }
}
, worker_assembly_id {
  assembly_id {
    project_id {
      name: "beta_oscar_bacon_891"
    }
    name: "local_assembly"
  }
  name {
    name: "UnityWorker"
  }
}
worker_launch_configuration {
  platform: WINDOWS
  worker_zip {
    command: "UnityWorker@Windows.exe"
    argument: "+projectName"
    argument: "${IMPROBABLE_PROJECT_NAME}"
    argument: "+receptionistIp"
    argument: "${IMPROBABLE_RECEPTIONIST_HOST}"
    argument: "+receptionistPort"
    argument: "${IMPROBABLE_RECEPTIONIST_PORT}"
    argument: "+workerType"
    argument: "${IMPROBABLE_WORKER_NAME}"
    argument: "+workerId"
    argument: "${IMPROBABLE_WORKER_ID}"
    argument: "+useInternalIpForBridge"
    argument: "true"
    argument: "+infraServicesUrl"
    argument: "${IMPROBABLE_API_URL}"
    argument: "+assemblyName"
    argument: "${IMPROBABLE_ASSEMBLY_NAME}"
    argument: "+linkProtocol"
    argument: "RakNet"
    argument: "-logfile"
    argument: "${IMPROBABLE_LOG_FILE}"
    argument: "-batchmode"
    argument: "-nographics"
    worker_location {
      filename: "UnityWorker@Windows.zip"
    }
  }
}
worker_launch_configuration {
  platform: MACOS
  worker_zip {
    command: "UnityWorker@Mac.app/Contents/MacOS/UnityWorker@Mac"
    argument: "+projectName"
    argument: "${IMPROBABLE_PROJECT_NAME}"
    argument: "+receptionistIp"
    argument: "${IMPROBABLE_RECEPTIONIST_HOST}"
    argument: "+receptionistPort"
    argument: "${IMPROBABLE_RECEPTIONIST_PORT}"
    argument: "+workerType"
    argument: "${IMPROBABLE_WORKER_NAME}"
    argument: "+workerId"
    argument: "${IMPROBABLE_WORKER_ID}"
    argument: "+useInternalIpForBridge"
    argument: "true"
    argument: "+infraServicesUrl"
    argument: "${IMPROBABLE_API_URL}"
    argument: "+assemblyName"
    argument: "${IMPROBABLE_ASSEMBLY_NAME}"
    argument: "+linkProtocol"
    argument: "RakNet"
    argument: "-logfile"
    argument: "${IMPROBABLE_LOG_FILE}"
    argument: "-batchmode"
    argument: "-nographics"
    worker_location {
      filename: "UnityWorker@Mac.zip"
    }
  }
}
worker_launch_configuration {
  platform: LINUX
  worker_zip {
    command: "UnityWorker@Linux"
    argument: "+projectName"
    argument: "${IMPROBABLE_PROJECT_NAME}"
    argument: "+receptionistIp"
    argument: "${IMPROBABLE_RECEPTIONIST_HOST}"
    argument: "+receptionistPort"
    argument: "${IMPROBABLE_RECEPTIONIST_PORT}"
    argument: "+workerType"
    argument: "${IMPROBABLE_WORKER_NAME}"
    argument: "+workerId"
    argument: "${IMPROBABLE_WORKER_ID}"
    argument: "+useInternalIpForBridge"
    argument: "true"
    argument: "+infraServicesUrl"
    argument: "${IMPROBABLE_API_URL}"
    argument: "+assemblyName"
    argument: "${IMPROBABLE_ASSEMBLY_NAME}"
    argument: "+linkProtocol"
    argument: "RakNet"
    argument: "-logfile"
    argument: "${IMPROBABLE_LOG_FILE}"
    argument: "-batchmode"
    argument: "-nographics"
    worker_location {
      filename: "UnityWorker@Linux.zip"
    }
  }
}
bridge_configuration {
  worker_attribute_set {
    attribute {
      name: "physics"
    }
  }
  entity_interest {
    range_entity_interest {
      radius: 200.0
    }
  }
  component_delivery {
    checkout_all_initially: true
  }
}
]
2017-11-27 10:54:15,673 INFO  [i.w.assembly.WorkerAssemblyProvider] [] [] [] : Worker configuration for 'UnityClient' does not contain a launch configuration for the current platform 'WINDOWS', so Fabric will not start any managed workers of this type
2017-11-27 10:54:15,675 INFO  [i.w.assembly.WorkerAssemblyProvider] [] [] [] : The following worker configurations do not contain valid managed launch configurations for the current platform WINDOWS, and the runtime will be unable to launch managed workers of this type: [UnityClient]. This is expected for worker types you intend to only connect manually.
2017-11-27 10:54:15,676 INFO  [i.w.a.WorkerAssemblyProviderFactory] [] [] [] : Loaded worker assemblies for these workers types: UnityClient, UnityWorker.
2017-11-27 10:54:15,682 INFO  [i.w.permissions.PermissionsFactory] [] [] [] : Created permissions manager with permissions: {UnityWorker=Permissions{{/sys/CreateEntity=, /sys/DeleteEntity=, /sys/EntityQuery={"component":["*"]}}}, UnityClient=Permissions{{/sys/EntityQuery={"component":[]}}}}
2017-11-27 10:54:19,941 INFO  [improbable.module.ModuleNode] [] [] [] : Starting router on master
2017-11-27 10:54:19,958 INFO  [i.core.discovery.server.LocalServer] [] [] [] : Registered Service(improbable.fabric.internal.service.RouterInternalService) on 127.0.0.1:9010.
2017-11-27 10:54:19,960 INFO  [i.c.m.r.RouterInternalServiceImpl] [] [] [] : Attempting to register RouterInternalServiceImpl with RouterLookupInternalService.
2017-11-27 10:54:19,987 INFO  [i.c.m.r.l.RouterLookupInternalServiceImpl] [] [] [] : 1/1 router modules started
2017-11-27 10:54:19,990 INFO  [i.c.m.r.RouterInternalServiceImpl] [] [] [] : Registered RouterInternalServiceImpl with RouterLookupInternalService.
2017-11-27 10:54:19,995 INFO  [improbable.module.ModuleNode] [] [] [] : Attempting to get addresses of all RouterModules from master node
2017-11-27 10:54:20,018 INFO  [improbable.module.ModuleNode] [] [] [] : Got all RouterModules from master node
2017-11-27 10:54:20,065 INFO  [i.core.discovery.server.LocalServer] [] [] [] : Registered Service(improbable.fabric.internal.service.RemoteMessageInternalService) on 127.0.0.1:9011.
2017-11-27 10:54:20,108 INFO  [i.core.discovery.server.LocalServer] [] [] [] : Registered Service(improbable.fabric.internal.service.LocalBrokerInternalService) on 127.0.0.1:9012.
2017-11-27 10:54:20,126 INFO  [improbable.module.ModuleNode] [] [] [] : Waiting for all router modules in the deployment to have started
2017-11-27 10:54:20,135 INFO  [improbable.module.ModuleNode] [] [] [] : All router modules in the deployment started
2017-11-27 10:54:20,329 INFO  [org.eclipse.jetty.server.Server] [] [] [] : jetty-8.y.z-SNAPSHOT
2017-11-27 10:54:20,402 INFO  [o.e.jetty.server.AbstractConnector] [] [] [] : Started SelectChannelConnector@0.0.0.0:5006
2017-11-27 10:54:20,404 INFO  [improbable.http.ServletContainer$] [] [] [] : Servlet container started
2017-11-27 10:54:20,407 INFO  [improbable.module.ModuleNode] [] [] [] : Starting BridgeOracle on master
2017-11-27 10:54:20,435 INFO  [improbable.module.ModuleNode] [] [] [] : Waiting for the BridgeOracle to have started
2017-11-27 10:54:20,767 INFO  [i.c.d.g.GlobalServiceDiscoveryImpl] [] [] [] : Global service discovery refreshed 14 server(s) (previously: 11)
2017-11-27 10:54:20,805 INFO  [i.core.discovery.server.LocalServer] [] [] [] : Registered Service(improbable.fabric.internal.service.BridgeOracleInternalService) on 127.0.0.1:9013.
2017-11-27 10:54:21,761 INFO  [i.c.d.g.GlobalServiceDiscoveryImpl] [] [] [] : Global service discovery refreshed 15 server(s) (previously: 14)
2017-11-27 10:54:21,762 INFO  [improbable.module.ModuleNode] [] [] [] : Received BridgeOracle started
2017-11-27 10:54:21,780 INFO  [i.core.discovery.server.LocalServer] [] [] [] : Registered Service(improbable.fabric.internal.service.GlobalBrokerInternalService) on 127.0.0.1:9014.
2017-11-27 10:54:21,783 INFO  [improbable.module.ModuleNode] [] [] [] : Waiting for the BridgeModuleOracle to have started
2017-11-27 10:54:21,790 INFO  [i.c.a.e.ExtensibleActorReporter] [] [] [] : Started BridgeModuleOracleActor(Actor[akka://akkaFabric/user/BridgeModuleOracleModule#-2040362358]).
2017-11-27 10:54:21,804 INFO  [i.core.discovery.server.LocalServer] [] [] [] : Registered Service(improbable.fabric.internal.service.BridgeServiceOracleInternalService) on 127.0.0.1:9015.
2017-11-27 10:54:22,760 INFO  [i.c.d.g.GlobalServiceDiscoveryImpl] [] [] [] : Global service discovery refreshed 17 server(s) (previously: 15)
2017-11-27 10:54:22,761 INFO  [improbable.module.ModuleNode] [] [] [] : Received BridgeModuleOracle started
2017-11-27 10:54:22,772 INFO  [improbable.module.ModuleNode] [] [] [] : Starting gsim GSimModule
2017-11-27 10:54:22,784 INFO  [improbable.module.ModuleNode] [] [] [] : Waiting for 1 entity query service(s) to start.
2017-11-27 10:54:22,789 INFO  [i.bridge.oracle.scaling.WorkerScaler] [] [] [] : Skipping reconciliation because no WorkerRunner service is available. This message is expected at startup but should not persist through the deployment
2017-11-27 10:54:22,808 INFO  [i.core.discovery.server.LocalServer] [] [] [] : Registered Service(improbable.fabric.internal.service.LocalSnapshotInternalService) on 127.0.0.1:9016.
2017-11-27 10:54:22,859 INFO  [i.p.gsim.GSimPersistenceWriter] [] [] [] : Transitioning GSimPersistenceActor(0) from State [Idle] to [Idle].  Time Elapsed: 2 milliseconds
2017-11-27 10:54:22,868 INFO  [i.core.discovery.server.PublicServer] [] [] [] : Registered Service(improbable.fabric.internal.service.ScalingStatsInternalService) on 127.0.0.1:9017.
2017-11-27 10:54:22,899 INFO  [i.core.discovery.server.LocalServer] [] [] [] : Registered Service(improbable.fabric.internal.service.EntityQueryInternalService) on 127.0.0.1:9018.
2017-11-27 10:54:23,831 INFO  [i.c.d.g.GlobalServiceDiscoveryImpl] [] [] [] : Global service discovery refreshed 20 server(s) (previously: 17)
2017-11-27 10:54:23,834 INFO  [improbable.module.ModuleNode] [] [] [] : All 1 entity query service(s) have started.
2017-11-27 10:54:23,835 INFO  [improbable.module.ModuleNode] [] [] [] : Creating entity query client.
2017-11-27 10:54:23,854 INFO  [improbable.module.ModuleNode] [] [] [] : Entity query client created with directory: EntityQueryServiceDirectory{allServices=[EntityQueryInternalServiceInfo{address=host: "127.0.0.1"
port: 9018
, extent=Rectangle{minX=-750.0, minZ=-750.0, maxX=750.0, maxZ=750.0}, isLocal=true}], localServices=[EntityQueryInternalServiceInfo{address=host: "127.0.0.1"
port: 9018
, extent=Rectangle{minX=-750.0, minZ=-750.0, maxX=750.0, maxZ=750.0}, isLocal=true}], remoteServices=[]}
2017-11-27 10:54:23,866 INFO  [improbable.module.ModuleNode] [] [] [] : Waiting for 1 bridge service(s) to start.
2017-11-27 10:54:23,899 INFO  [i.c.a.e.ExtensibleActorReporter] [] [] [] : Started BridgeModuleActor(Actor[akka://akkaFabric/user/BridgeModule:9bee3ae3-a70f-447e-bf14-b68aafb34995#1696757450]).
2017-11-27 10:54:23,936 INFO  [i.core.discovery.server.LocalServer] [] [] [] : Registered Service(improbable.fabric.internal.service.BridgeInternalService) on 127.0.0.1:9019.
2017-11-27 10:54:23,940 INFO  [i.module.bridge.BridgeModuleActor] [] [] [] : Waiting for BridgeModuleOracle service to be available
2017-11-27 10:54:23,965 INFO  [i.module.bridge.BridgeModuleActor] [] [] [] : Registered(BridgeModuleEndpoint(9bee3ae3-a70f-447e-bf14-b68aafb34995)) on BridgeModuleOracleService
2017-11-27 10:54:24,769 INFO  [i.c.d.g.GlobalServiceDiscoveryImpl] [] [] [] : Global service discovery refreshed 21 server(s) (previously: 20)
2017-11-27 10:54:24,770 INFO  [improbable.module.ModuleNode] [] [] [] : All 1 bridge service(s) have started.
2017-11-27 10:54:24,771 INFO  [improbable.module.ModuleNode] [] [] [] : Starting WorkerRunner service (EngineStartupModule)
2017-11-27 10:54:24,778 INFO  [improbable.worker.exec.WorkerStats] [] [] [] : Cannot read /proc/self/stat; worker stats reporting will not work.
2017-11-27 10:54:24,789 INFO  [i.bridge.oracle.scaling.WorkerScaler] [] [] [] : Skipping reconciliation because no WorkerRunner service is available. This message is expected at startup but should not persist through the deployment
2017-11-27 10:54:24,800 INFO  [i.core.discovery.server.PublicServer] [] [] [] : Registered Service(improbable.platform.inner.worker.WorkerRunner) on 127.0.0.1:9020.
2017-11-27 10:54:24,816 INFO  [i.core.discovery.server.LocalServer] [] [] [] : Registered Service(improbable.fabric.internal.service.ReceptionistInternalService) on 127.0.0.1:9021.
2017-11-27 10:54:24,826 INFO  [i.core.discovery.server.PublicServer] [] [] [] : Registered Service(improbable.platform.runtime.ReceptionistService) on 127.0.0.1:7777.
2017-11-27 10:54:24,828 INFO  [improbable.module.ModuleNode] [] [] [] : Starting InspectionRestModule
2017-11-27 10:54:24,833 INFO  [improbable.module.ModuleNode] [] [] [] : Starting ProfilingModule
2017-11-27 10:54:24,835 INFO  [i.c.d.client.CheckpointDiscoveryImpl] [] [] [] : Reached a checkpoint: ALL_MODULES_STARTED
2017-11-27 10:54:24,836 INFO  [improbable.module.ModuleNode] [] [] [] : All modules on this node started, waiting for other nodes to reach the same checkpoint.
2017-11-27 10:54:24,852 INFO  [i.c.a.e.ExtensibleActorReporter] [] [] [] : Started ProfilingModuleActor(Actor[akka://akkaFabric/user/ProfilingModule#935295150]).
2017-11-27 10:54:24,854 INFO  [i.core.discovery.server.LocalServer] [] [] [] : Registered Service(improbable.fabric.internal.debug.HeatmapCellCacheInternalService) on 127.0.0.1:9022.
2017-11-27 10:54:24,891 INFO  [i.core.discovery.server.PublicServer] [] [] [] : Registered Service(improbable.platform.runtime.InspectionService) on 127.0.0.1:9023.
2017-11-27 10:54:24,951 INFO  [i.c.a.e.ExtensibleActorReporter] [] [] [] : Started InspectionRestModuleActor(Actor[akka://akkaFabric/user/InspectionRestModule#713689301]).
2017-11-27 10:54:25,444 INFO  [spray.can.server.HttpListener] [akka://akkaFabric/user/IO-HTTP/listener-0] [akkaFabric-akka.actor.default-dispatcher-5] [] : Bound to /0.0.0.0:5005
2017-11-27 10:54:25,766 INFO  [i.c.d.g.GlobalCheckpointDiscoveryImpl] [] [] [] : Global checkpoint discovery refreshed checkpoints.
2017-11-27 10:54:25,766 INFO  [improbable.module.ModuleNode] [] [] [] : All modules on all nodes have been started.
2017-11-27 10:54:25,766 INFO  [improbable.module.ModuleNode] [] [] [] : Loading a snapshot.
2017-11-27 10:54:25,773 INFO  [i.c.d.g.GlobalServiceDiscoveryImpl] [] [] [] : Global service discovery refreshed 26 server(s) (previously: 21)
2017-11-27 10:54:25,790 INFO  [i.p.g.GSimPersistenceLoadOrchestrator] [] [] [] : Loading snapshot on GSim(0).
2017-11-27 10:54:25,791 INFO  [i.p.s.storage.LegacySnapshotStorage] [] [] [] : Requesting download URL for Snapshot(local@latest) matching []
2017-11-27 10:54:25,802 INFO  [i.p.s.storage.LegacySnapshotStorage] [] [] [] : Downloading snapshot from http://127.0.0.1:21000/snapshots/20171127105400598
2017-11-27 10:54:25,811 INFO  [i.p.gsim.GSimPersistenceLoader] [] [] [] : Loading snapshot
2017-11-27 10:54:25,872 INFO  [i.p.g.GSimPersistenceLoadOrchestrator] [] [] [] : Loaded 11 entities on GSim(0).
2017-11-27 10:54:25,918 INFO  [i.p.c.PersistenceLoaderCoordinatorActor] [] [] [] : All Snapshots loaded.
2017-11-27 10:54:25,924 INFO  [improbable.module.ModuleNode] [] [] [] : Snapshot has been loaded.
2017-11-27 10:54:25,929 INFO  [improbable.module.ModuleNode] [] [] [] : Starting SnapshotService.
2017-11-27 10:54:25,957 INFO  [i.core.discovery.server.PublicServer] [] [] [] : Registered Service(improbable.platform.runtime.SnapshotService) on 127.0.0.1:9024.
2017-11-27 10:54:25,962 INFO  [i.c.d.client.CheckpointDiscoveryImpl] [] [] [] : Reached a checkpoint: LOAD_SNAPSHOT_FINISHED
2017-11-27 10:54:25,964 INFO  [improbable.module.ModuleNode] [] [] [] : SpatialOS runtime startup complete.
2017-11-27 10:54:25,988 INFO  [i.l.params.LoadbalancerParamsFactory] [] [] [] : LoadbalancerParams for worker type [UnityWorker]: [AutoHexGridLoadbalancerParams{energyLimitingEnabled=true, energyLimit=1.0E9, minWorkerRange=1500.0, maxWorkerRange=1500.0, maxWorkerStepSize=0.0, workerExpansionTimeMs=60000, workerGridSize=0, loadbalancerEnabled=false, hexGridMode=AUTO, scalerAdvisorType=CONSTANT, maxWorkers=1, initialWorkers=1, numEntitiesPerWorker=9223372036854775807, statusReportPeriodMs=30000, pointsOfInterestEnabled=false, hexGridSolution=AutoValue_HexGridSolution{workersUsed=1, hexagonEdgeLength=1500.0, hexagonOrientation=POINTY_TOP, bounds=Rectangle{minX=-750.0, minZ=-750.0, maxX=750.0, maxZ=750.0}}, pointsOfInterestSolution=Empty}]
2017-11-27 10:54:26,761 INFO  [i.c.d.g.GlobalCheckpointDiscoveryImpl] [] [] [] : Global checkpoint discovery refreshed checkpoints.
2017-11-27 10:54:26,763 INFO  [i.c.d.g.GlobalServiceDiscoveryImpl] [] [] [] : Global service discovery refreshed 27 server(s) (previously: 26)
2017-11-27 10:54:26,887 INFO  [i.b.o.m.BridgeOracleWorkerManager] [] [] [] : Trying to start managed worker UnityWorker0
2017-11-27 10:54:26,909 INFO  [i.bridge.oracle.scaling.WorkerScaler] [] [] [] : Starting 1 new managed workers for attribute_set {
  attribute: "physics"
}
 (required: 1, existing: 0)
2017-11-27 10:54:26,914 INFO  [i.worker.exec.WorkerStartupExecutor] [] [] [] : Awaiting internal receptionist service to register with service discovery
2017-11-27 10:54:26,918 INFO  [i.worker.exec.WorkerStartupExecutor] [] [] [] : Successfully found the internal receptionist service in service discovery
2017-11-27 10:54:26,921 INFO  [i.worker.exec.WorkerStartupExecutor] [] [] [] : Awaiting public receptionist service to register with service discovery
2017-11-27 10:54:26,923 INFO  [i.worker.exec.WorkerStartupExecutor] [] [] [] : Successfully found the public receptionist service in service discovery
2017-11-27 10:54:32,624 INFO  [i.worker.exec.WorkerStartupExecutor] [] [] [] : Created log file for worker UnityWorker0, type (UnityWorker): [C:\Users\Erasmo\Documents\GitHub\Game\logs\2017-11-27_10-54-03_0\workers\UnityWorker\UnityWorker0-5471260647984405830.log]
2017-11-27 10:54:32,626 INFO  [i.worker.exec.CommandLineExecutor] [] [] [] : Running command: C:\Users\Erasmo\AppData\Local\Temp\zip-downloader8700963870606254908\e7f012360600435f409a9aa9c5fc78a9\UnityWorker@Windows.exe +projectName beta_oscar_bacon_891 +receptionistIp 127.0.0.1 +receptionistPort 7777 +workerType UnityWorker +workerId UnityWorker0 +useInternalIpForBridge true +infraServicesUrl http://127.0.0.1:21000 +assemblyName local_assembly +linkProtocol RakNet -logfile C:\Users\Erasmo\Documents\GitHub\Game\logs\2017-11-27_10-54-03_0\workers\UnityWorker\UnityWorker0-5471260647984405830.log -batchmode -nographics
2017-11-27 10:54:33,526 INFO  [i.b.s.BridgeServicePicker] [] [] [] : Attempting to get positionHint for UnityWorker0 via rpc
2017-11-27 10:54:33,537 INFO  [i.b.s.BridgeServicePicker] [] [] [] : Selected legacy_guid: "9bee3ae3-a70f-447e-bf14-b68aafb34995"
address {
  host: "127.0.0.1"
  port: 9019
}
 with position  which is the nearest bridge service to position (0.0, 0.0, 0.0)
2017-11-27 10:54:33,545 INFO  [i.m.b.o.m.BridgeModuleOracleActor] [] [] [] : BridgeServicePicker returned module Optional[legacy_guid: "9bee3ae3-a70f-447e-bf14-b68aafb34995"
address {
  host: "127.0.0.1"
  port: 9019
}
] with load Optional[BridgeModuleLoadBalanceInfo((0.0, 0.0, 0.0),0)].get().toString() for Engine(UnityWorker0)
2017-11-27 10:54:33,920 INFO  [i.b.i.BridgeInternalServiceImpl] [] [] [] : Bridge worker_id: "UnityWorker0"
 registered with bridge internal service
2017-11-27 10:54:33,929 INFO  [i.b.o.s.BridgeOracleInternalServiceImpl] [] [] [] : Got bridge started rpc from bridge: worker_id: "UnityWorker0"

2017-11-27 10:54:33,930 INFO  [i.b.o.s.BridgeOracleInternalServiceImpl] [] [] [] : The worker UnityWorker0 registered with SpatialOS successfully.
2017-11-27 10:54:33,930 INFO  [i.module.bridge.oracle.BridgeOracle] [] [] [] : Sending bridge started to self for bridge endpoint BridgeOracleEndpoint
2017-11-27 10:54:33,933 INFO  [i.module.bridge.oracle.BridgeOracle] [] [] [] : Bridge(UnityWorker0) started.
2017-11-27 10:54:33,938 INFO  [i.b.o.m.BridgeOracleWorkerManager] [] [] [] : Worker UnityWorker0 registered with the BridgeOracleWorker manager
2017-11-27 10:54:34,641 INFO  [i.b.n.raknet.GuardedRakPeerInterface] [] [] [] : New RakNet connection established with 127.0.0.1
2017-11-27 10:54:40,494 INFO  [i.b.s.BridgeServicePicker] [] [] [] : Attempting to get positionHint for UnityClient7e7fa905-5a1a-4a34-9c3b-bf0bedcd767a via rpc
2017-11-27 10:54:40,498 INFO  [i.b.s.BridgeServicePicker] [] [] [] : Starting UnityClient7e7fa905-5a1a-4a34-9c3b-bf0bedcd767a without a position hint, so using a random bridge service
2017-11-27 10:54:40,500 INFO  [i.m.b.o.m.BridgeModuleOracleActor] [] [] [] : BridgeServicePicker returned module Optional[legacy_guid: "9bee3ae3-a70f-447e-bf14-b68aafb34995"
address {
  host: "127.0.0.1"
  port: 9019
}
] with load Optional[BridgeModuleLoadBalanceInfo((0.0, 0.0, 0.0),1)].get().toString() for Engine(UnityClient7e7fa905-5a1a-4a34-9c3b-bf0bedcd767a)
2017-11-27 10:54:40,523 INFO  [i.l.params.LoadbalancerParamsFactory] [] [] [] : LoadbalancerParams for worker type [UnityClient]: [FlagzLoadbalancerParams{energyLimitingEnabled=true, energyLimit=1.0E9, minWorkerRange=Infinity, maxWorkerRange=Infinity, maxWorkerStepSize=50.0, workerExpansionTimeMs=60000, workerGridSize=5, loadbalancerEnabled=true, hexGridMode=OFF, scalerAdvisorType=ENTITY_COUNT, maxWorkers=25, initialWorkers=25, numEntitiesPerWorker=9223372036854775807, statusReportPeriodMs=2000, pointsOfInterestEnabled=false, hexGridSolution=Empty, pointsOfInterestSolution=Empty}]
2017-11-27 10:54:40,530 INFO  [i.b.i.BridgeInternalServiceImpl] [] [] [] : Bridge worker_id: "UnityClient7e7fa905-5a1a-4a34-9c3b-bf0bedcd767a"
 registered with bridge internal service
2017-11-27 10:54:40,535 INFO  [i.b.o.s.BridgeOracleInternalServiceImpl] [] [] [] : Got bridge started rpc from bridge: worker_id: "UnityClient7e7fa905-5a1a-4a34-9c3b-bf0bedcd767a"

2017-11-27 10:54:40,535 INFO  [i.b.o.s.BridgeOracleInternalServiceImpl] [] [] [] : The worker UnityClient7e7fa905-5a1a-4a34-9c3b-bf0bedcd767a registered with SpatialOS successfully.
2017-11-27 10:54:40,536 INFO  [i.module.bridge.oracle.BridgeOracle] [] [] [] : Sending bridge started to self for bridge endpoint BridgeOracleEndpoint
2017-11-27 10:54:40,536 INFO  [i.module.bridge.oracle.BridgeOracle] [] [] [] : Bridge(UnityClient7e7fa905-5a1a-4a34-9c3b-bf0bedcd767a) started.
2017-11-27 10:54:41,126 INFO  [i.b.n.raknet.GuardedRakPeerInterface] [] [] [] : New RakNet connection established with 127.0.0.1
2017-11-27 10:55:05,804 INFO  [i.b.s.BridgeServicePicker] [] [] [] : Attempting to get positionHint for UnityClient3c9738e6-fc90-40aa-a94a-508e8774319d via rpc
2017-11-27 10:55:05,805 INFO  [i.b.s.BridgeServicePicker] [] [] [] : Starting UnityClient3c9738e6-fc90-40aa-a94a-508e8774319d without a position hint, so using a random bridge service
2017-11-27 10:55:05,808 INFO  [i.m.b.o.m.BridgeModuleOracleActor] [] [] [] : BridgeServicePicker returned module Optional[legacy_guid: "9bee3ae3-a70f-447e-bf14-b68aafb34995"
address {
  host: "127.0.0.1"
  port: 9019
}
] with load Optional[BridgeModuleLoadBalanceInfo((0.0, 0.0, 0.0),2)].get().toString() for Engine(UnityClient3c9738e6-fc90-40aa-a94a-508e8774319d)
2017-11-27 10:55:05,839 INFO  [i.b.i.BridgeInternalServiceImpl] [] [] [] : Bridge worker_id: "UnityClient3c9738e6-fc90-40aa-a94a-508e8774319d"
 registered with bridge internal service
2017-11-27 10:55:05,841 INFO  [i.b.o.s.BridgeOracleInternalServiceImpl] [] [] [] : Got bridge started rpc from bridge: worker_id: "UnityClient3c9738e6-fc90-40aa-a94a-508e8774319d"

2017-11-27 10:55:05,842 INFO  [i.b.o.s.BridgeOracleInternalServiceImpl] [] [] [] : The worker UnityClient3c9738e6-fc90-40aa-a94a-508e8774319d registered with SpatialOS successfully.
2017-11-27 10:55:05,842 INFO  [i.module.bridge.oracle.BridgeOracle] [] [] [] : Sending bridge started to self for bridge endpoint BridgeOracleEndpoint
2017-11-27 10:55:05,843 INFO  [i.module.bridge.oracle.BridgeOracle] [] [] [] : Bridge(UnityClient3c9738e6-fc90-40aa-a94a-508e8774319d) started.
2017-11-27 10:55:06,435 INFO  [i.b.n.raknet.GuardedRakPeerInterface] [] [] [] : New RakNet connection established with 127.0.0.1
2017-11-27 10:55:31,522 ERROR [i.b.logging.EngineLogMessageHandler] [] [] [] : [Worker: UnityWorker0] NullReferenceException: Object reference not set to an instance of an object
 in Improbable.Collections.Option`1[Improbable.EntityId].get_Value ()
Assets.Gamelogic.Shoots.TakeDamage.OnTriggerEnter (UnityEngine.Collider other)
 -[WorkerLogger:Unity]
2017-11-27 10:55:58,826 ERROR [i.b.logging.EngineLogMessageHandler] [] [] [] : [Worker: UnityWorker0] NullReferenceException: Object reference not set to an instance of an object
 in Improbable.Collections.Option`1[Improbable.EntityId].get_Value ()
Assets.Gamelogic.Shoots.TakeDamage.OnTriggerEnter (UnityEngine.Collider other)
 -[WorkerLogger:Unity]
2017-11-27 10:57:32,982 ERROR [i.b.logging.EngineLogMessageHandler] [] [] [] : [Worker: UnityWorker0] NullReferenceException: Object reference not set to an instance of an object
 in Improbable.Collections.Option`1[Improbable.EntityId].get_Value ()
Assets.Gamelogic.Shoots.TakeDamage.OnTriggerEnter (UnityEngine.Collider other)
 -[WorkerLogger:Unity]
2017-11-27 10:58:13,371 INFO  [akka.actor.LocalActorRef] [akka://akkaFabric/user/GSimModule/EntityFactory/Entity-12/EntityUser-12] [akkaFabric-akka.actor.default-dispatcher-59] [] : Message [improbable.gsim.proxy.entity.StateUpdateWrapperMsg] from Actor[akka://akkaFabric/deadLetters] to Actor[akka://akkaFabric/user/GSimModule/EntityFactory/Entity-12/EntityUser-12#486609016] was not delivered. [1] dead letters encountered. This logging can be turned off or adjusted with configuration settings 'akka.log-dead-letters' and 'akka.log-dead-letters-during-shutdown'.
2017-11-27 10:58:13,481 INFO  [akka.actor.LocalActorRef] [akka://akkaFabric/user/GSimModule/EntityFactory/Entity-12/EntityUser-12] [akkaFabric-akka.actor.default-dispatcher-59] [] : Message [improbable.gsim.proxy.entity.StateUpdateWrapperMsg] from Actor[akka://akkaFabric/deadLetters] to Actor[akka://akkaFabric/user/GSimModule/EntityFactory/Entity-12/EntityUser-12#486609016] was not delivered. [2] dead letters encountered. This logging can be turned off or adjusted with configuration settings 'akka.log-dead-letters' and 'akka.log-dead-letters-during-shutdown'.
2017-11-27 10:58:13,496 INFO  [akka.actor.LocalActorRef] [akka://akkaFabric/user/GSimModule/EntityFactory/Entity-12/EntityUser-12] [akkaFabric-akka.actor.default-dispatcher-59] [] : Message [improbable.gsim.proxy.entity.StateUpdateWrapperMsg] from Actor[akka://akkaFabric/deadLetters] to Actor[akka://akkaFabric/user/GSimModule/EntityFactory/Entity-12/EntityUser-12#486609016] was not delivered. [3] dead letters encountered. This logging can be turned off or adjusted with configuration settings 'akka.log-dead-letters' and 'akka.log-dead-letters-during-shutdown'.
2017-11-27 10:58:13,506 INFO  [akka.actor.LocalActorRef] [akka://akkaFabric/user/GSimModule/EntityFactory/Entity-12/EntityUser-12] [akkaFabric-akka.actor.default-dispatcher-59] [] : Message [improbable.gsim.proxy.entity.StateUpdateWrapperMsg] from Actor[akka://akkaFabric/deadLetters] to Actor[akka://akkaFabric/user/GSimModule/EntityFactory/Entity-12/EntityUser-12#486609016] was not delivered. [4] dead letters encountered. This logging can be turned off or adjusted with configuration settings 'akka.log-dead-letters' and 'akka.log-dead-letters-during-shutdown'.
2017-11-27 10:58:13,506 INFO  [akka.actor.LocalActorRef] [akka://akkaFabric/user/GSimModule/EntityFactory/Entity-12/EntityUser-12] [akkaFabric-akka.actor.default-dispatcher-59] [] : Message [improbable.gsim.proxy.entity.StateUpdateWrapperMsg] from Actor[akka://akkaFabric/deadLetters] to Actor[akka://akkaFabric/user/GSimModule/EntityFactory/Entity-12/EntityUser-12#486609016] was not delivered. [5] dead letters encountered. This logging can be turned off or adjusted with configuration settings 'akka.log-dead-letters' and 'akka.log-dead-letters-during-shutdown'.
2017-11-27 10:58:13,444 WARN  [i.s.ExtendedClassResolver] [] [] [] : KryoId Warning: Kryo will be serializing class improbable.core.messaging.messages.RemotePayloads$LegacyKryoRemoteRequestPayload using full class names, which is very inefficient. Consider extending KryoSerializable to make Kryo use an autogenerated ID.
2017-11-27 10:58:13,509 INFO  [akka.actor.LocalActorRef] [akka://akkaFabric/user/GSimModule/EntityFactory/Entity-12/EntityUser-12] [akkaFabric-akka.actor.default-dispatcher-59] [] : Message [improbable.gsim.proxy.entity.StateUpdateWrapperMsg] from Actor[akka://akkaFabric/deadLetters] to Actor[akka://akkaFabric/user/GSimModule/EntityFactory/Entity-12/EntityUser-12#486609016] was not delivered. [6] dead letters encountered. This logging can be turned off or adjusted with configuration settings 'akka.log-dead-letters' and 'akka.log-dead-letters-during-shutdown'.
2017-11-27 10:58:13,413 INFO  [i.b.n.raknet.reporter.RakNetReporter] [] [] [] : Tried to send to RakNet(UnityClient) on Port(7001)14 after closing. Payload: component_update {
  entity_id: 13
  component_id: 54
  entity_c... (Logged every 1000 times)
2017-11-27 10:58:13,372 INFO  [i.b.n.BridgeActorTransportLinkListener] [] [] [] : TransportLinkListener(UnityClient7e7fa905-5a1a-4a34-9c3b-bf0bedcd767a) sending Disconnected to akka://akkaFabric/user/BridgeModule:9bee3ae3-a70f-447e-bf14-b68aafb34995/BridgeActor-UnityClient7e7fa905-5a1a-4a34-9c3b-bf0bedcd767a
2017-11-27 10:58:13,653 INFO  [i.b.i.BridgeInternalServiceImpl] [] [] [] : Bridge worker_id: "UnityClient7e7fa905-5a1a-4a34-9c3b-bf0bedcd767a"
 unregistered with bridge internal service
2017-11-27 10:58:13,654 INFO  [improbable.bridge.BridgeActor] [] [] [] : Bridge(UnityClient7e7fa905-5a1a-4a34-9c3b-bf0bedcd767a) on BridgeModuleEndpoint(9bee3ae3-a70f-447e-bf14-b68aafb34995) stopped.
2017-11-27 10:58:13,786 INFO  [i.module.bridge.oracle.BridgeOracle] [] [] [] : Sending bridge stopped to self for bridge endpoint BridgeEndpoint(UnityClient7e7fa905-5a1a-4a34-9c3b-bf0bedcd767a)
2017-11-27 10:58:13,787 INFO  [i.module.bridge.oracle.BridgeOracle] [] [] [] : Bridge(UnityClient7e7fa905-5a1a-4a34-9c3b-bf0bedcd767a) stopped.
2017-11-27 10:58:14,310 INFO  [i.b.client.BridgeServiceTaskRetrier] [] [] [] : An internal operation forwarding EntityCommandRequest for "entity_id: 12
component_id: 1003
" failed on the SpatialOS side of the connection to UnityWorker0 after 0 retries, is the deployment under heavy load?
io.grpc.StatusRuntimeException: DEADLINE_EXCEEDED
	at io.grpc.Status.asRuntimeException(Status.java:543) ~[fabric__runtime_deploy.jar:na]
	at io.grpc.stub.ClientCalls$UnaryStreamToFuture.onClose(ClientCalls.java:442) [fabric__runtime_deploy.jar:na]
	at io.grpc.ForwardingClientCallListener.onClose(ForwardingClientCallListener.java:56) [fabric__runtime_deploy.jar:na]
	at me.dinowernli.grpc.prometheus.MonitoringClientCallListener.onClose(MonitoringClientCallListener.java:50) [fabric__runtime_deploy.jar:na]
	at io.grpc.internal.ClientCallImpl.closeObserver(ClientCallImpl.java:426) [fabric__runtime_deploy.jar:na]
	at io.grpc.internal.ClientCallImpl.access$100(ClientCallImpl.java:76) [fabric__runtime_deploy.jar:na]
	at io.grpc.internal.ClientCallImpl$ClientStreamListenerImpl.close(ClientCallImpl.java:512) [fabric__runtime_deploy.jar:na]
	at io.grpc.internal.ClientCallImpl$ClientStreamListenerImpl.access$700(ClientCallImpl.java:429) [fabric__runtime_deploy.jar:na]
	at io.grpc.internal.ClientCallImpl$ClientStreamListenerImpl$1StreamClosed.runInContext(ClientCallImpl.java:544) [fabric__runtime_deploy.jar:na]
	at io.grpc.internal.ContextRunnable.run(ContextRunnable.java:52) [fabric__runtime_deploy.jar:na]
	at io.grpc.internal.SerializingExecutor.run(SerializingExecutor.java:117) [fabric__runtime_deploy.jar:na]
	at java.util.concurrent.ThreadPoolExecutor.runWorker(Unknown Source) [na:1.8.0_151]
	at java.util.concurrent.ThreadPoolExecutor$Worker.run(Unknown Source) [na:1.8.0_151]
	at java.lang.Thread.run(Unknown Source) [na:1.8.0_151]
2017-11-27 10:58:14,345 WARN  [i.b.commands.BridgeCommandHandler] [] [] [] : Failed to execute command entity_command_request {
  endpoint {
    entity_id: 12
    component_id: 1003
  }
  payload: "\332>\002\032\000"
}
 on UnityClient7e7fa905-5a1a-4a34-9c3b-bf0bedcd767a
improbable.bridge.commands.exception.CommandException: DEADLINE_EXCEEDED
	at improbable.bridge.commands.exception.CommandException.ofStatusRuntimeException(CommandException.java:76) ~[fabric__runtime_deploy.jar:na]
	at improbable.bridge.commands.exception.CommandException.of(CommandException.java:27) ~[fabric__runtime_deploy.jar:na]
	at improbable.bridge.client.BridgeInternalServiceClient.lambda$invokeCommand$2(BridgeInternalServiceClient.java:93) ~[fabric__runtime_deploy.jar:na]
	at com.google.common.util.concurrent.AbstractTransformFuture$TransformFuture.doTransform(AbstractTransformFuture.java:239) ~[fabric__runtime_deploy.jar:na]
	at com.google.common.util.concurrent.AbstractTransformFuture$TransformFuture.doTransform(AbstractTransformFuture.java:229) ~[fabric__runtime_deploy.jar:na]
	at com.google.common.util.concurrent.AbstractTransformFuture.run(AbstractTransformFuture.java:130) ~[fabric__runtime_deploy.jar:na]
	at com.google.common.util.concurrent.MoreExecutors$DirectExecutor.execute(MoreExecutors.java:399) ~[fabric__runtime_deploy.jar:na]
	at com.google.common.util.concurrent.AbstractFuture.executeListener(AbstractFuture.java:911) ~[fabric__runtime_deploy.jar:na]
	at com.google.common.util.concurrent.AbstractFuture.complete(AbstractFuture.java:822) ~[fabric__runtime_deploy.jar:na]
	at com.google.common.util.concurrent.AbstractFuture.set(AbstractFuture.java:664) ~[fabric__runtime_deploy.jar:na]
	at com.google.common.util.concurrent.AbstractCatchingFuture$CatchingFuture.setResult(AbstractCatchingFuture.java:210) ~[fabric__runtime_deploy.jar:na]
	at com.google.common.util.concurrent.AbstractCatchingFuture.run(AbstractCatchingFuture.java:138) ~[fabric__runtime_deploy.jar:na]
	at com.google.common.util.concurrent.MoreExecutors$DirectExecutor.execute(MoreExecutors.java:399) ~[fabric__runtime_deploy.jar:na]
	at com.google.common.util.concurrent.AbstractFuture.executeListener(AbstractFuture.java:911) ~[fabric__runtime_deploy.jar:na]
	at com.google.common.util.concurrent.AbstractFuture.complete(AbstractFuture.java:822) ~[fabric__runtime_deploy.jar:na]
	at com.google.common.util.concurrent.AbstractFuture.setException(AbstractFuture.java:686) ~[fabric__runtime_deploy.jar:na]
	at com.google.common.util.concurrent.AbstractTransformFuture.run(AbstractTransformFuture.java:112) ~[fabric__runtime_deploy.jar:na]
	at com.google.common.util.concurrent.MoreExecutors$DirectExecutor.execute(MoreExecutors.java:399) ~[fabric__runtime_deploy.jar:na]
	at com.google.common.util.concurrent.AbstractFuture.executeListener(AbstractFuture.java:911) ~[fabric__runtime_deploy.jar:na]
	at com.google.common.util.concurrent.AbstractFuture.complete(AbstractFuture.java:822) ~[fabric__runtime_deploy.jar:na]
	at com.google.common.util.concurrent.AbstractFuture.setException(AbstractFuture.java:686) ~[fabric__runtime_deploy.jar:na]
	at com.google.common.util.concurrent.SettableFuture.setException(SettableFuture.java:54) ~[fabric__runtime_deploy.jar:na]
	at improbable.bridge.client.BridgeServiceTaskRetrier.onFailure(BridgeServiceTaskRetrier.java:102) ~[fabric__runtime_deploy.jar:na]
	at com.google.common.util.concurrent.Futures$CallbackListener.run(Futures.java:1228) ~[fabric__runtime_deploy.jar:na]
	at com.google.common.util.concurrent.MoreExecutors$DirectExecutor.execute(MoreExecutors.java:399) ~[fabric__runtime_deploy.jar:na]
	at com.google.common.util.concurrent.AbstractFuture.executeListener(AbstractFuture.java:911) ~[fabric__runtime_deploy.jar:na]
	at com.google.common.util.concurrent.AbstractFuture.complete(AbstractFuture.java:822) ~[fabric__runtime_deploy.jar:na]
	at com.google.common.util.concurrent.AbstractFuture.setException(AbstractFuture.java:686) ~[fabric__runtime_deploy.jar:na]
	at io.grpc.stub.ClientCalls$GrpcFuture.setException(ClientCalls.java:466) ~[fabric__runtime_deploy.jar:na]
	at io.grpc.stub.ClientCalls$UnaryStreamToFuture.onClose(ClientCalls.java:442) ~[fabric__runtime_deploy.jar:na]
	at io.grpc.ForwardingClientCallListener.onClose(ForwardingClientCallListener.java:56) ~[fabric__runtime_deploy.jar:na]
	at me.dinowernli.grpc.prometheus.MonitoringClientCallListener.onClose(MonitoringClientCallListener.java:50) ~[fabric__runtime_deploy.jar:na]
	at io.grpc.internal.ClientCallImpl.closeObserver(ClientCallImpl.java:426) ~[fabric__runtime_deploy.jar:na]
	at io.grpc.internal.ClientCallImpl.access$100(ClientCallImpl.java:76) ~[fabric__runtime_deploy.jar:na]
	at io.grpc.internal.ClientCallImpl$ClientStreamListenerImpl.close(ClientCallImpl.java:512) ~[fabric__runtime_deploy.jar:na]
	at io.grpc.internal.ClientCallImpl$ClientStreamListenerImpl.access$700(ClientCallImpl.java:429) ~[fabric__runtime_deploy.jar:na]
	at io.grpc.internal.ClientCallImpl$ClientStreamListenerImpl$1StreamClosed.runInContext(ClientCallImpl.java:544) ~[fabric__runtime_deploy.jar:na]
	at io.grpc.internal.ContextRunnable.run(ContextRunnable.java:52) ~[fabric__runtime_deploy.jar:na]
	at io.grpc.internal.SerializingExecutor.run(SerializingExecutor.java:117) ~[fabric__runtime_deploy.jar:na]
	at java.util.concurrent.ThreadPoolExecutor.runWorker(Unknown Source) ~[na:1.8.0_151]
	at java.util.concurrent.ThreadPoolExecutor$Worker.run(Unknown Source) ~[na:1.8.0_151]
	at java.lang.Thread.run(Unknown Source) ~[na:1.8.0_151]
Caused by: io.grpc.StatusRuntimeException: DEADLINE_EXCEEDED
	at io.grpc.Status.asRuntimeException(Status.java:543) ~[fabric__runtime_deploy.jar:na]
	... 13 common frames omitted
2017-11-27 10:58:14,372 WARN  [i.b.logging.EngineLogMessageHandler] [] [] [] : [Worker: UnityWorker0] Incoming command request with ID 136 to entity ID 12 and component ID 1003 was not handled by the worker within the given timeout.
 in  -[WorkerLogger:Unity]
2017-11-27 10:58:14,620 INFO  [akka.actor.DeadLetterActorRef] [akka://akkaFabric/deadLetters] [akkaFabric-akka.actor.default-dispatcher-57] [] : Message [improbable.bridge.message.BridgeViewStatusRequest] from Actor[akka://akkaFabric/deadLetters] to Actor[akka://akkaFabric/deadLetters] was not delivered. [7] dead letters encountered. This logging can be turned off or adjusted with configuration settings 'akka.log-dead-letters' and 'akka.log-dead-letters-during-shutdown'.
2017-11-27 10:58:15,549 INFO  [akka.actor.DeadLetterActorRef] [akka://akkaFabric/deadLetters] [akkaFabric-akka.actor.default-dispatcher-51] [] : Message [improbable.bridge.message.BridgeViewStatusRequest] from Actor[akka://akkaFabric/deadLetters] to Actor[akka://akkaFabric/deadLetters] was not delivered. [8] dead letters encountered. This logging can be turned off or adjusted with configuration settings 'akka.log-dead-letters' and 'akka.log-dead-letters-during-shutdown'.
2017-11-27 10:58:16,534 INFO  [akka.actor.DeadLetterActorRef] [akka://akkaFabric/deadLetters] [akkaFabric-akka.actor.default-dispatcher-60] [] : Message [improbable.bridge.message.BridgeViewStatusRequest] from Actor[akka://akkaFabric/deadLetters] to Actor[akka://akkaFabric/deadLetters] was not delivered. [9] dead letters encountered. This logging can be turned off or adjusted with configuration settings 'akka.log-dead-letters' and 'akka.log-dead-letters-during-shutdown'.
2017-11-27 10:58:17,533 INFO  [akka.actor.DeadLetterActorRef] [akka://akkaFabric/deadLetters] [akkaFabric-akka.actor.default-dispatcher-58] [] : Message [improbable.bridge.message.BridgeViewStatusRequest] from Actor[akka://akkaFabric/deadLetters] to Actor[akka://akkaFabric/deadLetters] was not delivered. [10] dead letters encountered, no more dead letters will be logged. This logging can be turned off or adjusted with configuration settings 'akka.log-dead-letters' and 'akka.log-dead-letters-during-shutdown'.
2017-11-27 10:58:20,033 WARN  [i.s.ExtendedClassResolver] [] [] [] : KryoId Warning: Kryo will be serializing class improbable.core.messaging.messages.RemotePayloads$LegacyKryoRemoteRequestPayload using full class names, which is very inefficient. Consider extending KryoSerializable to make Kryo use an autogenerated ID.
2017-11-27 10:58:26,621 WARN  [i.s.ExtendedClassResolver] [] [] [] : KryoId Warning: Kryo will be serializing class improbable.core.messaging.messages.RemotePayloads$LegacyKryoRemoteRequestPayload using full class names, which is very inefficient. Consider extending KryoSerializable to make Kryo use an autogenerated ID.
2017-11-27 10:58:33,261 WARN  [i.s.ExtendedClassResolver] [] [] [] : KryoId Warning: Kryo will be serializing class improbable.core.messaging.messages.RemotePayloads$LegacyKryoRemoteRequestPayload using full class names, which is very inefficient. Consider extending KryoSerializable to make Kryo use an autogenerated ID.
2017-11-27 11:04:14,348 INFO  [i.b.n.BridgeActorTransportLinkListener] [] [] [] : TransportLinkListener(UnityClient3c9738e6-fc90-40aa-a94a-508e8774319d) sending Disconnected to akka://akkaFabric/user/BridgeModule:9bee3ae3-a70f-447e-bf14-b68aafb34995/BridgeActor-UnityClient3c9738e6-fc90-40aa-a94a-508e8774319d
2017-11-27 11:04:14,382 INFO  [i.module.bridge.oracle.BridgeOracle] [] [] [] : Sending bridge stopped to self for bridge endpoint BridgeEndpoint(UnityClient3c9738e6-fc90-40aa-a94a-508e8774319d)
2017-11-27 11:04:14,360 INFO  [i.b.i.BridgeInternalServiceImpl] [] [] [] : Bridge worker_id: "UnityClient3c9738e6-fc90-40aa-a94a-508e8774319d"
 unregistered with bridge internal service
2017-11-27 11:04:14,387 INFO  [improbable.bridge.BridgeActor] [] [] [] : Bridge(UnityClient3c9738e6-fc90-40aa-a94a-508e8774319d) on BridgeModuleEndpoint(9bee3ae3-a70f-447e-bf14-b68aafb34995) stopped.
2017-11-27 11:04:14,388 INFO  [i.module.bridge.oracle.BridgeOracle] [] [] [] : Bridge(UnityClient3c9738e6-fc90-40aa-a94a-508e8774319d) stopped.
2017-11-27 11:04:19,714 WARN  [i.s.ExtendedClassResolver] [] [] [] : KryoId Warning: Kryo will be serializing class improbable.core.messaging.messages.RemotePayloads$LegacyKryoRemoteRequestPayload using full class names, which is very inefficient. Consider extending KryoSerializable to make Kryo use an autogenerated ID.
2017-11-27 11:06:29,691 INFO  [i.c.discovery.ServiceDiscoveryImpl] [] [] [] : Shutting down all services
2017-11-27 11:06:29,702 INFO  [i.core.discovery.server.LocalServer] [] [] [] : Stopped Service(improbable.fabric.internal.service.StatusDiscoveryInternalService) on 127.0.0.1:5301.
2017-11-27 11:06:29,705 INFO  [i.core.discovery.server.PublicServer] [] [] [] : Stopped Service(improbable.platform.runtime.ModuleService) on 127.0.0.1:9000.
2017-11-27 11:06:29,706 INFO  [i.core.discovery.server.PublicServer] [] [] [] : Stopped Service(improbable.platform.runtime.HealthCheckService) on 127.0.0.1:9001.
2017-11-27 11:06:29,718 INFO  [i.core.discovery.server.LocalServer] [] [] [] : Stopped Service(improbable.fabric.internal.service.PerfInternalService) on 127.0.0.1:9002.
2017-11-27 11:06:29,719 INFO  [i.core.discovery.server.LocalServer] [] [] [] : Stopped Service(improbable.fabric.internal.service.ContentionInternalService) on 127.0.0.1:9003.
2017-11-27 11:06:29,741 INFO  [i.core.discovery.server.PublicServer] [] [] [] : Stopped Service(improbable.platform.runtime.FeatureService) on 127.0.0.1:9004.
2017-11-27 11:06:29,741 INFO  [i.core.discovery.server.LocalServer] [] [] [] : Stopped Service(improbable.fabric.internal.service.NodeConfigurationInternalService) on 127.0.0.1:9005.
2017-11-27 11:06:29,746 INFO  [i.core.discovery.server.LocalServer] [] [] [] : Stopped Service(improbable.fabric.internal.service.WorldExtentsInternalService) on 127.0.0.1:9006.
2017-11-27 11:06:29,749 INFO  [i.core.discovery.server.LocalServer] [] [] [] : Stopped Service(improbable.fabric.internal.service.EntityIdInternalService) on 127.0.0.1:9007.
2017-11-27 11:06:29,752 INFO  [i.core.discovery.server.LocalServer] [] [] [] : Stopped Service(improbable.fabric.internal.service.WorkerPrestartRegistryInternalService) on 127.0.0.1:9008.
2017-11-27 11:06:29,755 INFO  [i.core.discovery.server.LocalServer] [] [] [] : Stopped Service(improbable.fabric.internal.service.RouterLookupInternalService) on 127.0.0.1:9009.
2017-11-27 11:06:29,759 INFO  [i.core.discovery.server.LocalServer] [] [] [] : Stopped Service(improbable.fabric.internal.service.RouterInternalService) on 127.0.0.1:9010.
2017-11-27 11:06:29,762 INFO  [i.core.discovery.server.LocalServer] [] [] [] : Stopped Service(improbable.fabric.internal.service.RemoteMessageInternalService) on 127.0.0.1:9011.
2017-11-27 11:06:29,811 INFO  [i.core.discovery.server.LocalServer] [] [] [] : Stopped Service(improbable.fabric.internal.service.LocalBrokerInternalService) on 127.0.0.1:9012.
2017-11-27 11:06:29,817 INFO  [i.core.discovery.server.LocalServer] [] [] [] : Stopped Service(improbable.fabric.internal.service.BridgeOracleInternalService) on 127.0.0.1:9013.
2017-11-27 11:06:29,829 INFO  [i.core.discovery.server.LocalServer] [] [] [] : Stopped Service(improbable.fabric.internal.service.GlobalBrokerInternalService) on 127.0.0.1:9014.
2017-11-27 11:06:29,832 INFO  [i.core.discovery.server.LocalServer] [] [] [] : Stopped Service(improbable.fabric.internal.service.BridgeServiceOracleInternalService) on 127.0.0.1:9015.
2017-11-27 11:06:29,833 INFO  [i.core.discovery.server.LocalServer] [] [] [] : Stopped Service(improbable.fabric.internal.service.LocalSnapshotInternalService) on 127.0.0.1:9016.
2017-11-27 11:06:29,837 INFO  [i.core.discovery.server.PublicServer] [] [] [] : Stopped Service(improbable.fabric.internal.service.ScalingStatsInternalService) on 127.0.0.1:9017.
2017-11-27 11:06:29,840 INFO  [i.core.discovery.server.LocalServer] [] [] [] : Stopped Service(improbable.fabric.internal.service.EntityQueryInternalService) on 127.0.0.1:9018.
2017-11-27 11:06:29,843 INFO  [i.core.discovery.server.LocalServer] [] [] [] : Stopped Service(improbable.fabric.internal.service.BridgeInternalService) on 127.0.0.1:9019.
2017-11-27 11:06:29,846 INFO  [i.core.discovery.server.PublicServer] [] [] [] : Stopped Service(improbable.platform.inner.worker.WorkerRunner) on 127.0.0.1:9020.
2017-11-27 11:06:29,850 INFO  [i.core.discovery.server.LocalServer] [] [] [] : Stopped Service(improbable.fabric.internal.service.ReceptionistInternalService) on 127.0.0.1:9021.
2017-11-27 11:06:29,851 INFO  [i.core.discovery.server.PublicServer] [] [] [] : Stopped Service(improbable.platform.runtime.ReceptionistService) on 127.0.0.1:7777.
