2017-11-29 16:44:25,794 INFO  [i.deployment.InternalGameLauncher] [] [] [] : Parsed 353 internal flags at startup
2017-11-29 16:44:26,018 INFO  [i.deployment.InternalGameLauncher] [] [] [] : SpatialOS runtime version: 11-20171129T133416Z-20e0e7c
2017-11-29 16:44:26,319 INFO  [i.c.c.f.FlagzFieldRegistryUpdater] [] [] [] : Initialized Fabric flagz registry with 11 set fields.
2017-11-29 16:44:27,571 INFO  [i.core.discovery.server.LocalServer] [] [] [] : Registered Service(improbable.fabric.internal.service.StatusDiscoveryInternalService) on 127.0.0.1:5301.
2017-11-29 16:44:27,579 INFO  [i.c.discovery.ServiceDiscoveryImpl] [] [] [] : Status discovery address: host: "127.0.0.1"
port: 5301

2017-11-29 16:44:27,586 INFO  [improbable.module.ModuleNode] [] [] [] : Starting Fabric node as master (IP: 127.0.0.1).
2017-11-29 16:44:27,587 INFO  [i.c.d.client.CheckpointDiscoveryImpl] [] [] [] : Reached a checkpoint: ALL_NODES_STARTED
2017-11-29 16:44:27,588 INFO  [improbable.module.ModuleNode] [] [] [] : Node master has started, waiting for other nodes to reach the same checkpoint.
2017-11-29 16:44:27,588 INFO  [improbable.module.ModuleNode] [] [] [] : All nodes have been started.
2017-11-29 16:44:27,596 INFO  [i.core.discovery.server.PublicServer] [] [] [] : Registered Service(improbable.platform.runtime.ModuleService) on 127.0.0.1:9000.
2017-11-29 16:44:27,607 INFO  [i.core.discovery.server.PublicServer] [] [] [] : Registered Service(improbable.platform.runtime.HealthCheckService) on 127.0.0.1:9001.
2017-11-29 16:44:27,620 INFO  [i.core.discovery.server.LocalServer] [] [] [] : Registered Service(improbable.fabric.internal.service.PerfInternalService) on 127.0.0.1:9002.
2017-11-29 16:44:27,635 INFO  [i.core.discovery.server.LocalServer] [] [] [] : Registered Service(improbable.fabric.internal.service.ContentionInternalService) on 127.0.0.1:9003.
2017-11-29 16:44:27,667 INFO  [i.core.discovery.server.PublicServer] [] [] [] : Registered Service(improbable.platform.runtime.FeatureService) on 127.0.0.1:9004.
2017-11-29 16:44:27,702 INFO  [i.c.config.flagz.WorkerFlagzUpdater] [] [] [] : Initialized worker flagz registry with 0 set fields.
2017-11-29 16:44:27,707 INFO  [improbable.module.ModuleNode] [] [] [] : Using master node configuration loader.
2017-11-29 16:44:27,731 INFO  [i.core.discovery.server.LocalServer] [] [] [] : Registered Service(improbable.fabric.internal.service.NodeConfigurationInternalService) on 127.0.0.1:9005.
2017-11-29 16:44:27,764 INFO  [i.c.c.n.MasterNodeConfigurationLoader] [] [] [] : Using roles [MASTER, GSIM, BRIDGE, WORKER_RUNNER, INSPECTION] for node node_id {
  deployment_id {
    project_id {
      name: "beta_oscar_bacon_891"
    }
    name: "local"
  }
  name: "master"
}
private_ip: "127.0.0.1"
roles: MASTER
roles: GSIM
roles: BRIDGE
roles: WORKER_RUNNER
roles: INSPECTION

2017-11-29 16:44:27,797 INFO  [improbable.core.config.node.GsimGrid] [] [] [] : Created gsim grid configuration of size (1500, 1500) with 1 columns and 1 rows, using gsims of (30, 30) chunks.
2017-11-29 16:44:27,830 INFO  [i.c.c.n.MasterNodeConfigurationLoader] [] [] [] : Original deployment module configuration (before parsing): {deployment_id {
  project_id {
    name: "beta_oscar_bacon_891"
  }
  name: "local"
}
name: "master"
=[ProfilingModule, BridgeModuleOracleModule, BridgeOracleModule, PersistenceModule, ReceptionistModule, RouterModule, GSimModule, BridgeModule, EngineStartupModule, InspectionRestModule]}
2017-11-29 16:44:27,855 INFO  [i.c.c.n.MasterNodeConfigurationLoader] [] [] [] : Master successfully loaded configurations for 1 node(s).
2017-11-29 16:44:27,864 INFO  [improbable.module.ModuleNode] [] [] [] : Loaded node configuration: node_id {
  deployment_id {
    project_id {
      name: "beta_oscar_bacon_891"
    }
    name: "local"
  }
  name: "master"
}
gsim_configurations {
  extent {
    bottom_left {
      x_in_chunks: -15
      z_in_chunks: -15
    }
    top_right {
      x_in_chunks: 15
      z_in_chunks: 15
    }
  }
}
start_router: true
start_bridge_oracle: true
start_bridge_module_oracle: true
start_engine_startup_module: true
start_receptionist_service: true
start_inspection_rest_module: true
start_snapshot_service: true
start_profiling_module: true
bridge_modules: "BridgeModule"
gsim_modules: "GSimModule"

2017-11-29 16:44:27,864 INFO  [improbable.module.ModuleNode] [] [] [] : Using master world extents provider.
2017-11-29 16:44:27,887 INFO  [i.core.discovery.server.LocalServer] [] [] [] : Registered Service(improbable.fabric.internal.service.WorldExtentsInternalService) on 127.0.0.1:9006.
2017-11-29 16:44:27,889 INFO  [i.c.world.MasterWorldExtentsProvider] [] [] [] : Successfully initialized world extents with 1 rectangle(s).
2017-11-29 16:44:27,903 INFO  [improbable.module.ModuleNode] [] [] [] : Loaded world extents: WorldExtents{proto=rectangles {
  bottom_left {
    x: -750.0
    z: -750.0
  }
  top_right {
    x: 750.0
    z: 750.0
  }
  is_fully_simulated: true
  responsible_gsim_id {
  }
}
bounding_rectangle {
  bottom_left {
    x: -750.0
    z: -750.0
  }
  top_right {
    x: 750.0
    z: 750.0
  }
  is_fully_simulated: true
}
}
2017-11-29 16:44:28,114 INFO  [i.e.schema.ParsedFileDescriptorSet] [] [] [] : Parsed file descriptors of 14 proto files.
2017-11-29 16:44:28,173 INFO  [i.entity.schema.SchemaFactory] [] [] [] : Found components: [improbable.EntityAcl, improbable.Metadata, improbable.Position, improbable.Persistence, improbable.player.ClientConnection, improbable.core.PlayerData, improbable.player.Score, improbable.player.PlayerInput, improbable.player.Winning, improbable.core.Rotation, improbable.core.PlayerCreation, improbable.core.ClientAuthorityCheck, improbable.player.Health]
2017-11-29 16:44:28,188 INFO  [i.entity.schema.SchemaFactory] [] [] [] : Found components: [improbable.EntityAcl, improbable.Metadata, improbable.Position, improbable.Persistence, improbable.internal.EntityAuthority, improbable.player.PlayerInput, improbable.player.Winning, improbable.core.Rotation, improbable.core.PlayerData, improbable.player.ClientConnection, improbable.core.ClientAuthorityCheck, improbable.player.Health, improbable.core.PlayerCreation, improbable.player.Score]
2017-11-29 16:44:28,189 INFO  [improbable.module.ModuleNode] [] [] [] : Successfully loaded schema for entities
2017-11-29 16:44:28,191 INFO  [improbable.module.ModuleNode] [] [] [] : Validating snapshot at startup and determining max entity id
2017-11-29 16:44:28,199 INFO  [i.p.s.storage.LegacySnapshotStorage] [] [] [] : Requesting download URL for Snapshot(local@latest) matching []
2017-11-29 16:44:28,222 INFO  [i.p.s.storage.LegacySnapshotStorage] [] [] [] : Downloading snapshot from http://127.0.0.1:21000/snapshots/20171129164416733
2017-11-29 16:44:28,257 INFO  [improbable.module.ModuleNode] [] [] [] : Determined the first entity id for the id assigner as 2
2017-11-29 16:44:28,261 INFO  [i.core.discovery.server.LocalServer] [] [] [] : Registered Service(improbable.fabric.internal.service.EntityIdInternalService) on 127.0.0.1:9007.
2017-11-29 16:44:28,284 INFO  [i.core.discovery.server.LocalServer] [] [] [] : Registered Service(improbable.fabric.internal.service.WorkerPrestartRegistryInternalService) on 127.0.0.1:9008.
2017-11-29 16:44:28,294 INFO  [i.core.discovery.server.LocalServer] [] [] [] : Registered Service(improbable.fabric.internal.service.RouterLookupInternalService) on 127.0.0.1:9009.
2017-11-29 16:44:28,295 INFO  [i.module.router.ActorSystemFactory$] [] [] [] : Attempting to create ActorSystem akkaFabric with configRecord akkaFabric
2017-11-29 16:44:28,570 INFO  [i.c.d.g.GlobalCheckpointDiscoveryImpl] [] [] [] : Global checkpoint discovery refreshed checkpoints.
2017-11-29 16:44:28,570 INFO  [i.c.d.g.GlobalServiceDiscoveryImpl] [] [] [] : Global service discovery refreshed 11 server(s) (previously: 0)
2017-11-29 16:44:28,883 INFO  [akka.event.slf4j.Slf4jLogger] [] [] [] : Slf4jLogger started
2017-11-29 16:44:30,718 INFO  [i.l.params.LoadbalancerParamsFactory] [] [] [] : Parsed 1 worker loadbalancing configuration(s)
2017-11-29 16:44:30,723 INFO  [i.l.params.LoadbalancerParamsFactory] [] [] [] : Successfully loaded loadbalancing configurations: {UnityWorker=improbable.loadbalancing.params.AutoHexGridLoadbalancerParams@454009a0}
2017-11-29 16:44:30,830 INFO  [i.w.a.WorkerAssemblyProviderFactory] [] [] [] : Loaded worker assemblies for these workers types: UnityClient, UnityWorker.
2017-11-29 16:44:30,834 INFO  [improbable.module.ModuleNode] [] [] [] : Loaded worker assemblies: [worker_assembly_id {
  assembly_id {
    project_id {
      name: "beta_oscar_bacon_891"
    }
    name: "local_assembly"
  }
  name {
    name: "UnityClient"
  }
}
bridge_configuration {
  worker_attribute_set {
    attribute {
      name: "visual"
    }
  }
  entity_interest {
    range_entity_interest {
      radius: 200.0
    }
  }
  component_delivery {
    checkout_all_initially: true
  }
}
, worker_assembly_id {
  assembly_id {
    project_id {
      name: "beta_oscar_bacon_891"
    }
    name: "local_assembly"
  }
  name {
    name: "UnityWorker"
  }
}
worker_launch_configuration {
  platform: WINDOWS
  worker_zip {
    command: "UnityWorker@Windows.exe"
    argument: "+projectName"
    argument: "${IMPROBABLE_PROJECT_NAME}"
    argument: "+receptionistIp"
    argument: "${IMPROBABLE_RECEPTIONIST_HOST}"
    argument: "+receptionistPort"
    argument: "${IMPROBABLE_RECEPTIONIST_PORT}"
    argument: "+workerType"
    argument: "${IMPROBABLE_WORKER_NAME}"
    argument: "+workerId"
    argument: "${IMPROBABLE_WORKER_ID}"
    argument: "+useInternalIpForBridge"
    argument: "true"
    argument: "+infraServicesUrl"
    argument: "${IMPROBABLE_API_URL}"
    argument: "+assemblyName"
    argument: "${IMPROBABLE_ASSEMBLY_NAME}"
    argument: "+linkProtocol"
    argument: "RakNet"
    argument: "-logfile"
    argument: "${IMPROBABLE_LOG_FILE}"
    argument: "-batchmode"
    argument: "-nographics"
    worker_location {
      filename: "UnityWorker@Windows.zip"
    }
  }
}
worker_launch_configuration {
  platform: MACOS
  worker_zip {
    command: "UnityWorker@Mac.app/Contents/MacOS/UnityWorker@Mac"
    argument: "+projectName"
    argument: "${IMPROBABLE_PROJECT_NAME}"
    argument: "+receptionistIp"
    argument: "${IMPROBABLE_RECEPTIONIST_HOST}"
    argument: "+receptionistPort"
    argument: "${IMPROBABLE_RECEPTIONIST_PORT}"
    argument: "+workerType"
    argument: "${IMPROBABLE_WORKER_NAME}"
    argument: "+workerId"
    argument: "${IMPROBABLE_WORKER_ID}"
    argument: "+useInternalIpForBridge"
    argument: "true"
    argument: "+infraServicesUrl"
    argument: "${IMPROBABLE_API_URL}"
    argument: "+assemblyName"
    argument: "${IMPROBABLE_ASSEMBLY_NAME}"
    argument: "+linkProtocol"
    argument: "RakNet"
    argument: "-logfile"
    argument: "${IMPROBABLE_LOG_FILE}"
    argument: "-batchmode"
    argument: "-nographics"
    worker_location {
      filename: "UnityWorker@Mac.zip"
    }
  }
}
worker_launch_configuration {
  platform: LINUX
  worker_zip {
    command: "UnityWorker@Linux"
    argument: "+projectName"
    argument: "${IMPROBABLE_PROJECT_NAME}"
    argument: "+receptionistIp"
    argument: "${IMPROBABLE_RECEPTIONIST_HOST}"
    argument: "+receptionistPort"
    argument: "${IMPROBABLE_RECEPTIONIST_PORT}"
    argument: "+workerType"
    argument: "${IMPROBABLE_WORKER_NAME}"
    argument: "+workerId"
    argument: "${IMPROBABLE_WORKER_ID}"
    argument: "+useInternalIpForBridge"
    argument: "true"
    argument: "+infraServicesUrl"
    argument: "${IMPROBABLE_API_URL}"
    argument: "+assemblyName"
    argument: "${IMPROBABLE_ASSEMBLY_NAME}"
    argument: "+linkProtocol"
    argument: "RakNet"
    argument: "-logfile"
    argument: "${IMPROBABLE_LOG_FILE}"
    argument: "-batchmode"
    argument: "-nographics"
    worker_location {
      filename: "UnityWorker@Linux.zip"
    }
  }
}
bridge_configuration {
  worker_attribute_set {
    attribute {
      name: "physics"
    }
  }
  entity_interest {
    range_entity_interest {
      radius: 200.0
    }
  }
  component_delivery {
    checkout_all_initially: true
  }
}
]
2017-11-29 16:44:30,838 INFO  [i.w.assembly.WorkerAssemblyProvider] [] [] [] : Worker configuration for 'UnityClient' does not contain a launch configuration for the current platform 'WINDOWS', so Fabric will not start any managed workers of this type
2017-11-29 16:44:30,839 INFO  [i.w.assembly.WorkerAssemblyProvider] [] [] [] : The following worker configurations do not contain valid managed launch configurations for the current platform WINDOWS, and the runtime will be unable to launch managed workers of this type: [UnityClient]. This is expected for worker types you intend to only connect manually.
2017-11-29 16:44:30,843 INFO  [i.w.permissions.PermissionsFactory] [] [] [] : Created permissions manager with permissions: {UnityWorker=Permissions{{/sys/CreateEntity=, /sys/DeleteEntity=, /sys/EntityQuery={"component":["*"]}}}, UnityClient=Permissions{{/sys/EntityQuery={"component":[]}}}}
2017-11-29 16:44:33,311 INFO  [improbable.module.ModuleNode] [] [] [] : Starting router on master
2017-11-29 16:44:33,319 INFO  [i.core.discovery.server.LocalServer] [] [] [] : Registered Service(improbable.fabric.internal.service.RouterInternalService) on 127.0.0.1:9010.
2017-11-29 16:44:33,320 INFO  [i.c.m.r.RouterInternalServiceImpl] [] [] [] : Attempting to register RouterInternalServiceImpl with RouterLookupInternalService.
2017-11-29 16:44:33,332 INFO  [i.c.m.r.l.RouterLookupInternalServiceImpl] [] [] [] : 1/1 router modules started
2017-11-29 16:44:33,334 INFO  [i.c.m.r.RouterInternalServiceImpl] [] [] [] : Registered RouterInternalServiceImpl with RouterLookupInternalService.
2017-11-29 16:44:33,335 INFO  [improbable.module.ModuleNode] [] [] [] : Attempting to get addresses of all RouterModules from master node
2017-11-29 16:44:33,348 INFO  [improbable.module.ModuleNode] [] [] [] : Got all RouterModules from master node
2017-11-29 16:44:33,371 INFO  [i.core.discovery.server.LocalServer] [] [] [] : Registered Service(improbable.fabric.internal.service.RemoteMessageInternalService) on 127.0.0.1:9011.
2017-11-29 16:44:33,390 INFO  [i.core.discovery.server.LocalServer] [] [] [] : Registered Service(improbable.fabric.internal.service.LocalBrokerInternalService) on 127.0.0.1:9012.
2017-11-29 16:44:33,397 INFO  [improbable.module.ModuleNode] [] [] [] : Waiting for all router modules in the deployment to have started
2017-11-29 16:44:33,401 INFO  [improbable.module.ModuleNode] [] [] [] : All router modules in the deployment started
2017-11-29 16:44:33,430 INFO  [i.c.d.g.GlobalServiceDiscoveryImpl] [] [] [] : Global service discovery refreshed 14 server(s) (previously: 11)
2017-11-29 16:44:33,499 INFO  [org.eclipse.jetty.server.Server] [] [] [] : jetty-8.y.z-SNAPSHOT
2017-11-29 16:44:33,534 INFO  [o.e.jetty.server.AbstractConnector] [] [] [] : Started SelectChannelConnector@0.0.0.0:5006
2017-11-29 16:44:33,534 INFO  [improbable.http.ServletContainer$] [] [] [] : Servlet container started
2017-11-29 16:44:33,537 INFO  [improbable.module.ModuleNode] [] [] [] : Starting BridgeOracle on master
2017-11-29 16:44:33,549 INFO  [improbable.module.ModuleNode] [] [] [] : Waiting for the BridgeOracle to have started
2017-11-29 16:44:33,623 INFO  [i.core.discovery.server.LocalServer] [] [] [] : Registered Service(improbable.fabric.internal.service.BridgeOracleInternalService) on 127.0.0.1:9013.
2017-11-29 16:44:34,434 INFO  [i.c.d.g.GlobalServiceDiscoveryImpl] [] [] [] : Global service discovery refreshed 15 server(s) (previously: 14)
2017-11-29 16:44:34,435 INFO  [improbable.module.ModuleNode] [] [] [] : Received BridgeOracle started
2017-11-29 16:44:34,451 INFO  [i.core.discovery.server.LocalServer] [] [] [] : Registered Service(improbable.fabric.internal.service.GlobalBrokerInternalService) on 127.0.0.1:9014.
2017-11-29 16:44:34,452 INFO  [improbable.module.ModuleNode] [] [] [] : Waiting for the BridgeModuleOracle to have started
2017-11-29 16:44:34,455 INFO  [i.c.a.e.ExtensibleActorReporter] [] [] [] : Started BridgeModuleOracleActor(Actor[akka://akkaFabric/user/BridgeModuleOracleModule#-2041352973]).
2017-11-29 16:44:34,467 INFO  [i.core.discovery.server.LocalServer] [] [] [] : Registered Service(improbable.fabric.internal.service.BridgeServiceOracleInternalService) on 127.0.0.1:9015.
2017-11-29 16:44:35,447 INFO  [i.c.d.g.GlobalServiceDiscoveryImpl] [] [] [] : Global service discovery refreshed 17 server(s) (previously: 15)
2017-11-29 16:44:35,447 INFO  [improbable.module.ModuleNode] [] [] [] : Received BridgeModuleOracle started
2017-11-29 16:44:35,454 INFO  [improbable.module.ModuleNode] [] [] [] : Starting gsim GSimModule
2017-11-29 16:44:35,459 INFO  [improbable.module.ModuleNode] [] [] [] : Waiting for 1 entity query service(s) to start.
2017-11-29 16:44:35,484 INFO  [i.core.discovery.server.LocalServer] [] [] [] : Registered Service(improbable.fabric.internal.service.LocalSnapshotInternalService) on 127.0.0.1:9016.
2017-11-29 16:44:35,501 INFO  [i.core.discovery.server.PublicServer] [] [] [] : Registered Service(improbable.fabric.internal.service.ScalingStatsInternalService) on 127.0.0.1:9017.
2017-11-29 16:44:35,515 INFO  [i.p.gsim.GSimPersistenceWriter] [] [] [] : Transitioning GSimPersistenceActor(0) from State [Idle] to [Idle].  Time Elapsed: 1 millisecond
2017-11-29 16:44:35,542 INFO  [i.core.discovery.server.LocalServer] [] [] [] : Registered Service(improbable.fabric.internal.service.EntityQueryInternalService) on 127.0.0.1:9018.
2017-11-29 16:44:35,613 INFO  [i.bridge.oracle.scaling.WorkerScaler] [] [] [] : Skipping reconciliation because no WorkerRunner service is available. This message is expected at startup but should not persist through the deployment
2017-11-29 16:44:36,435 INFO  [i.c.d.g.GlobalServiceDiscoveryImpl] [] [] [] : Global service discovery refreshed 20 server(s) (previously: 17)
2017-11-29 16:44:36,437 INFO  [improbable.module.ModuleNode] [] [] [] : All 1 entity query service(s) have started.
2017-11-29 16:44:36,437 INFO  [improbable.module.ModuleNode] [] [] [] : Creating entity query client.
2017-11-29 16:44:36,461 INFO  [improbable.module.ModuleNode] [] [] [] : Entity query client created with directory: EntityQueryServiceDirectory{allServices=[EntityQueryInternalServiceInfo{address=host: "127.0.0.1"
port: 9018
, extent=Rectangle{minX=-750.0, minZ=-750.0, maxX=750.0, maxZ=750.0}, isLocal=true}], localServices=[EntityQueryInternalServiceInfo{address=host: "127.0.0.1"
port: 9018
, extent=Rectangle{minX=-750.0, minZ=-750.0, maxX=750.0, maxZ=750.0}, isLocal=true}], remoteServices=[]}
2017-11-29 16:44:36,471 INFO  [improbable.module.ModuleNode] [] [] [] : Waiting for 1 bridge service(s) to start.
2017-11-29 16:44:36,489 INFO  [i.c.a.e.ExtensibleActorReporter] [] [] [] : Started BridgeModuleActor(Actor[akka://akkaFabric/user/BridgeModule:aae24ec4-6ce1-4160-83d3-ca80931e5e10#-1865755519]).
2017-11-29 16:44:36,509 INFO  [i.core.discovery.server.LocalServer] [] [] [] : Registered Service(improbable.fabric.internal.service.BridgeInternalService) on 127.0.0.1:9019.
2017-11-29 16:44:36,512 INFO  [i.module.bridge.BridgeModuleActor] [] [] [] : Waiting for BridgeModuleOracle service to be available
2017-11-29 16:44:36,545 INFO  [i.module.bridge.BridgeModuleActor] [] [] [] : Registered(bridge_service_endpoint {
  guid: "aae24ec4-6ce1-4160-83d3-ca80931e5e10"
}
) on BridgeModuleOracleService
2017-11-29 16:44:37,430 INFO  [i.c.d.g.GlobalServiceDiscoveryImpl] [] [] [] : Global service discovery refreshed 21 server(s) (previously: 20)
2017-11-29 16:44:37,431 INFO  [improbable.module.ModuleNode] [] [] [] : All 1 bridge service(s) have started.
2017-11-29 16:44:37,433 INFO  [improbable.module.ModuleNode] [] [] [] : Starting WorkerRunner service (EngineStartupModule)
2017-11-29 16:44:37,445 INFO  [improbable.worker.exec.WorkerStats] [] [] [] : Cannot read /proc/self/stat; worker stats reporting will not work.
2017-11-29 16:44:37,456 INFO  [i.core.discovery.server.PublicServer] [] [] [] : Registered Service(improbable.platform.inner.worker.WorkerRunner) on 127.0.0.1:9020.
2017-11-29 16:44:37,465 INFO  [i.core.discovery.server.LocalServer] [] [] [] : Registered Service(improbable.fabric.internal.service.ReceptionistInternalService) on 127.0.0.1:9021.
2017-11-29 16:44:37,476 INFO  [i.core.discovery.server.PublicServer] [] [] [] : Registered Service(improbable.platform.runtime.ReceptionistService) on 127.0.0.1:7777.
2017-11-29 16:44:37,476 INFO  [improbable.module.ModuleNode] [] [] [] : Starting InspectionRestModule
2017-11-29 16:44:37,479 INFO  [improbable.module.ModuleNode] [] [] [] : Starting ProfilingModule
2017-11-29 16:44:37,482 INFO  [i.c.d.client.CheckpointDiscoveryImpl] [] [] [] : Reached a checkpoint: ALL_MODULES_STARTED
2017-11-29 16:44:37,483 INFO  [improbable.module.ModuleNode] [] [] [] : All modules on this node started, waiting for other nodes to reach the same checkpoint.
2017-11-29 16:44:37,491 INFO  [i.core.discovery.server.LocalServer] [] [] [] : Registered Service(improbable.fabric.internal.debug.HeatmapCellCacheInternalService) on 127.0.0.1:9022.
2017-11-29 16:44:37,493 INFO  [i.c.a.e.ExtensibleActorReporter] [] [] [] : Started ProfilingModuleActor(Actor[akka://akkaFabric/user/ProfilingModule#1345147816]).
2017-11-29 16:44:37,518 INFO  [i.core.discovery.server.PublicServer] [] [] [] : Registered Service(improbable.platform.runtime.InspectionService) on 127.0.0.1:9023.
2017-11-29 16:44:37,573 INFO  [i.c.a.e.ExtensibleActorReporter] [] [] [] : Started InspectionRestModuleActor(Actor[akka://akkaFabric/user/InspectionRestModule#-552234460]).
2017-11-29 16:44:37,608 INFO  [i.bridge.oracle.scaling.WorkerScaler] [] [] [] : Skipping reconciliation because no WorkerRunner service is available. This message is expected at startup but should not persist through the deployment
2017-11-29 16:44:38,305 INFO  [spray.can.server.HttpListener] [akka://akkaFabric/user/IO-HTTP/listener-0] [akkaFabric-akka.actor.default-dispatcher-4] [] : Bound to /0.0.0.0:5005
2017-11-29 16:44:38,447 INFO  [i.c.d.g.GlobalCheckpointDiscoveryImpl] [] [] [] : Global checkpoint discovery refreshed checkpoints.
2017-11-29 16:44:38,447 INFO  [improbable.module.ModuleNode] [] [] [] : All modules on all nodes have been started.
2017-11-29 16:44:38,448 INFO  [improbable.module.ModuleNode] [] [] [] : Loading a snapshot.
2017-11-29 16:44:38,448 INFO  [i.c.d.g.GlobalServiceDiscoveryImpl] [] [] [] : Global service discovery refreshed 26 server(s) (previously: 21)
2017-11-29 16:44:38,467 INFO  [i.p.g.GSimPersistenceLoadOrchestrator] [] [] [] : Loading snapshot on GSim(0).
2017-11-29 16:44:38,470 INFO  [i.p.s.storage.LegacySnapshotStorage] [] [] [] : Requesting download URL for Snapshot(local@latest) matching []
2017-11-29 16:44:38,478 INFO  [i.p.s.storage.LegacySnapshotStorage] [] [] [] : Downloading snapshot from http://127.0.0.1:21000/snapshots/20171129164416733
2017-11-29 16:44:38,481 INFO  [i.p.gsim.GSimPersistenceLoader] [] [] [] : Loading snapshot
2017-11-29 16:44:38,493 INFO  [i.p.g.GSimPersistenceLoadOrchestrator] [] [] [] : Loaded 1 entities on GSim(0).
2017-11-29 16:44:38,498 INFO  [i.p.c.PersistenceLoaderCoordinatorActor] [] [] [] : All Snapshots loaded.
2017-11-29 16:44:38,500 INFO  [improbable.module.ModuleNode] [] [] [] : Snapshot has been loaded.
2017-11-29 16:44:38,501 INFO  [improbable.module.ModuleNode] [] [] [] : Starting SnapshotService.
2017-11-29 16:44:38,515 INFO  [i.core.discovery.server.PublicServer] [] [] [] : Registered Service(improbable.platform.runtime.SnapshotService) on 127.0.0.1:9024.
2017-11-29 16:44:38,518 INFO  [i.c.d.client.CheckpointDiscoveryImpl] [] [] [] : Reached a checkpoint: LOAD_SNAPSHOT_FINISHED
2017-11-29 16:44:38,521 INFO  [improbable.module.ModuleNode] [] [] [] : SpatialOS runtime startup complete.
2017-11-29 16:44:38,579 INFO  [i.l.params.LoadbalancerParamsFactory] [] [] [] : LoadbalancerParams for worker type [UnityWorker]: [AutoHexGridLoadbalancerParams{energyLimitingEnabled=true, energyLimit=1.0E9, minWorkerRange=1500.0, maxWorkerRange=1500.0, maxWorkerStepSize=0.0, workerExpansionTimeMs=60000, workerGridSize=0, loadbalancerEnabled=false, hexGridMode=AUTO, scalerAdvisorType=CONSTANT, maxWorkers=1, initialWorkers=1, numEntitiesPerWorker=9223372036854775807, statusReportPeriodMs=30000, pointsOfInterestEnabled=false, hexGridSolution=AutoValue_HexGridSolution{workersUsed=1, hexagonEdgeLength=1500.0, hexagonOrientation=POINTY_TOP, bounds=Rectangle{minX=-750.0, minZ=-750.0, maxX=750.0, maxZ=750.0}}, pointsOfInterestSolution=Empty}]
2017-11-29 16:44:39,437 INFO  [i.c.d.g.GlobalCheckpointDiscoveryImpl] [] [] [] : Global checkpoint discovery refreshed checkpoints.
2017-11-29 16:44:39,438 INFO  [i.c.d.g.GlobalServiceDiscoveryImpl] [] [] [] : Global service discovery refreshed 27 server(s) (previously: 26)
2017-11-29 16:44:39,482 INFO  [i.b.o.m.BridgeOracleWorkerManager] [] [] [] : Trying to start managed worker UnityWorker0
2017-11-29 16:44:39,508 INFO  [i.bridge.oracle.scaling.WorkerScaler] [] [] [] : Starting 1 new managed workers for attribute_set {
  attribute: "physics"
}
 (required: 1, existing: 0)
2017-11-29 16:44:44,080 INFO  [i.worker.exec.WorkerStartupExecutor] [] [] [] : Created log file for worker UnityWorker0, type (UnityWorker): [C:\Users\Erasmo\Documents\GitHub\Game\logs\2017-11-29_16-44-18_0\workers\UnityWorker\UnityWorker0-4930657046514431537.log]
2017-11-29 16:44:44,083 INFO  [i.worker.exec.CommandLineExecutor] [] [] [] : Running command: C:\Users\Erasmo\AppData\Local\Temp\zip-downloader202872718464644254\24d5b9dc30aa9fdcd85fc8db990a8909\UnityWorker@Windows.exe +projectName beta_oscar_bacon_891 +receptionistIp 127.0.0.1 +receptionistPort 7777 +workerType UnityWorker +workerId UnityWorker0 +useInternalIpForBridge true +infraServicesUrl http://127.0.0.1:21000 +assemblyName local_assembly +linkProtocol RakNet -logfile C:\Users\Erasmo\Documents\GitHub\Game\logs\2017-11-29_16-44-18_0\workers\UnityWorker\UnityWorker0-4930657046514431537.log -batchmode -nographics
2017-11-29 16:44:45,150 INFO  [i.b.s.BridgeServicePicker] [] [] [] : Attempting to get positionHint for UnityWorker0 via rpc
2017-11-29 16:44:45,164 INFO  [i.m.b.o.m.BridgeModuleOracleActor] [] [] [] : BridgeServicePicker returned module Optional[legacy_guid: "aae24ec4-6ce1-4160-83d3-ca80931e5e10"
address {
  host: "127.0.0.1"
  port: 9019
}
] with load Optional[BridgeModuleLoadBalanceInfo((0.0, 0.0, 0.0),0)].get().toString() for Engine(UnityWorker0)
2017-11-29 16:44:45,423 INFO  [i.b.i.BridgeInternalServiceImpl] [] [] [] : Bridge worker_id: "UnityWorker0"
 registered with bridge internal service
2017-11-29 16:44:45,436 INFO  [i.b.o.s.BridgeOracleInternalServiceImpl] [] [] [] : Got bridge started rpc from bridge: worker_id: "UnityWorker0"

2017-11-29 16:44:45,438 INFO  [i.b.o.s.BridgeOracleInternalServiceImpl] [] [] [] : The worker UnityWorker0 registered with SpatialOS successfully.
2017-11-29 16:44:45,439 INFO  [i.module.bridge.oracle.BridgeOracle] [] [] [] : Sending bridge started to self for bridge endpoint bridge_oracle_endpoint {
}

2017-11-29 16:44:45,441 INFO  [i.module.bridge.oracle.BridgeOracle] [] [] [] : Bridge(UnityWorker0) started.
2017-11-29 16:44:45,449 INFO  [i.b.o.m.BridgeOracleWorkerManager] [] [] [] : Worker UnityWorker0 registered with the BridgeOracleWorker manager
2017-11-29 16:44:46,085 INFO  [i.b.n.raknet.GuardedRakPeerInterface] [] [] [] : New RakNet connection established with 127.0.0.1
2017-11-29 16:45:01,157 INFO  [i.b.s.BridgeServicePicker] [] [] [] : Attempting to get positionHint for UnityClienta40a40ee-66a9-452a-8c27-97db886b8501 via rpc
2017-11-29 16:45:01,160 INFO  [i.b.s.BridgeServicePicker] [] [] [] : Starting UnityClienta40a40ee-66a9-452a-8c27-97db886b8501 without a position hint, so using a random bridge service
2017-11-29 16:45:01,162 INFO  [i.m.b.o.m.BridgeModuleOracleActor] [] [] [] : BridgeServicePicker returned module Optional[legacy_guid: "aae24ec4-6ce1-4160-83d3-ca80931e5e10"
address {
  host: "127.0.0.1"
  port: 9019
}
] with load Optional[BridgeModuleLoadBalanceInfo((0.0, 0.0, 0.0),1)].get().toString() for Engine(UnityClienta40a40ee-66a9-452a-8c27-97db886b8501)
2017-11-29 16:45:01,185 INFO  [i.l.params.LoadbalancerParamsFactory] [] [] [] : LoadbalancerParams for worker type [UnityClient]: [FlagzLoadbalancerParams{energyLimitingEnabled=true, energyLimit=1.0E9, minWorkerRange=Infinity, maxWorkerRange=Infinity, maxWorkerStepSize=50.0, workerExpansionTimeMs=60000, workerGridSize=5, loadbalancerEnabled=true, hexGridMode=OFF, scalerAdvisorType=ENTITY_COUNT, maxWorkers=25, initialWorkers=25, numEntitiesPerWorker=9223372036854775807, statusReportPeriodMs=2000, pointsOfInterestEnabled=false, hexGridSolution=Empty, pointsOfInterestSolution=Empty}]
2017-11-29 16:45:01,190 INFO  [i.b.i.BridgeInternalServiceImpl] [] [] [] : Bridge worker_id: "UnityClienta40a40ee-66a9-452a-8c27-97db886b8501"
 registered with bridge internal service
2017-11-29 16:45:01,192 INFO  [i.b.o.s.BridgeOracleInternalServiceImpl] [] [] [] : Got bridge started rpc from bridge: worker_id: "UnityClienta40a40ee-66a9-452a-8c27-97db886b8501"

2017-11-29 16:45:01,193 INFO  [i.b.o.s.BridgeOracleInternalServiceImpl] [] [] [] : The worker UnityClienta40a40ee-66a9-452a-8c27-97db886b8501 registered with SpatialOS successfully.
2017-11-29 16:45:01,194 INFO  [i.module.bridge.oracle.BridgeOracle] [] [] [] : Sending bridge started to self for bridge endpoint bridge_oracle_endpoint {
}

2017-11-29 16:45:01,201 INFO  [i.module.bridge.oracle.BridgeOracle] [] [] [] : Bridge(UnityClienta40a40ee-66a9-452a-8c27-97db886b8501) started.
2017-11-29 16:45:01,789 INFO  [i.b.n.raknet.GuardedRakPeerInterface] [] [] [] : New RakNet connection established with 127.0.0.1
2017-11-29 16:45:01,993 WARN  [i.b.logging.EngineLogMessageHandler] [] [] [] : [Worker: UnityClienta40a40ee-66a9-452a-8c27-97db886b8501] Request: Mario
 in  -[WorkerLogger:Unity]
2017-11-29 16:45:02,559 WARN  [i.b.logging.EngineLogMessageHandler] [] [] [] : [Worker: UnityWorker0] The referenced script on this Behaviour is missing!
 in  -[WorkerLogger:Unity]
2017-11-29 16:45:02,559 WARN  [i.b.logging.EngineLogMessageHandler] [] [] [] : [Worker: UnityWorker0] The referenced script on this Behaviour (Game Object 'Canvas') is missing!
 in  -[WorkerLogger:Unity]
2017-11-29 16:45:02,581 WARN  [i.b.logging.EngineLogMessageHandler] [] [] [] : [Worker: UnityWorker0] The referenced script on this Behaviour is missing!
 in  -[WorkerLogger:Unity]
2017-11-29 16:45:02,583 WARN  [i.b.logging.EngineLogMessageHandler] [] [] [] : [Worker: UnityWorker0] The referenced script on this Behaviour (Game Object 'Canvas') is missing!
 in  -[WorkerLogger:Unity]
2017-11-29 16:45:02,584 WARN  [i.b.logging.EngineLogMessageHandler] [] [] [] : [Worker: UnityWorker0] The referenced script on this Behaviour (Game Object 'Canvas') is missing!
 in  -[WorkerLogger:Unity]
2017-11-29 16:45:02,612 ERROR [i.b.logging.EngineLogMessageHandler] [] [] [] : [Worker: UnityWorker0] GetComponentsInChildren returned a null element for GameObject Player(Clone)
 in  -[WorkerLogger:Unity]
2017-11-29 16:45:03,280 WARN  [i.b.logging.EngineLogMessageHandler] [] [] [] : [Worker: UnityClienta40a40ee-66a9-452a-8c27-97db886b8501] The referenced script on this Behaviour is missing!
 in  -[WorkerLogger:Unity]
2017-11-29 16:45:03,281 WARN  [i.b.logging.EngineLogMessageHandler] [] [] [] : [Worker: UnityClienta40a40ee-66a9-452a-8c27-97db886b8501] The referenced script on this Behaviour (Game Object 'Canvas') is missing!
 in  -[WorkerLogger:Unity]
2017-11-29 16:45:03,376 WARN  [i.b.logging.EngineLogMessageHandler] [] [] [] : [Worker: UnityClienta40a40ee-66a9-452a-8c27-97db886b8501] The referenced script on this Behaviour is missing!
 in  -[WorkerLogger:Unity]
2017-11-29 16:45:03,378 WARN  [i.b.logging.EngineLogMessageHandler] [] [] [] : [Worker: UnityClienta40a40ee-66a9-452a-8c27-97db886b8501] The referenced script on this Behaviour (Game Object 'Canvas') is missing!
 in  -[WorkerLogger:Unity]
2017-11-29 16:45:03,378 WARN  [i.b.logging.EngineLogMessageHandler] [] [] [] : [Worker: UnityClienta40a40ee-66a9-452a-8c27-97db886b8501] The referenced script on this Behaviour (Game Object 'Canvas') is missing!
 in  -[WorkerLogger:Unity]
2017-11-29 16:45:03,380 ERROR [i.b.logging.EngineLogMessageHandler] [] [] [] : [Worker: UnityClienta40a40ee-66a9-452a-8c27-97db886b8501] GetComponentsInChildren returned a null element for GameObject Player(Clone)
 in  -[WorkerLogger:Unity]
2017-11-29 16:45:04,701 INFO  [i.b.s.BridgeServicePicker] [] [] [] : Attempting to get positionHint for UnityClient5aea905a-5191-4838-bdfa-84e879c119e3 via rpc
2017-11-29 16:45:04,705 INFO  [i.b.s.BridgeServicePicker] [] [] [] : Starting UnityClient5aea905a-5191-4838-bdfa-84e879c119e3 without a position hint, so using a random bridge service
2017-11-29 16:45:04,708 INFO  [i.m.b.o.m.BridgeModuleOracleActor] [] [] [] : BridgeServicePicker returned module Optional[legacy_guid: "aae24ec4-6ce1-4160-83d3-ca80931e5e10"
address {
  host: "127.0.0.1"
  port: 9019
}
] with load Optional[BridgeModuleLoadBalanceInfo((0.0, 0.0, 0.0),2)].get().toString() for Engine(UnityClient5aea905a-5191-4838-bdfa-84e879c119e3)
2017-11-29 16:45:04,771 INFO  [i.b.i.BridgeInternalServiceImpl] [] [] [] : Bridge worker_id: "UnityClient5aea905a-5191-4838-bdfa-84e879c119e3"
 registered with bridge internal service
2017-11-29 16:45:04,773 INFO  [i.b.o.s.BridgeOracleInternalServiceImpl] [] [] [] : Got bridge started rpc from bridge: worker_id: "UnityClient5aea905a-5191-4838-bdfa-84e879c119e3"

2017-11-29 16:45:04,774 INFO  [i.b.o.s.BridgeOracleInternalServiceImpl] [] [] [] : The worker UnityClient5aea905a-5191-4838-bdfa-84e879c119e3 registered with SpatialOS successfully.
2017-11-29 16:45:04,774 INFO  [i.module.bridge.oracle.BridgeOracle] [] [] [] : Sending bridge started to self for bridge endpoint bridge_oracle_endpoint {
}

2017-11-29 16:45:04,775 INFO  [i.module.bridge.oracle.BridgeOracle] [] [] [] : Bridge(UnityClient5aea905a-5191-4838-bdfa-84e879c119e3) started.
2017-11-29 16:45:05,368 INFO  [i.b.n.raknet.GuardedRakPeerInterface] [] [] [] : New RakNet connection established with 127.0.0.1
2017-11-29 16:45:05,557 WARN  [i.b.logging.EngineLogMessageHandler] [] [] [] : [Worker: UnityClient5aea905a-5191-4838-bdfa-84e879c119e3] Request: Felice
 in UnityEngine.Debug:LogWarning(Object)
Assets.Gamelogic.Core.Bootstrap:RequestPlayerCreation(EntityId) (at Assets/Gamelogic/Core/Bootstrap.cs:79)
Assets.Gamelogic.Core.Bootstrap:OnSuccessfulPlayerCreatorQuery(EntityQueryResult) (at Assets/Gamelogic/Core/Bootstrap.cs:66)
Improbable.Unity.Core.CommandResponseHandler`1:TriggerSuccess(ICommandCallbackResponse`1) (at C:/w/ee9378522cbb9fd1/UnitySdk/Improbable.Unity/Assets/Precompiled/Unity/Commands/CommandResponseHandler.cs:62)
Improbable.Unity.Core.CommandResponseHandler`1:Trigger(ICommandCallbackResponse`1) (at C:/w/ee9378522cbb9fd1/UnitySdk/Improbable.Unity/Assets/Precompiled/Unity/Commands/CommandResponseHandler.cs:48)
Improbable.Unity.Core.CommandCallbackWrapper`1:TriggerWithStatus(StatusCode, Option`1, String) (at C:/w/ee9378522cbb9fd1/UnitySdk/Improbable.Unity/Assets/Precompiled/Unity/Commands/ICommandCallbackWrapper.cs:34)
Improbable.Unity.Core.<CreateOnResponseThunk>c__AnonStorey1D`2:<>m__2F(EntityQueryResponseOp) (at C:/w/ee9378522cbb9fd1/UnitySdk/Improbable.Unity/Assets/Precompiled/Unity/Commands/ComponentCommander.cs:243)
Improbable.Worker.Internal.Callbacks`1:InvokeAll(EntityQueryResponseOp)
Improbable.Worker.Dispatcher:EntityQueryResponseThunk(Void*, EntityQueryResponseOp*)
Improbable.Worker.Internal.WorkerProtocol:Dispatcher_Process(DispatcherHandle, OpListHandle)
Improbable.Worker.Dispatcher:Process(OpList)
Improbable.Unity.Core.ConnectionLifecycle:ProcessEvents() (at Assets/Plugins/Improbable/Sdk/Src/Unity/Core/ConnectionLifecycle.cs:367)
Improbable.Unity.Core.ConnectionLifecycle:Update() (at Assets/Plugins/Improbable/Sdk/Src/Unity/Core/ConnectionLifecycle.cs:149)
 -[WorkerLogger:Unity]
2017-11-29 16:45:05,692 WARN  [i.b.logging.EngineLogMessageHandler] [] [] [] : [Worker: UnityClienta40a40ee-66a9-452a-8c27-97db886b8501] The referenced script on this Behaviour is missing!
 in  -[WorkerLogger:Unity]
2017-11-29 16:45:05,694 WARN  [i.b.logging.EngineLogMessageHandler] [] [] [] : [Worker: UnityClienta40a40ee-66a9-452a-8c27-97db886b8501] The referenced script on this Behaviour (Game Object 'Canvas') is missing!
 in  -[WorkerLogger:Unity]
2017-11-29 16:45:05,694 WARN  [i.b.logging.EngineLogMessageHandler] [] [] [] : [Worker: UnityClienta40a40ee-66a9-452a-8c27-97db886b8501] The referenced script on this Behaviour (Game Object 'Canvas') is missing!
 in  -[WorkerLogger:Unity]
2017-11-29 16:45:05,698 ERROR [i.b.logging.EngineLogMessageHandler] [] [] [] : [Worker: UnityClienta40a40ee-66a9-452a-8c27-97db886b8501] GetComponentsInChildren returned a null element for GameObject Player(Clone)
 in  -[WorkerLogger:Unity]
2017-11-29 16:45:05,741 WARN  [i.b.logging.EngineLogMessageHandler] [] [] [] : [Worker: UnityWorker0] The referenced script on this Behaviour is missing!
 in  -[WorkerLogger:Unity]
2017-11-29 16:45:05,744 WARN  [i.b.logging.EngineLogMessageHandler] [] [] [] : [Worker: UnityWorker0] The referenced script on this Behaviour (Game Object 'Canvas') is missing!
 in  -[WorkerLogger:Unity]
2017-11-29 16:45:05,744 WARN  [i.b.logging.EngineLogMessageHandler] [] [] [] : [Worker: UnityWorker0] The referenced script on this Behaviour (Game Object 'Canvas') is missing!
 in  -[WorkerLogger:Unity]
2017-11-29 16:45:05,744 ERROR [i.b.logging.EngineLogMessageHandler] [] [] [] : [Worker: UnityWorker0] GetComponentsInChildren returned a null element for GameObject Player(Clone)
 in  -[WorkerLogger:Unity]
2017-11-29 16:45:42,952 INFO  [i.b.n.raknet.reporter.RakNetReporter] [] [] [] : Tried to send to RakNet(UnityClient) on Port(7001)3 after closing. Payload: component_update {
  entity_id: 2
  component_id: 54
  entity_co... (Logged every 1000 times)
2017-11-29 16:45:42,959 INFO  [i.b.n.BridgeActorTransportLinkListener] [] [] [] : TransportLinkListener(UnityClienta40a40ee-66a9-452a-8c27-97db886b8501) sending Disconnected to akka://akkaFabric/user/BridgeModule:aae24ec4-6ce1-4160-83d3-ca80931e5e10/BridgeActor-UnityClienta40a40ee-66a9-452a-8c27-97db886b8501
2017-11-29 16:45:42,971 INFO  [i.module.bridge.oracle.BridgeOracle] [] [] [] : Sending bridge stopped to self for bridge endpoint worker_id: "UnityClienta40a40ee-66a9-452a-8c27-97db886b8501"

2017-11-29 16:45:42,976 INFO  [i.module.bridge.oracle.BridgeOracle] [] [] [] : Bridge(UnityClienta40a40ee-66a9-452a-8c27-97db886b8501) stopped.
2017-11-29 16:45:43,004 INFO  [i.b.i.BridgeInternalServiceImpl] [] [] [] : Bridge worker_id: "UnityClienta40a40ee-66a9-452a-8c27-97db886b8501"
 unregistered with bridge internal service
2017-11-29 16:45:43,010 INFO  [improbable.bridge.BridgeActor] [] [] [] : Bridge(UnityClienta40a40ee-66a9-452a-8c27-97db886b8501) on guid: "aae24ec4-6ce1-4160-83d3-ca80931e5e10"
 stopped.
2017-11-29 16:45:43,052 INFO  [akka.actor.LocalActorRef] [akka://akkaFabric/user/BridgeModule:aae24ec4-6ce1-4160-83d3-ca80931e5e10/BridgeActor-UnityClienta40a40ee-66a9-452a-8c27-97db886b8501] [akkaFabric-akka.actor.default-dispatcher-16] [] : Message [improbable.fabric.internal.pubsub.PubSubMessageProto$PubSubMessage] from Actor[akka://akkaFabric/user/BridgeModule:aae24ec4-6ce1-4160-83d3-ca80931e5e10/BridgeActor-UnityClienta40a40ee-66a9-452a-8c27-97db886b8501#-137902404] to Actor[akka://akkaFabric/user/BridgeModule:aae24ec4-6ce1-4160-83d3-ca80931e5e10/BridgeActor-UnityClienta40a40ee-66a9-452a-8c27-97db886b8501#-137902404] was not delivered. [1] dead letters encountered. This logging can be turned off or adjusted with configuration settings 'akka.log-dead-letters' and 'akka.log-dead-letters-during-shutdown'.
2017-11-29 16:45:43,062 INFO  [akka.actor.LocalActorRef] [akka://akkaFabric/user/BridgeModule:aae24ec4-6ce1-4160-83d3-ca80931e5e10/BridgeActor-UnityClienta40a40ee-66a9-452a-8c27-97db886b8501] [akkaFabric-akka.actor.default-dispatcher-16] [] : Message [improbable.fabric.internal.pubsub.PubSubMessageProto$PubSubMessage] from Actor[akka://akkaFabric/user/BridgeModule:aae24ec4-6ce1-4160-83d3-ca80931e5e10/BridgeActor-UnityClienta40a40ee-66a9-452a-8c27-97db886b8501#-137902404] to Actor[akka://akkaFabric/user/BridgeModule:aae24ec4-6ce1-4160-83d3-ca80931e5e10/BridgeActor-UnityClienta40a40ee-66a9-452a-8c27-97db886b8501#-137902404] was not delivered. [2] dead letters encountered. This logging can be turned off or adjusted with configuration settings 'akka.log-dead-letters' and 'akka.log-dead-letters-during-shutdown'.
2017-11-29 16:45:43,062 INFO  [akka.actor.LocalActorRef] [akka://akkaFabric/user/BridgeModule:aae24ec4-6ce1-4160-83d3-ca80931e5e10/BridgeActor-UnityClienta40a40ee-66a9-452a-8c27-97db886b8501] [akkaFabric-akka.actor.default-dispatcher-16] [] : Message [improbable.fabric.internal.pubsub.PubSubMessageProto$PubSubMessage] from Actor[akka://akkaFabric/user/BridgeModule:aae24ec4-6ce1-4160-83d3-ca80931e5e10/BridgeActor-UnityClienta40a40ee-66a9-452a-8c27-97db886b8501#-137902404] to Actor[akka://akkaFabric/user/BridgeModule:aae24ec4-6ce1-4160-83d3-ca80931e5e10/BridgeActor-UnityClienta40a40ee-66a9-452a-8c27-97db886b8501#-137902404] was not delivered. [3] dead letters encountered. This logging can be turned off or adjusted with configuration settings 'akka.log-dead-letters' and 'akka.log-dead-letters-during-shutdown'.
2017-11-29 16:45:43,099 INFO  [akka.actor.LocalActorRef] [akka://akkaFabric/user/BridgeModule:aae24ec4-6ce1-4160-83d3-ca80931e5e10/BridgeActor-UnityClienta40a40ee-66a9-452a-8c27-97db886b8501] [akkaFabric-akka.actor.default-dispatcher-16] [] : Message [improbable.fabric.internal.pubsub.PubSubMessageProto$PubSubMessage] from Actor[akka://akkaFabric/user/BridgeModule:aae24ec4-6ce1-4160-83d3-ca80931e5e10/BridgeActor-UnityClienta40a40ee-66a9-452a-8c27-97db886b8501#-137902404] to Actor[akka://akkaFabric/user/BridgeModule:aae24ec4-6ce1-4160-83d3-ca80931e5e10/BridgeActor-UnityClienta40a40ee-66a9-452a-8c27-97db886b8501#-137902404] was not delivered. [4] dead letters encountered. This logging can be turned off or adjusted with configuration settings 'akka.log-dead-letters' and 'akka.log-dead-letters-during-shutdown'.
2017-11-29 16:45:43,105 INFO  [akka.actor.LocalActorRef] [akka://akkaFabric/user/BridgeModule:aae24ec4-6ce1-4160-83d3-ca80931e5e10/BridgeActor-UnityClienta40a40ee-66a9-452a-8c27-97db886b8501] [akkaFabric-akka.actor.default-dispatcher-16] [] : Message [improbable.fabric.internal.pubsub.PubSubMessageProto$PubSubMessage] from Actor[akka://akkaFabric/user/BridgeModule:aae24ec4-6ce1-4160-83d3-ca80931e5e10/BridgeActor-UnityClienta40a40ee-66a9-452a-8c27-97db886b8501#-137902404] to Actor[akka://akkaFabric/user/BridgeModule:aae24ec4-6ce1-4160-83d3-ca80931e5e10/BridgeActor-UnityClienta40a40ee-66a9-452a-8c27-97db886b8501#-137902404] was not delivered. [5] dead letters encountered. This logging can be turned off or adjusted with configuration settings 'akka.log-dead-letters' and 'akka.log-dead-letters-during-shutdown'.
2017-11-29 16:45:43,106 INFO  [akka.actor.LocalActorRef] [akka://akkaFabric/user/BridgeModule:aae24ec4-6ce1-4160-83d3-ca80931e5e10/BridgeActor-UnityClienta40a40ee-66a9-452a-8c27-97db886b8501] [akkaFabric-akka.actor.default-dispatcher-3] [] : Message [improbable.fabric.internal.pubsub.PubSubMessageProto$PubSubMessage] from Actor[akka://akkaFabric/user/BridgeModule:aae24ec4-6ce1-4160-83d3-ca80931e5e10/BridgeActor-UnityClienta40a40ee-66a9-452a-8c27-97db886b8501#-137902404] to Actor[akka://akkaFabric/user/BridgeModule:aae24ec4-6ce1-4160-83d3-ca80931e5e10/BridgeActor-UnityClienta40a40ee-66a9-452a-8c27-97db886b8501#-137902404] was not delivered. [6] dead letters encountered. This logging can be turned off or adjusted with configuration settings 'akka.log-dead-letters' and 'akka.log-dead-letters-during-shutdown'.
2017-11-29 16:45:43,106 INFO  [akka.actor.LocalActorRef] [akka://akkaFabric/user/BridgeModule:aae24ec4-6ce1-4160-83d3-ca80931e5e10/BridgeActor-UnityClienta40a40ee-66a9-452a-8c27-97db886b8501] [akkaFabric-akka.actor.default-dispatcher-3] [] : Message [improbable.fabric.internal.pubsub.PubSubMessageProto$PubSubMessage] from Actor[akka://akkaFabric/user/BridgeModule:aae24ec4-6ce1-4160-83d3-ca80931e5e10/BridgeActor-UnityClienta40a40ee-66a9-452a-8c27-97db886b8501#-137902404] to Actor[akka://akkaFabric/user/BridgeModule:aae24ec4-6ce1-4160-83d3-ca80931e5e10/BridgeActor-UnityClienta40a40ee-66a9-452a-8c27-97db886b8501#-137902404] was not delivered. [7] dead letters encountered. This logging can be turned off or adjusted with configuration settings 'akka.log-dead-letters' and 'akka.log-dead-letters-during-shutdown'.
2017-11-29 16:45:43,111 INFO  [akka.actor.LocalActorRef] [akka://akkaFabric/user/BridgeModule:aae24ec4-6ce1-4160-83d3-ca80931e5e10/BridgeActor-UnityClienta40a40ee-66a9-452a-8c27-97db886b8501] [akkaFabric-akka.actor.default-dispatcher-3] [] : Message [improbable.fabric.internal.pubsub.PubSubMessageProto$PubSubMessage] from Actor[akka://akkaFabric/user/BridgeModule:aae24ec4-6ce1-4160-83d3-ca80931e5e10/BridgeActor-UnityClienta40a40ee-66a9-452a-8c27-97db886b8501#-137902404] to Actor[akka://akkaFabric/user/BridgeModule:aae24ec4-6ce1-4160-83d3-ca80931e5e10/BridgeActor-UnityClienta40a40ee-66a9-452a-8c27-97db886b8501#-137902404] was not delivered. [8] dead letters encountered. This logging can be turned off or adjusted with configuration settings 'akka.log-dead-letters' and 'akka.log-dead-letters-during-shutdown'.
2017-11-29 16:45:43,111 INFO  [akka.actor.LocalActorRef] [akka://akkaFabric/user/BridgeModule:aae24ec4-6ce1-4160-83d3-ca80931e5e10/BridgeActor-UnityClienta40a40ee-66a9-452a-8c27-97db886b8501] [akkaFabric-akka.actor.default-dispatcher-3] [] : Message [improbable.fabric.internal.pubsub.PubSubMessageProto$PubSubMessage] from Actor[akka://akkaFabric/user/BridgeModule:aae24ec4-6ce1-4160-83d3-ca80931e5e10/BridgeActor-UnityClienta40a40ee-66a9-452a-8c27-97db886b8501#-137902404] to Actor[akka://akkaFabric/user/BridgeModule:aae24ec4-6ce1-4160-83d3-ca80931e5e10/BridgeActor-UnityClienta40a40ee-66a9-452a-8c27-97db886b8501#-137902404] was not delivered. [9] dead letters encountered. This logging can be turned off or adjusted with configuration settings 'akka.log-dead-letters' and 'akka.log-dead-letters-during-shutdown'.
2017-11-29 16:45:43,112 INFO  [akka.actor.LocalActorRef] [akka://akkaFabric/user/BridgeModule:aae24ec4-6ce1-4160-83d3-ca80931e5e10/BridgeActor-UnityClienta40a40ee-66a9-452a-8c27-97db886b8501] [akkaFabric-akka.actor.default-dispatcher-3] [] : Message [improbable.fabric.internal.pubsub.PubSubMessageProto$PubSubMessage] from Actor[akka://akkaFabric/user/BridgeModule:aae24ec4-6ce1-4160-83d3-ca80931e5e10/BridgeActor-UnityClienta40a40ee-66a9-452a-8c27-97db886b8501#-137902404] to Actor[akka://akkaFabric/user/BridgeModule:aae24ec4-6ce1-4160-83d3-ca80931e5e10/BridgeActor-UnityClienta40a40ee-66a9-452a-8c27-97db886b8501#-137902404] was not delivered. [10] dead letters encountered, no more dead letters will be logged. This logging can be turned off or adjusted with configuration settings 'akka.log-dead-letters' and 'akka.log-dead-letters-during-shutdown'.
2017-11-29 16:45:44,434 INFO  [i.b.n.BridgeActorTransportLinkListener] [] [] [] : TransportLinkListener(UnityClient5aea905a-5191-4838-bdfa-84e879c119e3) sending Disconnected to akka://akkaFabric/user/BridgeModule:aae24ec4-6ce1-4160-83d3-ca80931e5e10/BridgeActor-UnityClient5aea905a-5191-4838-bdfa-84e879c119e3
2017-11-29 16:45:44,446 INFO  [i.b.i.BridgeInternalServiceImpl] [] [] [] : Bridge worker_id: "UnityClient5aea905a-5191-4838-bdfa-84e879c119e3"
 unregistered with bridge internal service
2017-11-29 16:45:44,447 INFO  [improbable.bridge.BridgeActor] [] [] [] : Bridge(UnityClient5aea905a-5191-4838-bdfa-84e879c119e3) on guid: "aae24ec4-6ce1-4160-83d3-ca80931e5e10"
 stopped.
2017-11-29 16:45:44,456 INFO  [i.module.bridge.oracle.BridgeOracle] [] [] [] : Sending bridge stopped to self for bridge endpoint worker_id: "UnityClient5aea905a-5191-4838-bdfa-84e879c119e3"

2017-11-29 16:45:44,462 INFO  [i.module.bridge.oracle.BridgeOracle] [] [] [] : Bridge(UnityClient5aea905a-5191-4838-bdfa-84e879c119e3) stopped.
