2017-11-29 18:38:45,286 INFO  [i.deployment.InternalGameLauncher] [] [] [] : Parsed 353 internal flags at startup
2017-11-29 18:38:45,778 INFO  [i.deployment.InternalGameLauncher] [] [] [] : SpatialOS runtime version: 11-20171129T133416Z-20e0e7c
2017-11-29 18:38:46,361 INFO  [i.c.c.f.FlagzFieldRegistryUpdater] [] [] [] : Initialized Fabric flagz registry with 11 set fields.
2017-11-29 18:38:47,965 INFO  [i.core.discovery.server.LocalServer] [] [] [] : Registered Service(improbable.fabric.internal.service.StatusDiscoveryInternalService) on 127.0.0.1:5301.
2017-11-29 18:38:47,986 INFO  [i.c.discovery.ServiceDiscoveryImpl] [] [] [] : Status discovery address: host: "127.0.0.1"
port: 5301

2017-11-29 18:38:48,011 INFO  [improbable.module.ModuleNode] [] [] [] : Starting Fabric node as master (IP: 127.0.0.1).
2017-11-29 18:38:48,014 INFO  [i.c.d.client.CheckpointDiscoveryImpl] [] [] [] : Reached a checkpoint: ALL_NODES_STARTED
2017-11-29 18:38:48,016 INFO  [improbable.module.ModuleNode] [] [] [] : Node master has started, waiting for other nodes to reach the same checkpoint.
2017-11-29 18:38:48,017 INFO  [improbable.module.ModuleNode] [] [] [] : All nodes have been started.
2017-11-29 18:38:48,072 INFO  [i.core.discovery.server.PublicServer] [] [] [] : Registered Service(improbable.platform.runtime.ModuleService) on 127.0.0.1:9000.
2017-11-29 18:38:48,164 INFO  [i.core.discovery.server.PublicServer] [] [] [] : Registered Service(improbable.platform.runtime.HealthCheckService) on 127.0.0.1:9001.
2017-11-29 18:38:48,196 INFO  [i.core.discovery.server.LocalServer] [] [] [] : Registered Service(improbable.fabric.internal.service.PerfInternalService) on 127.0.0.1:9002.
2017-11-29 18:38:48,228 INFO  [i.core.discovery.server.LocalServer] [] [] [] : Registered Service(improbable.fabric.internal.service.ContentionInternalService) on 127.0.0.1:9003.
2017-11-29 18:38:48,366 INFO  [i.core.discovery.server.PublicServer] [] [] [] : Registered Service(improbable.platform.runtime.FeatureService) on 127.0.0.1:9004.
2017-11-29 18:38:48,426 INFO  [i.c.config.flagz.WorkerFlagzUpdater] [] [] [] : Initialized worker flagz registry with 0 set fields.
2017-11-29 18:38:48,431 INFO  [improbable.module.ModuleNode] [] [] [] : Using master node configuration loader.
2017-11-29 18:38:48,469 INFO  [i.core.discovery.server.LocalServer] [] [] [] : Registered Service(improbable.fabric.internal.service.NodeConfigurationInternalService) on 127.0.0.1:9005.
2017-11-29 18:38:48,546 INFO  [i.c.c.n.MasterNodeConfigurationLoader] [] [] [] : Using roles [MASTER, GSIM, BRIDGE, WORKER_RUNNER, INSPECTION] for node node_id {
  deployment_id {
    project_id {
      name: "beta_oscar_bacon_891"
    }
    name: "local"
  }
  name: "master"
}
private_ip: "127.0.0.1"
roles: MASTER
roles: GSIM
roles: BRIDGE
roles: WORKER_RUNNER
roles: INSPECTION

2017-11-29 18:38:48,585 INFO  [i.c.d.g.GlobalServiceDiscoveryImpl] [] [] [] : Global service discovery refreshed 7 server(s) (previously: 0)
2017-11-29 18:38:48,594 INFO  [improbable.core.config.node.GsimGrid] [] [] [] : Created gsim grid configuration of size (1500, 1500) with 1 columns and 1 rows, using gsims of (30, 30) chunks.
2017-11-29 18:38:48,601 INFO  [i.c.d.g.GlobalCheckpointDiscoveryImpl] [] [] [] : Global checkpoint discovery refreshed checkpoints.
2017-11-29 18:38:48,622 INFO  [i.c.c.n.MasterNodeConfigurationLoader] [] [] [] : Original deployment module configuration (before parsing): {deployment_id {
  project_id {
    name: "beta_oscar_bacon_891"
  }
  name: "local"
}
name: "master"
=[ProfilingModule, BridgeModuleOracleModule, BridgeOracleModule, PersistenceModule, ReceptionistModule, RouterModule, GSimModule, BridgeModule, EngineStartupModule, InspectionRestModule]}
2017-11-29 18:38:48,645 INFO  [i.c.c.n.MasterNodeConfigurationLoader] [] [] [] : Master successfully loaded configurations for 1 node(s).
2017-11-29 18:38:48,653 INFO  [improbable.module.ModuleNode] [] [] [] : Loaded node configuration: node_id {
  deployment_id {
    project_id {
      name: "beta_oscar_bacon_891"
    }
    name: "local"
  }
  name: "master"
}
gsim_configurations {
  extent {
    bottom_left {
      x_in_chunks: -15
      z_in_chunks: -15
    }
    top_right {
      x_in_chunks: 15
      z_in_chunks: 15
    }
  }
}
start_router: true
start_bridge_oracle: true
start_bridge_module_oracle: true
start_engine_startup_module: true
start_receptionist_service: true
start_inspection_rest_module: true
start_snapshot_service: true
start_profiling_module: true
bridge_modules: "BridgeModule"
gsim_modules: "GSimModule"

2017-11-29 18:38:48,654 INFO  [improbable.module.ModuleNode] [] [] [] : Using master world extents provider.
2017-11-29 18:38:48,676 INFO  [i.core.discovery.server.LocalServer] [] [] [] : Registered Service(improbable.fabric.internal.service.WorldExtentsInternalService) on 127.0.0.1:9006.
2017-11-29 18:38:48,677 INFO  [i.c.world.MasterWorldExtentsProvider] [] [] [] : Successfully initialized world extents with 1 rectangle(s).
2017-11-29 18:38:48,683 INFO  [improbable.module.ModuleNode] [] [] [] : Loaded world extents: WorldExtents{proto=rectangles {
  bottom_left {
    x: -750.0
    z: -750.0
  }
  top_right {
    x: 750.0
    z: 750.0
  }
  is_fully_simulated: true
  responsible_gsim_id {
  }
}
bounding_rectangle {
  bottom_left {
    x: -750.0
    z: -750.0
  }
  top_right {
    x: 750.0
    z: 750.0
  }
  is_fully_simulated: true
}
}
2017-11-29 18:38:48,894 INFO  [i.e.schema.ParsedFileDescriptorSet] [] [] [] : Parsed file descriptors of 15 proto files.
2017-11-29 18:38:48,952 INFO  [i.entity.schema.SchemaFactory] [] [] [] : Found components: [improbable.core.Rotation, improbable.core.PlayerData, improbable.player.Score, improbable.EntityAcl, improbable.Metadata, improbable.Position, improbable.Persistence, improbable.player.Status, improbable.core.PlayerCreation, improbable.player.PlayerInput, improbable.core.ClientAuthorityCheck, improbable.player.ClientConnection, improbable.player.Health]
2017-11-29 18:38:48,967 INFO  [i.entity.schema.SchemaFactory] [] [] [] : Found components: [improbable.EntityAcl, improbable.Metadata, improbable.Position, improbable.Persistence, improbable.core.Rotation, improbable.player.Score, improbable.player.Health, improbable.player.ClientConnection, improbable.core.ClientAuthorityCheck, improbable.core.PlayerCreation, improbable.player.PlayerInput, improbable.player.Status, improbable.internal.EntityAuthority, improbable.core.PlayerData]
2017-11-29 18:38:48,969 INFO  [improbable.module.ModuleNode] [] [] [] : Successfully loaded schema for entities
2017-11-29 18:38:48,971 INFO  [improbable.module.ModuleNode] [] [] [] : Validating snapshot at startup and determining max entity id
2017-11-29 18:38:48,980 INFO  [i.p.s.storage.LegacySnapshotStorage] [] [] [] : Requesting download URL for Snapshot(local@latest) matching []
2017-11-29 18:38:49,001 INFO  [i.p.s.storage.LegacySnapshotStorage] [] [] [] : Downloading snapshot from http://127.0.0.1:21000/snapshots/20171129183833210
2017-11-29 18:38:49,046 INFO  [improbable.module.ModuleNode] [] [] [] : Determined the first entity id for the id assigner as 2
2017-11-29 18:38:49,053 INFO  [i.core.discovery.server.LocalServer] [] [] [] : Registered Service(improbable.fabric.internal.service.EntityIdInternalService) on 127.0.0.1:9007.
2017-11-29 18:38:49,084 INFO  [i.core.discovery.server.LocalServer] [] [] [] : Registered Service(improbable.fabric.internal.service.WorkerPrestartRegistryInternalService) on 127.0.0.1:9008.
2017-11-29 18:38:49,099 INFO  [i.core.discovery.server.LocalServer] [] [] [] : Registered Service(improbable.fabric.internal.service.RouterLookupInternalService) on 127.0.0.1:9009.
2017-11-29 18:38:49,101 INFO  [i.module.router.ActorSystemFactory$] [] [] [] : Attempting to create ActorSystem akkaFabric with configRecord akkaFabric
2017-11-29 18:38:49,608 INFO  [i.c.d.g.GlobalServiceDiscoveryImpl] [] [] [] : Global service discovery refreshed 11 server(s) (previously: 7)
2017-11-29 18:38:49,678 INFO  [akka.event.slf4j.Slf4jLogger] [] [] [] : Slf4jLogger started
2017-11-29 18:38:52,115 INFO  [i.l.params.LoadbalancerParamsFactory] [] [] [] : Parsed 1 worker loadbalancing configuration(s)
2017-11-29 18:38:52,134 INFO  [i.l.params.LoadbalancerParamsFactory] [] [] [] : Successfully loaded loadbalancing configurations: {UnityWorker=improbable.loadbalancing.params.AutoHexGridLoadbalancerParams@79f40cc5}
2017-11-29 18:38:52,460 INFO  [improbable.module.ModuleNode] [] [] [] : Loaded worker assemblies: [worker_assembly_id {
  assembly_id {
    project_id {
      name: "beta_oscar_bacon_891"
    }
    name: "local_assembly"
  }
  name {
    name: "UnityClient"
  }
}
bridge_configuration {
  worker_attribute_set {
    attribute {
      name: "visual"
    }
  }
  entity_interest {
    range_entity_interest {
      radius: 200.0
    }
  }
  component_delivery {
    checkout_all_initially: true
  }
}
, worker_assembly_id {
  assembly_id {
    project_id {
      name: "beta_oscar_bacon_891"
    }
    name: "local_assembly"
  }
  name {
    name: "UnityWorker"
  }
}
worker_launch_configuration {
  platform: WINDOWS
  worker_zip {
    command: "UnityWorker@Windows.exe"
    argument: "+projectName"
    argument: "${IMPROBABLE_PROJECT_NAME}"
    argument: "+receptionistIp"
    argument: "${IMPROBABLE_RECEPTIONIST_HOST}"
    argument: "+receptionistPort"
    argument: "${IMPROBABLE_RECEPTIONIST_PORT}"
    argument: "+workerType"
    argument: "${IMPROBABLE_WORKER_NAME}"
    argument: "+workerId"
    argument: "${IMPROBABLE_WORKER_ID}"
    argument: "+useInternalIpForBridge"
    argument: "true"
    argument: "+infraServicesUrl"
    argument: "${IMPROBABLE_API_URL}"
    argument: "+assemblyName"
    argument: "${IMPROBABLE_ASSEMBLY_NAME}"
    argument: "+linkProtocol"
    argument: "RakNet"
    argument: "-logfile"
    argument: "${IMPROBABLE_LOG_FILE}"
    argument: "-batchmode"
    argument: "-nographics"
    worker_location {
      filename: "UnityWorker@Windows.zip"
    }
  }
}
worker_launch_configuration {
  platform: MACOS
  worker_zip {
    command: "UnityWorker@Mac.app/Contents/MacOS/UnityWorker@Mac"
    argument: "+projectName"
    argument: "${IMPROBABLE_PROJECT_NAME}"
    argument: "+receptionistIp"
    argument: "${IMPROBABLE_RECEPTIONIST_HOST}"
    argument: "+receptionistPort"
    argument: "${IMPROBABLE_RECEPTIONIST_PORT}"
    argument: "+workerType"
    argument: "${IMPROBABLE_WORKER_NAME}"
    argument: "+workerId"
    argument: "${IMPROBABLE_WORKER_ID}"
    argument: "+useInternalIpForBridge"
    argument: "true"
    argument: "+infraServicesUrl"
    argument: "${IMPROBABLE_API_URL}"
    argument: "+assemblyName"
    argument: "${IMPROBABLE_ASSEMBLY_NAME}"
    argument: "+linkProtocol"
    argument: "RakNet"
    argument: "-logfile"
    argument: "${IMPROBABLE_LOG_FILE}"
    argument: "-batchmode"
    argument: "-nographics"
    worker_location {
      filename: "UnityWorker@Mac.zip"
    }
  }
}
worker_launch_configuration {
  platform: LINUX
  worker_zip {
    command: "UnityWorker@Linux"
    argument: "+projectName"
    argument: "${IMPROBABLE_PROJECT_NAME}"
    argument: "+receptionistIp"
    argument: "${IMPROBABLE_RECEPTIONIST_HOST}"
    argument: "+receptionistPort"
    argument: "${IMPROBABLE_RECEPTIONIST_PORT}"
    argument: "+workerType"
    argument: "${IMPROBABLE_WORKER_NAME}"
    argument: "+workerId"
    argument: "${IMPROBABLE_WORKER_ID}"
    argument: "+useInternalIpForBridge"
    argument: "true"
    argument: "+infraServicesUrl"
    argument: "${IMPROBABLE_API_URL}"
    argument: "+assemblyName"
    argument: "${IMPROBABLE_ASSEMBLY_NAME}"
    argument: "+linkProtocol"
    argument: "RakNet"
    argument: "-logfile"
    argument: "${IMPROBABLE_LOG_FILE}"
    argument: "-batchmode"
    argument: "-nographics"
    worker_location {
      filename: "UnityWorker@Linux.zip"
    }
  }
}
bridge_configuration {
  worker_attribute_set {
    attribute {
      name: "physics"
    }
  }
  entity_interest {
    range_entity_interest {
      radius: 200.0
    }
  }
  component_delivery {
    checkout_all_initially: true
  }
}
]
2017-11-29 18:38:52,488 INFO  [i.w.assembly.WorkerAssemblyProvider] [] [] [] : Worker configuration for 'UnityClient' does not contain a launch configuration for the current platform 'WINDOWS', so Fabric will not start any managed workers of this type
2017-11-29 18:38:52,498 INFO  [i.w.assembly.WorkerAssemblyProvider] [] [] [] : The following worker configurations do not contain valid managed launch configurations for the current platform WINDOWS, and the runtime will be unable to launch managed workers of this type: [UnityClient]. This is expected for worker types you intend to only connect manually.
2017-11-29 18:38:52,508 INFO  [i.w.permissions.PermissionsFactory] [] [] [] : Created permissions manager with permissions: {UnityWorker=Permissions{{/sys/CreateEntity=, /sys/DeleteEntity=, /sys/EntityQuery={"component":["*"]}}}, UnityClient=Permissions{{/sys/EntityQuery={"component":[]}}}}
2017-11-29 18:38:52,514 INFO  [i.w.a.WorkerAssemblyProviderFactory] [] [] [] : Loaded worker assemblies for these workers types: UnityClient, UnityWorker.
2017-11-29 18:38:57,765 INFO  [improbable.module.ModuleNode] [] [] [] : Starting router on master
2017-11-29 18:38:57,777 INFO  [i.core.discovery.server.LocalServer] [] [] [] : Registered Service(improbable.fabric.internal.service.RouterInternalService) on 127.0.0.1:9010.
2017-11-29 18:38:57,778 INFO  [i.c.m.r.RouterInternalServiceImpl] [] [] [] : Attempting to register RouterInternalServiceImpl with RouterLookupInternalService.
2017-11-29 18:38:57,806 INFO  [i.c.m.r.l.RouterLookupInternalServiceImpl] [] [] [] : 1/1 router modules started
2017-11-29 18:38:57,808 INFO  [i.c.m.r.RouterInternalServiceImpl] [] [] [] : Registered RouterInternalServiceImpl with RouterLookupInternalService.
2017-11-29 18:38:57,811 INFO  [improbable.module.ModuleNode] [] [] [] : Attempting to get addresses of all RouterModules from master node
2017-11-29 18:38:57,829 INFO  [improbable.module.ModuleNode] [] [] [] : Got all RouterModules from master node
2017-11-29 18:38:57,870 INFO  [i.core.discovery.server.LocalServer] [] [] [] : Registered Service(improbable.fabric.internal.service.RemoteMessageInternalService) on 127.0.0.1:9011.
2017-11-29 18:38:57,893 INFO  [i.core.discovery.server.LocalServer] [] [] [] : Registered Service(improbable.fabric.internal.service.LocalBrokerInternalService) on 127.0.0.1:9012.
2017-11-29 18:38:57,901 INFO  [improbable.module.ModuleNode] [] [] [] : Waiting for all router modules in the deployment to have started
2017-11-29 18:38:57,905 INFO  [improbable.module.ModuleNode] [] [] [] : All router modules in the deployment started
2017-11-29 18:38:57,998 INFO  [org.eclipse.jetty.server.Server] [] [] [] : jetty-8.y.z-SNAPSHOT
2017-11-29 18:38:58,037 INFO  [o.e.jetty.server.AbstractConnector] [] [] [] : Started SelectChannelConnector@0.0.0.0:5006
2017-11-29 18:38:58,038 INFO  [improbable.http.ServletContainer$] [] [] [] : Servlet container started
2017-11-29 18:38:58,041 INFO  [improbable.module.ModuleNode] [] [] [] : Starting BridgeOracle on master
2017-11-29 18:38:58,055 INFO  [improbable.module.ModuleNode] [] [] [] : Waiting for the BridgeOracle to have started
2017-11-29 18:38:58,133 INFO  [i.core.discovery.server.LocalServer] [] [] [] : Registered Service(improbable.fabric.internal.service.BridgeOracleInternalService) on 127.0.0.1:9013.
2017-11-29 18:38:58,611 INFO  [i.c.d.g.GlobalServiceDiscoveryImpl] [] [] [] : Global service discovery refreshed 15 server(s) (previously: 11)
2017-11-29 18:38:58,613 INFO  [improbable.module.ModuleNode] [] [] [] : Received BridgeOracle started
2017-11-29 18:38:58,625 INFO  [i.core.discovery.server.LocalServer] [] [] [] : Registered Service(improbable.fabric.internal.service.GlobalBrokerInternalService) on 127.0.0.1:9014.
2017-11-29 18:38:58,628 INFO  [improbable.module.ModuleNode] [] [] [] : Waiting for the BridgeModuleOracle to have started
2017-11-29 18:38:58,633 INFO  [i.c.a.e.ExtensibleActorReporter] [] [] [] : Started BridgeModuleOracleActor(Actor[akka://akkaFabric/user/BridgeModuleOracleModule#1425638249]).
2017-11-29 18:38:58,645 INFO  [i.core.discovery.server.LocalServer] [] [] [] : Registered Service(improbable.fabric.internal.service.BridgeServiceOracleInternalService) on 127.0.0.1:9015.
2017-11-29 18:38:59,607 INFO  [i.c.d.g.GlobalServiceDiscoveryImpl] [] [] [] : Global service discovery refreshed 17 server(s) (previously: 15)
2017-11-29 18:38:59,608 INFO  [improbable.module.ModuleNode] [] [] [] : Received BridgeModuleOracle started
2017-11-29 18:38:59,614 INFO  [improbable.module.ModuleNode] [] [] [] : Starting gsim GSimModule
2017-11-29 18:38:59,621 INFO  [improbable.module.ModuleNode] [] [] [] : Waiting for 1 entity query service(s) to start.
2017-11-29 18:38:59,649 INFO  [i.core.discovery.server.LocalServer] [] [] [] : Registered Service(improbable.fabric.internal.service.LocalSnapshotInternalService) on 127.0.0.1:9016.
2017-11-29 18:38:59,675 INFO  [i.core.discovery.server.PublicServer] [] [] [] : Registered Service(improbable.fabric.internal.service.ScalingStatsInternalService) on 127.0.0.1:9017.
2017-11-29 18:38:59,696 INFO  [i.p.gsim.GSimPersistenceWriter] [] [] [] : Transitioning GSimPersistenceActor(0) from State [Idle] to [Idle].  Time Elapsed: 2 milliseconds
2017-11-29 18:38:59,696 INFO  [i.core.discovery.server.LocalServer] [] [] [] : Registered Service(improbable.fabric.internal.service.EntityQueryInternalService) on 127.0.0.1:9018.
2017-11-29 18:39:00,164 INFO  [i.bridge.oracle.scaling.WorkerScaler] [] [] [] : Skipping reconciliation because no WorkerRunner service is available. This message is expected at startup but should not persist through the deployment
2017-11-29 18:39:00,609 INFO  [i.c.d.g.GlobalServiceDiscoveryImpl] [] [] [] : Global service discovery refreshed 20 server(s) (previously: 17)
2017-11-29 18:39:00,609 INFO  [improbable.module.ModuleNode] [] [] [] : All 1 entity query service(s) have started.
2017-11-29 18:39:00,611 INFO  [improbable.module.ModuleNode] [] [] [] : Creating entity query client.
2017-11-29 18:39:00,625 INFO  [improbable.module.ModuleNode] [] [] [] : Entity query client created with directory: EntityQueryServiceDirectory{allServices=[EntityQueryInternalServiceInfo{address=host: "127.0.0.1"
port: 9018
, extent=Rectangle{minX=-750.0, minZ=-750.0, maxX=750.0, maxZ=750.0}, isLocal=true}], localServices=[EntityQueryInternalServiceInfo{address=host: "127.0.0.1"
port: 9018
, extent=Rectangle{minX=-750.0, minZ=-750.0, maxX=750.0, maxZ=750.0}, isLocal=true}], remoteServices=[]}
2017-11-29 18:39:00,636 INFO  [improbable.module.ModuleNode] [] [] [] : Waiting for 1 bridge service(s) to start.
2017-11-29 18:39:00,656 INFO  [i.c.a.e.ExtensibleActorReporter] [] [] [] : Started BridgeModuleActor(Actor[akka://akkaFabric/user/BridgeModule:6080b210-835a-4776-82cc-f9e1f5cd33fd#1551796950]).
2017-11-29 18:39:00,674 INFO  [i.core.discovery.server.LocalServer] [] [] [] : Registered Service(improbable.fabric.internal.service.BridgeInternalService) on 127.0.0.1:9019.
2017-11-29 18:39:00,676 INFO  [i.module.bridge.BridgeModuleActor] [] [] [] : Waiting for BridgeModuleOracle service to be available
2017-11-29 18:39:00,696 INFO  [i.module.bridge.BridgeModuleActor] [] [] [] : Registered(bridge_service_endpoint {
  guid: "6080b210-835a-4776-82cc-f9e1f5cd33fd"
}
) on BridgeModuleOracleService
2017-11-29 18:39:01,619 INFO  [i.c.d.g.GlobalServiceDiscoveryImpl] [] [] [] : Global service discovery refreshed 21 server(s) (previously: 20)
2017-11-29 18:39:01,620 INFO  [improbable.module.ModuleNode] [] [] [] : All 1 bridge service(s) have started.
2017-11-29 18:39:01,620 INFO  [improbable.module.ModuleNode] [] [] [] : Starting WorkerRunner service (EngineStartupModule)
2017-11-29 18:39:01,630 INFO  [improbable.worker.exec.WorkerStats] [] [] [] : Cannot read /proc/self/stat; worker stats reporting will not work.
2017-11-29 18:39:01,639 INFO  [i.core.discovery.server.PublicServer] [] [] [] : Registered Service(improbable.platform.inner.worker.WorkerRunner) on 127.0.0.1:9020.
2017-11-29 18:39:01,650 INFO  [i.core.discovery.server.LocalServer] [] [] [] : Registered Service(improbable.fabric.internal.service.ReceptionistInternalService) on 127.0.0.1:9021.
2017-11-29 18:39:01,661 INFO  [i.core.discovery.server.PublicServer] [] [] [] : Registered Service(improbable.platform.runtime.ReceptionistService) on 127.0.0.1:7777.
2017-11-29 18:39:01,663 INFO  [improbable.module.ModuleNode] [] [] [] : Starting InspectionRestModule
2017-11-29 18:39:01,667 INFO  [improbable.module.ModuleNode] [] [] [] : Starting ProfilingModule
2017-11-29 18:39:01,668 INFO  [i.c.d.client.CheckpointDiscoveryImpl] [] [] [] : Reached a checkpoint: ALL_MODULES_STARTED
2017-11-29 18:39:01,677 INFO  [i.c.a.e.ExtensibleActorReporter] [] [] [] : Started ProfilingModuleActor(Actor[akka://akkaFabric/user/ProfilingModule#891831357]).
2017-11-29 18:39:01,680 INFO  [improbable.module.ModuleNode] [] [] [] : All modules on this node started, waiting for other nodes to reach the same checkpoint.
2017-11-29 18:39:01,682 INFO  [i.core.discovery.server.LocalServer] [] [] [] : Registered Service(improbable.fabric.internal.debug.HeatmapCellCacheInternalService) on 127.0.0.1:9022.
2017-11-29 18:39:01,711 INFO  [i.core.discovery.server.PublicServer] [] [] [] : Registered Service(improbable.platform.runtime.InspectionService) on 127.0.0.1:9023.
2017-11-29 18:39:01,774 INFO  [i.c.a.e.ExtensibleActorReporter] [] [] [] : Started InspectionRestModuleActor(Actor[akka://akkaFabric/user/InspectionRestModule#-685593392]).
2017-11-29 18:39:02,119 INFO  [i.bridge.oracle.scaling.WorkerScaler] [] [] [] : Skipping reconciliation because no WorkerRunner service is available. This message is expected at startup but should not persist through the deployment
2017-11-29 18:39:02,515 INFO  [spray.can.server.HttpListener] [akka://akkaFabric/user/IO-HTTP/listener-0] [akkaFabric-akka.actor.default-dispatcher-16] [] : Bound to /0.0.0.0:5005
2017-11-29 18:39:02,607 INFO  [i.c.d.g.GlobalCheckpointDiscoveryImpl] [] [] [] : Global checkpoint discovery refreshed checkpoints.
2017-11-29 18:39:02,608 INFO  [i.c.d.g.GlobalServiceDiscoveryImpl] [] [] [] : Global service discovery refreshed 26 server(s) (previously: 21)
2017-11-29 18:39:02,608 INFO  [improbable.module.ModuleNode] [] [] [] : All modules on all nodes have been started.
2017-11-29 18:39:02,608 INFO  [improbable.module.ModuleNode] [] [] [] : Loading a snapshot.
2017-11-29 18:39:02,630 INFO  [i.p.g.GSimPersistenceLoadOrchestrator] [] [] [] : Loading snapshot on GSim(0).
2017-11-29 18:39:02,631 INFO  [i.p.s.storage.LegacySnapshotStorage] [] [] [] : Requesting download URL for Snapshot(local@latest) matching []
2017-11-29 18:39:02,640 INFO  [i.p.s.storage.LegacySnapshotStorage] [] [] [] : Downloading snapshot from http://127.0.0.1:21000/snapshots/20171129183833210
2017-11-29 18:39:02,645 INFO  [i.p.gsim.GSimPersistenceLoader] [] [] [] : Loading snapshot
2017-11-29 18:39:02,663 INFO  [i.p.g.GSimPersistenceLoadOrchestrator] [] [] [] : Loaded 1 entities on GSim(0).
2017-11-29 18:39:02,668 INFO  [i.p.c.PersistenceLoaderCoordinatorActor] [] [] [] : All Snapshots loaded.
2017-11-29 18:39:02,669 INFO  [improbable.module.ModuleNode] [] [] [] : Snapshot has been loaded.
2017-11-29 18:39:02,670 INFO  [improbable.module.ModuleNode] [] [] [] : Starting SnapshotService.
2017-11-29 18:39:02,681 INFO  [i.core.discovery.server.PublicServer] [] [] [] : Registered Service(improbable.platform.runtime.SnapshotService) on 127.0.0.1:9024.
2017-11-29 18:39:02,683 INFO  [i.c.d.client.CheckpointDiscoveryImpl] [] [] [] : Reached a checkpoint: LOAD_SNAPSHOT_FINISHED
2017-11-29 18:39:02,684 INFO  [improbable.module.ModuleNode] [] [] [] : SpatialOS runtime startup complete.
2017-11-29 18:39:02,730 INFO  [i.l.params.LoadbalancerParamsFactory] [] [] [] : LoadbalancerParams for worker type [UnityWorker]: [AutoHexGridLoadbalancerParams{energyLimitingEnabled=true, energyLimit=1.0E9, minWorkerRange=1500.0, maxWorkerRange=1500.0, maxWorkerStepSize=0.0, workerExpansionTimeMs=60000, workerGridSize=0, loadbalancerEnabled=false, hexGridMode=AUTO, scalerAdvisorType=CONSTANT, maxWorkers=1, initialWorkers=1, numEntitiesPerWorker=9223372036854775807, statusReportPeriodMs=30000, pointsOfInterestEnabled=false, hexGridSolution=AutoValue_HexGridSolution{workersUsed=1, hexagonEdgeLength=1500.0, hexagonOrientation=POINTY_TOP, bounds=Rectangle{minX=-750.0, minZ=-750.0, maxX=750.0, maxZ=750.0}}, pointsOfInterestSolution=Empty}]
2017-11-29 18:39:03,613 INFO  [i.c.d.g.GlobalCheckpointDiscoveryImpl] [] [] [] : Global checkpoint discovery refreshed checkpoints.
2017-11-29 18:39:03,614 INFO  [i.c.d.g.GlobalServiceDiscoveryImpl] [] [] [] : Global service discovery refreshed 27 server(s) (previously: 26)
2017-11-29 18:39:04,673 INFO  [i.b.o.m.BridgeOracleWorkerManager] [] [] [] : Trying to start managed worker UnityWorker0
2017-11-29 18:39:04,693 INFO  [i.bridge.oracle.scaling.WorkerScaler] [] [] [] : Starting 1 new managed workers for attribute_set {
  attribute: "physics"
}
 (required: 1, existing: 0)
2017-11-29 18:39:08,809 INFO  [i.worker.exec.WorkerStartupExecutor] [] [] [] : Created log file for worker UnityWorker0, type (UnityWorker): [C:\Users\Erasmo\Documents\GitHub\Game\logs\2017-11-29_18-38-35_0\workers\UnityWorker\UnityWorker0-1761099284407099259.log]
2017-11-29 18:39:08,811 INFO  [i.worker.exec.CommandLineExecutor] [] [] [] : Running command: C:\Users\Erasmo\AppData\Local\Temp\zip-downloader6540502106952601539\b11a5c006669324faf5f2fb1f1723868\UnityWorker@Windows.exe +projectName beta_oscar_bacon_891 +receptionistIp 127.0.0.1 +receptionistPort 7777 +workerType UnityWorker +workerId UnityWorker0 +useInternalIpForBridge true +infraServicesUrl http://127.0.0.1:21000 +assemblyName local_assembly +linkProtocol RakNet -logfile C:\Users\Erasmo\Documents\GitHub\Game\logs\2017-11-29_18-38-35_0\workers\UnityWorker\UnityWorker0-1761099284407099259.log -batchmode -nographics
2017-11-29 18:39:09,529 INFO  [i.b.s.BridgeServicePicker] [] [] [] : Attempting to get positionHint for UnityWorker0 via rpc
2017-11-29 18:39:09,543 INFO  [i.m.b.o.m.BridgeModuleOracleActor] [] [] [] : BridgeServicePicker returned module Optional[legacy_guid: "6080b210-835a-4776-82cc-f9e1f5cd33fd"
address {
  host: "127.0.0.1"
  port: 9019
}
] with load Optional[BridgeModuleLoadBalanceInfo((0.0, 0.0, 0.0),0)].get().toString() for Engine(UnityWorker0)
2017-11-29 18:39:09,797 INFO  [i.b.i.BridgeInternalServiceImpl] [] [] [] : Bridge worker_id: "UnityWorker0"
 registered with bridge internal service
2017-11-29 18:39:09,816 INFO  [i.b.o.s.BridgeOracleInternalServiceImpl] [] [] [] : Got bridge started rpc from bridge: worker_id: "UnityWorker0"

2017-11-29 18:39:09,819 INFO  [i.b.o.s.BridgeOracleInternalServiceImpl] [] [] [] : The worker UnityWorker0 registered with SpatialOS successfully.
2017-11-29 18:39:09,821 INFO  [i.module.bridge.oracle.BridgeOracle] [] [] [] : Sending bridge started to self for bridge endpoint bridge_oracle_endpoint {
}

2017-11-29 18:39:09,824 INFO  [i.module.bridge.oracle.BridgeOracle] [] [] [] : Bridge(UnityWorker0) started.
2017-11-29 18:39:09,833 INFO  [i.b.o.m.BridgeOracleWorkerManager] [] [] [] : Worker UnityWorker0 registered with the BridgeOracleWorker manager
2017-11-29 18:39:10,464 INFO  [i.b.n.raknet.GuardedRakPeerInterface] [] [] [] : New RakNet connection established with 127.0.0.1
2017-11-29 18:39:22,203 INFO  [i.b.s.BridgeServicePicker] [] [] [] : Attempting to get positionHint for UnityCliente1388c4c-1e71-48ad-b446-3a20261d532a via rpc
2017-11-29 18:39:22,208 INFO  [i.b.s.BridgeServicePicker] [] [] [] : Starting UnityCliente1388c4c-1e71-48ad-b446-3a20261d532a without a position hint, so using a random bridge service
2017-11-29 18:39:22,209 INFO  [i.m.b.o.m.BridgeModuleOracleActor] [] [] [] : BridgeServicePicker returned module Optional[legacy_guid: "6080b210-835a-4776-82cc-f9e1f5cd33fd"
address {
  host: "127.0.0.1"
  port: 9019
}
] with load Optional[BridgeModuleLoadBalanceInfo((0.0, 0.0, 0.0),1)].get().toString() for Engine(UnityCliente1388c4c-1e71-48ad-b446-3a20261d532a)
2017-11-29 18:39:22,230 INFO  [i.l.params.LoadbalancerParamsFactory] [] [] [] : LoadbalancerParams for worker type [UnityClient]: [FlagzLoadbalancerParams{energyLimitingEnabled=true, energyLimit=1.0E9, minWorkerRange=Infinity, maxWorkerRange=Infinity, maxWorkerStepSize=50.0, workerExpansionTimeMs=60000, workerGridSize=5, loadbalancerEnabled=true, hexGridMode=OFF, scalerAdvisorType=ENTITY_COUNT, maxWorkers=25, initialWorkers=25, numEntitiesPerWorker=9223372036854775807, statusReportPeriodMs=2000, pointsOfInterestEnabled=false, hexGridSolution=Empty, pointsOfInterestSolution=Empty}]
2017-11-29 18:39:22,242 INFO  [i.b.i.BridgeInternalServiceImpl] [] [] [] : Bridge worker_id: "UnityCliente1388c4c-1e71-48ad-b446-3a20261d532a"
 registered with bridge internal service
2017-11-29 18:39:22,244 INFO  [i.b.o.s.BridgeOracleInternalServiceImpl] [] [] [] : Got bridge started rpc from bridge: worker_id: "UnityCliente1388c4c-1e71-48ad-b446-3a20261d532a"

2017-11-29 18:39:22,245 INFO  [i.b.o.s.BridgeOracleInternalServiceImpl] [] [] [] : The worker UnityCliente1388c4c-1e71-48ad-b446-3a20261d532a registered with SpatialOS successfully.
2017-11-29 18:39:22,246 INFO  [i.module.bridge.oracle.BridgeOracle] [] [] [] : Sending bridge started to self for bridge endpoint bridge_oracle_endpoint {
}

2017-11-29 18:39:22,249 INFO  [i.module.bridge.oracle.BridgeOracle] [] [] [] : Bridge(UnityCliente1388c4c-1e71-48ad-b446-3a20261d532a) started.
2017-11-29 18:39:22,838 INFO  [i.b.n.raknet.GuardedRakPeerInterface] [] [] [] : New RakNet connection established with 127.0.0.1
2017-11-29 18:39:23,052 WARN  [i.b.logging.EngineLogMessageHandler] [] [] [] : [Worker: UnityCliente1388c4c-1e71-48ad-b446-3a20261d532a] Request: Mario
 in  -[WorkerLogger:Unity]
2017-11-29 18:39:34,948 INFO  [i.b.s.BridgeServicePicker] [] [] [] : Attempting to get positionHint for UnityClient14be7013-071c-4fad-9698-97054e598740 via rpc
2017-11-29 18:39:34,951 INFO  [i.b.s.BridgeServicePicker] [] [] [] : Starting UnityClient14be7013-071c-4fad-9698-97054e598740 without a position hint, so using a random bridge service
2017-11-29 18:39:34,953 INFO  [i.m.b.o.m.BridgeModuleOracleActor] [] [] [] : BridgeServicePicker returned module Optional[legacy_guid: "6080b210-835a-4776-82cc-f9e1f5cd33fd"
address {
  host: "127.0.0.1"
  port: 9019
}
] with load Optional[BridgeModuleLoadBalanceInfo((0.0, 0.0, 0.0),2)].get().toString() for Engine(UnityClient14be7013-071c-4fad-9698-97054e598740)
2017-11-29 18:39:34,983 INFO  [i.b.i.BridgeInternalServiceImpl] [] [] [] : Bridge worker_id: "UnityClient14be7013-071c-4fad-9698-97054e598740"
 registered with bridge internal service
2017-11-29 18:39:34,991 INFO  [i.b.o.s.BridgeOracleInternalServiceImpl] [] [] [] : Got bridge started rpc from bridge: worker_id: "UnityClient14be7013-071c-4fad-9698-97054e598740"

2017-11-29 18:39:34,994 INFO  [i.b.o.s.BridgeOracleInternalServiceImpl] [] [] [] : The worker UnityClient14be7013-071c-4fad-9698-97054e598740 registered with SpatialOS successfully.
2017-11-29 18:39:34,994 INFO  [i.module.bridge.oracle.BridgeOracle] [] [] [] : Sending bridge started to self for bridge endpoint bridge_oracle_endpoint {
}

2017-11-29 18:39:34,999 INFO  [i.module.bridge.oracle.BridgeOracle] [] [] [] : Bridge(UnityClient14be7013-071c-4fad-9698-97054e598740) started.
2017-11-29 18:39:35,581 INFO  [i.b.n.raknet.GuardedRakPeerInterface] [] [] [] : New RakNet connection established with 127.0.0.1
2017-11-29 18:39:35,783 WARN  [i.b.logging.EngineLogMessageHandler] [] [] [] : [Worker: UnityClient14be7013-071c-4fad-9698-97054e598740] Request: Felice
 in UnityEngine.Debug:LogWarning(Object)
Assets.Gamelogic.Core.Bootstrap:RequestPlayerCreation(EntityId) (at Assets/Gamelogic/Core/Bootstrap.cs:79)
Assets.Gamelogic.Core.Bootstrap:OnSuccessfulPlayerCreatorQuery(EntityQueryResult) (at Assets/Gamelogic/Core/Bootstrap.cs:66)
Improbable.Unity.Core.CommandResponseHandler`1:TriggerSuccess(ICommandCallbackResponse`1) (at C:/w/ee9378522cbb9fd1/UnitySdk/Improbable.Unity/Assets/Precompiled/Unity/Commands/CommandResponseHandler.cs:62)
Improbable.Unity.Core.CommandResponseHandler`1:Trigger(ICommandCallbackResponse`1) (at C:/w/ee9378522cbb9fd1/UnitySdk/Improbable.Unity/Assets/Precompiled/Unity/Commands/CommandResponseHandler.cs:48)
Improbable.Unity.Core.CommandCallbackWrapper`1:TriggerWithStatus(StatusCode, Option`1, String) (at C:/w/ee9378522cbb9fd1/UnitySdk/Improbable.Unity/Assets/Precompiled/Unity/Commands/ICommandCallbackWrapper.cs:34)
Improbable.Unity.Core.<CreateOnResponseThunk>c__AnonStorey1D`2:<>m__2F(EntityQueryResponseOp) (at C:/w/ee9378522cbb9fd1/UnitySdk/Improbable.Unity/Assets/Precompiled/Unity/Commands/ComponentCommander.cs:243)
Improbable.Worker.Internal.Callbacks`1:InvokeAll(EntityQueryResponseOp)
Improbable.Worker.Dispatcher:EntityQueryResponseThunk(Void*, EntityQueryResponseOp*)
Improbable.Worker.Internal.WorkerProtocol:Dispatcher_Process(DispatcherHandle, OpListHandle)
Improbable.Worker.Dispatcher:Process(OpList)
Improbable.Unity.Core.ConnectionLifecycle:ProcessEvents() (at Assets/Plugins/Improbable/Sdk/Src/Unity/Core/ConnectionLifecycle.cs:367)
Improbable.Unity.Core.ConnectionLifecycle:Update() (at Assets/Plugins/Improbable/Sdk/Src/Unity/Core/ConnectionLifecycle.cs:149)
 -[WorkerLogger:Unity]
2017-11-29 18:40:04,888 WARN  [i.b.logging.EngineLogMessageHandler] [] [] [] : [Worker: UnityWorker0] called reset
 in  -[WorkerLogger:Unity]
2017-11-29 18:40:04,890 WARN  [i.b.logging.EngineLogMessageHandler] [] [] [] : [Worker: UnityWorker0] queryied
 in  -[WorkerLogger:Unity]
2017-11-29 18:40:04,941 WARN  [i.b.logging.EngineLogMessageHandler] [] [] [] : [Worker: UnityWorker0] Found 2 nearby entities with a health component
 in  -[WorkerLogger:Unity]
2017-11-29 18:40:04,946 WARN  [i.b.logging.EngineLogMessageHandler] [] [] [] : [Worker: UnityWorker0] entity found
 in  -[WorkerLogger:Unity]
2017-11-29 18:40:04,948 WARN  [i.b.logging.EngineLogMessageHandler] [] [] [] : [Worker: UnityWorker0] entity found
 in  -[WorkerLogger:Unity]
2017-11-29 18:40:05,957 ERROR [i.b.logging.EngineLogMessageHandler] [] [] [] : [Worker: UnityWorker0] Failed to send GameWin command with error: timed out locally
 in  -[WorkerLogger:Unity]
2017-11-29 18:40:05,958 ERROR [i.b.logging.EngineLogMessageHandler] [] [] [] : [Worker: UnityWorker0] Failed to send GameWin command with error: timed out locally
 in  -[WorkerLogger:Unity]
2017-11-29 18:40:05,975 INFO  [i.b.client.BridgeServiceTaskRetrier] [] [] [] : An internal operation forwarding EntityCommandRequest for "entity_id: 2
component_id: 2003
" failed on the SpatialOS side of the connection to UnityWorker0 after 0 retries, is the deployment under heavy load?
io.grpc.StatusRuntimeException: DEADLINE_EXCEEDED
	at io.grpc.Status.asRuntimeException(Status.java:543) ~[fabric__runtime_deploy.jar:na]
	at io.grpc.stub.ClientCalls$UnaryStreamToFuture.onClose(ClientCalls.java:442) [fabric__runtime_deploy.jar:na]
	at io.grpc.ForwardingClientCallListener.onClose(ForwardingClientCallListener.java:56) [fabric__runtime_deploy.jar:na]
	at me.dinowernli.grpc.prometheus.MonitoringClientCallListener.onClose(MonitoringClientCallListener.java:50) [fabric__runtime_deploy.jar:na]
	at io.grpc.internal.ClientCallImpl.closeObserver(ClientCallImpl.java:426) [fabric__runtime_deploy.jar:na]
	at io.grpc.internal.ClientCallImpl.access$100(ClientCallImpl.java:76) [fabric__runtime_deploy.jar:na]
	at io.grpc.internal.ClientCallImpl$ClientStreamListenerImpl.close(ClientCallImpl.java:512) [fabric__runtime_deploy.jar:na]
	at io.grpc.internal.ClientCallImpl$ClientStreamListenerImpl.access$700(ClientCallImpl.java:429) [fabric__runtime_deploy.jar:na]
	at io.grpc.internal.ClientCallImpl$ClientStreamListenerImpl$1StreamClosed.runInContext(ClientCallImpl.java:544) [fabric__runtime_deploy.jar:na]
	at io.grpc.internal.ContextRunnable.run(ContextRunnable.java:52) [fabric__runtime_deploy.jar:na]
	at io.grpc.internal.SerializingExecutor.run(SerializingExecutor.java:117) [fabric__runtime_deploy.jar:na]
	at improbable.common.async.FabricListeningExecutorService.lambda$instrumentRunnable$1(FabricListeningExecutorService.java:176) [fabric__runtime_deploy.jar:na]
	at java.util.concurrent.ThreadPoolExecutor.runWorker(Unknown Source) ~[na:1.8.0_151]
	at java.util.concurrent.ThreadPoolExecutor$Worker.run(Unknown Source) ~[na:1.8.0_151]
	at java.lang.Thread.run(Unknown Source) ~[na:1.8.0_151]
2017-11-29 18:40:05,976 INFO  [i.b.client.BridgeServiceTaskRetrier] [] [] [] : An internal operation forwarding EntityCommandRequest for "entity_id: 3
component_id: 2003
" failed on the SpatialOS side of the connection to UnityWorker0 after 0 retries, is the deployment under heavy load?
io.grpc.StatusRuntimeException: DEADLINE_EXCEEDED
	at io.grpc.Status.asRuntimeException(Status.java:543) ~[fabric__runtime_deploy.jar:na]
	at io.grpc.stub.ClientCalls$UnaryStreamToFuture.onClose(ClientCalls.java:442) [fabric__runtime_deploy.jar:na]
	at io.grpc.ForwardingClientCallListener.onClose(ForwardingClientCallListener.java:56) [fabric__runtime_deploy.jar:na]
	at me.dinowernli.grpc.prometheus.MonitoringClientCallListener.onClose(MonitoringClientCallListener.java:50) [fabric__runtime_deploy.jar:na]
	at io.grpc.internal.ClientCallImpl.closeObserver(ClientCallImpl.java:426) [fabric__runtime_deploy.jar:na]
	at io.grpc.internal.ClientCallImpl.access$100(ClientCallImpl.java:76) [fabric__runtime_deploy.jar:na]
	at io.grpc.internal.ClientCallImpl$ClientStreamListenerImpl.close(ClientCallImpl.java:512) [fabric__runtime_deploy.jar:na]
	at io.grpc.internal.ClientCallImpl$ClientStreamListenerImpl.access$700(ClientCallImpl.java:429) [fabric__runtime_deploy.jar:na]
	at io.grpc.internal.ClientCallImpl$ClientStreamListenerImpl$1StreamClosed.runInContext(ClientCallImpl.java:544) [fabric__runtime_deploy.jar:na]
	at io.grpc.internal.ContextRunnable.run(ContextRunnable.java:52) [fabric__runtime_deploy.jar:na]
	at io.grpc.internal.SerializingExecutor.run(SerializingExecutor.java:117) [fabric__runtime_deploy.jar:na]
	at improbable.common.async.FabricListeningExecutorService.lambda$instrumentRunnable$1(FabricListeningExecutorService.java:176) [fabric__runtime_deploy.jar:na]
	at java.util.concurrent.ThreadPoolExecutor.runWorker(Unknown Source) ~[na:1.8.0_151]
	at java.util.concurrent.ThreadPoolExecutor$Worker.run(Unknown Source) ~[na:1.8.0_151]
	at java.lang.Thread.run(Unknown Source) ~[na:1.8.0_151]
2017-11-29 18:40:05,988 WARN  [i.b.commands.BridgeCommandHandler] [] [] [] : Failed to execute command entity_command_request {
  endpoint {
    entity_id: 2
    component_id: 2003
  }
  payload: "\232}\r\n\v\n\tGame over"
}
 on UnityWorker0
improbable.bridge.commands.exception.CommandException: DEADLINE_EXCEEDED
	at improbable.bridge.commands.exception.CommandException.ofStatusRuntimeException(CommandException.java:76) ~[fabric__runtime_deploy.jar:na]
	at improbable.bridge.commands.exception.CommandException.of(CommandException.java:27) ~[fabric__runtime_deploy.jar:na]
	at improbable.bridge.client.BridgeInternalServiceClient.lambda$invokeCommand$2(BridgeInternalServiceClient.java:93) ~[fabric__runtime_deploy.jar:na]
	at com.google.common.util.concurrent.AbstractTransformFuture$TransformFuture.doTransform(AbstractTransformFuture.java:239) ~[fabric__runtime_deploy.jar:na]
	at com.google.common.util.concurrent.AbstractTransformFuture$TransformFuture.doTransform(AbstractTransformFuture.java:229) ~[fabric__runtime_deploy.jar:na]
	at com.google.common.util.concurrent.AbstractTransformFuture.run(AbstractTransformFuture.java:130) ~[fabric__runtime_deploy.jar:na]
	at com.google.common.util.concurrent.MoreExecutors$DirectExecutor.execute(MoreExecutors.java:399) ~[fabric__runtime_deploy.jar:na]
	at com.google.common.util.concurrent.AbstractFuture.executeListener(AbstractFuture.java:911) ~[fabric__runtime_deploy.jar:na]
	at com.google.common.util.concurrent.AbstractFuture.complete(AbstractFuture.java:822) ~[fabric__runtime_deploy.jar:na]
	at com.google.common.util.concurrent.AbstractFuture.set(AbstractFuture.java:664) ~[fabric__runtime_deploy.jar:na]
	at com.google.common.util.concurrent.AbstractCatchingFuture$CatchingFuture.setResult(AbstractCatchingFuture.java:210) ~[fabric__runtime_deploy.jar:na]
	at com.google.common.util.concurrent.AbstractCatchingFuture.run(AbstractCatchingFuture.java:138) ~[fabric__runtime_deploy.jar:na]
	at com.google.common.util.concurrent.MoreExecutors$DirectExecutor.execute(MoreExecutors.java:399) ~[fabric__runtime_deploy.jar:na]
	at com.google.common.util.concurrent.AbstractFuture.executeListener(AbstractFuture.java:911) ~[fabric__runtime_deploy.jar:na]
	at com.google.common.util.concurrent.AbstractFuture.complete(AbstractFuture.java:822) ~[fabric__runtime_deploy.jar:na]
	at com.google.common.util.concurrent.AbstractFuture.setException(AbstractFuture.java:686) ~[fabric__runtime_deploy.jar:na]
	at com.google.common.util.concurrent.AbstractTransformFuture.run(AbstractTransformFuture.java:112) ~[fabric__runtime_deploy.jar:na]
	at com.google.common.util.concurrent.MoreExecutors$DirectExecutor.execute(MoreExecutors.java:399) ~[fabric__runtime_deploy.jar:na]
	at com.google.common.util.concurrent.AbstractFuture.executeListener(AbstractFuture.java:911) ~[fabric__runtime_deploy.jar:na]
	at com.google.common.util.concurrent.AbstractFuture.complete(AbstractFuture.java:822) ~[fabric__runtime_deploy.jar:na]
	at com.google.common.util.concurrent.AbstractFuture.setException(AbstractFuture.java:686) ~[fabric__runtime_deploy.jar:na]
	at com.google.common.util.concurrent.SettableFuture.setException(SettableFuture.java:54) ~[fabric__runtime_deploy.jar:na]
	at improbable.bridge.client.BridgeServiceTaskRetrier.onFailure(BridgeServiceTaskRetrier.java:102) ~[fabric__runtime_deploy.jar:na]
	at com.google.common.util.concurrent.Futures$CallbackListener.run(Futures.java:1228) ~[fabric__runtime_deploy.jar:na]
	at com.google.common.util.concurrent.MoreExecutors$DirectExecutor.execute(MoreExecutors.java:399) ~[fabric__runtime_deploy.jar:na]
	at com.google.common.util.concurrent.AbstractFuture.executeListener(AbstractFuture.java:911) ~[fabric__runtime_deploy.jar:na]
	at com.google.common.util.concurrent.AbstractFuture.complete(AbstractFuture.java:822) ~[fabric__runtime_deploy.jar:na]
	at com.google.common.util.concurrent.AbstractFuture.setException(AbstractFuture.java:686) ~[fabric__runtime_deploy.jar:na]
	at io.grpc.stub.ClientCalls$GrpcFuture.setException(ClientCalls.java:466) ~[fabric__runtime_deploy.jar:na]
	at io.grpc.stub.ClientCalls$UnaryStreamToFuture.onClose(ClientCalls.java:442) ~[fabric__runtime_deploy.jar:na]
	at io.grpc.ForwardingClientCallListener.onClose(ForwardingClientCallListener.java:56) ~[fabric__runtime_deploy.jar:na]
	at me.dinowernli.grpc.prometheus.MonitoringClientCallListener.onClose(MonitoringClientCallListener.java:50) ~[fabric__runtime_deploy.jar:na]
	at io.grpc.internal.ClientCallImpl.closeObserver(ClientCallImpl.java:426) ~[fabric__runtime_deploy.jar:na]
	at io.grpc.internal.ClientCallImpl.access$100(ClientCallImpl.java:76) ~[fabric__runtime_deploy.jar:na]
	at io.grpc.internal.ClientCallImpl$ClientStreamListenerImpl.close(ClientCallImpl.java:512) ~[fabric__runtime_deploy.jar:na]
	at io.grpc.internal.ClientCallImpl$ClientStreamListenerImpl.access$700(ClientCallImpl.java:429) ~[fabric__runtime_deploy.jar:na]
	at io.grpc.internal.ClientCallImpl$ClientStreamListenerImpl$1StreamClosed.runInContext(ClientCallImpl.java:544) ~[fabric__runtime_deploy.jar:na]
	at io.grpc.internal.ContextRunnable.run(ContextRunnable.java:52) ~[fabric__runtime_deploy.jar:na]
	at io.grpc.internal.SerializingExecutor.run(SerializingExecutor.java:117) ~[fabric__runtime_deploy.jar:na]
	at improbable.common.async.FabricListeningExecutorService.lambda$instrumentRunnable$1(FabricListeningExecutorService.java:176) ~[fabric__runtime_deploy.jar:na]
	at java.util.concurrent.ThreadPoolExecutor.runWorker(Unknown Source) ~[na:1.8.0_151]
	at java.util.concurrent.ThreadPoolExecutor$Worker.run(Unknown Source) ~[na:1.8.0_151]
	at java.lang.Thread.run(Unknown Source) ~[na:1.8.0_151]
Caused by: io.grpc.StatusRuntimeException: DEADLINE_EXCEEDED
	at io.grpc.Status.asRuntimeException(Status.java:543) ~[fabric__runtime_deploy.jar:na]
	... 14 common frames omitted
2017-11-29 18:40:05,995 WARN  [i.b.commands.BridgeCommandHandler] [] [] [] : Failed to execute command entity_command_request {
  endpoint {
    entity_id: 3
    component_id: 2003
  }
  payload: "\232}\r\n\v\n\tGame over"
}
 on UnityWorker0
improbable.bridge.commands.exception.CommandException: DEADLINE_EXCEEDED
	at improbable.bridge.commands.exception.CommandException.ofStatusRuntimeException(CommandException.java:76) ~[fabric__runtime_deploy.jar:na]
	at improbable.bridge.commands.exception.CommandException.of(CommandException.java:27) ~[fabric__runtime_deploy.jar:na]
	at improbable.bridge.client.BridgeInternalServiceClient.lambda$invokeCommand$2(BridgeInternalServiceClient.java:93) ~[fabric__runtime_deploy.jar:na]
	at com.google.common.util.concurrent.AbstractTransformFuture$TransformFuture.doTransform(AbstractTransformFuture.java:239) ~[fabric__runtime_deploy.jar:na]
	at com.google.common.util.concurrent.AbstractTransformFuture$TransformFuture.doTransform(AbstractTransformFuture.java:229) ~[fabric__runtime_deploy.jar:na]
	at com.google.common.util.concurrent.AbstractTransformFuture.run(AbstractTransformFuture.java:130) ~[fabric__runtime_deploy.jar:na]
	at com.google.common.util.concurrent.MoreExecutors$DirectExecutor.execute(MoreExecutors.java:399) ~[fabric__runtime_deploy.jar:na]
	at com.google.common.util.concurrent.AbstractFuture.executeListener(AbstractFuture.java:911) ~[fabric__runtime_deploy.jar:na]
	at com.google.common.util.concurrent.AbstractFuture.complete(AbstractFuture.java:822) ~[fabric__runtime_deploy.jar:na]
	at com.google.common.util.concurrent.AbstractFuture.set(AbstractFuture.java:664) ~[fabric__runtime_deploy.jar:na]
	at com.google.common.util.concurrent.AbstractCatchingFuture$CatchingFuture.setResult(AbstractCatchingFuture.java:210) ~[fabric__runtime_deploy.jar:na]
	at com.google.common.util.concurrent.AbstractCatchingFuture.run(AbstractCatchingFuture.java:138) ~[fabric__runtime_deploy.jar:na]
	at com.google.common.util.concurrent.MoreExecutors$DirectExecutor.execute(MoreExecutors.java:399) ~[fabric__runtime_deploy.jar:na]
	at com.google.common.util.concurrent.AbstractFuture.executeListener(AbstractFuture.java:911) ~[fabric__runtime_deploy.jar:na]
	at com.google.common.util.concurrent.AbstractFuture.complete(AbstractFuture.java:822) ~[fabric__runtime_deploy.jar:na]
	at com.google.common.util.concurrent.AbstractFuture.setException(AbstractFuture.java:686) ~[fabric__runtime_deploy.jar:na]
	at com.google.common.util.concurrent.AbstractTransformFuture.run(AbstractTransformFuture.java:112) ~[fabric__runtime_deploy.jar:na]
	at com.google.common.util.concurrent.MoreExecutors$DirectExecutor.execute(MoreExecutors.java:399) ~[fabric__runtime_deploy.jar:na]
	at com.google.common.util.concurrent.AbstractFuture.executeListener(AbstractFuture.java:911) ~[fabric__runtime_deploy.jar:na]
	at com.google.common.util.concurrent.AbstractFuture.complete(AbstractFuture.java:822) ~[fabric__runtime_deploy.jar:na]
	at com.google.common.util.concurrent.AbstractFuture.setException(AbstractFuture.java:686) ~[fabric__runtime_deploy.jar:na]
	at com.google.common.util.concurrent.SettableFuture.setException(SettableFuture.java:54) ~[fabric__runtime_deploy.jar:na]
	at improbable.bridge.client.BridgeServiceTaskRetrier.onFailure(BridgeServiceTaskRetrier.java:102) ~[fabric__runtime_deploy.jar:na]
	at com.google.common.util.concurrent.Futures$CallbackListener.run(Futures.java:1228) ~[fabric__runtime_deploy.jar:na]
	at com.google.common.util.concurrent.MoreExecutors$DirectExecutor.execute(MoreExecutors.java:399) ~[fabric__runtime_deploy.jar:na]
	at com.google.common.util.concurrent.AbstractFuture.executeListener(AbstractFuture.java:911) ~[fabric__runtime_deploy.jar:na]
	at com.google.common.util.concurrent.AbstractFuture.complete(AbstractFuture.java:822) ~[fabric__runtime_deploy.jar:na]
	at com.google.common.util.concurrent.AbstractFuture.setException(AbstractFuture.java:686) ~[fabric__runtime_deploy.jar:na]
	at io.grpc.stub.ClientCalls$GrpcFuture.setException(ClientCalls.java:466) ~[fabric__runtime_deploy.jar:na]
	at io.grpc.stub.ClientCalls$UnaryStreamToFuture.onClose(ClientCalls.java:442) ~[fabric__runtime_deploy.jar:na]
	at io.grpc.ForwardingClientCallListener.onClose(ForwardingClientCallListener.java:56) ~[fabric__runtime_deploy.jar:na]
	at me.dinowernli.grpc.prometheus.MonitoringClientCallListener.onClose(MonitoringClientCallListener.java:50) ~[fabric__runtime_deploy.jar:na]
	at io.grpc.internal.ClientCallImpl.closeObserver(ClientCallImpl.java:426) ~[fabric__runtime_deploy.jar:na]
	at io.grpc.internal.ClientCallImpl.access$100(ClientCallImpl.java:76) ~[fabric__runtime_deploy.jar:na]
	at io.grpc.internal.ClientCallImpl$ClientStreamListenerImpl.close(ClientCallImpl.java:512) ~[fabric__runtime_deploy.jar:na]
	at io.grpc.internal.ClientCallImpl$ClientStreamListenerImpl.access$700(ClientCallImpl.java:429) ~[fabric__runtime_deploy.jar:na]
	at io.grpc.internal.ClientCallImpl$ClientStreamListenerImpl$1StreamClosed.runInContext(ClientCallImpl.java:544) ~[fabric__runtime_deploy.jar:na]
	at io.grpc.internal.ContextRunnable.run(ContextRunnable.java:52) ~[fabric__runtime_deploy.jar:na]
	at io.grpc.internal.SerializingExecutor.run(SerializingExecutor.java:117) ~[fabric__runtime_deploy.jar:na]
	at improbable.common.async.FabricListeningExecutorService.lambda$instrumentRunnable$1(FabricListeningExecutorService.java:176) ~[fabric__runtime_deploy.jar:na]
	at java.util.concurrent.ThreadPoolExecutor.runWorker(Unknown Source) ~[na:1.8.0_151]
	at java.util.concurrent.ThreadPoolExecutor$Worker.run(Unknown Source) ~[na:1.8.0_151]
	at java.lang.Thread.run(Unknown Source) ~[na:1.8.0_151]
Caused by: io.grpc.StatusRuntimeException: DEADLINE_EXCEEDED
	at io.grpc.Status.asRuntimeException(Status.java:543) ~[fabric__runtime_deploy.jar:na]
	... 14 common frames omitted
2017-11-29 18:40:06,007 WARN  [i.b.logging.EngineLogMessageHandler] [] [] [] : [Worker: UnityWorker0] Incoming command request with ID 26 to entity ID 2 and component ID 2003 was not handled by the worker within the given timeout.
 in  -[WorkerLogger:Unity]
2017-11-29 18:40:06,008 WARN  [i.b.logging.EngineLogMessageHandler] [] [] [] : [Worker: UnityWorker0] Incoming command request with ID 27 to entity ID 3 and component ID 2003 was not handled by the worker within the given timeout.
 in  -[WorkerLogger:Unity]
2017-11-29 18:40:19,268 INFO  [i.c.discovery.ServiceDiscoveryImpl] [] [] [] : Shutting down all services
2017-11-29 18:40:19,272 INFO  [i.core.discovery.server.LocalServer] [] [] [] : Stopped Service(improbable.fabric.internal.service.StatusDiscoveryInternalService) on 127.0.0.1:5301.
2017-11-29 18:40:19,273 INFO  [i.core.discovery.server.PublicServer] [] [] [] : Stopped Service(improbable.platform.runtime.ModuleService) on 127.0.0.1:9000.
2017-11-29 18:40:19,274 INFO  [i.core.discovery.server.PublicServer] [] [] [] : Stopped Service(improbable.platform.runtime.HealthCheckService) on 127.0.0.1:9001.
2017-11-29 18:40:19,290 INFO  [i.core.discovery.server.LocalServer] [] [] [] : Stopped Service(improbable.fabric.internal.service.PerfInternalService) on 127.0.0.1:9002.
2017-11-29 18:40:19,291 INFO  [i.core.discovery.server.LocalServer] [] [] [] : Stopped Service(improbable.fabric.internal.service.ContentionInternalService) on 127.0.0.1:9003.
2017-11-29 18:40:19,308 INFO  [i.core.discovery.server.PublicServer] [] [] [] : Stopped Service(improbable.platform.runtime.FeatureService) on 127.0.0.1:9004.
2017-11-29 18:40:19,309 INFO  [i.core.discovery.server.LocalServer] [] [] [] : Stopped Service(improbable.fabric.internal.service.NodeConfigurationInternalService) on 127.0.0.1:9005.
2017-11-29 18:40:19,311 INFO  [i.core.discovery.server.LocalServer] [] [] [] : Stopped Service(improbable.fabric.internal.service.WorldExtentsInternalService) on 127.0.0.1:9006.
2017-11-29 18:40:19,313 INFO  [i.core.discovery.server.LocalServer] [] [] [] : Stopped Service(improbable.fabric.internal.service.EntityIdInternalService) on 127.0.0.1:9007.
2017-11-29 18:40:19,315 INFO  [i.core.discovery.server.LocalServer] [] [] [] : Stopped Service(improbable.fabric.internal.service.WorkerPrestartRegistryInternalService) on 127.0.0.1:9008.
2017-11-29 18:40:19,316 INFO  [i.core.discovery.server.LocalServer] [] [] [] : Stopped Service(improbable.fabric.internal.service.RouterLookupInternalService) on 127.0.0.1:9009.
2017-11-29 18:40:19,320 INFO  [i.core.discovery.server.LocalServer] [] [] [] : Stopped Service(improbable.fabric.internal.service.RouterInternalService) on 127.0.0.1:9010.
2017-11-29 18:40:19,322 INFO  [i.core.discovery.server.LocalServer] [] [] [] : Stopped Service(improbable.fabric.internal.service.RemoteMessageInternalService) on 127.0.0.1:9011.
2017-11-29 18:40:19,323 INFO  [i.core.discovery.server.LocalServer] [] [] [] : Stopped Service(improbable.fabric.internal.service.LocalBrokerInternalService) on 127.0.0.1:9012.
2017-11-29 18:40:19,325 INFO  [i.core.discovery.server.LocalServer] [] [] [] : Stopped Service(improbable.fabric.internal.service.BridgeOracleInternalService) on 127.0.0.1:9013.
2017-11-29 18:40:19,327 INFO  [i.core.discovery.server.LocalServer] [] [] [] : Stopped Service(improbable.fabric.internal.service.GlobalBrokerInternalService) on 127.0.0.1:9014.
2017-11-29 18:40:19,331 INFO  [i.core.discovery.server.LocalServer] [] [] [] : Stopped Service(improbable.fabric.internal.service.BridgeServiceOracleInternalService) on 127.0.0.1:9015.
2017-11-29 18:40:19,332 INFO  [i.core.discovery.server.LocalServer] [] [] [] : Stopped Service(improbable.fabric.internal.service.LocalSnapshotInternalService) on 127.0.0.1:9016.
2017-11-29 18:40:19,333 INFO  [i.core.discovery.server.PublicServer] [] [] [] : Stopped Service(improbable.fabric.internal.service.ScalingStatsInternalService) on 127.0.0.1:9017.
2017-11-29 18:40:19,340 INFO  [i.core.discovery.server.LocalServer] [] [] [] : Stopped Service(improbable.fabric.internal.service.EntityQueryInternalService) on 127.0.0.1:9018.
2017-11-29 18:40:19,342 INFO  [i.core.discovery.server.LocalServer] [] [] [] : Stopped Service(improbable.fabric.internal.service.BridgeInternalService) on 127.0.0.1:9019.
2017-11-29 18:40:19,346 INFO  [i.core.discovery.server.PublicServer] [] [] [] : Stopped Service(improbable.platform.inner.worker.WorkerRunner) on 127.0.0.1:9020.
2017-11-29 18:40:19,350 INFO  [i.core.discovery.server.LocalServer] [] [] [] : Stopped Service(improbable.fabric.internal.service.ReceptionistInternalService) on 127.0.0.1:9021.
2017-11-29 18:40:19,351 INFO  [i.core.discovery.server.PublicServer] [] [] [] : Stopped Service(improbable.platform.runtime.ReceptionistService) on 127.0.0.1:7777.
