2017-11-28 10:08:29,556 INFO  [i.deployment.InternalGameLauncher] [] [] [] : Parsed 362 internal flags at startup
2017-11-28 10:08:29,820 INFO  [i.deployment.InternalGameLauncher] [] [] [] : SpatialOS runtime version: 11-20171114T103507Z-cc9d195
2017-11-28 10:08:30,290 INFO  [i.c.c.f.FlagzFieldRegistryUpdater] [] [] [] : Initialized Fabric flagz registry with 11 set fields.
2017-11-28 10:08:31,508 INFO  [i.core.discovery.server.LocalServer] [] [] [] : Registered Service(improbable.fabric.internal.service.StatusDiscoveryInternalService) on 127.0.0.1:5301.
2017-11-28 10:08:31,508 INFO  [i.c.discovery.ServiceDiscoveryImpl] [] [] [] : Status discovery address: host: "127.0.0.1"
port: 5301

2017-11-28 10:08:31,520 INFO  [improbable.module.ModuleNode] [] [] [] : Starting Fabric node as master (IP: 127.0.0.1).
2017-11-28 10:08:31,524 INFO  [i.c.d.client.CheckpointDiscoveryImpl] [] [] [] : Reached a checkpoint: ALL_NODES_STARTED
2017-11-28 10:08:31,525 INFO  [improbable.module.ModuleNode] [] [] [] : Node master has started, waiting for other nodes to reach the same checkpoint.
2017-11-28 10:08:31,526 INFO  [improbable.module.ModuleNode] [] [] [] : All nodes have been started.
2017-11-28 10:08:31,536 INFO  [i.core.discovery.server.PublicServer] [] [] [] : Registered Service(improbable.platform.runtime.ModuleService) on 127.0.0.1:9000.
2017-11-28 10:08:31,554 INFO  [i.core.discovery.server.PublicServer] [] [] [] : Registered Service(improbable.platform.runtime.HealthCheckService) on 127.0.0.1:9001.
2017-11-28 10:08:31,568 INFO  [i.core.discovery.server.LocalServer] [] [] [] : Registered Service(improbable.fabric.internal.service.PerfInternalService) on 127.0.0.1:9002.
2017-11-28 10:08:31,584 INFO  [i.core.discovery.server.LocalServer] [] [] [] : Registered Service(improbable.fabric.internal.service.ContentionInternalService) on 127.0.0.1:9003.
2017-11-28 10:08:31,630 INFO  [i.core.discovery.server.PublicServer] [] [] [] : Registered Service(improbable.platform.runtime.FeatureService) on 127.0.0.1:9004.
2017-11-28 10:08:31,667 INFO  [i.c.d.g.GlobalServiceDiscoveryImpl] [] [] [] : Global service discovery refreshed 5 server(s) (previously: 0)
2017-11-28 10:08:31,669 INFO  [i.c.d.g.GlobalCheckpointDiscoveryImpl] [] [] [] : Global checkpoint discovery refreshed checkpoints.
2017-11-28 10:08:31,670 INFO  [i.c.d.g.GlobalServiceDiscoveryImpl] [] [] [] : Global service discovery refreshed 6 server(s) (previously: 5)
2017-11-28 10:08:31,684 INFO  [i.c.config.flagz.WorkerFlagzUpdater] [] [] [] : Initialized worker flagz registry with 0 set fields.
2017-11-28 10:08:31,685 INFO  [improbable.module.ModuleNode] [] [] [] : Using master node configuration loader.
2017-11-28 10:08:31,700 INFO  [i.core.discovery.server.LocalServer] [] [] [] : Registered Service(improbable.fabric.internal.service.NodeConfigurationInternalService) on 127.0.0.1:9005.
2017-11-28 10:08:31,731 INFO  [i.c.c.n.MasterNodeConfigurationLoader] [] [] [] : Using roles [MASTER, GSIM, BRIDGE, WORKER_RUNNER, INSPECTION] for node node_id {
  deployment_id {
    project_id {
      name: "beta_oscar_bacon_891"
    }
    name: "local"
  }
  name: "master"
}
private_ip: "127.0.0.1"
roles: MASTER
roles: GSIM
roles: BRIDGE
roles: WORKER_RUNNER
roles: INSPECTION

2017-11-28 10:08:31,769 INFO  [improbable.core.config.node.GsimGrid] [] [] [] : Created gsim grid configuration of size (1500, 1500) with 1 columns and 1 rows, using gsims of (30, 30) chunks.
2017-11-28 10:08:31,804 INFO  [i.c.c.n.MasterNodeConfigurationLoader] [] [] [] : Original deployment module configuration (before parsing): {deployment_id {
  project_id {
    name: "beta_oscar_bacon_891"
  }
  name: "local"
}
name: "master"
=[ProfilingModule, BridgeModuleOracleModule, BridgeOracleModule, PersistenceModule, ReceptionistModule, RouterModule, GSimModule, BridgeModule, EngineStartupModule, InspectionRestModule]}
2017-11-28 10:08:31,830 INFO  [i.c.c.n.MasterNodeConfigurationLoader] [] [] [] : Master successfully loaded configurations for 1 node(s).
2017-11-28 10:08:31,839 INFO  [improbable.module.ModuleNode] [] [] [] : Loaded node configuration: node_id {
  deployment_id {
    project_id {
      name: "beta_oscar_bacon_891"
    }
    name: "local"
  }
  name: "master"
}
gsim_configurations {
  extent {
    bottom_left {
      x_in_chunks: -15
      z_in_chunks: -15
    }
    top_right {
      x_in_chunks: 15
      z_in_chunks: 15
    }
  }
}
start_router: true
start_bridge_oracle: true
start_bridge_module_oracle: true
start_engine_startup_module: true
start_receptionist_service: true
start_inspection_rest_module: true
start_snapshot_service: true
start_profiling_module: true
bridge_modules: "BridgeModule"
gsim_modules: "GSimModule"

2017-11-28 10:08:31,839 INFO  [improbable.module.ModuleNode] [] [] [] : Using master world extents provider.
2017-11-28 10:08:31,858 INFO  [i.core.discovery.server.LocalServer] [] [] [] : Registered Service(improbable.fabric.internal.service.WorldExtentsInternalService) on 127.0.0.1:9006.
2017-11-28 10:08:31,860 INFO  [i.c.world.MasterWorldExtentsProvider] [] [] [] : Successfully initialized world extents with 1 rectangle(s).
2017-11-28 10:08:31,870 INFO  [improbable.module.ModuleNode] [] [] [] : Loaded world extents: WorldExtents{proto=rectangles {
  bottom_left {
    x: -750.0
    z: -750.0
  }
  top_right {
    x: 750.0
    z: 750.0
  }
  is_fully_simulated: true
  responsible_gsim_id {
  }
}
bounding_rectangle {
  bottom_left {
    x: -750.0
    z: -750.0
  }
  top_right {
    x: 750.0
    z: 750.0
  }
  is_fully_simulated: true
}
}
2017-11-28 10:08:32,055 INFO  [i.e.schema.ParsedFileDescriptorSet] [] [] [] : Parsed file descriptors of 15 proto files.
2017-11-28 10:08:32,112 INFO  [i.entity.schema.SchemaFactory] [] [] [] : Found components: [improbable.EntityAcl, improbable.Metadata, improbable.Position, improbable.Persistence, improbable.core.PlayerInfo, improbable.player.ClientConnection, improbable.core.PlayerCreation, improbable.core.ClientAuthorityCheck, improbable.player.PlayerInput, improbable.player.Winning, improbable.player.Score, improbable.core.Rotation, improbable.player.Health, improbable.player.NicknamePropagator]
2017-11-28 10:08:32,124 INFO  [i.entity.schema.SchemaFactory] [] [] [] : Found components: [improbable.player.PlayerInput, improbable.player.Winning, improbable.core.PlayerCreation, improbable.EntityAcl, improbable.Metadata, improbable.Position, improbable.Persistence, improbable.core.ClientAuthorityCheck, improbable.core.PlayerInfo, improbable.player.ClientConnection, improbable.core.Rotation, improbable.player.Health, improbable.player.Score, improbable.player.NicknamePropagator, improbable.internal.EntityAuthority]
2017-11-28 10:08:32,126 INFO  [improbable.module.ModuleNode] [] [] [] : Successfully loaded schema for entities
2017-11-28 10:08:32,127 INFO  [improbable.module.ModuleNode] [] [] [] : Validating snapshot at startup and determining max entity id
2017-11-28 10:08:32,136 INFO  [i.p.s.storage.LegacySnapshotStorage] [] [] [] : Requesting download URL for Snapshot(local@latest) matching []
2017-11-28 10:08:32,159 INFO  [i.p.s.storage.LegacySnapshotStorage] [] [] [] : Downloading snapshot from http://127.0.0.1:21000/snapshots/20171128100819411
2017-11-28 10:08:32,203 INFO  [improbable.module.ModuleNode] [] [] [] : Determined the first entity id for the id assigner as 12
2017-11-28 10:08:32,208 INFO  [i.core.discovery.server.LocalServer] [] [] [] : Registered Service(improbable.fabric.internal.service.EntityIdInternalService) on 127.0.0.1:9007.
2017-11-28 10:08:32,233 INFO  [i.core.discovery.server.LocalServer] [] [] [] : Registered Service(improbable.fabric.internal.service.WorkerPrestartRegistryInternalService) on 127.0.0.1:9008.
2017-11-28 10:08:32,270 INFO  [i.core.discovery.server.LocalServer] [] [] [] : Registered Service(improbable.fabric.internal.service.RouterLookupInternalService) on 127.0.0.1:9009.
2017-11-28 10:08:32,273 INFO  [i.module.router.ActorSystemFactory$] [] [] [] : Attempting to create ActorSystem akkaFabric with configRecord akkaFabric
2017-11-28 10:08:32,471 INFO  [i.c.d.g.GlobalServiceDiscoveryImpl] [] [] [] : Global service discovery refreshed 11 server(s) (previously: 6)
2017-11-28 10:08:32,731 INFO  [akka.event.slf4j.Slf4jLogger] [] [] [] : Slf4jLogger started
2017-11-28 10:08:34,725 INFO  [i.l.params.LoadbalancerParamsFactory] [] [] [] : Parsed 1 worker loadbalancing configuration(s)
2017-11-28 10:08:34,732 INFO  [i.l.params.LoadbalancerParamsFactory] [] [] [] : Successfully loaded loadbalancing configurations: {UnityWorker=improbable.loadbalancing.params.AutoHexGridLoadbalancerParams@35eda194}
2017-11-28 10:08:34,890 INFO  [i.w.a.WorkerAssemblyProviderFactory] [] [] [] : Loaded worker assemblies for these workers types: UnityClient, UnityWorker.
2017-11-28 10:08:34,894 INFO  [improbable.module.ModuleNode] [] [] [] : Loaded worker assemblies: [worker_assembly_id {
  assembly_id {
    project_id {
      name: "beta_oscar_bacon_891"
    }
    name: "local_assembly"
  }
  name {
    name: "UnityClient"
  }
}
bridge_configuration {
  worker_attribute_set {
    attribute {
      name: "visual"
    }
  }
  entity_interest {
    range_entity_interest {
      radius: 200.0
    }
  }
  component_delivery {
    checkout_all_initially: true
  }
}
, worker_assembly_id {
  assembly_id {
    project_id {
      name: "beta_oscar_bacon_891"
    }
    name: "local_assembly"
  }
  name {
    name: "UnityWorker"
  }
}
worker_launch_configuration {
  platform: WINDOWS
  worker_zip {
    command: "UnityWorker@Windows.exe"
    argument: "+projectName"
    argument: "${IMPROBABLE_PROJECT_NAME}"
    argument: "+receptionistIp"
    argument: "${IMPROBABLE_RECEPTIONIST_HOST}"
    argument: "+receptionistPort"
    argument: "${IMPROBABLE_RECEPTIONIST_PORT}"
    argument: "+workerType"
    argument: "${IMPROBABLE_WORKER_NAME}"
    argument: "+workerId"
    argument: "${IMPROBABLE_WORKER_ID}"
    argument: "+useInternalIpForBridge"
    argument: "true"
    argument: "+infraServicesUrl"
    argument: "${IMPROBABLE_API_URL}"
    argument: "+assemblyName"
    argument: "${IMPROBABLE_ASSEMBLY_NAME}"
    argument: "+linkProtocol"
    argument: "RakNet"
    argument: "-logfile"
    argument: "${IMPROBABLE_LOG_FILE}"
    argument: "-batchmode"
    argument: "-nographics"
    worker_location {
      filename: "UnityWorker@Windows.zip"
    }
  }
}
worker_launch_configuration {
  platform: MACOS
  worker_zip {
    command: "UnityWorker@Mac.app/Contents/MacOS/UnityWorker@Mac"
    argument: "+projectName"
    argument: "${IMPROBABLE_PROJECT_NAME}"
    argument: "+receptionistIp"
    argument: "${IMPROBABLE_RECEPTIONIST_HOST}"
    argument: "+receptionistPort"
    argument: "${IMPROBABLE_RECEPTIONIST_PORT}"
    argument: "+workerType"
    argument: "${IMPROBABLE_WORKER_NAME}"
    argument: "+workerId"
    argument: "${IMPROBABLE_WORKER_ID}"
    argument: "+useInternalIpForBridge"
    argument: "true"
    argument: "+infraServicesUrl"
    argument: "${IMPROBABLE_API_URL}"
    argument: "+assemblyName"
    argument: "${IMPROBABLE_ASSEMBLY_NAME}"
    argument: "+linkProtocol"
    argument: "RakNet"
    argument: "-logfile"
    argument: "${IMPROBABLE_LOG_FILE}"
    argument: "-batchmode"
    argument: "-nographics"
    worker_location {
      filename: "UnityWorker@Mac.zip"
    }
  }
}
worker_launch_configuration {
  platform: LINUX
  worker_zip {
    command: "UnityWorker@Linux"
    argument: "+projectName"
    argument: "${IMPROBABLE_PROJECT_NAME}"
    argument: "+receptionistIp"
    argument: "${IMPROBABLE_RECEPTIONIST_HOST}"
    argument: "+receptionistPort"
    argument: "${IMPROBABLE_RECEPTIONIST_PORT}"
    argument: "+workerType"
    argument: "${IMPROBABLE_WORKER_NAME}"
    argument: "+workerId"
    argument: "${IMPROBABLE_WORKER_ID}"
    argument: "+useInternalIpForBridge"
    argument: "true"
    argument: "+infraServicesUrl"
    argument: "${IMPROBABLE_API_URL}"
    argument: "+assemblyName"
    argument: "${IMPROBABLE_ASSEMBLY_NAME}"
    argument: "+linkProtocol"
    argument: "RakNet"
    argument: "-logfile"
    argument: "${IMPROBABLE_LOG_FILE}"
    argument: "-batchmode"
    argument: "-nographics"
    worker_location {
      filename: "UnityWorker@Linux.zip"
    }
  }
}
bridge_configuration {
  worker_attribute_set {
    attribute {
      name: "physics"
    }
  }
  entity_interest {
    range_entity_interest {
      radius: 200.0
    }
  }
  component_delivery {
    checkout_all_initially: true
  }
}
]
2017-11-28 10:08:34,899 INFO  [i.w.assembly.WorkerAssemblyProvider] [] [] [] : Worker configuration for 'UnityClient' does not contain a launch configuration for the current platform 'WINDOWS', so Fabric will not start any managed workers of this type
2017-11-28 10:08:34,900 INFO  [i.w.assembly.WorkerAssemblyProvider] [] [] [] : The following worker configurations do not contain valid managed launch configurations for the current platform WINDOWS, and the runtime will be unable to launch managed workers of this type: [UnityClient]. This is expected for worker types you intend to only connect manually.
2017-11-28 10:08:34,904 INFO  [i.w.permissions.PermissionsFactory] [] [] [] : Created permissions manager with permissions: {UnityWorker=Permissions{{/sys/CreateEntity=, /sys/DeleteEntity=, /sys/EntityQuery={"component":["*"]}}}, UnityClient=Permissions{{/sys/EntityQuery={"component":[]}}}}
2017-11-28 10:08:37,612 INFO  [improbable.module.ModuleNode] [] [] [] : Starting router on master
2017-11-28 10:08:37,619 INFO  [i.core.discovery.server.LocalServer] [] [] [] : Registered Service(improbable.fabric.internal.service.RouterInternalService) on 127.0.0.1:9010.
2017-11-28 10:08:37,620 INFO  [i.c.m.r.RouterInternalServiceImpl] [] [] [] : Attempting to register RouterInternalServiceImpl with RouterLookupInternalService.
2017-11-28 10:08:37,630 INFO  [i.c.m.r.l.RouterLookupInternalServiceImpl] [] [] [] : 1/1 router modules started
2017-11-28 10:08:37,632 INFO  [i.c.m.r.RouterInternalServiceImpl] [] [] [] : Registered RouterInternalServiceImpl with RouterLookupInternalService.
2017-11-28 10:08:37,633 INFO  [improbable.module.ModuleNode] [] [] [] : Attempting to get addresses of all RouterModules from master node
2017-11-28 10:08:37,644 INFO  [improbable.module.ModuleNode] [] [] [] : Got all RouterModules from master node
2017-11-28 10:08:37,663 INFO  [i.core.discovery.server.LocalServer] [] [] [] : Registered Service(improbable.fabric.internal.service.RemoteMessageInternalService) on 127.0.0.1:9011.
2017-11-28 10:08:37,679 INFO  [i.core.discovery.server.LocalServer] [] [] [] : Registered Service(improbable.fabric.internal.service.LocalBrokerInternalService) on 127.0.0.1:9012.
2017-11-28 10:08:37,686 INFO  [improbable.module.ModuleNode] [] [] [] : Waiting for all router modules in the deployment to have started
2017-11-28 10:08:37,691 INFO  [improbable.module.ModuleNode] [] [] [] : All router modules in the deployment started
2017-11-28 10:08:37,768 INFO  [org.eclipse.jetty.server.Server] [] [] [] : jetty-8.y.z-SNAPSHOT
2017-11-28 10:08:37,800 INFO  [o.e.jetty.server.AbstractConnector] [] [] [] : Started SelectChannelConnector@0.0.0.0:5006
2017-11-28 10:08:37,801 INFO  [improbable.http.ServletContainer$] [] [] [] : Servlet container started
2017-11-28 10:08:37,806 INFO  [improbable.module.ModuleNode] [] [] [] : Starting BridgeOracle on master
2017-11-28 10:08:37,819 INFO  [improbable.module.ModuleNode] [] [] [] : Waiting for the BridgeOracle to have started
2017-11-28 10:08:38,052 INFO  [i.core.discovery.server.LocalServer] [] [] [] : Registered Service(improbable.fabric.internal.service.BridgeOracleInternalService) on 127.0.0.1:9013.
2017-11-28 10:08:38,450 INFO  [i.c.d.g.GlobalServiceDiscoveryImpl] [] [] [] : Global service discovery refreshed 15 server(s) (previously: 11)
2017-11-28 10:08:38,450 INFO  [improbable.module.ModuleNode] [] [] [] : Received BridgeOracle started
2017-11-28 10:08:38,463 INFO  [i.core.discovery.server.LocalServer] [] [] [] : Registered Service(improbable.fabric.internal.service.GlobalBrokerInternalService) on 127.0.0.1:9014.
2017-11-28 10:08:38,466 INFO  [improbable.module.ModuleNode] [] [] [] : Waiting for the BridgeModuleOracle to have started
2017-11-28 10:08:38,472 INFO  [i.c.a.e.ExtensibleActorReporter] [] [] [] : Started BridgeModuleOracleActor(Actor[akka://akkaFabric/user/BridgeModuleOracleModule#677576087]).
2017-11-28 10:08:38,490 INFO  [i.core.discovery.server.LocalServer] [] [] [] : Registered Service(improbable.fabric.internal.service.BridgeServiceOracleInternalService) on 127.0.0.1:9015.
2017-11-28 10:08:39,441 INFO  [i.c.d.g.GlobalServiceDiscoveryImpl] [] [] [] : Global service discovery refreshed 17 server(s) (previously: 15)
2017-11-28 10:08:39,442 INFO  [improbable.module.ModuleNode] [] [] [] : Received BridgeModuleOracle started
2017-11-28 10:08:39,447 INFO  [improbable.module.ModuleNode] [] [] [] : Starting gsim GSimModule
2017-11-28 10:08:39,453 INFO  [improbable.module.ModuleNode] [] [] [] : Waiting for 1 entity query service(s) to start.
2017-11-28 10:08:39,483 INFO  [i.core.discovery.server.LocalServer] [] [] [] : Registered Service(improbable.fabric.internal.service.LocalSnapshotInternalService) on 127.0.0.1:9016.
2017-11-28 10:08:39,518 INFO  [i.p.gsim.GSimPersistenceWriter] [] [] [] : Transitioning GSimPersistenceActor(0) from State [Idle] to [Idle].  Time Elapsed: 1 millisecond
2017-11-28 10:08:39,534 INFO  [i.core.discovery.server.PublicServer] [] [] [] : Registered Service(improbable.fabric.internal.service.ScalingStatsInternalService) on 127.0.0.1:9017.
2017-11-28 10:08:39,575 INFO  [i.core.discovery.server.LocalServer] [] [] [] : Registered Service(improbable.fabric.internal.service.EntityQueryInternalService) on 127.0.0.1:9018.
2017-11-28 10:08:40,203 INFO  [i.bridge.oracle.scaling.WorkerScaler] [] [] [] : Skipping reconciliation because no WorkerRunner service is available. This message is expected at startup but should not persist through the deployment
2017-11-28 10:08:40,449 INFO  [i.c.d.g.GlobalServiceDiscoveryImpl] [] [] [] : Global service discovery refreshed 20 server(s) (previously: 17)
2017-11-28 10:08:40,449 INFO  [improbable.module.ModuleNode] [] [] [] : All 1 entity query service(s) have started.
2017-11-28 10:08:40,450 INFO  [improbable.module.ModuleNode] [] [] [] : Creating entity query client.
2017-11-28 10:08:40,465 INFO  [improbable.module.ModuleNode] [] [] [] : Entity query client created with directory: EntityQueryServiceDirectory{allServices=[EntityQueryInternalServiceInfo{address=host: "127.0.0.1"
port: 9018
, extent=Rectangle{minX=-750.0, minZ=-750.0, maxX=750.0, maxZ=750.0}, isLocal=true}], localServices=[EntityQueryInternalServiceInfo{address=host: "127.0.0.1"
port: 9018
, extent=Rectangle{minX=-750.0, minZ=-750.0, maxX=750.0, maxZ=750.0}, isLocal=true}], remoteServices=[]}
2017-11-28 10:08:40,474 INFO  [improbable.module.ModuleNode] [] [] [] : Waiting for 1 bridge service(s) to start.
2017-11-28 10:08:40,502 INFO  [i.c.a.e.ExtensibleActorReporter] [] [] [] : Started BridgeModuleActor(Actor[akka://akkaFabric/user/BridgeModule:bdcab2df-8138-4b04-857e-d62c18d46cc3#1598387933]).
2017-11-28 10:08:40,527 INFO  [i.core.discovery.server.LocalServer] [] [] [] : Registered Service(improbable.fabric.internal.service.BridgeInternalService) on 127.0.0.1:9019.
2017-11-28 10:08:40,528 INFO  [i.module.bridge.BridgeModuleActor] [] [] [] : Waiting for BridgeModuleOracle service to be available
2017-11-28 10:08:40,545 INFO  [i.module.bridge.BridgeModuleActor] [] [] [] : Registered(BridgeModuleEndpoint(bdcab2df-8138-4b04-857e-d62c18d46cc3)) on BridgeModuleOracleService
2017-11-28 10:08:41,454 INFO  [i.c.d.g.GlobalServiceDiscoveryImpl] [] [] [] : Global service discovery refreshed 21 server(s) (previously: 20)
2017-11-28 10:08:41,454 INFO  [improbable.module.ModuleNode] [] [] [] : All 1 bridge service(s) have started.
2017-11-28 10:08:41,455 INFO  [improbable.module.ModuleNode] [] [] [] : Starting WorkerRunner service (EngineStartupModule)
2017-11-28 10:08:41,463 INFO  [improbable.worker.exec.WorkerStats] [] [] [] : Cannot read /proc/self/stat; worker stats reporting will not work.
2017-11-28 10:08:41,476 INFO  [i.core.discovery.server.PublicServer] [] [] [] : Registered Service(improbable.platform.inner.worker.WorkerRunner) on 127.0.0.1:9020.
2017-11-28 10:08:41,491 INFO  [i.core.discovery.server.LocalServer] [] [] [] : Registered Service(improbable.fabric.internal.service.ReceptionistInternalService) on 127.0.0.1:9021.
2017-11-28 10:08:41,501 INFO  [i.core.discovery.server.PublicServer] [] [] [] : Registered Service(improbable.platform.runtime.ReceptionistService) on 127.0.0.1:7777.
2017-11-28 10:08:41,502 INFO  [improbable.module.ModuleNode] [] [] [] : Starting InspectionRestModule
2017-11-28 10:08:41,504 INFO  [improbable.module.ModuleNode] [] [] [] : Starting ProfilingModule
2017-11-28 10:08:41,507 INFO  [i.c.d.client.CheckpointDiscoveryImpl] [] [] [] : Reached a checkpoint: ALL_MODULES_STARTED
2017-11-28 10:08:41,508 INFO  [improbable.module.ModuleNode] [] [] [] : All modules on this node started, waiting for other nodes to reach the same checkpoint.
2017-11-28 10:08:41,515 INFO  [i.c.a.e.ExtensibleActorReporter] [] [] [] : Started ProfilingModuleActor(Actor[akka://akkaFabric/user/ProfilingModule#1020517718]).
2017-11-28 10:08:41,521 INFO  [i.core.discovery.server.LocalServer] [] [] [] : Registered Service(improbable.fabric.internal.debug.HeatmapCellCacheInternalService) on 127.0.0.1:9022.
2017-11-28 10:08:41,552 INFO  [i.core.discovery.server.PublicServer] [] [] [] : Registered Service(improbable.platform.runtime.InspectionService) on 127.0.0.1:9023.
2017-11-28 10:08:41,616 INFO  [i.c.a.e.ExtensibleActorReporter] [] [] [] : Started InspectionRestModuleActor(Actor[akka://akkaFabric/user/InspectionRestModule#-2007891702]).
2017-11-28 10:08:42,033 INFO  [i.bridge.oracle.scaling.WorkerScaler] [] [] [] : Skipping reconciliation because no WorkerRunner service is available. This message is expected at startup but should not persist through the deployment
2017-11-28 10:08:42,183 INFO  [spray.can.server.HttpListener] [akka://akkaFabric/user/IO-HTTP/listener-0] [akkaFabric-akka.actor.default-dispatcher-26] [] : Bound to /0.0.0.0:5005
2017-11-28 10:08:42,453 INFO  [i.c.d.g.GlobalCheckpointDiscoveryImpl] [] [] [] : Global checkpoint discovery refreshed checkpoints.
2017-11-28 10:08:42,455 INFO  [i.c.d.g.GlobalServiceDiscoveryImpl] [] [] [] : Global service discovery refreshed 26 server(s) (previously: 21)
2017-11-28 10:08:42,456 INFO  [improbable.module.ModuleNode] [] [] [] : All modules on all nodes have been started.
2017-11-28 10:08:42,458 INFO  [improbable.module.ModuleNode] [] [] [] : Loading a snapshot.
2017-11-28 10:08:42,492 INFO  [i.p.g.GSimPersistenceLoadOrchestrator] [] [] [] : Loading snapshot on GSim(0).
2017-11-28 10:08:42,492 INFO  [i.p.s.storage.LegacySnapshotStorage] [] [] [] : Requesting download URL for Snapshot(local@latest) matching []
2017-11-28 10:08:42,500 INFO  [i.p.s.storage.LegacySnapshotStorage] [] [] [] : Downloading snapshot from http://127.0.0.1:21000/snapshots/20171128100819411
2017-11-28 10:08:42,504 INFO  [i.p.gsim.GSimPersistenceLoader] [] [] [] : Loading snapshot
2017-11-28 10:08:42,558 INFO  [i.p.g.GSimPersistenceLoadOrchestrator] [] [] [] : Loaded 11 entities on GSim(0).
2017-11-28 10:08:42,564 INFO  [i.p.c.PersistenceLoaderCoordinatorActor] [] [] [] : All Snapshots loaded.
2017-11-28 10:08:42,574 INFO  [improbable.module.ModuleNode] [] [] [] : Snapshot has been loaded.
2017-11-28 10:08:42,580 INFO  [improbable.module.ModuleNode] [] [] [] : Starting SnapshotService.
2017-11-28 10:08:42,636 INFO  [i.core.discovery.server.PublicServer] [] [] [] : Registered Service(improbable.platform.runtime.SnapshotService) on 127.0.0.1:9024.
2017-11-28 10:08:42,637 INFO  [i.c.d.client.CheckpointDiscoveryImpl] [] [] [] : Reached a checkpoint: LOAD_SNAPSHOT_FINISHED
2017-11-28 10:08:42,639 INFO  [improbable.module.ModuleNode] [] [] [] : SpatialOS runtime startup complete.
2017-11-28 10:08:42,683 INFO  [i.l.params.LoadbalancerParamsFactory] [] [] [] : LoadbalancerParams for worker type [UnityWorker]: [AutoHexGridLoadbalancerParams{energyLimitingEnabled=true, energyLimit=1.0E9, minWorkerRange=1500.0, maxWorkerRange=1500.0, maxWorkerStepSize=0.0, workerExpansionTimeMs=60000, workerGridSize=0, loadbalancerEnabled=false, hexGridMode=AUTO, scalerAdvisorType=CONSTANT, maxWorkers=1, initialWorkers=1, numEntitiesPerWorker=9223372036854775807, statusReportPeriodMs=30000, pointsOfInterestEnabled=false, hexGridSolution=AutoValue_HexGridSolution{workersUsed=1, hexagonEdgeLength=1500.0, hexagonOrientation=POINTY_TOP, bounds=Rectangle{minX=-750.0, minZ=-750.0, maxX=750.0, maxZ=750.0}}, pointsOfInterestSolution=Empty}]
2017-11-28 10:08:43,456 INFO  [i.c.d.g.GlobalServiceDiscoveryImpl] [] [] [] : Global service discovery refreshed 27 server(s) (previously: 26)
2017-11-28 10:08:43,459 INFO  [i.c.d.g.GlobalCheckpointDiscoveryImpl] [] [] [] : Global checkpoint discovery refreshed checkpoints.
2017-11-28 10:08:43,596 INFO  [i.b.o.m.BridgeOracleWorkerManager] [] [] [] : Trying to start managed worker UnityWorker0
2017-11-28 10:08:43,621 INFO  [i.bridge.oracle.scaling.WorkerScaler] [] [] [] : Starting 1 new managed workers for attribute_set {
  attribute: "physics"
}
 (required: 1, existing: 0)
2017-11-28 10:08:43,621 INFO  [i.worker.exec.WorkerStartupExecutor] [] [] [] : Awaiting internal receptionist service to register with service discovery
2017-11-28 10:08:43,626 INFO  [i.worker.exec.WorkerStartupExecutor] [] [] [] : Successfully found the internal receptionist service in service discovery
2017-11-28 10:08:43,630 INFO  [i.worker.exec.WorkerStartupExecutor] [] [] [] : Awaiting public receptionist service to register with service discovery
2017-11-28 10:08:43,631 INFO  [i.worker.exec.WorkerStartupExecutor] [] [] [] : Successfully found the public receptionist service in service discovery
2017-11-28 10:08:53,626 WARN  [i.worker.exec.RemoteWorkerRunner] [] [] [] : Unable to get status to the worker runner
java.util.concurrent.ExecutionException: io.grpc.StatusRuntimeException: DEADLINE_EXCEEDED
	at com.google.common.util.concurrent.AbstractFuture.getDoneValue(AbstractFuture.java:503) ~[fabric__runtime_deploy.jar:na]
	at com.google.common.util.concurrent.AbstractFuture.get(AbstractFuture.java:482) ~[fabric__runtime_deploy.jar:na]
	at improbable.worker.exec.RemoteWorkerRunner.updateStatus(RemoteWorkerRunner.java:137) ~[fabric__runtime_deploy.jar:na]
	at java.util.concurrent.Executors$RunnableAdapter.call(Unknown Source) ~[na:1.8.0_151]
	at java.util.concurrent.FutureTask.run(Unknown Source) ~[na:1.8.0_151]
	at java.util.concurrent.ScheduledThreadPoolExecutor$ScheduledFutureTask.access$201(Unknown Source) ~[na:1.8.0_151]
	at java.util.concurrent.ScheduledThreadPoolExecutor$ScheduledFutureTask.run(Unknown Source) ~[na:1.8.0_151]
	at java.util.concurrent.ThreadPoolExecutor.runWorker(Unknown Source) ~[na:1.8.0_151]
	at java.util.concurrent.ThreadPoolExecutor$Worker.run(Unknown Source) ~[na:1.8.0_151]
	at java.lang.Thread.run(Unknown Source) ~[na:1.8.0_151]
Caused by: io.grpc.StatusRuntimeException: DEADLINE_EXCEEDED
	at io.grpc.Status.asRuntimeException(Status.java:543) ~[fabric__runtime_deploy.jar:na]
	at io.grpc.stub.ClientCalls$UnaryStreamToFuture.onClose(ClientCalls.java:442) ~[fabric__runtime_deploy.jar:na]
	at io.grpc.ForwardingClientCallListener.onClose(ForwardingClientCallListener.java:56) ~[fabric__runtime_deploy.jar:na]
	at me.dinowernli.grpc.prometheus.MonitoringClientCallListener.onClose(MonitoringClientCallListener.java:50) ~[fabric__runtime_deploy.jar:na]
	at io.grpc.internal.ClientCallImpl.closeObserver(ClientCallImpl.java:426) ~[fabric__runtime_deploy.jar:na]
	at io.grpc.internal.ClientCallImpl.access$100(ClientCallImpl.java:76) ~[fabric__runtime_deploy.jar:na]
	at io.grpc.internal.ClientCallImpl$ClientStreamListenerImpl.close(ClientCallImpl.java:512) ~[fabric__runtime_deploy.jar:na]
	at io.grpc.internal.ClientCallImpl$ClientStreamListenerImpl.access$700(ClientCallImpl.java:429) ~[fabric__runtime_deploy.jar:na]
	at io.grpc.internal.ClientCallImpl$ClientStreamListenerImpl$1StreamClosed.runInContext(ClientCallImpl.java:544) ~[fabric__runtime_deploy.jar:na]
	at io.grpc.internal.ContextRunnable.run(ContextRunnable.java:52) ~[fabric__runtime_deploy.jar:na]
	at io.grpc.internal.SerializingExecutor.run(SerializingExecutor.java:117) ~[fabric__runtime_deploy.jar:na]
	... 3 common frames omitted
2017-11-28 10:08:58,631 WARN  [i.worker.exec.RemoteWorkerRunner] [] [] [] : Unable to get status to the worker runner
java.util.concurrent.ExecutionException: io.grpc.StatusRuntimeException: DEADLINE_EXCEEDED
	at com.google.common.util.concurrent.AbstractFuture.getDoneValue(AbstractFuture.java:503) ~[fabric__runtime_deploy.jar:na]
	at com.google.common.util.concurrent.AbstractFuture.get(AbstractFuture.java:482) ~[fabric__runtime_deploy.jar:na]
	at improbable.worker.exec.RemoteWorkerRunner.updateStatus(RemoteWorkerRunner.java:137) ~[fabric__runtime_deploy.jar:na]
	at java.util.concurrent.Executors$RunnableAdapter.call(Unknown Source) ~[na:1.8.0_151]
	at java.util.concurrent.FutureTask.run(Unknown Source) ~[na:1.8.0_151]
	at java.util.concurrent.ScheduledThreadPoolExecutor$ScheduledFutureTask.access$201(Unknown Source) ~[na:1.8.0_151]
	at java.util.concurrent.ScheduledThreadPoolExecutor$ScheduledFutureTask.run(Unknown Source) ~[na:1.8.0_151]
	at java.util.concurrent.ThreadPoolExecutor.runWorker(Unknown Source) ~[na:1.8.0_151]
	at java.util.concurrent.ThreadPoolExecutor$Worker.run(Unknown Source) ~[na:1.8.0_151]
	at java.lang.Thread.run(Unknown Source) ~[na:1.8.0_151]
Caused by: io.grpc.StatusRuntimeException: DEADLINE_EXCEEDED
	at io.grpc.Status.asRuntimeException(Status.java:543) ~[fabric__runtime_deploy.jar:na]
	at io.grpc.stub.ClientCalls$UnaryStreamToFuture.onClose(ClientCalls.java:442) ~[fabric__runtime_deploy.jar:na]
	at io.grpc.ForwardingClientCallListener.onClose(ForwardingClientCallListener.java:56) ~[fabric__runtime_deploy.jar:na]
	at me.dinowernli.grpc.prometheus.MonitoringClientCallListener.onClose(MonitoringClientCallListener.java:50) ~[fabric__runtime_deploy.jar:na]
	at io.grpc.internal.ClientCallImpl.closeObserver(ClientCallImpl.java:426) ~[fabric__runtime_deploy.jar:na]
	at io.grpc.internal.ClientCallImpl.access$100(ClientCallImpl.java:76) ~[fabric__runtime_deploy.jar:na]
	at io.grpc.internal.ClientCallImpl$ClientStreamListenerImpl.close(ClientCallImpl.java:512) ~[fabric__runtime_deploy.jar:na]
	at io.grpc.internal.ClientCallImpl$ClientStreamListenerImpl.access$700(ClientCallImpl.java:429) ~[fabric__runtime_deploy.jar:na]
	at io.grpc.internal.ClientCallImpl$ClientStreamListenerImpl$1StreamClosed.runInContext(ClientCallImpl.java:544) ~[fabric__runtime_deploy.jar:na]
	at io.grpc.internal.ContextRunnable.run(ContextRunnable.java:52) ~[fabric__runtime_deploy.jar:na]
	at io.grpc.internal.SerializingExecutor.run(SerializingExecutor.java:117) ~[fabric__runtime_deploy.jar:na]
	... 3 common frames omitted
2017-11-28 10:09:01,133 INFO  [i.worker.exec.WorkerStartupExecutor] [] [] [] : Created log file for worker UnityWorker0, type (UnityWorker): [C:\Users\Erasmo\Documents\GitHub\Game\logs\2017-11-28_10-08-22_0\workers\UnityWorker\UnityWorker0-1729888307479378420.log]
2017-11-28 10:09:01,134 INFO  [i.worker.exec.CommandLineExecutor] [] [] [] : Running command: C:\Users\Erasmo\AppData\Local\Temp\zip-downloader6407793912469049108\c3fb63a2643c9afc16dd732212d2f66d\UnityWorker@Windows.exe +projectName beta_oscar_bacon_891 +receptionistIp 127.0.0.1 +receptionistPort 7777 +workerType UnityWorker +workerId UnityWorker0 +useInternalIpForBridge true +infraServicesUrl http://127.0.0.1:21000 +assemblyName local_assembly +linkProtocol RakNet -logfile C:\Users\Erasmo\Documents\GitHub\Game\logs\2017-11-28_10-08-22_0\workers\UnityWorker\UnityWorker0-1729888307479378420.log -batchmode -nographics
2017-11-28 10:09:02,217 INFO  [i.b.s.BridgeServicePicker] [] [] [] : Attempting to get positionHint for UnityWorker0 via rpc
2017-11-28 10:09:02,228 INFO  [i.b.s.BridgeServicePicker] [] [] [] : Selected legacy_guid: "bdcab2df-8138-4b04-857e-d62c18d46cc3"
address {
  host: "127.0.0.1"
  port: 9019
}
 with position  which is the nearest bridge service to position (0.0, 0.0, 0.0)
2017-11-28 10:09:02,241 INFO  [i.m.b.o.m.BridgeModuleOracleActor] [] [] [] : BridgeServicePicker returned module Optional[legacy_guid: "bdcab2df-8138-4b04-857e-d62c18d46cc3"
address {
  host: "127.0.0.1"
  port: 9019
}
] with load Optional[BridgeModuleLoadBalanceInfo((0.0, 0.0, 0.0),0)].get().toString() for Engine(UnityWorker0)
2017-11-28 10:09:02,790 INFO  [i.b.i.BridgeInternalServiceImpl] [] [] [] : Bridge worker_id: "UnityWorker0"
 registered with bridge internal service
2017-11-28 10:09:02,829 INFO  [i.b.o.s.BridgeOracleInternalServiceImpl] [] [] [] : Got bridge started rpc from bridge: worker_id: "UnityWorker0"

2017-11-28 10:09:02,829 INFO  [i.b.o.s.BridgeOracleInternalServiceImpl] [] [] [] : The worker UnityWorker0 registered with SpatialOS successfully.
2017-11-28 10:09:02,842 INFO  [i.module.bridge.oracle.BridgeOracle] [] [] [] : Sending bridge started to self for bridge endpoint BridgeOracleEndpoint
2017-11-28 10:09:02,846 INFO  [i.module.bridge.oracle.BridgeOracle] [] [] [] : Bridge(UnityWorker0) started.
2017-11-28 10:09:02,894 INFO  [i.b.o.m.BridgeOracleWorkerManager] [] [] [] : Worker UnityWorker0 registered with the BridgeOracleWorker manager
2017-11-28 10:09:03,791 INFO  [i.b.n.raknet.GuardedRakPeerInterface] [] [] [] : New RakNet connection established with 127.0.0.1
2017-11-28 10:09:43,515 INFO  [i.b.s.BridgeServicePicker] [] [] [] : Attempting to get positionHint for UnityClient630dfd4c-b711-41bd-a492-ec9e2ab565ef via rpc
2017-11-28 10:09:43,518 INFO  [i.b.s.BridgeServicePicker] [] [] [] : Starting UnityClient630dfd4c-b711-41bd-a492-ec9e2ab565ef without a position hint, so using a random bridge service
2017-11-28 10:09:43,519 INFO  [i.m.b.o.m.BridgeModuleOracleActor] [] [] [] : BridgeServicePicker returned module Optional[legacy_guid: "bdcab2df-8138-4b04-857e-d62c18d46cc3"
address {
  host: "127.0.0.1"
  port: 9019
}
] with load Optional[BridgeModuleLoadBalanceInfo((0.0, 0.0, 0.0),1)].get().toString() for Engine(UnityClient630dfd4c-b711-41bd-a492-ec9e2ab565ef)
2017-11-28 10:09:43,539 INFO  [i.l.params.LoadbalancerParamsFactory] [] [] [] : LoadbalancerParams for worker type [UnityClient]: [FlagzLoadbalancerParams{energyLimitingEnabled=true, energyLimit=1.0E9, minWorkerRange=Infinity, maxWorkerRange=Infinity, maxWorkerStepSize=50.0, workerExpansionTimeMs=60000, workerGridSize=5, loadbalancerEnabled=true, hexGridMode=OFF, scalerAdvisorType=ENTITY_COUNT, maxWorkers=25, initialWorkers=25, numEntitiesPerWorker=9223372036854775807, statusReportPeriodMs=2000, pointsOfInterestEnabled=false, hexGridSolution=Empty, pointsOfInterestSolution=Empty}]
2017-11-28 10:09:43,549 INFO  [i.b.i.BridgeInternalServiceImpl] [] [] [] : Bridge worker_id: "UnityClient630dfd4c-b711-41bd-a492-ec9e2ab565ef"
 registered with bridge internal service
2017-11-28 10:09:43,551 INFO  [i.b.o.s.BridgeOracleInternalServiceImpl] [] [] [] : Got bridge started rpc from bridge: worker_id: "UnityClient630dfd4c-b711-41bd-a492-ec9e2ab565ef"

2017-11-28 10:09:43,553 INFO  [i.b.o.s.BridgeOracleInternalServiceImpl] [] [] [] : The worker UnityClient630dfd4c-b711-41bd-a492-ec9e2ab565ef registered with SpatialOS successfully.
2017-11-28 10:09:43,553 INFO  [i.module.bridge.oracle.BridgeOracle] [] [] [] : Sending bridge started to self for bridge endpoint BridgeOracleEndpoint
2017-11-28 10:09:43,554 INFO  [i.module.bridge.oracle.BridgeOracle] [] [] [] : Bridge(UnityClient630dfd4c-b711-41bd-a492-ec9e2ab565ef) started.
2017-11-28 10:09:44,144 INFO  [i.b.n.raknet.GuardedRakPeerInterface] [] [] [] : New RakNet connection established with 127.0.0.1
2017-11-28 10:09:46,070 INFO  [i.b.s.BridgeServicePicker] [] [] [] : Attempting to get positionHint for UnityClient8b687b92-0911-4282-9c78-4b9f66eb5038 via rpc
2017-11-28 10:09:46,073 INFO  [i.b.s.BridgeServicePicker] [] [] [] : Starting UnityClient8b687b92-0911-4282-9c78-4b9f66eb5038 without a position hint, so using a random bridge service
2017-11-28 10:09:46,074 INFO  [i.m.b.o.m.BridgeModuleOracleActor] [] [] [] : BridgeServicePicker returned module Optional[legacy_guid: "bdcab2df-8138-4b04-857e-d62c18d46cc3"
address {
  host: "127.0.0.1"
  port: 9019
}
] with load Optional[BridgeModuleLoadBalanceInfo((0.0, 0.0, 0.0),2)].get().toString() for Engine(UnityClient8b687b92-0911-4282-9c78-4b9f66eb5038)
2017-11-28 10:09:46,098 INFO  [i.b.i.BridgeInternalServiceImpl] [] [] [] : Bridge worker_id: "UnityClient8b687b92-0911-4282-9c78-4b9f66eb5038"
 registered with bridge internal service
2017-11-28 10:09:46,103 INFO  [i.b.o.s.BridgeOracleInternalServiceImpl] [] [] [] : Got bridge started rpc from bridge: worker_id: "UnityClient8b687b92-0911-4282-9c78-4b9f66eb5038"

2017-11-28 10:09:46,104 INFO  [i.b.o.s.BridgeOracleInternalServiceImpl] [] [] [] : The worker UnityClient8b687b92-0911-4282-9c78-4b9f66eb5038 registered with SpatialOS successfully.
2017-11-28 10:09:46,105 INFO  [i.module.bridge.oracle.BridgeOracle] [] [] [] : Sending bridge started to self for bridge endpoint BridgeOracleEndpoint
2017-11-28 10:09:46,106 INFO  [i.module.bridge.oracle.BridgeOracle] [] [] [] : Bridge(UnityClient8b687b92-0911-4282-9c78-4b9f66eb5038) started.
2017-11-28 10:09:46,728 INFO  [i.b.n.raknet.GuardedRakPeerInterface] [] [] [] : New RakNet connection established with 127.0.0.1
2017-11-28 10:10:00,669 WARN  [i.g.c.r.LocalHeatmapCacheUpdater] [] [] [] : Failed to update entity counts in the inspection service's heatmap cache. The inspection service may be heavily loaded.
2017-11-28 10:10:07,368 WARN  [i.worker.exec.RemoteWorkerRunner] [] [] [] : Unable to get status to the worker runner
java.util.concurrent.ExecutionException: io.grpc.StatusRuntimeException: DEADLINE_EXCEEDED
	at com.google.common.util.concurrent.AbstractFuture.getDoneValue(AbstractFuture.java:503) ~[fabric__runtime_deploy.jar:na]
	at com.google.common.util.concurrent.AbstractFuture.get(AbstractFuture.java:482) ~[fabric__runtime_deploy.jar:na]
	at improbable.worker.exec.RemoteWorkerRunner.updateStatus(RemoteWorkerRunner.java:137) ~[fabric__runtime_deploy.jar:na]
	at java.util.concurrent.Executors$RunnableAdapter.call(Unknown Source) ~[na:1.8.0_151]
	at java.util.concurrent.FutureTask.run(Unknown Source) ~[na:1.8.0_151]
	at java.util.concurrent.ScheduledThreadPoolExecutor$ScheduledFutureTask.access$201(Unknown Source) ~[na:1.8.0_151]
	at java.util.concurrent.ScheduledThreadPoolExecutor$ScheduledFutureTask.run(Unknown Source) ~[na:1.8.0_151]
	at java.util.concurrent.ThreadPoolExecutor.runWorker(Unknown Source) ~[na:1.8.0_151]
	at java.util.concurrent.ThreadPoolExecutor$Worker.run(Unknown Source) ~[na:1.8.0_151]
	at java.lang.Thread.run(Unknown Source) ~[na:1.8.0_151]
Caused by: io.grpc.StatusRuntimeException: DEADLINE_EXCEEDED
	at io.grpc.Status.asRuntimeException(Status.java:543) ~[fabric__runtime_deploy.jar:na]
	at io.grpc.stub.ClientCalls$UnaryStreamToFuture.onClose(ClientCalls.java:442) ~[fabric__runtime_deploy.jar:na]
	at io.grpc.ForwardingClientCallListener.onClose(ForwardingClientCallListener.java:56) ~[fabric__runtime_deploy.jar:na]
	at me.dinowernli.grpc.prometheus.MonitoringClientCallListener.onClose(MonitoringClientCallListener.java:50) ~[fabric__runtime_deploy.jar:na]
	at io.grpc.internal.ClientCallImpl.closeObserver(ClientCallImpl.java:426) ~[fabric__runtime_deploy.jar:na]
	at io.grpc.internal.ClientCallImpl.access$100(ClientCallImpl.java:76) ~[fabric__runtime_deploy.jar:na]
	at io.grpc.internal.ClientCallImpl$ClientStreamListenerImpl.close(ClientCallImpl.java:512) ~[fabric__runtime_deploy.jar:na]
	at io.grpc.internal.ClientCallImpl$ClientStreamListenerImpl.access$700(ClientCallImpl.java:429) ~[fabric__runtime_deploy.jar:na]
	at io.grpc.internal.ClientCallImpl$ClientStreamListenerImpl$1StreamClosed.runInContext(ClientCallImpl.java:544) ~[fabric__runtime_deploy.jar:na]
	at io.grpc.internal.ContextRunnable.run(ContextRunnable.java:52) ~[fabric__runtime_deploy.jar:na]
	at io.grpc.internal.SerializingExecutor.run(SerializingExecutor.java:117) ~[fabric__runtime_deploy.jar:na]
	... 3 common frames omitted
2017-11-28 10:10:07,907 WARN  [i.b.logging.EngineLogMessageHandler] [] [] [] : [Worker: UnityWorker0] Received incoming command response for unknown request ID 5. This is usually because a response was received after the command timed out locally.
 in  -[WorkerLogger:Unity]
2017-11-28 10:10:08,130 INFO  [akka.actor.LocalActorRef] [akka://akkaFabric/user/GSimModule/EntityFactory/Entity-13/EntityUser-13] [akkaFabric-akka.actor.default-dispatcher-26] [] : Message [improbable.gsim.proxy.entity.StateUpdateWrapperMsg] from Actor[akka://akkaFabric/deadLetters] to Actor[akka://akkaFabric/user/GSimModule/EntityFactory/Entity-13/EntityUser-13#91225738] was not delivered. [1] dead letters encountered. This logging can be turned off or adjusted with configuration settings 'akka.log-dead-letters' and 'akka.log-dead-letters-during-shutdown'.
2017-11-28 10:10:08,131 INFO  [akka.actor.LocalActorRef] [akka://akkaFabric/user/GSimModule/EntityFactory/Entity-13/EntityUser-13] [akkaFabric-akka.actor.default-dispatcher-26] [] : Message [improbable.gsim.proxy.entity.StateUpdateWrapperMsg] from Actor[akka://akkaFabric/deadLetters] to Actor[akka://akkaFabric/user/GSimModule/EntityFactory/Entity-13/EntityUser-13#91225738] was not delivered. [2] dead letters encountered. This logging can be turned off or adjusted with configuration settings 'akka.log-dead-letters' and 'akka.log-dead-letters-during-shutdown'.
2017-11-28 10:10:08,193 WARN  [i.b.logging.EngineLogMessageHandler] [] [] [] : [Worker: UnityWorker0] Received incoming command response for unknown request ID 4. This is usually because a response was received after the command timed out locally.
 in  -[WorkerLogger:Unity]
2017-11-28 10:10:08,224 INFO  [akka.actor.LocalActorRef] [akka://akkaFabric/user/GSimModule/EntityFactory/Entity-13/EntityUser-13] [akkaFabric-akka.actor.default-dispatcher-26] [] : Message [improbable.gsim.proxy.entity.StateUpdateWrapperMsg] from Actor[akka://akkaFabric/deadLetters] to Actor[akka://akkaFabric/user/GSimModule/EntityFactory/Entity-13/EntityUser-13#91225738] was not delivered. [3] dead letters encountered. This logging can be turned off or adjusted with configuration settings 'akka.log-dead-letters' and 'akka.log-dead-letters-during-shutdown'.
2017-11-28 10:10:08,245 INFO  [akka.actor.LocalActorRef] [akka://akkaFabric/user/GSimModule/EntityFactory/Entity-13/EntityUser-13] [akkaFabric-akka.actor.default-dispatcher-26] [] : Message [improbable.gsim.proxy.entity.StateUpdateWrapperMsg] from Actor[akka://akkaFabric/deadLetters] to Actor[akka://akkaFabric/user/GSimModule/EntityFactory/Entity-13/EntityUser-13#91225738] was not delivered. [4] dead letters encountered. This logging can be turned off or adjusted with configuration settings 'akka.log-dead-letters' and 'akka.log-dead-letters-during-shutdown'.
2017-11-28 10:10:08,255 INFO  [akka.actor.LocalActorRef] [akka://akkaFabric/user/GSimModule/EntityFactory/Entity-13/EntityUser-13] [akkaFabric-akka.actor.default-dispatcher-26] [] : Message [improbable.gsim.proxy.entity.StateUpdateWrapperMsg] from Actor[akka://akkaFabric/deadLetters] to Actor[akka://akkaFabric/user/GSimModule/EntityFactory/Entity-13/EntityUser-13#91225738] was not delivered. [5] dead letters encountered. This logging can be turned off or adjusted with configuration settings 'akka.log-dead-letters' and 'akka.log-dead-letters-during-shutdown'.
2017-11-28 10:10:08,257 INFO  [akka.actor.LocalActorRef] [akka://akkaFabric/user/GSimModule/EntityFactory/Entity-13/EntityUser-13] [akkaFabric-akka.actor.default-dispatcher-26] [] : Message [improbable.gsim.proxy.entity.StateUpdateWrapperMsg] from Actor[akka://akkaFabric/deadLetters] to Actor[akka://akkaFabric/user/GSimModule/EntityFactory/Entity-13/EntityUser-13#91225738] was not delivered. [6] dead letters encountered. This logging can be turned off or adjusted with configuration settings 'akka.log-dead-letters' and 'akka.log-dead-letters-during-shutdown'.
2017-11-28 10:10:08,258 INFO  [akka.actor.LocalActorRef] [akka://akkaFabric/user/GSimModule/EntityFactory/Entity-13/EntityUser-13] [akkaFabric-akka.actor.default-dispatcher-26] [] : Message [improbable.gsim.proxy.entity.StateUpdateWrapperMsg] from Actor[akka://akkaFabric/deadLetters] to Actor[akka://akkaFabric/user/GSimModule/EntityFactory/Entity-13/EntityUser-13#91225738] was not delivered. [7] dead letters encountered. This logging can be turned off or adjusted with configuration settings 'akka.log-dead-letters' and 'akka.log-dead-letters-during-shutdown'.
2017-11-28 10:10:08,644 INFO  [akka.actor.LocalActorRef] [akka://akkaFabric/user/GSimModule/EntityFactory/Entity-13/EntityUser-13] [akkaFabric-akka.actor.default-dispatcher-26] [] : Message [improbable.gsim.proxy.entity.StateUpdateWrapperMsg] from Actor[akka://akkaFabric/deadLetters] to Actor[akka://akkaFabric/user/GSimModule/EntityFactory/Entity-13/EntityUser-13#91225738] was not delivered. [8] dead letters encountered. This logging can be turned off or adjusted with configuration settings 'akka.log-dead-letters' and 'akka.log-dead-letters-during-shutdown'.
2017-11-28 10:10:08,646 INFO  [akka.actor.LocalActorRef] [akka://akkaFabric/user/GSimModule/EntityFactory/Entity-13/EntityUser-13] [akkaFabric-akka.actor.default-dispatcher-26] [] : Message [improbable.gsim.proxy.entity.StateUpdateWrapperMsg] from Actor[akka://akkaFabric/deadLetters] to Actor[akka://akkaFabric/user/GSimModule/EntityFactory/Entity-13/EntityUser-13#91225738] was not delivered. [9] dead letters encountered. This logging can be turned off or adjusted with configuration settings 'akka.log-dead-letters' and 'akka.log-dead-letters-during-shutdown'.
2017-11-28 10:10:08,666 INFO  [akka.actor.LocalActorRef] [akka://akkaFabric/user/GSimModule/EntityFactory/Entity-13/EntityUser-13] [akkaFabric-akka.actor.default-dispatcher-26] [] : Message [improbable.gsim.proxy.entity.StateUpdateWrapperMsg] from Actor[akka://akkaFabric/deadLetters] to Actor[akka://akkaFabric/user/GSimModule/EntityFactory/Entity-13/EntityUser-13#91225738] was not delivered. [10] dead letters encountered, no more dead letters will be logged. This logging can be turned off or adjusted with configuration settings 'akka.log-dead-letters' and 'akka.log-dead-letters-during-shutdown'.
2017-11-28 10:10:08,360 WARN  [improbable.gsim.chunk.ChunkActor] [] [] [] : Tried to delete Entity(12), which is not in cache.
2017-11-28 10:10:08,776 WARN  [i.b.commands.BridgeCommandHandler] [] [] [] : Failed to execute command entity_command_request {
  endpoint {
    entity_id: 13
    component_id: 1003
  }
  payload: "\332>\002\n\000"
}
 on UnityClient8b687b92-0911-4282-9c78-4b9f66eb5038
improbable.bridge.commands.exception.CommandException: TARGET_NOT_FOUND: Entity 13 not found
	at improbable.entity.client.EntityServiceClientImpl.lambda$invokeCommand$1(EntityServiceClientImpl.java:88) ~[fabric__runtime_deploy.jar:na]
	at improbable.common.async.MoreFutures$2.onFailure(MoreFutures.java:296) ~[fabric__runtime_deploy.jar:na]
	at com.google.common.util.concurrent.Futures$CallbackListener.run(Futures.java:1228) ~[fabric__runtime_deploy.jar:na]
	at com.google.common.util.concurrent.MoreExecutors$DirectExecutor.execute(MoreExecutors.java:399) ~[fabric__runtime_deploy.jar:na]
	at com.google.common.util.concurrent.AbstractFuture.executeListener(AbstractFuture.java:911) ~[fabric__runtime_deploy.jar:na]
	at com.google.common.util.concurrent.AbstractFuture.complete(AbstractFuture.java:822) ~[fabric__runtime_deploy.jar:na]
	at com.google.common.util.concurrent.AbstractFuture.setException(AbstractFuture.java:686) ~[fabric__runtime_deploy.jar:na]
	at com.google.common.util.concurrent.SettableFuture.setException(SettableFuture.java:54) ~[fabric__runtime_deploy.jar:na]
	at improbable.util.package$$anonfun$toJavaFuture$2.applyOrElse(package.scala:62) ~[fabric__runtime_deploy.jar:na]
	at improbable.util.package$$anonfun$toJavaFuture$2.applyOrElse(package.scala:62) ~[fabric__runtime_deploy.jar:na]
	at scala.concurrent.Future$$anonfun$onFailure$1.apply(Future.scala:138) ~[fabric__runtime_deploy.jar:na]
	at scala.concurrent.Future$$anonfun$onFailure$1.apply(Future.scala:136) ~[fabric__runtime_deploy.jar:na]
	at scala.concurrent.impl.CallbackRunnable.run(Promise.scala:36) ~[fabric__runtime_deploy.jar:na]
	at com.google.common.util.concurrent.MoreExecutors$DirectExecutor.execute(MoreExecutors.java:399) ~[fabric__runtime_deploy.jar:na]
	at scala.concurrent.impl.ExecutionContextImpl.execute(ExecutionContextImpl.scala:109) ~[fabric__runtime_deploy.jar:na]
	at scala.concurrent.impl.CallbackRunnable.executeWithValue(Promise.scala:44) ~[fabric__runtime_deploy.jar:na]
	at scala.concurrent.impl.Promise$DefaultPromise.tryComplete(Promise.scala:252) ~[fabric__runtime_deploy.jar:na]
	at scala.concurrent.Promise$class.complete(Promise.scala:55) ~[fabric__runtime_deploy.jar:na]
	at scala.concurrent.impl.Promise$DefaultPromise.complete(Promise.scala:157) ~[fabric__runtime_deploy.jar:na]
	at scala.concurrent.Future$$anonfun$map$1.apply(Future.scala:237) ~[fabric__runtime_deploy.jar:na]
	at scala.concurrent.Future$$anonfun$map$1.apply(Future.scala:237) ~[fabric__runtime_deploy.jar:na]
	at scala.concurrent.impl.CallbackRunnable.run(Promise.scala:36) ~[fabric__runtime_deploy.jar:na]
	at com.google.common.util.concurrent.MoreExecutors$DirectExecutor.execute(MoreExecutors.java:399) ~[fabric__runtime_deploy.jar:na]
	at scala.concurrent.impl.ExecutionContextImpl.execute(ExecutionContextImpl.scala:109) ~[fabric__runtime_deploy.jar:na]
	at scala.concurrent.impl.CallbackRunnable.executeWithValue(Promise.scala:44) ~[fabric__runtime_deploy.jar:na]
	at scala.concurrent.impl.Promise$DefaultPromise.tryComplete(Promise.scala:252) ~[fabric__runtime_deploy.jar:na]
	at scala.concurrent.Promise$class.complete(Promise.scala:55) ~[fabric__runtime_deploy.jar:na]
	at scala.concurrent.impl.Promise$DefaultPromise.complete(Promise.scala:157) ~[fabric__runtime_deploy.jar:na]
	at scala.concurrent.Promise$class.failure(Promise.scala:104) ~[fabric__runtime_deploy.jar:na]
	at scala.concurrent.impl.Promise$DefaultPromise.failure(Promise.scala:157) ~[fabric__runtime_deploy.jar:na]
	at improbable.util.package$$anon$1.onFailure(package.scala:45) ~[fabric__runtime_deploy.jar:na]
	at com.google.common.util.concurrent.Futures$CallbackListener.run(Futures.java:1228) ~[fabric__runtime_deploy.jar:na]
	at com.google.common.util.concurrent.MoreExecutors$DirectExecutor.execute(MoreExecutors.java:399) ~[fabric__runtime_deploy.jar:na]
	at com.google.common.util.concurrent.AbstractFuture.executeListener(AbstractFuture.java:911) ~[fabric__runtime_deploy.jar:na]
	at com.google.common.util.concurrent.AbstractFuture.complete(AbstractFuture.java:822) ~[fabric__runtime_deploy.jar:na]
	at com.google.common.util.concurrent.AbstractFuture.setException(AbstractFuture.java:686) ~[fabric__runtime_deploy.jar:na]
	at com.google.common.util.concurrent.AbstractTransformFuture.run(AbstractTransformFuture.java:112) ~[fabric__runtime_deploy.jar:na]
	at com.google.common.util.concurrent.MoreExecutors$DirectExecutor.execute(MoreExecutors.java:399) ~[fabric__runtime_deploy.jar:na]
	at com.google.common.util.concurrent.AbstractFuture.executeListener(AbstractFuture.java:911) ~[fabric__runtime_deploy.jar:na]
	at com.google.common.util.concurrent.AbstractFuture.complete(AbstractFuture.java:822) ~[fabric__runtime_deploy.jar:na]
	at com.google.common.util.concurrent.AbstractFuture.setException(AbstractFuture.java:686) ~[fabric__runtime_deploy.jar:na]
	at com.google.common.util.concurrent.TimeoutFuture$Fire.run(TimeoutFuture.java:120) ~[fabric__runtime_deploy.jar:na]
	at improbable.common.async.FabricListeningExecutorService.lambda$instrumentRunnable$0(FabricListeningExecutorService.java:133) ~[fabric__runtime_deploy.jar:na]
	at java.util.concurrent.Executors$RunnableAdapter.call(Unknown Source) ~[na:1.8.0_151]
	at com.google.common.util.concurrent.TrustedListenableFutureTask$TrustedFutureInterruptibleTask.runInterruptibly(TrustedListenableFutureTask.java:111) ~[fabric__runtime_deploy.jar:na]
	at com.google.common.util.concurrent.InterruptibleTask.run(InterruptibleTask.java:58) ~[fabric__runtime_deploy.jar:na]
	at com.google.common.util.concurrent.TrustedListenableFutureTask.run(TrustedListenableFutureTask.java:75) ~[fabric__runtime_deploy.jar:na]
	at java.util.concurrent.Executors$RunnableAdapter.call(Unknown Source) ~[na:1.8.0_151]
	at java.util.concurrent.FutureTask.run(Unknown Source) ~[na:1.8.0_151]
	at java.util.concurrent.ScheduledThreadPoolExecutor$ScheduledFutureTask.access$201(Unknown Source) ~[na:1.8.0_151]
	at java.util.concurrent.ScheduledThreadPoolExecutor$ScheduledFutureTask.run(Unknown Source) ~[na:1.8.0_151]
	at java.util.concurrent.ThreadPoolExecutor.runWorker(Unknown Source) ~[na:1.8.0_151]
	at java.util.concurrent.ThreadPoolExecutor$Worker.run(Unknown Source) ~[na:1.8.0_151]
	at java.lang.Thread.run(Unknown Source) ~[na:1.8.0_151]
2017-11-28 10:10:15,503 INFO  [i.b.n.BridgeActorTransportLinkListener] [] [] [] : TransportLinkListener(UnityClient8b687b92-0911-4282-9c78-4b9f66eb5038) sending Disconnected to akka://akkaFabric/user/BridgeModule:bdcab2df-8138-4b04-857e-d62c18d46cc3/BridgeActor-UnityClient8b687b92-0911-4282-9c78-4b9f66eb5038
2017-11-28 10:10:15,519 INFO  [i.b.i.BridgeInternalServiceImpl] [] [] [] : Bridge worker_id: "UnityClient8b687b92-0911-4282-9c78-4b9f66eb5038"
 unregistered with bridge internal service
2017-11-28 10:10:15,519 INFO  [improbable.bridge.BridgeActor] [] [] [] : Bridge(UnityClient8b687b92-0911-4282-9c78-4b9f66eb5038) on BridgeModuleEndpoint(bdcab2df-8138-4b04-857e-d62c18d46cc3) stopped.
2017-11-28 10:10:15,551 INFO  [i.module.bridge.oracle.BridgeOracle] [] [] [] : Sending bridge stopped to self for bridge endpoint BridgeEndpoint(UnityClient8b687b92-0911-4282-9c78-4b9f66eb5038)
2017-11-28 10:10:15,553 INFO  [i.module.bridge.oracle.BridgeOracle] [] [] [] : Bridge(UnityClient8b687b92-0911-4282-9c78-4b9f66eb5038) stopped.
2017-11-28 10:10:16,744 INFO  [i.b.n.BridgeActorTransportLinkListener] [] [] [] : TransportLinkListener(UnityClient630dfd4c-b711-41bd-a492-ec9e2ab565ef) sending Disconnected to akka://akkaFabric/user/BridgeModule:bdcab2df-8138-4b04-857e-d62c18d46cc3/BridgeActor-UnityClient630dfd4c-b711-41bd-a492-ec9e2ab565ef
2017-11-28 10:10:16,747 INFO  [i.module.bridge.oracle.BridgeOracle] [] [] [] : Sending bridge stopped to self for bridge endpoint BridgeEndpoint(UnityClient630dfd4c-b711-41bd-a492-ec9e2ab565ef)
2017-11-28 10:10:16,746 INFO  [i.b.i.BridgeInternalServiceImpl] [] [] [] : Bridge worker_id: "UnityClient630dfd4c-b711-41bd-a492-ec9e2ab565ef"
 unregistered with bridge internal service
2017-11-28 10:10:16,749 INFO  [improbable.bridge.BridgeActor] [] [] [] : Bridge(UnityClient630dfd4c-b711-41bd-a492-ec9e2ab565ef) on BridgeModuleEndpoint(bdcab2df-8138-4b04-857e-d62c18d46cc3) stopped.
2017-11-28 10:10:16,759 INFO  [i.module.bridge.oracle.BridgeOracle] [] [] [] : Bridge(UnityClient630dfd4c-b711-41bd-a492-ec9e2ab565ef) stopped.
2017-11-28 10:10:16,764 WARN  [improbable.gsim.chunk.ChunkActor] [] [] [] : Failed to update entity authority component for EntityInfo(12,{1006=attribute_set {
  attribute: "physics"
}
, 1002=attribute_set {
  attribute: "workerId:UnityClient630dfd4c-b711-41bd-a492-ec9e2ab565ef"
}
, 1007=attribute_set {
  attribute: "physics"
}
, 54=attribute_set {
  attribute: "physics"
}
, 1000=attribute_set {
  attribute: "physics"
}
, 1003=attribute_set {
  attribute: "physics"
}
, 1004=attribute_set {
  attribute: "workerId:UnityClient630dfd4c-b711-41bd-a492-ec9e2ab565ef"
}
},{1006=Optional[BridgeEndpoint(UnityWorker0)], 1007=Optional[BridgeEndpoint(UnityWorker0)], 54=Optional[BridgeEndpoint(UnityWorker0)], 1000=Optional[BridgeEndpoint(UnityWorker0)], 1003=Optional[BridgeEndpoint(UnityWorker0)]})
improbable.db.client.DatabaseException: Tried to update entity 12, which does not exist
	at improbable.db.legacy.LegacyDatabaseShard.lambda$updateEntity$1(LegacyDatabaseShard.java:149) ~[fabric__runtime_deploy.jar:na]
	at java.util.Optional.orElseThrow(Unknown Source) ~[na:1.8.0_151]
	at improbable.db.legacy.LegacyDatabaseShard.updateEntity(LegacyDatabaseShard.java:147) ~[fabric__runtime_deploy.jar:na]
	at improbable.gsim.chunk.ChunkActor$$anonfun$publishEntities$1.apply(ChunkActor.scala:507) [fabric__runtime_deploy.jar:na]
	at improbable.gsim.chunk.ChunkActor$$anonfun$publishEntities$1.apply(ChunkActor.scala:488) [fabric__runtime_deploy.jar:na]
	at scala.collection.Iterator$class.foreach(Iterator.scala:891) [fabric__runtime_deploy.jar:na]
	at scala.collection.AbstractIterator.foreach(Iterator.scala:1334) [fabric__runtime_deploy.jar:na]
	at scala.collection.IterableLike$class.foreach(IterableLike.scala:72) [fabric__runtime_deploy.jar:na]
	at scala.collection.AbstractIterable.foreach(Iterable.scala:54) [fabric__runtime_deploy.jar:na]
	at improbable.gsim.chunk.ChunkActor.publishEntities(ChunkActor.scala:488) [fabric__runtime_deploy.jar:na]
	at improbable.gsim.chunk.ChunkActor.improbable$gsim$chunk$ChunkActor$$handleLoadBalancerAdvice(ChunkActor.scala:745) [fabric__runtime_deploy.jar:na]
	at improbable.gsim.chunk.ChunkActor.improbable$gsim$chunk$ChunkActor$$handleRequireBridgeResponse(ChunkActor.scala:716) [fabric__runtime_deploy.jar:na]
	at improbable.gsim.chunk.ChunkActor$$anonfun$2.applyOrElse(ChunkActor.scala:240) [fabric__runtime_deploy.jar:na]
	at scala.runtime.AbstractPartialFunction.apply(AbstractPartialFunction.scala:36) [fabric__runtime_deploy.jar:na]
	at improbable.core.actor.subscription.AnonymousFunctionSubscription.forward(AnonymousFunctionSubscription.scala:44) [fabric__runtime_deploy.jar:na]
	at improbable.core.actor.subscription.AnonymousFunctionSubscription.forwardToSubscriptions(AnonymousFunctionSubscription.scala:34) [fabric__runtime_deploy.jar:na]
	at improbable.core.actor.extensible.ExtensibleActor$$anonfun$receive$1.applyOrElse(ExtensibleActor.scala:60) [fabric__runtime_deploy.jar:na]
	at akka.actor.Actor$class.aroundReceive(Actor.scala:482) [..__akka_actor_artifact__jar__akka-actor_2.11-2.4.4.jar:na]
	at improbable.core.actor.extensible.ExtensibleActor.aroundReceive(ExtensibleActor.scala:14) [fabric__runtime_deploy.jar:na]
	at akka.actor.ActorCell.receiveMessage(ActorCell.scala:526) [..__akka_actor_artifact__jar__akka-actor_2.11-2.4.4.jar:na]
	at akka.actor.ActorCell.invoke(ActorCell.scala:495) [..__akka_actor_artifact__jar__akka-actor_2.11-2.4.4.jar:na]
	at akka.dispatch.Mailbox.processMailbox(Mailbox.scala:257) [..__akka_actor_artifact__jar__akka-actor_2.11-2.4.4.jar:na]
	at akka.dispatch.Mailbox.run(Mailbox.scala:224) [..__akka_actor_artifact__jar__akka-actor_2.11-2.4.4.jar:na]
	at akka.dispatch.Mailbox.exec(Mailbox.scala:234) [..__akka_actor_artifact__jar__akka-actor_2.11-2.4.4.jar:na]
	at scala.concurrent.forkjoin.ForkJoinTask.doExec(ForkJoinTask.java:260) [fabric__runtime_deploy.jar:na]
	at scala.concurrent.forkjoin.ForkJoinPool$WorkQueue.runTask(ForkJoinPool.java:1339) [fabric__runtime_deploy.jar:na]
	at scala.concurrent.forkjoin.ForkJoinPool.runWorker(ForkJoinPool.java:1979) [fabric__runtime_deploy.jar:na]
	at scala.concurrent.forkjoin.ForkJoinWorkerThread.run(ForkJoinWorkerThread.java:107) [fabric__runtime_deploy.jar:na]
2017-11-28 10:10:16,784 INFO  [improbable.gsim.chunk.ChunkActor] [] [] [] : Entity(GSimEntity(12,SquareChunk(0, -1),Set(ConstrainedComponent{componentId=1003, constraint=attribute_set {
  attribute: "physics"
}
}, ConstrainedComponent{componentId=1000, constraint=attribute_set {
  attribute: "physics"
}
}, ConstrainedComponent{componentId=1007, constraint=attribute_set {
  attribute: "physics"
}
}, ConstrainedComponent{componentId=54, constraint=attribute_set {
  attribute: "physics"
}
}, ConstrainedComponent{componentId=1006, constraint=attribute_set {
  attribute: "physics"
}
}, ConstrainedComponent{componentId=1004, constraint=attribute_set {
  attribute: "workerId:UnityClient630dfd4c-b711-41bd-a492-ec9e2ab565ef"
}
}, ConstrainedComponent{componentId=1002, constraint=attribute_set {
  attribute: "workerId:UnityClient630dfd4c-b711-41bd-a492-ec9e2ab565ef"
}
}),attribute_set {
  attribute: "physics"
}
attribute_set {
  attribute: "visual"
}
).entityId) has moved out of this GSim space. Will not send it down to Workers. (Logged every 1000 times)
2017-11-28 10:10:49,903 INFO  [i.b.s.BridgeServicePicker] [] [] [] : Attempting to get positionHint for UnityClient675c8118-9e83-458b-b7da-92b6347a7e67 via rpc
2017-11-28 10:10:49,905 INFO  [i.b.s.BridgeServicePicker] [] [] [] : Starting UnityClient675c8118-9e83-458b-b7da-92b6347a7e67 without a position hint, so using a random bridge service
2017-11-28 10:10:49,905 INFO  [i.m.b.o.m.BridgeModuleOracleActor] [] [] [] : BridgeServicePicker returned module Optional[legacy_guid: "bdcab2df-8138-4b04-857e-d62c18d46cc3"
address {
  host: "127.0.0.1"
  port: 9019
}
] with load Optional[BridgeModuleLoadBalanceInfo((0.0, 0.0, 0.0),1)].get().toString() for Engine(UnityClient675c8118-9e83-458b-b7da-92b6347a7e67)
2017-11-28 10:10:49,930 INFO  [i.b.i.BridgeInternalServiceImpl] [] [] [] : Bridge worker_id: "UnityClient675c8118-9e83-458b-b7da-92b6347a7e67"
 registered with bridge internal service
2017-11-28 10:10:49,932 INFO  [i.b.o.s.BridgeOracleInternalServiceImpl] [] [] [] : Got bridge started rpc from bridge: worker_id: "UnityClient675c8118-9e83-458b-b7da-92b6347a7e67"

2017-11-28 10:10:49,934 INFO  [i.b.o.s.BridgeOracleInternalServiceImpl] [] [] [] : The worker UnityClient675c8118-9e83-458b-b7da-92b6347a7e67 registered with SpatialOS successfully.
2017-11-28 10:10:49,935 INFO  [i.module.bridge.oracle.BridgeOracle] [] [] [] : Sending bridge started to self for bridge endpoint BridgeOracleEndpoint
2017-11-28 10:10:49,937 INFO  [i.module.bridge.oracle.BridgeOracle] [] [] [] : Bridge(UnityClient675c8118-9e83-458b-b7da-92b6347a7e67) started.
2017-11-28 10:10:50,529 INFO  [i.b.n.raknet.GuardedRakPeerInterface] [] [] [] : New RakNet connection established with 127.0.0.1
2017-11-28 10:11:03,415 INFO  [i.b.s.BridgeServicePicker] [] [] [] : Attempting to get positionHint for UnityClient4bb7f32c-56e4-4f2e-ad05-115bc54266a1 via rpc
2017-11-28 10:11:03,417 INFO  [i.b.s.BridgeServicePicker] [] [] [] : Starting UnityClient4bb7f32c-56e4-4f2e-ad05-115bc54266a1 without a position hint, so using a random bridge service
2017-11-28 10:11:03,419 INFO  [i.m.b.o.m.BridgeModuleOracleActor] [] [] [] : BridgeServicePicker returned module Optional[legacy_guid: "bdcab2df-8138-4b04-857e-d62c18d46cc3"
address {
  host: "127.0.0.1"
  port: 9019
}
] with load Optional[BridgeModuleLoadBalanceInfo((0.0, 0.0, 0.0),2)].get().toString() for Engine(UnityClient4bb7f32c-56e4-4f2e-ad05-115bc54266a1)
2017-11-28 10:11:03,453 INFO  [i.b.i.BridgeInternalServiceImpl] [] [] [] : Bridge worker_id: "UnityClient4bb7f32c-56e4-4f2e-ad05-115bc54266a1"
 registered with bridge internal service
2017-11-28 10:11:03,463 INFO  [i.b.o.s.BridgeOracleInternalServiceImpl] [] [] [] : Got bridge started rpc from bridge: worker_id: "UnityClient4bb7f32c-56e4-4f2e-ad05-115bc54266a1"

2017-11-28 10:11:03,463 INFO  [i.b.o.s.BridgeOracleInternalServiceImpl] [] [] [] : The worker UnityClient4bb7f32c-56e4-4f2e-ad05-115bc54266a1 registered with SpatialOS successfully.
2017-11-28 10:11:03,465 INFO  [i.module.bridge.oracle.BridgeOracle] [] [] [] : Sending bridge started to self for bridge endpoint BridgeOracleEndpoint
2017-11-28 10:11:03,466 INFO  [i.module.bridge.oracle.BridgeOracle] [] [] [] : Bridge(UnityClient4bb7f32c-56e4-4f2e-ad05-115bc54266a1) started.
2017-11-28 10:11:04,052 INFO  [i.b.n.raknet.GuardedRakPeerInterface] [] [] [] : New RakNet connection established with 127.0.0.1
2017-11-28 10:11:57,102 INFO  [i.b.n.BridgeActorTransportLinkListener] [] [] [] : TransportLinkListener(UnityClient675c8118-9e83-458b-b7da-92b6347a7e67) sending Disconnected to akka://akkaFabric/user/BridgeModule:bdcab2df-8138-4b04-857e-d62c18d46cc3/BridgeActor-UnityClient675c8118-9e83-458b-b7da-92b6347a7e67
2017-11-28 10:11:57,108 INFO  [i.b.n.raknet.reporter.RakNetReporter] [] [] [] : Tried to send to RakNet(UnityClient) on Port(7001)15 after closing. Payload: component_update {
  entity_id: 14
  component_id: 54
  entity_c... (Logged every 1000 times)
2017-11-28 10:11:57,110 INFO  [i.module.bridge.oracle.BridgeOracle] [] [] [] : Sending bridge stopped to self for bridge endpoint BridgeEndpoint(UnityClient675c8118-9e83-458b-b7da-92b6347a7e67)
2017-11-28 10:11:57,111 INFO  [i.b.i.BridgeInternalServiceImpl] [] [] [] : Bridge worker_id: "UnityClient675c8118-9e83-458b-b7da-92b6347a7e67"
 unregistered with bridge internal service
2017-11-28 10:11:57,112 INFO  [improbable.bridge.BridgeActor] [] [] [] : Bridge(UnityClient675c8118-9e83-458b-b7da-92b6347a7e67) on BridgeModuleEndpoint(bdcab2df-8138-4b04-857e-d62c18d46cc3) stopped.
2017-11-28 10:11:57,122 INFO  [i.module.bridge.oracle.BridgeOracle] [] [] [] : Bridge(UnityClient675c8118-9e83-458b-b7da-92b6347a7e67) stopped.
2017-11-28 10:14:37,134 INFO  [i.b.n.BridgeActorTransportLinkListener] [] [] [] : TransportLinkListener(UnityClient4bb7f32c-56e4-4f2e-ad05-115bc54266a1) sending Disconnected to akka://akkaFabric/user/BridgeModule:bdcab2df-8138-4b04-857e-d62c18d46cc3/BridgeActor-UnityClient4bb7f32c-56e4-4f2e-ad05-115bc54266a1
2017-11-28 10:14:37,139 INFO  [i.module.bridge.oracle.BridgeOracle] [] [] [] : Sending bridge stopped to self for bridge endpoint BridgeEndpoint(UnityClient4bb7f32c-56e4-4f2e-ad05-115bc54266a1)
2017-11-28 10:14:37,141 INFO  [i.module.bridge.oracle.BridgeOracle] [] [] [] : Bridge(UnityClient4bb7f32c-56e4-4f2e-ad05-115bc54266a1) stopped.
2017-11-28 10:14:37,139 INFO  [i.b.i.BridgeInternalServiceImpl] [] [] [] : Bridge worker_id: "UnityClient4bb7f32c-56e4-4f2e-ad05-115bc54266a1"
 unregistered with bridge internal service
2017-11-28 10:14:37,145 INFO  [improbable.bridge.BridgeActor] [] [] [] : Bridge(UnityClient4bb7f32c-56e4-4f2e-ad05-115bc54266a1) on BridgeModuleEndpoint(bdcab2df-8138-4b04-857e-d62c18d46cc3) stopped.
2017-11-28 10:16:53,196 INFO  [i.c.discovery.ServiceDiscoveryImpl] [] [] [] : Shutting down all services
2017-11-28 10:16:53,203 INFO  [i.core.discovery.server.LocalServer] [] [] [] : Stopped Service(improbable.fabric.internal.service.StatusDiscoveryInternalService) on 127.0.0.1:5301.
2017-11-28 10:16:53,206 INFO  [i.core.discovery.server.PublicServer] [] [] [] : Stopped Service(improbable.platform.runtime.ModuleService) on 127.0.0.1:9000.
2017-11-28 10:16:53,208 INFO  [i.core.discovery.server.PublicServer] [] [] [] : Stopped Service(improbable.platform.runtime.HealthCheckService) on 127.0.0.1:9001.
2017-11-28 10:16:53,211 INFO  [i.core.discovery.server.LocalServer] [] [] [] : Stopped Service(improbable.fabric.internal.service.PerfInternalService) on 127.0.0.1:9002.
2017-11-28 10:16:53,212 INFO  [i.core.discovery.server.LocalServer] [] [] [] : Stopped Service(improbable.fabric.internal.service.ContentionInternalService) on 127.0.0.1:9003.
2017-11-28 10:16:53,215 INFO  [i.core.discovery.server.PublicServer] [] [] [] : Stopped Service(improbable.platform.runtime.FeatureService) on 127.0.0.1:9004.
2017-11-28 10:16:53,216 INFO  [i.core.discovery.server.LocalServer] [] [] [] : Stopped Service(improbable.fabric.internal.service.NodeConfigurationInternalService) on 127.0.0.1:9005.
2017-11-28 10:16:53,216 INFO  [i.core.discovery.server.LocalServer] [] [] [] : Stopped Service(improbable.fabric.internal.service.WorldExtentsInternalService) on 127.0.0.1:9006.
2017-11-28 10:16:53,219 INFO  [i.core.discovery.server.LocalServer] [] [] [] : Stopped Service(improbable.fabric.internal.service.EntityIdInternalService) on 127.0.0.1:9007.
2017-11-28 10:16:53,222 INFO  [i.core.discovery.server.LocalServer] [] [] [] : Stopped Service(improbable.fabric.internal.service.WorkerPrestartRegistryInternalService) on 127.0.0.1:9008.
2017-11-28 10:16:53,225 INFO  [i.core.discovery.server.LocalServer] [] [] [] : Stopped Service(improbable.fabric.internal.service.RouterLookupInternalService) on 127.0.0.1:9009.
2017-11-28 10:16:53,228 INFO  [i.core.discovery.server.LocalServer] [] [] [] : Stopped Service(improbable.fabric.internal.service.RouterInternalService) on 127.0.0.1:9010.
2017-11-28 10:16:53,230 INFO  [i.core.discovery.server.LocalServer] [] [] [] : Stopped Service(improbable.fabric.internal.service.RemoteMessageInternalService) on 127.0.0.1:9011.
2017-11-28 10:16:53,232 INFO  [i.core.discovery.server.LocalServer] [] [] [] : Stopped Service(improbable.fabric.internal.service.LocalBrokerInternalService) on 127.0.0.1:9012.
2017-11-28 10:16:53,234 INFO  [i.core.discovery.server.LocalServer] [] [] [] : Stopped Service(improbable.fabric.internal.service.BridgeOracleInternalService) on 127.0.0.1:9013.
2017-11-28 10:16:53,236 INFO  [i.core.discovery.server.LocalServer] [] [] [] : Stopped Service(improbable.fabric.internal.service.GlobalBrokerInternalService) on 127.0.0.1:9014.
2017-11-28 10:16:53,237 INFO  [i.core.discovery.server.LocalServer] [] [] [] : Stopped Service(improbable.fabric.internal.service.BridgeServiceOracleInternalService) on 127.0.0.1:9015.
2017-11-28 10:16:53,239 INFO  [i.core.discovery.server.LocalServer] [] [] [] : Stopped Service(improbable.fabric.internal.service.LocalSnapshotInternalService) on 127.0.0.1:9016.
2017-11-28 10:16:53,241 INFO  [i.core.discovery.server.PublicServer] [] [] [] : Stopped Service(improbable.fabric.internal.service.ScalingStatsInternalService) on 127.0.0.1:9017.
2017-11-28 10:16:53,242 INFO  [i.core.discovery.server.LocalServer] [] [] [] : Stopped Service(improbable.fabric.internal.service.EntityQueryInternalService) on 127.0.0.1:9018.
2017-11-28 10:16:53,244 INFO  [i.core.discovery.server.LocalServer] [] [] [] : Stopped Service(improbable.fabric.internal.service.BridgeInternalService) on 127.0.0.1:9019.
2017-11-28 10:16:53,245 INFO  [i.core.discovery.server.PublicServer] [] [] [] : Stopped Service(improbable.platform.inner.worker.WorkerRunner) on 127.0.0.1:9020.
2017-11-28 10:16:53,246 INFO  [i.core.discovery.server.LocalServer] [] [] [] : Stopped Service(improbable.fabric.internal.service.ReceptionistInternalService) on 127.0.0.1:9021.
2017-11-28 10:16:53,247 INFO  [i.core.discovery.server.PublicServer] [] [] [] : Stopped Service(improbable.platform.runtime.ReceptionistService) on 127.0.0.1:7777.
