2017-11-21 16:03:37,782 INFO  [i.deployment.InternalGameLauncher] [] [] [] : Parsed 362 internal flags at startup
2017-11-21 16:03:37,922 INFO  [i.deployment.InternalGameLauncher] [] [] [] : SpatialOS runtime version: 11-20171114T103507Z-cc9d195
2017-11-21 16:03:38,090 INFO  [i.c.c.f.FlagzFieldRegistryUpdater] [] [] [] : Initialized Fabric flagz registry with 11 set fields.
2017-11-21 16:03:39,194 INFO  [i.core.discovery.server.LocalServer] [] [] [] : Registered Service(improbable.fabric.internal.service.StatusDiscoveryInternalService) on 127.0.0.1:5301.
2017-11-21 16:03:39,195 INFO  [i.c.discovery.ServiceDiscoveryImpl] [] [] [] : Status discovery address: host: "127.0.0.1"
port: 5301

2017-11-21 16:03:39,208 INFO  [improbable.module.ModuleNode] [] [] [] : Starting Fabric node as master (IP: 127.0.0.1).
2017-11-21 16:03:39,215 INFO  [i.c.d.client.CheckpointDiscoveryImpl] [] [] [] : Reached a checkpoint: ALL_NODES_STARTED
2017-11-21 16:03:39,216 INFO  [improbable.module.ModuleNode] [] [] [] : Node master has started, waiting for other nodes to reach the same checkpoint.
2017-11-21 16:03:39,216 INFO  [improbable.module.ModuleNode] [] [] [] : All nodes have been started.
2017-11-21 16:03:39,226 INFO  [i.core.discovery.server.PublicServer] [] [] [] : Registered Service(improbable.platform.runtime.ModuleService) on 127.0.0.1:9000.
2017-11-21 16:03:39,237 INFO  [i.core.discovery.server.PublicServer] [] [] [] : Registered Service(improbable.platform.runtime.HealthCheckService) on 127.0.0.1:9001.
2017-11-21 16:03:39,245 INFO  [i.core.discovery.server.LocalServer] [] [] [] : Registered Service(improbable.fabric.internal.service.PerfInternalService) on 127.0.0.1:9002.
2017-11-21 16:03:39,257 INFO  [i.core.discovery.server.LocalServer] [] [] [] : Registered Service(improbable.fabric.internal.service.ContentionInternalService) on 127.0.0.1:9003.
2017-11-21 16:03:39,280 INFO  [i.core.discovery.server.PublicServer] [] [] [] : Registered Service(improbable.platform.runtime.FeatureService) on 127.0.0.1:9004.
2017-11-21 16:03:39,303 INFO  [i.c.config.flagz.WorkerFlagzUpdater] [] [] [] : Initialized worker flagz registry with 0 set fields.
2017-11-21 16:03:39,304 INFO  [improbable.module.ModuleNode] [] [] [] : Using master node configuration loader.
2017-11-21 16:03:39,315 INFO  [i.core.discovery.server.LocalServer] [] [] [] : Registered Service(improbable.fabric.internal.service.NodeConfigurationInternalService) on 127.0.0.1:9005.
2017-11-21 16:03:39,333 INFO  [i.c.c.n.MasterNodeConfigurationLoader] [] [] [] : Using roles [MASTER, GSIM, BRIDGE, WORKER_RUNNER, INSPECTION] for node node_id {
  deployment_id {
    project_id {
      name: "your_project_name_here"
    }
    name: "local"
  }
  name: "master"
}
private_ip: "127.0.0.1"
roles: MASTER
roles: GSIM
roles: BRIDGE
roles: WORKER_RUNNER
roles: INSPECTION

2017-11-21 16:03:39,356 INFO  [improbable.core.config.node.GsimGrid] [] [] [] : Created gsim grid configuration of size (1500, 1500) with 1 columns and 1 rows, using gsims of (30, 30) chunks.
2017-11-21 16:03:39,378 INFO  [i.c.c.n.MasterNodeConfigurationLoader] [] [] [] : Original deployment module configuration (before parsing): {deployment_id {
  project_id {
    name: "your_project_name_here"
  }
  name: "local"
}
name: "master"
=[ProfilingModule, BridgeModuleOracleModule, BridgeOracleModule, PersistenceModule, ReceptionistModule, RouterModule, GSimModule, BridgeModule, EngineStartupModule, InspectionRestModule]}
2017-11-21 16:03:39,402 INFO  [i.c.c.n.MasterNodeConfigurationLoader] [] [] [] : Master successfully loaded configurations for 1 node(s).
2017-11-21 16:03:39,409 INFO  [improbable.module.ModuleNode] [] [] [] : Loaded node configuration: node_id {
  deployment_id {
    project_id {
      name: "your_project_name_here"
    }
    name: "local"
  }
  name: "master"
}
gsim_configurations {
  extent {
    bottom_left {
      x_in_chunks: -15
      z_in_chunks: -15
    }
    top_right {
      x_in_chunks: 15
      z_in_chunks: 15
    }
  }
}
start_router: true
start_bridge_oracle: true
start_bridge_module_oracle: true
start_engine_startup_module: true
start_receptionist_service: true
start_inspection_rest_module: true
start_snapshot_service: true
start_profiling_module: true
bridge_modules: "BridgeModule"
gsim_modules: "GSimModule"

2017-11-21 16:03:39,410 INFO  [improbable.module.ModuleNode] [] [] [] : Using master world extents provider.
2017-11-21 16:03:39,431 INFO  [i.core.discovery.server.LocalServer] [] [] [] : Registered Service(improbable.fabric.internal.service.WorldExtentsInternalService) on 127.0.0.1:9006.
2017-11-21 16:03:39,432 INFO  [i.c.world.MasterWorldExtentsProvider] [] [] [] : Successfully initialized world extents with 1 rectangle(s).
2017-11-21 16:03:39,435 INFO  [improbable.module.ModuleNode] [] [] [] : Loaded world extents: WorldExtents{proto=rectangles {
  bottom_left {
    x: -750.0
    z: -750.0
  }
  top_right {
    x: 750.0
    z: 750.0
  }
  is_fully_simulated: true
  responsible_gsim_id {
  }
}
bounding_rectangle {
  bottom_left {
    x: -750.0
    z: -750.0
  }
  top_right {
    x: 750.0
    z: 750.0
  }
  is_fully_simulated: true
}
}
2017-11-21 16:03:39,567 INFO  [i.e.schema.ParsedFileDescriptorSet] [] [] [] : Parsed file descriptors of 12 proto files.
2017-11-21 16:03:39,602 INFO  [i.entity.schema.SchemaFactory] [] [] [] : Found components: [improbable.core.ClientAuthorityCheck, improbable.core.Rotation, improbable.EntityAcl, improbable.Metadata, improbable.Position, improbable.Persistence, improbable.player.PlayerInput, improbable.core.PlayerCreation, improbable.player.ClientConnection, improbable.player.Health]
2017-11-21 16:03:39,611 INFO  [i.entity.schema.SchemaFactory] [] [] [] : Found components: [improbable.EntityAcl, improbable.Metadata, improbable.Position, improbable.Persistence, improbable.player.ClientConnection, improbable.core.Rotation, improbable.internal.EntityAuthority, improbable.core.ClientAuthorityCheck, improbable.player.Health, improbable.core.PlayerCreation, improbable.player.PlayerInput]
2017-11-21 16:03:39,612 INFO  [improbable.module.ModuleNode] [] [] [] : Successfully loaded schema for entities
2017-11-21 16:03:39,613 INFO  [improbable.module.ModuleNode] [] [] [] : Validating snapshot at startup and determining max entity id
2017-11-21 16:03:39,620 INFO  [i.p.s.storage.LegacySnapshotStorage] [] [] [] : Requesting download URL for Snapshot(local@latest) matching []
2017-11-21 16:03:39,639 INFO  [i.p.s.storage.LegacySnapshotStorage] [] [] [] : Downloading snapshot from http://127.0.0.1:21000/snapshots/20171121160332500
2017-11-21 16:03:39,665 INFO  [improbable.module.ModuleNode] [] [] [] : Determined the first entity id for the id assigner as 2
2017-11-21 16:03:39,669 INFO  [i.core.discovery.server.LocalServer] [] [] [] : Registered Service(improbable.fabric.internal.service.EntityIdInternalService) on 127.0.0.1:9007.
2017-11-21 16:03:39,686 INFO  [i.core.discovery.server.LocalServer] [] [] [] : Registered Service(improbable.fabric.internal.service.WorkerPrestartRegistryInternalService) on 127.0.0.1:9008.
2017-11-21 16:03:39,719 INFO  [i.core.discovery.server.LocalServer] [] [] [] : Registered Service(improbable.fabric.internal.service.RouterLookupInternalService) on 127.0.0.1:9009.
2017-11-21 16:03:39,720 INFO  [i.module.router.ActorSystemFactory$] [] [] [] : Attempting to create ActorSystem akkaFabric with configRecord akkaFabric
2017-11-21 16:03:39,739 INFO  [i.c.d.g.GlobalCheckpointDiscoveryImpl] [] [] [] : Global checkpoint discovery refreshed checkpoints.
2017-11-21 16:03:39,740 INFO  [i.c.d.g.GlobalServiceDiscoveryImpl] [] [] [] : Global service discovery refreshed 11 server(s) (previously: 0)
2017-11-21 16:03:40,038 INFO  [akka.event.slf4j.Slf4jLogger] [] [] [] : Slf4jLogger started
2017-11-21 16:03:41,336 INFO  [i.l.params.LoadbalancerParamsFactory] [] [] [] : Parsed 1 worker loadbalancing configuration(s)
2017-11-21 16:03:41,342 INFO  [i.l.params.LoadbalancerParamsFactory] [] [] [] : Successfully loaded loadbalancing configurations: {UnityWorker=improbable.loadbalancing.params.AutoHexGridLoadbalancerParams@6906e2e}
2017-11-21 16:03:41,426 INFO  [i.w.a.WorkerAssemblyProviderFactory] [] [] [] : Loaded worker assemblies for these workers types: UnityClient, UnityWorker.
2017-11-21 16:03:41,428 INFO  [improbable.module.ModuleNode] [] [] [] : Loaded worker assemblies: [worker_assembly_id {
  assembly_id {
    project_id {
      name: "your_project_name_here"
    }
    name: "local_assembly"
  }
  name {
    name: "UnityClient"
  }
}
bridge_configuration {
  worker_attribute_set {
    attribute {
      name: "visual"
    }
  }
  entity_interest {
    range_entity_interest {
      radius: 200.0
    }
  }
  component_delivery {
    checkout_all_initially: true
  }
}
, worker_assembly_id {
  assembly_id {
    project_id {
      name: "your_project_name_here"
    }
    name: "local_assembly"
  }
  name {
    name: "UnityWorker"
  }
}
worker_launch_configuration {
  platform: WINDOWS
  worker_zip {
    command: "UnityWorker@Windows.exe"
    argument: "+projectName"
    argument: "${IMPROBABLE_PROJECT_NAME}"
    argument: "+receptionistIp"
    argument: "${IMPROBABLE_RECEPTIONIST_HOST}"
    argument: "+receptionistPort"
    argument: "${IMPROBABLE_RECEPTIONIST_PORT}"
    argument: "+workerType"
    argument: "${IMPROBABLE_WORKER_NAME}"
    argument: "+workerId"
    argument: "${IMPROBABLE_WORKER_ID}"
    argument: "+useInternalIpForBridge"
    argument: "true"
    argument: "+infraServicesUrl"
    argument: "${IMPROBABLE_API_URL}"
    argument: "+assemblyName"
    argument: "${IMPROBABLE_ASSEMBLY_NAME}"
    argument: "+linkProtocol"
    argument: "RakNet"
    argument: "-logfile"
    argument: "${IMPROBABLE_LOG_FILE}"
    argument: "-batchmode"
    argument: "-nographics"
    worker_location {
      filename: "UnityWorker@Windows.zip"
    }
  }
}
worker_launch_configuration {
  platform: MACOS
  worker_zip {
    command: "UnityWorker@Mac.app/Contents/MacOS/UnityWorker@Mac"
    argument: "+projectName"
    argument: "${IMPROBABLE_PROJECT_NAME}"
    argument: "+receptionistIp"
    argument: "${IMPROBABLE_RECEPTIONIST_HOST}"
    argument: "+receptionistPort"
    argument: "${IMPROBABLE_RECEPTIONIST_PORT}"
    argument: "+workerType"
    argument: "${IMPROBABLE_WORKER_NAME}"
    argument: "+workerId"
    argument: "${IMPROBABLE_WORKER_ID}"
    argument: "+useInternalIpForBridge"
    argument: "true"
    argument: "+infraServicesUrl"
    argument: "${IMPROBABLE_API_URL}"
    argument: "+assemblyName"
    argument: "${IMPROBABLE_ASSEMBLY_NAME}"
    argument: "+linkProtocol"
    argument: "RakNet"
    argument: "-logfile"
    argument: "${IMPROBABLE_LOG_FILE}"
    argument: "-batchmode"
    argument: "-nographics"
    worker_location {
      filename: "UnityWorker@Mac.zip"
    }
  }
}
worker_launch_configuration {
  platform: LINUX
  worker_zip {
    command: "UnityWorker@Linux"
    argument: "+projectName"
    argument: "${IMPROBABLE_PROJECT_NAME}"
    argument: "+receptionistIp"
    argument: "${IMPROBABLE_RECEPTIONIST_HOST}"
    argument: "+receptionistPort"
    argument: "${IMPROBABLE_RECEPTIONIST_PORT}"
    argument: "+workerType"
    argument: "${IMPROBABLE_WORKER_NAME}"
    argument: "+workerId"
    argument: "${IMPROBABLE_WORKER_ID}"
    argument: "+useInternalIpForBridge"
    argument: "true"
    argument: "+infraServicesUrl"
    argument: "${IMPROBABLE_API_URL}"
    argument: "+assemblyName"
    argument: "${IMPROBABLE_ASSEMBLY_NAME}"
    argument: "+linkProtocol"
    argument: "RakNet"
    argument: "-logfile"
    argument: "${IMPROBABLE_LOG_FILE}"
    argument: "-batchmode"
    argument: "-nographics"
    worker_location {
      filename: "UnityWorker@Linux.zip"
    }
  }
}
bridge_configuration {
  worker_attribute_set {
    attribute {
      name: "physics"
    }
  }
  entity_interest {
    range_entity_interest {
      radius: 200.0
    }
  }
  component_delivery {
    checkout_all_initially: true
  }
}
]
2017-11-21 16:03:41,432 INFO  [i.w.assembly.WorkerAssemblyProvider] [] [] [] : Worker configuration for 'UnityClient' does not contain a launch configuration for the current platform 'WINDOWS', so Fabric will not start any managed workers of this type
2017-11-21 16:03:41,433 INFO  [i.w.assembly.WorkerAssemblyProvider] [] [] [] : The following worker configurations do not contain valid managed launch configurations for the current platform WINDOWS, and the runtime will be unable to launch managed workers of this type: [UnityClient]. This is expected for worker types you intend to only connect manually.
2017-11-21 16:03:41,436 INFO  [i.w.permissions.PermissionsFactory] [] [] [] : Created permissions manager with permissions: {UnityWorker=Permissions{{/sys/CreateEntity=, /sys/DeleteEntity=, /sys/EntityQuery={"component":["*"]}}}, UnityClient=Permissions{{/sys/EntityQuery={"component":[]}}}}
2017-11-21 16:03:43,005 INFO  [improbable.module.ModuleNode] [] [] [] : Starting router on master
2017-11-21 16:03:43,010 INFO  [i.core.discovery.server.LocalServer] [] [] [] : Registered Service(improbable.fabric.internal.service.RouterInternalService) on 127.0.0.1:9010.
2017-11-21 16:03:43,010 INFO  [i.c.m.r.RouterInternalServiceImpl] [] [] [] : Attempting to register RouterInternalServiceImpl with RouterLookupInternalService.
2017-11-21 16:03:43,017 INFO  [i.c.m.r.l.RouterLookupInternalServiceImpl] [] [] [] : 1/1 router modules started
2017-11-21 16:03:43,018 INFO  [i.c.m.r.RouterInternalServiceImpl] [] [] [] : Registered RouterInternalServiceImpl with RouterLookupInternalService.
2017-11-21 16:03:43,019 INFO  [improbable.module.ModuleNode] [] [] [] : Attempting to get addresses of all RouterModules from master node
2017-11-21 16:03:43,027 INFO  [improbable.module.ModuleNode] [] [] [] : Got all RouterModules from master node
2017-11-21 16:03:43,039 INFO  [i.core.discovery.server.LocalServer] [] [] [] : Registered Service(improbable.fabric.internal.service.RemoteMessageInternalService) on 127.0.0.1:9011.
2017-11-21 16:03:43,051 INFO  [i.core.discovery.server.LocalServer] [] [] [] : Registered Service(improbable.fabric.internal.service.LocalBrokerInternalService) on 127.0.0.1:9012.
2017-11-21 16:03:43,054 INFO  [improbable.module.ModuleNode] [] [] [] : Waiting for all router modules in the deployment to have started
2017-11-21 16:03:43,057 INFO  [improbable.module.ModuleNode] [] [] [] : All router modules in the deployment started
2017-11-21 16:03:43,108 INFO  [org.eclipse.jetty.server.Server] [] [] [] : jetty-8.y.z-SNAPSHOT
2017-11-21 16:03:43,152 INFO  [o.e.jetty.server.AbstractConnector] [] [] [] : Started SelectChannelConnector@0.0.0.0:5006
2017-11-21 16:03:43,152 INFO  [improbable.http.ServletContainer$] [] [] [] : Servlet container started
2017-11-21 16:03:43,154 INFO  [improbable.module.ModuleNode] [] [] [] : Starting BridgeOracle on master
2017-11-21 16:03:43,164 INFO  [improbable.module.ModuleNode] [] [] [] : Waiting for the BridgeOracle to have started
2017-11-21 16:03:43,169 INFO  [i.c.d.g.GlobalServiceDiscoveryImpl] [] [] [] : Global service discovery refreshed 14 server(s) (previously: 11)
2017-11-21 16:03:43,311 INFO  [i.core.discovery.server.LocalServer] [] [] [] : Registered Service(improbable.fabric.internal.service.BridgeOracleInternalService) on 127.0.0.1:9013.
2017-11-21 16:03:44,161 INFO  [improbable.module.ModuleNode] [] [] [] : Received BridgeOracle started
2017-11-21 16:03:44,161 INFO  [i.c.d.g.GlobalServiceDiscoveryImpl] [] [] [] : Global service discovery refreshed 15 server(s) (previously: 14)
2017-11-21 16:03:44,166 INFO  [i.core.discovery.server.LocalServer] [] [] [] : Registered Service(improbable.fabric.internal.service.GlobalBrokerInternalService) on 127.0.0.1:9014.
2017-11-21 16:03:44,167 INFO  [improbable.module.ModuleNode] [] [] [] : Waiting for the BridgeModuleOracle to have started
2017-11-21 16:03:44,169 INFO  [i.c.a.e.ExtensibleActorReporter] [] [] [] : Started BridgeModuleOracleActor(Actor[akka://akkaFabric/user/BridgeModuleOracleModule#-2059855676]).
2017-11-21 16:03:44,178 INFO  [i.core.discovery.server.LocalServer] [] [] [] : Registered Service(improbable.fabric.internal.service.BridgeServiceOracleInternalService) on 127.0.0.1:9015.
2017-11-21 16:03:45,161 INFO  [i.c.d.g.GlobalServiceDiscoveryImpl] [] [] [] : Global service discovery refreshed 17 server(s) (previously: 15)
2017-11-21 16:03:45,161 INFO  [improbable.module.ModuleNode] [] [] [] : Received BridgeModuleOracle started
2017-11-21 16:03:45,165 INFO  [improbable.module.ModuleNode] [] [] [] : Starting gsim GSimModule
2017-11-21 16:03:45,169 INFO  [improbable.module.ModuleNode] [] [] [] : Waiting for 1 entity query service(s) to start.
2017-11-21 16:03:45,185 INFO  [i.core.discovery.server.LocalServer] [] [] [] : Registered Service(improbable.fabric.internal.service.LocalSnapshotInternalService) on 127.0.0.1:9016.
2017-11-21 16:03:45,205 INFO  [i.core.discovery.server.PublicServer] [] [] [] : Registered Service(improbable.fabric.internal.service.ScalingStatsInternalService) on 127.0.0.1:9017.
2017-11-21 16:03:45,231 INFO  [i.p.gsim.GSimPersistenceWriter] [] [] [] : Transitioning GSimPersistenceActor(0) from State [Idle] to [Idle].  Time Elapsed: 1 millisecond
2017-11-21 16:03:45,258 INFO  [i.core.discovery.server.LocalServer] [] [] [] : Registered Service(improbable.fabric.internal.service.EntityQueryInternalService) on 127.0.0.1:9018.
2017-11-21 16:03:45,308 INFO  [i.bridge.oracle.scaling.WorkerScaler] [] [] [] : Skipping reconciliation because no WorkerRunner service is available. This message is expected at startup but should not persist through the deployment
2017-11-21 16:03:46,161 INFO  [i.c.d.g.GlobalServiceDiscoveryImpl] [] [] [] : Global service discovery refreshed 20 server(s) (previously: 17)
2017-11-21 16:03:46,161 INFO  [improbable.module.ModuleNode] [] [] [] : All 1 entity query service(s) have started.
2017-11-21 16:03:46,161 INFO  [improbable.module.ModuleNode] [] [] [] : Creating entity query client.
2017-11-21 16:03:46,173 INFO  [improbable.module.ModuleNode] [] [] [] : Entity query client created with directory: EntityQueryServiceDirectory{allServices=[EntityQueryInternalServiceInfo{address=host: "127.0.0.1"
port: 9018
, extent=Rectangle{minX=-750.0, minZ=-750.0, maxX=750.0, maxZ=750.0}, isLocal=true}], localServices=[EntityQueryInternalServiceInfo{address=host: "127.0.0.1"
port: 9018
, extent=Rectangle{minX=-750.0, minZ=-750.0, maxX=750.0, maxZ=750.0}, isLocal=true}], remoteServices=[]}
2017-11-21 16:03:46,177 INFO  [improbable.module.ModuleNode] [] [] [] : Waiting for 1 bridge service(s) to start.
2017-11-21 16:03:46,194 INFO  [i.c.a.e.ExtensibleActorReporter] [] [] [] : Started BridgeModuleActor(Actor[akka://akkaFabric/user/BridgeModule:e00dcfff-bc2c-48a7-b202-80e0a9afa1f2#65570028]).
2017-11-21 16:03:46,211 INFO  [i.core.discovery.server.LocalServer] [] [] [] : Registered Service(improbable.fabric.internal.service.BridgeInternalService) on 127.0.0.1:9019.
2017-11-21 16:03:46,212 INFO  [i.module.bridge.BridgeModuleActor] [] [] [] : Waiting for BridgeModuleOracle service to be available
2017-11-21 16:03:46,221 INFO  [i.module.bridge.BridgeModuleActor] [] [] [] : Registered(BridgeModuleEndpoint(e00dcfff-bc2c-48a7-b202-80e0a9afa1f2)) on BridgeModuleOracleService
2017-11-21 16:03:47,159 INFO  [i.c.d.g.GlobalServiceDiscoveryImpl] [] [] [] : Global service discovery refreshed 21 server(s) (previously: 20)
2017-11-21 16:03:47,159 INFO  [improbable.module.ModuleNode] [] [] [] : All 1 bridge service(s) have started.
2017-11-21 16:03:47,160 INFO  [improbable.module.ModuleNode] [] [] [] : Starting WorkerRunner service (EngineStartupModule)
2017-11-21 16:03:47,164 INFO  [improbable.worker.exec.WorkerStats] [] [] [] : Cannot read /proc/self/stat; worker stats reporting will not work.
2017-11-21 16:03:47,174 INFO  [i.core.discovery.server.PublicServer] [] [] [] : Registered Service(improbable.platform.inner.worker.WorkerRunner) on 127.0.0.1:9020.
2017-11-21 16:03:47,182 INFO  [i.core.discovery.server.LocalServer] [] [] [] : Registered Service(improbable.fabric.internal.service.ReceptionistInternalService) on 127.0.0.1:9021.
2017-11-21 16:03:47,190 INFO  [i.core.discovery.server.PublicServer] [] [] [] : Registered Service(improbable.platform.runtime.ReceptionistService) on 127.0.0.1:7777.
2017-11-21 16:03:47,191 INFO  [improbable.module.ModuleNode] [] [] [] : Starting InspectionRestModule
2017-11-21 16:03:47,192 INFO  [improbable.module.ModuleNode] [] [] [] : Starting ProfilingModule
2017-11-21 16:03:47,193 INFO  [i.c.d.client.CheckpointDiscoveryImpl] [] [] [] : Reached a checkpoint: ALL_MODULES_STARTED
2017-11-21 16:03:47,193 INFO  [improbable.module.ModuleNode] [] [] [] : All modules on this node started, waiting for other nodes to reach the same checkpoint.
2017-11-21 16:03:47,197 INFO  [i.c.a.e.ExtensibleActorReporter] [] [] [] : Started ProfilingModuleActor(Actor[akka://akkaFabric/user/ProfilingModule#-1118008718]).
2017-11-21 16:03:47,203 INFO  [i.core.discovery.server.LocalServer] [] [] [] : Registered Service(improbable.fabric.internal.debug.HeatmapCellCacheInternalService) on 127.0.0.1:9022.
2017-11-21 16:03:47,228 INFO  [i.core.discovery.server.PublicServer] [] [] [] : Registered Service(improbable.platform.runtime.InspectionService) on 127.0.0.1:9023.
2017-11-21 16:03:47,277 INFO  [i.c.a.e.ExtensibleActorReporter] [] [] [] : Started InspectionRestModuleActor(Actor[akka://akkaFabric/user/InspectionRestModule#134704465]).
2017-11-21 16:03:47,296 INFO  [i.bridge.oracle.scaling.WorkerScaler] [] [] [] : Skipping reconciliation because no WorkerRunner service is available. This message is expected at startup but should not persist through the deployment
2017-11-21 16:03:47,624 INFO  [spray.can.server.HttpListener] [akka://akkaFabric/user/IO-HTTP/listener-0] [akkaFabric-akka.actor.default-dispatcher-4] [] : Bound to /0.0.0.0:5005
2017-11-21 16:03:48,165 INFO  [i.c.d.g.GlobalCheckpointDiscoveryImpl] [] [] [] : Global checkpoint discovery refreshed checkpoints.
2017-11-21 16:03:48,165 INFO  [improbable.module.ModuleNode] [] [] [] : All modules on all nodes have been started.
2017-11-21 16:03:48,165 INFO  [improbable.module.ModuleNode] [] [] [] : Loading a snapshot.
2017-11-21 16:03:48,165 INFO  [i.c.d.g.GlobalServiceDiscoveryImpl] [] [] [] : Global service discovery refreshed 26 server(s) (previously: 21)
2017-11-21 16:03:48,176 INFO  [i.p.g.GSimPersistenceLoadOrchestrator] [] [] [] : Loading snapshot on GSim(0).
2017-11-21 16:03:48,177 INFO  [i.p.s.storage.LegacySnapshotStorage] [] [] [] : Requesting download URL for Snapshot(local@latest) matching []
2017-11-21 16:03:48,183 INFO  [i.p.s.storage.LegacySnapshotStorage] [] [] [] : Downloading snapshot from http://127.0.0.1:21000/snapshots/20171121160332500
2017-11-21 16:03:48,186 INFO  [i.p.gsim.GSimPersistenceLoader] [] [] [] : Loading snapshot
2017-11-21 16:03:48,195 INFO  [i.p.g.GSimPersistenceLoadOrchestrator] [] [] [] : Loaded 1 entities on GSim(0).
2017-11-21 16:03:48,196 INFO  [i.p.c.PersistenceLoaderCoordinatorActor] [] [] [] : All Snapshots loaded.
2017-11-21 16:03:48,197 INFO  [improbable.module.ModuleNode] [] [] [] : Snapshot has been loaded.
2017-11-21 16:03:48,197 INFO  [improbable.module.ModuleNode] [] [] [] : Starting SnapshotService.
2017-11-21 16:03:48,206 INFO  [i.core.discovery.server.PublicServer] [] [] [] : Registered Service(improbable.platform.runtime.SnapshotService) on 127.0.0.1:9024.
2017-11-21 16:03:48,207 INFO  [i.c.d.client.CheckpointDiscoveryImpl] [] [] [] : Reached a checkpoint: LOAD_SNAPSHOT_FINISHED
2017-11-21 16:03:48,208 INFO  [improbable.module.ModuleNode] [] [] [] : SpatialOS runtime startup complete.
2017-11-21 16:03:48,247 INFO  [i.l.params.LoadbalancerParamsFactory] [] [] [] : LoadbalancerParams for worker type [UnityWorker]: [AutoHexGridLoadbalancerParams{energyLimitingEnabled=true, energyLimit=1.0E9, minWorkerRange=1500.0, maxWorkerRange=1500.0, maxWorkerStepSize=0.0, workerExpansionTimeMs=60000, workerGridSize=0, loadbalancerEnabled=false, hexGridMode=AUTO, scalerAdvisorType=CONSTANT, maxWorkers=1, initialWorkers=1, numEntitiesPerWorker=9223372036854775807, statusReportPeriodMs=30000, pointsOfInterestEnabled=false, hexGridSolution=AutoValue_HexGridSolution{workersUsed=1, hexagonEdgeLength=1500.0, hexagonOrientation=POINTY_TOP, bounds=Rectangle{minX=-750.0, minZ=-750.0, maxX=750.0, maxZ=750.0}}, pointsOfInterestSolution=Empty}]
2017-11-21 16:03:49,160 INFO  [i.c.d.g.GlobalServiceDiscoveryImpl] [] [] [] : Global service discovery refreshed 27 server(s) (previously: 26)
2017-11-21 16:03:49,161 INFO  [i.c.d.g.GlobalCheckpointDiscoveryImpl] [] [] [] : Global checkpoint discovery refreshed checkpoints.
2017-11-21 16:03:50,144 INFO  [i.b.o.m.BridgeOracleWorkerManager] [] [] [] : Trying to start managed worker UnityWorker0
2017-11-21 16:03:50,161 INFO  [i.bridge.oracle.scaling.WorkerScaler] [] [] [] : Starting 1 new managed workers for attribute_set {
  attribute: "physics"
}
 (required: 1, existing: 0)
2017-11-21 16:03:50,164 INFO  [i.worker.exec.WorkerStartupExecutor] [] [] [] : Awaiting internal receptionist service to register with service discovery
2017-11-21 16:03:50,167 INFO  [i.worker.exec.WorkerStartupExecutor] [] [] [] : Successfully found the internal receptionist service in service discovery
2017-11-21 16:03:50,183 INFO  [i.worker.exec.WorkerStartupExecutor] [] [] [] : Awaiting public receptionist service to register with service discovery
2017-11-21 16:03:50,184 INFO  [i.worker.exec.WorkerStartupExecutor] [] [] [] : Successfully found the public receptionist service in service discovery
2017-11-21 16:03:51,026 INFO  [i.worker.exec.WorkerStartupExecutor] [] [] [] : Created log file for worker UnityWorker0, type (UnityWorker): [C:\Users\Salvatore\Desktop\S.E\CUBEX\Game\logs\2017-11-21_16-03-33_0\workers\UnityWorker\UnityWorker0-2661372120665534658.log]
2017-11-21 16:03:51,027 INFO  [i.worker.exec.CommandLineExecutor] [] [] [] : Running command: C:\Users\SALVAT~1\AppData\Local\Temp\zip-downloader2004873888341181136\93c3a13563725a47ca8302050fae9ae3\UnityWorker@Windows.exe +projectName your_project_name_here +receptionistIp 127.0.0.1 +receptionistPort 7777 +workerType UnityWorker +workerId UnityWorker0 +useInternalIpForBridge true +infraServicesUrl http://127.0.0.1:21000 +assemblyName local_assembly +linkProtocol RakNet -logfile C:\Users\Salvatore\Desktop\S.E\CUBEX\Game\logs\2017-11-21_16-03-33_0\workers\UnityWorker\UnityWorker0-2661372120665534658.log -batchmode -nographics
2017-11-21 16:03:56,416 INFO  [i.b.s.BridgeServicePicker] [] [] [] : Attempting to get positionHint for UnityWorker0 via rpc
2017-11-21 16:03:56,423 INFO  [i.b.s.BridgeServicePicker] [] [] [] : Selected legacy_guid: "e00dcfff-bc2c-48a7-b202-80e0a9afa1f2"
address {
  host: "127.0.0.1"
  port: 9019
}
 with position  which is the nearest bridge service to position (0.0, 0.0, 0.0)
2017-11-21 16:03:56,430 INFO  [i.m.b.o.m.BridgeModuleOracleActor] [] [] [] : BridgeServicePicker returned module Optional[legacy_guid: "e00dcfff-bc2c-48a7-b202-80e0a9afa1f2"
address {
  host: "127.0.0.1"
  port: 9019
}
] with load Optional[BridgeModuleLoadBalanceInfo((0.0, 0.0, 0.0),0)].get().toString() for Engine(UnityWorker0)
2017-11-21 16:03:56,631 INFO  [i.b.i.BridgeInternalServiceImpl] [] [] [] : Bridge worker_id: "UnityWorker0"
 registered with bridge internal service
2017-11-21 16:03:56,638 INFO  [i.b.o.s.BridgeOracleInternalServiceImpl] [] [] [] : Got bridge started rpc from bridge: worker_id: "UnityWorker0"

2017-11-21 16:03:56,638 INFO  [i.b.o.s.BridgeOracleInternalServiceImpl] [] [] [] : The worker UnityWorker0 registered with SpatialOS successfully.
2017-11-21 16:03:56,638 INFO  [i.module.bridge.oracle.BridgeOracle] [] [] [] : Sending bridge started to self for bridge endpoint BridgeOracleEndpoint
2017-11-21 16:03:56,642 INFO  [i.module.bridge.oracle.BridgeOracle] [] [] [] : Bridge(UnityWorker0) started.
2017-11-21 16:03:56,647 INFO  [i.b.o.m.BridgeOracleWorkerManager] [] [] [] : Worker UnityWorker0 registered with the BridgeOracleWorker manager
2017-11-21 16:03:57,249 INFO  [i.b.n.raknet.GuardedRakPeerInterface] [] [] [] : New RakNet connection established with 127.0.0.1
2017-11-21 16:03:57,892 INFO  [i.b.s.BridgeServicePicker] [] [] [] : Attempting to get positionHint for UnityClienta120ed9e-4cad-4811-aa14-c67e8c5e3032 via rpc
2017-11-21 16:03:57,894 INFO  [i.b.s.BridgeServicePicker] [] [] [] : Starting UnityClienta120ed9e-4cad-4811-aa14-c67e8c5e3032 without a position hint, so using a random bridge service
2017-11-21 16:03:57,895 INFO  [i.m.b.o.m.BridgeModuleOracleActor] [] [] [] : BridgeServicePicker returned module Optional[legacy_guid: "e00dcfff-bc2c-48a7-b202-80e0a9afa1f2"
address {
  host: "127.0.0.1"
  port: 9019
}
] with load Optional[BridgeModuleLoadBalanceInfo((0.0, 0.0, 0.0),1)].get().toString() for Engine(UnityClienta120ed9e-4cad-4811-aa14-c67e8c5e3032)
2017-11-21 16:03:57,921 INFO  [i.l.params.LoadbalancerParamsFactory] [] [] [] : LoadbalancerParams for worker type [UnityClient]: [FlagzLoadbalancerParams{energyLimitingEnabled=true, energyLimit=1.0E9, minWorkerRange=Infinity, maxWorkerRange=Infinity, maxWorkerStepSize=50.0, workerExpansionTimeMs=60000, workerGridSize=5, loadbalancerEnabled=true, hexGridMode=OFF, scalerAdvisorType=ENTITY_COUNT, maxWorkers=25, initialWorkers=25, numEntitiesPerWorker=9223372036854775807, statusReportPeriodMs=2000, pointsOfInterestEnabled=false, hexGridSolution=Empty, pointsOfInterestSolution=Empty}]
2017-11-21 16:03:57,925 INFO  [i.b.i.BridgeInternalServiceImpl] [] [] [] : Bridge worker_id: "UnityClienta120ed9e-4cad-4811-aa14-c67e8c5e3032"
 registered with bridge internal service
2017-11-21 16:03:57,928 INFO  [i.b.o.s.BridgeOracleInternalServiceImpl] [] [] [] : Got bridge started rpc from bridge: worker_id: "UnityClienta120ed9e-4cad-4811-aa14-c67e8c5e3032"

2017-11-21 16:03:57,928 INFO  [i.b.o.s.BridgeOracleInternalServiceImpl] [] [] [] : The worker UnityClienta120ed9e-4cad-4811-aa14-c67e8c5e3032 registered with SpatialOS successfully.
2017-11-21 16:03:57,929 INFO  [i.module.bridge.oracle.BridgeOracle] [] [] [] : Sending bridge started to self for bridge endpoint BridgeOracleEndpoint
2017-11-21 16:03:57,930 INFO  [i.module.bridge.oracle.BridgeOracle] [] [] [] : Bridge(UnityClienta120ed9e-4cad-4811-aa14-c67e8c5e3032) started.
2017-11-21 16:03:58,524 INFO  [i.b.n.raknet.GuardedRakPeerInterface] [] [] [] : New RakNet connection established with 127.0.0.1
2017-11-21 16:04:27,688 INFO  [i.b.n.BridgeActorTransportLinkListener] [] [] [] : TransportLinkListener(UnityClienta120ed9e-4cad-4811-aa14-c67e8c5e3032) sending Disconnected to akka://akkaFabric/user/BridgeModule:e00dcfff-bc2c-48a7-b202-80e0a9afa1f2/BridgeActor-UnityClienta120ed9e-4cad-4811-aa14-c67e8c5e3032
2017-11-21 16:04:27,690 INFO  [i.b.n.raknet.reporter.RakNetReporter] [] [] [] : Tried to send to RakNet(UnityClient) on Port(7001)3 after closing. Payload: component_update {
  entity_id: 2
  component_id: 54
  entity_co... (Logged every 1000 times)
2017-11-21 16:04:27,700 INFO  [akka.actor.LocalActorRef] [akka://akkaFabric/user/GSimModule/EntityFactory/Entity-2/EntityUser-2] [akkaFabric-akka.actor.default-dispatcher-26] [] : Message [improbable.gsim.proxy.entity.StateUpdateWrapperMsg] from Actor[akka://akkaFabric/deadLetters] to Actor[akka://akkaFabric/user/GSimModule/EntityFactory/Entity-2/EntityUser-2#377450494] was not delivered. [1] dead letters encountered. This logging can be turned off or adjusted with configuration settings 'akka.log-dead-letters' and 'akka.log-dead-letters-during-shutdown'.
2017-11-21 16:04:27,708 INFO  [i.module.bridge.oracle.BridgeOracle] [] [] [] : Sending bridge stopped to self for bridge endpoint BridgeEndpoint(UnityClienta120ed9e-4cad-4811-aa14-c67e8c5e3032)
2017-11-21 16:04:27,713 INFO  [i.b.i.BridgeInternalServiceImpl] [] [] [] : Bridge worker_id: "UnityClienta120ed9e-4cad-4811-aa14-c67e8c5e3032"
 unregistered with bridge internal service
2017-11-21 16:04:27,714 INFO  [i.module.bridge.oracle.BridgeOracle] [] [] [] : Bridge(UnityClienta120ed9e-4cad-4811-aa14-c67e8c5e3032) stopped.
2017-11-21 16:04:27,714 INFO  [improbable.bridge.BridgeActor] [] [] [] : Bridge(UnityClienta120ed9e-4cad-4811-aa14-c67e8c5e3032) on BridgeModuleEndpoint(e00dcfff-bc2c-48a7-b202-80e0a9afa1f2) stopped.
2017-11-21 16:04:27,724 INFO  [akka.actor.LocalActorRef] [akka://akkaFabric/user/GSimModule/EntityFactory/Entity-2/EntityUser-2] [akkaFabric-akka.actor.default-dispatcher-26] [] : Message [improbable.gsim.proxy.entity.StateUpdateWrapperMsg] from Actor[akka://akkaFabric/deadLetters] to Actor[akka://akkaFabric/user/GSimModule/EntityFactory/Entity-2/EntityUser-2#377450494] was not delivered. [2] dead letters encountered. This logging can be turned off or adjusted with configuration settings 'akka.log-dead-letters' and 'akka.log-dead-letters-during-shutdown'.
2017-11-21 16:04:27,724 INFO  [akka.actor.DeadLetterActorRef] [akka://akkaFabric/deadLetters] [akkaFabric-akka.actor.default-dispatcher-2] [] : Message [improbable.fabric.internal.pubsub.PubSubMessageProto$PubSubMessage] from Actor[akka://akkaFabric/deadLetters] to Actor[akka://akkaFabric/deadLetters] was not delivered. [3] dead letters encountered. This logging can be turned off or adjusted with configuration settings 'akka.log-dead-letters' and 'akka.log-dead-letters-during-shutdown'.
2017-11-21 16:04:27,724 INFO  [akka.actor.DeadLetterActorRef] [akka://akkaFabric/deadLetters] [akkaFabric-akka.actor.default-dispatcher-2] [] : Message [improbable.fabric.internal.pubsub.PubSubMessageProto$PubSubMessage] from Actor[akka://akkaFabric/deadLetters] to Actor[akka://akkaFabric/deadLetters] was not delivered. [4] dead letters encountered. This logging can be turned off or adjusted with configuration settings 'akka.log-dead-letters' and 'akka.log-dead-letters-during-shutdown'.
2017-11-21 16:04:27,925 INFO  [akka.actor.DeadLetterActorRef] [akka://akkaFabric/deadLetters] [akkaFabric-akka.actor.default-dispatcher-26] [] : Message [improbable.bridge.message.BridgeViewStatusRequest] from Actor[akka://akkaFabric/deadLetters] to Actor[akka://akkaFabric/deadLetters] was not delivered. [5] dead letters encountered. This logging can be turned off or adjusted with configuration settings 'akka.log-dead-letters' and 'akka.log-dead-letters-during-shutdown'.
2017-11-21 16:04:28,651 INFO  [i.b.client.BridgeServiceTaskRetrier] [] [] [] : An internal operation forwarding EntityCommandRequest for "entity_id: 2
component_id: 1003
" failed on the SpatialOS side of the connection to UnityWorker0 after 0 retries, is the deployment under heavy load?
io.grpc.StatusRuntimeException: DEADLINE_EXCEEDED
	at io.grpc.Status.asRuntimeException(Status.java:543) ~[fabric__runtime_deploy.jar:na]
	at io.grpc.stub.ClientCalls$UnaryStreamToFuture.onClose(ClientCalls.java:442) [fabric__runtime_deploy.jar:na]
	at io.grpc.ForwardingClientCallListener.onClose(ForwardingClientCallListener.java:56) [fabric__runtime_deploy.jar:na]
	at me.dinowernli.grpc.prometheus.MonitoringClientCallListener.onClose(MonitoringClientCallListener.java:50) [fabric__runtime_deploy.jar:na]
	at io.grpc.internal.ClientCallImpl.closeObserver(ClientCallImpl.java:426) [fabric__runtime_deploy.jar:na]
	at io.grpc.internal.ClientCallImpl.access$100(ClientCallImpl.java:76) [fabric__runtime_deploy.jar:na]
	at io.grpc.internal.ClientCallImpl$ClientStreamListenerImpl.close(ClientCallImpl.java:512) [fabric__runtime_deploy.jar:na]
	at io.grpc.internal.ClientCallImpl$ClientStreamListenerImpl.access$700(ClientCallImpl.java:429) [fabric__runtime_deploy.jar:na]
	at io.grpc.internal.ClientCallImpl$ClientStreamListenerImpl$1StreamClosed.runInContext(ClientCallImpl.java:544) [fabric__runtime_deploy.jar:na]
	at io.grpc.internal.ContextRunnable.run(ContextRunnable.java:52) [fabric__runtime_deploy.jar:na]
	at io.grpc.internal.SerializingExecutor.run(SerializingExecutor.java:117) [fabric__runtime_deploy.jar:na]
	at java.util.concurrent.ThreadPoolExecutor.runWorker(ThreadPoolExecutor.java:1142) [na:1.8.0_101]
	at java.util.concurrent.ThreadPoolExecutor$Worker.run(ThreadPoolExecutor.java:617) [na:1.8.0_101]
	at java.lang.Thread.run(Thread.java:745) [na:1.8.0_101]
2017-11-21 16:04:28,659 WARN  [i.b.commands.BridgeCommandHandler] [] [] [] : Failed to execute command entity_command_request {
  endpoint {
    entity_id: 2
    component_id: 1003
  }
  payload: "\332>\002\032\000"
}
 on UnityClienta120ed9e-4cad-4811-aa14-c67e8c5e3032
improbable.bridge.commands.exception.CommandException: DEADLINE_EXCEEDED
	at improbable.bridge.commands.exception.CommandException.ofStatusRuntimeException(CommandException.java:76) ~[fabric__runtime_deploy.jar:na]
	at improbable.bridge.commands.exception.CommandException.of(CommandException.java:27) ~[fabric__runtime_deploy.jar:na]
	at improbable.bridge.client.BridgeInternalServiceClient.lambda$invokeCommand$2(BridgeInternalServiceClient.java:93) ~[fabric__runtime_deploy.jar:na]
	at com.google.common.util.concurrent.AbstractTransformFuture$TransformFuture.doTransform(AbstractTransformFuture.java:239) ~[fabric__runtime_deploy.jar:na]
	at com.google.common.util.concurrent.AbstractTransformFuture$TransformFuture.doTransform(AbstractTransformFuture.java:229) ~[fabric__runtime_deploy.jar:na]
	at com.google.common.util.concurrent.AbstractTransformFuture.run(AbstractTransformFuture.java:130) ~[fabric__runtime_deploy.jar:na]
	at com.google.common.util.concurrent.MoreExecutors$DirectExecutor.execute(MoreExecutors.java:399) ~[fabric__runtime_deploy.jar:na]
	at com.google.common.util.concurrent.AbstractFuture.executeListener(AbstractFuture.java:911) ~[fabric__runtime_deploy.jar:na]
	at com.google.common.util.concurrent.AbstractFuture.complete(AbstractFuture.java:822) ~[fabric__runtime_deploy.jar:na]
	at com.google.common.util.concurrent.AbstractFuture.set(AbstractFuture.java:664) ~[fabric__runtime_deploy.jar:na]
	at com.google.common.util.concurrent.AbstractCatchingFuture$CatchingFuture.setResult(AbstractCatchingFuture.java:210) ~[fabric__runtime_deploy.jar:na]
	at com.google.common.util.concurrent.AbstractCatchingFuture.run(AbstractCatchingFuture.java:138) ~[fabric__runtime_deploy.jar:na]
	at com.google.common.util.concurrent.MoreExecutors$DirectExecutor.execute(MoreExecutors.java:399) ~[fabric__runtime_deploy.jar:na]
	at com.google.common.util.concurrent.AbstractFuture.executeListener(AbstractFuture.java:911) ~[fabric__runtime_deploy.jar:na]
	at com.google.common.util.concurrent.AbstractFuture.complete(AbstractFuture.java:822) ~[fabric__runtime_deploy.jar:na]
	at com.google.common.util.concurrent.AbstractFuture.setException(AbstractFuture.java:686) ~[fabric__runtime_deploy.jar:na]
	at com.google.common.util.concurrent.AbstractTransformFuture.run(AbstractTransformFuture.java:112) ~[fabric__runtime_deploy.jar:na]
	at com.google.common.util.concurrent.MoreExecutors$DirectExecutor.execute(MoreExecutors.java:399) ~[fabric__runtime_deploy.jar:na]
	at com.google.common.util.concurrent.AbstractFuture.executeListener(AbstractFuture.java:911) ~[fabric__runtime_deploy.jar:na]
	at com.google.common.util.concurrent.AbstractFuture.complete(AbstractFuture.java:822) ~[fabric__runtime_deploy.jar:na]
	at com.google.common.util.concurrent.AbstractFuture.setException(AbstractFuture.java:686) ~[fabric__runtime_deploy.jar:na]
	at com.google.common.util.concurrent.SettableFuture.setException(SettableFuture.java:54) ~[fabric__runtime_deploy.jar:na]
	at improbable.bridge.client.BridgeServiceTaskRetrier.onFailure(BridgeServiceTaskRetrier.java:102) ~[fabric__runtime_deploy.jar:na]
	at com.google.common.util.concurrent.Futures$CallbackListener.run(Futures.java:1228) ~[fabric__runtime_deploy.jar:na]
	at com.google.common.util.concurrent.MoreExecutors$DirectExecutor.execute(MoreExecutors.java:399) ~[fabric__runtime_deploy.jar:na]
	at com.google.common.util.concurrent.AbstractFuture.executeListener(AbstractFuture.java:911) ~[fabric__runtime_deploy.jar:na]
	at com.google.common.util.concurrent.AbstractFuture.complete(AbstractFuture.java:822) ~[fabric__runtime_deploy.jar:na]
	at com.google.common.util.concurrent.AbstractFuture.setException(AbstractFuture.java:686) ~[fabric__runtime_deploy.jar:na]
	at io.grpc.stub.ClientCalls$GrpcFuture.setException(ClientCalls.java:466) ~[fabric__runtime_deploy.jar:na]
	at io.grpc.stub.ClientCalls$UnaryStreamToFuture.onClose(ClientCalls.java:442) ~[fabric__runtime_deploy.jar:na]
	at io.grpc.ForwardingClientCallListener.onClose(ForwardingClientCallListener.java:56) ~[fabric__runtime_deploy.jar:na]
	at me.dinowernli.grpc.prometheus.MonitoringClientCallListener.onClose(MonitoringClientCallListener.java:50) ~[fabric__runtime_deploy.jar:na]
	at io.grpc.internal.ClientCallImpl.closeObserver(ClientCallImpl.java:426) ~[fabric__runtime_deploy.jar:na]
	at io.grpc.internal.ClientCallImpl.access$100(ClientCallImpl.java:76) ~[fabric__runtime_deploy.jar:na]
	at io.grpc.internal.ClientCallImpl$ClientStreamListenerImpl.close(ClientCallImpl.java:512) ~[fabric__runtime_deploy.jar:na]
	at io.grpc.internal.ClientCallImpl$ClientStreamListenerImpl.access$700(ClientCallImpl.java:429) ~[fabric__runtime_deploy.jar:na]
	at io.grpc.internal.ClientCallImpl$ClientStreamListenerImpl$1StreamClosed.runInContext(ClientCallImpl.java:544) ~[fabric__runtime_deploy.jar:na]
	at io.grpc.internal.ContextRunnable.run(ContextRunnable.java:52) ~[fabric__runtime_deploy.jar:na]
	at io.grpc.internal.SerializingExecutor.run(SerializingExecutor.java:117) ~[fabric__runtime_deploy.jar:na]
	at java.util.concurrent.ThreadPoolExecutor.runWorker(ThreadPoolExecutor.java:1142) ~[na:1.8.0_101]
	at java.util.concurrent.ThreadPoolExecutor$Worker.run(ThreadPoolExecutor.java:617) ~[na:1.8.0_101]
	at java.lang.Thread.run(Thread.java:745) ~[na:1.8.0_101]
Caused by: io.grpc.StatusRuntimeException: DEADLINE_EXCEEDED
	at io.grpc.Status.asRuntimeException(Status.java:543) ~[fabric__runtime_deploy.jar:na]
	... 13 common frames omitted
2017-11-21 16:04:28,678 WARN  [i.b.logging.EngineLogMessageHandler] [] [] [] : [Worker: UnityWorker0] Incoming command request with ID 10 to entity ID 2 and component ID 1003 was not handled by the worker within the given timeout.
 in  -[WorkerLogger:Unity]
2017-11-21 16:04:28,925 INFO  [akka.actor.DeadLetterActorRef] [akka://akkaFabric/deadLetters] [akkaFabric-akka.actor.default-dispatcher-4] [] : Message [improbable.bridge.message.BridgeViewStatusRequest] from Actor[akka://akkaFabric/deadLetters] to Actor[akka://akkaFabric/deadLetters] was not delivered. [6] dead letters encountered. This logging can be turned off or adjusted with configuration settings 'akka.log-dead-letters' and 'akka.log-dead-letters-during-shutdown'.
2017-11-21 16:04:29,925 INFO  [akka.actor.DeadLetterActorRef] [akka://akkaFabric/deadLetters] [akkaFabric-akka.actor.default-dispatcher-4] [] : Message [improbable.bridge.message.BridgeViewStatusRequest] from Actor[akka://akkaFabric/deadLetters] to Actor[akka://akkaFabric/deadLetters] was not delivered. [7] dead letters encountered. This logging can be turned off or adjusted with configuration settings 'akka.log-dead-letters' and 'akka.log-dead-letters-during-shutdown'.
2017-11-21 16:04:30,924 INFO  [akka.actor.DeadLetterActorRef] [akka://akkaFabric/deadLetters] [akkaFabric-akka.actor.default-dispatcher-4] [] : Message [improbable.bridge.message.BridgeViewStatusRequest] from Actor[akka://akkaFabric/deadLetters] to Actor[akka://akkaFabric/deadLetters] was not delivered. [8] dead letters encountered. This logging can be turned off or adjusted with configuration settings 'akka.log-dead-letters' and 'akka.log-dead-letters-during-shutdown'.
2017-11-21 16:04:31,926 INFO  [akka.actor.DeadLetterActorRef] [akka://akkaFabric/deadLetters] [akkaFabric-akka.actor.default-dispatcher-4] [] : Message [improbable.bridge.message.BridgeViewStatusRequest] from Actor[akka://akkaFabric/deadLetters] to Actor[akka://akkaFabric/deadLetters] was not delivered. [9] dead letters encountered. This logging can be turned off or adjusted with configuration settings 'akka.log-dead-letters' and 'akka.log-dead-letters-during-shutdown'.
2017-11-21 16:04:32,925 INFO  [akka.actor.DeadLetterActorRef] [akka://akkaFabric/deadLetters] [akkaFabric-akka.actor.default-dispatcher-4] [] : Message [improbable.bridge.message.BridgeViewStatusRequest] from Actor[akka://akkaFabric/deadLetters] to Actor[akka://akkaFabric/deadLetters] was not delivered. [10] dead letters encountered, no more dead letters will be logged. This logging can be turned off or adjusted with configuration settings 'akka.log-dead-letters' and 'akka.log-dead-letters-during-shutdown'.
2017-11-21 16:05:03,149 INFO  [i.c.discovery.ServiceDiscoveryImpl] [] [] [] : Shutting down all services
2017-11-21 16:05:03,154 INFO  [i.core.discovery.server.LocalServer] [] [] [] : Stopped Service(improbable.fabric.internal.service.StatusDiscoveryInternalService) on 127.0.0.1:5301.
2017-11-21 16:05:03,155 INFO  [i.core.discovery.server.PublicServer] [] [] [] : Stopped Service(improbable.platform.runtime.ModuleService) on 127.0.0.1:9000.
2017-11-21 16:05:03,160 INFO  [i.core.discovery.server.PublicServer] [] [] [] : Stopped Service(improbable.platform.runtime.HealthCheckService) on 127.0.0.1:9001.
2017-11-21 16:05:03,161 INFO  [i.core.discovery.server.LocalServer] [] [] [] : Stopped Service(improbable.fabric.internal.service.PerfInternalService) on 127.0.0.1:9002.
2017-11-21 16:05:03,162 INFO  [i.core.discovery.server.LocalServer] [] [] [] : Stopped Service(improbable.fabric.internal.service.ContentionInternalService) on 127.0.0.1:9003.
2017-11-21 16:05:03,162 INFO  [i.core.discovery.server.PublicServer] [] [] [] : Stopped Service(improbable.platform.runtime.FeatureService) on 127.0.0.1:9004.
2017-11-21 16:05:03,162 INFO  [i.core.discovery.server.LocalServer] [] [] [] : Stopped Service(improbable.fabric.internal.service.NodeConfigurationInternalService) on 127.0.0.1:9005.
2017-11-21 16:05:03,162 INFO  [i.core.discovery.server.LocalServer] [] [] [] : Stopped Service(improbable.fabric.internal.service.WorldExtentsInternalService) on 127.0.0.1:9006.
2017-11-21 16:05:03,167 INFO  [i.core.discovery.server.LocalServer] [] [] [] : Stopped Service(improbable.fabric.internal.service.EntityIdInternalService) on 127.0.0.1:9007.
2017-11-21 16:05:03,168 INFO  [i.core.discovery.server.LocalServer] [] [] [] : Stopped Service(improbable.fabric.internal.service.WorkerPrestartRegistryInternalService) on 127.0.0.1:9008.
2017-11-21 16:05:03,171 INFO  [i.core.discovery.server.LocalServer] [] [] [] : Stopped Service(improbable.fabric.internal.service.RouterLookupInternalService) on 127.0.0.1:9009.
2017-11-21 16:05:03,172 INFO  [i.core.discovery.server.LocalServer] [] [] [] : Stopped Service(improbable.fabric.internal.service.RouterInternalService) on 127.0.0.1:9010.
2017-11-21 16:05:03,174 INFO  [i.core.discovery.server.LocalServer] [] [] [] : Stopped Service(improbable.fabric.internal.service.RemoteMessageInternalService) on 127.0.0.1:9011.
2017-11-21 16:05:03,175 INFO  [i.core.discovery.server.LocalServer] [] [] [] : Stopped Service(improbable.fabric.internal.service.LocalBrokerInternalService) on 127.0.0.1:9012.
2017-11-21 16:05:03,176 INFO  [i.core.discovery.server.LocalServer] [] [] [] : Stopped Service(improbable.fabric.internal.service.BridgeOracleInternalService) on 127.0.0.1:9013.
2017-11-21 16:05:03,178 INFO  [i.core.discovery.server.LocalServer] [] [] [] : Stopped Service(improbable.fabric.internal.service.GlobalBrokerInternalService) on 127.0.0.1:9014.
2017-11-21 16:05:03,179 INFO  [i.core.discovery.server.LocalServer] [] [] [] : Stopped Service(improbable.fabric.internal.service.BridgeServiceOracleInternalService) on 127.0.0.1:9015.
2017-11-21 16:05:03,179 INFO  [i.core.discovery.server.LocalServer] [] [] [] : Stopped Service(improbable.fabric.internal.service.LocalSnapshotInternalService) on 127.0.0.1:9016.
2017-11-21 16:05:03,181 INFO  [i.core.discovery.server.PublicServer] [] [] [] : Stopped Service(improbable.fabric.internal.service.ScalingStatsInternalService) on 127.0.0.1:9017.
2017-11-21 16:05:03,182 INFO  [i.core.discovery.server.LocalServer] [] [] [] : Stopped Service(improbable.fabric.internal.service.EntityQueryInternalService) on 127.0.0.1:9018.
2017-11-21 16:05:03,183 INFO  [i.core.discovery.server.LocalServer] [] [] [] : Stopped Service(improbable.fabric.internal.service.BridgeInternalService) on 127.0.0.1:9019.
2017-11-21 16:05:03,184 INFO  [i.core.discovery.server.PublicServer] [] [] [] : Stopped Service(improbable.platform.inner.worker.WorkerRunner) on 127.0.0.1:9020.
2017-11-21 16:05:03,186 INFO  [i.core.discovery.server.LocalServer] [] [] [] : Stopped Service(improbable.fabric.internal.service.ReceptionistInternalService) on 127.0.0.1:9021.
2017-11-21 16:05:03,187 INFO  [i.core.discovery.server.PublicServer] [] [] [] : Stopped Service(improbable.platform.runtime.ReceptionistService) on 127.0.0.1:7777.
