2017-11-30 09:22:01,306 INFO  [i.deployment.InternalGameLauncher] [] [] [] : Parsed 353 internal flags at startup
2017-11-30 09:22:01,442 INFO  [i.deployment.InternalGameLauncher] [] [] [] : SpatialOS runtime version: 11-20171129T133416Z-20e0e7c
2017-11-30 09:22:01,619 INFO  [i.c.c.f.FlagzFieldRegistryUpdater] [] [] [] : Initialized Fabric flagz registry with 11 set fields.
2017-11-30 09:22:02,709 INFO  [i.core.discovery.server.LocalServer] [] [] [] : Registered Service(improbable.fabric.internal.service.StatusDiscoveryInternalService) on 127.0.0.1:5301.
2017-11-30 09:22:02,715 INFO  [i.c.discovery.ServiceDiscoveryImpl] [] [] [] : Status discovery address: host: "127.0.0.1"
port: 5301

2017-11-30 09:22:02,719 INFO  [improbable.module.ModuleNode] [] [] [] : Starting Fabric node as master (IP: 127.0.0.1).
2017-11-30 09:22:02,720 INFO  [i.c.d.client.CheckpointDiscoveryImpl] [] [] [] : Reached a checkpoint: ALL_NODES_STARTED
2017-11-30 09:22:02,720 INFO  [improbable.module.ModuleNode] [] [] [] : Node master has started, waiting for other nodes to reach the same checkpoint.
2017-11-30 09:22:02,720 INFO  [improbable.module.ModuleNode] [] [] [] : All nodes have been started.
2017-11-30 09:22:02,725 INFO  [i.core.discovery.server.PublicServer] [] [] [] : Registered Service(improbable.platform.runtime.ModuleService) on 127.0.0.1:9000.
2017-11-30 09:22:02,731 INFO  [i.core.discovery.server.PublicServer] [] [] [] : Registered Service(improbable.platform.runtime.HealthCheckService) on 127.0.0.1:9001.
2017-11-30 09:22:02,737 INFO  [i.core.discovery.server.LocalServer] [] [] [] : Registered Service(improbable.fabric.internal.service.PerfInternalService) on 127.0.0.1:9002.
2017-11-30 09:22:02,742 INFO  [i.core.discovery.server.LocalServer] [] [] [] : Registered Service(improbable.fabric.internal.service.ContentionInternalService) on 127.0.0.1:9003.
2017-11-30 09:22:02,756 INFO  [i.core.discovery.server.PublicServer] [] [] [] : Registered Service(improbable.platform.runtime.FeatureService) on 127.0.0.1:9004.
2017-11-30 09:22:02,777 INFO  [i.c.config.flagz.WorkerFlagzUpdater] [] [] [] : Initialized worker flagz registry with 0 set fields.
2017-11-30 09:22:02,777 INFO  [improbable.module.ModuleNode] [] [] [] : Using master node configuration loader.
2017-11-30 09:22:02,786 INFO  [i.core.discovery.server.LocalServer] [] [] [] : Registered Service(improbable.fabric.internal.service.NodeConfigurationInternalService) on 127.0.0.1:9005.
2017-11-30 09:22:02,804 INFO  [i.c.c.n.MasterNodeConfigurationLoader] [] [] [] : Using roles [MASTER, GSIM, BRIDGE, WORKER_RUNNER, INSPECTION] for node node_id {
  deployment_id {
    project_id {
      name: "beta_oscar_bacon_891"
    }
    name: "local"
  }
  name: "master"
}
private_ip: "127.0.0.1"
roles: MASTER
roles: GSIM
roles: BRIDGE
roles: WORKER_RUNNER
roles: INSPECTION

2017-11-30 09:22:02,820 INFO  [improbable.core.config.node.GsimGrid] [] [] [] : Created gsim grid configuration of size (1500, 1500) with 1 columns and 1 rows, using gsims of (30, 30) chunks.
2017-11-30 09:22:02,830 INFO  [i.c.c.n.MasterNodeConfigurationLoader] [] [] [] : Original deployment module configuration (before parsing): {deployment_id {
  project_id {
    name: "beta_oscar_bacon_891"
  }
  name: "local"
}
name: "master"
=[ProfilingModule, BridgeModuleOracleModule, BridgeOracleModule, PersistenceModule, ReceptionistModule, RouterModule, GSimModule, BridgeModule, EngineStartupModule, InspectionRestModule]}
2017-11-30 09:22:02,844 INFO  [i.c.c.n.MasterNodeConfigurationLoader] [] [] [] : Master successfully loaded configurations for 1 node(s).
2017-11-30 09:22:02,848 INFO  [improbable.module.ModuleNode] [] [] [] : Loaded node configuration: node_id {
  deployment_id {
    project_id {
      name: "beta_oscar_bacon_891"
    }
    name: "local"
  }
  name: "master"
}
gsim_configurations {
  extent {
    bottom_left {
      x_in_chunks: -15
      z_in_chunks: -15
    }
    top_right {
      x_in_chunks: 15
      z_in_chunks: 15
    }
  }
}
start_router: true
start_bridge_oracle: true
start_bridge_module_oracle: true
start_engine_startup_module: true
start_receptionist_service: true
start_inspection_rest_module: true
start_snapshot_service: true
start_profiling_module: true
bridge_modules: "BridgeModule"
gsim_modules: "GSimModule"

2017-11-30 09:22:02,848 INFO  [improbable.module.ModuleNode] [] [] [] : Using master world extents provider.
2017-11-30 09:22:02,858 INFO  [i.core.discovery.server.LocalServer] [] [] [] : Registered Service(improbable.fabric.internal.service.WorldExtentsInternalService) on 127.0.0.1:9006.
2017-11-30 09:22:02,859 INFO  [i.c.world.MasterWorldExtentsProvider] [] [] [] : Successfully initialized world extents with 1 rectangle(s).
2017-11-30 09:22:02,861 INFO  [improbable.module.ModuleNode] [] [] [] : Loaded world extents: WorldExtents{proto=rectangles {
  bottom_left {
    x: -750.0
    z: -750.0
  }
  top_right {
    x: 750.0
    z: 750.0
  }
  is_fully_simulated: true
  responsible_gsim_id {
  }
}
bounding_rectangle {
  bottom_left {
    x: -750.0
    z: -750.0
  }
  top_right {
    x: 750.0
    z: 750.0
  }
  is_fully_simulated: true
}
}
2017-11-30 09:22:02,965 INFO  [i.e.schema.ParsedFileDescriptorSet] [] [] [] : Parsed file descriptors of 15 proto files.
2017-11-30 09:22:02,993 INFO  [i.entity.schema.SchemaFactory] [] [] [] : Found components: [improbable.core.Rotation, improbable.EntityAcl, improbable.Metadata, improbable.Position, improbable.Persistence, improbable.player.PlayerInput, improbable.player.Score, improbable.core.PlayerData, improbable.player.Health, improbable.player.ClientConnection, improbable.core.ClientAuthorityCheck, improbable.core.PlayerCreation, improbable.player.Status]
2017-11-30 09:22:02,999 INFO  [i.entity.schema.SchemaFactory] [] [] [] : Found components: [improbable.player.Score, improbable.player.Health, improbable.player.Status, improbable.core.Rotation, improbable.player.PlayerInput, improbable.EntityAcl, improbable.Metadata, improbable.Position, improbable.Persistence, improbable.core.PlayerCreation, improbable.core.ClientAuthorityCheck, improbable.player.ClientConnection, improbable.core.PlayerData, improbable.internal.EntityAuthority]
2017-11-30 09:22:03,000 INFO  [improbable.module.ModuleNode] [] [] [] : Successfully loaded schema for entities
2017-11-30 09:22:03,001 INFO  [improbable.module.ModuleNode] [] [] [] : Validating snapshot at startup and determining max entity id
2017-11-30 09:22:03,005 INFO  [i.p.s.storage.LegacySnapshotStorage] [] [] [] : Requesting download URL for Snapshot(local@latest) matching []
2017-11-30 09:22:03,019 INFO  [i.p.s.storage.LegacySnapshotStorage] [] [] [] : Downloading snapshot from http://127.0.0.1:21000/snapshots/20171130092156215
2017-11-30 09:22:03,055 INFO  [improbable.module.ModuleNode] [] [] [] : Determined the first entity id for the id assigner as 47
2017-11-30 09:22:03,058 INFO  [i.core.discovery.server.LocalServer] [] [] [] : Registered Service(improbable.fabric.internal.service.EntityIdInternalService) on 127.0.0.1:9007.
2017-11-30 09:22:03,073 INFO  [i.core.discovery.server.LocalServer] [] [] [] : Registered Service(improbable.fabric.internal.service.WorkerPrestartRegistryInternalService) on 127.0.0.1:9008.
2017-11-30 09:22:03,080 INFO  [i.core.discovery.server.LocalServer] [] [] [] : Registered Service(improbable.fabric.internal.service.RouterLookupInternalService) on 127.0.0.1:9009.
2017-11-30 09:22:03,080 INFO  [i.module.router.ActorSystemFactory$] [] [] [] : Attempting to create ActorSystem akkaFabric with configRecord akkaFabric
2017-11-30 09:22:03,224 INFO  [i.c.d.g.GlobalCheckpointDiscoveryImpl] [] [] [] : Global checkpoint discovery refreshed checkpoints.
2017-11-30 09:22:03,224 INFO  [i.c.d.g.GlobalServiceDiscoveryImpl] [] [] [] : Global service discovery refreshed 11 server(s) (previously: 0)
2017-11-30 09:22:03,342 INFO  [akka.event.slf4j.Slf4jLogger] [] [] [] : Slf4jLogger started
2017-11-30 09:22:04,248 INFO  [i.l.params.LoadbalancerParamsFactory] [] [] [] : Parsed 1 worker loadbalancing configuration(s)
2017-11-30 09:22:04,251 INFO  [i.l.params.LoadbalancerParamsFactory] [] [] [] : Successfully loaded loadbalancing configurations: {UnityWorker=improbable.loadbalancing.params.AutoHexGridLoadbalancerParams@3cbc1752}
2017-11-30 09:22:04,318 INFO  [i.w.a.WorkerAssemblyProviderFactory] [] [] [] : Loaded worker assemblies for these workers types: UnityClient, UnityWorker.
2017-11-30 09:22:04,319 INFO  [improbable.module.ModuleNode] [] [] [] : Loaded worker assemblies: [worker_assembly_id {
  assembly_id {
    project_id {
      name: "beta_oscar_bacon_891"
    }
    name: "local_assembly"
  }
  name {
    name: "UnityClient"
  }
}
bridge_configuration {
  worker_attribute_set {
    attribute {
      name: "visual"
    }
  }
  entity_interest {
    range_entity_interest {
      radius: 200.0
    }
  }
  component_delivery {
    checkout_all_initially: true
  }
}
, worker_assembly_id {
  assembly_id {
    project_id {
      name: "beta_oscar_bacon_891"
    }
    name: "local_assembly"
  }
  name {
    name: "UnityWorker"
  }
}
worker_launch_configuration {
  platform: WINDOWS
  worker_zip {
    command: "UnityWorker@Windows.exe"
    argument: "+projectName"
    argument: "${IMPROBABLE_PROJECT_NAME}"
    argument: "+receptionistIp"
    argument: "${IMPROBABLE_RECEPTIONIST_HOST}"
    argument: "+receptionistPort"
    argument: "${IMPROBABLE_RECEPTIONIST_PORT}"
    argument: "+workerType"
    argument: "${IMPROBABLE_WORKER_NAME}"
    argument: "+workerId"
    argument: "${IMPROBABLE_WORKER_ID}"
    argument: "+useInternalIpForBridge"
    argument: "true"
    argument: "+infraServicesUrl"
    argument: "${IMPROBABLE_API_URL}"
    argument: "+assemblyName"
    argument: "${IMPROBABLE_ASSEMBLY_NAME}"
    argument: "+linkProtocol"
    argument: "RakNet"
    argument: "-logfile"
    argument: "${IMPROBABLE_LOG_FILE}"
    argument: "-batchmode"
    argument: "-nographics"
    worker_location {
      filename: "UnityWorker@Windows.zip"
    }
  }
}
worker_launch_configuration {
  platform: MACOS
  worker_zip {
    command: "UnityWorker@Mac.app/Contents/MacOS/UnityWorker@Mac"
    argument: "+projectName"
    argument: "${IMPROBABLE_PROJECT_NAME}"
    argument: "+receptionistIp"
    argument: "${IMPROBABLE_RECEPTIONIST_HOST}"
    argument: "+receptionistPort"
    argument: "${IMPROBABLE_RECEPTIONIST_PORT}"
    argument: "+workerType"
    argument: "${IMPROBABLE_WORKER_NAME}"
    argument: "+workerId"
    argument: "${IMPROBABLE_WORKER_ID}"
    argument: "+useInternalIpForBridge"
    argument: "true"
    argument: "+infraServicesUrl"
    argument: "${IMPROBABLE_API_URL}"
    argument: "+assemblyName"
    argument: "${IMPROBABLE_ASSEMBLY_NAME}"
    argument: "+linkProtocol"
    argument: "RakNet"
    argument: "-logfile"
    argument: "${IMPROBABLE_LOG_FILE}"
    argument: "-batchmode"
    argument: "-nographics"
    worker_location {
      filename: "UnityWorker@Mac.zip"
    }
  }
}
worker_launch_configuration {
  platform: LINUX
  worker_zip {
    command: "UnityWorker@Linux"
    argument: "+projectName"
    argument: "${IMPROBABLE_PROJECT_NAME}"
    argument: "+receptionistIp"
    argument: "${IMPROBABLE_RECEPTIONIST_HOST}"
    argument: "+receptionistPort"
    argument: "${IMPROBABLE_RECEPTIONIST_PORT}"
    argument: "+workerType"
    argument: "${IMPROBABLE_WORKER_NAME}"
    argument: "+workerId"
    argument: "${IMPROBABLE_WORKER_ID}"
    argument: "+useInternalIpForBridge"
    argument: "true"
    argument: "+infraServicesUrl"
    argument: "${IMPROBABLE_API_URL}"
    argument: "+assemblyName"
    argument: "${IMPROBABLE_ASSEMBLY_NAME}"
    argument: "+linkProtocol"
    argument: "RakNet"
    argument: "-logfile"
    argument: "${IMPROBABLE_LOG_FILE}"
    argument: "-batchmode"
    argument: "-nographics"
    worker_location {
      filename: "UnityWorker@Linux.zip"
    }
  }
}
bridge_configuration {
  worker_attribute_set {
    attribute {
      name: "physics"
    }
  }
  entity_interest {
    range_entity_interest {
      radius: 200.0
    }
  }
  component_delivery {
    checkout_all_initially: true
  }
}
]
2017-11-30 09:22:04,321 INFO  [i.w.assembly.WorkerAssemblyProvider] [] [] [] : Worker configuration for 'UnityClient' does not contain a launch configuration for the current platform 'WINDOWS', so Fabric will not start any managed workers of this type
2017-11-30 09:22:04,322 INFO  [i.w.assembly.WorkerAssemblyProvider] [] [] [] : The following worker configurations do not contain valid managed launch configurations for the current platform WINDOWS, and the runtime will be unable to launch managed workers of this type: [UnityClient]. This is expected for worker types you intend to only connect manually.
2017-11-30 09:22:04,324 INFO  [i.w.permissions.PermissionsFactory] [] [] [] : Created permissions manager with permissions: {UnityWorker=Permissions{{/sys/CreateEntity=, /sys/DeleteEntity=, /sys/EntityQuery={"component":["*"]}}}, UnityClient=Permissions{{/sys/EntityQuery={"component":[]}}}}
2017-11-30 09:22:05,575 INFO  [improbable.module.ModuleNode] [] [] [] : Starting router on master
2017-11-30 09:22:05,579 INFO  [i.core.discovery.server.LocalServer] [] [] [] : Registered Service(improbable.fabric.internal.service.RouterInternalService) on 127.0.0.1:9010.
2017-11-30 09:22:05,579 INFO  [i.c.m.r.RouterInternalServiceImpl] [] [] [] : Attempting to register RouterInternalServiceImpl with RouterLookupInternalService.
2017-11-30 09:22:05,586 INFO  [i.c.m.r.l.RouterLookupInternalServiceImpl] [] [] [] : 1/1 router modules started
2017-11-30 09:22:05,587 INFO  [i.c.m.r.RouterInternalServiceImpl] [] [] [] : Registered RouterInternalServiceImpl with RouterLookupInternalService.
2017-11-30 09:22:05,588 INFO  [improbable.module.ModuleNode] [] [] [] : Attempting to get addresses of all RouterModules from master node
2017-11-30 09:22:05,594 INFO  [improbable.module.ModuleNode] [] [] [] : Got all RouterModules from master node
2017-11-30 09:22:05,606 INFO  [i.core.discovery.server.LocalServer] [] [] [] : Registered Service(improbable.fabric.internal.service.RemoteMessageInternalService) on 127.0.0.1:9011.
2017-11-30 09:22:05,614 INFO  [i.core.discovery.server.LocalServer] [] [] [] : Registered Service(improbable.fabric.internal.service.LocalBrokerInternalService) on 127.0.0.1:9012.
2017-11-30 09:22:05,617 INFO  [improbable.module.ModuleNode] [] [] [] : Waiting for all router modules in the deployment to have started
2017-11-30 09:22:05,619 INFO  [improbable.module.ModuleNode] [] [] [] : All router modules in the deployment started
2017-11-30 09:22:05,666 INFO  [org.eclipse.jetty.server.Server] [] [] [] : jetty-8.y.z-SNAPSHOT
2017-11-30 09:22:05,675 INFO  [i.c.d.g.GlobalServiceDiscoveryImpl] [] [] [] : Global service discovery refreshed 14 server(s) (previously: 11)
2017-11-30 09:22:05,689 INFO  [o.e.jetty.server.AbstractConnector] [] [] [] : Started SelectChannelConnector@0.0.0.0:5006
2017-11-30 09:22:05,690 INFO  [improbable.http.ServletContainer$] [] [] [] : Servlet container started
2017-11-30 09:22:05,691 INFO  [improbable.module.ModuleNode] [] [] [] : Starting BridgeOracle on master
2017-11-30 09:22:05,698 INFO  [improbable.module.ModuleNode] [] [] [] : Waiting for the BridgeOracle to have started
2017-11-30 09:22:05,735 INFO  [i.core.discovery.server.LocalServer] [] [] [] : Registered Service(improbable.fabric.internal.service.BridgeOracleInternalService) on 127.0.0.1:9013.
2017-11-30 09:22:06,675 INFO  [improbable.module.ModuleNode] [] [] [] : Received BridgeOracle started
2017-11-30 09:22:06,675 INFO  [i.c.d.g.GlobalServiceDiscoveryImpl] [] [] [] : Global service discovery refreshed 15 server(s) (previously: 14)
2017-11-30 09:22:06,680 INFO  [i.core.discovery.server.LocalServer] [] [] [] : Registered Service(improbable.fabric.internal.service.GlobalBrokerInternalService) on 127.0.0.1:9014.
2017-11-30 09:22:06,681 INFO  [improbable.module.ModuleNode] [] [] [] : Waiting for the BridgeModuleOracle to have started
2017-11-30 09:22:06,683 INFO  [i.c.a.e.ExtensibleActorReporter] [] [] [] : Started BridgeModuleOracleActor(Actor[akka://akkaFabric/user/BridgeModuleOracleModule#1911641739]).
2017-11-30 09:22:06,690 INFO  [i.core.discovery.server.LocalServer] [] [] [] : Registered Service(improbable.fabric.internal.service.BridgeServiceOracleInternalService) on 127.0.0.1:9015.
2017-11-30 09:22:07,675 INFO  [improbable.module.ModuleNode] [] [] [] : Received BridgeModuleOracle started
2017-11-30 09:22:07,675 INFO  [i.c.d.g.GlobalServiceDiscoveryImpl] [] [] [] : Global service discovery refreshed 17 server(s) (previously: 15)
2017-11-30 09:22:07,678 INFO  [improbable.module.ModuleNode] [] [] [] : Starting gsim GSimModule
2017-11-30 09:22:07,682 INFO  [improbable.module.ModuleNode] [] [] [] : Waiting for 1 entity query service(s) to start.
2017-11-30 09:22:07,696 INFO  [i.core.discovery.server.LocalServer] [] [] [] : Registered Service(improbable.fabric.internal.service.LocalSnapshotInternalService) on 127.0.0.1:9016.
2017-11-30 09:22:07,705 INFO  [i.core.discovery.server.PublicServer] [] [] [] : Registered Service(improbable.fabric.internal.service.ScalingStatsInternalService) on 127.0.0.1:9017.
2017-11-30 09:22:07,712 INFO  [i.p.gsim.GSimPersistenceWriter] [] [] [] : Transitioning GSimPersistenceActor(0) from State [Idle] to [Idle].  Time Elapsed: 1 millisecond
2017-11-30 09:22:07,721 INFO  [i.core.discovery.server.LocalServer] [] [] [] : Registered Service(improbable.fabric.internal.service.EntityQueryInternalService) on 127.0.0.1:9018.
2017-11-30 09:22:07,728 INFO  [i.bridge.oracle.scaling.WorkerScaler] [] [] [] : Skipping reconciliation because no WorkerRunner service is available. This message is expected at startup but should not persist through the deployment
2017-11-30 09:22:08,675 INFO  [improbable.module.ModuleNode] [] [] [] : All 1 entity query service(s) have started.
2017-11-30 09:22:08,675 INFO  [i.c.d.g.GlobalServiceDiscoveryImpl] [] [] [] : Global service discovery refreshed 20 server(s) (previously: 17)
2017-11-30 09:22:08,675 INFO  [improbable.module.ModuleNode] [] [] [] : Creating entity query client.
2017-11-30 09:22:08,684 INFO  [improbable.module.ModuleNode] [] [] [] : Entity query client created with directory: EntityQueryServiceDirectory{allServices=[EntityQueryInternalServiceInfo{address=host: "127.0.0.1"
port: 9018
, extent=Rectangle{minX=-750.0, minZ=-750.0, maxX=750.0, maxZ=750.0}, isLocal=true}], localServices=[EntityQueryInternalServiceInfo{address=host: "127.0.0.1"
port: 9018
, extent=Rectangle{minX=-750.0, minZ=-750.0, maxX=750.0, maxZ=750.0}, isLocal=true}], remoteServices=[]}
2017-11-30 09:22:08,689 INFO  [improbable.module.ModuleNode] [] [] [] : Waiting for 1 bridge service(s) to start.
2017-11-30 09:22:08,701 INFO  [i.c.a.e.ExtensibleActorReporter] [] [] [] : Started BridgeModuleActor(Actor[akka://akkaFabric/user/BridgeModule:b950107a-b0ab-4fff-bf43-fa4f97518ecf#5779848]).
2017-11-30 09:22:08,714 INFO  [i.core.discovery.server.LocalServer] [] [] [] : Registered Service(improbable.fabric.internal.service.BridgeInternalService) on 127.0.0.1:9019.
2017-11-30 09:22:08,715 INFO  [i.module.bridge.BridgeModuleActor] [] [] [] : Waiting for BridgeModuleOracle service to be available
2017-11-30 09:22:08,728 INFO  [i.module.bridge.BridgeModuleActor] [] [] [] : Registered(bridge_service_endpoint {
  guid: "b950107a-b0ab-4fff-bf43-fa4f97518ecf"
}
) on BridgeModuleOracleService
2017-11-30 09:22:09,674 INFO  [i.c.d.g.GlobalServiceDiscoveryImpl] [] [] [] : Global service discovery refreshed 21 server(s) (previously: 20)
2017-11-30 09:22:09,674 INFO  [improbable.module.ModuleNode] [] [] [] : All 1 bridge service(s) have started.
2017-11-30 09:22:09,674 INFO  [improbable.module.ModuleNode] [] [] [] : Starting WorkerRunner service (EngineStartupModule)
2017-11-30 09:22:09,678 INFO  [improbable.worker.exec.WorkerStats] [] [] [] : Cannot read /proc/self/stat; worker stats reporting will not work.
2017-11-30 09:22:09,684 INFO  [i.core.discovery.server.PublicServer] [] [] [] : Registered Service(improbable.platform.inner.worker.WorkerRunner) on 127.0.0.1:9020.
2017-11-30 09:22:09,690 INFO  [i.core.discovery.server.LocalServer] [] [] [] : Registered Service(improbable.fabric.internal.service.ReceptionistInternalService) on 127.0.0.1:9021.
2017-11-30 09:22:09,695 INFO  [i.core.discovery.server.PublicServer] [] [] [] : Registered Service(improbable.platform.runtime.ReceptionistService) on 127.0.0.1:7777.
2017-11-30 09:22:09,696 INFO  [improbable.module.ModuleNode] [] [] [] : Starting InspectionRestModule
2017-11-30 09:22:09,697 INFO  [improbable.module.ModuleNode] [] [] [] : Starting ProfilingModule
2017-11-30 09:22:09,698 INFO  [i.c.d.client.CheckpointDiscoveryImpl] [] [] [] : Reached a checkpoint: ALL_MODULES_STARTED
2017-11-30 09:22:09,698 INFO  [improbable.module.ModuleNode] [] [] [] : All modules on this node started, waiting for other nodes to reach the same checkpoint.
2017-11-30 09:22:09,702 INFO  [i.c.a.e.ExtensibleActorReporter] [] [] [] : Started ProfilingModuleActor(Actor[akka://akkaFabric/user/ProfilingModule#970902678]).
2017-11-30 09:22:09,703 INFO  [i.core.discovery.server.LocalServer] [] [] [] : Registered Service(improbable.fabric.internal.debug.HeatmapCellCacheInternalService) on 127.0.0.1:9022.
2017-11-30 09:22:09,720 INFO  [i.core.discovery.server.PublicServer] [] [] [] : Registered Service(improbable.platform.runtime.InspectionService) on 127.0.0.1:9023.
2017-11-30 09:22:09,727 INFO  [i.bridge.oracle.scaling.WorkerScaler] [] [] [] : Skipping reconciliation because no WorkerRunner service is available. This message is expected at startup but should not persist through the deployment
2017-11-30 09:22:09,779 INFO  [i.c.a.e.ExtensibleActorReporter] [] [] [] : Started InspectionRestModuleActor(Actor[akka://akkaFabric/user/InspectionRestModule#94379970]).
2017-11-30 09:22:10,084 INFO  [spray.can.server.HttpListener] [akka://akkaFabric/user/IO-HTTP/listener-0] [akkaFabric-akka.actor.default-dispatcher-17] [] : Bound to /0.0.0.0:5005
2017-11-30 09:22:10,675 INFO  [improbable.module.ModuleNode] [] [] [] : All modules on all nodes have been started.
2017-11-30 09:22:10,675 INFO  [i.c.d.g.GlobalCheckpointDiscoveryImpl] [] [] [] : Global checkpoint discovery refreshed checkpoints.
2017-11-30 09:22:10,675 INFO  [i.c.d.g.GlobalServiceDiscoveryImpl] [] [] [] : Global service discovery refreshed 26 server(s) (previously: 21)
2017-11-30 09:22:10,675 INFO  [improbable.module.ModuleNode] [] [] [] : Loading a snapshot.
2017-11-30 09:22:10,683 INFO  [i.p.g.GSimPersistenceLoadOrchestrator] [] [] [] : Loading snapshot on GSim(0).
2017-11-30 09:22:10,684 INFO  [i.p.s.storage.LegacySnapshotStorage] [] [] [] : Requesting download URL for Snapshot(local@latest) matching []
2017-11-30 09:22:10,689 INFO  [i.p.s.storage.LegacySnapshotStorage] [] [] [] : Downloading snapshot from http://127.0.0.1:21000/snapshots/20171130092156215
2017-11-30 09:22:10,691 INFO  [i.p.gsim.GSimPersistenceLoader] [] [] [] : Loading snapshot
2017-11-30 09:22:10,769 INFO  [i.l.params.LoadbalancerParamsFactory] [] [] [] : LoadbalancerParams for worker type [UnityWorker]: [AutoHexGridLoadbalancerParams{energyLimitingEnabled=true, energyLimit=1.0E9, minWorkerRange=1500.0, maxWorkerRange=1500.0, maxWorkerStepSize=0.0, workerExpansionTimeMs=60000, workerGridSize=0, loadbalancerEnabled=false, hexGridMode=AUTO, scalerAdvisorType=CONSTANT, maxWorkers=1, initialWorkers=1, numEntitiesPerWorker=9223372036854775807, statusReportPeriodMs=30000, pointsOfInterestEnabled=false, hexGridSolution=AutoValue_HexGridSolution{workersUsed=1, hexagonEdgeLength=1500.0, hexagonOrientation=POINTY_TOP, bounds=Rectangle{minX=-750.0, minZ=-750.0, maxX=750.0, maxZ=750.0}}, pointsOfInterestSolution=Empty}]
2017-11-30 09:22:10,770 INFO  [i.p.g.GSimPersistenceLoadOrchestrator] [] [] [] : Loaded 46 entities on GSim(0).
2017-11-30 09:22:10,772 INFO  [i.p.c.PersistenceLoaderCoordinatorActor] [] [] [] : All Snapshots loaded.
2017-11-30 09:22:10,773 INFO  [improbable.module.ModuleNode] [] [] [] : Snapshot has been loaded.
2017-11-30 09:22:10,773 INFO  [improbable.module.ModuleNode] [] [] [] : Starting SnapshotService.
2017-11-30 09:22:10,784 INFO  [i.core.discovery.server.PublicServer] [] [] [] : Registered Service(improbable.platform.runtime.SnapshotService) on 127.0.0.1:9024.
2017-11-30 09:22:10,786 INFO  [i.c.d.client.CheckpointDiscoveryImpl] [] [] [] : Reached a checkpoint: LOAD_SNAPSHOT_FINISHED
2017-11-30 09:22:10,787 INFO  [improbable.module.ModuleNode] [] [] [] : SpatialOS runtime startup complete.
2017-11-30 09:22:11,675 INFO  [i.c.d.g.GlobalCheckpointDiscoveryImpl] [] [] [] : Global checkpoint discovery refreshed checkpoints.
2017-11-30 09:22:11,675 INFO  [i.c.d.g.GlobalServiceDiscoveryImpl] [] [] [] : Global service discovery refreshed 27 server(s) (previously: 26)
2017-11-30 09:22:11,704 INFO  [i.b.o.m.BridgeOracleWorkerManager] [] [] [] : Trying to start managed worker UnityWorker0
2017-11-30 09:22:11,719 INFO  [i.bridge.oracle.scaling.WorkerScaler] [] [] [] : Starting 1 new managed workers for attribute_set {
  attribute: "physics"
}
 (required: 1, existing: 0)
2017-11-30 09:22:12,731 INFO  [i.worker.exec.WorkerStartupExecutor] [] [] [] : Created log file for worker UnityWorker0, type (UnityWorker): [C:\Users\mario\OneDrive\Documenti\GitHub\Team8\logs\2017-11-30_09-21-57_0\workers\UnityWorker\UnityWorker0-2222837066194405470.log]
2017-11-30 09:22:12,732 INFO  [i.worker.exec.CommandLineExecutor] [] [] [] : Running command: C:\Users\mario\AppData\Local\Temp\zip-downloader5105446327291200619\a9db1c8d5b48c2222a1eb5c230c37900\UnityWorker@Windows.exe +projectName beta_oscar_bacon_891 +receptionistIp 127.0.0.1 +receptionistPort 7777 +workerType UnityWorker +workerId UnityWorker0 +useInternalIpForBridge true +infraServicesUrl http://127.0.0.1:21000 +assemblyName local_assembly +linkProtocol RakNet -logfile C:\Users\mario\OneDrive\Documenti\GitHub\Team8\logs\2017-11-30_09-21-57_0\workers\UnityWorker\UnityWorker0-2222837066194405470.log -batchmode -nographics
2017-11-30 09:22:13,792 INFO  [i.b.s.BridgeServicePicker] [] [] [] : Attempting to get positionHint for UnityWorker0 via rpc
2017-11-30 09:22:13,799 INFO  [i.m.b.o.m.BridgeModuleOracleActor] [] [] [] : BridgeServicePicker returned module Optional[legacy_guid: "b950107a-b0ab-4fff-bf43-fa4f97518ecf"
address {
  host: "127.0.0.1"
  port: 9019
}
] with load Optional[BridgeModuleLoadBalanceInfo((0.0, 0.0, 0.0),0)].get().toString() for Engine(UnityWorker0)
2017-11-30 09:22:13,974 INFO  [i.b.i.BridgeInternalServiceImpl] [] [] [] : Bridge worker_id: "UnityWorker0"
 registered with bridge internal service
2017-11-30 09:22:13,980 INFO  [i.b.o.s.BridgeOracleInternalServiceImpl] [] [] [] : Got bridge started rpc from bridge: worker_id: "UnityWorker0"

2017-11-30 09:22:13,980 INFO  [i.b.o.s.BridgeOracleInternalServiceImpl] [] [] [] : The worker UnityWorker0 registered with SpatialOS successfully.
2017-11-30 09:22:13,981 INFO  [i.module.bridge.oracle.BridgeOracle] [] [] [] : Sending bridge started to self for bridge endpoint bridge_oracle_endpoint {
}

2017-11-30 09:22:13,982 INFO  [i.module.bridge.oracle.BridgeOracle] [] [] [] : Bridge(UnityWorker0) started.
2017-11-30 09:22:13,985 INFO  [i.b.o.m.BridgeOracleWorkerManager] [] [] [] : Worker UnityWorker0 registered with the BridgeOracleWorker manager
2017-11-30 09:22:14,617 INFO  [i.b.n.raknet.GuardedRakPeerInterface] [] [] [] : New RakNet connection established with 127.0.0.1
2017-11-30 09:22:15,053 ERROR [i.b.logging.EngineLogMessageHandler] [] [] [] : [Worker: UnityWorker0] Attempt to add or update an item to the cache failed.
 in  -[WorkerLogger:Unity]
2017-11-30 09:22:15,064 WARN  [i.b.logging.EngineLogMessageHandler] [] [] [] : [Worker: UnityWorker0] Failed to cache: http://127.0.0.1:21000/assembly_static/unity/health+@windows
 in  -[WorkerLogger:Unity]
2017-11-30 09:22:15,071 ERROR [i.b.logging.EngineLogMessageHandler] [] [] [] : [Worker: UnityWorker0] Attempt to add or update an item to the cache failed.
 in  -[WorkerLogger:Unity]
2017-11-30 09:22:15,072 WARN  [i.b.logging.EngineLogMessageHandler] [] [] [] : [Worker: UnityWorker0] Failed to add cache metadata for: http://127.0.0.1:21000/assembly_static/unity/points@windows
 in  -[WorkerLogger:Unity]
2017-11-30 09:22:15,090 ERROR [i.b.logging.EngineLogMessageHandler] [] [] [] : [Worker: UnityWorker0] Attempt to add or update an item to the cache failed.
 in  -[WorkerLogger:Unity]
2017-11-30 09:22:15,091 WARN  [i.b.logging.EngineLogMessageHandler] [] [] [] : [Worker: UnityWorker0] Failed to add cache metadata for: http://127.0.0.1:21000/assembly_static/unity/playercreator@windows
 in  -[WorkerLogger:Unity]
2017-11-30 09:22:23,305 INFO  [i.b.s.BridgeServicePicker] [] [] [] : Attempting to get positionHint for UnityClient1054b20f-121d-4909-ba38-565335b54a4b via rpc
2017-11-30 09:22:23,306 INFO  [i.b.s.BridgeServicePicker] [] [] [] : Starting UnityClient1054b20f-121d-4909-ba38-565335b54a4b without a position hint, so using a random bridge service
2017-11-30 09:22:23,307 INFO  [i.m.b.o.m.BridgeModuleOracleActor] [] [] [] : BridgeServicePicker returned module Optional[legacy_guid: "b950107a-b0ab-4fff-bf43-fa4f97518ecf"
address {
  host: "127.0.0.1"
  port: 9019
}
] with load Optional[BridgeModuleLoadBalanceInfo((0.0, 0.0, 0.0),1)].get().toString() for Engine(UnityClient1054b20f-121d-4909-ba38-565335b54a4b)
2017-11-30 09:22:23,333 INFO  [i.l.params.LoadbalancerParamsFactory] [] [] [] : LoadbalancerParams for worker type [UnityClient]: [FlagzLoadbalancerParams{energyLimitingEnabled=true, energyLimit=1.0E9, minWorkerRange=Infinity, maxWorkerRange=Infinity, maxWorkerStepSize=50.0, workerExpansionTimeMs=60000, workerGridSize=5, loadbalancerEnabled=true, hexGridMode=OFF, scalerAdvisorType=ENTITY_COUNT, maxWorkers=25, initialWorkers=25, numEntitiesPerWorker=9223372036854775807, statusReportPeriodMs=2000, pointsOfInterestEnabled=false, hexGridSolution=Empty, pointsOfInterestSolution=Empty}]
2017-11-30 09:22:23,336 INFO  [i.b.i.BridgeInternalServiceImpl] [] [] [] : Bridge worker_id: "UnityClient1054b20f-121d-4909-ba38-565335b54a4b"
 registered with bridge internal service
2017-11-30 09:22:23,337 INFO  [i.b.o.s.BridgeOracleInternalServiceImpl] [] [] [] : Got bridge started rpc from bridge: worker_id: "UnityClient1054b20f-121d-4909-ba38-565335b54a4b"

2017-11-30 09:22:23,337 INFO  [i.b.o.s.BridgeOracleInternalServiceImpl] [] [] [] : The worker UnityClient1054b20f-121d-4909-ba38-565335b54a4b registered with SpatialOS successfully.
2017-11-30 09:22:23,337 INFO  [i.module.bridge.oracle.BridgeOracle] [] [] [] : Sending bridge started to self for bridge endpoint bridge_oracle_endpoint {
}

2017-11-30 09:22:23,338 INFO  [i.module.bridge.oracle.BridgeOracle] [] [] [] : Bridge(UnityClient1054b20f-121d-4909-ba38-565335b54a4b) started.
2017-11-30 09:22:23,885 INFO  [i.b.n.raknet.GuardedRakPeerInterface] [] [] [] : New RakNet connection established with 127.0.0.1
2017-11-30 09:22:24,027 WARN  [i.b.logging.EngineLogMessageHandler] [] [] [] : [Worker: UnityClient1054b20f-121d-4909-ba38-565335b54a4b] Request: Mario
 in UnityEngine.Debug:LogWarning(Object)
Assets.Gamelogic.Core.Bootstrap:RequestPlayerCreation(EntityId) (at Assets/Gamelogic/Core/Bootstrap.cs:79)
Assets.Gamelogic.Core.Bootstrap:OnSuccessfulPlayerCreatorQuery(EntityQueryResult) (at Assets/Gamelogic/Core/Bootstrap.cs:66)
Improbable.Unity.Core.CommandResponseHandler`1:TriggerSuccess(ICommandCallbackResponse`1) (at C:/w/ee9378522cbb9fd1/UnitySdk/Improbable.Unity/Assets/Precompiled/Unity/Commands/CommandResponseHandler.cs:62)
Improbable.Unity.Core.CommandResponseHandler`1:Trigger(ICommandCallbackResponse`1) (at C:/w/ee9378522cbb9fd1/UnitySdk/Improbable.Unity/Assets/Precompiled/Unity/Commands/CommandResponseHandler.cs:48)
Improbable.Unity.Core.CommandCallbackWrapper`1:TriggerWithStatus(StatusCode, Option`1, String) (at C:/w/ee9378522cbb9fd1/UnitySdk/Improbable.Unity/Assets/Precompiled/Unity/Commands/ICommandCallbackWrapper.cs:34)
Improbable.Unity.Core.<CreateOnResponseThunk>c__AnonStorey1D`2:<>m__2F(EntityQueryResponseOp) (at C:/w/ee9378522cbb9fd1/UnitySdk/Improbable.Unity/Assets/Precompiled/Unity/Commands/ComponentCommander.cs:243)
Improbable.Worker.Internal.Callbacks`1:InvokeAll(EntityQueryResponseOp)
Improbable.Worker.Dispatcher:EntityQueryResponseThunk(Void*, EntityQueryResponseOp*)
Improbable.Worker.Internal.WorkerProtocol:Dispatcher_Process(DispatcherHandle, OpListHandle)
Improbable.Worker.Dispatcher:Process(OpList)
Improbable.Unity.Core.ConnectionLifecycle:ProcessEvents() (at Assets/Plugins/Improbable/Sdk/Src/Unity/Core/ConnectionLifecycle.cs:367)
Improbable.Unity.Core.ConnectionLifecycle:Update() (at Assets/Plugins/Improbable/Sdk/Src/Unity/Core/ConnectionLifecycle.cs:149)
 -[WorkerLogger:Unity]
2017-11-30 09:22:48,519 INFO  [akka.actor.LocalActorRef] [akka://akkaFabric/user/GSimModule/EntityFactory/Entity-47/EntityUser-47] [akkaFabric-akka.actor.default-dispatcher-3] [] : Message [improbable.gsim.proxy.entity.StateUpdateWrapperMsg] from Actor[akka://akkaFabric/deadLetters] to Actor[akka://akkaFabric/user/GSimModule/EntityFactory/Entity-47/EntityUser-47#334922886] was not delivered. [1] dead letters encountered. This logging can be turned off or adjusted with configuration settings 'akka.log-dead-letters' and 'akka.log-dead-letters-during-shutdown'.
2017-11-30 09:22:48,519 INFO  [akka.actor.LocalActorRef] [akka://akkaFabric/user/GSimModule/EntityFactory/Entity-47/EntityUser-47] [akkaFabric-akka.actor.default-dispatcher-3] [] : Message [improbable.gsim.proxy.entity.StateUpdateWrapperMsg] from Actor[akka://akkaFabric/deadLetters] to Actor[akka://akkaFabric/user/GSimModule/EntityFactory/Entity-47/EntityUser-47#334922886] was not delivered. [2] dead letters encountered. This logging can be turned off or adjusted with configuration settings 'akka.log-dead-letters' and 'akka.log-dead-letters-during-shutdown'.
2017-11-30 09:22:48,558 INFO  [i.b.n.BridgeActorTransportLinkListener] [] [] [] : TransportLinkListener(UnityClient1054b20f-121d-4909-ba38-565335b54a4b) sending Disconnected to akka://akkaFabric/user/BridgeModule:b950107a-b0ab-4fff-bf43-fa4f97518ecf/BridgeActor-UnityClient1054b20f-121d-4909-ba38-565335b54a4b
2017-11-30 09:22:48,561 INFO  [i.b.n.raknet.reporter.RakNetReporter] [] [] [] : Tried to send to RakNet(UnityClient) on Port(7001)17 after closing. Payload: component_update {
  entity_id: 47
  component_id: 54
  entity_c... (Logged every 1000 times)
2017-11-30 09:22:48,576 INFO  [i.b.n.raknet.reporter.RakNetReporter] [] [] [] : Tried to send to RakNet(UnityClient) on Port(7001)14 after closing. Payload: critical_section_boundary {
  in_critical_section: false
}
 (Logged every 1000 times)
2017-11-30 09:22:48,582 INFO  [i.b.n.raknet.reporter.RakNetReporter] [] [] [] : Tried to send to RakNet(UnityClient) on Port(7001)6 after closing. Payload: critical_section_boundary {
  in_critical_section: false
}
 (Logged every 1000 times)
2017-11-30 09:22:48,589 INFO  [i.b.i.BridgeInternalServiceImpl] [] [] [] : Bridge worker_id: "UnityClient1054b20f-121d-4909-ba38-565335b54a4b"
 unregistered with bridge internal service
2017-11-30 09:22:48,590 INFO  [improbable.bridge.BridgeActor] [] [] [] : Bridge(UnityClient1054b20f-121d-4909-ba38-565335b54a4b) on guid: "b950107a-b0ab-4fff-bf43-fa4f97518ecf"
 stopped.
2017-11-30 09:22:48,591 INFO  [i.module.bridge.oracle.BridgeOracle] [] [] [] : Sending bridge stopped to self for bridge endpoint worker_id: "UnityClient1054b20f-121d-4909-ba38-565335b54a4b"

2017-11-30 09:22:48,594 INFO  [i.module.bridge.oracle.BridgeOracle] [] [] [] : Bridge(UnityClient1054b20f-121d-4909-ba38-565335b54a4b) stopped.
2017-11-30 09:22:49,493 INFO  [i.b.client.BridgeServiceTaskRetrier] [] [] [] : An internal operation forwarding EntityCommandRequest for "entity_id: 47
component_id: 1003
" failed on the SpatialOS side of the connection to UnityWorker0 after 0 retries, is the deployment under heavy load?
io.grpc.StatusRuntimeException: DEADLINE_EXCEEDED
	at io.grpc.Status.asRuntimeException(Status.java:543) ~[fabric__runtime_deploy.jar:na]
	at io.grpc.stub.ClientCalls$UnaryStreamToFuture.onClose(ClientCalls.java:442) [fabric__runtime_deploy.jar:na]
	at io.grpc.ForwardingClientCallListener.onClose(ForwardingClientCallListener.java:56) [fabric__runtime_deploy.jar:na]
	at me.dinowernli.grpc.prometheus.MonitoringClientCallListener.onClose(MonitoringClientCallListener.java:50) [fabric__runtime_deploy.jar:na]
	at io.grpc.internal.ClientCallImpl.closeObserver(ClientCallImpl.java:426) [fabric__runtime_deploy.jar:na]
	at io.grpc.internal.ClientCallImpl.access$100(ClientCallImpl.java:76) [fabric__runtime_deploy.jar:na]
	at io.grpc.internal.ClientCallImpl$ClientStreamListenerImpl.close(ClientCallImpl.java:512) [fabric__runtime_deploy.jar:na]
	at io.grpc.internal.ClientCallImpl$ClientStreamListenerImpl.access$700(ClientCallImpl.java:429) [fabric__runtime_deploy.jar:na]
	at io.grpc.internal.ClientCallImpl$ClientStreamListenerImpl$1StreamClosed.runInContext(ClientCallImpl.java:544) [fabric__runtime_deploy.jar:na]
	at io.grpc.internal.ContextRunnable.run(ContextRunnable.java:52) [fabric__runtime_deploy.jar:na]
	at io.grpc.internal.SerializingExecutor.run(SerializingExecutor.java:117) [fabric__runtime_deploy.jar:na]
	at improbable.common.async.FabricListeningExecutorService.lambda$instrumentRunnable$1(FabricListeningExecutorService.java:176) [fabric__runtime_deploy.jar:na]
	at java.util.concurrent.ThreadPoolExecutor.runWorker(Unknown Source) ~[na:1.8.0_151]
	at java.util.concurrent.ThreadPoolExecutor$Worker.run(Unknown Source) ~[na:1.8.0_151]
	at java.lang.Thread.run(Unknown Source) ~[na:1.8.0_151]
2017-11-30 09:22:49,498 WARN  [i.b.commands.BridgeCommandHandler] [] [] [] : Failed to execute command entity_command_request {
  endpoint {
    entity_id: 47
    component_id: 1003
  }
  payload: "\332>\002\032\000"
}
 on UnityClient1054b20f-121d-4909-ba38-565335b54a4b
improbable.bridge.commands.exception.CommandException: DEADLINE_EXCEEDED
	at improbable.bridge.commands.exception.CommandException.ofStatusRuntimeException(CommandException.java:76) ~[fabric__runtime_deploy.jar:na]
	at improbable.bridge.commands.exception.CommandException.of(CommandException.java:27) ~[fabric__runtime_deploy.jar:na]
	at improbable.bridge.client.BridgeInternalServiceClient.lambda$invokeCommand$2(BridgeInternalServiceClient.java:93) ~[fabric__runtime_deploy.jar:na]
	at com.google.common.util.concurrent.AbstractTransformFuture$TransformFuture.doTransform(AbstractTransformFuture.java:239) ~[fabric__runtime_deploy.jar:na]
	at com.google.common.util.concurrent.AbstractTransformFuture$TransformFuture.doTransform(AbstractTransformFuture.java:229) ~[fabric__runtime_deploy.jar:na]
	at com.google.common.util.concurrent.AbstractTransformFuture.run(AbstractTransformFuture.java:130) ~[fabric__runtime_deploy.jar:na]
	at com.google.common.util.concurrent.MoreExecutors$DirectExecutor.execute(MoreExecutors.java:399) ~[fabric__runtime_deploy.jar:na]
	at com.google.common.util.concurrent.AbstractFuture.executeListener(AbstractFuture.java:911) ~[fabric__runtime_deploy.jar:na]
	at com.google.common.util.concurrent.AbstractFuture.complete(AbstractFuture.java:822) ~[fabric__runtime_deploy.jar:na]
	at com.google.common.util.concurrent.AbstractFuture.set(AbstractFuture.java:664) ~[fabric__runtime_deploy.jar:na]
	at com.google.common.util.concurrent.AbstractCatchingFuture$CatchingFuture.setResult(AbstractCatchingFuture.java:210) ~[fabric__runtime_deploy.jar:na]
	at com.google.common.util.concurrent.AbstractCatchingFuture.run(AbstractCatchingFuture.java:138) ~[fabric__runtime_deploy.jar:na]
	at com.google.common.util.concurrent.MoreExecutors$DirectExecutor.execute(MoreExecutors.java:399) ~[fabric__runtime_deploy.jar:na]
	at com.google.common.util.concurrent.AbstractFuture.executeListener(AbstractFuture.java:911) ~[fabric__runtime_deploy.jar:na]
	at com.google.common.util.concurrent.AbstractFuture.complete(AbstractFuture.java:822) ~[fabric__runtime_deploy.jar:na]
	at com.google.common.util.concurrent.AbstractFuture.setException(AbstractFuture.java:686) ~[fabric__runtime_deploy.jar:na]
	at com.google.common.util.concurrent.AbstractTransformFuture.run(AbstractTransformFuture.java:112) ~[fabric__runtime_deploy.jar:na]
	at com.google.common.util.concurrent.MoreExecutors$DirectExecutor.execute(MoreExecutors.java:399) ~[fabric__runtime_deploy.jar:na]
	at com.google.common.util.concurrent.AbstractFuture.executeListener(AbstractFuture.java:911) ~[fabric__runtime_deploy.jar:na]
	at com.google.common.util.concurrent.AbstractFuture.complete(AbstractFuture.java:822) ~[fabric__runtime_deploy.jar:na]
	at com.google.common.util.concurrent.AbstractFuture.setException(AbstractFuture.java:686) ~[fabric__runtime_deploy.jar:na]
	at com.google.common.util.concurrent.SettableFuture.setException(SettableFuture.java:54) ~[fabric__runtime_deploy.jar:na]
	at improbable.bridge.client.BridgeServiceTaskRetrier.onFailure(BridgeServiceTaskRetrier.java:102) ~[fabric__runtime_deploy.jar:na]
	at com.google.common.util.concurrent.Futures$CallbackListener.run(Futures.java:1228) ~[fabric__runtime_deploy.jar:na]
	at com.google.common.util.concurrent.MoreExecutors$DirectExecutor.execute(MoreExecutors.java:399) ~[fabric__runtime_deploy.jar:na]
	at com.google.common.util.concurrent.AbstractFuture.executeListener(AbstractFuture.java:911) ~[fabric__runtime_deploy.jar:na]
	at com.google.common.util.concurrent.AbstractFuture.complete(AbstractFuture.java:822) ~[fabric__runtime_deploy.jar:na]
	at com.google.common.util.concurrent.AbstractFuture.setException(AbstractFuture.java:686) ~[fabric__runtime_deploy.jar:na]
	at io.grpc.stub.ClientCalls$GrpcFuture.setException(ClientCalls.java:466) ~[fabric__runtime_deploy.jar:na]
	at io.grpc.stub.ClientCalls$UnaryStreamToFuture.onClose(ClientCalls.java:442) ~[fabric__runtime_deploy.jar:na]
	at io.grpc.ForwardingClientCallListener.onClose(ForwardingClientCallListener.java:56) ~[fabric__runtime_deploy.jar:na]
	at me.dinowernli.grpc.prometheus.MonitoringClientCallListener.onClose(MonitoringClientCallListener.java:50) ~[fabric__runtime_deploy.jar:na]
	at io.grpc.internal.ClientCallImpl.closeObserver(ClientCallImpl.java:426) ~[fabric__runtime_deploy.jar:na]
	at io.grpc.internal.ClientCallImpl.access$100(ClientCallImpl.java:76) ~[fabric__runtime_deploy.jar:na]
	at io.grpc.internal.ClientCallImpl$ClientStreamListenerImpl.close(ClientCallImpl.java:512) ~[fabric__runtime_deploy.jar:na]
	at io.grpc.internal.ClientCallImpl$ClientStreamListenerImpl.access$700(ClientCallImpl.java:429) ~[fabric__runtime_deploy.jar:na]
	at io.grpc.internal.ClientCallImpl$ClientStreamListenerImpl$1StreamClosed.runInContext(ClientCallImpl.java:544) ~[fabric__runtime_deploy.jar:na]
	at io.grpc.internal.ContextRunnable.run(ContextRunnable.java:52) ~[fabric__runtime_deploy.jar:na]
	at io.grpc.internal.SerializingExecutor.run(SerializingExecutor.java:117) ~[fabric__runtime_deploy.jar:na]
	at improbable.common.async.FabricListeningExecutorService.lambda$instrumentRunnable$1(FabricListeningExecutorService.java:176) ~[fabric__runtime_deploy.jar:na]
	at java.util.concurrent.ThreadPoolExecutor.runWorker(Unknown Source) ~[na:1.8.0_151]
	at java.util.concurrent.ThreadPoolExecutor$Worker.run(Unknown Source) ~[na:1.8.0_151]
	at java.lang.Thread.run(Unknown Source) ~[na:1.8.0_151]
Caused by: io.grpc.StatusRuntimeException: DEADLINE_EXCEEDED
	at io.grpc.Status.asRuntimeException(Status.java:543) ~[fabric__runtime_deploy.jar:na]
	... 14 common frames omitted
2017-11-30 09:22:49,523 WARN  [i.b.logging.EngineLogMessageHandler] [] [] [] : [Worker: UnityWorker0] Incoming command request with ID 8 to entity ID 47 and component ID 1003 was not handled by the worker within the given timeout.
 in  -[WorkerLogger:Unity]
