2017-11-23 20:11:33,499 INFO  [i.deployment.InternalGameLauncher] [] [] [] : Parsed 362 internal flags at startup
2017-11-23 20:11:33,837 INFO  [i.deployment.InternalGameLauncher] [] [] [] : SpatialOS runtime version: 11-20171114T103507Z-cc9d195
2017-11-23 20:11:34,961 ERROR [i.c.i.ServiceAccountOAuth2Credentials] [] [] [] : SpatialOS-internal error: Failed to refresh access token with token endpoint url: http://127.0.0.1:21000/auth/v1/token
java.net.ConnectException: Connection refused: connect
	at java.net.DualStackPlainSocketImpl.waitForConnect(Native Method) ~[na:1.8.0_151]
	at java.net.DualStackPlainSocketImpl.socketConnect(DualStackPlainSocketImpl.java:85) ~[na:1.8.0_151]
	at java.net.AbstractPlainSocketImpl.doConnect(AbstractPlainSocketImpl.java:350) ~[na:1.8.0_151]
	at java.net.AbstractPlainSocketImpl.connectToAddress(AbstractPlainSocketImpl.java:206) ~[na:1.8.0_151]
	at java.net.AbstractPlainSocketImpl.connect(AbstractPlainSocketImpl.java:188) ~[na:1.8.0_151]
	at java.net.PlainSocketImpl.connect(PlainSocketImpl.java:172) ~[na:1.8.0_151]
	at java.net.SocksSocketImpl.connect(SocksSocketImpl.java:392) ~[na:1.8.0_151]
	at java.net.Socket.connect(Socket.java:589) ~[na:1.8.0_151]
	at sun.net.NetworkClient.doConnect(NetworkClient.java:175) ~[na:1.8.0_151]
	at sun.net.www.http.HttpClient.openServer(HttpClient.java:463) ~[na:1.8.0_151]
	at sun.net.www.http.HttpClient.openServer(HttpClient.java:558) ~[na:1.8.0_151]
	at sun.net.www.http.HttpClient.<init>(HttpClient.java:242) ~[na:1.8.0_151]
	at sun.net.www.http.HttpClient.New(HttpClient.java:339) ~[na:1.8.0_151]
	at sun.net.www.http.HttpClient.New(HttpClient.java:357) ~[na:1.8.0_151]
	at sun.net.www.protocol.http.HttpURLConnection.getNewHttpClient(HttpURLConnection.java:1220) ~[na:1.8.0_151]
	at sun.net.www.protocol.http.HttpURLConnection.plainConnect0(HttpURLConnection.java:1156) ~[na:1.8.0_151]
	at sun.net.www.protocol.http.HttpURLConnection.plainConnect(HttpURLConnection.java:1050) ~[na:1.8.0_151]
	at sun.net.www.protocol.http.HttpURLConnection.connect(HttpURLConnection.java:984) ~[na:1.8.0_151]
	at sun.net.www.protocol.http.HttpURLConnection.getOutputStream0(HttpURLConnection.java:1334) ~[na:1.8.0_151]
	at sun.net.www.protocol.http.HttpURLConnection.getOutputStream(HttpURLConnection.java:1309) ~[na:1.8.0_151]
	at com.google.api.client.http.javanet.NetHttpRequest.execute(NetHttpRequest.java:77) ~[fabric__runtime_deploy.jar:na]
	at com.google.api.client.http.HttpRequest.execute(HttpRequest.java:972) ~[fabric__runtime_deploy.jar:na]
	at com.google.api.client.auth.oauth2.TokenRequest.executeUnparsed(TokenRequest.java:283) ~[fabric__runtime_deploy.jar:na]
	at com.google.api.client.auth.oauth2.TokenRequest.execute(TokenRequest.java:307) ~[fabric__runtime_deploy.jar:na]
	at improbable.core.io.ServiceAccountOAuth2Credentials.refreshAccessToken(ServiceAccountOAuth2Credentials.scala:48) ~[fabric__runtime_deploy.jar:na]
	at com.google.auth.oauth2.OAuth2Credentials.refresh(OAuth2Credentials.java:97) [fabric__runtime_deploy.jar:na]
	at com.google.auth.oauth2.OAuth2Credentials.getRequestMetadata(OAuth2Credentials.java:74) [fabric__runtime_deploy.jar:na]
	at io.grpc.auth.ClientAuthInterceptor.getRequestMetadata(ClientAuthInterceptor.java:148) [fabric__runtime_deploy.jar:na]
	at io.grpc.auth.ClientAuthInterceptor.access$100(ClientAuthInterceptor.java:62) [fabric__runtime_deploy.jar:na]
	at io.grpc.auth.ClientAuthInterceptor$1.checkedStart(ClientAuthInterceptor.java:94) [fabric__runtime_deploy.jar:na]
	at io.grpc.ClientInterceptors$CheckedForwardingClientCall.start(ClientInterceptors.java:194) [fabric__runtime_deploy.jar:na]
	at io.grpc.ForwardingClientCall.start(ForwardingClientCall.java:47) [fabric__runtime_deploy.jar:na]
	at me.dinowernli.grpc.prometheus.MonitoringClientCall.start(MonitoringClientCall.java:36) [fabric__runtime_deploy.jar:na]
	at io.grpc.stub.ClientCalls.startCall(ClientCalls.java:276) [fabric__runtime_deploy.jar:na]
	at io.grpc.stub.ClientCalls.asyncUnaryRequestCall(ClientCalls.java:252) [fabric__runtime_deploy.jar:na]
	at io.grpc.stub.ClientCalls.futureUnaryCall(ClientCalls.java:186) [fabric__runtime_deploy.jar:na]
	at improbable.platform.inner.config.FabricFlagzServiceGrpc$FabricFlagzServiceFutureStub.list(FabricFlagzServiceGrpc.java:243) [fabric__runtime_deploy.jar:na]
	at improbable.core.config.flagz.FlagzFieldRegistryUpdater.listAndWatch(FlagzFieldRegistryUpdater.java:129) [fabric__runtime_deploy.jar:na]
	at improbable.common.async.FabricListeningExecutorService.lambda$instrumentRunnable$0(FabricListeningExecutorService.java:133) ~[fabric__runtime_deploy.jar:na]
	at java.util.concurrent.Executors$RunnableAdapter.call(Executors.java:511) ~[na:1.8.0_151]
	at com.google.common.util.concurrent.TrustedListenableFutureTask$TrustedFutureInterruptibleTask.runInterruptibly(TrustedListenableFutureTask.java:111) ~[fabric__runtime_deploy.jar:na]
	at com.google.common.util.concurrent.InterruptibleTask.run(InterruptibleTask.java:58) ~[fabric__runtime_deploy.jar:na]
	at com.google.common.util.concurrent.TrustedListenableFutureTask.run(TrustedListenableFutureTask.java:75) ~[fabric__runtime_deploy.jar:na]
	at java.util.concurrent.Executors$RunnableAdapter.call(Executors.java:511) ~[na:1.8.0_151]
	at java.util.concurrent.FutureTask.run(FutureTask.java:266) ~[na:1.8.0_151]
	at java.util.concurrent.ScheduledThreadPoolExecutor$ScheduledFutureTask.access$201(ScheduledThreadPoolExecutor.java:180) ~[na:1.8.0_151]
	at java.util.concurrent.ScheduledThreadPoolExecutor$ScheduledFutureTask.run(ScheduledThreadPoolExecutor.java:293) ~[na:1.8.0_151]
	at java.util.concurrent.ThreadPoolExecutor.runWorker(ThreadPoolExecutor.java:1149) ~[na:1.8.0_151]
	at java.util.concurrent.ThreadPoolExecutor$Worker.run(ThreadPoolExecutor.java:624) ~[na:1.8.0_151]
	at java.lang.Thread.run(Thread.java:748) ~[na:1.8.0_151]
2017-11-23 20:11:34,965 WARN  [i.c.c.f.FlagzFieldRegistryUpdater] [] [] [] : Failed to list Fabric flagz.
java.util.concurrent.ExecutionException: io.grpc.StatusRuntimeException: UNKNOWN
	at com.google.common.util.concurrent.AbstractFuture.getDoneValue(AbstractFuture.java:503) ~[fabric__runtime_deploy.jar:na]
	at com.google.common.util.concurrent.AbstractFuture.get(AbstractFuture.java:462) ~[fabric__runtime_deploy.jar:na]
	at improbable.core.config.flagz.FlagzFieldRegistryUpdater.listAndWatch(FlagzFieldRegistryUpdater.java:130) ~[fabric__runtime_deploy.jar:na]
	at improbable.common.async.FabricListeningExecutorService.lambda$instrumentRunnable$0(FabricListeningExecutorService.java:133) ~[fabric__runtime_deploy.jar:na]
	at java.util.concurrent.Executors$RunnableAdapter.call(Executors.java:511) ~[na:1.8.0_151]
	at com.google.common.util.concurrent.TrustedListenableFutureTask$TrustedFutureInterruptibleTask.runInterruptibly(TrustedListenableFutureTask.java:111) ~[fabric__runtime_deploy.jar:na]
	at com.google.common.util.concurrent.InterruptibleTask.run(InterruptibleTask.java:58) ~[fabric__runtime_deploy.jar:na]
	at com.google.common.util.concurrent.TrustedListenableFutureTask.run(TrustedListenableFutureTask.java:75) ~[fabric__runtime_deploy.jar:na]
	at java.util.concurrent.Executors$RunnableAdapter.call(Executors.java:511) ~[na:1.8.0_151]
	at java.util.concurrent.FutureTask.run(FutureTask.java:266) ~[na:1.8.0_151]
	at java.util.concurrent.ScheduledThreadPoolExecutor$ScheduledFutureTask.access$201(ScheduledThreadPoolExecutor.java:180) ~[na:1.8.0_151]
	at java.util.concurrent.ScheduledThreadPoolExecutor$ScheduledFutureTask.run(ScheduledThreadPoolExecutor.java:293) ~[na:1.8.0_151]
	at java.util.concurrent.ThreadPoolExecutor.runWorker(ThreadPoolExecutor.java:1149) ~[na:1.8.0_151]
	at java.util.concurrent.ThreadPoolExecutor$Worker.run(ThreadPoolExecutor.java:624) ~[na:1.8.0_151]
	at java.lang.Thread.run(Thread.java:748) ~[na:1.8.0_151]
Caused by: io.grpc.StatusRuntimeException: UNKNOWN
	at io.grpc.Status.asRuntimeException(Status.java:543) ~[fabric__runtime_deploy.jar:na]
	at io.grpc.stub.ClientCalls$UnaryStreamToFuture.onClose(ClientCalls.java:442) ~[fabric__runtime_deploy.jar:na]
	at io.grpc.ForwardingClientCallListener.onClose(ForwardingClientCallListener.java:56) ~[fabric__runtime_deploy.jar:na]
	at me.dinowernli.grpc.prometheus.MonitoringClientCallListener.onClose(MonitoringClientCallListener.java:50) ~[fabric__runtime_deploy.jar:na]
	at io.grpc.ClientInterceptors$CheckedForwardingClientCall.start(ClientInterceptors.java:202) ~[fabric__runtime_deploy.jar:na]
	at io.grpc.ForwardingClientCall.start(ForwardingClientCall.java:47) ~[fabric__runtime_deploy.jar:na]
	at me.dinowernli.grpc.prometheus.MonitoringClientCall.start(MonitoringClientCall.java:36) ~[fabric__runtime_deploy.jar:na]
	at io.grpc.stub.ClientCalls.startCall(ClientCalls.java:276) ~[fabric__runtime_deploy.jar:na]
	at io.grpc.stub.ClientCalls.asyncUnaryRequestCall(ClientCalls.java:252) ~[fabric__runtime_deploy.jar:na]
	at io.grpc.stub.ClientCalls.futureUnaryCall(ClientCalls.java:186) ~[fabric__runtime_deploy.jar:na]
	at improbable.platform.inner.config.FabricFlagzServiceGrpc$FabricFlagzServiceFutureStub.list(FabricFlagzServiceGrpc.java:243) ~[fabric__runtime_deploy.jar:na]
	at improbable.core.config.flagz.FlagzFieldRegistryUpdater.listAndWatch(FlagzFieldRegistryUpdater.java:129) ~[fabric__runtime_deploy.jar:na]
	... 12 common frames omitted
Caused by: java.lang.RuntimeException: Failed to refresh access token with token endpoint url: http://127.0.0.1:21000/auth/v1/token
	at improbable.core.io.ServiceAccountOAuth2Credentials.refreshAccessToken(ServiceAccountOAuth2Credentials.scala:59) ~[fabric__runtime_deploy.jar:na]
	at com.google.auth.oauth2.OAuth2Credentials.refresh(OAuth2Credentials.java:97) ~[fabric__runtime_deploy.jar:na]
	at com.google.auth.oauth2.OAuth2Credentials.getRequestMetadata(OAuth2Credentials.java:74) ~[fabric__runtime_deploy.jar:na]
	at io.grpc.auth.ClientAuthInterceptor.getRequestMetadata(ClientAuthInterceptor.java:148) ~[fabric__runtime_deploy.jar:na]
	at io.grpc.auth.ClientAuthInterceptor.access$100(ClientAuthInterceptor.java:62) ~[fabric__runtime_deploy.jar:na]
	at io.grpc.auth.ClientAuthInterceptor$1.checkedStart(ClientAuthInterceptor.java:94) ~[fabric__runtime_deploy.jar:na]
	at io.grpc.ClientInterceptors$CheckedForwardingClientCall.start(ClientInterceptors.java:194) ~[fabric__runtime_deploy.jar:na]
	... 19 common frames omitted
Caused by: java.net.ConnectException: Connection refused: connect
	at java.net.DualStackPlainSocketImpl.waitForConnect(Native Method) ~[na:1.8.0_151]
	at java.net.DualStackPlainSocketImpl.socketConnect(DualStackPlainSocketImpl.java:85) ~[na:1.8.0_151]
	at java.net.AbstractPlainSocketImpl.doConnect(AbstractPlainSocketImpl.java:350) ~[na:1.8.0_151]
	at java.net.AbstractPlainSocketImpl.connectToAddress(AbstractPlainSocketImpl.java:206) ~[na:1.8.0_151]
	at java.net.AbstractPlainSocketImpl.connect(AbstractPlainSocketImpl.java:188) ~[na:1.8.0_151]
	at java.net.PlainSocketImpl.connect(PlainSocketImpl.java:172) ~[na:1.8.0_151]
	at java.net.SocksSocketImpl.connect(SocksSocketImpl.java:392) ~[na:1.8.0_151]
	at java.net.Socket.connect(Socket.java:589) ~[na:1.8.0_151]
	at sun.net.NetworkClient.doConnect(NetworkClient.java:175) ~[na:1.8.0_151]
	at sun.net.www.http.HttpClient.openServer(HttpClient.java:463) ~[na:1.8.0_151]
	at sun.net.www.http.HttpClient.openServer(HttpClient.java:558) ~[na:1.8.0_151]
	at sun.net.www.http.HttpClient.<init>(HttpClient.java:242) ~[na:1.8.0_151]
	at sun.net.www.http.HttpClient.New(HttpClient.java:339) ~[na:1.8.0_151]
	at sun.net.www.http.HttpClient.New(HttpClient.java:357) ~[na:1.8.0_151]
	at sun.net.www.protocol.http.HttpURLConnection.getNewHttpClient(HttpURLConnection.java:1220) ~[na:1.8.0_151]
	at sun.net.www.protocol.http.HttpURLConnection.plainConnect0(HttpURLConnection.java:1156) ~[na:1.8.0_151]
	at sun.net.www.protocol.http.HttpURLConnection.plainConnect(HttpURLConnection.java:1050) ~[na:1.8.0_151]
	at sun.net.www.protocol.http.HttpURLConnection.connect(HttpURLConnection.java:984) ~[na:1.8.0_151]
	at sun.net.www.protocol.http.HttpURLConnection.getOutputStream0(HttpURLConnection.java:1334) ~[na:1.8.0_151]
	at sun.net.www.protocol.http.HttpURLConnection.getOutputStream(HttpURLConnection.java:1309) ~[na:1.8.0_151]
	at com.google.api.client.http.javanet.NetHttpRequest.execute(NetHttpRequest.java:77) ~[fabric__runtime_deploy.jar:na]
	at com.google.api.client.http.HttpRequest.execute(HttpRequest.java:972) ~[fabric__runtime_deploy.jar:na]
	at com.google.api.client.auth.oauth2.TokenRequest.executeUnparsed(TokenRequest.java:283) ~[fabric__runtime_deploy.jar:na]
	at com.google.api.client.auth.oauth2.TokenRequest.execute(TokenRequest.java:307) ~[fabric__runtime_deploy.jar:na]
	at improbable.core.io.ServiceAccountOAuth2Credentials.refreshAccessToken(ServiceAccountOAuth2Credentials.scala:48) ~[fabric__runtime_deploy.jar:na]
	... 25 common frames omitted
2017-11-23 20:11:34,969 INFO  [i.c.c.f.FlagzFieldRegistryUpdater] [] [] [] : Exponential backoff of 0 seconds after retry 1 of refreshing Fabric flagz.
2017-11-23 20:11:36,145 ERROR [i.c.i.ServiceAccountOAuth2Credentials] [] [] [] : SpatialOS-internal error: Failed to refresh access token with token endpoint url: http://127.0.0.1:21000/auth/v1/token
java.net.ConnectException: Connection refused: connect
	at java.net.DualStackPlainSocketImpl.waitForConnect(Native Method) ~[na:1.8.0_151]
	at java.net.DualStackPlainSocketImpl.socketConnect(DualStackPlainSocketImpl.java:85) ~[na:1.8.0_151]
	at java.net.AbstractPlainSocketImpl.doConnect(AbstractPlainSocketImpl.java:350) ~[na:1.8.0_151]
	at java.net.AbstractPlainSocketImpl.connectToAddress(AbstractPlainSocketImpl.java:206) ~[na:1.8.0_151]
	at java.net.AbstractPlainSocketImpl.connect(AbstractPlainSocketImpl.java:188) ~[na:1.8.0_151]
	at java.net.PlainSocketImpl.connect(PlainSocketImpl.java:172) ~[na:1.8.0_151]
	at java.net.SocksSocketImpl.connect(SocksSocketImpl.java:392) ~[na:1.8.0_151]
	at java.net.Socket.connect(Socket.java:589) ~[na:1.8.0_151]
	at sun.net.NetworkClient.doConnect(NetworkClient.java:175) ~[na:1.8.0_151]
	at sun.net.www.http.HttpClient.openServer(HttpClient.java:463) ~[na:1.8.0_151]
	at sun.net.www.http.HttpClient.openServer(HttpClient.java:558) ~[na:1.8.0_151]
	at sun.net.www.http.HttpClient.<init>(HttpClient.java:242) ~[na:1.8.0_151]
	at sun.net.www.http.HttpClient.New(HttpClient.java:339) ~[na:1.8.0_151]
	at sun.net.www.http.HttpClient.New(HttpClient.java:357) ~[na:1.8.0_151]
	at sun.net.www.protocol.http.HttpURLConnection.getNewHttpClient(HttpURLConnection.java:1220) ~[na:1.8.0_151]
	at sun.net.www.protocol.http.HttpURLConnection.plainConnect0(HttpURLConnection.java:1156) ~[na:1.8.0_151]
	at sun.net.www.protocol.http.HttpURLConnection.plainConnect(HttpURLConnection.java:1050) ~[na:1.8.0_151]
	at sun.net.www.protocol.http.HttpURLConnection.connect(HttpURLConnection.java:984) ~[na:1.8.0_151]
	at sun.net.www.protocol.http.HttpURLConnection.getOutputStream0(HttpURLConnection.java:1334) ~[na:1.8.0_151]
	at sun.net.www.protocol.http.HttpURLConnection.getOutputStream(HttpURLConnection.java:1309) ~[na:1.8.0_151]
	at com.google.api.client.http.javanet.NetHttpRequest.execute(NetHttpRequest.java:77) ~[fabric__runtime_deploy.jar:na]
	at com.google.api.client.http.HttpRequest.execute(HttpRequest.java:972) ~[fabric__runtime_deploy.jar:na]
	at com.google.api.client.auth.oauth2.TokenRequest.executeUnparsed(TokenRequest.java:283) ~[fabric__runtime_deploy.jar:na]
	at com.google.api.client.auth.oauth2.TokenRequest.execute(TokenRequest.java:307) ~[fabric__runtime_deploy.jar:na]
	at improbable.core.io.ServiceAccountOAuth2Credentials.refreshAccessToken(ServiceAccountOAuth2Credentials.scala:48) ~[fabric__runtime_deploy.jar:na]
	at com.google.auth.oauth2.OAuth2Credentials.refresh(OAuth2Credentials.java:97) [fabric__runtime_deploy.jar:na]
	at com.google.auth.oauth2.OAuth2Credentials.getRequestMetadata(OAuth2Credentials.java:74) [fabric__runtime_deploy.jar:na]
	at io.grpc.auth.ClientAuthInterceptor.getRequestMetadata(ClientAuthInterceptor.java:148) [fabric__runtime_deploy.jar:na]
	at io.grpc.auth.ClientAuthInterceptor.access$100(ClientAuthInterceptor.java:62) [fabric__runtime_deploy.jar:na]
	at io.grpc.auth.ClientAuthInterceptor$1.checkedStart(ClientAuthInterceptor.java:94) [fabric__runtime_deploy.jar:na]
	at io.grpc.ClientInterceptors$CheckedForwardingClientCall.start(ClientInterceptors.java:194) [fabric__runtime_deploy.jar:na]
	at io.grpc.ForwardingClientCall.start(ForwardingClientCall.java:47) [fabric__runtime_deploy.jar:na]
	at me.dinowernli.grpc.prometheus.MonitoringClientCall.start(MonitoringClientCall.java:36) [fabric__runtime_deploy.jar:na]
	at io.grpc.stub.ClientCalls.startCall(ClientCalls.java:276) [fabric__runtime_deploy.jar:na]
	at io.grpc.stub.ClientCalls.asyncUnaryRequestCall(ClientCalls.java:252) [fabric__runtime_deploy.jar:na]
	at io.grpc.stub.ClientCalls.futureUnaryCall(ClientCalls.java:186) [fabric__runtime_deploy.jar:na]
	at improbable.platform.inner.config.FabricFlagzServiceGrpc$FabricFlagzServiceFutureStub.list(FabricFlagzServiceGrpc.java:243) [fabric__runtime_deploy.jar:na]
	at improbable.core.config.flagz.FlagzFieldRegistryUpdater.listAndWatch(FlagzFieldRegistryUpdater.java:129) [fabric__runtime_deploy.jar:na]
	at improbable.common.async.FabricListeningExecutorService.lambda$instrumentRunnable$0(FabricListeningExecutorService.java:133) ~[fabric__runtime_deploy.jar:na]
	at java.util.concurrent.Executors$RunnableAdapter.call(Executors.java:511) ~[na:1.8.0_151]
	at com.google.common.util.concurrent.TrustedListenableFutureTask$TrustedFutureInterruptibleTask.runInterruptibly(TrustedListenableFutureTask.java:111) ~[fabric__runtime_deploy.jar:na]
	at com.google.common.util.concurrent.InterruptibleTask.run(InterruptibleTask.java:58) ~[fabric__runtime_deploy.jar:na]
	at com.google.common.util.concurrent.TrustedListenableFutureTask.run(TrustedListenableFutureTask.java:75) ~[fabric__runtime_deploy.jar:na]
	at java.util.concurrent.Executors$RunnableAdapter.call(Executors.java:511) ~[na:1.8.0_151]
	at java.util.concurrent.FutureTask.run(FutureTask.java:266) ~[na:1.8.0_151]
	at java.util.concurrent.ScheduledThreadPoolExecutor$ScheduledFutureTask.access$201(ScheduledThreadPoolExecutor.java:180) ~[na:1.8.0_151]
	at java.util.concurrent.ScheduledThreadPoolExecutor$ScheduledFutureTask.run(ScheduledThreadPoolExecutor.java:293) ~[na:1.8.0_151]
	at java.util.concurrent.ThreadPoolExecutor.runWorker(ThreadPoolExecutor.java:1149) ~[na:1.8.0_151]
	at java.util.concurrent.ThreadPoolExecutor$Worker.run(ThreadPoolExecutor.java:624) ~[na:1.8.0_151]
	at java.lang.Thread.run(Thread.java:748) ~[na:1.8.0_151]
2017-11-23 20:11:36,147 WARN  [i.c.c.f.FlagzFieldRegistryUpdater] [] [] [] : Failed to list Fabric flagz.
java.util.concurrent.ExecutionException: io.grpc.StatusRuntimeException: UNKNOWN
	at com.google.common.util.concurrent.AbstractFuture.getDoneValue(AbstractFuture.java:503) ~[fabric__runtime_deploy.jar:na]
	at com.google.common.util.concurrent.AbstractFuture.get(AbstractFuture.java:462) ~[fabric__runtime_deploy.jar:na]
	at improbable.core.config.flagz.FlagzFieldRegistryUpdater.listAndWatch(FlagzFieldRegistryUpdater.java:130) ~[fabric__runtime_deploy.jar:na]
	at improbable.common.async.FabricListeningExecutorService.lambda$instrumentRunnable$0(FabricListeningExecutorService.java:133) ~[fabric__runtime_deploy.jar:na]
	at java.util.concurrent.Executors$RunnableAdapter.call(Executors.java:511) ~[na:1.8.0_151]
	at com.google.common.util.concurrent.TrustedListenableFutureTask$TrustedFutureInterruptibleTask.runInterruptibly(TrustedListenableFutureTask.java:111) ~[fabric__runtime_deploy.jar:na]
	at com.google.common.util.concurrent.InterruptibleTask.run(InterruptibleTask.java:58) ~[fabric__runtime_deploy.jar:na]
	at com.google.common.util.concurrent.TrustedListenableFutureTask.run(TrustedListenableFutureTask.java:75) ~[fabric__runtime_deploy.jar:na]
	at java.util.concurrent.Executors$RunnableAdapter.call(Executors.java:511) ~[na:1.8.0_151]
	at java.util.concurrent.FutureTask.run(FutureTask.java:266) ~[na:1.8.0_151]
	at java.util.concurrent.ScheduledThreadPoolExecutor$ScheduledFutureTask.access$201(ScheduledThreadPoolExecutor.java:180) ~[na:1.8.0_151]
	at java.util.concurrent.ScheduledThreadPoolExecutor$ScheduledFutureTask.run(ScheduledThreadPoolExecutor.java:293) ~[na:1.8.0_151]
	at java.util.concurrent.ThreadPoolExecutor.runWorker(ThreadPoolExecutor.java:1149) ~[na:1.8.0_151]
	at java.util.concurrent.ThreadPoolExecutor$Worker.run(ThreadPoolExecutor.java:624) ~[na:1.8.0_151]
	at java.lang.Thread.run(Thread.java:748) ~[na:1.8.0_151]
Caused by: io.grpc.StatusRuntimeException: UNKNOWN
	at io.grpc.Status.asRuntimeException(Status.java:543) ~[fabric__runtime_deploy.jar:na]
	at io.grpc.stub.ClientCalls$UnaryStreamToFuture.onClose(ClientCalls.java:442) ~[fabric__runtime_deploy.jar:na]
	at io.grpc.ForwardingClientCallListener.onClose(ForwardingClientCallListener.java:56) ~[fabric__runtime_deploy.jar:na]
	at me.dinowernli.grpc.prometheus.MonitoringClientCallListener.onClose(MonitoringClientCallListener.java:50) ~[fabric__runtime_deploy.jar:na]
	at io.grpc.ClientInterceptors$CheckedForwardingClientCall.start(ClientInterceptors.java:202) ~[fabric__runtime_deploy.jar:na]
	at io.grpc.ForwardingClientCall.start(ForwardingClientCall.java:47) ~[fabric__runtime_deploy.jar:na]
	at me.dinowernli.grpc.prometheus.MonitoringClientCall.start(MonitoringClientCall.java:36) ~[fabric__runtime_deploy.jar:na]
	at io.grpc.stub.ClientCalls.startCall(ClientCalls.java:276) ~[fabric__runtime_deploy.jar:na]
	at io.grpc.stub.ClientCalls.asyncUnaryRequestCall(ClientCalls.java:252) ~[fabric__runtime_deploy.jar:na]
	at io.grpc.stub.ClientCalls.futureUnaryCall(ClientCalls.java:186) ~[fabric__runtime_deploy.jar:na]
	at improbable.platform.inner.config.FabricFlagzServiceGrpc$FabricFlagzServiceFutureStub.list(FabricFlagzServiceGrpc.java:243) ~[fabric__runtime_deploy.jar:na]
	at improbable.core.config.flagz.FlagzFieldRegistryUpdater.listAndWatch(FlagzFieldRegistryUpdater.java:129) ~[fabric__runtime_deploy.jar:na]
	... 12 common frames omitted
Caused by: java.lang.RuntimeException: Failed to refresh access token with token endpoint url: http://127.0.0.1:21000/auth/v1/token
	at improbable.core.io.ServiceAccountOAuth2Credentials.refreshAccessToken(ServiceAccountOAuth2Credentials.scala:59) ~[fabric__runtime_deploy.jar:na]
	at com.google.auth.oauth2.OAuth2Credentials.refresh(OAuth2Credentials.java:97) ~[fabric__runtime_deploy.jar:na]
	at com.google.auth.oauth2.OAuth2Credentials.getRequestMetadata(OAuth2Credentials.java:74) ~[fabric__runtime_deploy.jar:na]
	at io.grpc.auth.ClientAuthInterceptor.getRequestMetadata(ClientAuthInterceptor.java:148) ~[fabric__runtime_deploy.jar:na]
	at io.grpc.auth.ClientAuthInterceptor.access$100(ClientAuthInterceptor.java:62) ~[fabric__runtime_deploy.jar:na]
	at io.grpc.auth.ClientAuthInterceptor$1.checkedStart(ClientAuthInterceptor.java:94) ~[fabric__runtime_deploy.jar:na]
	at io.grpc.ClientInterceptors$CheckedForwardingClientCall.start(ClientInterceptors.java:194) ~[fabric__runtime_deploy.jar:na]
	... 19 common frames omitted
Caused by: java.net.ConnectException: Connection refused: connect
	at java.net.DualStackPlainSocketImpl.waitForConnect(Native Method) ~[na:1.8.0_151]
	at java.net.DualStackPlainSocketImpl.socketConnect(DualStackPlainSocketImpl.java:85) ~[na:1.8.0_151]
	at java.net.AbstractPlainSocketImpl.doConnect(AbstractPlainSocketImpl.java:350) ~[na:1.8.0_151]
	at java.net.AbstractPlainSocketImpl.connectToAddress(AbstractPlainSocketImpl.java:206) ~[na:1.8.0_151]
	at java.net.AbstractPlainSocketImpl.connect(AbstractPlainSocketImpl.java:188) ~[na:1.8.0_151]
	at java.net.PlainSocketImpl.connect(PlainSocketImpl.java:172) ~[na:1.8.0_151]
	at java.net.SocksSocketImpl.connect(SocksSocketImpl.java:392) ~[na:1.8.0_151]
	at java.net.Socket.connect(Socket.java:589) ~[na:1.8.0_151]
	at sun.net.NetworkClient.doConnect(NetworkClient.java:175) ~[na:1.8.0_151]
	at sun.net.www.http.HttpClient.openServer(HttpClient.java:463) ~[na:1.8.0_151]
	at sun.net.www.http.HttpClient.openServer(HttpClient.java:558) ~[na:1.8.0_151]
	at sun.net.www.http.HttpClient.<init>(HttpClient.java:242) ~[na:1.8.0_151]
	at sun.net.www.http.HttpClient.New(HttpClient.java:339) ~[na:1.8.0_151]
	at sun.net.www.http.HttpClient.New(HttpClient.java:357) ~[na:1.8.0_151]
	at sun.net.www.protocol.http.HttpURLConnection.getNewHttpClient(HttpURLConnection.java:1220) ~[na:1.8.0_151]
	at sun.net.www.protocol.http.HttpURLConnection.plainConnect0(HttpURLConnection.java:1156) ~[na:1.8.0_151]
	at sun.net.www.protocol.http.HttpURLConnection.plainConnect(HttpURLConnection.java:1050) ~[na:1.8.0_151]
	at sun.net.www.protocol.http.HttpURLConnection.connect(HttpURLConnection.java:984) ~[na:1.8.0_151]
	at sun.net.www.protocol.http.HttpURLConnection.getOutputStream0(HttpURLConnection.java:1334) ~[na:1.8.0_151]
	at sun.net.www.protocol.http.HttpURLConnection.getOutputStream(HttpURLConnection.java:1309) ~[na:1.8.0_151]
	at com.google.api.client.http.javanet.NetHttpRequest.execute(NetHttpRequest.java:77) ~[fabric__runtime_deploy.jar:na]
	at com.google.api.client.http.HttpRequest.execute(HttpRequest.java:972) ~[fabric__runtime_deploy.jar:na]
	at com.google.api.client.auth.oauth2.TokenRequest.executeUnparsed(TokenRequest.java:283) ~[fabric__runtime_deploy.jar:na]
	at com.google.api.client.auth.oauth2.TokenRequest.execute(TokenRequest.java:307) ~[fabric__runtime_deploy.jar:na]
	at improbable.core.io.ServiceAccountOAuth2Credentials.refreshAccessToken(ServiceAccountOAuth2Credentials.scala:48) ~[fabric__runtime_deploy.jar:na]
	... 25 common frames omitted
2017-11-23 20:11:36,147 INFO  [i.c.c.f.FlagzFieldRegistryUpdater] [] [] [] : Exponential backoff of 1 seconds after retry 2 of refreshing Fabric flagz.
2017-11-23 20:11:38,152 ERROR [i.c.i.ServiceAccountOAuth2Credentials] [] [] [] : SpatialOS-internal error: Failed to refresh access token with token endpoint url: http://127.0.0.1:21000/auth/v1/token
java.net.ConnectException: Connection refused: connect
	at java.net.DualStackPlainSocketImpl.waitForConnect(Native Method) ~[na:1.8.0_151]
	at java.net.DualStackPlainSocketImpl.socketConnect(DualStackPlainSocketImpl.java:85) ~[na:1.8.0_151]
	at java.net.AbstractPlainSocketImpl.doConnect(AbstractPlainSocketImpl.java:350) ~[na:1.8.0_151]
	at java.net.AbstractPlainSocketImpl.connectToAddress(AbstractPlainSocketImpl.java:206) ~[na:1.8.0_151]
	at java.net.AbstractPlainSocketImpl.connect(AbstractPlainSocketImpl.java:188) ~[na:1.8.0_151]
	at java.net.PlainSocketImpl.connect(PlainSocketImpl.java:172) ~[na:1.8.0_151]
	at java.net.SocksSocketImpl.connect(SocksSocketImpl.java:392) ~[na:1.8.0_151]
	at java.net.Socket.connect(Socket.java:589) ~[na:1.8.0_151]
	at sun.net.NetworkClient.doConnect(NetworkClient.java:175) ~[na:1.8.0_151]
	at sun.net.www.http.HttpClient.openServer(HttpClient.java:463) ~[na:1.8.0_151]
	at sun.net.www.http.HttpClient.openServer(HttpClient.java:558) ~[na:1.8.0_151]
	at sun.net.www.http.HttpClient.<init>(HttpClient.java:242) ~[na:1.8.0_151]
	at sun.net.www.http.HttpClient.New(HttpClient.java:339) ~[na:1.8.0_151]
	at sun.net.www.http.HttpClient.New(HttpClient.java:357) ~[na:1.8.0_151]
	at sun.net.www.protocol.http.HttpURLConnection.getNewHttpClient(HttpURLConnection.java:1220) ~[na:1.8.0_151]
	at sun.net.www.protocol.http.HttpURLConnection.plainConnect0(HttpURLConnection.java:1156) ~[na:1.8.0_151]
	at sun.net.www.protocol.http.HttpURLConnection.plainConnect(HttpURLConnection.java:1050) ~[na:1.8.0_151]
	at sun.net.www.protocol.http.HttpURLConnection.connect(HttpURLConnection.java:984) ~[na:1.8.0_151]
	at sun.net.www.protocol.http.HttpURLConnection.getOutputStream0(HttpURLConnection.java:1334) ~[na:1.8.0_151]
	at sun.net.www.protocol.http.HttpURLConnection.getOutputStream(HttpURLConnection.java:1309) ~[na:1.8.0_151]
	at com.google.api.client.http.javanet.NetHttpRequest.execute(NetHttpRequest.java:77) ~[fabric__runtime_deploy.jar:na]
	at com.google.api.client.http.HttpRequest.execute(HttpRequest.java:972) ~[fabric__runtime_deploy.jar:na]
	at com.google.api.client.auth.oauth2.TokenRequest.executeUnparsed(TokenRequest.java:283) ~[fabric__runtime_deploy.jar:na]
	at com.google.api.client.auth.oauth2.TokenRequest.execute(TokenRequest.java:307) ~[fabric__runtime_deploy.jar:na]
	at improbable.core.io.ServiceAccountOAuth2Credentials.refreshAccessToken(ServiceAccountOAuth2Credentials.scala:48) ~[fabric__runtime_deploy.jar:na]
	at com.google.auth.oauth2.OAuth2Credentials.refresh(OAuth2Credentials.java:97) [fabric__runtime_deploy.jar:na]
	at com.google.auth.oauth2.OAuth2Credentials.getRequestMetadata(OAuth2Credentials.java:74) [fabric__runtime_deploy.jar:na]
	at io.grpc.auth.ClientAuthInterceptor.getRequestMetadata(ClientAuthInterceptor.java:148) [fabric__runtime_deploy.jar:na]
	at io.grpc.auth.ClientAuthInterceptor.access$100(ClientAuthInterceptor.java:62) [fabric__runtime_deploy.jar:na]
	at io.grpc.auth.ClientAuthInterceptor$1.checkedStart(ClientAuthInterceptor.java:94) [fabric__runtime_deploy.jar:na]
	at io.grpc.ClientInterceptors$CheckedForwardingClientCall.start(ClientInterceptors.java:194) [fabric__runtime_deploy.jar:na]
	at io.grpc.ForwardingClientCall.start(ForwardingClientCall.java:47) [fabric__runtime_deploy.jar:na]
	at me.dinowernli.grpc.prometheus.MonitoringClientCall.start(MonitoringClientCall.java:36) [fabric__runtime_deploy.jar:na]
	at io.grpc.stub.ClientCalls.startCall(ClientCalls.java:276) [fabric__runtime_deploy.jar:na]
	at io.grpc.stub.ClientCalls.asyncUnaryRequestCall(ClientCalls.java:252) [fabric__runtime_deploy.jar:na]
	at io.grpc.stub.ClientCalls.futureUnaryCall(ClientCalls.java:186) [fabric__runtime_deploy.jar:na]
	at improbable.platform.inner.config.FabricFlagzServiceGrpc$FabricFlagzServiceFutureStub.list(FabricFlagzServiceGrpc.java:243) [fabric__runtime_deploy.jar:na]
	at improbable.core.config.flagz.FlagzFieldRegistryUpdater.listAndWatch(FlagzFieldRegistryUpdater.java:129) [fabric__runtime_deploy.jar:na]
	at improbable.common.async.FabricListeningExecutorService.lambda$instrumentRunnable$0(FabricListeningExecutorService.java:133) ~[fabric__runtime_deploy.jar:na]
	at java.util.concurrent.Executors$RunnableAdapter.call(Executors.java:511) ~[na:1.8.0_151]
	at com.google.common.util.concurrent.TrustedListenableFutureTask$TrustedFutureInterruptibleTask.runInterruptibly(TrustedListenableFutureTask.java:111) ~[fabric__runtime_deploy.jar:na]
	at com.google.common.util.concurrent.InterruptibleTask.run(InterruptibleTask.java:58) ~[fabric__runtime_deploy.jar:na]
	at com.google.common.util.concurrent.TrustedListenableFutureTask.run(TrustedListenableFutureTask.java:75) ~[fabric__runtime_deploy.jar:na]
	at java.util.concurrent.Executors$RunnableAdapter.call(Executors.java:511) ~[na:1.8.0_151]
	at java.util.concurrent.FutureTask.run(FutureTask.java:266) ~[na:1.8.0_151]
	at java.util.concurrent.ScheduledThreadPoolExecutor$ScheduledFutureTask.access$201(ScheduledThreadPoolExecutor.java:180) ~[na:1.8.0_151]
	at java.util.concurrent.ScheduledThreadPoolExecutor$ScheduledFutureTask.run(ScheduledThreadPoolExecutor.java:293) ~[na:1.8.0_151]
	at java.util.concurrent.ThreadPoolExecutor.runWorker(ThreadPoolExecutor.java:1149) ~[na:1.8.0_151]
	at java.util.concurrent.ThreadPoolExecutor$Worker.run(ThreadPoolExecutor.java:624) ~[na:1.8.0_151]
	at java.lang.Thread.run(Thread.java:748) ~[na:1.8.0_151]
2017-11-23 20:11:38,154 WARN  [i.c.c.f.FlagzFieldRegistryUpdater] [] [] [] : Failed to list Fabric flagz.
java.util.concurrent.ExecutionException: io.grpc.StatusRuntimeException: UNKNOWN
	at com.google.common.util.concurrent.AbstractFuture.getDoneValue(AbstractFuture.java:503) ~[fabric__runtime_deploy.jar:na]
	at com.google.common.util.concurrent.AbstractFuture.get(AbstractFuture.java:462) ~[fabric__runtime_deploy.jar:na]
	at improbable.core.config.flagz.FlagzFieldRegistryUpdater.listAndWatch(FlagzFieldRegistryUpdater.java:130) ~[fabric__runtime_deploy.jar:na]
	at improbable.common.async.FabricListeningExecutorService.lambda$instrumentRunnable$0(FabricListeningExecutorService.java:133) ~[fabric__runtime_deploy.jar:na]
	at java.util.concurrent.Executors$RunnableAdapter.call(Executors.java:511) ~[na:1.8.0_151]
	at com.google.common.util.concurrent.TrustedListenableFutureTask$TrustedFutureInterruptibleTask.runInterruptibly(TrustedListenableFutureTask.java:111) ~[fabric__runtime_deploy.jar:na]
	at com.google.common.util.concurrent.InterruptibleTask.run(InterruptibleTask.java:58) ~[fabric__runtime_deploy.jar:na]
	at com.google.common.util.concurrent.TrustedListenableFutureTask.run(TrustedListenableFutureTask.java:75) ~[fabric__runtime_deploy.jar:na]
	at java.util.concurrent.Executors$RunnableAdapter.call(Executors.java:511) ~[na:1.8.0_151]
	at java.util.concurrent.FutureTask.run(FutureTask.java:266) ~[na:1.8.0_151]
	at java.util.concurrent.ScheduledThreadPoolExecutor$ScheduledFutureTask.access$201(ScheduledThreadPoolExecutor.java:180) ~[na:1.8.0_151]
	at java.util.concurrent.ScheduledThreadPoolExecutor$ScheduledFutureTask.run(ScheduledThreadPoolExecutor.java:293) ~[na:1.8.0_151]
	at java.util.concurrent.ThreadPoolExecutor.runWorker(ThreadPoolExecutor.java:1149) ~[na:1.8.0_151]
	at java.util.concurrent.ThreadPoolExecutor$Worker.run(ThreadPoolExecutor.java:624) ~[na:1.8.0_151]
	at java.lang.Thread.run(Thread.java:748) ~[na:1.8.0_151]
Caused by: io.grpc.StatusRuntimeException: UNKNOWN
	at io.grpc.Status.asRuntimeException(Status.java:543) ~[fabric__runtime_deploy.jar:na]
	at io.grpc.stub.ClientCalls$UnaryStreamToFuture.onClose(ClientCalls.java:442) ~[fabric__runtime_deploy.jar:na]
	at io.grpc.ForwardingClientCallListener.onClose(ForwardingClientCallListener.java:56) ~[fabric__runtime_deploy.jar:na]
	at me.dinowernli.grpc.prometheus.MonitoringClientCallListener.onClose(MonitoringClientCallListener.java:50) ~[fabric__runtime_deploy.jar:na]
	at io.grpc.ClientInterceptors$CheckedForwardingClientCall.start(ClientInterceptors.java:202) ~[fabric__runtime_deploy.jar:na]
	at io.grpc.ForwardingClientCall.start(ForwardingClientCall.java:47) ~[fabric__runtime_deploy.jar:na]
	at me.dinowernli.grpc.prometheus.MonitoringClientCall.start(MonitoringClientCall.java:36) ~[fabric__runtime_deploy.jar:na]
	at io.grpc.stub.ClientCalls.startCall(ClientCalls.java:276) ~[fabric__runtime_deploy.jar:na]
	at io.grpc.stub.ClientCalls.asyncUnaryRequestCall(ClientCalls.java:252) ~[fabric__runtime_deploy.jar:na]
	at io.grpc.stub.ClientCalls.futureUnaryCall(ClientCalls.java:186) ~[fabric__runtime_deploy.jar:na]
	at improbable.platform.inner.config.FabricFlagzServiceGrpc$FabricFlagzServiceFutureStub.list(FabricFlagzServiceGrpc.java:243) ~[fabric__runtime_deploy.jar:na]
	at improbable.core.config.flagz.FlagzFieldRegistryUpdater.listAndWatch(FlagzFieldRegistryUpdater.java:129) ~[fabric__runtime_deploy.jar:na]
	... 12 common frames omitted
Caused by: java.lang.RuntimeException: Failed to refresh access token with token endpoint url: http://127.0.0.1:21000/auth/v1/token
	at improbable.core.io.ServiceAccountOAuth2Credentials.refreshAccessToken(ServiceAccountOAuth2Credentials.scala:59) ~[fabric__runtime_deploy.jar:na]
	at com.google.auth.oauth2.OAuth2Credentials.refresh(OAuth2Credentials.java:97) ~[fabric__runtime_deploy.jar:na]
	at com.google.auth.oauth2.OAuth2Credentials.getRequestMetadata(OAuth2Credentials.java:74) ~[fabric__runtime_deploy.jar:na]
	at io.grpc.auth.ClientAuthInterceptor.getRequestMetadata(ClientAuthInterceptor.java:148) ~[fabric__runtime_deploy.jar:na]
	at io.grpc.auth.ClientAuthInterceptor.access$100(ClientAuthInterceptor.java:62) ~[fabric__runtime_deploy.jar:na]
	at io.grpc.auth.ClientAuthInterceptor$1.checkedStart(ClientAuthInterceptor.java:94) ~[fabric__runtime_deploy.jar:na]
	at io.grpc.ClientInterceptors$CheckedForwardingClientCall.start(ClientInterceptors.java:194) ~[fabric__runtime_deploy.jar:na]
	... 19 common frames omitted
Caused by: java.net.ConnectException: Connection refused: connect
	at java.net.DualStackPlainSocketImpl.waitForConnect(Native Method) ~[na:1.8.0_151]
	at java.net.DualStackPlainSocketImpl.socketConnect(DualStackPlainSocketImpl.java:85) ~[na:1.8.0_151]
	at java.net.AbstractPlainSocketImpl.doConnect(AbstractPlainSocketImpl.java:350) ~[na:1.8.0_151]
	at java.net.AbstractPlainSocketImpl.connectToAddress(AbstractPlainSocketImpl.java:206) ~[na:1.8.0_151]
	at java.net.AbstractPlainSocketImpl.connect(AbstractPlainSocketImpl.java:188) ~[na:1.8.0_151]
	at java.net.PlainSocketImpl.connect(PlainSocketImpl.java:172) ~[na:1.8.0_151]
	at java.net.SocksSocketImpl.connect(SocksSocketImpl.java:392) ~[na:1.8.0_151]
	at java.net.Socket.connect(Socket.java:589) ~[na:1.8.0_151]
	at sun.net.NetworkClient.doConnect(NetworkClient.java:175) ~[na:1.8.0_151]
	at sun.net.www.http.HttpClient.openServer(HttpClient.java:463) ~[na:1.8.0_151]
	at sun.net.www.http.HttpClient.openServer(HttpClient.java:558) ~[na:1.8.0_151]
	at sun.net.www.http.HttpClient.<init>(HttpClient.java:242) ~[na:1.8.0_151]
	at sun.net.www.http.HttpClient.New(HttpClient.java:339) ~[na:1.8.0_151]
	at sun.net.www.http.HttpClient.New(HttpClient.java:357) ~[na:1.8.0_151]
	at sun.net.www.protocol.http.HttpURLConnection.getNewHttpClient(HttpURLConnection.java:1220) ~[na:1.8.0_151]
	at sun.net.www.protocol.http.HttpURLConnection.plainConnect0(HttpURLConnection.java:1156) ~[na:1.8.0_151]
	at sun.net.www.protocol.http.HttpURLConnection.plainConnect(HttpURLConnection.java:1050) ~[na:1.8.0_151]
	at sun.net.www.protocol.http.HttpURLConnection.connect(HttpURLConnection.java:984) ~[na:1.8.0_151]
	at sun.net.www.protocol.http.HttpURLConnection.getOutputStream0(HttpURLConnection.java:1334) ~[na:1.8.0_151]
	at sun.net.www.protocol.http.HttpURLConnection.getOutputStream(HttpURLConnection.java:1309) ~[na:1.8.0_151]
	at com.google.api.client.http.javanet.NetHttpRequest.execute(NetHttpRequest.java:77) ~[fabric__runtime_deploy.jar:na]
	at com.google.api.client.http.HttpRequest.execute(HttpRequest.java:972) ~[fabric__runtime_deploy.jar:na]
	at com.google.api.client.auth.oauth2.TokenRequest.executeUnparsed(TokenRequest.java:283) ~[fabric__runtime_deploy.jar:na]
	at com.google.api.client.auth.oauth2.TokenRequest.execute(TokenRequest.java:307) ~[fabric__runtime_deploy.jar:na]
	at improbable.core.io.ServiceAccountOAuth2Credentials.refreshAccessToken(ServiceAccountOAuth2Credentials.scala:48) ~[fabric__runtime_deploy.jar:na]
	... 25 common frames omitted
2017-11-23 20:11:38,157 INFO  [i.c.c.f.FlagzFieldRegistryUpdater] [] [] [] : Exponential backoff of 3 seconds after retry 3 of refreshing Fabric flagz.
2017-11-23 20:11:42,162 ERROR [i.c.i.ServiceAccountOAuth2Credentials] [] [] [] : SpatialOS-internal error: Failed to refresh access token with token endpoint url: http://127.0.0.1:21000/auth/v1/token
java.net.ConnectException: Connection refused: connect
	at java.net.DualStackPlainSocketImpl.waitForConnect(Native Method) ~[na:1.8.0_151]
	at java.net.DualStackPlainSocketImpl.socketConnect(DualStackPlainSocketImpl.java:85) ~[na:1.8.0_151]
	at java.net.AbstractPlainSocketImpl.doConnect(AbstractPlainSocketImpl.java:350) ~[na:1.8.0_151]
	at java.net.AbstractPlainSocketImpl.connectToAddress(AbstractPlainSocketImpl.java:206) ~[na:1.8.0_151]
	at java.net.AbstractPlainSocketImpl.connect(AbstractPlainSocketImpl.java:188) ~[na:1.8.0_151]
	at java.net.PlainSocketImpl.connect(PlainSocketImpl.java:172) ~[na:1.8.0_151]
	at java.net.SocksSocketImpl.connect(SocksSocketImpl.java:392) ~[na:1.8.0_151]
	at java.net.Socket.connect(Socket.java:589) ~[na:1.8.0_151]
	at sun.net.NetworkClient.doConnect(NetworkClient.java:175) ~[na:1.8.0_151]
	at sun.net.www.http.HttpClient.openServer(HttpClient.java:463) ~[na:1.8.0_151]
	at sun.net.www.http.HttpClient.openServer(HttpClient.java:558) ~[na:1.8.0_151]
	at sun.net.www.http.HttpClient.<init>(HttpClient.java:242) ~[na:1.8.0_151]
	at sun.net.www.http.HttpClient.New(HttpClient.java:339) ~[na:1.8.0_151]
	at sun.net.www.http.HttpClient.New(HttpClient.java:357) ~[na:1.8.0_151]
	at sun.net.www.protocol.http.HttpURLConnection.getNewHttpClient(HttpURLConnection.java:1220) ~[na:1.8.0_151]
	at sun.net.www.protocol.http.HttpURLConnection.plainConnect0(HttpURLConnection.java:1156) ~[na:1.8.0_151]
	at sun.net.www.protocol.http.HttpURLConnection.plainConnect(HttpURLConnection.java:1050) ~[na:1.8.0_151]
	at sun.net.www.protocol.http.HttpURLConnection.connect(HttpURLConnection.java:984) ~[na:1.8.0_151]
	at sun.net.www.protocol.http.HttpURLConnection.getOutputStream0(HttpURLConnection.java:1334) ~[na:1.8.0_151]
	at sun.net.www.protocol.http.HttpURLConnection.getOutputStream(HttpURLConnection.java:1309) ~[na:1.8.0_151]
	at com.google.api.client.http.javanet.NetHttpRequest.execute(NetHttpRequest.java:77) ~[fabric__runtime_deploy.jar:na]
	at com.google.api.client.http.HttpRequest.execute(HttpRequest.java:972) ~[fabric__runtime_deploy.jar:na]
	at com.google.api.client.auth.oauth2.TokenRequest.executeUnparsed(TokenRequest.java:283) ~[fabric__runtime_deploy.jar:na]
	at com.google.api.client.auth.oauth2.TokenRequest.execute(TokenRequest.java:307) ~[fabric__runtime_deploy.jar:na]
	at improbable.core.io.ServiceAccountOAuth2Credentials.refreshAccessToken(ServiceAccountOAuth2Credentials.scala:48) ~[fabric__runtime_deploy.jar:na]
	at com.google.auth.oauth2.OAuth2Credentials.refresh(OAuth2Credentials.java:97) [fabric__runtime_deploy.jar:na]
	at com.google.auth.oauth2.OAuth2Credentials.getRequestMetadata(OAuth2Credentials.java:74) [fabric__runtime_deploy.jar:na]
	at io.grpc.auth.ClientAuthInterceptor.getRequestMetadata(ClientAuthInterceptor.java:148) [fabric__runtime_deploy.jar:na]
	at io.grpc.auth.ClientAuthInterceptor.access$100(ClientAuthInterceptor.java:62) [fabric__runtime_deploy.jar:na]
	at io.grpc.auth.ClientAuthInterceptor$1.checkedStart(ClientAuthInterceptor.java:94) [fabric__runtime_deploy.jar:na]
	at io.grpc.ClientInterceptors$CheckedForwardingClientCall.start(ClientInterceptors.java:194) [fabric__runtime_deploy.jar:na]
	at io.grpc.ForwardingClientCall.start(ForwardingClientCall.java:47) [fabric__runtime_deploy.jar:na]
	at me.dinowernli.grpc.prometheus.MonitoringClientCall.start(MonitoringClientCall.java:36) [fabric__runtime_deploy.jar:na]
	at io.grpc.stub.ClientCalls.startCall(ClientCalls.java:276) [fabric__runtime_deploy.jar:na]
	at io.grpc.stub.ClientCalls.asyncUnaryRequestCall(ClientCalls.java:252) [fabric__runtime_deploy.jar:na]
	at io.grpc.stub.ClientCalls.futureUnaryCall(ClientCalls.java:186) [fabric__runtime_deploy.jar:na]
	at improbable.platform.inner.config.FabricFlagzServiceGrpc$FabricFlagzServiceFutureStub.list(FabricFlagzServiceGrpc.java:243) [fabric__runtime_deploy.jar:na]
	at improbable.core.config.flagz.FlagzFieldRegistryUpdater.listAndWatch(FlagzFieldRegistryUpdater.java:129) [fabric__runtime_deploy.jar:na]
	at improbable.common.async.FabricListeningExecutorService.lambda$instrumentRunnable$0(FabricListeningExecutorService.java:133) ~[fabric__runtime_deploy.jar:na]
	at java.util.concurrent.Executors$RunnableAdapter.call(Executors.java:511) ~[na:1.8.0_151]
	at com.google.common.util.concurrent.TrustedListenableFutureTask$TrustedFutureInterruptibleTask.runInterruptibly(TrustedListenableFutureTask.java:111) ~[fabric__runtime_deploy.jar:na]
	at com.google.common.util.concurrent.InterruptibleTask.run(InterruptibleTask.java:58) ~[fabric__runtime_deploy.jar:na]
	at com.google.common.util.concurrent.TrustedListenableFutureTask.run(TrustedListenableFutureTask.java:75) ~[fabric__runtime_deploy.jar:na]
	at java.util.concurrent.Executors$RunnableAdapter.call(Executors.java:511) ~[na:1.8.0_151]
	at java.util.concurrent.FutureTask.run(FutureTask.java:266) ~[na:1.8.0_151]
	at java.util.concurrent.ScheduledThreadPoolExecutor$ScheduledFutureTask.access$201(ScheduledThreadPoolExecutor.java:180) ~[na:1.8.0_151]
	at java.util.concurrent.ScheduledThreadPoolExecutor$ScheduledFutureTask.run(ScheduledThreadPoolExecutor.java:293) ~[na:1.8.0_151]
	at java.util.concurrent.ThreadPoolExecutor.runWorker(ThreadPoolExecutor.java:1149) ~[na:1.8.0_151]
	at java.util.concurrent.ThreadPoolExecutor$Worker.run(ThreadPoolExecutor.java:624) ~[na:1.8.0_151]
	at java.lang.Thread.run(Thread.java:748) ~[na:1.8.0_151]
2017-11-23 20:11:42,164 WARN  [i.c.c.f.FlagzFieldRegistryUpdater] [] [] [] : Failed to list Fabric flagz.
java.util.concurrent.ExecutionException: io.grpc.StatusRuntimeException: UNKNOWN
	at com.google.common.util.concurrent.AbstractFuture.getDoneValue(AbstractFuture.java:503) ~[fabric__runtime_deploy.jar:na]
	at com.google.common.util.concurrent.AbstractFuture.get(AbstractFuture.java:462) ~[fabric__runtime_deploy.jar:na]
	at improbable.core.config.flagz.FlagzFieldRegistryUpdater.listAndWatch(FlagzFieldRegistryUpdater.java:130) ~[fabric__runtime_deploy.jar:na]
	at improbable.common.async.FabricListeningExecutorService.lambda$instrumentRunnable$0(FabricListeningExecutorService.java:133) ~[fabric__runtime_deploy.jar:na]
	at java.util.concurrent.Executors$RunnableAdapter.call(Executors.java:511) ~[na:1.8.0_151]
	at com.google.common.util.concurrent.TrustedListenableFutureTask$TrustedFutureInterruptibleTask.runInterruptibly(TrustedListenableFutureTask.java:111) ~[fabric__runtime_deploy.jar:na]
	at com.google.common.util.concurrent.InterruptibleTask.run(InterruptibleTask.java:58) ~[fabric__runtime_deploy.jar:na]
	at com.google.common.util.concurrent.TrustedListenableFutureTask.run(TrustedListenableFutureTask.java:75) ~[fabric__runtime_deploy.jar:na]
	at java.util.concurrent.Executors$RunnableAdapter.call(Executors.java:511) ~[na:1.8.0_151]
	at java.util.concurrent.FutureTask.run(FutureTask.java:266) ~[na:1.8.0_151]
	at java.util.concurrent.ScheduledThreadPoolExecutor$ScheduledFutureTask.access$201(ScheduledThreadPoolExecutor.java:180) ~[na:1.8.0_151]
	at java.util.concurrent.ScheduledThreadPoolExecutor$ScheduledFutureTask.run(ScheduledThreadPoolExecutor.java:293) ~[na:1.8.0_151]
	at java.util.concurrent.ThreadPoolExecutor.runWorker(ThreadPoolExecutor.java:1149) ~[na:1.8.0_151]
	at java.util.concurrent.ThreadPoolExecutor$Worker.run(ThreadPoolExecutor.java:624) ~[na:1.8.0_151]
	at java.lang.Thread.run(Thread.java:748) ~[na:1.8.0_151]
Caused by: io.grpc.StatusRuntimeException: UNKNOWN
	at io.grpc.Status.asRuntimeException(Status.java:543) ~[fabric__runtime_deploy.jar:na]
	at io.grpc.stub.ClientCalls$UnaryStreamToFuture.onClose(ClientCalls.java:442) ~[fabric__runtime_deploy.jar:na]
	at io.grpc.ForwardingClientCallListener.onClose(ForwardingClientCallListener.java:56) ~[fabric__runtime_deploy.jar:na]
	at me.dinowernli.grpc.prometheus.MonitoringClientCallListener.onClose(MonitoringClientCallListener.java:50) ~[fabric__runtime_deploy.jar:na]
	at io.grpc.ClientInterceptors$CheckedForwardingClientCall.start(ClientInterceptors.java:202) ~[fabric__runtime_deploy.jar:na]
	at io.grpc.ForwardingClientCall.start(ForwardingClientCall.java:47) ~[fabric__runtime_deploy.jar:na]
	at me.dinowernli.grpc.prometheus.MonitoringClientCall.start(MonitoringClientCall.java:36) ~[fabric__runtime_deploy.jar:na]
	at io.grpc.stub.ClientCalls.startCall(ClientCalls.java:276) ~[fabric__runtime_deploy.jar:na]
	at io.grpc.stub.ClientCalls.asyncUnaryRequestCall(ClientCalls.java:252) ~[fabric__runtime_deploy.jar:na]
	at io.grpc.stub.ClientCalls.futureUnaryCall(ClientCalls.java:186) ~[fabric__runtime_deploy.jar:na]
	at improbable.platform.inner.config.FabricFlagzServiceGrpc$FabricFlagzServiceFutureStub.list(FabricFlagzServiceGrpc.java:243) ~[fabric__runtime_deploy.jar:na]
	at improbable.core.config.flagz.FlagzFieldRegistryUpdater.listAndWatch(FlagzFieldRegistryUpdater.java:129) ~[fabric__runtime_deploy.jar:na]
	... 12 common frames omitted
Caused by: java.lang.RuntimeException: Failed to refresh access token with token endpoint url: http://127.0.0.1:21000/auth/v1/token
	at improbable.core.io.ServiceAccountOAuth2Credentials.refreshAccessToken(ServiceAccountOAuth2Credentials.scala:59) ~[fabric__runtime_deploy.jar:na]
	at com.google.auth.oauth2.OAuth2Credentials.refresh(OAuth2Credentials.java:97) ~[fabric__runtime_deploy.jar:na]
	at com.google.auth.oauth2.OAuth2Credentials.getRequestMetadata(OAuth2Credentials.java:74) ~[fabric__runtime_deploy.jar:na]
	at io.grpc.auth.ClientAuthInterceptor.getRequestMetadata(ClientAuthInterceptor.java:148) ~[fabric__runtime_deploy.jar:na]
	at io.grpc.auth.ClientAuthInterceptor.access$100(ClientAuthInterceptor.java:62) ~[fabric__runtime_deploy.jar:na]
	at io.grpc.auth.ClientAuthInterceptor$1.checkedStart(ClientAuthInterceptor.java:94) ~[fabric__runtime_deploy.jar:na]
	at io.grpc.ClientInterceptors$CheckedForwardingClientCall.start(ClientInterceptors.java:194) ~[fabric__runtime_deploy.jar:na]
	... 19 common frames omitted
Caused by: java.net.ConnectException: Connection refused: connect
	at java.net.DualStackPlainSocketImpl.waitForConnect(Native Method) ~[na:1.8.0_151]
	at java.net.DualStackPlainSocketImpl.socketConnect(DualStackPlainSocketImpl.java:85) ~[na:1.8.0_151]
	at java.net.AbstractPlainSocketImpl.doConnect(AbstractPlainSocketImpl.java:350) ~[na:1.8.0_151]
	at java.net.AbstractPlainSocketImpl.connectToAddress(AbstractPlainSocketImpl.java:206) ~[na:1.8.0_151]
	at java.net.AbstractPlainSocketImpl.connect(AbstractPlainSocketImpl.java:188) ~[na:1.8.0_151]
	at java.net.PlainSocketImpl.connect(PlainSocketImpl.java:172) ~[na:1.8.0_151]
	at java.net.SocksSocketImpl.connect(SocksSocketImpl.java:392) ~[na:1.8.0_151]
	at java.net.Socket.connect(Socket.java:589) ~[na:1.8.0_151]
	at sun.net.NetworkClient.doConnect(NetworkClient.java:175) ~[na:1.8.0_151]
	at sun.net.www.http.HttpClient.openServer(HttpClient.java:463) ~[na:1.8.0_151]
	at sun.net.www.http.HttpClient.openServer(HttpClient.java:558) ~[na:1.8.0_151]
	at sun.net.www.http.HttpClient.<init>(HttpClient.java:242) ~[na:1.8.0_151]
	at sun.net.www.http.HttpClient.New(HttpClient.java:339) ~[na:1.8.0_151]
	at sun.net.www.http.HttpClient.New(HttpClient.java:357) ~[na:1.8.0_151]
	at sun.net.www.protocol.http.HttpURLConnection.getNewHttpClient(HttpURLConnection.java:1220) ~[na:1.8.0_151]
	at sun.net.www.protocol.http.HttpURLConnection.plainConnect0(HttpURLConnection.java:1156) ~[na:1.8.0_151]
	at sun.net.www.protocol.http.HttpURLConnection.plainConnect(HttpURLConnection.java:1050) ~[na:1.8.0_151]
	at sun.net.www.protocol.http.HttpURLConnection.connect(HttpURLConnection.java:984) ~[na:1.8.0_151]
	at sun.net.www.protocol.http.HttpURLConnection.getOutputStream0(HttpURLConnection.java:1334) ~[na:1.8.0_151]
	at sun.net.www.protocol.http.HttpURLConnection.getOutputStream(HttpURLConnection.java:1309) ~[na:1.8.0_151]
	at com.google.api.client.http.javanet.NetHttpRequest.execute(NetHttpRequest.java:77) ~[fabric__runtime_deploy.jar:na]
	at com.google.api.client.http.HttpRequest.execute(HttpRequest.java:972) ~[fabric__runtime_deploy.jar:na]
	at com.google.api.client.auth.oauth2.TokenRequest.executeUnparsed(TokenRequest.java:283) ~[fabric__runtime_deploy.jar:na]
	at com.google.api.client.auth.oauth2.TokenRequest.execute(TokenRequest.java:307) ~[fabric__runtime_deploy.jar:na]
	at improbable.core.io.ServiceAccountOAuth2Credentials.refreshAccessToken(ServiceAccountOAuth2Credentials.scala:48) ~[fabric__runtime_deploy.jar:na]
	... 25 common frames omitted
2017-11-23 20:11:42,165 INFO  [i.c.c.f.FlagzFieldRegistryUpdater] [] [] [] : Exponential backoff of 7 seconds after retry 4 of refreshing Fabric flagz.
2017-11-23 20:11:50,168 ERROR [i.c.i.ServiceAccountOAuth2Credentials] [] [] [] : SpatialOS-internal error: Failed to refresh access token with token endpoint url: http://127.0.0.1:21000/auth/v1/token
java.net.ConnectException: Connection refused: connect
	at java.net.DualStackPlainSocketImpl.waitForConnect(Native Method) ~[na:1.8.0_151]
	at java.net.DualStackPlainSocketImpl.socketConnect(DualStackPlainSocketImpl.java:85) ~[na:1.8.0_151]
	at java.net.AbstractPlainSocketImpl.doConnect(AbstractPlainSocketImpl.java:350) ~[na:1.8.0_151]
	at java.net.AbstractPlainSocketImpl.connectToAddress(AbstractPlainSocketImpl.java:206) ~[na:1.8.0_151]
	at java.net.AbstractPlainSocketImpl.connect(AbstractPlainSocketImpl.java:188) ~[na:1.8.0_151]
	at java.net.PlainSocketImpl.connect(PlainSocketImpl.java:172) ~[na:1.8.0_151]
	at java.net.SocksSocketImpl.connect(SocksSocketImpl.java:392) ~[na:1.8.0_151]
	at java.net.Socket.connect(Socket.java:589) ~[na:1.8.0_151]
	at sun.net.NetworkClient.doConnect(NetworkClient.java:175) ~[na:1.8.0_151]
	at sun.net.www.http.HttpClient.openServer(HttpClient.java:463) ~[na:1.8.0_151]
	at sun.net.www.http.HttpClient.openServer(HttpClient.java:558) ~[na:1.8.0_151]
	at sun.net.www.http.HttpClient.<init>(HttpClient.java:242) ~[na:1.8.0_151]
	at sun.net.www.http.HttpClient.New(HttpClient.java:339) ~[na:1.8.0_151]
	at sun.net.www.http.HttpClient.New(HttpClient.java:357) ~[na:1.8.0_151]
	at sun.net.www.protocol.http.HttpURLConnection.getNewHttpClient(HttpURLConnection.java:1220) ~[na:1.8.0_151]
	at sun.net.www.protocol.http.HttpURLConnection.plainConnect0(HttpURLConnection.java:1156) ~[na:1.8.0_151]
	at sun.net.www.protocol.http.HttpURLConnection.plainConnect(HttpURLConnection.java:1050) ~[na:1.8.0_151]
	at sun.net.www.protocol.http.HttpURLConnection.connect(HttpURLConnection.java:984) ~[na:1.8.0_151]
	at sun.net.www.protocol.http.HttpURLConnection.getOutputStream0(HttpURLConnection.java:1334) ~[na:1.8.0_151]
	at sun.net.www.protocol.http.HttpURLConnection.getOutputStream(HttpURLConnection.java:1309) ~[na:1.8.0_151]
	at com.google.api.client.http.javanet.NetHttpRequest.execute(NetHttpRequest.java:77) ~[fabric__runtime_deploy.jar:na]
	at com.google.api.client.http.HttpRequest.execute(HttpRequest.java:972) ~[fabric__runtime_deploy.jar:na]
	at com.google.api.client.auth.oauth2.TokenRequest.executeUnparsed(TokenRequest.java:283) ~[fabric__runtime_deploy.jar:na]
	at com.google.api.client.auth.oauth2.TokenRequest.execute(TokenRequest.java:307) ~[fabric__runtime_deploy.jar:na]
	at improbable.core.io.ServiceAccountOAuth2Credentials.refreshAccessToken(ServiceAccountOAuth2Credentials.scala:48) ~[fabric__runtime_deploy.jar:na]
	at com.google.auth.oauth2.OAuth2Credentials.refresh(OAuth2Credentials.java:97) [fabric__runtime_deploy.jar:na]
	at com.google.auth.oauth2.OAuth2Credentials.getRequestMetadata(OAuth2Credentials.java:74) [fabric__runtime_deploy.jar:na]
	at io.grpc.auth.ClientAuthInterceptor.getRequestMetadata(ClientAuthInterceptor.java:148) [fabric__runtime_deploy.jar:na]
	at io.grpc.auth.ClientAuthInterceptor.access$100(ClientAuthInterceptor.java:62) [fabric__runtime_deploy.jar:na]
	at io.grpc.auth.ClientAuthInterceptor$1.checkedStart(ClientAuthInterceptor.java:94) [fabric__runtime_deploy.jar:na]
	at io.grpc.ClientInterceptors$CheckedForwardingClientCall.start(ClientInterceptors.java:194) [fabric__runtime_deploy.jar:na]
	at io.grpc.ForwardingClientCall.start(ForwardingClientCall.java:47) [fabric__runtime_deploy.jar:na]
	at me.dinowernli.grpc.prometheus.MonitoringClientCall.start(MonitoringClientCall.java:36) [fabric__runtime_deploy.jar:na]
	at io.grpc.stub.ClientCalls.startCall(ClientCalls.java:276) [fabric__runtime_deploy.jar:na]
	at io.grpc.stub.ClientCalls.asyncUnaryRequestCall(ClientCalls.java:252) [fabric__runtime_deploy.jar:na]
	at io.grpc.stub.ClientCalls.futureUnaryCall(ClientCalls.java:186) [fabric__runtime_deploy.jar:na]
	at improbable.platform.inner.config.FabricFlagzServiceGrpc$FabricFlagzServiceFutureStub.list(FabricFlagzServiceGrpc.java:243) [fabric__runtime_deploy.jar:na]
	at improbable.core.config.flagz.FlagzFieldRegistryUpdater.listAndWatch(FlagzFieldRegistryUpdater.java:129) [fabric__runtime_deploy.jar:na]
	at improbable.common.async.FabricListeningExecutorService.lambda$instrumentRunnable$0(FabricListeningExecutorService.java:133) ~[fabric__runtime_deploy.jar:na]
	at java.util.concurrent.Executors$RunnableAdapter.call(Executors.java:511) ~[na:1.8.0_151]
	at com.google.common.util.concurrent.TrustedListenableFutureTask$TrustedFutureInterruptibleTask.runInterruptibly(TrustedListenableFutureTask.java:111) ~[fabric__runtime_deploy.jar:na]
	at com.google.common.util.concurrent.InterruptibleTask.run(InterruptibleTask.java:58) ~[fabric__runtime_deploy.jar:na]
	at com.google.common.util.concurrent.TrustedListenableFutureTask.run(TrustedListenableFutureTask.java:75) ~[fabric__runtime_deploy.jar:na]
	at java.util.concurrent.Executors$RunnableAdapter.call(Executors.java:511) ~[na:1.8.0_151]
	at java.util.concurrent.FutureTask.run(FutureTask.java:266) ~[na:1.8.0_151]
	at java.util.concurrent.ScheduledThreadPoolExecutor$ScheduledFutureTask.access$201(ScheduledThreadPoolExecutor.java:180) ~[na:1.8.0_151]
	at java.util.concurrent.ScheduledThreadPoolExecutor$ScheduledFutureTask.run(ScheduledThreadPoolExecutor.java:293) ~[na:1.8.0_151]
	at java.util.concurrent.ThreadPoolExecutor.runWorker(ThreadPoolExecutor.java:1149) ~[na:1.8.0_151]
	at java.util.concurrent.ThreadPoolExecutor$Worker.run(ThreadPoolExecutor.java:624) ~[na:1.8.0_151]
	at java.lang.Thread.run(Thread.java:748) ~[na:1.8.0_151]
2017-11-23 20:11:50,170 WARN  [i.c.c.f.FlagzFieldRegistryUpdater] [] [] [] : Failed to list Fabric flagz.
java.util.concurrent.ExecutionException: io.grpc.StatusRuntimeException: UNKNOWN
	at com.google.common.util.concurrent.AbstractFuture.getDoneValue(AbstractFuture.java:503) ~[fabric__runtime_deploy.jar:na]
	at com.google.common.util.concurrent.AbstractFuture.get(AbstractFuture.java:462) ~[fabric__runtime_deploy.jar:na]
	at improbable.core.config.flagz.FlagzFieldRegistryUpdater.listAndWatch(FlagzFieldRegistryUpdater.java:130) ~[fabric__runtime_deploy.jar:na]
	at improbable.common.async.FabricListeningExecutorService.lambda$instrumentRunnable$0(FabricListeningExecutorService.java:133) ~[fabric__runtime_deploy.jar:na]
	at java.util.concurrent.Executors$RunnableAdapter.call(Executors.java:511) ~[na:1.8.0_151]
	at com.google.common.util.concurrent.TrustedListenableFutureTask$TrustedFutureInterruptibleTask.runInterruptibly(TrustedListenableFutureTask.java:111) ~[fabric__runtime_deploy.jar:na]
	at com.google.common.util.concurrent.InterruptibleTask.run(InterruptibleTask.java:58) ~[fabric__runtime_deploy.jar:na]
	at com.google.common.util.concurrent.TrustedListenableFutureTask.run(TrustedListenableFutureTask.java:75) ~[fabric__runtime_deploy.jar:na]
	at java.util.concurrent.Executors$RunnableAdapter.call(Executors.java:511) ~[na:1.8.0_151]
	at java.util.concurrent.FutureTask.run(FutureTask.java:266) ~[na:1.8.0_151]
	at java.util.concurrent.ScheduledThreadPoolExecutor$ScheduledFutureTask.access$201(ScheduledThreadPoolExecutor.java:180) ~[na:1.8.0_151]
	at java.util.concurrent.ScheduledThreadPoolExecutor$ScheduledFutureTask.run(ScheduledThreadPoolExecutor.java:293) ~[na:1.8.0_151]
	at java.util.concurrent.ThreadPoolExecutor.runWorker(ThreadPoolExecutor.java:1149) ~[na:1.8.0_151]
	at java.util.concurrent.ThreadPoolExecutor$Worker.run(ThreadPoolExecutor.java:624) ~[na:1.8.0_151]
	at java.lang.Thread.run(Thread.java:748) ~[na:1.8.0_151]
Caused by: io.grpc.StatusRuntimeException: UNKNOWN
	at io.grpc.Status.asRuntimeException(Status.java:543) ~[fabric__runtime_deploy.jar:na]
	at io.grpc.stub.ClientCalls$UnaryStreamToFuture.onClose(ClientCalls.java:442) ~[fabric__runtime_deploy.jar:na]
	at io.grpc.ForwardingClientCallListener.onClose(ForwardingClientCallListener.java:56) ~[fabric__runtime_deploy.jar:na]
	at me.dinowernli.grpc.prometheus.MonitoringClientCallListener.onClose(MonitoringClientCallListener.java:50) ~[fabric__runtime_deploy.jar:na]
	at io.grpc.ClientInterceptors$CheckedForwardingClientCall.start(ClientInterceptors.java:202) ~[fabric__runtime_deploy.jar:na]
	at io.grpc.ForwardingClientCall.start(ForwardingClientCall.java:47) ~[fabric__runtime_deploy.jar:na]
	at me.dinowernli.grpc.prometheus.MonitoringClientCall.start(MonitoringClientCall.java:36) ~[fabric__runtime_deploy.jar:na]
	at io.grpc.stub.ClientCalls.startCall(ClientCalls.java:276) ~[fabric__runtime_deploy.jar:na]
	at io.grpc.stub.ClientCalls.asyncUnaryRequestCall(ClientCalls.java:252) ~[fabric__runtime_deploy.jar:na]
	at io.grpc.stub.ClientCalls.futureUnaryCall(ClientCalls.java:186) ~[fabric__runtime_deploy.jar:na]
	at improbable.platform.inner.config.FabricFlagzServiceGrpc$FabricFlagzServiceFutureStub.list(FabricFlagzServiceGrpc.java:243) ~[fabric__runtime_deploy.jar:na]
	at improbable.core.config.flagz.FlagzFieldRegistryUpdater.listAndWatch(FlagzFieldRegistryUpdater.java:129) ~[fabric__runtime_deploy.jar:na]
	... 12 common frames omitted
Caused by: java.lang.RuntimeException: Failed to refresh access token with token endpoint url: http://127.0.0.1:21000/auth/v1/token
	at improbable.core.io.ServiceAccountOAuth2Credentials.refreshAccessToken(ServiceAccountOAuth2Credentials.scala:59) ~[fabric__runtime_deploy.jar:na]
	at com.google.auth.oauth2.OAuth2Credentials.refresh(OAuth2Credentials.java:97) ~[fabric__runtime_deploy.jar:na]
	at com.google.auth.oauth2.OAuth2Credentials.getRequestMetadata(OAuth2Credentials.java:74) ~[fabric__runtime_deploy.jar:na]
	at io.grpc.auth.ClientAuthInterceptor.getRequestMetadata(ClientAuthInterceptor.java:148) ~[fabric__runtime_deploy.jar:na]
	at io.grpc.auth.ClientAuthInterceptor.access$100(ClientAuthInterceptor.java:62) ~[fabric__runtime_deploy.jar:na]
	at io.grpc.auth.ClientAuthInterceptor$1.checkedStart(ClientAuthInterceptor.java:94) ~[fabric__runtime_deploy.jar:na]
	at io.grpc.ClientInterceptors$CheckedForwardingClientCall.start(ClientInterceptors.java:194) ~[fabric__runtime_deploy.jar:na]
	... 19 common frames omitted
Caused by: java.net.ConnectException: Connection refused: connect
	at java.net.DualStackPlainSocketImpl.waitForConnect(Native Method) ~[na:1.8.0_151]
	at java.net.DualStackPlainSocketImpl.socketConnect(DualStackPlainSocketImpl.java:85) ~[na:1.8.0_151]
	at java.net.AbstractPlainSocketImpl.doConnect(AbstractPlainSocketImpl.java:350) ~[na:1.8.0_151]
	at java.net.AbstractPlainSocketImpl.connectToAddress(AbstractPlainSocketImpl.java:206) ~[na:1.8.0_151]
	at java.net.AbstractPlainSocketImpl.connect(AbstractPlainSocketImpl.java:188) ~[na:1.8.0_151]
	at java.net.PlainSocketImpl.connect(PlainSocketImpl.java:172) ~[na:1.8.0_151]
	at java.net.SocksSocketImpl.connect(SocksSocketImpl.java:392) ~[na:1.8.0_151]
	at java.net.Socket.connect(Socket.java:589) ~[na:1.8.0_151]
	at sun.net.NetworkClient.doConnect(NetworkClient.java:175) ~[na:1.8.0_151]
	at sun.net.www.http.HttpClient.openServer(HttpClient.java:463) ~[na:1.8.0_151]
	at sun.net.www.http.HttpClient.openServer(HttpClient.java:558) ~[na:1.8.0_151]
	at sun.net.www.http.HttpClient.<init>(HttpClient.java:242) ~[na:1.8.0_151]
	at sun.net.www.http.HttpClient.New(HttpClient.java:339) ~[na:1.8.0_151]
	at sun.net.www.http.HttpClient.New(HttpClient.java:357) ~[na:1.8.0_151]
	at sun.net.www.protocol.http.HttpURLConnection.getNewHttpClient(HttpURLConnection.java:1220) ~[na:1.8.0_151]
	at sun.net.www.protocol.http.HttpURLConnection.plainConnect0(HttpURLConnection.java:1156) ~[na:1.8.0_151]
	at sun.net.www.protocol.http.HttpURLConnection.plainConnect(HttpURLConnection.java:1050) ~[na:1.8.0_151]
	at sun.net.www.protocol.http.HttpURLConnection.connect(HttpURLConnection.java:984) ~[na:1.8.0_151]
	at sun.net.www.protocol.http.HttpURLConnection.getOutputStream0(HttpURLConnection.java:1334) ~[na:1.8.0_151]
	at sun.net.www.protocol.http.HttpURLConnection.getOutputStream(HttpURLConnection.java:1309) ~[na:1.8.0_151]
	at com.google.api.client.http.javanet.NetHttpRequest.execute(NetHttpRequest.java:77) ~[fabric__runtime_deploy.jar:na]
	at com.google.api.client.http.HttpRequest.execute(HttpRequest.java:972) ~[fabric__runtime_deploy.jar:na]
	at com.google.api.client.auth.oauth2.TokenRequest.executeUnparsed(TokenRequest.java:283) ~[fabric__runtime_deploy.jar:na]
	at com.google.api.client.auth.oauth2.TokenRequest.execute(TokenRequest.java:307) ~[fabric__runtime_deploy.jar:na]
	at improbable.core.io.ServiceAccountOAuth2Credentials.refreshAccessToken(ServiceAccountOAuth2Credentials.scala:48) ~[fabric__runtime_deploy.jar:na]
	... 25 common frames omitted
2017-11-23 20:11:50,171 INFO  [i.c.c.f.FlagzFieldRegistryUpdater] [] [] [] : Exponential backoff of 15 seconds after retry 5 of refreshing Fabric flagz.
