Initialize engine version: 5.6.0f3 (497a0f351392)
Forcing GfxDevice: Null
NullGfxDevice:
    Version:  NULL 1.0 [1.0]
    Renderer: Null Device
    Vendor:   Unity Technologies
Begin MonoManager ReloadAssembly
Platform assembly: C:\Users\Erasmo\AppData\Local\Temp\zip-downloader2152662961961900217\eb6fe1e7889e11f3621e2fdabe91af3f\UnityWorker@Windows_Data\Managed\UnityEngine.dll (this message is harmless)
Loading C:\Users\Erasmo\AppData\Local\Temp\zip-downloader2152662961961900217\eb6fe1e7889e11f3621e2fdabe91af3f\UnityWorker@Windows_Data\Managed\UnityEngine.dll into Unity Child Domain
Platform assembly: C:\Users\Erasmo\AppData\Local\Temp\zip-downloader2152662961961900217\eb6fe1e7889e11f3621e2fdabe91af3f\UnityWorker@Windows_Data\Managed\Assembly-CSharp-firstpass.dll (this message is harmless)
Loading C:\Users\Erasmo\AppData\Local\Temp\zip-downloader2152662961961900217\eb6fe1e7889e11f3621e2fdabe91af3f\UnityWorker@Windows_Data\Managed\Assembly-CSharp-firstpass.dll into Unity Child Domain
Platform assembly: C:\Users\Erasmo\AppData\Local\Temp\zip-downloader2152662961961900217\eb6fe1e7889e11f3621e2fdabe91af3f\UnityWorker@Windows_Data\Managed\Assembly-CSharp.dll (this message is harmless)
Loading C:\Users\Erasmo\AppData\Local\Temp\zip-downloader2152662961961900217\eb6fe1e7889e11f3621e2fdabe91af3f\UnityWorker@Windows_Data\Managed\Assembly-CSharp.dll into Unity Child Domain
Platform assembly: C:\Users\Erasmo\AppData\Local\Temp\zip-downloader2152662961961900217\eb6fe1e7889e11f3621e2fdabe91af3f\UnityWorker@Windows_Data\Managed\UnityEngine.UI.dll (this message is harmless)
Loading C:\Users\Erasmo\AppData\Local\Temp\zip-downloader2152662961961900217\eb6fe1e7889e11f3621e2fdabe91af3f\UnityWorker@Windows_Data\Managed\UnityEngine.UI.dll into Unity Child Domain
Platform assembly: C:\Users\Erasmo\AppData\Local\Temp\zip-downloader2152662961961900217\eb6fe1e7889e11f3621e2fdabe91af3f\UnityWorker@Windows_Data\Managed\UnityEngine.Networking.dll (this message is harmless)
Loading C:\Users\Erasmo\AppData\Local\Temp\zip-downloader2152662961961900217\eb6fe1e7889e11f3621e2fdabe91af3f\UnityWorker@Windows_Data\Managed\UnityEngine.Networking.dll into Unity Child Domain
Platform assembly: C:\Users\Erasmo\AppData\Local\Temp\zip-downloader2152662961961900217\eb6fe1e7889e11f3621e2fdabe91af3f\UnityWorker@Windows_Data\Managed\Generated.Code.dll (this message is harmless)
Loading C:\Users\Erasmo\AppData\Local\Temp\zip-downloader2152662961961900217\eb6fe1e7889e11f3621e2fdabe91af3f\UnityWorker@Windows_Data\Managed\Generated.Code.dll into Unity Child Domain
Platform assembly: C:\Users\Erasmo\AppData\Local\Temp\zip-downloader2152662961961900217\eb6fe1e7889e11f3621e2fdabe91af3f\UnityWorker@Windows_Data\Managed\Improbable.WorkerSdkCsharp.dll (this message is harmless)
Loading C:\Users\Erasmo\AppData\Local\Temp\zip-downloader2152662961961900217\eb6fe1e7889e11f3621e2fdabe91af3f\UnityWorker@Windows_Data\Managed\Improbable.WorkerSdkCsharp.dll into Unity Child Domain
Platform assembly: C:\Users\Erasmo\AppData\Local\Temp\zip-downloader2152662961961900217\eb6fe1e7889e11f3621e2fdabe91af3f\UnityWorker@Windows_Data\Managed\Improbable.WorkerSdkCsharp.Framework.dll (this message is harmless)
Loading C:\Users\Erasmo\AppData\Local\Temp\zip-downloader2152662961961900217\eb6fe1e7889e11f3621e2fdabe91af3f\UnityWorker@Windows_Data\Managed\Improbable.WorkerSdkCsharp.Framework.dll into Unity Child Domain
Platform assembly: C:\Users\Erasmo\AppData\Local\Temp\zip-downloader2152662961961900217\eb6fe1e7889e11f3621e2fdabe91af3f\UnityWorker@Windows_Data\Managed\System.Threading.dll (this message is harmless)
Loading C:\Users\Erasmo\AppData\Local\Temp\zip-downloader2152662961961900217\eb6fe1e7889e11f3621e2fdabe91af3f\UnityWorker@Windows_Data\Managed\System.Threading.dll into Unity Child Domain
Platform assembly: C:\Users\Erasmo\AppData\Local\Temp\zip-downloader2152662961961900217\eb6fe1e7889e11f3621e2fdabe91af3f\UnityWorker@Windows_Data\Managed\Improbable.UnityDll.dll (this message is harmless)
Loading C:\Users\Erasmo\AppData\Local\Temp\zip-downloader2152662961961900217\eb6fe1e7889e11f3621e2fdabe91af3f\UnityWorker@Windows_Data\Managed\Improbable.UnityDll.dll into Unity Child Domain
- Completed reload, in  0.085 seconds
Platform assembly: C:\Users\Erasmo\AppData\Local\Temp\zip-downloader2152662961961900217\eb6fe1e7889e11f3621e2fdabe91af3f\UnityWorker@Windows_Data\Managed\System.Core.dll (this message is harmless)
Platform assembly: C:\Users\Erasmo\AppData\Local\Temp\zip-downloader2152662961961900217\eb6fe1e7889e11f3621e2fdabe91af3f\UnityWorker@Windows_Data\Managed\System.dll (this message is harmless)
UnloadTime: 2.548162 ms
Scene 'SplashScreen' couldn't be loaded because it has not been added to the build settings or the AssetBundle has not been loaded.
To add a scene to the build settings use the menu File->Build Settings...
 
(Filename:  Line: 137)

Command line C:\Users\Erasmo\AppData\Local\Temp\zip-downloader2152662961961900217\eb6fe1e7889e11f3621e2fdabe91af3f\UnityWorker@Windows.exe +projectName beta_oscar_bacon_891 +receptionistIp 127.0.0.1 +receptionistPort 7777 +workerType UnityWorker +workerId UnityWorker0 +useInternalIpForBridge true +infraServicesUrl http://127.0.0.1:21000 +assemblyName local_assembly +linkProtocol RakNet -logfile C:\Users\Erasmo\Documents\GitHub\Game\logs\2017-11-29_14-40-37_0\workers\UnityWorker\UnityWorker0-5280386436100559767.log -batchmode -nographics
 
(Filename: C:/buildslave/unity/build/artifacts/generated/common/runtime/DebugBindings.gen.cpp Line: 51)

WorkerConfiguration settings
AppName = 
ProjectName = beta_oscar_bacon_891
AssemblyName = local_assembly
DeploymentId = 
DeploymentTag = prod
EngineId = UnityWorker0
EnginePlatform = UnityWorker
WorkerId = UnityWorker0
WorkerPlatform = UnityWorker
EntityCreationLimitPerFrame = 100
InfraServiceUrl = http://127.0.0.1:21000
LocatorHost = locator.improbable.io
ReceptionistHost = 127.0.0.1
ReceptionistPort = 7777
LinkProtocol = RakNet
LoginToken = 
ProtocolLoggingOnStartup = False
ProtocolLogPrefix = protocol-
ProtocolLogMaxFileBytes = 104857600
RaknetHeartbeatTimeoutMillis = 60000
ReceiveQueueCapacity = 32768
SendQueueCapacity = 16384
ShowDebugTraces = False
SteamToken = 
TcpMultiplexLevel = 32
UseInstrumentation = True
UsePerInstanceAssetCache = True
UsePrefabPooling = False
LogDebugToSpatialOs = False
LogAssertToSpatialOs = False
LogWarningToSpatialOs = True
LogErrorToSpatialOs = True
LogExceptionToSpatialOs = True

 
(Filename: C:/buildslave/unity/build/artifacts/generated/common/runtime/DebugBindings.gen.cpp Line: 51)

Platform assembly: C:\Users\Erasmo\AppData\Local\Temp\zip-downloader2152662961961900217\eb6fe1e7889e11f3621e2fdabe91af3f\UnityWorker@Windows_Data\Managed\Mono.Security.dll (this message is harmless)
Platform assembly: C:\Users\Erasmo\AppData\Local\Temp\zip-downloader2152662961961900217\eb6fe1e7889e11f3621e2fdabe91af3f\UnityWorker@Windows_Data\Managed\System.Configuration.dll (this message is harmless)
Platform assembly: C:\Users\Erasmo\AppData\Local\Temp\zip-downloader2152662961961900217\eb6fe1e7889e11f3621e2fdabe91af3f\UnityWorker@Windows_Data\Managed\System.Xml.dll (this message is harmless)
Setting up 2 worker threads for Enlighten.
  Thread -> id: 21d8 -> priority: 1 
  Thread -> id: 12a0 -> priority: 1 
Look rotation viewing vector is zero
 
(Filename:  Line: 92)

AwardPoints command succeeded. Points awarded: 1
 
(Filename: C:/buildslave/unity/build/artifacts/generated/common/runtime/DebugBindings.gen.cpp Line: 51)

Incoming command request with ID 73 to entity ID 12 and component ID 1003 was not handled by the worker within the given timeout.
 
(Filename: C:/buildslave/unity/build/artifacts/generated/common/runtime/DebugBindings.gen.cpp Line: 51)

